[2024-10-14T02:26:55.239+0000] {processor.py:186} INFO - Started process (PID=112) to work on /home/airflow/.local/lib/python3.12/site-packages/airflow/example_dags/example_dataset_alias.py
[2024-10-14T02:26:55.240+0000] {processor.py:914} INFO - Processing file /home/airflow/.local/lib/python3.12/site-packages/airflow/example_dags/example_dataset_alias.py for tasks to queue
[2024-10-14T02:26:55.243+0000] {logging_mixin.py:190} INFO - [2024-10-14T02:26:55.242+0000] {dagbag.py:588} INFO - Filling up the DagBag from /home/airflow/.local/lib/python3.12/site-packages/airflow/example_dags/example_dataset_alias.py
[2024-10-14T02:26:55.393+0000] {processor.py:925} INFO - DAG(s) 'dataset_alias_example_alias_producer', 'dataset_s3_bucket_consumer', 'dataset_s3_bucket_producer', 'dataset_alias_example_alias_consumer' retrieved from /home/airflow/.local/lib/python3.12/site-packages/airflow/example_dags/example_dataset_alias.py
[2024-10-14T02:26:55.501+0000] {logging_mixin.py:190} INFO - [2024-10-14T02:26:55.501+0000] {override.py:1900} INFO - Created Permission View: can delete on DAG:dataset_alias_example_alias_producer
[2024-10-14T02:26:55.512+0000] {logging_mixin.py:190} INFO - [2024-10-14T02:26:55.512+0000] {override.py:1900} INFO - Created Permission View: can edit on DAG:dataset_alias_example_alias_producer
[2024-10-14T02:26:55.520+0000] {logging_mixin.py:190} INFO - [2024-10-14T02:26:55.520+0000] {override.py:1900} INFO - Created Permission View: can read on DAG:dataset_alias_example_alias_producer
[2024-10-14T02:26:55.528+0000] {logging_mixin.py:190} INFO - [2024-10-14T02:26:55.528+0000] {override.py:1900} INFO - Created Permission View: can delete on DAG Run:dataset_alias_example_alias_producer
[2024-10-14T02:26:55.536+0000] {logging_mixin.py:190} INFO - [2024-10-14T02:26:55.535+0000] {override.py:1900} INFO - Created Permission View: can create on DAG Run:dataset_alias_example_alias_producer
[2024-10-14T02:26:55.542+0000] {logging_mixin.py:190} INFO - [2024-10-14T02:26:55.542+0000] {override.py:1900} INFO - Created Permission View: menu access on DAG Run:dataset_alias_example_alias_producer
[2024-10-14T02:26:55.550+0000] {logging_mixin.py:190} INFO - [2024-10-14T02:26:55.549+0000] {override.py:1900} INFO - Created Permission View: can read on DAG Run:dataset_alias_example_alias_producer
[2024-10-14T02:26:55.564+0000] {logging_mixin.py:190} INFO - [2024-10-14T02:26:55.563+0000] {override.py:1900} INFO - Created Permission View: can delete on DAG:dataset_s3_bucket_consumer
[2024-10-14T02:26:55.571+0000] {logging_mixin.py:190} INFO - [2024-10-14T02:26:55.571+0000] {override.py:1900} INFO - Created Permission View: can edit on DAG:dataset_s3_bucket_consumer
[2024-10-14T02:26:55.578+0000] {logging_mixin.py:190} INFO - [2024-10-14T02:26:55.578+0000] {override.py:1900} INFO - Created Permission View: can read on DAG:dataset_s3_bucket_consumer
[2024-10-14T02:26:55.589+0000] {logging_mixin.py:190} INFO - [2024-10-14T02:26:55.589+0000] {override.py:1900} INFO - Created Permission View: can delete on DAG Run:dataset_s3_bucket_consumer
[2024-10-14T02:26:55.598+0000] {logging_mixin.py:190} INFO - [2024-10-14T02:26:55.598+0000] {override.py:1900} INFO - Created Permission View: can create on DAG Run:dataset_s3_bucket_consumer
[2024-10-14T02:26:55.606+0000] {logging_mixin.py:190} INFO - [2024-10-14T02:26:55.605+0000] {override.py:1900} INFO - Created Permission View: menu access on DAG Run:dataset_s3_bucket_consumer
[2024-10-14T02:26:55.612+0000] {logging_mixin.py:190} INFO - [2024-10-14T02:26:55.612+0000] {override.py:1900} INFO - Created Permission View: can read on DAG Run:dataset_s3_bucket_consumer
[2024-10-14T02:26:55.625+0000] {logging_mixin.py:190} INFO - [2024-10-14T02:26:55.625+0000] {override.py:1900} INFO - Created Permission View: can delete on DAG:dataset_s3_bucket_producer
[2024-10-14T02:26:55.633+0000] {logging_mixin.py:190} INFO - [2024-10-14T02:26:55.633+0000] {override.py:1900} INFO - Created Permission View: can edit on DAG:dataset_s3_bucket_producer
[2024-10-14T02:26:55.643+0000] {logging_mixin.py:190} INFO - [2024-10-14T02:26:55.643+0000] {override.py:1900} INFO - Created Permission View: can read on DAG:dataset_s3_bucket_producer
[2024-10-14T02:26:55.653+0000] {logging_mixin.py:190} INFO - [2024-10-14T02:26:55.653+0000] {override.py:1900} INFO - Created Permission View: can delete on DAG Run:dataset_s3_bucket_producer
[2024-10-14T02:26:55.664+0000] {logging_mixin.py:190} INFO - [2024-10-14T02:26:55.664+0000] {override.py:1900} INFO - Created Permission View: can create on DAG Run:dataset_s3_bucket_producer
[2024-10-14T02:26:55.673+0000] {logging_mixin.py:190} INFO - [2024-10-14T02:26:55.672+0000] {override.py:1900} INFO - Created Permission View: menu access on DAG Run:dataset_s3_bucket_producer
[2024-10-14T02:26:55.680+0000] {logging_mixin.py:190} INFO - [2024-10-14T02:26:55.680+0000] {override.py:1900} INFO - Created Permission View: can read on DAG Run:dataset_s3_bucket_producer
[2024-10-14T02:26:55.695+0000] {logging_mixin.py:190} INFO - [2024-10-14T02:26:55.694+0000] {override.py:1900} INFO - Created Permission View: can delete on DAG:dataset_alias_example_alias_consumer
[2024-10-14T02:26:55.701+0000] {logging_mixin.py:190} INFO - [2024-10-14T02:26:55.701+0000] {override.py:1900} INFO - Created Permission View: can edit on DAG:dataset_alias_example_alias_consumer
[2024-10-14T02:26:55.709+0000] {logging_mixin.py:190} INFO - [2024-10-14T02:26:55.709+0000] {override.py:1900} INFO - Created Permission View: can read on DAG:dataset_alias_example_alias_consumer
[2024-10-14T02:26:55.719+0000] {logging_mixin.py:190} INFO - [2024-10-14T02:26:55.718+0000] {override.py:1900} INFO - Created Permission View: can delete on DAG Run:dataset_alias_example_alias_consumer
[2024-10-14T02:26:55.725+0000] {logging_mixin.py:190} INFO - [2024-10-14T02:26:55.725+0000] {override.py:1900} INFO - Created Permission View: can create on DAG Run:dataset_alias_example_alias_consumer
[2024-10-14T02:26:55.732+0000] {logging_mixin.py:190} INFO - [2024-10-14T02:26:55.731+0000] {override.py:1900} INFO - Created Permission View: menu access on DAG Run:dataset_alias_example_alias_consumer
[2024-10-14T02:26:55.740+0000] {logging_mixin.py:190} INFO - [2024-10-14T02:26:55.739+0000] {override.py:1900} INFO - Created Permission View: can read on DAG Run:dataset_alias_example_alias_consumer
[2024-10-14T02:26:55.740+0000] {logging_mixin.py:190} INFO - [2024-10-14T02:26:55.740+0000] {dag.py:3239} INFO - Sync 4 DAGs
[2024-10-14T02:26:55.757+0000] {logging_mixin.py:190} INFO - [2024-10-14T02:26:55.756+0000] {dag.py:3262} INFO - Creating ORM DAG for dataset_alias_example_alias_consumer
[2024-10-14T02:26:55.758+0000] {logging_mixin.py:190} INFO - [2024-10-14T02:26:55.757+0000] {dag.py:3262} INFO - Creating ORM DAG for dataset_s3_bucket_producer
[2024-10-14T02:26:55.758+0000] {logging_mixin.py:190} INFO - [2024-10-14T02:26:55.758+0000] {dag.py:3262} INFO - Creating ORM DAG for dataset_s3_bucket_consumer
[2024-10-14T02:26:55.759+0000] {logging_mixin.py:190} INFO - [2024-10-14T02:26:55.759+0000] {dag.py:3262} INFO - Creating ORM DAG for dataset_alias_example_alias_producer
[2024-10-14T02:26:55.768+0000] {logging_mixin.py:190} INFO - [2024-10-14T02:26:55.768+0000] {dag.py:4180} INFO - Setting next_dagrun for dataset_alias_example_alias_consumer to None, run_after=None
[2024-10-14T02:26:55.769+0000] {logging_mixin.py:190} INFO - [2024-10-14T02:26:55.769+0000] {dag.py:4180} INFO - Setting next_dagrun for dataset_alias_example_alias_producer to None, run_after=None
[2024-10-14T02:26:55.769+0000] {logging_mixin.py:190} INFO - [2024-10-14T02:26:55.769+0000] {dag.py:4180} INFO - Setting next_dagrun for dataset_s3_bucket_consumer to None, run_after=None
[2024-10-14T02:26:55.770+0000] {logging_mixin.py:190} INFO - [2024-10-14T02:26:55.770+0000] {dag.py:4180} INFO - Setting next_dagrun for dataset_s3_bucket_producer to None, run_after=None
[2024-10-14T02:26:55.807+0000] {processor.py:208} INFO - Processing /home/airflow/.local/lib/python3.12/site-packages/airflow/example_dags/example_dataset_alias.py took 0.574 seconds
[2024-10-14T02:27:26.126+0000] {processor.py:186} INFO - Started process (PID=175) to work on /home/airflow/.local/lib/python3.12/site-packages/airflow/example_dags/example_dataset_alias.py
[2024-10-14T02:27:26.127+0000] {processor.py:914} INFO - Processing file /home/airflow/.local/lib/python3.12/site-packages/airflow/example_dags/example_dataset_alias.py for tasks to queue
[2024-10-14T02:27:26.129+0000] {logging_mixin.py:190} INFO - [2024-10-14T02:27:26.129+0000] {dagbag.py:588} INFO - Filling up the DagBag from /home/airflow/.local/lib/python3.12/site-packages/airflow/example_dags/example_dataset_alias.py
[2024-10-14T02:27:26.280+0000] {processor.py:925} INFO - DAG(s) 'dataset_s3_bucket_consumer', 'dataset_alias_example_alias_producer', 'dataset_s3_bucket_producer', 'dataset_alias_example_alias_consumer' retrieved from /home/airflow/.local/lib/python3.12/site-packages/airflow/example_dags/example_dataset_alias.py
[2024-10-14T02:27:26.302+0000] {logging_mixin.py:190} INFO - [2024-10-14T02:27:26.302+0000] {dag.py:3239} INFO - Sync 4 DAGs
[2024-10-14T02:27:26.327+0000] {logging_mixin.py:190} INFO - [2024-10-14T02:27:26.327+0000] {dag.py:4180} INFO - Setting next_dagrun for dataset_alias_example_alias_consumer to None, run_after=None
[2024-10-14T02:27:26.330+0000] {logging_mixin.py:190} INFO - [2024-10-14T02:27:26.330+0000] {dag.py:4180} INFO - Setting next_dagrun for dataset_alias_example_alias_producer to None, run_after=None
[2024-10-14T02:27:26.332+0000] {logging_mixin.py:190} INFO - [2024-10-14T02:27:26.332+0000] {dag.py:4180} INFO - Setting next_dagrun for dataset_s3_bucket_consumer to None, run_after=None
[2024-10-14T02:27:26.334+0000] {logging_mixin.py:190} INFO - [2024-10-14T02:27:26.333+0000] {dag.py:4180} INFO - Setting next_dagrun for dataset_s3_bucket_producer to None, run_after=None
[2024-10-14T02:27:26.364+0000] {processor.py:208} INFO - Processing /home/airflow/.local/lib/python3.12/site-packages/airflow/example_dags/example_dataset_alias.py took 0.243 seconds
[2024-10-14T02:27:56.624+0000] {processor.py:186} INFO - Started process (PID=238) to work on /home/airflow/.local/lib/python3.12/site-packages/airflow/example_dags/example_dataset_alias.py
[2024-10-14T02:27:56.625+0000] {processor.py:914} INFO - Processing file /home/airflow/.local/lib/python3.12/site-packages/airflow/example_dags/example_dataset_alias.py for tasks to queue
[2024-10-14T02:27:56.628+0000] {logging_mixin.py:190} INFO - [2024-10-14T02:27:56.627+0000] {dagbag.py:588} INFO - Filling up the DagBag from /home/airflow/.local/lib/python3.12/site-packages/airflow/example_dags/example_dataset_alias.py
[2024-10-14T02:27:56.774+0000] {processor.py:925} INFO - DAG(s) 'dataset_alias_example_alias_consumer', 'dataset_s3_bucket_producer', 'dataset_alias_example_alias_producer', 'dataset_s3_bucket_consumer' retrieved from /home/airflow/.local/lib/python3.12/site-packages/airflow/example_dags/example_dataset_alias.py
[2024-10-14T02:27:56.796+0000] {logging_mixin.py:190} INFO - [2024-10-14T02:27:56.795+0000] {dag.py:3239} INFO - Sync 4 DAGs
[2024-10-14T02:27:56.821+0000] {logging_mixin.py:190} INFO - [2024-10-14T02:27:56.820+0000] {dag.py:4180} INFO - Setting next_dagrun for dataset_alias_example_alias_consumer to None, run_after=None
[2024-10-14T02:27:56.823+0000] {logging_mixin.py:190} INFO - [2024-10-14T02:27:56.823+0000] {dag.py:4180} INFO - Setting next_dagrun for dataset_alias_example_alias_producer to None, run_after=None
[2024-10-14T02:27:56.825+0000] {logging_mixin.py:190} INFO - [2024-10-14T02:27:56.824+0000] {dag.py:4180} INFO - Setting next_dagrun for dataset_s3_bucket_consumer to None, run_after=None
[2024-10-14T02:27:56.826+0000] {logging_mixin.py:190} INFO - [2024-10-14T02:27:56.826+0000] {dag.py:4180} INFO - Setting next_dagrun for dataset_s3_bucket_producer to None, run_after=None
[2024-10-14T02:27:56.848+0000] {processor.py:208} INFO - Processing /home/airflow/.local/lib/python3.12/site-packages/airflow/example_dags/example_dataset_alias.py took 0.229 seconds
[2024-10-14T02:28:29.073+0000] {processor.py:186} INFO - Started process (PID=300) to work on /home/airflow/.local/lib/python3.12/site-packages/airflow/example_dags/example_dataset_alias.py
[2024-10-14T02:28:29.074+0000] {processor.py:914} INFO - Processing file /home/airflow/.local/lib/python3.12/site-packages/airflow/example_dags/example_dataset_alias.py for tasks to queue
[2024-10-14T02:28:29.076+0000] {logging_mixin.py:190} INFO - [2024-10-14T02:28:29.076+0000] {dagbag.py:588} INFO - Filling up the DagBag from /home/airflow/.local/lib/python3.12/site-packages/airflow/example_dags/example_dataset_alias.py
[2024-10-14T02:28:29.261+0000] {processor.py:925} INFO - DAG(s) 'dataset_s3_bucket_producer', 'dataset_s3_bucket_consumer', 'dataset_alias_example_alias_consumer', 'dataset_alias_example_alias_producer' retrieved from /home/airflow/.local/lib/python3.12/site-packages/airflow/example_dags/example_dataset_alias.py
[2024-10-14T02:28:29.289+0000] {logging_mixin.py:190} INFO - [2024-10-14T02:28:29.289+0000] {dag.py:3239} INFO - Sync 4 DAGs
[2024-10-14T02:28:29.322+0000] {logging_mixin.py:190} INFO - [2024-10-14T02:28:29.321+0000] {dag.py:4180} INFO - Setting next_dagrun for dataset_alias_example_alias_consumer to None, run_after=None
[2024-10-14T02:28:29.327+0000] {logging_mixin.py:190} INFO - [2024-10-14T02:28:29.326+0000] {dag.py:4180} INFO - Setting next_dagrun for dataset_alias_example_alias_producer to None, run_after=None
[2024-10-14T02:28:29.331+0000] {logging_mixin.py:190} INFO - [2024-10-14T02:28:29.330+0000] {dag.py:4180} INFO - Setting next_dagrun for dataset_s3_bucket_consumer to None, run_after=None
[2024-10-14T02:28:29.332+0000] {logging_mixin.py:190} INFO - [2024-10-14T02:28:29.332+0000] {dag.py:4180} INFO - Setting next_dagrun for dataset_s3_bucket_producer to None, run_after=None
[2024-10-14T02:28:29.360+0000] {processor.py:208} INFO - Processing /home/airflow/.local/lib/python3.12/site-packages/airflow/example_dags/example_dataset_alias.py took 0.295 seconds
[2024-10-14T02:29:02.864+0000] {processor.py:186} INFO - Started process (PID=363) to work on /home/airflow/.local/lib/python3.12/site-packages/airflow/example_dags/example_dataset_alias.py
[2024-10-14T02:29:02.867+0000] {processor.py:914} INFO - Processing file /home/airflow/.local/lib/python3.12/site-packages/airflow/example_dags/example_dataset_alias.py for tasks to queue
[2024-10-14T02:29:02.870+0000] {logging_mixin.py:190} INFO - [2024-10-14T02:29:02.870+0000] {dagbag.py:588} INFO - Filling up the DagBag from /home/airflow/.local/lib/python3.12/site-packages/airflow/example_dags/example_dataset_alias.py
[2024-10-14T02:29:03.089+0000] {processor.py:925} INFO - DAG(s) 'dataset_s3_bucket_consumer', 'dataset_alias_example_alias_producer', 'dataset_s3_bucket_producer', 'dataset_alias_example_alias_consumer' retrieved from /home/airflow/.local/lib/python3.12/site-packages/airflow/example_dags/example_dataset_alias.py
[2024-10-14T02:29:03.146+0000] {logging_mixin.py:190} INFO - [2024-10-14T02:29:03.146+0000] {dag.py:3239} INFO - Sync 4 DAGs
[2024-10-14T02:29:03.177+0000] {logging_mixin.py:190} INFO - [2024-10-14T02:29:03.177+0000] {dag.py:4180} INFO - Setting next_dagrun for dataset_alias_example_alias_consumer to None, run_after=None
[2024-10-14T02:29:03.182+0000] {logging_mixin.py:190} INFO - [2024-10-14T02:29:03.182+0000] {dag.py:4180} INFO - Setting next_dagrun for dataset_alias_example_alias_producer to None, run_after=None
[2024-10-14T02:29:03.184+0000] {logging_mixin.py:190} INFO - [2024-10-14T02:29:03.183+0000] {dag.py:4180} INFO - Setting next_dagrun for dataset_s3_bucket_consumer to None, run_after=None
[2024-10-14T02:29:03.185+0000] {logging_mixin.py:190} INFO - [2024-10-14T02:29:03.185+0000] {dag.py:4180} INFO - Setting next_dagrun for dataset_s3_bucket_producer to None, run_after=None
[2024-10-14T02:29:03.217+0000] {processor.py:208} INFO - Processing /home/airflow/.local/lib/python3.12/site-packages/airflow/example_dags/example_dataset_alias.py took 0.365 seconds
[2024-10-14T02:29:35.665+0000] {processor.py:186} INFO - Started process (PID=426) to work on /home/airflow/.local/lib/python3.12/site-packages/airflow/example_dags/example_dataset_alias.py
[2024-10-14T02:29:35.666+0000] {processor.py:914} INFO - Processing file /home/airflow/.local/lib/python3.12/site-packages/airflow/example_dags/example_dataset_alias.py for tasks to queue
[2024-10-14T02:29:35.671+0000] {logging_mixin.py:190} INFO - [2024-10-14T02:29:35.670+0000] {dagbag.py:588} INFO - Filling up the DagBag from /home/airflow/.local/lib/python3.12/site-packages/airflow/example_dags/example_dataset_alias.py
[2024-10-14T02:29:35.843+0000] {processor.py:925} INFO - DAG(s) 'dataset_alias_example_alias_producer', 'dataset_alias_example_alias_consumer', 'dataset_s3_bucket_producer', 'dataset_s3_bucket_consumer' retrieved from /home/airflow/.local/lib/python3.12/site-packages/airflow/example_dags/example_dataset_alias.py
[2024-10-14T02:29:35.863+0000] {logging_mixin.py:190} INFO - [2024-10-14T02:29:35.863+0000] {dag.py:3239} INFO - Sync 4 DAGs
[2024-10-14T02:29:35.884+0000] {logging_mixin.py:190} INFO - [2024-10-14T02:29:35.883+0000] {dag.py:4180} INFO - Setting next_dagrun for dataset_alias_example_alias_consumer to None, run_after=None
[2024-10-14T02:29:35.886+0000] {logging_mixin.py:190} INFO - [2024-10-14T02:29:35.886+0000] {dag.py:4180} INFO - Setting next_dagrun for dataset_alias_example_alias_producer to None, run_after=None
[2024-10-14T02:29:35.887+0000] {logging_mixin.py:190} INFO - [2024-10-14T02:29:35.887+0000] {dag.py:4180} INFO - Setting next_dagrun for dataset_s3_bucket_consumer to None, run_after=None
[2024-10-14T02:29:35.889+0000] {logging_mixin.py:190} INFO - [2024-10-14T02:29:35.888+0000] {dag.py:4180} INFO - Setting next_dagrun for dataset_s3_bucket_producer to None, run_after=None
[2024-10-14T02:29:35.914+0000] {processor.py:208} INFO - Processing /home/airflow/.local/lib/python3.12/site-packages/airflow/example_dags/example_dataset_alias.py took 0.258 seconds
[2024-10-14T02:30:07.985+0000] {processor.py:186} INFO - Started process (PID=489) to work on /home/airflow/.local/lib/python3.12/site-packages/airflow/example_dags/example_dataset_alias.py
[2024-10-14T02:30:07.986+0000] {processor.py:914} INFO - Processing file /home/airflow/.local/lib/python3.12/site-packages/airflow/example_dags/example_dataset_alias.py for tasks to queue
[2024-10-14T02:30:07.988+0000] {logging_mixin.py:190} INFO - [2024-10-14T02:30:07.988+0000] {dagbag.py:588} INFO - Filling up the DagBag from /home/airflow/.local/lib/python3.12/site-packages/airflow/example_dags/example_dataset_alias.py
[2024-10-14T02:30:08.142+0000] {processor.py:925} INFO - DAG(s) 'dataset_alias_example_alias_consumer', 'dataset_s3_bucket_producer', 'dataset_s3_bucket_consumer', 'dataset_alias_example_alias_producer' retrieved from /home/airflow/.local/lib/python3.12/site-packages/airflow/example_dags/example_dataset_alias.py
[2024-10-14T02:30:08.166+0000] {logging_mixin.py:190} INFO - [2024-10-14T02:30:08.165+0000] {dag.py:3239} INFO - Sync 4 DAGs
[2024-10-14T02:30:08.188+0000] {logging_mixin.py:190} INFO - [2024-10-14T02:30:08.187+0000] {dag.py:4180} INFO - Setting next_dagrun for dataset_alias_example_alias_consumer to None, run_after=None
[2024-10-14T02:30:08.192+0000] {logging_mixin.py:190} INFO - [2024-10-14T02:30:08.191+0000] {dag.py:4180} INFO - Setting next_dagrun for dataset_alias_example_alias_producer to None, run_after=None
[2024-10-14T02:30:08.193+0000] {logging_mixin.py:190} INFO - [2024-10-14T02:30:08.193+0000] {dag.py:4180} INFO - Setting next_dagrun for dataset_s3_bucket_consumer to None, run_after=None
[2024-10-14T02:30:08.195+0000] {logging_mixin.py:190} INFO - [2024-10-14T02:30:08.195+0000] {dag.py:4180} INFO - Setting next_dagrun for dataset_s3_bucket_producer to None, run_after=None
[2024-10-14T02:30:08.223+0000] {processor.py:208} INFO - Processing /home/airflow/.local/lib/python3.12/site-packages/airflow/example_dags/example_dataset_alias.py took 0.243 seconds
[2024-10-14T02:30:40.912+0000] {processor.py:186} INFO - Started process (PID=553) to work on /home/airflow/.local/lib/python3.12/site-packages/airflow/example_dags/example_dataset_alias.py
[2024-10-14T02:30:40.913+0000] {processor.py:914} INFO - Processing file /home/airflow/.local/lib/python3.12/site-packages/airflow/example_dags/example_dataset_alias.py for tasks to queue
[2024-10-14T02:30:40.915+0000] {logging_mixin.py:190} INFO - [2024-10-14T02:30:40.915+0000] {dagbag.py:588} INFO - Filling up the DagBag from /home/airflow/.local/lib/python3.12/site-packages/airflow/example_dags/example_dataset_alias.py
[2024-10-14T02:30:41.085+0000] {processor.py:925} INFO - DAG(s) 'dataset_alias_example_alias_producer', 'dataset_s3_bucket_producer', 'dataset_alias_example_alias_consumer', 'dataset_s3_bucket_consumer' retrieved from /home/airflow/.local/lib/python3.12/site-packages/airflow/example_dags/example_dataset_alias.py
[2024-10-14T02:30:41.116+0000] {logging_mixin.py:190} INFO - [2024-10-14T02:30:41.115+0000] {dag.py:3239} INFO - Sync 4 DAGs
[2024-10-14T02:30:41.144+0000] {logging_mixin.py:190} INFO - [2024-10-14T02:30:41.144+0000] {dag.py:4180} INFO - Setting next_dagrun for dataset_alias_example_alias_consumer to None, run_after=None
[2024-10-14T02:30:41.147+0000] {logging_mixin.py:190} INFO - [2024-10-14T02:30:41.147+0000] {dag.py:4180} INFO - Setting next_dagrun for dataset_alias_example_alias_producer to None, run_after=None
[2024-10-14T02:30:41.150+0000] {logging_mixin.py:190} INFO - [2024-10-14T02:30:41.150+0000] {dag.py:4180} INFO - Setting next_dagrun for dataset_s3_bucket_consumer to None, run_after=None
[2024-10-14T02:30:41.152+0000] {logging_mixin.py:190} INFO - [2024-10-14T02:30:41.152+0000] {dag.py:4180} INFO - Setting next_dagrun for dataset_s3_bucket_producer to None, run_after=None
[2024-10-14T02:30:41.176+0000] {processor.py:208} INFO - Processing /home/airflow/.local/lib/python3.12/site-packages/airflow/example_dags/example_dataset_alias.py took 0.271 seconds
[2024-10-14T02:31:14.177+0000] {processor.py:186} INFO - Started process (PID=617) to work on /home/airflow/.local/lib/python3.12/site-packages/airflow/example_dags/example_dataset_alias.py
[2024-10-14T02:31:14.178+0000] {processor.py:914} INFO - Processing file /home/airflow/.local/lib/python3.12/site-packages/airflow/example_dags/example_dataset_alias.py for tasks to queue
[2024-10-14T02:31:14.180+0000] {logging_mixin.py:190} INFO - [2024-10-14T02:31:14.179+0000] {dagbag.py:588} INFO - Filling up the DagBag from /home/airflow/.local/lib/python3.12/site-packages/airflow/example_dags/example_dataset_alias.py
[2024-10-14T02:31:14.331+0000] {processor.py:925} INFO - DAG(s) 'dataset_s3_bucket_consumer', 'dataset_alias_example_alias_consumer', 'dataset_s3_bucket_producer', 'dataset_alias_example_alias_producer' retrieved from /home/airflow/.local/lib/python3.12/site-packages/airflow/example_dags/example_dataset_alias.py
[2024-10-14T02:31:14.359+0000] {logging_mixin.py:190} INFO - [2024-10-14T02:31:14.359+0000] {dag.py:3239} INFO - Sync 4 DAGs
[2024-10-14T02:31:14.381+0000] {logging_mixin.py:190} INFO - [2024-10-14T02:31:14.381+0000] {dag.py:4180} INFO - Setting next_dagrun for dataset_alias_example_alias_consumer to None, run_after=None
[2024-10-14T02:31:14.384+0000] {logging_mixin.py:190} INFO - [2024-10-14T02:31:14.384+0000] {dag.py:4180} INFO - Setting next_dagrun for dataset_alias_example_alias_producer to None, run_after=None
[2024-10-14T02:31:14.387+0000] {logging_mixin.py:190} INFO - [2024-10-14T02:31:14.386+0000] {dag.py:4180} INFO - Setting next_dagrun for dataset_s3_bucket_consumer to None, run_after=None
[2024-10-14T02:31:14.389+0000] {logging_mixin.py:190} INFO - [2024-10-14T02:31:14.389+0000] {dag.py:4180} INFO - Setting next_dagrun for dataset_s3_bucket_producer to None, run_after=None
[2024-10-14T02:31:14.413+0000] {processor.py:208} INFO - Processing /home/airflow/.local/lib/python3.12/site-packages/airflow/example_dags/example_dataset_alias.py took 0.243 seconds
[2024-10-14T02:31:47.485+0000] {processor.py:186} INFO - Started process (PID=679) to work on /home/airflow/.local/lib/python3.12/site-packages/airflow/example_dags/example_dataset_alias.py
[2024-10-14T02:31:47.496+0000] {processor.py:914} INFO - Processing file /home/airflow/.local/lib/python3.12/site-packages/airflow/example_dags/example_dataset_alias.py for tasks to queue
[2024-10-14T02:31:47.504+0000] {logging_mixin.py:190} INFO - [2024-10-14T02:31:47.503+0000] {dagbag.py:588} INFO - Filling up the DagBag from /home/airflow/.local/lib/python3.12/site-packages/airflow/example_dags/example_dataset_alias.py
[2024-10-14T02:31:47.716+0000] {processor.py:925} INFO - DAG(s) 'dataset_s3_bucket_producer', 'dataset_s3_bucket_consumer', 'dataset_alias_example_alias_consumer', 'dataset_alias_example_alias_producer' retrieved from /home/airflow/.local/lib/python3.12/site-packages/airflow/example_dags/example_dataset_alias.py
[2024-10-14T02:31:47.741+0000] {logging_mixin.py:190} INFO - [2024-10-14T02:31:47.741+0000] {dag.py:3239} INFO - Sync 4 DAGs
[2024-10-14T02:31:47.765+0000] {logging_mixin.py:190} INFO - [2024-10-14T02:31:47.765+0000] {dag.py:4180} INFO - Setting next_dagrun for dataset_alias_example_alias_consumer to None, run_after=None
[2024-10-14T02:31:47.767+0000] {logging_mixin.py:190} INFO - [2024-10-14T02:31:47.767+0000] {dag.py:4180} INFO - Setting next_dagrun for dataset_alias_example_alias_producer to None, run_after=None
[2024-10-14T02:31:47.769+0000] {logging_mixin.py:190} INFO - [2024-10-14T02:31:47.768+0000] {dag.py:4180} INFO - Setting next_dagrun for dataset_s3_bucket_consumer to None, run_after=None
[2024-10-14T02:31:47.770+0000] {logging_mixin.py:190} INFO - [2024-10-14T02:31:47.770+0000] {dag.py:4180} INFO - Setting next_dagrun for dataset_s3_bucket_producer to None, run_after=None
[2024-10-14T02:31:47.795+0000] {processor.py:208} INFO - Processing /home/airflow/.local/lib/python3.12/site-packages/airflow/example_dags/example_dataset_alias.py took 0.335 seconds
[2024-10-14T02:32:19.729+0000] {processor.py:186} INFO - Started process (PID=742) to work on /home/airflow/.local/lib/python3.12/site-packages/airflow/example_dags/example_dataset_alias.py
[2024-10-14T02:32:19.730+0000] {processor.py:914} INFO - Processing file /home/airflow/.local/lib/python3.12/site-packages/airflow/example_dags/example_dataset_alias.py for tasks to queue
[2024-10-14T02:32:19.733+0000] {logging_mixin.py:190} INFO - [2024-10-14T02:32:19.732+0000] {dagbag.py:588} INFO - Filling up the DagBag from /home/airflow/.local/lib/python3.12/site-packages/airflow/example_dags/example_dataset_alias.py
[2024-10-14T02:32:19.886+0000] {processor.py:925} INFO - DAG(s) 'dataset_alias_example_alias_consumer', 'dataset_s3_bucket_producer', 'dataset_s3_bucket_consumer', 'dataset_alias_example_alias_producer' retrieved from /home/airflow/.local/lib/python3.12/site-packages/airflow/example_dags/example_dataset_alias.py
[2024-10-14T02:32:19.906+0000] {logging_mixin.py:190} INFO - [2024-10-14T02:32:19.905+0000] {dag.py:3239} INFO - Sync 4 DAGs
[2024-10-14T02:32:19.929+0000] {logging_mixin.py:190} INFO - [2024-10-14T02:32:19.929+0000] {dag.py:4180} INFO - Setting next_dagrun for dataset_alias_example_alias_consumer to None, run_after=None
[2024-10-14T02:32:19.934+0000] {logging_mixin.py:190} INFO - [2024-10-14T02:32:19.933+0000] {dag.py:4180} INFO - Setting next_dagrun for dataset_alias_example_alias_producer to None, run_after=None
[2024-10-14T02:32:19.936+0000] {logging_mixin.py:190} INFO - [2024-10-14T02:32:19.936+0000] {dag.py:4180} INFO - Setting next_dagrun for dataset_s3_bucket_consumer to None, run_after=None
[2024-10-14T02:32:19.942+0000] {logging_mixin.py:190} INFO - [2024-10-14T02:32:19.941+0000] {dag.py:4180} INFO - Setting next_dagrun for dataset_s3_bucket_producer to None, run_after=None
[2024-10-14T02:32:19.987+0000] {processor.py:208} INFO - Processing /home/airflow/.local/lib/python3.12/site-packages/airflow/example_dags/example_dataset_alias.py took 0.264 seconds
[2024-10-14T02:32:53.367+0000] {processor.py:186} INFO - Started process (PID=805) to work on /home/airflow/.local/lib/python3.12/site-packages/airflow/example_dags/example_dataset_alias.py
[2024-10-14T02:32:53.368+0000] {processor.py:914} INFO - Processing file /home/airflow/.local/lib/python3.12/site-packages/airflow/example_dags/example_dataset_alias.py for tasks to queue
[2024-10-14T02:32:53.371+0000] {logging_mixin.py:190} INFO - [2024-10-14T02:32:53.370+0000] {dagbag.py:588} INFO - Filling up the DagBag from /home/airflow/.local/lib/python3.12/site-packages/airflow/example_dags/example_dataset_alias.py
[2024-10-14T02:32:53.561+0000] {processor.py:925} INFO - DAG(s) 'dataset_alias_example_alias_consumer', 'dataset_s3_bucket_consumer', 'dataset_s3_bucket_producer', 'dataset_alias_example_alias_producer' retrieved from /home/airflow/.local/lib/python3.12/site-packages/airflow/example_dags/example_dataset_alias.py
[2024-10-14T02:32:53.589+0000] {logging_mixin.py:190} INFO - [2024-10-14T02:32:53.588+0000] {dag.py:3239} INFO - Sync 4 DAGs
[2024-10-14T02:32:53.626+0000] {logging_mixin.py:190} INFO - [2024-10-14T02:32:53.626+0000] {dag.py:4180} INFO - Setting next_dagrun for dataset_alias_example_alias_consumer to None, run_after=None
[2024-10-14T02:32:53.630+0000] {logging_mixin.py:190} INFO - [2024-10-14T02:32:53.630+0000] {dag.py:4180} INFO - Setting next_dagrun for dataset_alias_example_alias_producer to None, run_after=None
[2024-10-14T02:32:53.632+0000] {logging_mixin.py:190} INFO - [2024-10-14T02:32:53.632+0000] {dag.py:4180} INFO - Setting next_dagrun for dataset_s3_bucket_consumer to None, run_after=None
[2024-10-14T02:32:53.635+0000] {logging_mixin.py:190} INFO - [2024-10-14T02:32:53.635+0000] {dag.py:4180} INFO - Setting next_dagrun for dataset_s3_bucket_producer to None, run_after=None
[2024-10-14T02:32:53.676+0000] {processor.py:208} INFO - Processing /home/airflow/.local/lib/python3.12/site-packages/airflow/example_dags/example_dataset_alias.py took 0.316 seconds
[2024-10-14T02:33:25.711+0000] {processor.py:186} INFO - Started process (PID=870) to work on /home/airflow/.local/lib/python3.12/site-packages/airflow/example_dags/example_dataset_alias.py
[2024-10-14T02:33:25.712+0000] {processor.py:914} INFO - Processing file /home/airflow/.local/lib/python3.12/site-packages/airflow/example_dags/example_dataset_alias.py for tasks to queue
[2024-10-14T02:33:25.715+0000] {logging_mixin.py:190} INFO - [2024-10-14T02:33:25.715+0000] {dagbag.py:588} INFO - Filling up the DagBag from /home/airflow/.local/lib/python3.12/site-packages/airflow/example_dags/example_dataset_alias.py
[2024-10-14T02:33:25.867+0000] {processor.py:925} INFO - DAG(s) 'dataset_alias_example_alias_consumer', 'dataset_s3_bucket_consumer', 'dataset_alias_example_alias_producer', 'dataset_s3_bucket_producer' retrieved from /home/airflow/.local/lib/python3.12/site-packages/airflow/example_dags/example_dataset_alias.py
[2024-10-14T02:33:25.889+0000] {logging_mixin.py:190} INFO - [2024-10-14T02:33:25.888+0000] {dag.py:3239} INFO - Sync 4 DAGs
[2024-10-14T02:33:25.911+0000] {logging_mixin.py:190} INFO - [2024-10-14T02:33:25.911+0000] {dag.py:4180} INFO - Setting next_dagrun for dataset_alias_example_alias_consumer to None, run_after=None
[2024-10-14T02:33:25.914+0000] {logging_mixin.py:190} INFO - [2024-10-14T02:33:25.914+0000] {dag.py:4180} INFO - Setting next_dagrun for dataset_alias_example_alias_producer to None, run_after=None
[2024-10-14T02:33:25.916+0000] {logging_mixin.py:190} INFO - [2024-10-14T02:33:25.916+0000] {dag.py:4180} INFO - Setting next_dagrun for dataset_s3_bucket_consumer to None, run_after=None
[2024-10-14T02:33:25.918+0000] {logging_mixin.py:190} INFO - [2024-10-14T02:33:25.918+0000] {dag.py:4180} INFO - Setting next_dagrun for dataset_s3_bucket_producer to None, run_after=None
[2024-10-14T02:33:25.940+0000] {processor.py:208} INFO - Processing /home/airflow/.local/lib/python3.12/site-packages/airflow/example_dags/example_dataset_alias.py took 0.234 seconds
[2024-10-14T02:33:59.652+0000] {processor.py:186} INFO - Started process (PID=935) to work on /home/airflow/.local/lib/python3.12/site-packages/airflow/example_dags/example_dataset_alias.py
[2024-10-14T02:33:59.654+0000] {processor.py:914} INFO - Processing file /home/airflow/.local/lib/python3.12/site-packages/airflow/example_dags/example_dataset_alias.py for tasks to queue
[2024-10-14T02:33:59.657+0000] {logging_mixin.py:190} INFO - [2024-10-14T02:33:59.656+0000] {dagbag.py:588} INFO - Filling up the DagBag from /home/airflow/.local/lib/python3.12/site-packages/airflow/example_dags/example_dataset_alias.py
[2024-10-14T02:33:59.826+0000] {processor.py:925} INFO - DAG(s) 'dataset_s3_bucket_producer', 'dataset_alias_example_alias_producer', 'dataset_s3_bucket_consumer', 'dataset_alias_example_alias_consumer' retrieved from /home/airflow/.local/lib/python3.12/site-packages/airflow/example_dags/example_dataset_alias.py
[2024-10-14T02:33:59.855+0000] {logging_mixin.py:190} INFO - [2024-10-14T02:33:59.855+0000] {dag.py:3239} INFO - Sync 4 DAGs
[2024-10-14T02:33:59.887+0000] {logging_mixin.py:190} INFO - [2024-10-14T02:33:59.887+0000] {dag.py:4180} INFO - Setting next_dagrun for dataset_alias_example_alias_consumer to None, run_after=None
[2024-10-14T02:33:59.891+0000] {logging_mixin.py:190} INFO - [2024-10-14T02:33:59.891+0000] {dag.py:4180} INFO - Setting next_dagrun for dataset_alias_example_alias_producer to None, run_after=None
[2024-10-14T02:33:59.894+0000] {logging_mixin.py:190} INFO - [2024-10-14T02:33:59.893+0000] {dag.py:4180} INFO - Setting next_dagrun for dataset_s3_bucket_consumer to None, run_after=None
[2024-10-14T02:33:59.896+0000] {logging_mixin.py:190} INFO - [2024-10-14T02:33:59.896+0000] {dag.py:4180} INFO - Setting next_dagrun for dataset_s3_bucket_producer to None, run_after=None
[2024-10-14T02:33:59.941+0000] {processor.py:208} INFO - Processing /home/airflow/.local/lib/python3.12/site-packages/airflow/example_dags/example_dataset_alias.py took 0.295 seconds
[2024-10-14T02:34:32.530+0000] {processor.py:186} INFO - Started process (PID=996) to work on /home/airflow/.local/lib/python3.12/site-packages/airflow/example_dags/example_dataset_alias.py
[2024-10-14T02:34:32.532+0000] {processor.py:914} INFO - Processing file /home/airflow/.local/lib/python3.12/site-packages/airflow/example_dags/example_dataset_alias.py for tasks to queue
[2024-10-14T02:34:32.538+0000] {logging_mixin.py:190} INFO - [2024-10-14T02:34:32.538+0000] {dagbag.py:588} INFO - Filling up the DagBag from /home/airflow/.local/lib/python3.12/site-packages/airflow/example_dags/example_dataset_alias.py
[2024-10-14T02:34:32.755+0000] {processor.py:925} INFO - DAG(s) 'dataset_s3_bucket_producer', 'dataset_alias_example_alias_consumer', 'dataset_s3_bucket_consumer', 'dataset_alias_example_alias_producer' retrieved from /home/airflow/.local/lib/python3.12/site-packages/airflow/example_dags/example_dataset_alias.py
[2024-10-14T02:34:32.789+0000] {logging_mixin.py:190} INFO - [2024-10-14T02:34:32.789+0000] {dag.py:3239} INFO - Sync 4 DAGs
[2024-10-14T02:34:32.828+0000] {logging_mixin.py:190} INFO - [2024-10-14T02:34:32.827+0000] {dag.py:4180} INFO - Setting next_dagrun for dataset_alias_example_alias_consumer to None, run_after=None
[2024-10-14T02:34:32.832+0000] {logging_mixin.py:190} INFO - [2024-10-14T02:34:32.832+0000] {dag.py:4180} INFO - Setting next_dagrun for dataset_alias_example_alias_producer to None, run_after=None
[2024-10-14T02:34:32.834+0000] {logging_mixin.py:190} INFO - [2024-10-14T02:34:32.834+0000] {dag.py:4180} INFO - Setting next_dagrun for dataset_s3_bucket_consumer to None, run_after=None
[2024-10-14T02:34:32.836+0000] {logging_mixin.py:190} INFO - [2024-10-14T02:34:32.836+0000] {dag.py:4180} INFO - Setting next_dagrun for dataset_s3_bucket_producer to None, run_after=None
[2024-10-14T02:34:32.870+0000] {processor.py:208} INFO - Processing /home/airflow/.local/lib/python3.12/site-packages/airflow/example_dags/example_dataset_alias.py took 0.347 seconds
[2024-10-14T02:35:05.724+0000] {processor.py:186} INFO - Started process (PID=1059) to work on /home/airflow/.local/lib/python3.12/site-packages/airflow/example_dags/example_dataset_alias.py
[2024-10-14T02:35:05.725+0000] {processor.py:914} INFO - Processing file /home/airflow/.local/lib/python3.12/site-packages/airflow/example_dags/example_dataset_alias.py for tasks to queue
[2024-10-14T02:35:05.727+0000] {logging_mixin.py:190} INFO - [2024-10-14T02:35:05.727+0000] {dagbag.py:588} INFO - Filling up the DagBag from /home/airflow/.local/lib/python3.12/site-packages/airflow/example_dags/example_dataset_alias.py
[2024-10-14T02:35:05.916+0000] {processor.py:925} INFO - DAG(s) 'dataset_alias_example_alias_producer', 'dataset_s3_bucket_producer', 'dataset_alias_example_alias_consumer', 'dataset_s3_bucket_consumer' retrieved from /home/airflow/.local/lib/python3.12/site-packages/airflow/example_dags/example_dataset_alias.py
[2024-10-14T02:35:05.946+0000] {logging_mixin.py:190} INFO - [2024-10-14T02:35:05.946+0000] {dag.py:3239} INFO - Sync 4 DAGs
[2024-10-14T02:35:05.969+0000] {logging_mixin.py:190} INFO - [2024-10-14T02:35:05.969+0000] {dag.py:4180} INFO - Setting next_dagrun for dataset_alias_example_alias_consumer to None, run_after=None
[2024-10-14T02:35:05.972+0000] {logging_mixin.py:190} INFO - [2024-10-14T02:35:05.972+0000] {dag.py:4180} INFO - Setting next_dagrun for dataset_alias_example_alias_producer to None, run_after=None
[2024-10-14T02:35:05.973+0000] {logging_mixin.py:190} INFO - [2024-10-14T02:35:05.973+0000] {dag.py:4180} INFO - Setting next_dagrun for dataset_s3_bucket_consumer to None, run_after=None
[2024-10-14T02:35:05.974+0000] {logging_mixin.py:190} INFO - [2024-10-14T02:35:05.974+0000] {dag.py:4180} INFO - Setting next_dagrun for dataset_s3_bucket_producer to None, run_after=None
[2024-10-14T02:35:06.005+0000] {processor.py:208} INFO - Processing /home/airflow/.local/lib/python3.12/site-packages/airflow/example_dags/example_dataset_alias.py took 0.288 seconds
[2024-10-14T02:35:38.790+0000] {processor.py:186} INFO - Started process (PID=1121) to work on /home/airflow/.local/lib/python3.12/site-packages/airflow/example_dags/example_dataset_alias.py
[2024-10-14T02:35:38.792+0000] {processor.py:914} INFO - Processing file /home/airflow/.local/lib/python3.12/site-packages/airflow/example_dags/example_dataset_alias.py for tasks to queue
[2024-10-14T02:35:38.795+0000] {logging_mixin.py:190} INFO - [2024-10-14T02:35:38.794+0000] {dagbag.py:588} INFO - Filling up the DagBag from /home/airflow/.local/lib/python3.12/site-packages/airflow/example_dags/example_dataset_alias.py
[2024-10-14T02:35:38.983+0000] {processor.py:925} INFO - DAG(s) 'dataset_s3_bucket_consumer', 'dataset_alias_example_alias_producer', 'dataset_s3_bucket_producer', 'dataset_alias_example_alias_consumer' retrieved from /home/airflow/.local/lib/python3.12/site-packages/airflow/example_dags/example_dataset_alias.py
[2024-10-14T02:35:39.016+0000] {logging_mixin.py:190} INFO - [2024-10-14T02:35:39.016+0000] {dag.py:3239} INFO - Sync 4 DAGs
[2024-10-14T02:35:39.043+0000] {logging_mixin.py:190} INFO - [2024-10-14T02:35:39.043+0000] {dag.py:4180} INFO - Setting next_dagrun for dataset_alias_example_alias_consumer to None, run_after=None
[2024-10-14T02:35:39.047+0000] {logging_mixin.py:190} INFO - [2024-10-14T02:35:39.046+0000] {dag.py:4180} INFO - Setting next_dagrun for dataset_alias_example_alias_producer to None, run_after=None
[2024-10-14T02:35:39.049+0000] {logging_mixin.py:190} INFO - [2024-10-14T02:35:39.048+0000] {dag.py:4180} INFO - Setting next_dagrun for dataset_s3_bucket_consumer to None, run_after=None
[2024-10-14T02:35:39.051+0000] {logging_mixin.py:190} INFO - [2024-10-14T02:35:39.050+0000] {dag.py:4180} INFO - Setting next_dagrun for dataset_s3_bucket_producer to None, run_after=None
[2024-10-14T02:35:39.080+0000] {processor.py:208} INFO - Processing /home/airflow/.local/lib/python3.12/site-packages/airflow/example_dags/example_dataset_alias.py took 0.298 seconds
[2024-10-14T02:36:12.623+0000] {processor.py:186} INFO - Started process (PID=1185) to work on /home/airflow/.local/lib/python3.12/site-packages/airflow/example_dags/example_dataset_alias.py
[2024-10-14T02:36:12.624+0000] {processor.py:914} INFO - Processing file /home/airflow/.local/lib/python3.12/site-packages/airflow/example_dags/example_dataset_alias.py for tasks to queue
[2024-10-14T02:36:12.626+0000] {logging_mixin.py:190} INFO - [2024-10-14T02:36:12.626+0000] {dagbag.py:588} INFO - Filling up the DagBag from /home/airflow/.local/lib/python3.12/site-packages/airflow/example_dags/example_dataset_alias.py
[2024-10-14T02:36:12.785+0000] {processor.py:925} INFO - DAG(s) 'dataset_alias_example_alias_consumer', 'dataset_s3_bucket_producer', 'dataset_alias_example_alias_producer', 'dataset_s3_bucket_consumer' retrieved from /home/airflow/.local/lib/python3.12/site-packages/airflow/example_dags/example_dataset_alias.py
[2024-10-14T02:36:12.805+0000] {logging_mixin.py:190} INFO - [2024-10-14T02:36:12.805+0000] {dag.py:3239} INFO - Sync 4 DAGs
[2024-10-14T02:36:12.825+0000] {logging_mixin.py:190} INFO - [2024-10-14T02:36:12.824+0000] {dag.py:4180} INFO - Setting next_dagrun for dataset_alias_example_alias_consumer to None, run_after=None
[2024-10-14T02:36:12.827+0000] {logging_mixin.py:190} INFO - [2024-10-14T02:36:12.827+0000] {dag.py:4180} INFO - Setting next_dagrun for dataset_alias_example_alias_producer to None, run_after=None
[2024-10-14T02:36:12.829+0000] {logging_mixin.py:190} INFO - [2024-10-14T02:36:12.829+0000] {dag.py:4180} INFO - Setting next_dagrun for dataset_s3_bucket_consumer to None, run_after=None
[2024-10-14T02:36:12.831+0000] {logging_mixin.py:190} INFO - [2024-10-14T02:36:12.830+0000] {dag.py:4180} INFO - Setting next_dagrun for dataset_s3_bucket_producer to None, run_after=None
[2024-10-14T02:36:12.854+0000] {processor.py:208} INFO - Processing /home/airflow/.local/lib/python3.12/site-packages/airflow/example_dags/example_dataset_alias.py took 0.236 seconds
[2024-10-14T02:37:50.477+0000] {processor.py:186} INFO - Started process (PID=112) to work on /home/airflow/.local/lib/python3.12/site-packages/airflow/example_dags/example_dataset_alias.py
[2024-10-14T02:37:50.478+0000] {processor.py:914} INFO - Processing file /home/airflow/.local/lib/python3.12/site-packages/airflow/example_dags/example_dataset_alias.py for tasks to queue
[2024-10-14T02:37:50.481+0000] {logging_mixin.py:190} INFO - [2024-10-14T02:37:50.481+0000] {dagbag.py:588} INFO - Filling up the DagBag from /home/airflow/.local/lib/python3.12/site-packages/airflow/example_dags/example_dataset_alias.py
[2024-10-14T02:37:50.667+0000] {processor.py:925} INFO - DAG(s) 'dataset_s3_bucket_producer', 'dataset_s3_bucket_consumer', 'dataset_alias_example_alias_consumer', 'dataset_alias_example_alias_producer' retrieved from /home/airflow/.local/lib/python3.12/site-packages/airflow/example_dags/example_dataset_alias.py
[2024-10-14T02:37:50.690+0000] {logging_mixin.py:190} INFO - [2024-10-14T02:37:50.690+0000] {dag.py:3239} INFO - Sync 4 DAGs
[2024-10-14T02:37:50.717+0000] {logging_mixin.py:190} INFO - [2024-10-14T02:37:50.716+0000] {dag.py:4180} INFO - Setting next_dagrun for dataset_alias_example_alias_consumer to None, run_after=None
[2024-10-14T02:37:50.720+0000] {logging_mixin.py:190} INFO - [2024-10-14T02:37:50.720+0000] {dag.py:4180} INFO - Setting next_dagrun for dataset_alias_example_alias_producer to None, run_after=None
[2024-10-14T02:37:50.723+0000] {logging_mixin.py:190} INFO - [2024-10-14T02:37:50.722+0000] {dag.py:4180} INFO - Setting next_dagrun for dataset_s3_bucket_consumer to None, run_after=None
[2024-10-14T02:37:50.724+0000] {logging_mixin.py:190} INFO - [2024-10-14T02:37:50.724+0000] {dag.py:4180} INFO - Setting next_dagrun for dataset_s3_bucket_producer to None, run_after=None
[2024-10-14T02:37:50.748+0000] {processor.py:208} INFO - Processing /home/airflow/.local/lib/python3.12/site-packages/airflow/example_dags/example_dataset_alias.py took 0.280 seconds
[2024-10-14T02:38:23.230+0000] {processor.py:186} INFO - Started process (PID=176) to work on /home/airflow/.local/lib/python3.12/site-packages/airflow/example_dags/example_dataset_alias.py
[2024-10-14T02:38:23.231+0000] {processor.py:914} INFO - Processing file /home/airflow/.local/lib/python3.12/site-packages/airflow/example_dags/example_dataset_alias.py for tasks to queue
[2024-10-14T02:38:23.233+0000] {logging_mixin.py:190} INFO - [2024-10-14T02:38:23.233+0000] {dagbag.py:588} INFO - Filling up the DagBag from /home/airflow/.local/lib/python3.12/site-packages/airflow/example_dags/example_dataset_alias.py
[2024-10-14T02:38:23.372+0000] {processor.py:925} INFO - DAG(s) 'dataset_alias_example_alias_consumer', 'dataset_s3_bucket_producer', 'dataset_alias_example_alias_producer', 'dataset_s3_bucket_consumer' retrieved from /home/airflow/.local/lib/python3.12/site-packages/airflow/example_dags/example_dataset_alias.py
[2024-10-14T02:38:23.394+0000] {logging_mixin.py:190} INFO - [2024-10-14T02:38:23.394+0000] {dag.py:3239} INFO - Sync 4 DAGs
[2024-10-14T02:38:23.417+0000] {logging_mixin.py:190} INFO - [2024-10-14T02:38:23.416+0000] {dag.py:4180} INFO - Setting next_dagrun for dataset_alias_example_alias_consumer to None, run_after=None
[2024-10-14T02:38:23.419+0000] {logging_mixin.py:190} INFO - [2024-10-14T02:38:23.419+0000] {dag.py:4180} INFO - Setting next_dagrun for dataset_alias_example_alias_producer to None, run_after=None
[2024-10-14T02:38:23.421+0000] {logging_mixin.py:190} INFO - [2024-10-14T02:38:23.421+0000] {dag.py:4180} INFO - Setting next_dagrun for dataset_s3_bucket_consumer to None, run_after=None
[2024-10-14T02:38:23.423+0000] {logging_mixin.py:190} INFO - [2024-10-14T02:38:23.422+0000] {dag.py:4180} INFO - Setting next_dagrun for dataset_s3_bucket_producer to None, run_after=None
[2024-10-14T02:38:23.448+0000] {processor.py:208} INFO - Processing /home/airflow/.local/lib/python3.12/site-packages/airflow/example_dags/example_dataset_alias.py took 0.222 seconds
[2024-10-14T02:38:58.529+0000] {processor.py:186} INFO - Started process (PID=241) to work on /home/airflow/.local/lib/python3.12/site-packages/airflow/example_dags/example_dataset_alias.py
[2024-10-14T02:38:58.530+0000] {processor.py:914} INFO - Processing file /home/airflow/.local/lib/python3.12/site-packages/airflow/example_dags/example_dataset_alias.py for tasks to queue
[2024-10-14T02:38:58.534+0000] {logging_mixin.py:190} INFO - [2024-10-14T02:38:58.534+0000] {dagbag.py:588} INFO - Filling up the DagBag from /home/airflow/.local/lib/python3.12/site-packages/airflow/example_dags/example_dataset_alias.py
[2024-10-14T02:38:58.736+0000] {processor.py:925} INFO - DAG(s) 'dataset_alias_example_alias_consumer', 'dataset_s3_bucket_consumer', 'dataset_alias_example_alias_producer', 'dataset_s3_bucket_producer' retrieved from /home/airflow/.local/lib/python3.12/site-packages/airflow/example_dags/example_dataset_alias.py
[2024-10-14T02:38:58.773+0000] {logging_mixin.py:190} INFO - [2024-10-14T02:38:58.769+0000] {dag.py:3239} INFO - Sync 4 DAGs
[2024-10-14T02:38:58.812+0000] {logging_mixin.py:190} INFO - [2024-10-14T02:38:58.811+0000] {dag.py:4180} INFO - Setting next_dagrun for dataset_alias_example_alias_consumer to None, run_after=None
[2024-10-14T02:38:58.825+0000] {logging_mixin.py:190} INFO - [2024-10-14T02:38:58.825+0000] {dag.py:4180} INFO - Setting next_dagrun for dataset_alias_example_alias_producer to None, run_after=None
[2024-10-14T02:38:58.828+0000] {logging_mixin.py:190} INFO - [2024-10-14T02:38:58.827+0000] {dag.py:4180} INFO - Setting next_dagrun for dataset_s3_bucket_consumer to None, run_after=None
[2024-10-14T02:38:58.830+0000] {logging_mixin.py:190} INFO - [2024-10-14T02:38:58.830+0000] {dag.py:4180} INFO - Setting next_dagrun for dataset_s3_bucket_producer to None, run_after=None
[2024-10-14T02:38:58.883+0000] {processor.py:208} INFO - Processing /home/airflow/.local/lib/python3.12/site-packages/airflow/example_dags/example_dataset_alias.py took 0.359 seconds
[2024-10-14T02:39:30.110+0000] {processor.py:186} INFO - Started process (PID=305) to work on /home/airflow/.local/lib/python3.12/site-packages/airflow/example_dags/example_dataset_alias.py
[2024-10-14T02:39:30.111+0000] {processor.py:914} INFO - Processing file /home/airflow/.local/lib/python3.12/site-packages/airflow/example_dags/example_dataset_alias.py for tasks to queue
[2024-10-14T02:39:30.113+0000] {logging_mixin.py:190} INFO - [2024-10-14T02:39:30.113+0000] {dagbag.py:588} INFO - Filling up the DagBag from /home/airflow/.local/lib/python3.12/site-packages/airflow/example_dags/example_dataset_alias.py
[2024-10-14T02:39:30.330+0000] {processor.py:925} INFO - DAG(s) 'dataset_alias_example_alias_consumer', 'dataset_s3_bucket_producer', 'dataset_s3_bucket_consumer', 'dataset_alias_example_alias_producer' retrieved from /home/airflow/.local/lib/python3.12/site-packages/airflow/example_dags/example_dataset_alias.py
[2024-10-14T02:39:30.379+0000] {logging_mixin.py:190} INFO - [2024-10-14T02:39:30.377+0000] {dag.py:3239} INFO - Sync 4 DAGs
[2024-10-14T02:39:30.425+0000] {logging_mixin.py:190} INFO - [2024-10-14T02:39:30.425+0000] {dag.py:4180} INFO - Setting next_dagrun for dataset_alias_example_alias_consumer to None, run_after=None
[2024-10-14T02:39:30.428+0000] {logging_mixin.py:190} INFO - [2024-10-14T02:39:30.428+0000] {dag.py:4180} INFO - Setting next_dagrun for dataset_alias_example_alias_producer to None, run_after=None
[2024-10-14T02:39:30.430+0000] {logging_mixin.py:190} INFO - [2024-10-14T02:39:30.429+0000] {dag.py:4180} INFO - Setting next_dagrun for dataset_s3_bucket_consumer to None, run_after=None
[2024-10-14T02:39:30.431+0000] {logging_mixin.py:190} INFO - [2024-10-14T02:39:30.431+0000] {dag.py:4180} INFO - Setting next_dagrun for dataset_s3_bucket_producer to None, run_after=None
[2024-10-14T02:39:30.468+0000] {processor.py:208} INFO - Processing /home/airflow/.local/lib/python3.12/site-packages/airflow/example_dags/example_dataset_alias.py took 0.363 seconds
[2024-10-14T02:40:03.365+0000] {processor.py:186} INFO - Started process (PID=369) to work on /home/airflow/.local/lib/python3.12/site-packages/airflow/example_dags/example_dataset_alias.py
[2024-10-14T02:40:03.366+0000] {processor.py:914} INFO - Processing file /home/airflow/.local/lib/python3.12/site-packages/airflow/example_dags/example_dataset_alias.py for tasks to queue
[2024-10-14T02:40:03.369+0000] {logging_mixin.py:190} INFO - [2024-10-14T02:40:03.369+0000] {dagbag.py:588} INFO - Filling up the DagBag from /home/airflow/.local/lib/python3.12/site-packages/airflow/example_dags/example_dataset_alias.py
[2024-10-14T02:40:03.506+0000] {processor.py:925} INFO - DAG(s) 'dataset_alias_example_alias_consumer', 'dataset_s3_bucket_producer', 'dataset_s3_bucket_consumer', 'dataset_alias_example_alias_producer' retrieved from /home/airflow/.local/lib/python3.12/site-packages/airflow/example_dags/example_dataset_alias.py
[2024-10-14T02:40:03.528+0000] {logging_mixin.py:190} INFO - [2024-10-14T02:40:03.528+0000] {dag.py:3239} INFO - Sync 4 DAGs
[2024-10-14T02:40:03.548+0000] {logging_mixin.py:190} INFO - [2024-10-14T02:40:03.548+0000] {dag.py:4180} INFO - Setting next_dagrun for dataset_alias_example_alias_consumer to None, run_after=None
[2024-10-14T02:40:03.552+0000] {logging_mixin.py:190} INFO - [2024-10-14T02:40:03.552+0000] {dag.py:4180} INFO - Setting next_dagrun for dataset_alias_example_alias_producer to None, run_after=None
[2024-10-14T02:40:03.555+0000] {logging_mixin.py:190} INFO - [2024-10-14T02:40:03.554+0000] {dag.py:4180} INFO - Setting next_dagrun for dataset_s3_bucket_consumer to None, run_after=None
[2024-10-14T02:40:03.558+0000] {logging_mixin.py:190} INFO - [2024-10-14T02:40:03.557+0000] {dag.py:4180} INFO - Setting next_dagrun for dataset_s3_bucket_producer to None, run_after=None
[2024-10-14T02:40:03.588+0000] {processor.py:208} INFO - Processing /home/airflow/.local/lib/python3.12/site-packages/airflow/example_dags/example_dataset_alias.py took 0.230 seconds
[2024-10-14T02:40:36.069+0000] {processor.py:186} INFO - Started process (PID=433) to work on /home/airflow/.local/lib/python3.12/site-packages/airflow/example_dags/example_dataset_alias.py
[2024-10-14T02:40:36.070+0000] {processor.py:914} INFO - Processing file /home/airflow/.local/lib/python3.12/site-packages/airflow/example_dags/example_dataset_alias.py for tasks to queue
[2024-10-14T02:40:36.073+0000] {logging_mixin.py:190} INFO - [2024-10-14T02:40:36.072+0000] {dagbag.py:588} INFO - Filling up the DagBag from /home/airflow/.local/lib/python3.12/site-packages/airflow/example_dags/example_dataset_alias.py
[2024-10-14T02:40:36.223+0000] {processor.py:925} INFO - DAG(s) 'dataset_s3_bucket_producer', 'dataset_alias_example_alias_producer', 'dataset_s3_bucket_consumer', 'dataset_alias_example_alias_consumer' retrieved from /home/airflow/.local/lib/python3.12/site-packages/airflow/example_dags/example_dataset_alias.py
[2024-10-14T02:40:36.247+0000] {logging_mixin.py:190} INFO - [2024-10-14T02:40:36.246+0000] {dag.py:3239} INFO - Sync 4 DAGs
[2024-10-14T02:40:36.269+0000] {logging_mixin.py:190} INFO - [2024-10-14T02:40:36.268+0000] {dag.py:4180} INFO - Setting next_dagrun for dataset_alias_example_alias_consumer to None, run_after=None
[2024-10-14T02:40:36.272+0000] {logging_mixin.py:190} INFO - [2024-10-14T02:40:36.272+0000] {dag.py:4180} INFO - Setting next_dagrun for dataset_alias_example_alias_producer to None, run_after=None
[2024-10-14T02:40:36.274+0000] {logging_mixin.py:190} INFO - [2024-10-14T02:40:36.274+0000] {dag.py:4180} INFO - Setting next_dagrun for dataset_s3_bucket_consumer to None, run_after=None
[2024-10-14T02:40:36.275+0000] {logging_mixin.py:190} INFO - [2024-10-14T02:40:36.275+0000] {dag.py:4180} INFO - Setting next_dagrun for dataset_s3_bucket_producer to None, run_after=None
[2024-10-14T02:40:36.301+0000] {processor.py:208} INFO - Processing /home/airflow/.local/lib/python3.12/site-packages/airflow/example_dags/example_dataset_alias.py took 0.237 seconds
[2024-10-14T02:41:08.016+0000] {processor.py:186} INFO - Started process (PID=497) to work on /home/airflow/.local/lib/python3.12/site-packages/airflow/example_dags/example_dataset_alias.py
[2024-10-14T02:41:08.017+0000] {processor.py:914} INFO - Processing file /home/airflow/.local/lib/python3.12/site-packages/airflow/example_dags/example_dataset_alias.py for tasks to queue
[2024-10-14T02:41:08.019+0000] {logging_mixin.py:190} INFO - [2024-10-14T02:41:08.019+0000] {dagbag.py:588} INFO - Filling up the DagBag from /home/airflow/.local/lib/python3.12/site-packages/airflow/example_dags/example_dataset_alias.py
[2024-10-14T02:41:08.157+0000] {processor.py:925} INFO - DAG(s) 'dataset_alias_example_alias_producer', 'dataset_s3_bucket_producer', 'dataset_alias_example_alias_consumer', 'dataset_s3_bucket_consumer' retrieved from /home/airflow/.local/lib/python3.12/site-packages/airflow/example_dags/example_dataset_alias.py
[2024-10-14T02:41:08.183+0000] {logging_mixin.py:190} INFO - [2024-10-14T02:41:08.182+0000] {dag.py:3239} INFO - Sync 4 DAGs
[2024-10-14T02:41:08.202+0000] {logging_mixin.py:190} INFO - [2024-10-14T02:41:08.202+0000] {dag.py:4180} INFO - Setting next_dagrun for dataset_alias_example_alias_consumer to None, run_after=None
[2024-10-14T02:41:08.206+0000] {logging_mixin.py:190} INFO - [2024-10-14T02:41:08.205+0000] {dag.py:4180} INFO - Setting next_dagrun for dataset_alias_example_alias_producer to None, run_after=None
[2024-10-14T02:41:08.207+0000] {logging_mixin.py:190} INFO - [2024-10-14T02:41:08.207+0000] {dag.py:4180} INFO - Setting next_dagrun for dataset_s3_bucket_consumer to None, run_after=None
[2024-10-14T02:41:08.209+0000] {logging_mixin.py:190} INFO - [2024-10-14T02:41:08.209+0000] {dag.py:4180} INFO - Setting next_dagrun for dataset_s3_bucket_producer to None, run_after=None
[2024-10-14T02:41:08.234+0000] {processor.py:208} INFO - Processing /home/airflow/.local/lib/python3.12/site-packages/airflow/example_dags/example_dataset_alias.py took 0.225 seconds
[2024-10-14T02:41:41.290+0000] {processor.py:186} INFO - Started process (PID=561) to work on /home/airflow/.local/lib/python3.12/site-packages/airflow/example_dags/example_dataset_alias.py
[2024-10-14T02:41:41.291+0000] {processor.py:914} INFO - Processing file /home/airflow/.local/lib/python3.12/site-packages/airflow/example_dags/example_dataset_alias.py for tasks to queue
[2024-10-14T02:41:41.293+0000] {logging_mixin.py:190} INFO - [2024-10-14T02:41:41.293+0000] {dagbag.py:588} INFO - Filling up the DagBag from /home/airflow/.local/lib/python3.12/site-packages/airflow/example_dags/example_dataset_alias.py
[2024-10-14T02:41:41.439+0000] {processor.py:925} INFO - DAG(s) 'dataset_alias_example_alias_producer', 'dataset_alias_example_alias_consumer', 'dataset_s3_bucket_producer', 'dataset_s3_bucket_consumer' retrieved from /home/airflow/.local/lib/python3.12/site-packages/airflow/example_dags/example_dataset_alias.py
[2024-10-14T02:41:41.462+0000] {logging_mixin.py:190} INFO - [2024-10-14T02:41:41.462+0000] {dag.py:3239} INFO - Sync 4 DAGs
[2024-10-14T02:41:41.484+0000] {logging_mixin.py:190} INFO - [2024-10-14T02:41:41.484+0000] {dag.py:4180} INFO - Setting next_dagrun for dataset_alias_example_alias_consumer to None, run_after=None
[2024-10-14T02:41:41.487+0000] {logging_mixin.py:190} INFO - [2024-10-14T02:41:41.487+0000] {dag.py:4180} INFO - Setting next_dagrun for dataset_alias_example_alias_producer to None, run_after=None
[2024-10-14T02:41:41.489+0000] {logging_mixin.py:190} INFO - [2024-10-14T02:41:41.489+0000] {dag.py:4180} INFO - Setting next_dagrun for dataset_s3_bucket_consumer to None, run_after=None
[2024-10-14T02:41:41.492+0000] {logging_mixin.py:190} INFO - [2024-10-14T02:41:41.492+0000] {dag.py:4180} INFO - Setting next_dagrun for dataset_s3_bucket_producer to None, run_after=None
[2024-10-14T02:41:41.527+0000] {processor.py:208} INFO - Processing /home/airflow/.local/lib/python3.12/site-packages/airflow/example_dags/example_dataset_alias.py took 0.242 seconds
[2024-10-14T02:42:14.821+0000] {processor.py:186} INFO - Started process (PID=625) to work on /home/airflow/.local/lib/python3.12/site-packages/airflow/example_dags/example_dataset_alias.py
[2024-10-14T02:42:14.823+0000] {processor.py:914} INFO - Processing file /home/airflow/.local/lib/python3.12/site-packages/airflow/example_dags/example_dataset_alias.py for tasks to queue
[2024-10-14T02:42:14.825+0000] {logging_mixin.py:190} INFO - [2024-10-14T02:42:14.824+0000] {dagbag.py:588} INFO - Filling up the DagBag from /home/airflow/.local/lib/python3.12/site-packages/airflow/example_dags/example_dataset_alias.py
[2024-10-14T02:42:15.021+0000] {processor.py:925} INFO - DAG(s) 'dataset_alias_example_alias_producer', 'dataset_s3_bucket_producer', 'dataset_alias_example_alias_consumer', 'dataset_s3_bucket_consumer' retrieved from /home/airflow/.local/lib/python3.12/site-packages/airflow/example_dags/example_dataset_alias.py
[2024-10-14T02:42:15.048+0000] {logging_mixin.py:190} INFO - [2024-10-14T02:42:15.048+0000] {dag.py:3239} INFO - Sync 4 DAGs
[2024-10-14T02:42:15.071+0000] {logging_mixin.py:190} INFO - [2024-10-14T02:42:15.071+0000] {dag.py:4180} INFO - Setting next_dagrun for dataset_alias_example_alias_consumer to None, run_after=None
[2024-10-14T02:42:15.076+0000] {logging_mixin.py:190} INFO - [2024-10-14T02:42:15.076+0000] {dag.py:4180} INFO - Setting next_dagrun for dataset_alias_example_alias_producer to None, run_after=None
[2024-10-14T02:42:15.078+0000] {logging_mixin.py:190} INFO - [2024-10-14T02:42:15.078+0000] {dag.py:4180} INFO - Setting next_dagrun for dataset_s3_bucket_consumer to None, run_after=None
[2024-10-14T02:42:15.080+0000] {logging_mixin.py:190} INFO - [2024-10-14T02:42:15.079+0000] {dag.py:4180} INFO - Setting next_dagrun for dataset_s3_bucket_producer to None, run_after=None
[2024-10-14T02:42:15.112+0000] {processor.py:208} INFO - Processing /home/airflow/.local/lib/python3.12/site-packages/airflow/example_dags/example_dataset_alias.py took 0.296 seconds
[2024-10-14T02:42:47.803+0000] {processor.py:186} INFO - Started process (PID=689) to work on /home/airflow/.local/lib/python3.12/site-packages/airflow/example_dags/example_dataset_alias.py
[2024-10-14T02:42:47.804+0000] {processor.py:914} INFO - Processing file /home/airflow/.local/lib/python3.12/site-packages/airflow/example_dags/example_dataset_alias.py for tasks to queue
[2024-10-14T02:42:47.807+0000] {logging_mixin.py:190} INFO - [2024-10-14T02:42:47.806+0000] {dagbag.py:588} INFO - Filling up the DagBag from /home/airflow/.local/lib/python3.12/site-packages/airflow/example_dags/example_dataset_alias.py
[2024-10-14T02:42:47.953+0000] {processor.py:925} INFO - DAG(s) 'dataset_s3_bucket_producer', 'dataset_alias_example_alias_consumer', 'dataset_alias_example_alias_producer', 'dataset_s3_bucket_consumer' retrieved from /home/airflow/.local/lib/python3.12/site-packages/airflow/example_dags/example_dataset_alias.py
[2024-10-14T02:42:47.983+0000] {logging_mixin.py:190} INFO - [2024-10-14T02:42:47.982+0000] {dag.py:3239} INFO - Sync 4 DAGs
[2024-10-14T02:42:48.004+0000] {logging_mixin.py:190} INFO - [2024-10-14T02:42:48.004+0000] {dag.py:4180} INFO - Setting next_dagrun for dataset_alias_example_alias_consumer to None, run_after=None
[2024-10-14T02:42:48.007+0000] {logging_mixin.py:190} INFO - [2024-10-14T02:42:48.006+0000] {dag.py:4180} INFO - Setting next_dagrun for dataset_alias_example_alias_producer to None, run_after=None
[2024-10-14T02:42:48.009+0000] {logging_mixin.py:190} INFO - [2024-10-14T02:42:48.009+0000] {dag.py:4180} INFO - Setting next_dagrun for dataset_s3_bucket_consumer to None, run_after=None
[2024-10-14T02:42:48.011+0000] {logging_mixin.py:190} INFO - [2024-10-14T02:42:48.011+0000] {dag.py:4180} INFO - Setting next_dagrun for dataset_s3_bucket_producer to None, run_after=None
[2024-10-14T02:42:48.033+0000] {processor.py:208} INFO - Processing /home/airflow/.local/lib/python3.12/site-packages/airflow/example_dags/example_dataset_alias.py took 0.235 seconds
[2024-10-14T02:43:20.945+0000] {processor.py:186} INFO - Started process (PID=753) to work on /home/airflow/.local/lib/python3.12/site-packages/airflow/example_dags/example_dataset_alias.py
[2024-10-14T02:43:20.947+0000] {processor.py:914} INFO - Processing file /home/airflow/.local/lib/python3.12/site-packages/airflow/example_dags/example_dataset_alias.py for tasks to queue
[2024-10-14T02:43:20.950+0000] {logging_mixin.py:190} INFO - [2024-10-14T02:43:20.949+0000] {dagbag.py:588} INFO - Filling up the DagBag from /home/airflow/.local/lib/python3.12/site-packages/airflow/example_dags/example_dataset_alias.py
[2024-10-14T02:43:21.093+0000] {processor.py:925} INFO - DAG(s) 'dataset_s3_bucket_consumer', 'dataset_s3_bucket_producer', 'dataset_alias_example_alias_consumer', 'dataset_alias_example_alias_producer' retrieved from /home/airflow/.local/lib/python3.12/site-packages/airflow/example_dags/example_dataset_alias.py
[2024-10-14T02:43:21.123+0000] {logging_mixin.py:190} INFO - [2024-10-14T02:43:21.123+0000] {dag.py:3239} INFO - Sync 4 DAGs
[2024-10-14T02:43:21.152+0000] {logging_mixin.py:190} INFO - [2024-10-14T02:43:21.152+0000] {dag.py:4180} INFO - Setting next_dagrun for dataset_alias_example_alias_consumer to None, run_after=None
[2024-10-14T02:43:21.155+0000] {logging_mixin.py:190} INFO - [2024-10-14T02:43:21.155+0000] {dag.py:4180} INFO - Setting next_dagrun for dataset_alias_example_alias_producer to None, run_after=None
[2024-10-14T02:43:21.157+0000] {logging_mixin.py:190} INFO - [2024-10-14T02:43:21.157+0000] {dag.py:4180} INFO - Setting next_dagrun for dataset_s3_bucket_consumer to None, run_after=None
[2024-10-14T02:43:21.159+0000] {logging_mixin.py:190} INFO - [2024-10-14T02:43:21.159+0000] {dag.py:4180} INFO - Setting next_dagrun for dataset_s3_bucket_producer to None, run_after=None
[2024-10-14T02:43:21.183+0000] {processor.py:208} INFO - Processing /home/airflow/.local/lib/python3.12/site-packages/airflow/example_dags/example_dataset_alias.py took 0.243 seconds
[2024-10-14T02:43:54.133+0000] {processor.py:186} INFO - Started process (PID=819) to work on /home/airflow/.local/lib/python3.12/site-packages/airflow/example_dags/example_dataset_alias.py
[2024-10-14T02:43:54.135+0000] {processor.py:914} INFO - Processing file /home/airflow/.local/lib/python3.12/site-packages/airflow/example_dags/example_dataset_alias.py for tasks to queue
[2024-10-14T02:43:54.139+0000] {logging_mixin.py:190} INFO - [2024-10-14T02:43:54.138+0000] {dagbag.py:588} INFO - Filling up the DagBag from /home/airflow/.local/lib/python3.12/site-packages/airflow/example_dags/example_dataset_alias.py
[2024-10-14T02:43:54.306+0000] {processor.py:925} INFO - DAG(s) 'dataset_alias_example_alias_consumer', 'dataset_alias_example_alias_producer', 'dataset_s3_bucket_consumer', 'dataset_s3_bucket_producer' retrieved from /home/airflow/.local/lib/python3.12/site-packages/airflow/example_dags/example_dataset_alias.py
[2024-10-14T02:43:54.336+0000] {logging_mixin.py:190} INFO - [2024-10-14T02:43:54.336+0000] {dag.py:3239} INFO - Sync 4 DAGs
[2024-10-14T02:43:54.365+0000] {logging_mixin.py:190} INFO - [2024-10-14T02:43:54.364+0000] {dag.py:4180} INFO - Setting next_dagrun for dataset_alias_example_alias_consumer to None, run_after=None
[2024-10-14T02:43:54.367+0000] {logging_mixin.py:190} INFO - [2024-10-14T02:43:54.367+0000] {dag.py:4180} INFO - Setting next_dagrun for dataset_alias_example_alias_producer to None, run_after=None
[2024-10-14T02:43:54.369+0000] {logging_mixin.py:190} INFO - [2024-10-14T02:43:54.369+0000] {dag.py:4180} INFO - Setting next_dagrun for dataset_s3_bucket_consumer to None, run_after=None
[2024-10-14T02:43:54.370+0000] {logging_mixin.py:190} INFO - [2024-10-14T02:43:54.370+0000] {dag.py:4180} INFO - Setting next_dagrun for dataset_s3_bucket_producer to None, run_after=None
[2024-10-14T02:43:54.399+0000] {processor.py:208} INFO - Processing /home/airflow/.local/lib/python3.12/site-packages/airflow/example_dags/example_dataset_alias.py took 0.274 seconds
[2024-10-14T02:44:28.461+0000] {processor.py:186} INFO - Started process (PID=887) to work on /home/airflow/.local/lib/python3.12/site-packages/airflow/example_dags/example_dataset_alias.py
[2024-10-14T02:44:28.461+0000] {processor.py:914} INFO - Processing file /home/airflow/.local/lib/python3.12/site-packages/airflow/example_dags/example_dataset_alias.py for tasks to queue
[2024-10-14T02:44:28.464+0000] {logging_mixin.py:190} INFO - [2024-10-14T02:44:28.463+0000] {dagbag.py:588} INFO - Filling up the DagBag from /home/airflow/.local/lib/python3.12/site-packages/airflow/example_dags/example_dataset_alias.py
[2024-10-14T02:44:28.597+0000] {processor.py:925} INFO - DAG(s) 'dataset_s3_bucket_producer', 'dataset_alias_example_alias_producer', 'dataset_s3_bucket_consumer', 'dataset_alias_example_alias_consumer' retrieved from /home/airflow/.local/lib/python3.12/site-packages/airflow/example_dags/example_dataset_alias.py
[2024-10-14T02:44:28.620+0000] {logging_mixin.py:190} INFO - [2024-10-14T02:44:28.620+0000] {dag.py:3239} INFO - Sync 4 DAGs
[2024-10-14T02:44:28.647+0000] {logging_mixin.py:190} INFO - [2024-10-14T02:44:28.646+0000] {dag.py:4180} INFO - Setting next_dagrun for dataset_alias_example_alias_consumer to None, run_after=None
[2024-10-14T02:44:28.651+0000] {logging_mixin.py:190} INFO - [2024-10-14T02:44:28.650+0000] {dag.py:4180} INFO - Setting next_dagrun for dataset_alias_example_alias_producer to None, run_after=None
[2024-10-14T02:44:28.653+0000] {logging_mixin.py:190} INFO - [2024-10-14T02:44:28.652+0000] {dag.py:4180} INFO - Setting next_dagrun for dataset_s3_bucket_consumer to None, run_after=None
[2024-10-14T02:44:28.655+0000] {logging_mixin.py:190} INFO - [2024-10-14T02:44:28.654+0000] {dag.py:4180} INFO - Setting next_dagrun for dataset_s3_bucket_producer to None, run_after=None
[2024-10-14T02:44:28.678+0000] {processor.py:208} INFO - Processing /home/airflow/.local/lib/python3.12/site-packages/airflow/example_dags/example_dataset_alias.py took 0.223 seconds
[2024-10-14T02:45:01.397+0000] {processor.py:186} INFO - Started process (PID=954) to work on /home/airflow/.local/lib/python3.12/site-packages/airflow/example_dags/example_dataset_alias.py
[2024-10-14T02:45:01.398+0000] {processor.py:914} INFO - Processing file /home/airflow/.local/lib/python3.12/site-packages/airflow/example_dags/example_dataset_alias.py for tasks to queue
[2024-10-14T02:45:01.401+0000] {logging_mixin.py:190} INFO - [2024-10-14T02:45:01.400+0000] {dagbag.py:588} INFO - Filling up the DagBag from /home/airflow/.local/lib/python3.12/site-packages/airflow/example_dags/example_dataset_alias.py
[2024-10-14T02:45:01.580+0000] {processor.py:925} INFO - DAG(s) 'dataset_s3_bucket_producer', 'dataset_alias_example_alias_producer', 'dataset_alias_example_alias_consumer', 'dataset_s3_bucket_consumer' retrieved from /home/airflow/.local/lib/python3.12/site-packages/airflow/example_dags/example_dataset_alias.py
[2024-10-14T02:45:01.611+0000] {logging_mixin.py:190} INFO - [2024-10-14T02:45:01.610+0000] {dag.py:3239} INFO - Sync 4 DAGs
[2024-10-14T02:45:01.642+0000] {logging_mixin.py:190} INFO - [2024-10-14T02:45:01.642+0000] {dag.py:4180} INFO - Setting next_dagrun for dataset_alias_example_alias_consumer to None, run_after=None
[2024-10-14T02:45:01.645+0000] {logging_mixin.py:190} INFO - [2024-10-14T02:45:01.645+0000] {dag.py:4180} INFO - Setting next_dagrun for dataset_alias_example_alias_producer to None, run_after=None
[2024-10-14T02:45:01.647+0000] {logging_mixin.py:190} INFO - [2024-10-14T02:45:01.647+0000] {dag.py:4180} INFO - Setting next_dagrun for dataset_s3_bucket_consumer to None, run_after=None
[2024-10-14T02:45:01.650+0000] {logging_mixin.py:190} INFO - [2024-10-14T02:45:01.650+0000] {dag.py:4180} INFO - Setting next_dagrun for dataset_s3_bucket_producer to None, run_after=None
[2024-10-14T02:45:01.697+0000] {processor.py:208} INFO - Processing /home/airflow/.local/lib/python3.12/site-packages/airflow/example_dags/example_dataset_alias.py took 0.306 seconds
[2024-10-14T02:45:33.885+0000] {processor.py:186} INFO - Started process (PID=1018) to work on /home/airflow/.local/lib/python3.12/site-packages/airflow/example_dags/example_dataset_alias.py
[2024-10-14T02:45:33.886+0000] {processor.py:914} INFO - Processing file /home/airflow/.local/lib/python3.12/site-packages/airflow/example_dags/example_dataset_alias.py for tasks to queue
[2024-10-14T02:45:33.889+0000] {logging_mixin.py:190} INFO - [2024-10-14T02:45:33.889+0000] {dagbag.py:588} INFO - Filling up the DagBag from /home/airflow/.local/lib/python3.12/site-packages/airflow/example_dags/example_dataset_alias.py
[2024-10-14T02:45:34.038+0000] {processor.py:925} INFO - DAG(s) 'dataset_alias_example_alias_producer', 'dataset_s3_bucket_consumer', 'dataset_alias_example_alias_consumer', 'dataset_s3_bucket_producer' retrieved from /home/airflow/.local/lib/python3.12/site-packages/airflow/example_dags/example_dataset_alias.py
[2024-10-14T02:45:34.061+0000] {logging_mixin.py:190} INFO - [2024-10-14T02:45:34.060+0000] {dag.py:3239} INFO - Sync 4 DAGs
[2024-10-14T02:45:34.085+0000] {logging_mixin.py:190} INFO - [2024-10-14T02:45:34.085+0000] {dag.py:4180} INFO - Setting next_dagrun for dataset_alias_example_alias_consumer to None, run_after=None
[2024-10-14T02:45:34.088+0000] {logging_mixin.py:190} INFO - [2024-10-14T02:45:34.088+0000] {dag.py:4180} INFO - Setting next_dagrun for dataset_alias_example_alias_producer to None, run_after=None
[2024-10-14T02:45:34.090+0000] {logging_mixin.py:190} INFO - [2024-10-14T02:45:34.089+0000] {dag.py:4180} INFO - Setting next_dagrun for dataset_s3_bucket_consumer to None, run_after=None
[2024-10-14T02:45:34.091+0000] {logging_mixin.py:190} INFO - [2024-10-14T02:45:34.091+0000] {dag.py:4180} INFO - Setting next_dagrun for dataset_s3_bucket_producer to None, run_after=None
[2024-10-14T02:45:34.116+0000] {processor.py:208} INFO - Processing /home/airflow/.local/lib/python3.12/site-packages/airflow/example_dags/example_dataset_alias.py took 0.238 seconds
[2024-10-14T02:46:07.619+0000] {processor.py:186} INFO - Started process (PID=1082) to work on /home/airflow/.local/lib/python3.12/site-packages/airflow/example_dags/example_dataset_alias.py
[2024-10-14T02:46:07.620+0000] {processor.py:914} INFO - Processing file /home/airflow/.local/lib/python3.12/site-packages/airflow/example_dags/example_dataset_alias.py for tasks to queue
[2024-10-14T02:46:07.622+0000] {logging_mixin.py:190} INFO - [2024-10-14T02:46:07.622+0000] {dagbag.py:588} INFO - Filling up the DagBag from /home/airflow/.local/lib/python3.12/site-packages/airflow/example_dags/example_dataset_alias.py
[2024-10-14T02:46:07.859+0000] {processor.py:925} INFO - DAG(s) 'dataset_alias_example_alias_producer', 'dataset_s3_bucket_producer', 'dataset_s3_bucket_consumer', 'dataset_alias_example_alias_consumer' retrieved from /home/airflow/.local/lib/python3.12/site-packages/airflow/example_dags/example_dataset_alias.py
[2024-10-14T02:46:07.899+0000] {logging_mixin.py:190} INFO - [2024-10-14T02:46:07.899+0000] {dag.py:3239} INFO - Sync 4 DAGs
[2024-10-14T02:46:07.944+0000] {logging_mixin.py:190} INFO - [2024-10-14T02:46:07.944+0000] {dag.py:4180} INFO - Setting next_dagrun for dataset_alias_example_alias_consumer to None, run_after=None
[2024-10-14T02:46:07.948+0000] {logging_mixin.py:190} INFO - [2024-10-14T02:46:07.948+0000] {dag.py:4180} INFO - Setting next_dagrun for dataset_alias_example_alias_producer to None, run_after=None
[2024-10-14T02:46:07.950+0000] {logging_mixin.py:190} INFO - [2024-10-14T02:46:07.950+0000] {dag.py:4180} INFO - Setting next_dagrun for dataset_s3_bucket_consumer to None, run_after=None
[2024-10-14T02:46:07.953+0000] {logging_mixin.py:190} INFO - [2024-10-14T02:46:07.953+0000] {dag.py:4180} INFO - Setting next_dagrun for dataset_s3_bucket_producer to None, run_after=None
[2024-10-14T02:46:07.995+0000] {processor.py:208} INFO - Processing /home/airflow/.local/lib/python3.12/site-packages/airflow/example_dags/example_dataset_alias.py took 0.382 seconds
[2024-10-14T02:46:40.037+0000] {processor.py:186} INFO - Started process (PID=1146) to work on /home/airflow/.local/lib/python3.12/site-packages/airflow/example_dags/example_dataset_alias.py
[2024-10-14T02:46:40.038+0000] {processor.py:914} INFO - Processing file /home/airflow/.local/lib/python3.12/site-packages/airflow/example_dags/example_dataset_alias.py for tasks to queue
[2024-10-14T02:46:40.040+0000] {logging_mixin.py:190} INFO - [2024-10-14T02:46:40.040+0000] {dagbag.py:588} INFO - Filling up the DagBag from /home/airflow/.local/lib/python3.12/site-packages/airflow/example_dags/example_dataset_alias.py
[2024-10-14T02:46:40.209+0000] {processor.py:925} INFO - DAG(s) 'dataset_alias_example_alias_producer', 'dataset_s3_bucket_producer', 'dataset_alias_example_alias_consumer', 'dataset_s3_bucket_consumer' retrieved from /home/airflow/.local/lib/python3.12/site-packages/airflow/example_dags/example_dataset_alias.py
[2024-10-14T02:46:40.236+0000] {logging_mixin.py:190} INFO - [2024-10-14T02:46:40.235+0000] {dag.py:3239} INFO - Sync 4 DAGs
[2024-10-14T02:46:40.260+0000] {logging_mixin.py:190} INFO - [2024-10-14T02:46:40.259+0000] {dag.py:4180} INFO - Setting next_dagrun for dataset_alias_example_alias_consumer to None, run_after=None
[2024-10-14T02:46:40.264+0000] {logging_mixin.py:190} INFO - [2024-10-14T02:46:40.264+0000] {dag.py:4180} INFO - Setting next_dagrun for dataset_alias_example_alias_producer to None, run_after=None
[2024-10-14T02:46:40.266+0000] {logging_mixin.py:190} INFO - [2024-10-14T02:46:40.266+0000] {dag.py:4180} INFO - Setting next_dagrun for dataset_s3_bucket_consumer to None, run_after=None
[2024-10-14T02:46:40.267+0000] {logging_mixin.py:190} INFO - [2024-10-14T02:46:40.267+0000] {dag.py:4180} INFO - Setting next_dagrun for dataset_s3_bucket_producer to None, run_after=None
[2024-10-14T02:46:40.295+0000] {processor.py:208} INFO - Processing /home/airflow/.local/lib/python3.12/site-packages/airflow/example_dags/example_dataset_alias.py took 0.263 seconds
[2024-10-14T02:47:13.388+0000] {processor.py:186} INFO - Started process (PID=1211) to work on /home/airflow/.local/lib/python3.12/site-packages/airflow/example_dags/example_dataset_alias.py
[2024-10-14T02:47:13.389+0000] {processor.py:914} INFO - Processing file /home/airflow/.local/lib/python3.12/site-packages/airflow/example_dags/example_dataset_alias.py for tasks to queue
[2024-10-14T02:47:13.392+0000] {logging_mixin.py:190} INFO - [2024-10-14T02:47:13.391+0000] {dagbag.py:588} INFO - Filling up the DagBag from /home/airflow/.local/lib/python3.12/site-packages/airflow/example_dags/example_dataset_alias.py
[2024-10-14T02:47:13.529+0000] {processor.py:925} INFO - DAG(s) 'dataset_alias_example_alias_producer', 'dataset_alias_example_alias_consumer', 'dataset_s3_bucket_producer', 'dataset_s3_bucket_consumer' retrieved from /home/airflow/.local/lib/python3.12/site-packages/airflow/example_dags/example_dataset_alias.py
[2024-10-14T02:47:13.554+0000] {logging_mixin.py:190} INFO - [2024-10-14T02:47:13.554+0000] {dag.py:3239} INFO - Sync 4 DAGs
[2024-10-14T02:47:13.576+0000] {logging_mixin.py:190} INFO - [2024-10-14T02:47:13.575+0000] {dag.py:4180} INFO - Setting next_dagrun for dataset_alias_example_alias_consumer to None, run_after=None
[2024-10-14T02:47:13.579+0000] {logging_mixin.py:190} INFO - [2024-10-14T02:47:13.579+0000] {dag.py:4180} INFO - Setting next_dagrun for dataset_alias_example_alias_producer to None, run_after=None
[2024-10-14T02:47:13.581+0000] {logging_mixin.py:190} INFO - [2024-10-14T02:47:13.581+0000] {dag.py:4180} INFO - Setting next_dagrun for dataset_s3_bucket_consumer to None, run_after=None
[2024-10-14T02:47:13.583+0000] {logging_mixin.py:190} INFO - [2024-10-14T02:47:13.583+0000] {dag.py:4180} INFO - Setting next_dagrun for dataset_s3_bucket_producer to None, run_after=None
[2024-10-14T02:47:13.610+0000] {processor.py:208} INFO - Processing /home/airflow/.local/lib/python3.12/site-packages/airflow/example_dags/example_dataset_alias.py took 0.229 seconds
[2024-10-14T02:47:45.615+0000] {processor.py:186} INFO - Started process (PID=1274) to work on /home/airflow/.local/lib/python3.12/site-packages/airflow/example_dags/example_dataset_alias.py
[2024-10-14T02:47:45.616+0000] {processor.py:914} INFO - Processing file /home/airflow/.local/lib/python3.12/site-packages/airflow/example_dags/example_dataset_alias.py for tasks to queue
[2024-10-14T02:47:45.619+0000] {logging_mixin.py:190} INFO - [2024-10-14T02:47:45.618+0000] {dagbag.py:588} INFO - Filling up the DagBag from /home/airflow/.local/lib/python3.12/site-packages/airflow/example_dags/example_dataset_alias.py
[2024-10-14T02:47:45.755+0000] {processor.py:925} INFO - DAG(s) 'dataset_alias_example_alias_consumer', 'dataset_alias_example_alias_producer', 'dataset_s3_bucket_producer', 'dataset_s3_bucket_consumer' retrieved from /home/airflow/.local/lib/python3.12/site-packages/airflow/example_dags/example_dataset_alias.py
[2024-10-14T02:47:45.777+0000] {logging_mixin.py:190} INFO - [2024-10-14T02:47:45.777+0000] {dag.py:3239} INFO - Sync 4 DAGs
[2024-10-14T02:47:45.796+0000] {logging_mixin.py:190} INFO - [2024-10-14T02:47:45.795+0000] {dag.py:4180} INFO - Setting next_dagrun for dataset_alias_example_alias_consumer to None, run_after=None
[2024-10-14T02:47:45.798+0000] {logging_mixin.py:190} INFO - [2024-10-14T02:47:45.798+0000] {dag.py:4180} INFO - Setting next_dagrun for dataset_alias_example_alias_producer to None, run_after=None
[2024-10-14T02:47:45.800+0000] {logging_mixin.py:190} INFO - [2024-10-14T02:47:45.800+0000] {dag.py:4180} INFO - Setting next_dagrun for dataset_s3_bucket_consumer to None, run_after=None
[2024-10-14T02:47:45.802+0000] {logging_mixin.py:190} INFO - [2024-10-14T02:47:45.802+0000] {dag.py:4180} INFO - Setting next_dagrun for dataset_s3_bucket_producer to None, run_after=None
[2024-10-14T02:47:45.828+0000] {processor.py:208} INFO - Processing /home/airflow/.local/lib/python3.12/site-packages/airflow/example_dags/example_dataset_alias.py took 0.219 seconds
