[2024-10-14T02:26:55.483+0000] {processor.py:186} INFO - Started process (PID=113) to work on /home/airflow/.local/lib/python3.12/site-packages/airflow/example_dags/example_kubernetes_executor.py
[2024-10-14T02:26:55.484+0000] {processor.py:914} INFO - Processing file /home/airflow/.local/lib/python3.12/site-packages/airflow/example_dags/example_kubernetes_executor.py for tasks to queue
[2024-10-14T02:26:55.487+0000] {logging_mixin.py:190} INFO - [2024-10-14T02:26:55.487+0000] {dagbag.py:588} INFO - Filling up the DagBag from /home/airflow/.local/lib/python3.12/site-packages/airflow/example_dags/example_kubernetes_executor.py
[2024-10-14T02:26:55.505+0000] {processor.py:925} INFO - DAG(s) 'example_kubernetes_executor' retrieved from /home/airflow/.local/lib/python3.12/site-packages/airflow/example_dags/example_kubernetes_executor.py
[2024-10-14T02:26:55.639+0000] {logging_mixin.py:190} INFO - [2024-10-14T02:26:55.638+0000] {override.py:1900} INFO - Created Permission View: can delete on DAG:example_kubernetes_executor
[2024-10-14T02:26:55.654+0000] {logging_mixin.py:190} INFO - [2024-10-14T02:26:55.654+0000] {override.py:1900} INFO - Created Permission View: can edit on DAG:example_kubernetes_executor
[2024-10-14T02:26:55.663+0000] {logging_mixin.py:190} INFO - [2024-10-14T02:26:55.663+0000] {override.py:1900} INFO - Created Permission View: can read on DAG:example_kubernetes_executor
[2024-10-14T02:26:55.674+0000] {logging_mixin.py:190} INFO - [2024-10-14T02:26:55.673+0000] {override.py:1900} INFO - Created Permission View: can delete on DAG Run:example_kubernetes_executor
[2024-10-14T02:26:55.682+0000] {logging_mixin.py:190} INFO - [2024-10-14T02:26:55.681+0000] {override.py:1900} INFO - Created Permission View: can create on DAG Run:example_kubernetes_executor
[2024-10-14T02:26:55.691+0000] {logging_mixin.py:190} INFO - [2024-10-14T02:26:55.690+0000] {override.py:1900} INFO - Created Permission View: menu access on DAG Run:example_kubernetes_executor
[2024-10-14T02:26:55.698+0000] {logging_mixin.py:190} INFO - [2024-10-14T02:26:55.697+0000] {override.py:1900} INFO - Created Permission View: can read on DAG Run:example_kubernetes_executor
[2024-10-14T02:26:55.698+0000] {logging_mixin.py:190} INFO - [2024-10-14T02:26:55.698+0000] {dag.py:3239} INFO - Sync 1 DAGs
[2024-10-14T02:26:55.711+0000] {logging_mixin.py:190} INFO - [2024-10-14T02:26:55.711+0000] {dag.py:3262} INFO - Creating ORM DAG for example_kubernetes_executor
[2024-10-14T02:26:55.713+0000] {logging_mixin.py:190} INFO - [2024-10-14T02:26:55.712+0000] {dag.py:4180} INFO - Setting next_dagrun for example_kubernetes_executor to None, run_after=None
[2024-10-14T02:26:55.729+0000] {processor.py:208} INFO - Processing /home/airflow/.local/lib/python3.12/site-packages/airflow/example_dags/example_kubernetes_executor.py took 0.253 seconds
[2024-10-14T02:27:26.103+0000] {processor.py:186} INFO - Started process (PID=174) to work on /home/airflow/.local/lib/python3.12/site-packages/airflow/example_dags/example_kubernetes_executor.py
[2024-10-14T02:27:26.104+0000] {processor.py:914} INFO - Processing file /home/airflow/.local/lib/python3.12/site-packages/airflow/example_dags/example_kubernetes_executor.py for tasks to queue
[2024-10-14T02:27:26.107+0000] {logging_mixin.py:190} INFO - [2024-10-14T02:27:26.106+0000] {dagbag.py:588} INFO - Filling up the DagBag from /home/airflow/.local/lib/python3.12/site-packages/airflow/example_dags/example_kubernetes_executor.py
[2024-10-14T02:27:26.119+0000] {processor.py:925} INFO - DAG(s) 'example_kubernetes_executor' retrieved from /home/airflow/.local/lib/python3.12/site-packages/airflow/example_dags/example_kubernetes_executor.py
[2024-10-14T02:27:26.154+0000] {logging_mixin.py:190} INFO - [2024-10-14T02:27:26.153+0000] {dag.py:3239} INFO - Sync 1 DAGs
[2024-10-14T02:27:26.169+0000] {logging_mixin.py:190} INFO - [2024-10-14T02:27:26.169+0000] {dag.py:4180} INFO - Setting next_dagrun for example_kubernetes_executor to None, run_after=None
[2024-10-14T02:27:26.188+0000] {processor.py:208} INFO - Processing /home/airflow/.local/lib/python3.12/site-packages/airflow/example_dags/example_kubernetes_executor.py took 0.091 seconds
[2024-10-14T02:27:56.559+0000] {processor.py:186} INFO - Started process (PID=237) to work on /home/airflow/.local/lib/python3.12/site-packages/airflow/example_dags/example_kubernetes_executor.py
[2024-10-14T02:27:56.560+0000] {processor.py:914} INFO - Processing file /home/airflow/.local/lib/python3.12/site-packages/airflow/example_dags/example_kubernetes_executor.py for tasks to queue
[2024-10-14T02:27:56.563+0000] {logging_mixin.py:190} INFO - [2024-10-14T02:27:56.562+0000] {dagbag.py:588} INFO - Filling up the DagBag from /home/airflow/.local/lib/python3.12/site-packages/airflow/example_dags/example_kubernetes_executor.py
[2024-10-14T02:27:56.576+0000] {processor.py:925} INFO - DAG(s) 'example_kubernetes_executor' retrieved from /home/airflow/.local/lib/python3.12/site-packages/airflow/example_dags/example_kubernetes_executor.py
[2024-10-14T02:27:56.609+0000] {logging_mixin.py:190} INFO - [2024-10-14T02:27:56.609+0000] {dag.py:3239} INFO - Sync 1 DAGs
[2024-10-14T02:27:56.622+0000] {logging_mixin.py:190} INFO - [2024-10-14T02:27:56.622+0000] {dag.py:4180} INFO - Setting next_dagrun for example_kubernetes_executor to None, run_after=None
[2024-10-14T02:27:56.661+0000] {processor.py:208} INFO - Processing /home/airflow/.local/lib/python3.12/site-packages/airflow/example_dags/example_kubernetes_executor.py took 0.107 seconds
[2024-10-14T02:28:29.219+0000] {processor.py:186} INFO - Started process (PID=301) to work on /home/airflow/.local/lib/python3.12/site-packages/airflow/example_dags/example_kubernetes_executor.py
[2024-10-14T02:28:29.221+0000] {processor.py:914} INFO - Processing file /home/airflow/.local/lib/python3.12/site-packages/airflow/example_dags/example_kubernetes_executor.py for tasks to queue
[2024-10-14T02:28:29.223+0000] {logging_mixin.py:190} INFO - [2024-10-14T02:28:29.223+0000] {dagbag.py:588} INFO - Filling up the DagBag from /home/airflow/.local/lib/python3.12/site-packages/airflow/example_dags/example_kubernetes_executor.py
[2024-10-14T02:28:29.238+0000] {processor.py:925} INFO - DAG(s) 'example_kubernetes_executor' retrieved from /home/airflow/.local/lib/python3.12/site-packages/airflow/example_dags/example_kubernetes_executor.py
[2024-10-14T02:28:29.276+0000] {logging_mixin.py:190} INFO - [2024-10-14T02:28:29.276+0000] {dag.py:3239} INFO - Sync 1 DAGs
[2024-10-14T02:28:29.294+0000] {logging_mixin.py:190} INFO - [2024-10-14T02:28:29.293+0000] {dag.py:4180} INFO - Setting next_dagrun for example_kubernetes_executor to None, run_after=None
[2024-10-14T02:28:29.320+0000] {processor.py:208} INFO - Processing /home/airflow/.local/lib/python3.12/site-packages/airflow/example_dags/example_kubernetes_executor.py took 0.107 seconds
[2024-10-14T02:29:02.871+0000] {processor.py:186} INFO - Started process (PID=364) to work on /home/airflow/.local/lib/python3.12/site-packages/airflow/example_dags/example_kubernetes_executor.py
[2024-10-14T02:29:02.878+0000] {processor.py:914} INFO - Processing file /home/airflow/.local/lib/python3.12/site-packages/airflow/example_dags/example_kubernetes_executor.py for tasks to queue
[2024-10-14T02:29:02.881+0000] {logging_mixin.py:190} INFO - [2024-10-14T02:29:02.881+0000] {dagbag.py:588} INFO - Filling up the DagBag from /home/airflow/.local/lib/python3.12/site-packages/airflow/example_dags/example_kubernetes_executor.py
[2024-10-14T02:29:02.898+0000] {processor.py:925} INFO - DAG(s) 'example_kubernetes_executor' retrieved from /home/airflow/.local/lib/python3.12/site-packages/airflow/example_dags/example_kubernetes_executor.py
[2024-10-14T02:29:02.933+0000] {logging_mixin.py:190} INFO - [2024-10-14T02:29:02.933+0000] {dag.py:3239} INFO - Sync 1 DAGs
[2024-10-14T02:29:02.949+0000] {logging_mixin.py:190} INFO - [2024-10-14T02:29:02.949+0000] {dag.py:4180} INFO - Setting next_dagrun for example_kubernetes_executor to None, run_after=None
[2024-10-14T02:29:02.978+0000] {processor.py:208} INFO - Processing /home/airflow/.local/lib/python3.12/site-packages/airflow/example_dags/example_kubernetes_executor.py took 0.119 seconds
[2024-10-14T02:29:35.693+0000] {processor.py:186} INFO - Started process (PID=427) to work on /home/airflow/.local/lib/python3.12/site-packages/airflow/example_dags/example_kubernetes_executor.py
[2024-10-14T02:29:35.694+0000] {processor.py:914} INFO - Processing file /home/airflow/.local/lib/python3.12/site-packages/airflow/example_dags/example_kubernetes_executor.py for tasks to queue
[2024-10-14T02:29:35.698+0000] {logging_mixin.py:190} INFO - [2024-10-14T02:29:35.697+0000] {dagbag.py:588} INFO - Filling up the DagBag from /home/airflow/.local/lib/python3.12/site-packages/airflow/example_dags/example_kubernetes_executor.py
[2024-10-14T02:29:35.715+0000] {processor.py:925} INFO - DAG(s) 'example_kubernetes_executor' retrieved from /home/airflow/.local/lib/python3.12/site-packages/airflow/example_dags/example_kubernetes_executor.py
[2024-10-14T02:29:35.756+0000] {logging_mixin.py:190} INFO - [2024-10-14T02:29:35.756+0000] {dag.py:3239} INFO - Sync 1 DAGs
[2024-10-14T02:29:35.772+0000] {logging_mixin.py:190} INFO - [2024-10-14T02:29:35.771+0000] {dag.py:4180} INFO - Setting next_dagrun for example_kubernetes_executor to None, run_after=None
[2024-10-14T02:29:35.793+0000] {processor.py:208} INFO - Processing /home/airflow/.local/lib/python3.12/site-packages/airflow/example_dags/example_kubernetes_executor.py took 0.107 seconds
[2024-10-14T02:30:08.111+0000] {processor.py:186} INFO - Started process (PID=490) to work on /home/airflow/.local/lib/python3.12/site-packages/airflow/example_dags/example_kubernetes_executor.py
[2024-10-14T02:30:08.112+0000] {processor.py:914} INFO - Processing file /home/airflow/.local/lib/python3.12/site-packages/airflow/example_dags/example_kubernetes_executor.py for tasks to queue
[2024-10-14T02:30:08.115+0000] {logging_mixin.py:190} INFO - [2024-10-14T02:30:08.115+0000] {dagbag.py:588} INFO - Filling up the DagBag from /home/airflow/.local/lib/python3.12/site-packages/airflow/example_dags/example_kubernetes_executor.py
[2024-10-14T02:30:08.129+0000] {processor.py:925} INFO - DAG(s) 'example_kubernetes_executor' retrieved from /home/airflow/.local/lib/python3.12/site-packages/airflow/example_dags/example_kubernetes_executor.py
[2024-10-14T02:30:08.170+0000] {logging_mixin.py:190} INFO - [2024-10-14T02:30:08.170+0000] {dag.py:3239} INFO - Sync 1 DAGs
[2024-10-14T02:30:08.185+0000] {logging_mixin.py:190} INFO - [2024-10-14T02:30:08.185+0000] {dag.py:4180} INFO - Setting next_dagrun for example_kubernetes_executor to None, run_after=None
[2024-10-14T02:30:08.210+0000] {processor.py:208} INFO - Processing /home/airflow/.local/lib/python3.12/site-packages/airflow/example_dags/example_kubernetes_executor.py took 0.105 seconds
[2024-10-14T02:30:40.954+0000] {processor.py:186} INFO - Started process (PID=554) to work on /home/airflow/.local/lib/python3.12/site-packages/airflow/example_dags/example_kubernetes_executor.py
[2024-10-14T02:30:40.955+0000] {processor.py:914} INFO - Processing file /home/airflow/.local/lib/python3.12/site-packages/airflow/example_dags/example_kubernetes_executor.py for tasks to queue
[2024-10-14T02:30:40.957+0000] {logging_mixin.py:190} INFO - [2024-10-14T02:30:40.957+0000] {dagbag.py:588} INFO - Filling up the DagBag from /home/airflow/.local/lib/python3.12/site-packages/airflow/example_dags/example_kubernetes_executor.py
[2024-10-14T02:30:40.973+0000] {processor.py:925} INFO - DAG(s) 'example_kubernetes_executor' retrieved from /home/airflow/.local/lib/python3.12/site-packages/airflow/example_dags/example_kubernetes_executor.py
[2024-10-14T02:30:41.012+0000] {logging_mixin.py:190} INFO - [2024-10-14T02:30:41.012+0000] {dag.py:3239} INFO - Sync 1 DAGs
[2024-10-14T02:30:41.030+0000] {logging_mixin.py:190} INFO - [2024-10-14T02:30:41.030+0000] {dag.py:4180} INFO - Setting next_dagrun for example_kubernetes_executor to None, run_after=None
[2024-10-14T02:30:41.051+0000] {processor.py:208} INFO - Processing /home/airflow/.local/lib/python3.12/site-packages/airflow/example_dags/example_kubernetes_executor.py took 0.104 seconds
[2024-10-14T02:31:14.130+0000] {processor.py:186} INFO - Started process (PID=616) to work on /home/airflow/.local/lib/python3.12/site-packages/airflow/example_dags/example_kubernetes_executor.py
[2024-10-14T02:31:14.131+0000] {processor.py:914} INFO - Processing file /home/airflow/.local/lib/python3.12/site-packages/airflow/example_dags/example_kubernetes_executor.py for tasks to queue
[2024-10-14T02:31:14.133+0000] {logging_mixin.py:190} INFO - [2024-10-14T02:31:14.133+0000] {dagbag.py:588} INFO - Filling up the DagBag from /home/airflow/.local/lib/python3.12/site-packages/airflow/example_dags/example_kubernetes_executor.py
[2024-10-14T02:31:14.147+0000] {processor.py:925} INFO - DAG(s) 'example_kubernetes_executor' retrieved from /home/airflow/.local/lib/python3.12/site-packages/airflow/example_dags/example_kubernetes_executor.py
[2024-10-14T02:31:14.184+0000] {logging_mixin.py:190} INFO - [2024-10-14T02:31:14.184+0000] {dag.py:3239} INFO - Sync 1 DAGs
[2024-10-14T02:31:14.198+0000] {logging_mixin.py:190} INFO - [2024-10-14T02:31:14.197+0000] {dag.py:4180} INFO - Setting next_dagrun for example_kubernetes_executor to None, run_after=None
[2024-10-14T02:31:14.221+0000] {processor.py:208} INFO - Processing /home/airflow/.local/lib/python3.12/site-packages/airflow/example_dags/example_kubernetes_executor.py took 0.097 seconds
[2024-10-14T02:31:47.543+0000] {processor.py:186} INFO - Started process (PID=680) to work on /home/airflow/.local/lib/python3.12/site-packages/airflow/example_dags/example_kubernetes_executor.py
[2024-10-14T02:31:47.546+0000] {processor.py:914} INFO - Processing file /home/airflow/.local/lib/python3.12/site-packages/airflow/example_dags/example_kubernetes_executor.py for tasks to queue
[2024-10-14T02:31:47.550+0000] {logging_mixin.py:190} INFO - [2024-10-14T02:31:47.549+0000] {dagbag.py:588} INFO - Filling up the DagBag from /home/airflow/.local/lib/python3.12/site-packages/airflow/example_dags/example_kubernetes_executor.py
[2024-10-14T02:31:47.568+0000] {processor.py:925} INFO - DAG(s) 'example_kubernetes_executor' retrieved from /home/airflow/.local/lib/python3.12/site-packages/airflow/example_dags/example_kubernetes_executor.py
[2024-10-14T02:31:47.626+0000] {logging_mixin.py:190} INFO - [2024-10-14T02:31:47.626+0000] {dag.py:3239} INFO - Sync 1 DAGs
[2024-10-14T02:31:47.647+0000] {logging_mixin.py:190} INFO - [2024-10-14T02:31:47.646+0000] {dag.py:4180} INFO - Setting next_dagrun for example_kubernetes_executor to None, run_after=None
[2024-10-14T02:31:47.675+0000] {processor.py:208} INFO - Processing /home/airflow/.local/lib/python3.12/site-packages/airflow/example_dags/example_kubernetes_executor.py took 0.139 seconds
[2024-10-14T02:32:19.746+0000] {processor.py:186} INFO - Started process (PID=743) to work on /home/airflow/.local/lib/python3.12/site-packages/airflow/example_dags/example_kubernetes_executor.py
[2024-10-14T02:32:19.747+0000] {processor.py:914} INFO - Processing file /home/airflow/.local/lib/python3.12/site-packages/airflow/example_dags/example_kubernetes_executor.py for tasks to queue
[2024-10-14T02:32:19.749+0000] {logging_mixin.py:190} INFO - [2024-10-14T02:32:19.749+0000] {dagbag.py:588} INFO - Filling up the DagBag from /home/airflow/.local/lib/python3.12/site-packages/airflow/example_dags/example_kubernetes_executor.py
[2024-10-14T02:32:19.761+0000] {processor.py:925} INFO - DAG(s) 'example_kubernetes_executor' retrieved from /home/airflow/.local/lib/python3.12/site-packages/airflow/example_dags/example_kubernetes_executor.py
[2024-10-14T02:32:19.797+0000] {logging_mixin.py:190} INFO - [2024-10-14T02:32:19.797+0000] {dag.py:3239} INFO - Sync 1 DAGs
[2024-10-14T02:32:19.813+0000] {logging_mixin.py:190} INFO - [2024-10-14T02:32:19.813+0000] {dag.py:4180} INFO - Setting next_dagrun for example_kubernetes_executor to None, run_after=None
[2024-10-14T02:32:19.834+0000] {processor.py:208} INFO - Processing /home/airflow/.local/lib/python3.12/site-packages/airflow/example_dags/example_kubernetes_executor.py took 0.094 seconds
[2024-10-14T02:32:53.478+0000] {processor.py:186} INFO - Started process (PID=806) to work on /home/airflow/.local/lib/python3.12/site-packages/airflow/example_dags/example_kubernetes_executor.py
[2024-10-14T02:32:53.479+0000] {processor.py:914} INFO - Processing file /home/airflow/.local/lib/python3.12/site-packages/airflow/example_dags/example_kubernetes_executor.py for tasks to queue
[2024-10-14T02:32:53.483+0000] {logging_mixin.py:190} INFO - [2024-10-14T02:32:53.482+0000] {dagbag.py:588} INFO - Filling up the DagBag from /home/airflow/.local/lib/python3.12/site-packages/airflow/example_dags/example_kubernetes_executor.py
[2024-10-14T02:32:53.503+0000] {processor.py:925} INFO - DAG(s) 'example_kubernetes_executor' retrieved from /home/airflow/.local/lib/python3.12/site-packages/airflow/example_dags/example_kubernetes_executor.py
[2024-10-14T02:32:53.541+0000] {logging_mixin.py:190} INFO - [2024-10-14T02:32:53.541+0000] {dag.py:3239} INFO - Sync 1 DAGs
[2024-10-14T02:32:53.562+0000] {logging_mixin.py:190} INFO - [2024-10-14T02:32:53.561+0000] {dag.py:4180} INFO - Setting next_dagrun for example_kubernetes_executor to None, run_after=None
[2024-10-14T02:32:53.582+0000] {processor.py:208} INFO - Processing /home/airflow/.local/lib/python3.12/site-packages/airflow/example_dags/example_kubernetes_executor.py took 0.110 seconds
[2024-10-14T02:33:25.713+0000] {processor.py:186} INFO - Started process (PID=871) to work on /home/airflow/.local/lib/python3.12/site-packages/airflow/example_dags/example_kubernetes_executor.py
[2024-10-14T02:33:25.714+0000] {processor.py:914} INFO - Processing file /home/airflow/.local/lib/python3.12/site-packages/airflow/example_dags/example_kubernetes_executor.py for tasks to queue
[2024-10-14T02:33:25.716+0000] {logging_mixin.py:190} INFO - [2024-10-14T02:33:25.716+0000] {dagbag.py:588} INFO - Filling up the DagBag from /home/airflow/.local/lib/python3.12/site-packages/airflow/example_dags/example_kubernetes_executor.py
[2024-10-14T02:33:25.734+0000] {processor.py:925} INFO - DAG(s) 'example_kubernetes_executor' retrieved from /home/airflow/.local/lib/python3.12/site-packages/airflow/example_dags/example_kubernetes_executor.py
[2024-10-14T02:33:25.777+0000] {logging_mixin.py:190} INFO - [2024-10-14T02:33:25.777+0000] {dag.py:3239} INFO - Sync 1 DAGs
[2024-10-14T02:33:25.789+0000] {logging_mixin.py:190} INFO - [2024-10-14T02:33:25.789+0000] {dag.py:4180} INFO - Setting next_dagrun for example_kubernetes_executor to None, run_after=None
[2024-10-14T02:33:25.806+0000] {processor.py:208} INFO - Processing /home/airflow/.local/lib/python3.12/site-packages/airflow/example_dags/example_kubernetes_executor.py took 0.099 seconds
[2024-10-14T02:33:59.518+0000] {processor.py:186} INFO - Started process (PID=933) to work on /home/airflow/.local/lib/python3.12/site-packages/airflow/example_dags/example_kubernetes_executor.py
[2024-10-14T02:33:59.520+0000] {processor.py:914} INFO - Processing file /home/airflow/.local/lib/python3.12/site-packages/airflow/example_dags/example_kubernetes_executor.py for tasks to queue
[2024-10-14T02:33:59.522+0000] {logging_mixin.py:190} INFO - [2024-10-14T02:33:59.522+0000] {dagbag.py:588} INFO - Filling up the DagBag from /home/airflow/.local/lib/python3.12/site-packages/airflow/example_dags/example_kubernetes_executor.py
[2024-10-14T02:33:59.537+0000] {processor.py:925} INFO - DAG(s) 'example_kubernetes_executor' retrieved from /home/airflow/.local/lib/python3.12/site-packages/airflow/example_dags/example_kubernetes_executor.py
[2024-10-14T02:33:59.581+0000] {logging_mixin.py:190} INFO - [2024-10-14T02:33:59.581+0000] {dag.py:3239} INFO - Sync 1 DAGs
[2024-10-14T02:33:59.595+0000] {logging_mixin.py:190} INFO - [2024-10-14T02:33:59.595+0000] {dag.py:4180} INFO - Setting next_dagrun for example_kubernetes_executor to None, run_after=None
[2024-10-14T02:33:59.615+0000] {processor.py:208} INFO - Processing /home/airflow/.local/lib/python3.12/site-packages/airflow/example_dags/example_kubernetes_executor.py took 0.102 seconds
[2024-10-14T02:34:32.669+0000] {processor.py:186} INFO - Started process (PID=997) to work on /home/airflow/.local/lib/python3.12/site-packages/airflow/example_dags/example_kubernetes_executor.py
[2024-10-14T02:34:32.670+0000] {processor.py:914} INFO - Processing file /home/airflow/.local/lib/python3.12/site-packages/airflow/example_dags/example_kubernetes_executor.py for tasks to queue
[2024-10-14T02:34:32.672+0000] {logging_mixin.py:190} INFO - [2024-10-14T02:34:32.672+0000] {dagbag.py:588} INFO - Filling up the DagBag from /home/airflow/.local/lib/python3.12/site-packages/airflow/example_dags/example_kubernetes_executor.py
[2024-10-14T02:34:32.695+0000] {processor.py:925} INFO - DAG(s) 'example_kubernetes_executor' retrieved from /home/airflow/.local/lib/python3.12/site-packages/airflow/example_dags/example_kubernetes_executor.py
[2024-10-14T02:34:32.749+0000] {logging_mixin.py:190} INFO - [2024-10-14T02:34:32.749+0000] {dag.py:3239} INFO - Sync 1 DAGs
[2024-10-14T02:34:32.771+0000] {logging_mixin.py:190} INFO - [2024-10-14T02:34:32.771+0000] {dag.py:4180} INFO - Setting next_dagrun for example_kubernetes_executor to None, run_after=None
[2024-10-14T02:34:32.796+0000] {processor.py:208} INFO - Processing /home/airflow/.local/lib/python3.12/site-packages/airflow/example_dags/example_kubernetes_executor.py took 0.137 seconds
[2024-10-14T02:35:05.831+0000] {processor.py:186} INFO - Started process (PID=1060) to work on /home/airflow/.local/lib/python3.12/site-packages/airflow/example_dags/example_kubernetes_executor.py
[2024-10-14T02:35:05.833+0000] {processor.py:914} INFO - Processing file /home/airflow/.local/lib/python3.12/site-packages/airflow/example_dags/example_kubernetes_executor.py for tasks to queue
[2024-10-14T02:35:05.836+0000] {logging_mixin.py:190} INFO - [2024-10-14T02:35:05.835+0000] {dagbag.py:588} INFO - Filling up the DagBag from /home/airflow/.local/lib/python3.12/site-packages/airflow/example_dags/example_kubernetes_executor.py
[2024-10-14T02:35:05.852+0000] {processor.py:925} INFO - DAG(s) 'example_kubernetes_executor' retrieved from /home/airflow/.local/lib/python3.12/site-packages/airflow/example_dags/example_kubernetes_executor.py
[2024-10-14T02:35:05.895+0000] {logging_mixin.py:190} INFO - [2024-10-14T02:35:05.895+0000] {dag.py:3239} INFO - Sync 1 DAGs
[2024-10-14T02:35:05.909+0000] {logging_mixin.py:190} INFO - [2024-10-14T02:35:05.909+0000] {dag.py:4180} INFO - Setting next_dagrun for example_kubernetes_executor to None, run_after=None
[2024-10-14T02:35:05.933+0000] {processor.py:208} INFO - Processing /home/airflow/.local/lib/python3.12/site-packages/airflow/example_dags/example_kubernetes_executor.py took 0.110 seconds
[2024-10-14T02:35:38.885+0000] {processor.py:186} INFO - Started process (PID=1122) to work on /home/airflow/.local/lib/python3.12/site-packages/airflow/example_dags/example_kubernetes_executor.py
[2024-10-14T02:35:38.886+0000] {processor.py:914} INFO - Processing file /home/airflow/.local/lib/python3.12/site-packages/airflow/example_dags/example_kubernetes_executor.py for tasks to queue
[2024-10-14T02:35:38.890+0000] {logging_mixin.py:190} INFO - [2024-10-14T02:35:38.889+0000] {dagbag.py:588} INFO - Filling up the DagBag from /home/airflow/.local/lib/python3.12/site-packages/airflow/example_dags/example_kubernetes_executor.py
[2024-10-14T02:35:38.905+0000] {processor.py:925} INFO - DAG(s) 'example_kubernetes_executor' retrieved from /home/airflow/.local/lib/python3.12/site-packages/airflow/example_dags/example_kubernetes_executor.py
[2024-10-14T02:35:38.948+0000] {logging_mixin.py:190} INFO - [2024-10-14T02:35:38.948+0000] {dag.py:3239} INFO - Sync 1 DAGs
[2024-10-14T02:35:38.966+0000] {logging_mixin.py:190} INFO - [2024-10-14T02:35:38.965+0000] {dag.py:4180} INFO - Setting next_dagrun for example_kubernetes_executor to None, run_after=None
[2024-10-14T02:35:38.991+0000] {processor.py:208} INFO - Processing /home/airflow/.local/lib/python3.12/site-packages/airflow/example_dags/example_kubernetes_executor.py took 0.116 seconds
[2024-10-14T02:36:12.624+0000] {processor.py:186} INFO - Started process (PID=1186) to work on /home/airflow/.local/lib/python3.12/site-packages/airflow/example_dags/example_kubernetes_executor.py
[2024-10-14T02:36:12.625+0000] {processor.py:914} INFO - Processing file /home/airflow/.local/lib/python3.12/site-packages/airflow/example_dags/example_kubernetes_executor.py for tasks to queue
[2024-10-14T02:36:12.627+0000] {logging_mixin.py:190} INFO - [2024-10-14T02:36:12.627+0000] {dagbag.py:588} INFO - Filling up the DagBag from /home/airflow/.local/lib/python3.12/site-packages/airflow/example_dags/example_kubernetes_executor.py
[2024-10-14T02:36:12.639+0000] {processor.py:925} INFO - DAG(s) 'example_kubernetes_executor' retrieved from /home/airflow/.local/lib/python3.12/site-packages/airflow/example_dags/example_kubernetes_executor.py
[2024-10-14T02:36:12.677+0000] {logging_mixin.py:190} INFO - [2024-10-14T02:36:12.677+0000] {dag.py:3239} INFO - Sync 1 DAGs
[2024-10-14T02:36:12.691+0000] {logging_mixin.py:190} INFO - [2024-10-14T02:36:12.691+0000] {dag.py:4180} INFO - Setting next_dagrun for example_kubernetes_executor to None, run_after=None
[2024-10-14T02:36:12.712+0000] {processor.py:208} INFO - Processing /home/airflow/.local/lib/python3.12/site-packages/airflow/example_dags/example_kubernetes_executor.py took 0.093 seconds
[2024-10-14T02:37:50.504+0000] {processor.py:186} INFO - Started process (PID=113) to work on /home/airflow/.local/lib/python3.12/site-packages/airflow/example_dags/example_kubernetes_executor.py
[2024-10-14T02:37:50.506+0000] {processor.py:914} INFO - Processing file /home/airflow/.local/lib/python3.12/site-packages/airflow/example_dags/example_kubernetes_executor.py for tasks to queue
[2024-10-14T02:37:50.509+0000] {logging_mixin.py:190} INFO - [2024-10-14T02:37:50.509+0000] {dagbag.py:588} INFO - Filling up the DagBag from /home/airflow/.local/lib/python3.12/site-packages/airflow/example_dags/example_kubernetes_executor.py
[2024-10-14T02:37:50.532+0000] {processor.py:925} INFO - DAG(s) 'example_kubernetes_executor' retrieved from /home/airflow/.local/lib/python3.12/site-packages/airflow/example_dags/example_kubernetes_executor.py
[2024-10-14T02:37:50.576+0000] {logging_mixin.py:190} INFO - [2024-10-14T02:37:50.576+0000] {dag.py:3239} INFO - Sync 1 DAGs
[2024-10-14T02:37:50.591+0000] {logging_mixin.py:190} INFO - [2024-10-14T02:37:50.591+0000] {dag.py:4180} INFO - Setting next_dagrun for example_kubernetes_executor to None, run_after=None
[2024-10-14T02:37:50.613+0000] {processor.py:208} INFO - Processing /home/airflow/.local/lib/python3.12/site-packages/airflow/example_dags/example_kubernetes_executor.py took 0.116 seconds
[2024-10-14T02:38:23.341+0000] {processor.py:186} INFO - Started process (PID=177) to work on /home/airflow/.local/lib/python3.12/site-packages/airflow/example_dags/example_kubernetes_executor.py
[2024-10-14T02:38:23.342+0000] {processor.py:914} INFO - Processing file /home/airflow/.local/lib/python3.12/site-packages/airflow/example_dags/example_kubernetes_executor.py for tasks to queue
[2024-10-14T02:38:23.344+0000] {logging_mixin.py:190} INFO - [2024-10-14T02:38:23.344+0000] {dagbag.py:588} INFO - Filling up the DagBag from /home/airflow/.local/lib/python3.12/site-packages/airflow/example_dags/example_kubernetes_executor.py
[2024-10-14T02:38:23.357+0000] {processor.py:925} INFO - DAG(s) 'example_kubernetes_executor' retrieved from /home/airflow/.local/lib/python3.12/site-packages/airflow/example_dags/example_kubernetes_executor.py
[2024-10-14T02:38:23.396+0000] {logging_mixin.py:190} INFO - [2024-10-14T02:38:23.395+0000] {dag.py:3239} INFO - Sync 1 DAGs
[2024-10-14T02:38:23.407+0000] {logging_mixin.py:190} INFO - [2024-10-14T02:38:23.407+0000] {dag.py:4180} INFO - Setting next_dagrun for example_kubernetes_executor to None, run_after=None
[2024-10-14T02:38:23.427+0000] {processor.py:208} INFO - Processing /home/airflow/.local/lib/python3.12/site-packages/airflow/example_dags/example_kubernetes_executor.py took 0.091 seconds
[2024-10-14T02:38:58.646+0000] {processor.py:186} INFO - Started process (PID=242) to work on /home/airflow/.local/lib/python3.12/site-packages/airflow/example_dags/example_kubernetes_executor.py
[2024-10-14T02:38:58.648+0000] {processor.py:914} INFO - Processing file /home/airflow/.local/lib/python3.12/site-packages/airflow/example_dags/example_kubernetes_executor.py for tasks to queue
[2024-10-14T02:38:58.650+0000] {logging_mixin.py:190} INFO - [2024-10-14T02:38:58.650+0000] {dagbag.py:588} INFO - Filling up the DagBag from /home/airflow/.local/lib/python3.12/site-packages/airflow/example_dags/example_kubernetes_executor.py
[2024-10-14T02:38:58.667+0000] {processor.py:925} INFO - DAG(s) 'example_kubernetes_executor' retrieved from /home/airflow/.local/lib/python3.12/site-packages/airflow/example_dags/example_kubernetes_executor.py
[2024-10-14T02:38:58.717+0000] {logging_mixin.py:190} INFO - [2024-10-14T02:38:58.717+0000] {dag.py:3239} INFO - Sync 1 DAGs
[2024-10-14T02:38:58.737+0000] {logging_mixin.py:190} INFO - [2024-10-14T02:38:58.736+0000] {dag.py:4180} INFO - Setting next_dagrun for example_kubernetes_executor to None, run_after=None
[2024-10-14T02:38:58.764+0000] {processor.py:208} INFO - Processing /home/airflow/.local/lib/python3.12/site-packages/airflow/example_dags/example_kubernetes_executor.py took 0.125 seconds
[2024-10-14T02:39:30.183+0000] {processor.py:186} INFO - Started process (PID=306) to work on /home/airflow/.local/lib/python3.12/site-packages/airflow/example_dags/example_kubernetes_executor.py
[2024-10-14T02:39:30.184+0000] {processor.py:914} INFO - Processing file /home/airflow/.local/lib/python3.12/site-packages/airflow/example_dags/example_kubernetes_executor.py for tasks to queue
[2024-10-14T02:39:30.187+0000] {logging_mixin.py:190} INFO - [2024-10-14T02:39:30.186+0000] {dagbag.py:588} INFO - Filling up the DagBag from /home/airflow/.local/lib/python3.12/site-packages/airflow/example_dags/example_kubernetes_executor.py
[2024-10-14T02:39:30.208+0000] {processor.py:925} INFO - DAG(s) 'example_kubernetes_executor' retrieved from /home/airflow/.local/lib/python3.12/site-packages/airflow/example_dags/example_kubernetes_executor.py
[2024-10-14T02:39:30.258+0000] {logging_mixin.py:190} INFO - [2024-10-14T02:39:30.258+0000] {dag.py:3239} INFO - Sync 1 DAGs
[2024-10-14T02:39:30.281+0000] {logging_mixin.py:190} INFO - [2024-10-14T02:39:30.281+0000] {dag.py:4180} INFO - Setting next_dagrun for example_kubernetes_executor to None, run_after=None
[2024-10-14T02:39:30.334+0000] {processor.py:208} INFO - Processing /home/airflow/.local/lib/python3.12/site-packages/airflow/example_dags/example_kubernetes_executor.py took 0.159 seconds
[2024-10-14T02:40:03.392+0000] {processor.py:186} INFO - Started process (PID=370) to work on /home/airflow/.local/lib/python3.12/site-packages/airflow/example_dags/example_kubernetes_executor.py
[2024-10-14T02:40:03.393+0000] {processor.py:914} INFO - Processing file /home/airflow/.local/lib/python3.12/site-packages/airflow/example_dags/example_kubernetes_executor.py for tasks to queue
[2024-10-14T02:40:03.395+0000] {logging_mixin.py:190} INFO - [2024-10-14T02:40:03.395+0000] {dagbag.py:588} INFO - Filling up the DagBag from /home/airflow/.local/lib/python3.12/site-packages/airflow/example_dags/example_kubernetes_executor.py
[2024-10-14T02:40:03.409+0000] {processor.py:925} INFO - DAG(s) 'example_kubernetes_executor' retrieved from /home/airflow/.local/lib/python3.12/site-packages/airflow/example_dags/example_kubernetes_executor.py
[2024-10-14T02:40:03.443+0000] {logging_mixin.py:190} INFO - [2024-10-14T02:40:03.442+0000] {dag.py:3239} INFO - Sync 1 DAGs
[2024-10-14T02:40:03.456+0000] {logging_mixin.py:190} INFO - [2024-10-14T02:40:03.455+0000] {dag.py:4180} INFO - Setting next_dagrun for example_kubernetes_executor to None, run_after=None
[2024-10-14T02:40:03.476+0000] {processor.py:208} INFO - Processing /home/airflow/.local/lib/python3.12/site-packages/airflow/example_dags/example_kubernetes_executor.py took 0.089 seconds
[2024-10-14T02:40:36.073+0000] {processor.py:186} INFO - Started process (PID=434) to work on /home/airflow/.local/lib/python3.12/site-packages/airflow/example_dags/example_kubernetes_executor.py
[2024-10-14T02:40:36.074+0000] {processor.py:914} INFO - Processing file /home/airflow/.local/lib/python3.12/site-packages/airflow/example_dags/example_kubernetes_executor.py for tasks to queue
[2024-10-14T02:40:36.077+0000] {logging_mixin.py:190} INFO - [2024-10-14T02:40:36.076+0000] {dagbag.py:588} INFO - Filling up the DagBag from /home/airflow/.local/lib/python3.12/site-packages/airflow/example_dags/example_kubernetes_executor.py
[2024-10-14T02:40:36.089+0000] {processor.py:925} INFO - DAG(s) 'example_kubernetes_executor' retrieved from /home/airflow/.local/lib/python3.12/site-packages/airflow/example_dags/example_kubernetes_executor.py
[2024-10-14T02:40:36.126+0000] {logging_mixin.py:190} INFO - [2024-10-14T02:40:36.126+0000] {dag.py:3239} INFO - Sync 1 DAGs
[2024-10-14T02:40:36.139+0000] {logging_mixin.py:190} INFO - [2024-10-14T02:40:36.139+0000] {dag.py:4180} INFO - Setting next_dagrun for example_kubernetes_executor to None, run_after=None
[2024-10-14T02:40:36.170+0000] {processor.py:208} INFO - Processing /home/airflow/.local/lib/python3.12/site-packages/airflow/example_dags/example_kubernetes_executor.py took 0.104 seconds
[2024-10-14T02:41:08.037+0000] {processor.py:186} INFO - Started process (PID=498) to work on /home/airflow/.local/lib/python3.12/site-packages/airflow/example_dags/example_kubernetes_executor.py
[2024-10-14T02:41:08.038+0000] {processor.py:914} INFO - Processing file /home/airflow/.local/lib/python3.12/site-packages/airflow/example_dags/example_kubernetes_executor.py for tasks to queue
[2024-10-14T02:41:08.040+0000] {logging_mixin.py:190} INFO - [2024-10-14T02:41:08.040+0000] {dagbag.py:588} INFO - Filling up the DagBag from /home/airflow/.local/lib/python3.12/site-packages/airflow/example_dags/example_kubernetes_executor.py
[2024-10-14T02:41:08.052+0000] {processor.py:925} INFO - DAG(s) 'example_kubernetes_executor' retrieved from /home/airflow/.local/lib/python3.12/site-packages/airflow/example_dags/example_kubernetes_executor.py
[2024-10-14T02:41:08.085+0000] {logging_mixin.py:190} INFO - [2024-10-14T02:41:08.084+0000] {dag.py:3239} INFO - Sync 1 DAGs
[2024-10-14T02:41:08.098+0000] {logging_mixin.py:190} INFO - [2024-10-14T02:41:08.098+0000] {dag.py:4180} INFO - Setting next_dagrun for example_kubernetes_executor to None, run_after=None
[2024-10-14T02:41:08.120+0000] {processor.py:208} INFO - Processing /home/airflow/.local/lib/python3.12/site-packages/airflow/example_dags/example_kubernetes_executor.py took 0.088 seconds
[2024-10-14T02:41:41.292+0000] {processor.py:186} INFO - Started process (PID=562) to work on /home/airflow/.local/lib/python3.12/site-packages/airflow/example_dags/example_kubernetes_executor.py
[2024-10-14T02:41:41.293+0000] {processor.py:914} INFO - Processing file /home/airflow/.local/lib/python3.12/site-packages/airflow/example_dags/example_kubernetes_executor.py for tasks to queue
[2024-10-14T02:41:41.296+0000] {logging_mixin.py:190} INFO - [2024-10-14T02:41:41.296+0000] {dagbag.py:588} INFO - Filling up the DagBag from /home/airflow/.local/lib/python3.12/site-packages/airflow/example_dags/example_kubernetes_executor.py
[2024-10-14T02:41:41.309+0000] {processor.py:925} INFO - DAG(s) 'example_kubernetes_executor' retrieved from /home/airflow/.local/lib/python3.12/site-packages/airflow/example_dags/example_kubernetes_executor.py
[2024-10-14T02:41:41.341+0000] {logging_mixin.py:190} INFO - [2024-10-14T02:41:41.341+0000] {dag.py:3239} INFO - Sync 1 DAGs
[2024-10-14T02:41:41.353+0000] {logging_mixin.py:190} INFO - [2024-10-14T02:41:41.353+0000] {dag.py:4180} INFO - Setting next_dagrun for example_kubernetes_executor to None, run_after=None
[2024-10-14T02:41:41.372+0000] {processor.py:208} INFO - Processing /home/airflow/.local/lib/python3.12/site-packages/airflow/example_dags/example_kubernetes_executor.py took 0.085 seconds
[2024-10-14T02:42:14.825+0000] {processor.py:186} INFO - Started process (PID=626) to work on /home/airflow/.local/lib/python3.12/site-packages/airflow/example_dags/example_kubernetes_executor.py
[2024-10-14T02:42:14.826+0000] {processor.py:914} INFO - Processing file /home/airflow/.local/lib/python3.12/site-packages/airflow/example_dags/example_kubernetes_executor.py for tasks to queue
[2024-10-14T02:42:14.831+0000] {logging_mixin.py:190} INFO - [2024-10-14T02:42:14.831+0000] {dagbag.py:588} INFO - Filling up the DagBag from /home/airflow/.local/lib/python3.12/site-packages/airflow/example_dags/example_kubernetes_executor.py
[2024-10-14T02:42:14.846+0000] {processor.py:925} INFO - DAG(s) 'example_kubernetes_executor' retrieved from /home/airflow/.local/lib/python3.12/site-packages/airflow/example_dags/example_kubernetes_executor.py
[2024-10-14T02:42:14.884+0000] {logging_mixin.py:190} INFO - [2024-10-14T02:42:14.884+0000] {dag.py:3239} INFO - Sync 1 DAGs
[2024-10-14T02:42:14.900+0000] {logging_mixin.py:190} INFO - [2024-10-14T02:42:14.899+0000] {dag.py:4180} INFO - Setting next_dagrun for example_kubernetes_executor to None, run_after=None
[2024-10-14T02:42:14.932+0000] {processor.py:208} INFO - Processing /home/airflow/.local/lib/python3.12/site-packages/airflow/example_dags/example_kubernetes_executor.py took 0.112 seconds
[2024-10-14T02:42:47.874+0000] {processor.py:186} INFO - Started process (PID=690) to work on /home/airflow/.local/lib/python3.12/site-packages/airflow/example_dags/example_kubernetes_executor.py
[2024-10-14T02:42:47.875+0000] {processor.py:914} INFO - Processing file /home/airflow/.local/lib/python3.12/site-packages/airflow/example_dags/example_kubernetes_executor.py for tasks to queue
[2024-10-14T02:42:47.877+0000] {logging_mixin.py:190} INFO - [2024-10-14T02:42:47.877+0000] {dagbag.py:588} INFO - Filling up the DagBag from /home/airflow/.local/lib/python3.12/site-packages/airflow/example_dags/example_kubernetes_executor.py
[2024-10-14T02:42:47.889+0000] {processor.py:925} INFO - DAG(s) 'example_kubernetes_executor' retrieved from /home/airflow/.local/lib/python3.12/site-packages/airflow/example_dags/example_kubernetes_executor.py
[2024-10-14T02:42:47.923+0000] {logging_mixin.py:190} INFO - [2024-10-14T02:42:47.922+0000] {dag.py:3239} INFO - Sync 1 DAGs
[2024-10-14T02:42:47.939+0000] {logging_mixin.py:190} INFO - [2024-10-14T02:42:47.938+0000] {dag.py:4180} INFO - Setting next_dagrun for example_kubernetes_executor to None, run_after=None
[2024-10-14T02:42:47.960+0000] {processor.py:208} INFO - Processing /home/airflow/.local/lib/python3.12/site-packages/airflow/example_dags/example_kubernetes_executor.py took 0.092 seconds
[2024-10-14T02:43:21.052+0000] {processor.py:186} INFO - Started process (PID=754) to work on /home/airflow/.local/lib/python3.12/site-packages/airflow/example_dags/example_kubernetes_executor.py
[2024-10-14T02:43:21.053+0000] {processor.py:914} INFO - Processing file /home/airflow/.local/lib/python3.12/site-packages/airflow/example_dags/example_kubernetes_executor.py for tasks to queue
[2024-10-14T02:43:21.056+0000] {logging_mixin.py:190} INFO - [2024-10-14T02:43:21.056+0000] {dagbag.py:588} INFO - Filling up the DagBag from /home/airflow/.local/lib/python3.12/site-packages/airflow/example_dags/example_kubernetes_executor.py
[2024-10-14T02:43:21.070+0000] {processor.py:925} INFO - DAG(s) 'example_kubernetes_executor' retrieved from /home/airflow/.local/lib/python3.12/site-packages/airflow/example_dags/example_kubernetes_executor.py
[2024-10-14T02:43:21.113+0000] {logging_mixin.py:190} INFO - [2024-10-14T02:43:21.113+0000] {dag.py:3239} INFO - Sync 1 DAGs
[2024-10-14T02:43:21.132+0000] {logging_mixin.py:190} INFO - [2024-10-14T02:43:21.131+0000] {dag.py:4180} INFO - Setting next_dagrun for example_kubernetes_executor to None, run_after=None
[2024-10-14T02:43:21.153+0000] {processor.py:208} INFO - Processing /home/airflow/.local/lib/python3.12/site-packages/airflow/example_dags/example_kubernetes_executor.py took 0.107 seconds
[2024-10-14T02:43:54.169+0000] {processor.py:186} INFO - Started process (PID=820) to work on /home/airflow/.local/lib/python3.12/site-packages/airflow/example_dags/example_kubernetes_executor.py
[2024-10-14T02:43:54.170+0000] {processor.py:914} INFO - Processing file /home/airflow/.local/lib/python3.12/site-packages/airflow/example_dags/example_kubernetes_executor.py for tasks to queue
[2024-10-14T02:43:54.173+0000] {logging_mixin.py:190} INFO - [2024-10-14T02:43:54.172+0000] {dagbag.py:588} INFO - Filling up the DagBag from /home/airflow/.local/lib/python3.12/site-packages/airflow/example_dags/example_kubernetes_executor.py
[2024-10-14T02:43:54.189+0000] {processor.py:925} INFO - DAG(s) 'example_kubernetes_executor' retrieved from /home/airflow/.local/lib/python3.12/site-packages/airflow/example_dags/example_kubernetes_executor.py
[2024-10-14T02:43:54.226+0000] {logging_mixin.py:190} INFO - [2024-10-14T02:43:54.226+0000] {dag.py:3239} INFO - Sync 1 DAGs
[2024-10-14T02:43:54.239+0000] {logging_mixin.py:190} INFO - [2024-10-14T02:43:54.239+0000] {dag.py:4180} INFO - Setting next_dagrun for example_kubernetes_executor to None, run_after=None
[2024-10-14T02:43:54.257+0000] {processor.py:208} INFO - Processing /home/airflow/.local/lib/python3.12/site-packages/airflow/example_dags/example_kubernetes_executor.py took 0.093 seconds
[2024-10-14T02:44:28.547+0000] {processor.py:186} INFO - Started process (PID=888) to work on /home/airflow/.local/lib/python3.12/site-packages/airflow/example_dags/example_kubernetes_executor.py
[2024-10-14T02:44:28.548+0000] {processor.py:914} INFO - Processing file /home/airflow/.local/lib/python3.12/site-packages/airflow/example_dags/example_kubernetes_executor.py for tasks to queue
[2024-10-14T02:44:28.551+0000] {logging_mixin.py:190} INFO - [2024-10-14T02:44:28.550+0000] {dagbag.py:588} INFO - Filling up the DagBag from /home/airflow/.local/lib/python3.12/site-packages/airflow/example_dags/example_kubernetes_executor.py
[2024-10-14T02:44:28.563+0000] {processor.py:925} INFO - DAG(s) 'example_kubernetes_executor' retrieved from /home/airflow/.local/lib/python3.12/site-packages/airflow/example_dags/example_kubernetes_executor.py
[2024-10-14T02:44:28.595+0000] {logging_mixin.py:190} INFO - [2024-10-14T02:44:28.595+0000] {dag.py:3239} INFO - Sync 1 DAGs
[2024-10-14T02:44:28.608+0000] {logging_mixin.py:190} INFO - [2024-10-14T02:44:28.608+0000] {dag.py:4180} INFO - Setting next_dagrun for example_kubernetes_executor to None, run_after=None
[2024-10-14T02:44:28.629+0000] {processor.py:208} INFO - Processing /home/airflow/.local/lib/python3.12/site-packages/airflow/example_dags/example_kubernetes_executor.py took 0.086 seconds
[2024-10-14T02:45:01.458+0000] {processor.py:186} INFO - Started process (PID=955) to work on /home/airflow/.local/lib/python3.12/site-packages/airflow/example_dags/example_kubernetes_executor.py
[2024-10-14T02:45:01.459+0000] {processor.py:914} INFO - Processing file /home/airflow/.local/lib/python3.12/site-packages/airflow/example_dags/example_kubernetes_executor.py for tasks to queue
[2024-10-14T02:45:01.463+0000] {logging_mixin.py:190} INFO - [2024-10-14T02:45:01.462+0000] {dagbag.py:588} INFO - Filling up the DagBag from /home/airflow/.local/lib/python3.12/site-packages/airflow/example_dags/example_kubernetes_executor.py
[2024-10-14T02:45:01.477+0000] {processor.py:925} INFO - DAG(s) 'example_kubernetes_executor' retrieved from /home/airflow/.local/lib/python3.12/site-packages/airflow/example_dags/example_kubernetes_executor.py
[2024-10-14T02:45:01.523+0000] {logging_mixin.py:190} INFO - [2024-10-14T02:45:01.523+0000] {dag.py:3239} INFO - Sync 1 DAGs
[2024-10-14T02:45:01.544+0000] {logging_mixin.py:190} INFO - [2024-10-14T02:45:01.544+0000] {dag.py:4180} INFO - Setting next_dagrun for example_kubernetes_executor to None, run_after=None
[2024-10-14T02:45:01.569+0000] {processor.py:208} INFO - Processing /home/airflow/.local/lib/python3.12/site-packages/airflow/example_dags/example_kubernetes_executor.py took 0.116 seconds
[2024-10-14T02:45:33.913+0000] {processor.py:186} INFO - Started process (PID=1019) to work on /home/airflow/.local/lib/python3.12/site-packages/airflow/example_dags/example_kubernetes_executor.py
[2024-10-14T02:45:33.914+0000] {processor.py:914} INFO - Processing file /home/airflow/.local/lib/python3.12/site-packages/airflow/example_dags/example_kubernetes_executor.py for tasks to queue
[2024-10-14T02:45:33.916+0000] {logging_mixin.py:190} INFO - [2024-10-14T02:45:33.916+0000] {dagbag.py:588} INFO - Filling up the DagBag from /home/airflow/.local/lib/python3.12/site-packages/airflow/example_dags/example_kubernetes_executor.py
[2024-10-14T02:45:33.929+0000] {processor.py:925} INFO - DAG(s) 'example_kubernetes_executor' retrieved from /home/airflow/.local/lib/python3.12/site-packages/airflow/example_dags/example_kubernetes_executor.py
[2024-10-14T02:45:33.966+0000] {logging_mixin.py:190} INFO - [2024-10-14T02:45:33.966+0000] {dag.py:3239} INFO - Sync 1 DAGs
[2024-10-14T02:45:33.980+0000] {logging_mixin.py:190} INFO - [2024-10-14T02:45:33.980+0000] {dag.py:4180} INFO - Setting next_dagrun for example_kubernetes_executor to None, run_after=None
[2024-10-14T02:45:34.000+0000] {processor.py:208} INFO - Processing /home/airflow/.local/lib/python3.12/site-packages/airflow/example_dags/example_kubernetes_executor.py took 0.093 seconds
[2024-10-14T02:46:07.681+0000] {processor.py:186} INFO - Started process (PID=1083) to work on /home/airflow/.local/lib/python3.12/site-packages/airflow/example_dags/example_kubernetes_executor.py
[2024-10-14T02:46:07.682+0000] {processor.py:914} INFO - Processing file /home/airflow/.local/lib/python3.12/site-packages/airflow/example_dags/example_kubernetes_executor.py for tasks to queue
[2024-10-14T02:46:07.685+0000] {logging_mixin.py:190} INFO - [2024-10-14T02:46:07.684+0000] {dagbag.py:588} INFO - Filling up the DagBag from /home/airflow/.local/lib/python3.12/site-packages/airflow/example_dags/example_kubernetes_executor.py
[2024-10-14T02:46:07.707+0000] {processor.py:925} INFO - DAG(s) 'example_kubernetes_executor' retrieved from /home/airflow/.local/lib/python3.12/site-packages/airflow/example_dags/example_kubernetes_executor.py
[2024-10-14T02:46:07.761+0000] {logging_mixin.py:190} INFO - [2024-10-14T02:46:07.761+0000] {dag.py:3239} INFO - Sync 1 DAGs
[2024-10-14T02:46:07.786+0000] {logging_mixin.py:190} INFO - [2024-10-14T02:46:07.785+0000] {dag.py:4180} INFO - Setting next_dagrun for example_kubernetes_executor to None, run_after=None
[2024-10-14T02:46:07.817+0000] {processor.py:208} INFO - Processing /home/airflow/.local/lib/python3.12/site-packages/airflow/example_dags/example_kubernetes_executor.py took 0.143 seconds
[2024-10-14T02:46:40.042+0000] {processor.py:186} INFO - Started process (PID=1147) to work on /home/airflow/.local/lib/python3.12/site-packages/airflow/example_dags/example_kubernetes_executor.py
[2024-10-14T02:46:40.042+0000] {processor.py:914} INFO - Processing file /home/airflow/.local/lib/python3.12/site-packages/airflow/example_dags/example_kubernetes_executor.py for tasks to queue
[2024-10-14T02:46:40.046+0000] {logging_mixin.py:190} INFO - [2024-10-14T02:46:40.046+0000] {dagbag.py:588} INFO - Filling up the DagBag from /home/airflow/.local/lib/python3.12/site-packages/airflow/example_dags/example_kubernetes_executor.py
[2024-10-14T02:46:40.063+0000] {processor.py:925} INFO - DAG(s) 'example_kubernetes_executor' retrieved from /home/airflow/.local/lib/python3.12/site-packages/airflow/example_dags/example_kubernetes_executor.py
[2024-10-14T02:46:40.105+0000] {logging_mixin.py:190} INFO - [2024-10-14T02:46:40.104+0000] {dag.py:3239} INFO - Sync 1 DAGs
[2024-10-14T02:46:40.125+0000] {logging_mixin.py:190} INFO - [2024-10-14T02:46:40.125+0000] {dag.py:4180} INFO - Setting next_dagrun for example_kubernetes_executor to None, run_after=None
[2024-10-14T02:46:40.153+0000] {processor.py:208} INFO - Processing /home/airflow/.local/lib/python3.12/site-packages/airflow/example_dags/example_kubernetes_executor.py took 0.117 seconds
[2024-10-14T02:47:13.304+0000] {processor.py:186} INFO - Started process (PID=1210) to work on /home/airflow/.local/lib/python3.12/site-packages/airflow/example_dags/example_kubernetes_executor.py
[2024-10-14T02:47:13.305+0000] {processor.py:914} INFO - Processing file /home/airflow/.local/lib/python3.12/site-packages/airflow/example_dags/example_kubernetes_executor.py for tasks to queue
[2024-10-14T02:47:13.307+0000] {logging_mixin.py:190} INFO - [2024-10-14T02:47:13.307+0000] {dagbag.py:588} INFO - Filling up the DagBag from /home/airflow/.local/lib/python3.12/site-packages/airflow/example_dags/example_kubernetes_executor.py
[2024-10-14T02:47:13.319+0000] {processor.py:925} INFO - DAG(s) 'example_kubernetes_executor' retrieved from /home/airflow/.local/lib/python3.12/site-packages/airflow/example_dags/example_kubernetes_executor.py
[2024-10-14T02:47:13.352+0000] {logging_mixin.py:190} INFO - [2024-10-14T02:47:13.352+0000] {dag.py:3239} INFO - Sync 1 DAGs
[2024-10-14T02:47:13.366+0000] {logging_mixin.py:190} INFO - [2024-10-14T02:47:13.366+0000] {dag.py:4180} INFO - Setting next_dagrun for example_kubernetes_executor to None, run_after=None
[2024-10-14T02:47:13.386+0000] {processor.py:208} INFO - Processing /home/airflow/.local/lib/python3.12/site-packages/airflow/example_dags/example_kubernetes_executor.py took 0.087 seconds
[2024-10-14T02:47:45.730+0000] {processor.py:186} INFO - Started process (PID=1275) to work on /home/airflow/.local/lib/python3.12/site-packages/airflow/example_dags/example_kubernetes_executor.py
[2024-10-14T02:47:45.731+0000] {processor.py:914} INFO - Processing file /home/airflow/.local/lib/python3.12/site-packages/airflow/example_dags/example_kubernetes_executor.py for tasks to queue
[2024-10-14T02:47:45.733+0000] {logging_mixin.py:190} INFO - [2024-10-14T02:47:45.733+0000] {dagbag.py:588} INFO - Filling up the DagBag from /home/airflow/.local/lib/python3.12/site-packages/airflow/example_dags/example_kubernetes_executor.py
[2024-10-14T02:47:45.745+0000] {processor.py:925} INFO - DAG(s) 'example_kubernetes_executor' retrieved from /home/airflow/.local/lib/python3.12/site-packages/airflow/example_dags/example_kubernetes_executor.py
[2024-10-14T02:47:45.778+0000] {logging_mixin.py:190} INFO - [2024-10-14T02:47:45.777+0000] {dag.py:3239} INFO - Sync 1 DAGs
[2024-10-14T02:47:45.789+0000] {logging_mixin.py:190} INFO - [2024-10-14T02:47:45.788+0000] {dag.py:4180} INFO - Setting next_dagrun for example_kubernetes_executor to None, run_after=None
[2024-10-14T02:47:45.809+0000] {processor.py:208} INFO - Processing /home/airflow/.local/lib/python3.12/site-packages/airflow/example_dags/example_kubernetes_executor.py took 0.084 seconds
