[2024-10-14T02:26:53.526+0000] {processor.py:186} INFO - Started process (PID=100) to work on /home/airflow/.local/lib/python3.12/site-packages/airflow/example_dags/example_sensors.py
[2024-10-14T02:26:53.528+0000] {processor.py:914} INFO - Processing file /home/airflow/.local/lib/python3.12/site-packages/airflow/example_dags/example_sensors.py for tasks to queue
[2024-10-14T02:26:53.531+0000] {logging_mixin.py:190} INFO - [2024-10-14T02:26:53.531+0000] {dagbag.py:588} INFO - Filling up the DagBag from /home/airflow/.local/lib/python3.12/site-packages/airflow/example_dags/example_sensors.py
[2024-10-14T02:26:53.548+0000] {processor.py:925} INFO - DAG(s) 'example_sensors' retrieved from /home/airflow/.local/lib/python3.12/site-packages/airflow/example_dags/example_sensors.py
[2024-10-14T02:26:53.661+0000] {logging_mixin.py:190} INFO - [2024-10-14T02:26:53.660+0000] {override.py:1900} INFO - Created Permission View: can delete on DAG:example_sensors
[2024-10-14T02:26:53.674+0000] {logging_mixin.py:190} INFO - [2024-10-14T02:26:53.674+0000] {override.py:1900} INFO - Created Permission View: can edit on DAG:example_sensors
[2024-10-14T02:26:53.682+0000] {logging_mixin.py:190} INFO - [2024-10-14T02:26:53.682+0000] {override.py:1900} INFO - Created Permission View: can read on DAG:example_sensors
[2024-10-14T02:26:53.692+0000] {logging_mixin.py:190} INFO - [2024-10-14T02:26:53.692+0000] {override.py:1900} INFO - Created Permission View: can delete on DAG Run:example_sensors
[2024-10-14T02:26:53.700+0000] {logging_mixin.py:190} INFO - [2024-10-14T02:26:53.700+0000] {override.py:1900} INFO - Created Permission View: can create on DAG Run:example_sensors
[2024-10-14T02:26:53.710+0000] {logging_mixin.py:190} INFO - [2024-10-14T02:26:53.709+0000] {override.py:1900} INFO - Created Permission View: menu access on DAG Run:example_sensors
[2024-10-14T02:26:53.718+0000] {logging_mixin.py:190} INFO - [2024-10-14T02:26:53.718+0000] {override.py:1900} INFO - Created Permission View: can read on DAG Run:example_sensors
[2024-10-14T02:26:53.719+0000] {logging_mixin.py:190} INFO - [2024-10-14T02:26:53.719+0000] {dag.py:3239} INFO - Sync 1 DAGs
[2024-10-14T02:26:53.735+0000] {logging_mixin.py:190} INFO - [2024-10-14T02:26:53.734+0000] {dag.py:3262} INFO - Creating ORM DAG for example_sensors
[2024-10-14T02:26:53.735+0000] {logging_mixin.py:190} INFO - [2024-10-14T02:26:53.735+0000] {dag.py:4180} INFO - Setting next_dagrun for example_sensors to None, run_after=None
[2024-10-14T02:26:53.759+0000] {processor.py:208} INFO - Processing /home/airflow/.local/lib/python3.12/site-packages/airflow/example_dags/example_sensors.py took 0.243 seconds
[2024-10-14T02:27:24.402+0000] {processor.py:186} INFO - Started process (PID=162) to work on /home/airflow/.local/lib/python3.12/site-packages/airflow/example_dags/example_sensors.py
[2024-10-14T02:27:24.403+0000] {processor.py:914} INFO - Processing file /home/airflow/.local/lib/python3.12/site-packages/airflow/example_dags/example_sensors.py for tasks to queue
[2024-10-14T02:27:24.405+0000] {logging_mixin.py:190} INFO - [2024-10-14T02:27:24.405+0000] {dagbag.py:588} INFO - Filling up the DagBag from /home/airflow/.local/lib/python3.12/site-packages/airflow/example_dags/example_sensors.py
[2024-10-14T02:27:24.417+0000] {processor.py:925} INFO - DAG(s) 'example_sensors' retrieved from /home/airflow/.local/lib/python3.12/site-packages/airflow/example_dags/example_sensors.py
[2024-10-14T02:27:24.442+0000] {logging_mixin.py:190} INFO - [2024-10-14T02:27:24.442+0000] {dag.py:3239} INFO - Sync 1 DAGs
[2024-10-14T02:27:24.457+0000] {logging_mixin.py:190} INFO - [2024-10-14T02:27:24.457+0000] {dag.py:4180} INFO - Setting next_dagrun for example_sensors to None, run_after=None
[2024-10-14T02:27:24.476+0000] {processor.py:208} INFO - Processing /home/airflow/.local/lib/python3.12/site-packages/airflow/example_dags/example_sensors.py took 0.080 seconds
[2024-10-14T02:27:55.752+0000] {processor.py:186} INFO - Started process (PID=225) to work on /home/airflow/.local/lib/python3.12/site-packages/airflow/example_dags/example_sensors.py
[2024-10-14T02:27:55.753+0000] {processor.py:914} INFO - Processing file /home/airflow/.local/lib/python3.12/site-packages/airflow/example_dags/example_sensors.py for tasks to queue
[2024-10-14T02:27:55.755+0000] {logging_mixin.py:190} INFO - [2024-10-14T02:27:55.755+0000] {dagbag.py:588} INFO - Filling up the DagBag from /home/airflow/.local/lib/python3.12/site-packages/airflow/example_dags/example_sensors.py
[2024-10-14T02:27:55.768+0000] {processor.py:925} INFO - DAG(s) 'example_sensors' retrieved from /home/airflow/.local/lib/python3.12/site-packages/airflow/example_dags/example_sensors.py
[2024-10-14T02:27:55.791+0000] {logging_mixin.py:190} INFO - [2024-10-14T02:27:55.791+0000] {dag.py:3239} INFO - Sync 1 DAGs
[2024-10-14T02:27:55.804+0000] {logging_mixin.py:190} INFO - [2024-10-14T02:27:55.804+0000] {dag.py:4180} INFO - Setting next_dagrun for example_sensors to None, run_after=None
[2024-10-14T02:27:55.824+0000] {processor.py:208} INFO - Processing /home/airflow/.local/lib/python3.12/site-packages/airflow/example_dags/example_sensors.py took 0.079 seconds
[2024-10-14T02:28:28.218+0000] {processor.py:186} INFO - Started process (PID=288) to work on /home/airflow/.local/lib/python3.12/site-packages/airflow/example_dags/example_sensors.py
[2024-10-14T02:28:28.219+0000] {processor.py:914} INFO - Processing file /home/airflow/.local/lib/python3.12/site-packages/airflow/example_dags/example_sensors.py for tasks to queue
[2024-10-14T02:28:28.222+0000] {logging_mixin.py:190} INFO - [2024-10-14T02:28:28.221+0000] {dagbag.py:588} INFO - Filling up the DagBag from /home/airflow/.local/lib/python3.12/site-packages/airflow/example_dags/example_sensors.py
[2024-10-14T02:28:28.236+0000] {processor.py:925} INFO - DAG(s) 'example_sensors' retrieved from /home/airflow/.local/lib/python3.12/site-packages/airflow/example_dags/example_sensors.py
[2024-10-14T02:28:28.272+0000] {logging_mixin.py:190} INFO - [2024-10-14T02:28:28.271+0000] {dag.py:3239} INFO - Sync 1 DAGs
[2024-10-14T02:28:28.288+0000] {logging_mixin.py:190} INFO - [2024-10-14T02:28:28.288+0000] {dag.py:4180} INFO - Setting next_dagrun for example_sensors to None, run_after=None
[2024-10-14T02:28:28.313+0000] {processor.py:208} INFO - Processing /home/airflow/.local/lib/python3.12/site-packages/airflow/example_dags/example_sensors.py took 0.104 seconds
[2024-10-14T02:29:02.007+0000] {processor.py:186} INFO - Started process (PID=351) to work on /home/airflow/.local/lib/python3.12/site-packages/airflow/example_dags/example_sensors.py
[2024-10-14T02:29:02.009+0000] {processor.py:914} INFO - Processing file /home/airflow/.local/lib/python3.12/site-packages/airflow/example_dags/example_sensors.py for tasks to queue
[2024-10-14T02:29:02.012+0000] {logging_mixin.py:190} INFO - [2024-10-14T02:29:02.011+0000] {dagbag.py:588} INFO - Filling up the DagBag from /home/airflow/.local/lib/python3.12/site-packages/airflow/example_dags/example_sensors.py
[2024-10-14T02:29:02.031+0000] {processor.py:925} INFO - DAG(s) 'example_sensors' retrieved from /home/airflow/.local/lib/python3.12/site-packages/airflow/example_dags/example_sensors.py
[2024-10-14T02:29:02.064+0000] {logging_mixin.py:190} INFO - [2024-10-14T02:29:02.063+0000] {dag.py:3239} INFO - Sync 1 DAGs
[2024-10-14T02:29:02.085+0000] {logging_mixin.py:190} INFO - [2024-10-14T02:29:02.085+0000] {dag.py:4180} INFO - Setting next_dagrun for example_sensors to None, run_after=None
[2024-10-14T02:29:02.105+0000] {processor.py:208} INFO - Processing /home/airflow/.local/lib/python3.12/site-packages/airflow/example_dags/example_sensors.py took 0.107 seconds
[2024-10-14T02:29:34.554+0000] {processor.py:186} INFO - Started process (PID=414) to work on /home/airflow/.local/lib/python3.12/site-packages/airflow/example_dags/example_sensors.py
[2024-10-14T02:29:34.555+0000] {processor.py:914} INFO - Processing file /home/airflow/.local/lib/python3.12/site-packages/airflow/example_dags/example_sensors.py for tasks to queue
[2024-10-14T02:29:34.558+0000] {logging_mixin.py:190} INFO - [2024-10-14T02:29:34.557+0000] {dagbag.py:588} INFO - Filling up the DagBag from /home/airflow/.local/lib/python3.12/site-packages/airflow/example_dags/example_sensors.py
[2024-10-14T02:29:34.568+0000] {processor.py:925} INFO - DAG(s) 'example_sensors' retrieved from /home/airflow/.local/lib/python3.12/site-packages/airflow/example_dags/example_sensors.py
[2024-10-14T02:29:34.592+0000] {logging_mixin.py:190} INFO - [2024-10-14T02:29:34.592+0000] {dag.py:3239} INFO - Sync 1 DAGs
[2024-10-14T02:29:34.605+0000] {logging_mixin.py:190} INFO - [2024-10-14T02:29:34.605+0000] {dag.py:4180} INFO - Setting next_dagrun for example_sensors to None, run_after=None
[2024-10-14T02:29:34.626+0000] {processor.py:208} INFO - Processing /home/airflow/.local/lib/python3.12/site-packages/airflow/example_dags/example_sensors.py took 0.077 seconds
[2024-10-14T02:30:07.212+0000] {processor.py:186} INFO - Started process (PID=471) to work on /home/airflow/.local/lib/python3.12/site-packages/airflow/example_dags/example_sensors.py
[2024-10-14T02:30:07.213+0000] {processor.py:914} INFO - Processing file /home/airflow/.local/lib/python3.12/site-packages/airflow/example_dags/example_sensors.py for tasks to queue
[2024-10-14T02:30:07.216+0000] {logging_mixin.py:190} INFO - [2024-10-14T02:30:07.215+0000] {dagbag.py:588} INFO - Filling up the DagBag from /home/airflow/.local/lib/python3.12/site-packages/airflow/example_dags/example_sensors.py
[2024-10-14T02:30:07.228+0000] {processor.py:925} INFO - DAG(s) 'example_sensors' retrieved from /home/airflow/.local/lib/python3.12/site-packages/airflow/example_dags/example_sensors.py
[2024-10-14T02:30:07.258+0000] {logging_mixin.py:190} INFO - [2024-10-14T02:30:07.257+0000] {dag.py:3239} INFO - Sync 1 DAGs
[2024-10-14T02:30:07.273+0000] {logging_mixin.py:190} INFO - [2024-10-14T02:30:07.272+0000] {dag.py:4180} INFO - Setting next_dagrun for example_sensors to None, run_after=None
[2024-10-14T02:30:07.297+0000] {processor.py:208} INFO - Processing /home/airflow/.local/lib/python3.12/site-packages/airflow/example_dags/example_sensors.py took 0.094 seconds
[2024-10-14T02:30:40.126+0000] {processor.py:186} INFO - Started process (PID=534) to work on /home/airflow/.local/lib/python3.12/site-packages/airflow/example_dags/example_sensors.py
[2024-10-14T02:30:40.127+0000] {processor.py:914} INFO - Processing file /home/airflow/.local/lib/python3.12/site-packages/airflow/example_dags/example_sensors.py for tasks to queue
[2024-10-14T02:30:40.129+0000] {logging_mixin.py:190} INFO - [2024-10-14T02:30:40.128+0000] {dagbag.py:588} INFO - Filling up the DagBag from /home/airflow/.local/lib/python3.12/site-packages/airflow/example_dags/example_sensors.py
[2024-10-14T02:30:40.140+0000] {processor.py:925} INFO - DAG(s) 'example_sensors' retrieved from /home/airflow/.local/lib/python3.12/site-packages/airflow/example_dags/example_sensors.py
[2024-10-14T02:30:40.165+0000] {logging_mixin.py:190} INFO - [2024-10-14T02:30:40.165+0000] {dag.py:3239} INFO - Sync 1 DAGs
[2024-10-14T02:30:40.178+0000] {logging_mixin.py:190} INFO - [2024-10-14T02:30:40.178+0000] {dag.py:4180} INFO - Setting next_dagrun for example_sensors to None, run_after=None
[2024-10-14T02:30:40.201+0000] {processor.py:208} INFO - Processing /home/airflow/.local/lib/python3.12/site-packages/airflow/example_dags/example_sensors.py took 0.084 seconds
[2024-10-14T02:31:13.307+0000] {processor.py:186} INFO - Started process (PID=604) to work on /home/airflow/.local/lib/python3.12/site-packages/airflow/example_dags/example_sensors.py
[2024-10-14T02:31:13.308+0000] {processor.py:914} INFO - Processing file /home/airflow/.local/lib/python3.12/site-packages/airflow/example_dags/example_sensors.py for tasks to queue
[2024-10-14T02:31:13.310+0000] {logging_mixin.py:190} INFO - [2024-10-14T02:31:13.310+0000] {dagbag.py:588} INFO - Filling up the DagBag from /home/airflow/.local/lib/python3.12/site-packages/airflow/example_dags/example_sensors.py
[2024-10-14T02:31:13.327+0000] {processor.py:925} INFO - DAG(s) 'example_sensors' retrieved from /home/airflow/.local/lib/python3.12/site-packages/airflow/example_dags/example_sensors.py
[2024-10-14T02:31:13.356+0000] {logging_mixin.py:190} INFO - [2024-10-14T02:31:13.356+0000] {dag.py:3239} INFO - Sync 1 DAGs
[2024-10-14T02:31:13.371+0000] {logging_mixin.py:190} INFO - [2024-10-14T02:31:13.371+0000] {dag.py:4180} INFO - Setting next_dagrun for example_sensors to None, run_after=None
[2024-10-14T02:31:13.392+0000] {processor.py:208} INFO - Processing /home/airflow/.local/lib/python3.12/site-packages/airflow/example_dags/example_sensors.py took 0.091 seconds
[2024-10-14T02:31:46.533+0000] {processor.py:186} INFO - Started process (PID=667) to work on /home/airflow/.local/lib/python3.12/site-packages/airflow/example_dags/example_sensors.py
[2024-10-14T02:31:46.534+0000] {processor.py:914} INFO - Processing file /home/airflow/.local/lib/python3.12/site-packages/airflow/example_dags/example_sensors.py for tasks to queue
[2024-10-14T02:31:46.538+0000] {logging_mixin.py:190} INFO - [2024-10-14T02:31:46.537+0000] {dagbag.py:588} INFO - Filling up the DagBag from /home/airflow/.local/lib/python3.12/site-packages/airflow/example_dags/example_sensors.py
[2024-10-14T02:31:46.560+0000] {processor.py:925} INFO - DAG(s) 'example_sensors' retrieved from /home/airflow/.local/lib/python3.12/site-packages/airflow/example_dags/example_sensors.py
[2024-10-14T02:31:46.595+0000] {logging_mixin.py:190} INFO - [2024-10-14T02:31:46.595+0000] {dag.py:3239} INFO - Sync 1 DAGs
[2024-10-14T02:31:46.610+0000] {logging_mixin.py:190} INFO - [2024-10-14T02:31:46.610+0000] {dag.py:4180} INFO - Setting next_dagrun for example_sensors to None, run_after=None
[2024-10-14T02:31:46.630+0000] {processor.py:208} INFO - Processing /home/airflow/.local/lib/python3.12/site-packages/airflow/example_dags/example_sensors.py took 0.103 seconds
[2024-10-14T02:32:18.823+0000] {processor.py:186} INFO - Started process (PID=724) to work on /home/airflow/.local/lib/python3.12/site-packages/airflow/example_dags/example_sensors.py
[2024-10-14T02:32:18.824+0000] {processor.py:914} INFO - Processing file /home/airflow/.local/lib/python3.12/site-packages/airflow/example_dags/example_sensors.py for tasks to queue
[2024-10-14T02:32:18.826+0000] {logging_mixin.py:190} INFO - [2024-10-14T02:32:18.826+0000] {dagbag.py:588} INFO - Filling up the DagBag from /home/airflow/.local/lib/python3.12/site-packages/airflow/example_dags/example_sensors.py
[2024-10-14T02:32:18.837+0000] {processor.py:925} INFO - DAG(s) 'example_sensors' retrieved from /home/airflow/.local/lib/python3.12/site-packages/airflow/example_dags/example_sensors.py
[2024-10-14T02:32:18.860+0000] {logging_mixin.py:190} INFO - [2024-10-14T02:32:18.859+0000] {dag.py:3239} INFO - Sync 1 DAGs
[2024-10-14T02:32:18.872+0000] {logging_mixin.py:190} INFO - [2024-10-14T02:32:18.872+0000] {dag.py:4180} INFO - Setting next_dagrun for example_sensors to None, run_after=None
[2024-10-14T02:32:18.893+0000] {processor.py:208} INFO - Processing /home/airflow/.local/lib/python3.12/site-packages/airflow/example_dags/example_sensors.py took 0.075 seconds
[2024-10-14T02:32:52.384+0000] {processor.py:186} INFO - Started process (PID=787) to work on /home/airflow/.local/lib/python3.12/site-packages/airflow/example_dags/example_sensors.py
[2024-10-14T02:32:52.386+0000] {processor.py:914} INFO - Processing file /home/airflow/.local/lib/python3.12/site-packages/airflow/example_dags/example_sensors.py for tasks to queue
[2024-10-14T02:32:52.388+0000] {logging_mixin.py:190} INFO - [2024-10-14T02:32:52.388+0000] {dagbag.py:588} INFO - Filling up the DagBag from /home/airflow/.local/lib/python3.12/site-packages/airflow/example_dags/example_sensors.py
[2024-10-14T02:32:52.397+0000] {processor.py:925} INFO - DAG(s) 'example_sensors' retrieved from /home/airflow/.local/lib/python3.12/site-packages/airflow/example_dags/example_sensors.py
[2024-10-14T02:32:52.424+0000] {logging_mixin.py:190} INFO - [2024-10-14T02:32:52.423+0000] {dag.py:3239} INFO - Sync 1 DAGs
[2024-10-14T02:32:52.437+0000] {logging_mixin.py:190} INFO - [2024-10-14T02:32:52.437+0000] {dag.py:4180} INFO - Setting next_dagrun for example_sensors to None, run_after=None
[2024-10-14T02:32:52.457+0000] {processor.py:208} INFO - Processing /home/airflow/.local/lib/python3.12/site-packages/airflow/example_dags/example_sensors.py took 0.079 seconds
[2024-10-14T02:33:24.824+0000] {processor.py:186} INFO - Started process (PID=850) to work on /home/airflow/.local/lib/python3.12/site-packages/airflow/example_dags/example_sensors.py
[2024-10-14T02:33:24.825+0000] {processor.py:914} INFO - Processing file /home/airflow/.local/lib/python3.12/site-packages/airflow/example_dags/example_sensors.py for tasks to queue
[2024-10-14T02:33:24.827+0000] {logging_mixin.py:190} INFO - [2024-10-14T02:33:24.827+0000] {dagbag.py:588} INFO - Filling up the DagBag from /home/airflow/.local/lib/python3.12/site-packages/airflow/example_dags/example_sensors.py
[2024-10-14T02:33:24.840+0000] {processor.py:925} INFO - DAG(s) 'example_sensors' retrieved from /home/airflow/.local/lib/python3.12/site-packages/airflow/example_dags/example_sensors.py
[2024-10-14T02:33:24.865+0000] {logging_mixin.py:190} INFO - [2024-10-14T02:33:24.865+0000] {dag.py:3239} INFO - Sync 1 DAGs
[2024-10-14T02:33:24.878+0000] {logging_mixin.py:190} INFO - [2024-10-14T02:33:24.878+0000] {dag.py:4180} INFO - Setting next_dagrun for example_sensors to None, run_after=None
[2024-10-14T02:33:24.903+0000] {processor.py:208} INFO - Processing /home/airflow/.local/lib/python3.12/site-packages/airflow/example_dags/example_sensors.py took 0.086 seconds
[2024-10-14T02:33:58.622+0000] {processor.py:186} INFO - Started process (PID=915) to work on /home/airflow/.local/lib/python3.12/site-packages/airflow/example_dags/example_sensors.py
[2024-10-14T02:33:58.624+0000] {processor.py:914} INFO - Processing file /home/airflow/.local/lib/python3.12/site-packages/airflow/example_dags/example_sensors.py for tasks to queue
[2024-10-14T02:33:58.627+0000] {logging_mixin.py:190} INFO - [2024-10-14T02:33:58.627+0000] {dagbag.py:588} INFO - Filling up the DagBag from /home/airflow/.local/lib/python3.12/site-packages/airflow/example_dags/example_sensors.py
[2024-10-14T02:33:58.650+0000] {processor.py:925} INFO - DAG(s) 'example_sensors' retrieved from /home/airflow/.local/lib/python3.12/site-packages/airflow/example_dags/example_sensors.py
[2024-10-14T02:33:58.698+0000] {logging_mixin.py:190} INFO - [2024-10-14T02:33:58.698+0000] {dag.py:3239} INFO - Sync 1 DAGs
[2024-10-14T02:33:58.718+0000] {logging_mixin.py:190} INFO - [2024-10-14T02:33:58.717+0000] {dag.py:4180} INFO - Setting next_dagrun for example_sensors to None, run_after=None
[2024-10-14T02:33:58.746+0000] {processor.py:208} INFO - Processing /home/airflow/.local/lib/python3.12/site-packages/airflow/example_dags/example_sensors.py took 0.137 seconds
[2024-10-14T02:34:31.603+0000] {processor.py:186} INFO - Started process (PID=978) to work on /home/airflow/.local/lib/python3.12/site-packages/airflow/example_dags/example_sensors.py
[2024-10-14T02:34:31.605+0000] {processor.py:914} INFO - Processing file /home/airflow/.local/lib/python3.12/site-packages/airflow/example_dags/example_sensors.py for tasks to queue
[2024-10-14T02:34:31.611+0000] {logging_mixin.py:190} INFO - [2024-10-14T02:34:31.610+0000] {dagbag.py:588} INFO - Filling up the DagBag from /home/airflow/.local/lib/python3.12/site-packages/airflow/example_dags/example_sensors.py
[2024-10-14T02:34:31.629+0000] {processor.py:925} INFO - DAG(s) 'example_sensors' retrieved from /home/airflow/.local/lib/python3.12/site-packages/airflow/example_dags/example_sensors.py
[2024-10-14T02:34:31.678+0000] {logging_mixin.py:190} INFO - [2024-10-14T02:34:31.678+0000] {dag.py:3239} INFO - Sync 1 DAGs
[2024-10-14T02:34:31.696+0000] {logging_mixin.py:190} INFO - [2024-10-14T02:34:31.696+0000] {dag.py:4180} INFO - Setting next_dagrun for example_sensors to None, run_after=None
[2024-10-14T02:34:31.720+0000] {processor.py:208} INFO - Processing /home/airflow/.local/lib/python3.12/site-packages/airflow/example_dags/example_sensors.py took 0.127 seconds
[2024-10-14T02:35:04.915+0000] {processor.py:186} INFO - Started process (PID=1047) to work on /home/airflow/.local/lib/python3.12/site-packages/airflow/example_dags/example_sensors.py
[2024-10-14T02:35:04.916+0000] {processor.py:914} INFO - Processing file /home/airflow/.local/lib/python3.12/site-packages/airflow/example_dags/example_sensors.py for tasks to queue
[2024-10-14T02:35:04.919+0000] {logging_mixin.py:190} INFO - [2024-10-14T02:35:04.919+0000] {dagbag.py:588} INFO - Filling up the DagBag from /home/airflow/.local/lib/python3.12/site-packages/airflow/example_dags/example_sensors.py
[2024-10-14T02:35:04.935+0000] {processor.py:925} INFO - DAG(s) 'example_sensors' retrieved from /home/airflow/.local/lib/python3.12/site-packages/airflow/example_dags/example_sensors.py
[2024-10-14T02:35:04.976+0000] {logging_mixin.py:190} INFO - [2024-10-14T02:35:04.976+0000] {dag.py:3239} INFO - Sync 1 DAGs
[2024-10-14T02:35:04.995+0000] {logging_mixin.py:190} INFO - [2024-10-14T02:35:04.994+0000] {dag.py:4180} INFO - Setting next_dagrun for example_sensors to None, run_after=None
[2024-10-14T02:35:05.017+0000] {processor.py:208} INFO - Processing /home/airflow/.local/lib/python3.12/site-packages/airflow/example_dags/example_sensors.py took 0.112 seconds
[2024-10-14T02:35:37.659+0000] {processor.py:186} INFO - Started process (PID=1104) to work on /home/airflow/.local/lib/python3.12/site-packages/airflow/example_dags/example_sensors.py
[2024-10-14T02:35:37.660+0000] {processor.py:914} INFO - Processing file /home/airflow/.local/lib/python3.12/site-packages/airflow/example_dags/example_sensors.py for tasks to queue
[2024-10-14T02:35:37.664+0000] {logging_mixin.py:190} INFO - [2024-10-14T02:35:37.663+0000] {dagbag.py:588} INFO - Filling up the DagBag from /home/airflow/.local/lib/python3.12/site-packages/airflow/example_dags/example_sensors.py
[2024-10-14T02:35:37.677+0000] {processor.py:925} INFO - DAG(s) 'example_sensors' retrieved from /home/airflow/.local/lib/python3.12/site-packages/airflow/example_dags/example_sensors.py
[2024-10-14T02:35:37.712+0000] {logging_mixin.py:190} INFO - [2024-10-14T02:35:37.711+0000] {dag.py:3239} INFO - Sync 1 DAGs
[2024-10-14T02:35:37.750+0000] {logging_mixin.py:190} INFO - [2024-10-14T02:35:37.749+0000] {dag.py:4180} INFO - Setting next_dagrun for example_sensors to None, run_after=None
[2024-10-14T02:35:37.778+0000] {processor.py:208} INFO - Processing /home/airflow/.local/lib/python3.12/site-packages/airflow/example_dags/example_sensors.py took 0.125 seconds
[2024-10-14T02:36:11.619+0000] {processor.py:186} INFO - Started process (PID=1173) to work on /home/airflow/.local/lib/python3.12/site-packages/airflow/example_dags/example_sensors.py
[2024-10-14T02:36:11.620+0000] {processor.py:914} INFO - Processing file /home/airflow/.local/lib/python3.12/site-packages/airflow/example_dags/example_sensors.py for tasks to queue
[2024-10-14T02:36:11.623+0000] {logging_mixin.py:190} INFO - [2024-10-14T02:36:11.622+0000] {dagbag.py:588} INFO - Filling up the DagBag from /home/airflow/.local/lib/python3.12/site-packages/airflow/example_dags/example_sensors.py
[2024-10-14T02:36:11.636+0000] {processor.py:925} INFO - DAG(s) 'example_sensors' retrieved from /home/airflow/.local/lib/python3.12/site-packages/airflow/example_dags/example_sensors.py
[2024-10-14T02:36:11.665+0000] {logging_mixin.py:190} INFO - [2024-10-14T02:36:11.664+0000] {dag.py:3239} INFO - Sync 1 DAGs
[2024-10-14T02:36:11.680+0000] {logging_mixin.py:190} INFO - [2024-10-14T02:36:11.680+0000] {dag.py:4180} INFO - Setting next_dagrun for example_sensors to None, run_after=None
[2024-10-14T02:36:11.709+0000] {processor.py:208} INFO - Processing /home/airflow/.local/lib/python3.12/site-packages/airflow/example_dags/example_sensors.py took 0.094 seconds
[2024-10-14T02:37:49.542+0000] {processor.py:186} INFO - Started process (PID=100) to work on /home/airflow/.local/lib/python3.12/site-packages/airflow/example_dags/example_sensors.py
[2024-10-14T02:37:49.543+0000] {processor.py:914} INFO - Processing file /home/airflow/.local/lib/python3.12/site-packages/airflow/example_dags/example_sensors.py for tasks to queue
[2024-10-14T02:37:49.545+0000] {logging_mixin.py:190} INFO - [2024-10-14T02:37:49.545+0000] {dagbag.py:588} INFO - Filling up the DagBag from /home/airflow/.local/lib/python3.12/site-packages/airflow/example_dags/example_sensors.py
[2024-10-14T02:37:49.557+0000] {processor.py:925} INFO - DAG(s) 'example_sensors' retrieved from /home/airflow/.local/lib/python3.12/site-packages/airflow/example_dags/example_sensors.py
[2024-10-14T02:37:49.583+0000] {logging_mixin.py:190} INFO - [2024-10-14T02:37:49.583+0000] {dag.py:3239} INFO - Sync 1 DAGs
[2024-10-14T02:37:49.599+0000] {logging_mixin.py:190} INFO - [2024-10-14T02:37:49.598+0000] {dag.py:4180} INFO - Setting next_dagrun for example_sensors to None, run_after=None
[2024-10-14T02:37:49.621+0000] {processor.py:208} INFO - Processing /home/airflow/.local/lib/python3.12/site-packages/airflow/example_dags/example_sensors.py took 0.085 seconds
[2024-10-14T02:38:22.347+0000] {processor.py:186} INFO - Started process (PID=164) to work on /home/airflow/.local/lib/python3.12/site-packages/airflow/example_dags/example_sensors.py
[2024-10-14T02:38:22.348+0000] {processor.py:914} INFO - Processing file /home/airflow/.local/lib/python3.12/site-packages/airflow/example_dags/example_sensors.py for tasks to queue
[2024-10-14T02:38:22.351+0000] {logging_mixin.py:190} INFO - [2024-10-14T02:38:22.350+0000] {dagbag.py:588} INFO - Filling up the DagBag from /home/airflow/.local/lib/python3.12/site-packages/airflow/example_dags/example_sensors.py
[2024-10-14T02:38:22.361+0000] {processor.py:925} INFO - DAG(s) 'example_sensors' retrieved from /home/airflow/.local/lib/python3.12/site-packages/airflow/example_dags/example_sensors.py
[2024-10-14T02:38:22.386+0000] {logging_mixin.py:190} INFO - [2024-10-14T02:38:22.386+0000] {dag.py:3239} INFO - Sync 1 DAGs
[2024-10-14T02:38:22.403+0000] {logging_mixin.py:190} INFO - [2024-10-14T02:38:22.402+0000] {dag.py:4180} INFO - Setting next_dagrun for example_sensors to None, run_after=None
[2024-10-14T02:38:22.423+0000] {processor.py:208} INFO - Processing /home/airflow/.local/lib/python3.12/site-packages/airflow/example_dags/example_sensors.py took 0.083 seconds
[2024-10-14T02:38:57.418+0000] {processor.py:186} INFO - Started process (PID=229) to work on /home/airflow/.local/lib/python3.12/site-packages/airflow/example_dags/example_sensors.py
[2024-10-14T02:38:57.419+0000] {processor.py:914} INFO - Processing file /home/airflow/.local/lib/python3.12/site-packages/airflow/example_dags/example_sensors.py for tasks to queue
[2024-10-14T02:38:57.433+0000] {logging_mixin.py:190} INFO - [2024-10-14T02:38:57.433+0000] {dagbag.py:588} INFO - Filling up the DagBag from /home/airflow/.local/lib/python3.12/site-packages/airflow/example_dags/example_sensors.py
[2024-10-14T02:38:57.461+0000] {processor.py:925} INFO - DAG(s) 'example_sensors' retrieved from /home/airflow/.local/lib/python3.12/site-packages/airflow/example_dags/example_sensors.py
[2024-10-14T02:38:57.497+0000] {logging_mixin.py:190} INFO - [2024-10-14T02:38:57.497+0000] {dag.py:3239} INFO - Sync 1 DAGs
[2024-10-14T02:38:57.518+0000] {logging_mixin.py:190} INFO - [2024-10-14T02:38:57.517+0000] {dag.py:4180} INFO - Setting next_dagrun for example_sensors to None, run_after=None
[2024-10-14T02:38:57.551+0000] {processor.py:208} INFO - Processing /home/airflow/.local/lib/python3.12/site-packages/airflow/example_dags/example_sensors.py took 0.151 seconds
[2024-10-14T02:39:29.106+0000] {processor.py:186} INFO - Started process (PID=293) to work on /home/airflow/.local/lib/python3.12/site-packages/airflow/example_dags/example_sensors.py
[2024-10-14T02:39:29.107+0000] {processor.py:914} INFO - Processing file /home/airflow/.local/lib/python3.12/site-packages/airflow/example_dags/example_sensors.py for tasks to queue
[2024-10-14T02:39:29.110+0000] {logging_mixin.py:190} INFO - [2024-10-14T02:39:29.109+0000] {dagbag.py:588} INFO - Filling up the DagBag from /home/airflow/.local/lib/python3.12/site-packages/airflow/example_dags/example_sensors.py
[2024-10-14T02:39:29.123+0000] {processor.py:925} INFO - DAG(s) 'example_sensors' retrieved from /home/airflow/.local/lib/python3.12/site-packages/airflow/example_dags/example_sensors.py
[2024-10-14T02:39:29.153+0000] {logging_mixin.py:190} INFO - [2024-10-14T02:39:29.153+0000] {dag.py:3239} INFO - Sync 1 DAGs
[2024-10-14T02:39:29.168+0000] {logging_mixin.py:190} INFO - [2024-10-14T02:39:29.168+0000] {dag.py:4180} INFO - Setting next_dagrun for example_sensors to None, run_after=None
[2024-10-14T02:39:29.190+0000] {processor.py:208} INFO - Processing /home/airflow/.local/lib/python3.12/site-packages/airflow/example_dags/example_sensors.py took 0.090 seconds
[2024-10-14T02:40:02.482+0000] {processor.py:186} INFO - Started process (PID=357) to work on /home/airflow/.local/lib/python3.12/site-packages/airflow/example_dags/example_sensors.py
[2024-10-14T02:40:02.483+0000] {processor.py:914} INFO - Processing file /home/airflow/.local/lib/python3.12/site-packages/airflow/example_dags/example_sensors.py for tasks to queue
[2024-10-14T02:40:02.487+0000] {logging_mixin.py:190} INFO - [2024-10-14T02:40:02.486+0000] {dagbag.py:588} INFO - Filling up the DagBag from /home/airflow/.local/lib/python3.12/site-packages/airflow/example_dags/example_sensors.py
[2024-10-14T02:40:02.498+0000] {processor.py:925} INFO - DAG(s) 'example_sensors' retrieved from /home/airflow/.local/lib/python3.12/site-packages/airflow/example_dags/example_sensors.py
[2024-10-14T02:40:02.524+0000] {logging_mixin.py:190} INFO - [2024-10-14T02:40:02.524+0000] {dag.py:3239} INFO - Sync 1 DAGs
[2024-10-14T02:40:02.538+0000] {logging_mixin.py:190} INFO - [2024-10-14T02:40:02.538+0000] {dag.py:4180} INFO - Setting next_dagrun for example_sensors to None, run_after=None
[2024-10-14T02:40:02.561+0000] {processor.py:208} INFO - Processing /home/airflow/.local/lib/python3.12/site-packages/airflow/example_dags/example_sensors.py took 0.085 seconds
[2024-10-14T02:40:35.167+0000] {processor.py:186} INFO - Started process (PID=421) to work on /home/airflow/.local/lib/python3.12/site-packages/airflow/example_dags/example_sensors.py
[2024-10-14T02:40:35.168+0000] {processor.py:914} INFO - Processing file /home/airflow/.local/lib/python3.12/site-packages/airflow/example_dags/example_sensors.py for tasks to queue
[2024-10-14T02:40:35.171+0000] {logging_mixin.py:190} INFO - [2024-10-14T02:40:35.170+0000] {dagbag.py:588} INFO - Filling up the DagBag from /home/airflow/.local/lib/python3.12/site-packages/airflow/example_dags/example_sensors.py
[2024-10-14T02:40:35.181+0000] {processor.py:925} INFO - DAG(s) 'example_sensors' retrieved from /home/airflow/.local/lib/python3.12/site-packages/airflow/example_dags/example_sensors.py
[2024-10-14T02:40:35.203+0000] {logging_mixin.py:190} INFO - [2024-10-14T02:40:35.203+0000] {dag.py:3239} INFO - Sync 1 DAGs
[2024-10-14T02:40:35.215+0000] {logging_mixin.py:190} INFO - [2024-10-14T02:40:35.215+0000] {dag.py:4180} INFO - Setting next_dagrun for example_sensors to None, run_after=None
[2024-10-14T02:40:35.231+0000] {processor.py:208} INFO - Processing /home/airflow/.local/lib/python3.12/site-packages/airflow/example_dags/example_sensors.py took 0.070 seconds
[2024-10-14T02:41:07.321+0000] {processor.py:186} INFO - Started process (PID=479) to work on /home/airflow/.local/lib/python3.12/site-packages/airflow/example_dags/example_sensors.py
[2024-10-14T02:41:07.323+0000] {processor.py:914} INFO - Processing file /home/airflow/.local/lib/python3.12/site-packages/airflow/example_dags/example_sensors.py for tasks to queue
[2024-10-14T02:41:07.326+0000] {logging_mixin.py:190} INFO - [2024-10-14T02:41:07.325+0000] {dagbag.py:588} INFO - Filling up the DagBag from /home/airflow/.local/lib/python3.12/site-packages/airflow/example_dags/example_sensors.py
[2024-10-14T02:41:07.344+0000] {processor.py:925} INFO - DAG(s) 'example_sensors' retrieved from /home/airflow/.local/lib/python3.12/site-packages/airflow/example_dags/example_sensors.py
[2024-10-14T02:41:07.375+0000] {logging_mixin.py:190} INFO - [2024-10-14T02:41:07.375+0000] {dag.py:3239} INFO - Sync 1 DAGs
[2024-10-14T02:41:07.392+0000] {logging_mixin.py:190} INFO - [2024-10-14T02:41:07.392+0000] {dag.py:4180} INFO - Setting next_dagrun for example_sensors to None, run_after=None
[2024-10-14T02:41:07.417+0000] {processor.py:208} INFO - Processing /home/airflow/.local/lib/python3.12/site-packages/airflow/example_dags/example_sensors.py took 0.103 seconds
[2024-10-14T02:41:40.440+0000] {processor.py:186} INFO - Started process (PID=549) to work on /home/airflow/.local/lib/python3.12/site-packages/airflow/example_dags/example_sensors.py
[2024-10-14T02:41:40.441+0000] {processor.py:914} INFO - Processing file /home/airflow/.local/lib/python3.12/site-packages/airflow/example_dags/example_sensors.py for tasks to queue
[2024-10-14T02:41:40.444+0000] {logging_mixin.py:190} INFO - [2024-10-14T02:41:40.443+0000] {dagbag.py:588} INFO - Filling up the DagBag from /home/airflow/.local/lib/python3.12/site-packages/airflow/example_dags/example_sensors.py
[2024-10-14T02:41:40.455+0000] {processor.py:925} INFO - DAG(s) 'example_sensors' retrieved from /home/airflow/.local/lib/python3.12/site-packages/airflow/example_dags/example_sensors.py
[2024-10-14T02:41:40.484+0000] {logging_mixin.py:190} INFO - [2024-10-14T02:41:40.483+0000] {dag.py:3239} INFO - Sync 1 DAGs
[2024-10-14T02:41:40.498+0000] {logging_mixin.py:190} INFO - [2024-10-14T02:41:40.498+0000] {dag.py:4180} INFO - Setting next_dagrun for example_sensors to None, run_after=None
[2024-10-14T02:41:40.519+0000] {processor.py:208} INFO - Processing /home/airflow/.local/lib/python3.12/site-packages/airflow/example_dags/example_sensors.py took 0.084 seconds
[2024-10-14T02:42:13.949+0000] {processor.py:186} INFO - Started process (PID=613) to work on /home/airflow/.local/lib/python3.12/site-packages/airflow/example_dags/example_sensors.py
[2024-10-14T02:42:13.950+0000] {processor.py:914} INFO - Processing file /home/airflow/.local/lib/python3.12/site-packages/airflow/example_dags/example_sensors.py for tasks to queue
[2024-10-14T02:42:13.952+0000] {logging_mixin.py:190} INFO - [2024-10-14T02:42:13.952+0000] {dagbag.py:588} INFO - Filling up the DagBag from /home/airflow/.local/lib/python3.12/site-packages/airflow/example_dags/example_sensors.py
[2024-10-14T02:42:13.967+0000] {processor.py:925} INFO - DAG(s) 'example_sensors' retrieved from /home/airflow/.local/lib/python3.12/site-packages/airflow/example_dags/example_sensors.py
[2024-10-14T02:42:13.995+0000] {logging_mixin.py:190} INFO - [2024-10-14T02:42:13.995+0000] {dag.py:3239} INFO - Sync 1 DAGs
[2024-10-14T02:42:14.010+0000] {logging_mixin.py:190} INFO - [2024-10-14T02:42:14.009+0000] {dag.py:4180} INFO - Setting next_dagrun for example_sensors to None, run_after=None
[2024-10-14T02:42:14.033+0000] {processor.py:208} INFO - Processing /home/airflow/.local/lib/python3.12/site-packages/airflow/example_dags/example_sensors.py took 0.091 seconds
[2024-10-14T02:42:47.104+0000] {processor.py:186} INFO - Started process (PID=677) to work on /home/airflow/.local/lib/python3.12/site-packages/airflow/example_dags/example_sensors.py
[2024-10-14T02:42:47.105+0000] {processor.py:914} INFO - Processing file /home/airflow/.local/lib/python3.12/site-packages/airflow/example_dags/example_sensors.py for tasks to queue
[2024-10-14T02:42:47.107+0000] {logging_mixin.py:190} INFO - [2024-10-14T02:42:47.107+0000] {dagbag.py:588} INFO - Filling up the DagBag from /home/airflow/.local/lib/python3.12/site-packages/airflow/example_dags/example_sensors.py
[2024-10-14T02:42:47.117+0000] {processor.py:925} INFO - DAG(s) 'example_sensors' retrieved from /home/airflow/.local/lib/python3.12/site-packages/airflow/example_dags/example_sensors.py
[2024-10-14T02:42:47.144+0000] {logging_mixin.py:190} INFO - [2024-10-14T02:42:47.144+0000] {dag.py:3239} INFO - Sync 1 DAGs
[2024-10-14T02:42:47.158+0000] {logging_mixin.py:190} INFO - [2024-10-14T02:42:47.158+0000] {dag.py:4180} INFO - Setting next_dagrun for example_sensors to None, run_after=None
[2024-10-14T02:42:47.179+0000] {processor.py:208} INFO - Processing /home/airflow/.local/lib/python3.12/site-packages/airflow/example_dags/example_sensors.py took 0.080 seconds
[2024-10-14T02:43:20.249+0000] {processor.py:186} INFO - Started process (PID=741) to work on /home/airflow/.local/lib/python3.12/site-packages/airflow/example_dags/example_sensors.py
[2024-10-14T02:43:20.250+0000] {processor.py:914} INFO - Processing file /home/airflow/.local/lib/python3.12/site-packages/airflow/example_dags/example_sensors.py for tasks to queue
[2024-10-14T02:43:20.253+0000] {logging_mixin.py:190} INFO - [2024-10-14T02:43:20.252+0000] {dagbag.py:588} INFO - Filling up the DagBag from /home/airflow/.local/lib/python3.12/site-packages/airflow/example_dags/example_sensors.py
[2024-10-14T02:43:20.263+0000] {processor.py:925} INFO - DAG(s) 'example_sensors' retrieved from /home/airflow/.local/lib/python3.12/site-packages/airflow/example_dags/example_sensors.py
[2024-10-14T02:43:20.288+0000] {logging_mixin.py:190} INFO - [2024-10-14T02:43:20.287+0000] {dag.py:3239} INFO - Sync 1 DAGs
[2024-10-14T02:43:20.301+0000] {logging_mixin.py:190} INFO - [2024-10-14T02:43:20.301+0000] {dag.py:4180} INFO - Setting next_dagrun for example_sensors to None, run_after=None
[2024-10-14T02:43:20.321+0000] {processor.py:208} INFO - Processing /home/airflow/.local/lib/python3.12/site-packages/airflow/example_dags/example_sensors.py took 0.076 seconds
[2024-10-14T02:43:53.116+0000] {processor.py:186} INFO - Started process (PID=807) to work on /home/airflow/.local/lib/python3.12/site-packages/airflow/example_dags/example_sensors.py
[2024-10-14T02:43:53.117+0000] {processor.py:914} INFO - Processing file /home/airflow/.local/lib/python3.12/site-packages/airflow/example_dags/example_sensors.py for tasks to queue
[2024-10-14T02:43:53.120+0000] {logging_mixin.py:190} INFO - [2024-10-14T02:43:53.120+0000] {dagbag.py:588} INFO - Filling up the DagBag from /home/airflow/.local/lib/python3.12/site-packages/airflow/example_dags/example_sensors.py
[2024-10-14T02:43:53.132+0000] {processor.py:925} INFO - DAG(s) 'example_sensors' retrieved from /home/airflow/.local/lib/python3.12/site-packages/airflow/example_dags/example_sensors.py
[2024-10-14T02:43:53.200+0000] {logging_mixin.py:190} INFO - [2024-10-14T02:43:53.199+0000] {dag.py:3239} INFO - Sync 1 DAGs
[2024-10-14T02:43:53.237+0000] {logging_mixin.py:190} INFO - [2024-10-14T02:43:53.236+0000] {dag.py:4180} INFO - Setting next_dagrun for example_sensors to None, run_after=None
[2024-10-14T02:43:53.291+0000] {processor.py:208} INFO - Processing /home/airflow/.local/lib/python3.12/site-packages/airflow/example_dags/example_sensors.py took 0.181 seconds
[2024-10-14T02:44:27.730+0000] {processor.py:186} INFO - Started process (PID=875) to work on /home/airflow/.local/lib/python3.12/site-packages/airflow/example_dags/example_sensors.py
[2024-10-14T02:44:27.731+0000] {processor.py:914} INFO - Processing file /home/airflow/.local/lib/python3.12/site-packages/airflow/example_dags/example_sensors.py for tasks to queue
[2024-10-14T02:44:27.734+0000] {logging_mixin.py:190} INFO - [2024-10-14T02:44:27.734+0000] {dagbag.py:588} INFO - Filling up the DagBag from /home/airflow/.local/lib/python3.12/site-packages/airflow/example_dags/example_sensors.py
[2024-10-14T02:44:27.748+0000] {processor.py:925} INFO - DAG(s) 'example_sensors' retrieved from /home/airflow/.local/lib/python3.12/site-packages/airflow/example_dags/example_sensors.py
[2024-10-14T02:44:27.779+0000] {logging_mixin.py:190} INFO - [2024-10-14T02:44:27.778+0000] {dag.py:3239} INFO - Sync 1 DAGs
[2024-10-14T02:44:27.799+0000] {logging_mixin.py:190} INFO - [2024-10-14T02:44:27.799+0000] {dag.py:4180} INFO - Setting next_dagrun for example_sensors to None, run_after=None
[2024-10-14T02:44:27.824+0000] {processor.py:208} INFO - Processing /home/airflow/.local/lib/python3.12/site-packages/airflow/example_dags/example_sensors.py took 0.103 seconds
[2024-10-14T02:45:00.592+0000] {processor.py:186} INFO - Started process (PID=942) to work on /home/airflow/.local/lib/python3.12/site-packages/airflow/example_dags/example_sensors.py
[2024-10-14T02:45:00.593+0000] {processor.py:914} INFO - Processing file /home/airflow/.local/lib/python3.12/site-packages/airflow/example_dags/example_sensors.py for tasks to queue
[2024-10-14T02:45:00.595+0000] {logging_mixin.py:190} INFO - [2024-10-14T02:45:00.595+0000] {dagbag.py:588} INFO - Filling up the DagBag from /home/airflow/.local/lib/python3.12/site-packages/airflow/example_dags/example_sensors.py
[2024-10-14T02:45:00.605+0000] {processor.py:925} INFO - DAG(s) 'example_sensors' retrieved from /home/airflow/.local/lib/python3.12/site-packages/airflow/example_dags/example_sensors.py
[2024-10-14T02:45:00.630+0000] {logging_mixin.py:190} INFO - [2024-10-14T02:45:00.629+0000] {dag.py:3239} INFO - Sync 1 DAGs
[2024-10-14T02:45:00.643+0000] {logging_mixin.py:190} INFO - [2024-10-14T02:45:00.643+0000] {dag.py:4180} INFO - Setting next_dagrun for example_sensors to None, run_after=None
[2024-10-14T02:45:00.664+0000] {processor.py:208} INFO - Processing /home/airflow/.local/lib/python3.12/site-packages/airflow/example_dags/example_sensors.py took 0.078 seconds
[2024-10-14T02:45:33.051+0000] {processor.py:186} INFO - Started process (PID=1007) to work on /home/airflow/.local/lib/python3.12/site-packages/airflow/example_dags/example_sensors.py
[2024-10-14T02:45:33.052+0000] {processor.py:914} INFO - Processing file /home/airflow/.local/lib/python3.12/site-packages/airflow/example_dags/example_sensors.py for tasks to queue
[2024-10-14T02:45:33.055+0000] {logging_mixin.py:190} INFO - [2024-10-14T02:45:33.054+0000] {dagbag.py:588} INFO - Filling up the DagBag from /home/airflow/.local/lib/python3.12/site-packages/airflow/example_dags/example_sensors.py
[2024-10-14T02:45:33.064+0000] {processor.py:925} INFO - DAG(s) 'example_sensors' retrieved from /home/airflow/.local/lib/python3.12/site-packages/airflow/example_dags/example_sensors.py
[2024-10-14T02:45:33.089+0000] {logging_mixin.py:190} INFO - [2024-10-14T02:45:33.088+0000] {dag.py:3239} INFO - Sync 1 DAGs
[2024-10-14T02:45:33.102+0000] {logging_mixin.py:190} INFO - [2024-10-14T02:45:33.101+0000] {dag.py:4180} INFO - Setting next_dagrun for example_sensors to None, run_after=None
[2024-10-14T02:45:33.126+0000] {processor.py:208} INFO - Processing /home/airflow/.local/lib/python3.12/site-packages/airflow/example_dags/example_sensors.py took 0.080 seconds
[2024-10-14T02:46:06.748+0000] {processor.py:186} INFO - Started process (PID=1070) to work on /home/airflow/.local/lib/python3.12/site-packages/airflow/example_dags/example_sensors.py
[2024-10-14T02:46:06.749+0000] {processor.py:914} INFO - Processing file /home/airflow/.local/lib/python3.12/site-packages/airflow/example_dags/example_sensors.py for tasks to queue
[2024-10-14T02:46:06.751+0000] {logging_mixin.py:190} INFO - [2024-10-14T02:46:06.751+0000] {dagbag.py:588} INFO - Filling up the DagBag from /home/airflow/.local/lib/python3.12/site-packages/airflow/example_dags/example_sensors.py
[2024-10-14T02:46:06.763+0000] {processor.py:925} INFO - DAG(s) 'example_sensors' retrieved from /home/airflow/.local/lib/python3.12/site-packages/airflow/example_dags/example_sensors.py
[2024-10-14T02:46:06.814+0000] {logging_mixin.py:190} INFO - [2024-10-14T02:46:06.814+0000] {dag.py:3239} INFO - Sync 1 DAGs
[2024-10-14T02:46:06.831+0000] {logging_mixin.py:190} INFO - [2024-10-14T02:46:06.831+0000] {dag.py:4180} INFO - Setting next_dagrun for example_sensors to None, run_after=None
[2024-10-14T02:46:06.854+0000] {processor.py:208} INFO - Processing /home/airflow/.local/lib/python3.12/site-packages/airflow/example_dags/example_sensors.py took 0.111 seconds
[2024-10-14T02:46:39.191+0000] {processor.py:186} INFO - Started process (PID=1134) to work on /home/airflow/.local/lib/python3.12/site-packages/airflow/example_dags/example_sensors.py
[2024-10-14T02:46:39.192+0000] {processor.py:914} INFO - Processing file /home/airflow/.local/lib/python3.12/site-packages/airflow/example_dags/example_sensors.py for tasks to queue
[2024-10-14T02:46:39.195+0000] {logging_mixin.py:190} INFO - [2024-10-14T02:46:39.194+0000] {dagbag.py:588} INFO - Filling up the DagBag from /home/airflow/.local/lib/python3.12/site-packages/airflow/example_dags/example_sensors.py
[2024-10-14T02:46:39.205+0000] {processor.py:925} INFO - DAG(s) 'example_sensors' retrieved from /home/airflow/.local/lib/python3.12/site-packages/airflow/example_dags/example_sensors.py
[2024-10-14T02:46:39.230+0000] {logging_mixin.py:190} INFO - [2024-10-14T02:46:39.229+0000] {dag.py:3239} INFO - Sync 1 DAGs
[2024-10-14T02:46:39.245+0000] {logging_mixin.py:190} INFO - [2024-10-14T02:46:39.245+0000] {dag.py:4180} INFO - Setting next_dagrun for example_sensors to None, run_after=None
[2024-10-14T02:46:39.268+0000] {processor.py:208} INFO - Processing /home/airflow/.local/lib/python3.12/site-packages/airflow/example_dags/example_sensors.py took 0.083 seconds
[2024-10-14T02:47:12.678+0000] {processor.py:186} INFO - Started process (PID=1198) to work on /home/airflow/.local/lib/python3.12/site-packages/airflow/example_dags/example_sensors.py
[2024-10-14T02:47:12.679+0000] {processor.py:914} INFO - Processing file /home/airflow/.local/lib/python3.12/site-packages/airflow/example_dags/example_sensors.py for tasks to queue
[2024-10-14T02:47:12.681+0000] {logging_mixin.py:190} INFO - [2024-10-14T02:47:12.681+0000] {dagbag.py:588} INFO - Filling up the DagBag from /home/airflow/.local/lib/python3.12/site-packages/airflow/example_dags/example_sensors.py
[2024-10-14T02:47:12.695+0000] {processor.py:925} INFO - DAG(s) 'example_sensors' retrieved from /home/airflow/.local/lib/python3.12/site-packages/airflow/example_dags/example_sensors.py
[2024-10-14T02:47:12.728+0000] {logging_mixin.py:190} INFO - [2024-10-14T02:47:12.727+0000] {dag.py:3239} INFO - Sync 1 DAGs
[2024-10-14T02:47:12.743+0000] {logging_mixin.py:190} INFO - [2024-10-14T02:47:12.743+0000] {dag.py:4180} INFO - Setting next_dagrun for example_sensors to None, run_after=None
[2024-10-14T02:47:12.762+0000] {processor.py:208} INFO - Processing /home/airflow/.local/lib/python3.12/site-packages/airflow/example_dags/example_sensors.py took 0.093 seconds
[2024-10-14T02:47:44.824+0000] {processor.py:186} INFO - Started process (PID=1256) to work on /home/airflow/.local/lib/python3.12/site-packages/airflow/example_dags/example_sensors.py
[2024-10-14T02:47:44.825+0000] {processor.py:914} INFO - Processing file /home/airflow/.local/lib/python3.12/site-packages/airflow/example_dags/example_sensors.py for tasks to queue
[2024-10-14T02:47:44.827+0000] {logging_mixin.py:190} INFO - [2024-10-14T02:47:44.827+0000] {dagbag.py:588} INFO - Filling up the DagBag from /home/airflow/.local/lib/python3.12/site-packages/airflow/example_dags/example_sensors.py
[2024-10-14T02:47:44.839+0000] {processor.py:925} INFO - DAG(s) 'example_sensors' retrieved from /home/airflow/.local/lib/python3.12/site-packages/airflow/example_dags/example_sensors.py
[2024-10-14T02:47:44.864+0000] {logging_mixin.py:190} INFO - [2024-10-14T02:47:44.864+0000] {dag.py:3239} INFO - Sync 1 DAGs
[2024-10-14T02:47:44.877+0000] {logging_mixin.py:190} INFO - [2024-10-14T02:47:44.877+0000] {dag.py:4180} INFO - Setting next_dagrun for example_sensors to None, run_after=None
[2024-10-14T02:47:44.897+0000] {processor.py:208} INFO - Processing /home/airflow/.local/lib/python3.12/site-packages/airflow/example_dags/example_sensors.py took 0.078 seconds
