[2024-10-14T02:26:52.864+0000] {processor.py:186} INFO - Started process (PID=97) to work on /home/airflow/.local/lib/python3.12/site-packages/airflow/example_dags/example_branch_operator_decorator.py
[2024-10-14T02:26:52.866+0000] {processor.py:914} INFO - Processing file /home/airflow/.local/lib/python3.12/site-packages/airflow/example_dags/example_branch_operator_decorator.py for tasks to queue
[2024-10-14T02:26:52.869+0000] {logging_mixin.py:190} INFO - [2024-10-14T02:26:52.868+0000] {dagbag.py:588} INFO - Filling up the DagBag from /home/airflow/.local/lib/python3.12/site-packages/airflow/example_dags/example_branch_operator_decorator.py
[2024-10-14T02:26:52.898+0000] {processor.py:925} INFO - DAG(s) 'example_branch_python_operator_decorator' retrieved from /home/airflow/.local/lib/python3.12/site-packages/airflow/example_dags/example_branch_operator_decorator.py
[2024-10-14T02:26:53.025+0000] {logging_mixin.py:190} INFO - [2024-10-14T02:26:53.024+0000] {override.py:1900} INFO - Created Permission View: can delete on DAG:example_branch_python_operator_decorator
[2024-10-14T02:26:53.036+0000] {logging_mixin.py:190} INFO - [2024-10-14T02:26:53.036+0000] {override.py:1900} INFO - Created Permission View: can edit on DAG:example_branch_python_operator_decorator
[2024-10-14T02:26:53.043+0000] {logging_mixin.py:190} INFO - [2024-10-14T02:26:53.043+0000] {override.py:1900} INFO - Created Permission View: can read on DAG:example_branch_python_operator_decorator
[2024-10-14T02:26:53.052+0000] {logging_mixin.py:190} INFO - [2024-10-14T02:26:53.051+0000] {override.py:1900} INFO - Created Permission View: can delete on DAG Run:example_branch_python_operator_decorator
[2024-10-14T02:26:53.059+0000] {logging_mixin.py:190} INFO - [2024-10-14T02:26:53.058+0000] {override.py:1900} INFO - Created Permission View: can create on DAG Run:example_branch_python_operator_decorator
[2024-10-14T02:26:53.066+0000] {logging_mixin.py:190} INFO - [2024-10-14T02:26:53.066+0000] {override.py:1900} INFO - Created Permission View: menu access on DAG Run:example_branch_python_operator_decorator
[2024-10-14T02:26:53.073+0000] {logging_mixin.py:190} INFO - [2024-10-14T02:26:53.073+0000] {override.py:1900} INFO - Created Permission View: can read on DAG Run:example_branch_python_operator_decorator
[2024-10-14T02:26:53.074+0000] {logging_mixin.py:190} INFO - [2024-10-14T02:26:53.074+0000] {dag.py:3239} INFO - Sync 1 DAGs
[2024-10-14T02:26:53.089+0000] {logging_mixin.py:190} INFO - [2024-10-14T02:26:53.088+0000] {dag.py:3262} INFO - Creating ORM DAG for example_branch_python_operator_decorator
[2024-10-14T02:26:53.100+0000] {logging_mixin.py:190} INFO - [2024-10-14T02:26:53.100+0000] {dag.py:4180} INFO - Setting next_dagrun for example_branch_python_operator_decorator to 2024-10-13 00:00:00+00:00, run_after=2024-10-14 00:00:00+00:00
[2024-10-14T02:26:53.119+0000] {processor.py:208} INFO - Processing /home/airflow/.local/lib/python3.12/site-packages/airflow/example_dags/example_branch_operator_decorator.py took 0.262 seconds
[2024-10-14T02:27:24.033+0000] {processor.py:186} INFO - Started process (PID=159) to work on /home/airflow/.local/lib/python3.12/site-packages/airflow/example_dags/example_branch_operator_decorator.py
[2024-10-14T02:27:24.034+0000] {processor.py:914} INFO - Processing file /home/airflow/.local/lib/python3.12/site-packages/airflow/example_dags/example_branch_operator_decorator.py for tasks to queue
[2024-10-14T02:27:24.037+0000] {logging_mixin.py:190} INFO - [2024-10-14T02:27:24.037+0000] {dagbag.py:588} INFO - Filling up the DagBag from /home/airflow/.local/lib/python3.12/site-packages/airflow/example_dags/example_branch_operator_decorator.py
[2024-10-14T02:27:24.069+0000] {processor.py:925} INFO - DAG(s) 'example_branch_python_operator_decorator' retrieved from /home/airflow/.local/lib/python3.12/site-packages/airflow/example_dags/example_branch_operator_decorator.py
[2024-10-14T02:27:24.112+0000] {logging_mixin.py:190} INFO - [2024-10-14T02:27:24.112+0000] {dag.py:3239} INFO - Sync 1 DAGs
[2024-10-14T02:27:24.142+0000] {logging_mixin.py:190} INFO - [2024-10-14T02:27:24.142+0000] {dag.py:4180} INFO - Setting next_dagrun for example_branch_python_operator_decorator to 2024-10-13 00:00:00+00:00, run_after=2024-10-14 00:00:00+00:00
[2024-10-14T02:27:24.167+0000] {processor.py:208} INFO - Processing /home/airflow/.local/lib/python3.12/site-packages/airflow/example_dags/example_branch_operator_decorator.py took 0.143 seconds
[2024-10-14T02:27:55.457+0000] {processor.py:186} INFO - Started process (PID=222) to work on /home/airflow/.local/lib/python3.12/site-packages/airflow/example_dags/example_branch_operator_decorator.py
[2024-10-14T02:27:55.458+0000] {processor.py:914} INFO - Processing file /home/airflow/.local/lib/python3.12/site-packages/airflow/example_dags/example_branch_operator_decorator.py for tasks to queue
[2024-10-14T02:27:55.461+0000] {logging_mixin.py:190} INFO - [2024-10-14T02:27:55.460+0000] {dagbag.py:588} INFO - Filling up the DagBag from /home/airflow/.local/lib/python3.12/site-packages/airflow/example_dags/example_branch_operator_decorator.py
[2024-10-14T02:27:55.481+0000] {processor.py:925} INFO - DAG(s) 'example_branch_python_operator_decorator' retrieved from /home/airflow/.local/lib/python3.12/site-packages/airflow/example_dags/example_branch_operator_decorator.py
[2024-10-14T02:27:55.515+0000] {logging_mixin.py:190} INFO - [2024-10-14T02:27:55.515+0000] {dag.py:3239} INFO - Sync 1 DAGs
[2024-10-14T02:27:55.540+0000] {logging_mixin.py:190} INFO - [2024-10-14T02:27:55.539+0000] {dag.py:4180} INFO - Setting next_dagrun for example_branch_python_operator_decorator to 2024-10-13 00:00:00+00:00, run_after=2024-10-14 00:00:00+00:00
[2024-10-14T02:27:55.587+0000] {processor.py:208} INFO - Processing /home/airflow/.local/lib/python3.12/site-packages/airflow/example_dags/example_branch_operator_decorator.py took 0.134 seconds
[2024-10-14T02:28:28.026+0000] {processor.py:186} INFO - Started process (PID=285) to work on /home/airflow/.local/lib/python3.12/site-packages/airflow/example_dags/example_branch_operator_decorator.py
[2024-10-14T02:28:28.030+0000] {processor.py:914} INFO - Processing file /home/airflow/.local/lib/python3.12/site-packages/airflow/example_dags/example_branch_operator_decorator.py for tasks to queue
[2024-10-14T02:28:28.033+0000] {logging_mixin.py:190} INFO - [2024-10-14T02:28:28.032+0000] {dagbag.py:588} INFO - Filling up the DagBag from /home/airflow/.local/lib/python3.12/site-packages/airflow/example_dags/example_branch_operator_decorator.py
[2024-10-14T02:28:28.063+0000] {processor.py:925} INFO - DAG(s) 'example_branch_python_operator_decorator' retrieved from /home/airflow/.local/lib/python3.12/site-packages/airflow/example_dags/example_branch_operator_decorator.py
[2024-10-14T02:28:28.110+0000] {logging_mixin.py:190} INFO - [2024-10-14T02:28:28.110+0000] {dag.py:3239} INFO - Sync 1 DAGs
[2024-10-14T02:28:28.145+0000] {logging_mixin.py:190} INFO - [2024-10-14T02:28:28.145+0000] {dag.py:4180} INFO - Setting next_dagrun for example_branch_python_operator_decorator to 2024-10-13 00:00:00+00:00, run_after=2024-10-14 00:00:00+00:00
[2024-10-14T02:28:28.175+0000] {processor.py:208} INFO - Processing /home/airflow/.local/lib/python3.12/site-packages/airflow/example_dags/example_branch_operator_decorator.py took 0.167 seconds
[2024-10-14T02:29:01.611+0000] {processor.py:186} INFO - Started process (PID=348) to work on /home/airflow/.local/lib/python3.12/site-packages/airflow/example_dags/example_branch_operator_decorator.py
[2024-10-14T02:29:01.621+0000] {processor.py:914} INFO - Processing file /home/airflow/.local/lib/python3.12/site-packages/airflow/example_dags/example_branch_operator_decorator.py for tasks to queue
[2024-10-14T02:29:01.624+0000] {logging_mixin.py:190} INFO - [2024-10-14T02:29:01.624+0000] {dagbag.py:588} INFO - Filling up the DagBag from /home/airflow/.local/lib/python3.12/site-packages/airflow/example_dags/example_branch_operator_decorator.py
[2024-10-14T02:29:01.670+0000] {processor.py:925} INFO - DAG(s) 'example_branch_python_operator_decorator' retrieved from /home/airflow/.local/lib/python3.12/site-packages/airflow/example_dags/example_branch_operator_decorator.py
[2024-10-14T02:29:01.719+0000] {logging_mixin.py:190} INFO - [2024-10-14T02:29:01.719+0000] {dag.py:3239} INFO - Sync 1 DAGs
[2024-10-14T02:29:01.750+0000] {logging_mixin.py:190} INFO - [2024-10-14T02:29:01.749+0000] {dag.py:4180} INFO - Setting next_dagrun for example_branch_python_operator_decorator to 2024-10-13 00:00:00+00:00, run_after=2024-10-14 00:00:00+00:00
[2024-10-14T02:29:01.779+0000] {processor.py:208} INFO - Processing /home/airflow/.local/lib/python3.12/site-packages/airflow/example_dags/example_branch_operator_decorator.py took 0.183 seconds
[2024-10-14T02:29:34.433+0000] {processor.py:186} INFO - Started process (PID=411) to work on /home/airflow/.local/lib/python3.12/site-packages/airflow/example_dags/example_branch_operator_decorator.py
[2024-10-14T02:29:34.434+0000] {processor.py:914} INFO - Processing file /home/airflow/.local/lib/python3.12/site-packages/airflow/example_dags/example_branch_operator_decorator.py for tasks to queue
[2024-10-14T02:29:34.436+0000] {logging_mixin.py:190} INFO - [2024-10-14T02:29:34.436+0000] {dagbag.py:588} INFO - Filling up the DagBag from /home/airflow/.local/lib/python3.12/site-packages/airflow/example_dags/example_branch_operator_decorator.py
[2024-10-14T02:29:34.455+0000] {processor.py:925} INFO - DAG(s) 'example_branch_python_operator_decorator' retrieved from /home/airflow/.local/lib/python3.12/site-packages/airflow/example_dags/example_branch_operator_decorator.py
[2024-10-14T02:29:34.478+0000] {logging_mixin.py:190} INFO - [2024-10-14T02:29:34.478+0000] {dag.py:3239} INFO - Sync 1 DAGs
[2024-10-14T02:29:34.498+0000] {logging_mixin.py:190} INFO - [2024-10-14T02:29:34.498+0000] {dag.py:4180} INFO - Setting next_dagrun for example_branch_python_operator_decorator to 2024-10-13 00:00:00+00:00, run_after=2024-10-14 00:00:00+00:00
[2024-10-14T02:29:34.520+0000] {processor.py:208} INFO - Processing /home/airflow/.local/lib/python3.12/site-packages/airflow/example_dags/example_branch_operator_decorator.py took 0.093 seconds
[2024-10-14T02:30:07.054+0000] {processor.py:186} INFO - Started process (PID=468) to work on /home/airflow/.local/lib/python3.12/site-packages/airflow/example_dags/example_branch_operator_decorator.py
[2024-10-14T02:30:07.056+0000] {processor.py:914} INFO - Processing file /home/airflow/.local/lib/python3.12/site-packages/airflow/example_dags/example_branch_operator_decorator.py for tasks to queue
[2024-10-14T02:30:07.058+0000] {logging_mixin.py:190} INFO - [2024-10-14T02:30:07.058+0000] {dagbag.py:588} INFO - Filling up the DagBag from /home/airflow/.local/lib/python3.12/site-packages/airflow/example_dags/example_branch_operator_decorator.py
[2024-10-14T02:30:07.084+0000] {processor.py:925} INFO - DAG(s) 'example_branch_python_operator_decorator' retrieved from /home/airflow/.local/lib/python3.12/site-packages/airflow/example_dags/example_branch_operator_decorator.py
[2024-10-14T02:30:07.115+0000] {logging_mixin.py:190} INFO - [2024-10-14T02:30:07.114+0000] {dag.py:3239} INFO - Sync 1 DAGs
[2024-10-14T02:30:07.139+0000] {logging_mixin.py:190} INFO - [2024-10-14T02:30:07.138+0000] {dag.py:4180} INFO - Setting next_dagrun for example_branch_python_operator_decorator to 2024-10-13 00:00:00+00:00, run_after=2024-10-14 00:00:00+00:00
[2024-10-14T02:30:07.169+0000] {processor.py:208} INFO - Processing /home/airflow/.local/lib/python3.12/site-packages/airflow/example_dags/example_branch_operator_decorator.py took 0.124 seconds
[2024-10-14T02:30:39.711+0000] {processor.py:186} INFO - Started process (PID=531) to work on /home/airflow/.local/lib/python3.12/site-packages/airflow/example_dags/example_branch_operator_decorator.py
[2024-10-14T02:30:39.712+0000] {processor.py:914} INFO - Processing file /home/airflow/.local/lib/python3.12/site-packages/airflow/example_dags/example_branch_operator_decorator.py for tasks to queue
[2024-10-14T02:30:39.715+0000] {logging_mixin.py:190} INFO - [2024-10-14T02:30:39.715+0000] {dagbag.py:588} INFO - Filling up the DagBag from /home/airflow/.local/lib/python3.12/site-packages/airflow/example_dags/example_branch_operator_decorator.py
[2024-10-14T02:30:39.740+0000] {processor.py:925} INFO - DAG(s) 'example_branch_python_operator_decorator' retrieved from /home/airflow/.local/lib/python3.12/site-packages/airflow/example_dags/example_branch_operator_decorator.py
[2024-10-14T02:30:39.769+0000] {logging_mixin.py:190} INFO - [2024-10-14T02:30:39.768+0000] {dag.py:3239} INFO - Sync 1 DAGs
[2024-10-14T02:30:39.794+0000] {logging_mixin.py:190} INFO - [2024-10-14T02:30:39.794+0000] {dag.py:4180} INFO - Setting next_dagrun for example_branch_python_operator_decorator to 2024-10-13 00:00:00+00:00, run_after=2024-10-14 00:00:00+00:00
[2024-10-14T02:30:39.814+0000] {processor.py:208} INFO - Processing /home/airflow/.local/lib/python3.12/site-packages/airflow/example_dags/example_branch_operator_decorator.py took 0.107 seconds
[2024-10-14T02:31:12.902+0000] {processor.py:186} INFO - Started process (PID=595) to work on /home/airflow/.local/lib/python3.12/site-packages/airflow/example_dags/example_branch_operator_decorator.py
[2024-10-14T02:31:12.903+0000] {processor.py:914} INFO - Processing file /home/airflow/.local/lib/python3.12/site-packages/airflow/example_dags/example_branch_operator_decorator.py for tasks to queue
[2024-10-14T02:31:12.907+0000] {logging_mixin.py:190} INFO - [2024-10-14T02:31:12.905+0000] {dagbag.py:588} INFO - Filling up the DagBag from /home/airflow/.local/lib/python3.12/site-packages/airflow/example_dags/example_branch_operator_decorator.py
[2024-10-14T02:31:12.928+0000] {processor.py:925} INFO - DAG(s) 'example_branch_python_operator_decorator' retrieved from /home/airflow/.local/lib/python3.12/site-packages/airflow/example_dags/example_branch_operator_decorator.py
[2024-10-14T02:31:12.958+0000] {logging_mixin.py:190} INFO - [2024-10-14T02:31:12.957+0000] {dag.py:3239} INFO - Sync 1 DAGs
[2024-10-14T02:31:12.979+0000] {logging_mixin.py:190} INFO - [2024-10-14T02:31:12.979+0000] {dag.py:4180} INFO - Setting next_dagrun for example_branch_python_operator_decorator to 2024-10-13 00:00:00+00:00, run_after=2024-10-14 00:00:00+00:00
[2024-10-14T02:31:13.004+0000] {processor.py:208} INFO - Processing /home/airflow/.local/lib/python3.12/site-packages/airflow/example_dags/example_branch_operator_decorator.py took 0.107 seconds
[2024-10-14T02:31:46.261+0000] {processor.py:186} INFO - Started process (PID=658) to work on /home/airflow/.local/lib/python3.12/site-packages/airflow/example_dags/example_branch_operator_decorator.py
[2024-10-14T02:31:46.263+0000] {processor.py:914} INFO - Processing file /home/airflow/.local/lib/python3.12/site-packages/airflow/example_dags/example_branch_operator_decorator.py for tasks to queue
[2024-10-14T02:31:46.265+0000] {logging_mixin.py:190} INFO - [2024-10-14T02:31:46.265+0000] {dagbag.py:588} INFO - Filling up the DagBag from /home/airflow/.local/lib/python3.12/site-packages/airflow/example_dags/example_branch_operator_decorator.py
[2024-10-14T02:31:46.282+0000] {processor.py:925} INFO - DAG(s) 'example_branch_python_operator_decorator' retrieved from /home/airflow/.local/lib/python3.12/site-packages/airflow/example_dags/example_branch_operator_decorator.py
[2024-10-14T02:31:46.309+0000] {logging_mixin.py:190} INFO - [2024-10-14T02:31:46.309+0000] {dag.py:3239} INFO - Sync 1 DAGs
[2024-10-14T02:31:46.335+0000] {logging_mixin.py:190} INFO - [2024-10-14T02:31:46.335+0000] {dag.py:4180} INFO - Setting next_dagrun for example_branch_python_operator_decorator to 2024-10-13 00:00:00+00:00, run_after=2024-10-14 00:00:00+00:00
[2024-10-14T02:31:46.371+0000] {processor.py:208} INFO - Processing /home/airflow/.local/lib/python3.12/site-packages/airflow/example_dags/example_branch_operator_decorator.py took 0.114 seconds
[2024-10-14T02:32:18.644+0000] {processor.py:186} INFO - Started process (PID=721) to work on /home/airflow/.local/lib/python3.12/site-packages/airflow/example_dags/example_branch_operator_decorator.py
[2024-10-14T02:32:18.645+0000] {processor.py:914} INFO - Processing file /home/airflow/.local/lib/python3.12/site-packages/airflow/example_dags/example_branch_operator_decorator.py for tasks to queue
[2024-10-14T02:32:18.649+0000] {logging_mixin.py:190} INFO - [2024-10-14T02:32:18.648+0000] {dagbag.py:588} INFO - Filling up the DagBag from /home/airflow/.local/lib/python3.12/site-packages/airflow/example_dags/example_branch_operator_decorator.py
[2024-10-14T02:32:18.697+0000] {processor.py:925} INFO - DAG(s) 'example_branch_python_operator_decorator' retrieved from /home/airflow/.local/lib/python3.12/site-packages/airflow/example_dags/example_branch_operator_decorator.py
[2024-10-14T02:32:18.748+0000] {logging_mixin.py:190} INFO - [2024-10-14T02:32:18.748+0000] {dag.py:3239} INFO - Sync 1 DAGs
[2024-10-14T02:32:18.771+0000] {logging_mixin.py:190} INFO - [2024-10-14T02:32:18.770+0000] {dag.py:4180} INFO - Setting next_dagrun for example_branch_python_operator_decorator to 2024-10-13 00:00:00+00:00, run_after=2024-10-14 00:00:00+00:00
[2024-10-14T02:32:18.792+0000] {processor.py:208} INFO - Processing /home/airflow/.local/lib/python3.12/site-packages/airflow/example_dags/example_branch_operator_decorator.py took 0.156 seconds
[2024-10-14T02:32:52.224+0000] {processor.py:186} INFO - Started process (PID=784) to work on /home/airflow/.local/lib/python3.12/site-packages/airflow/example_dags/example_branch_operator_decorator.py
[2024-10-14T02:32:52.225+0000] {processor.py:914} INFO - Processing file /home/airflow/.local/lib/python3.12/site-packages/airflow/example_dags/example_branch_operator_decorator.py for tasks to queue
[2024-10-14T02:32:52.228+0000] {logging_mixin.py:190} INFO - [2024-10-14T02:32:52.228+0000] {dagbag.py:588} INFO - Filling up the DagBag from /home/airflow/.local/lib/python3.12/site-packages/airflow/example_dags/example_branch_operator_decorator.py
[2024-10-14T02:32:52.252+0000] {processor.py:925} INFO - DAG(s) 'example_branch_python_operator_decorator' retrieved from /home/airflow/.local/lib/python3.12/site-packages/airflow/example_dags/example_branch_operator_decorator.py
[2024-10-14T02:32:52.287+0000] {logging_mixin.py:190} INFO - [2024-10-14T02:32:52.287+0000] {dag.py:3239} INFO - Sync 1 DAGs
[2024-10-14T02:32:52.327+0000] {logging_mixin.py:190} INFO - [2024-10-14T02:32:52.326+0000] {dag.py:4180} INFO - Setting next_dagrun for example_branch_python_operator_decorator to 2024-10-13 00:00:00+00:00, run_after=2024-10-14 00:00:00+00:00
[2024-10-14T02:32:52.351+0000] {processor.py:208} INFO - Processing /home/airflow/.local/lib/python3.12/site-packages/airflow/example_dags/example_branch_operator_decorator.py took 0.132 seconds
[2024-10-14T02:33:24.687+0000] {processor.py:186} INFO - Started process (PID=847) to work on /home/airflow/.local/lib/python3.12/site-packages/airflow/example_dags/example_branch_operator_decorator.py
[2024-10-14T02:33:24.688+0000] {processor.py:914} INFO - Processing file /home/airflow/.local/lib/python3.12/site-packages/airflow/example_dags/example_branch_operator_decorator.py for tasks to queue
[2024-10-14T02:33:24.691+0000] {logging_mixin.py:190} INFO - [2024-10-14T02:33:24.690+0000] {dagbag.py:588} INFO - Filling up the DagBag from /home/airflow/.local/lib/python3.12/site-packages/airflow/example_dags/example_branch_operator_decorator.py
[2024-10-14T02:33:24.709+0000] {processor.py:925} INFO - DAG(s) 'example_branch_python_operator_decorator' retrieved from /home/airflow/.local/lib/python3.12/site-packages/airflow/example_dags/example_branch_operator_decorator.py
[2024-10-14T02:33:24.737+0000] {logging_mixin.py:190} INFO - [2024-10-14T02:33:24.736+0000] {dag.py:3239} INFO - Sync 1 DAGs
[2024-10-14T02:33:24.762+0000] {logging_mixin.py:190} INFO - [2024-10-14T02:33:24.762+0000] {dag.py:4180} INFO - Setting next_dagrun for example_branch_python_operator_decorator to 2024-10-13 00:00:00+00:00, run_after=2024-10-14 00:00:00+00:00
[2024-10-14T02:33:24.785+0000] {processor.py:208} INFO - Processing /home/airflow/.local/lib/python3.12/site-packages/airflow/example_dags/example_branch_operator_decorator.py took 0.102 seconds
[2024-10-14T02:33:58.240+0000] {processor.py:186} INFO - Started process (PID=912) to work on /home/airflow/.local/lib/python3.12/site-packages/airflow/example_dags/example_branch_operator_decorator.py
[2024-10-14T02:33:58.241+0000] {processor.py:914} INFO - Processing file /home/airflow/.local/lib/python3.12/site-packages/airflow/example_dags/example_branch_operator_decorator.py for tasks to queue
[2024-10-14T02:33:58.244+0000] {logging_mixin.py:190} INFO - [2024-10-14T02:33:58.243+0000] {dagbag.py:588} INFO - Filling up the DagBag from /home/airflow/.local/lib/python3.12/site-packages/airflow/example_dags/example_branch_operator_decorator.py
[2024-10-14T02:33:58.270+0000] {processor.py:925} INFO - DAG(s) 'example_branch_python_operator_decorator' retrieved from /home/airflow/.local/lib/python3.12/site-packages/airflow/example_dags/example_branch_operator_decorator.py
[2024-10-14T02:33:58.299+0000] {logging_mixin.py:190} INFO - [2024-10-14T02:33:58.299+0000] {dag.py:3239} INFO - Sync 1 DAGs
[2024-10-14T02:33:58.323+0000] {logging_mixin.py:190} INFO - [2024-10-14T02:33:58.322+0000] {dag.py:4180} INFO - Setting next_dagrun for example_branch_python_operator_decorator to 2024-10-13 00:00:00+00:00, run_after=2024-10-14 00:00:00+00:00
[2024-10-14T02:33:58.345+0000] {processor.py:208} INFO - Processing /home/airflow/.local/lib/python3.12/site-packages/airflow/example_dags/example_branch_operator_decorator.py took 0.111 seconds
[2024-10-14T02:34:31.294+0000] {processor.py:186} INFO - Started process (PID=975) to work on /home/airflow/.local/lib/python3.12/site-packages/airflow/example_dags/example_branch_operator_decorator.py
[2024-10-14T02:34:31.295+0000] {processor.py:914} INFO - Processing file /home/airflow/.local/lib/python3.12/site-packages/airflow/example_dags/example_branch_operator_decorator.py for tasks to queue
[2024-10-14T02:34:31.298+0000] {logging_mixin.py:190} INFO - [2024-10-14T02:34:31.298+0000] {dagbag.py:588} INFO - Filling up the DagBag from /home/airflow/.local/lib/python3.12/site-packages/airflow/example_dags/example_branch_operator_decorator.py
[2024-10-14T02:34:31.327+0000] {processor.py:925} INFO - DAG(s) 'example_branch_python_operator_decorator' retrieved from /home/airflow/.local/lib/python3.12/site-packages/airflow/example_dags/example_branch_operator_decorator.py
[2024-10-14T02:34:31.360+0000] {logging_mixin.py:190} INFO - [2024-10-14T02:34:31.360+0000] {dag.py:3239} INFO - Sync 1 DAGs
[2024-10-14T02:34:31.392+0000] {logging_mixin.py:190} INFO - [2024-10-14T02:34:31.392+0000] {dag.py:4180} INFO - Setting next_dagrun for example_branch_python_operator_decorator to 2024-10-13 00:00:00+00:00, run_after=2024-10-14 00:00:00+00:00
[2024-10-14T02:34:31.420+0000] {processor.py:208} INFO - Processing /home/airflow/.local/lib/python3.12/site-packages/airflow/example_dags/example_branch_operator_decorator.py took 0.135 seconds
[2024-10-14T02:35:04.500+0000] {processor.py:186} INFO - Started process (PID=1038) to work on /home/airflow/.local/lib/python3.12/site-packages/airflow/example_dags/example_branch_operator_decorator.py
[2024-10-14T02:35:04.502+0000] {processor.py:914} INFO - Processing file /home/airflow/.local/lib/python3.12/site-packages/airflow/example_dags/example_branch_operator_decorator.py for tasks to queue
[2024-10-14T02:35:04.505+0000] {logging_mixin.py:190} INFO - [2024-10-14T02:35:04.505+0000] {dagbag.py:588} INFO - Filling up the DagBag from /home/airflow/.local/lib/python3.12/site-packages/airflow/example_dags/example_branch_operator_decorator.py
[2024-10-14T02:35:04.532+0000] {processor.py:925} INFO - DAG(s) 'example_branch_python_operator_decorator' retrieved from /home/airflow/.local/lib/python3.12/site-packages/airflow/example_dags/example_branch_operator_decorator.py
[2024-10-14T02:35:04.586+0000] {logging_mixin.py:190} INFO - [2024-10-14T02:35:04.586+0000] {dag.py:3239} INFO - Sync 1 DAGs
[2024-10-14T02:35:04.652+0000] {logging_mixin.py:190} INFO - [2024-10-14T02:35:04.652+0000] {dag.py:4180} INFO - Setting next_dagrun for example_branch_python_operator_decorator to 2024-10-13 00:00:00+00:00, run_after=2024-10-14 00:00:00+00:00
[2024-10-14T02:35:04.700+0000] {processor.py:208} INFO - Processing /home/airflow/.local/lib/python3.12/site-packages/airflow/example_dags/example_branch_operator_decorator.py took 0.208 seconds
[2024-10-14T02:35:37.289+0000] {processor.py:186} INFO - Started process (PID=1101) to work on /home/airflow/.local/lib/python3.12/site-packages/airflow/example_dags/example_branch_operator_decorator.py
[2024-10-14T02:35:37.290+0000] {processor.py:914} INFO - Processing file /home/airflow/.local/lib/python3.12/site-packages/airflow/example_dags/example_branch_operator_decorator.py for tasks to queue
[2024-10-14T02:35:37.294+0000] {logging_mixin.py:190} INFO - [2024-10-14T02:35:37.294+0000] {dagbag.py:588} INFO - Filling up the DagBag from /home/airflow/.local/lib/python3.12/site-packages/airflow/example_dags/example_branch_operator_decorator.py
[2024-10-14T02:35:37.345+0000] {processor.py:925} INFO - DAG(s) 'example_branch_python_operator_decorator' retrieved from /home/airflow/.local/lib/python3.12/site-packages/airflow/example_dags/example_branch_operator_decorator.py
[2024-10-14T02:35:37.419+0000] {logging_mixin.py:190} INFO - [2024-10-14T02:35:37.418+0000] {dag.py:3239} INFO - Sync 1 DAGs
[2024-10-14T02:35:37.465+0000] {logging_mixin.py:190} INFO - [2024-10-14T02:35:37.465+0000] {dag.py:4180} INFO - Setting next_dagrun for example_branch_python_operator_decorator to 2024-10-13 00:00:00+00:00, run_after=2024-10-14 00:00:00+00:00
[2024-10-14T02:35:37.488+0000] {processor.py:208} INFO - Processing /home/airflow/.local/lib/python3.12/site-packages/airflow/example_dags/example_branch_operator_decorator.py took 0.203 seconds
[2024-10-14T02:36:11.481+0000] {processor.py:186} INFO - Started process (PID=1170) to work on /home/airflow/.local/lib/python3.12/site-packages/airflow/example_dags/example_branch_operator_decorator.py
[2024-10-14T02:36:11.482+0000] {processor.py:914} INFO - Processing file /home/airflow/.local/lib/python3.12/site-packages/airflow/example_dags/example_branch_operator_decorator.py for tasks to queue
[2024-10-14T02:36:11.484+0000] {logging_mixin.py:190} INFO - [2024-10-14T02:36:11.484+0000] {dagbag.py:588} INFO - Filling up the DagBag from /home/airflow/.local/lib/python3.12/site-packages/airflow/example_dags/example_branch_operator_decorator.py
[2024-10-14T02:36:11.508+0000] {processor.py:925} INFO - DAG(s) 'example_branch_python_operator_decorator' retrieved from /home/airflow/.local/lib/python3.12/site-packages/airflow/example_dags/example_branch_operator_decorator.py
[2024-10-14T02:36:11.540+0000] {logging_mixin.py:190} INFO - [2024-10-14T02:36:11.539+0000] {dag.py:3239} INFO - Sync 1 DAGs
[2024-10-14T02:36:11.564+0000] {logging_mixin.py:190} INFO - [2024-10-14T02:36:11.564+0000] {dag.py:4180} INFO - Setting next_dagrun for example_branch_python_operator_decorator to 2024-10-13 00:00:00+00:00, run_after=2024-10-14 00:00:00+00:00
[2024-10-14T02:36:11.588+0000] {processor.py:208} INFO - Processing /home/airflow/.local/lib/python3.12/site-packages/airflow/example_dags/example_branch_operator_decorator.py took 0.112 seconds
[2024-10-14T02:37:49.167+0000] {processor.py:186} INFO - Started process (PID=97) to work on /home/airflow/.local/lib/python3.12/site-packages/airflow/example_dags/example_branch_operator_decorator.py
[2024-10-14T02:37:49.168+0000] {processor.py:914} INFO - Processing file /home/airflow/.local/lib/python3.12/site-packages/airflow/example_dags/example_branch_operator_decorator.py for tasks to queue
[2024-10-14T02:37:49.171+0000] {logging_mixin.py:190} INFO - [2024-10-14T02:37:49.171+0000] {dagbag.py:588} INFO - Filling up the DagBag from /home/airflow/.local/lib/python3.12/site-packages/airflow/example_dags/example_branch_operator_decorator.py
[2024-10-14T02:37:49.199+0000] {processor.py:925} INFO - DAG(s) 'example_branch_python_operator_decorator' retrieved from /home/airflow/.local/lib/python3.12/site-packages/airflow/example_dags/example_branch_operator_decorator.py
[2024-10-14T02:37:49.322+0000] {logging_mixin.py:190} INFO - [2024-10-14T02:37:49.321+0000] {dag.py:3239} INFO - Sync 1 DAGs
[2024-10-14T02:37:49.349+0000] {logging_mixin.py:190} INFO - [2024-10-14T02:37:49.348+0000] {dag.py:4180} INFO - Setting next_dagrun for example_branch_python_operator_decorator to 2024-10-13 00:00:00+00:00, run_after=2024-10-14 00:00:00+00:00
[2024-10-14T02:37:49.372+0000] {processor.py:208} INFO - Processing /home/airflow/.local/lib/python3.12/site-packages/airflow/example_dags/example_branch_operator_decorator.py took 0.211 seconds
[2024-10-14T02:38:22.182+0000] {processor.py:186} INFO - Started process (PID=161) to work on /home/airflow/.local/lib/python3.12/site-packages/airflow/example_dags/example_branch_operator_decorator.py
[2024-10-14T02:38:22.183+0000] {processor.py:914} INFO - Processing file /home/airflow/.local/lib/python3.12/site-packages/airflow/example_dags/example_branch_operator_decorator.py for tasks to queue
[2024-10-14T02:38:22.186+0000] {logging_mixin.py:190} INFO - [2024-10-14T02:38:22.185+0000] {dagbag.py:588} INFO - Filling up the DagBag from /home/airflow/.local/lib/python3.12/site-packages/airflow/example_dags/example_branch_operator_decorator.py
[2024-10-14T02:38:22.211+0000] {processor.py:925} INFO - DAG(s) 'example_branch_python_operator_decorator' retrieved from /home/airflow/.local/lib/python3.12/site-packages/airflow/example_dags/example_branch_operator_decorator.py
[2024-10-14T02:38:22.237+0000] {logging_mixin.py:190} INFO - [2024-10-14T02:38:22.237+0000] {dag.py:3239} INFO - Sync 1 DAGs
[2024-10-14T02:38:22.270+0000] {logging_mixin.py:190} INFO - [2024-10-14T02:38:22.269+0000] {dag.py:4180} INFO - Setting next_dagrun for example_branch_python_operator_decorator to 2024-10-13 00:00:00+00:00, run_after=2024-10-14 00:00:00+00:00
[2024-10-14T02:38:22.309+0000] {processor.py:208} INFO - Processing /home/airflow/.local/lib/python3.12/site-packages/airflow/example_dags/example_branch_operator_decorator.py took 0.134 seconds
[2024-10-14T02:38:56.942+0000] {processor.py:186} INFO - Started process (PID=226) to work on /home/airflow/.local/lib/python3.12/site-packages/airflow/example_dags/example_branch_operator_decorator.py
[2024-10-14T02:38:56.943+0000] {processor.py:914} INFO - Processing file /home/airflow/.local/lib/python3.12/site-packages/airflow/example_dags/example_branch_operator_decorator.py for tasks to queue
[2024-10-14T02:38:56.946+0000] {logging_mixin.py:190} INFO - [2024-10-14T02:38:56.946+0000] {dagbag.py:588} INFO - Filling up the DagBag from /home/airflow/.local/lib/python3.12/site-packages/airflow/example_dags/example_branch_operator_decorator.py
[2024-10-14T02:38:57.006+0000] {processor.py:925} INFO - DAG(s) 'example_branch_python_operator_decorator' retrieved from /home/airflow/.local/lib/python3.12/site-packages/airflow/example_dags/example_branch_operator_decorator.py
[2024-10-14T02:38:57.059+0000] {logging_mixin.py:190} INFO - [2024-10-14T02:38:57.057+0000] {dag.py:3239} INFO - Sync 1 DAGs
[2024-10-14T02:38:57.100+0000] {logging_mixin.py:190} INFO - [2024-10-14T02:38:57.100+0000] {dag.py:4180} INFO - Setting next_dagrun for example_branch_python_operator_decorator to 2024-10-13 00:00:00+00:00, run_after=2024-10-14 00:00:00+00:00
[2024-10-14T02:38:57.129+0000] {processor.py:208} INFO - Processing /home/airflow/.local/lib/python3.12/site-packages/airflow/example_dags/example_branch_operator_decorator.py took 0.198 seconds
[2024-10-14T02:39:28.611+0000] {processor.py:186} INFO - Started process (PID=290) to work on /home/airflow/.local/lib/python3.12/site-packages/airflow/example_dags/example_branch_operator_decorator.py
[2024-10-14T02:39:28.612+0000] {processor.py:914} INFO - Processing file /home/airflow/.local/lib/python3.12/site-packages/airflow/example_dags/example_branch_operator_decorator.py for tasks to queue
[2024-10-14T02:39:28.622+0000] {logging_mixin.py:190} INFO - [2024-10-14T02:39:28.621+0000] {dagbag.py:588} INFO - Filling up the DagBag from /home/airflow/.local/lib/python3.12/site-packages/airflow/example_dags/example_branch_operator_decorator.py
[2024-10-14T02:39:28.667+0000] {processor.py:925} INFO - DAG(s) 'example_branch_python_operator_decorator' retrieved from /home/airflow/.local/lib/python3.12/site-packages/airflow/example_dags/example_branch_operator_decorator.py
[2024-10-14T02:39:28.701+0000] {logging_mixin.py:190} INFO - [2024-10-14T02:39:28.700+0000] {dag.py:3239} INFO - Sync 1 DAGs
[2024-10-14T02:39:28.731+0000] {logging_mixin.py:190} INFO - [2024-10-14T02:39:28.730+0000] {dag.py:4180} INFO - Setting next_dagrun for example_branch_python_operator_decorator to 2024-10-13 00:00:00+00:00, run_after=2024-10-14 00:00:00+00:00
[2024-10-14T02:39:28.751+0000] {processor.py:208} INFO - Processing /home/airflow/.local/lib/python3.12/site-packages/airflow/example_dags/example_branch_operator_decorator.py took 0.146 seconds
[2024-10-14T02:40:02.225+0000] {processor.py:186} INFO - Started process (PID=354) to work on /home/airflow/.local/lib/python3.12/site-packages/airflow/example_dags/example_branch_operator_decorator.py
[2024-10-14T02:40:02.226+0000] {processor.py:914} INFO - Processing file /home/airflow/.local/lib/python3.12/site-packages/airflow/example_dags/example_branch_operator_decorator.py for tasks to queue
[2024-10-14T02:40:02.228+0000] {logging_mixin.py:190} INFO - [2024-10-14T02:40:02.227+0000] {dagbag.py:588} INFO - Filling up the DagBag from /home/airflow/.local/lib/python3.12/site-packages/airflow/example_dags/example_branch_operator_decorator.py
[2024-10-14T02:40:02.251+0000] {processor.py:925} INFO - DAG(s) 'example_branch_python_operator_decorator' retrieved from /home/airflow/.local/lib/python3.12/site-packages/airflow/example_dags/example_branch_operator_decorator.py
[2024-10-14T02:40:02.277+0000] {logging_mixin.py:190} INFO - [2024-10-14T02:40:02.277+0000] {dag.py:3239} INFO - Sync 1 DAGs
[2024-10-14T02:40:02.302+0000] {logging_mixin.py:190} INFO - [2024-10-14T02:40:02.301+0000] {dag.py:4180} INFO - Setting next_dagrun for example_branch_python_operator_decorator to 2024-10-13 00:00:00+00:00, run_after=2024-10-14 00:00:00+00:00
[2024-10-14T02:40:02.323+0000] {processor.py:208} INFO - Processing /home/airflow/.local/lib/python3.12/site-packages/airflow/example_dags/example_branch_operator_decorator.py took 0.104 seconds
[2024-10-14T02:40:34.770+0000] {processor.py:186} INFO - Started process (PID=418) to work on /home/airflow/.local/lib/python3.12/site-packages/airflow/example_dags/example_branch_operator_decorator.py
[2024-10-14T02:40:34.771+0000] {processor.py:914} INFO - Processing file /home/airflow/.local/lib/python3.12/site-packages/airflow/example_dags/example_branch_operator_decorator.py for tasks to queue
[2024-10-14T02:40:34.774+0000] {logging_mixin.py:190} INFO - [2024-10-14T02:40:34.774+0000] {dagbag.py:588} INFO - Filling up the DagBag from /home/airflow/.local/lib/python3.12/site-packages/airflow/example_dags/example_branch_operator_decorator.py
[2024-10-14T02:40:34.793+0000] {processor.py:925} INFO - DAG(s) 'example_branch_python_operator_decorator' retrieved from /home/airflow/.local/lib/python3.12/site-packages/airflow/example_dags/example_branch_operator_decorator.py
[2024-10-14T02:40:34.821+0000] {logging_mixin.py:190} INFO - [2024-10-14T02:40:34.821+0000] {dag.py:3239} INFO - Sync 1 DAGs
[2024-10-14T02:40:34.843+0000] {logging_mixin.py:190} INFO - [2024-10-14T02:40:34.843+0000] {dag.py:4180} INFO - Setting next_dagrun for example_branch_python_operator_decorator to 2024-10-13 00:00:00+00:00, run_after=2024-10-14 00:00:00+00:00
[2024-10-14T02:40:34.863+0000] {processor.py:208} INFO - Processing /home/airflow/.local/lib/python3.12/site-packages/airflow/example_dags/example_branch_operator_decorator.py took 0.098 seconds
[2024-10-14T02:41:07.076+0000] {processor.py:186} INFO - Started process (PID=476) to work on /home/airflow/.local/lib/python3.12/site-packages/airflow/example_dags/example_branch_operator_decorator.py
[2024-10-14T02:41:07.077+0000] {processor.py:914} INFO - Processing file /home/airflow/.local/lib/python3.12/site-packages/airflow/example_dags/example_branch_operator_decorator.py for tasks to queue
[2024-10-14T02:41:07.079+0000] {logging_mixin.py:190} INFO - [2024-10-14T02:41:07.079+0000] {dagbag.py:588} INFO - Filling up the DagBag from /home/airflow/.local/lib/python3.12/site-packages/airflow/example_dags/example_branch_operator_decorator.py
[2024-10-14T02:41:07.098+0000] {processor.py:925} INFO - DAG(s) 'example_branch_python_operator_decorator' retrieved from /home/airflow/.local/lib/python3.12/site-packages/airflow/example_dags/example_branch_operator_decorator.py
[2024-10-14T02:41:07.125+0000] {logging_mixin.py:190} INFO - [2024-10-14T02:41:07.124+0000] {dag.py:3239} INFO - Sync 1 DAGs
[2024-10-14T02:41:07.147+0000] {logging_mixin.py:190} INFO - [2024-10-14T02:41:07.147+0000] {dag.py:4180} INFO - Setting next_dagrun for example_branch_python_operator_decorator to 2024-10-13 00:00:00+00:00, run_after=2024-10-14 00:00:00+00:00
[2024-10-14T02:41:07.168+0000] {processor.py:208} INFO - Processing /home/airflow/.local/lib/python3.12/site-packages/airflow/example_dags/example_branch_operator_decorator.py took 0.097 seconds
[2024-10-14T02:41:40.164+0000] {processor.py:186} INFO - Started process (PID=540) to work on /home/airflow/.local/lib/python3.12/site-packages/airflow/example_dags/example_branch_operator_decorator.py
[2024-10-14T02:41:40.165+0000] {processor.py:914} INFO - Processing file /home/airflow/.local/lib/python3.12/site-packages/airflow/example_dags/example_branch_operator_decorator.py for tasks to queue
[2024-10-14T02:41:40.167+0000] {logging_mixin.py:190} INFO - [2024-10-14T02:41:40.167+0000] {dagbag.py:588} INFO - Filling up the DagBag from /home/airflow/.local/lib/python3.12/site-packages/airflow/example_dags/example_branch_operator_decorator.py
[2024-10-14T02:41:40.193+0000] {processor.py:925} INFO - DAG(s) 'example_branch_python_operator_decorator' retrieved from /home/airflow/.local/lib/python3.12/site-packages/airflow/example_dags/example_branch_operator_decorator.py
[2024-10-14T02:41:40.223+0000] {logging_mixin.py:190} INFO - [2024-10-14T02:41:40.222+0000] {dag.py:3239} INFO - Sync 1 DAGs
[2024-10-14T02:41:40.244+0000] {logging_mixin.py:190} INFO - [2024-10-14T02:41:40.244+0000] {dag.py:4180} INFO - Setting next_dagrun for example_branch_python_operator_decorator to 2024-10-13 00:00:00+00:00, run_after=2024-10-14 00:00:00+00:00
[2024-10-14T02:41:40.270+0000] {processor.py:208} INFO - Processing /home/airflow/.local/lib/python3.12/site-packages/airflow/example_dags/example_branch_operator_decorator.py took 0.111 seconds
[2024-10-14T02:42:13.781+0000] {processor.py:186} INFO - Started process (PID=610) to work on /home/airflow/.local/lib/python3.12/site-packages/airflow/example_dags/example_branch_operator_decorator.py
[2024-10-14T02:42:13.782+0000] {processor.py:914} INFO - Processing file /home/airflow/.local/lib/python3.12/site-packages/airflow/example_dags/example_branch_operator_decorator.py for tasks to queue
[2024-10-14T02:42:13.784+0000] {logging_mixin.py:190} INFO - [2024-10-14T02:42:13.784+0000] {dagbag.py:588} INFO - Filling up the DagBag from /home/airflow/.local/lib/python3.12/site-packages/airflow/example_dags/example_branch_operator_decorator.py
[2024-10-14T02:42:13.804+0000] {processor.py:925} INFO - DAG(s) 'example_branch_python_operator_decorator' retrieved from /home/airflow/.local/lib/python3.12/site-packages/airflow/example_dags/example_branch_operator_decorator.py
[2024-10-14T02:42:13.837+0000] {logging_mixin.py:190} INFO - [2024-10-14T02:42:13.836+0000] {dag.py:3239} INFO - Sync 1 DAGs
[2024-10-14T02:42:13.876+0000] {logging_mixin.py:190} INFO - [2024-10-14T02:42:13.876+0000] {dag.py:4180} INFO - Setting next_dagrun for example_branch_python_operator_decorator to 2024-10-13 00:00:00+00:00, run_after=2024-10-14 00:00:00+00:00
[2024-10-14T02:42:13.911+0000] {processor.py:208} INFO - Processing /home/airflow/.local/lib/python3.12/site-packages/airflow/example_dags/example_branch_operator_decorator.py took 0.135 seconds
[2024-10-14T02:42:46.850+0000] {processor.py:186} INFO - Started process (PID=674) to work on /home/airflow/.local/lib/python3.12/site-packages/airflow/example_dags/example_branch_operator_decorator.py
[2024-10-14T02:42:46.851+0000] {processor.py:914} INFO - Processing file /home/airflow/.local/lib/python3.12/site-packages/airflow/example_dags/example_branch_operator_decorator.py for tasks to queue
[2024-10-14T02:42:46.853+0000] {logging_mixin.py:190} INFO - [2024-10-14T02:42:46.853+0000] {dagbag.py:588} INFO - Filling up the DagBag from /home/airflow/.local/lib/python3.12/site-packages/airflow/example_dags/example_branch_operator_decorator.py
[2024-10-14T02:42:46.871+0000] {processor.py:925} INFO - DAG(s) 'example_branch_python_operator_decorator' retrieved from /home/airflow/.local/lib/python3.12/site-packages/airflow/example_dags/example_branch_operator_decorator.py
[2024-10-14T02:42:46.902+0000] {logging_mixin.py:190} INFO - [2024-10-14T02:42:46.901+0000] {dag.py:3239} INFO - Sync 1 DAGs
[2024-10-14T02:42:46.925+0000] {logging_mixin.py:190} INFO - [2024-10-14T02:42:46.924+0000] {dag.py:4180} INFO - Setting next_dagrun for example_branch_python_operator_decorator to 2024-10-13 00:00:00+00:00, run_after=2024-10-14 00:00:00+00:00
[2024-10-14T02:42:46.946+0000] {processor.py:208} INFO - Processing /home/airflow/.local/lib/python3.12/site-packages/airflow/example_dags/example_branch_operator_decorator.py took 0.101 seconds
[2024-10-14T02:43:19.945+0000] {processor.py:186} INFO - Started process (PID=738) to work on /home/airflow/.local/lib/python3.12/site-packages/airflow/example_dags/example_branch_operator_decorator.py
[2024-10-14T02:43:19.947+0000] {processor.py:914} INFO - Processing file /home/airflow/.local/lib/python3.12/site-packages/airflow/example_dags/example_branch_operator_decorator.py for tasks to queue
[2024-10-14T02:43:19.952+0000] {logging_mixin.py:190} INFO - [2024-10-14T02:43:19.951+0000] {dagbag.py:588} INFO - Filling up the DagBag from /home/airflow/.local/lib/python3.12/site-packages/airflow/example_dags/example_branch_operator_decorator.py
[2024-10-14T02:43:20.004+0000] {processor.py:925} INFO - DAG(s) 'example_branch_python_operator_decorator' retrieved from /home/airflow/.local/lib/python3.12/site-packages/airflow/example_dags/example_branch_operator_decorator.py
[2024-10-14T02:43:20.043+0000] {logging_mixin.py:190} INFO - [2024-10-14T02:43:20.043+0000] {dag.py:3239} INFO - Sync 1 DAGs
[2024-10-14T02:43:20.070+0000] {logging_mixin.py:190} INFO - [2024-10-14T02:43:20.070+0000] {dag.py:4180} INFO - Setting next_dagrun for example_branch_python_operator_decorator to 2024-10-13 00:00:00+00:00, run_after=2024-10-14 00:00:00+00:00
[2024-10-14T02:43:20.101+0000] {processor.py:208} INFO - Processing /home/airflow/.local/lib/python3.12/site-packages/airflow/example_dags/example_branch_operator_decorator.py took 0.161 seconds
[2024-10-14T02:43:52.721+0000] {processor.py:186} INFO - Started process (PID=798) to work on /home/airflow/.local/lib/python3.12/site-packages/airflow/example_dags/example_branch_operator_decorator.py
[2024-10-14T02:43:52.722+0000] {processor.py:914} INFO - Processing file /home/airflow/.local/lib/python3.12/site-packages/airflow/example_dags/example_branch_operator_decorator.py for tasks to queue
[2024-10-14T02:43:52.724+0000] {logging_mixin.py:190} INFO - [2024-10-14T02:43:52.724+0000] {dagbag.py:588} INFO - Filling up the DagBag from /home/airflow/.local/lib/python3.12/site-packages/airflow/example_dags/example_branch_operator_decorator.py
[2024-10-14T02:43:52.747+0000] {processor.py:925} INFO - DAG(s) 'example_branch_python_operator_decorator' retrieved from /home/airflow/.local/lib/python3.12/site-packages/airflow/example_dags/example_branch_operator_decorator.py
[2024-10-14T02:43:52.774+0000] {logging_mixin.py:190} INFO - [2024-10-14T02:43:52.774+0000] {dag.py:3239} INFO - Sync 1 DAGs
[2024-10-14T02:43:52.795+0000] {logging_mixin.py:190} INFO - [2024-10-14T02:43:52.795+0000] {dag.py:4180} INFO - Setting next_dagrun for example_branch_python_operator_decorator to 2024-10-13 00:00:00+00:00, run_after=2024-10-14 00:00:00+00:00
[2024-10-14T02:43:52.817+0000] {processor.py:208} INFO - Processing /home/airflow/.local/lib/python3.12/site-packages/airflow/example_dags/example_branch_operator_decorator.py took 0.102 seconds
[2024-10-14T02:44:27.371+0000] {processor.py:186} INFO - Started process (PID=872) to work on /home/airflow/.local/lib/python3.12/site-packages/airflow/example_dags/example_branch_operator_decorator.py
[2024-10-14T02:44:27.372+0000] {processor.py:914} INFO - Processing file /home/airflow/.local/lib/python3.12/site-packages/airflow/example_dags/example_branch_operator_decorator.py for tasks to queue
[2024-10-14T02:44:27.376+0000] {logging_mixin.py:190} INFO - [2024-10-14T02:44:27.375+0000] {dagbag.py:588} INFO - Filling up the DagBag from /home/airflow/.local/lib/python3.12/site-packages/airflow/example_dags/example_branch_operator_decorator.py
[2024-10-14T02:44:27.403+0000] {processor.py:925} INFO - DAG(s) 'example_branch_python_operator_decorator' retrieved from /home/airflow/.local/lib/python3.12/site-packages/airflow/example_dags/example_branch_operator_decorator.py
[2024-10-14T02:44:27.434+0000] {logging_mixin.py:190} INFO - [2024-10-14T02:44:27.434+0000] {dag.py:3239} INFO - Sync 1 DAGs
[2024-10-14T02:44:27.462+0000] {logging_mixin.py:190} INFO - [2024-10-14T02:44:27.461+0000] {dag.py:4180} INFO - Setting next_dagrun for example_branch_python_operator_decorator to 2024-10-13 00:00:00+00:00, run_after=2024-10-14 00:00:00+00:00
[2024-10-14T02:44:27.486+0000] {processor.py:208} INFO - Processing /home/airflow/.local/lib/python3.12/site-packages/airflow/example_dags/example_branch_operator_decorator.py took 0.123 seconds
[2024-10-14T02:44:59.748+0000] {processor.py:186} INFO - Started process (PID=936) to work on /home/airflow/.local/lib/python3.12/site-packages/airflow/example_dags/example_branch_operator_decorator.py
[2024-10-14T02:44:59.750+0000] {processor.py:914} INFO - Processing file /home/airflow/.local/lib/python3.12/site-packages/airflow/example_dags/example_branch_operator_decorator.py for tasks to queue
[2024-10-14T02:44:59.754+0000] {logging_mixin.py:190} INFO - [2024-10-14T02:44:59.753+0000] {dagbag.py:588} INFO - Filling up the DagBag from /home/airflow/.local/lib/python3.12/site-packages/airflow/example_dags/example_branch_operator_decorator.py
[2024-10-14T02:44:59.792+0000] {processor.py:925} INFO - DAG(s) 'example_branch_python_operator_decorator' retrieved from /home/airflow/.local/lib/python3.12/site-packages/airflow/example_dags/example_branch_operator_decorator.py
[2024-10-14T02:44:59.840+0000] {logging_mixin.py:190} INFO - [2024-10-14T02:44:59.839+0000] {dag.py:3239} INFO - Sync 1 DAGs
[2024-10-14T02:44:59.876+0000] {logging_mixin.py:190} INFO - [2024-10-14T02:44:59.876+0000] {dag.py:4180} INFO - Setting next_dagrun for example_branch_python_operator_decorator to 2024-10-13 00:00:00+00:00, run_after=2024-10-14 00:00:00+00:00
[2024-10-14T02:44:59.912+0000] {processor.py:208} INFO - Processing /home/airflow/.local/lib/python3.12/site-packages/airflow/example_dags/example_branch_operator_decorator.py took 0.178 seconds
[2024-10-14T02:45:32.669+0000] {processor.py:186} INFO - Started process (PID=1003) to work on /home/airflow/.local/lib/python3.12/site-packages/airflow/example_dags/example_branch_operator_decorator.py
[2024-10-14T02:45:32.670+0000] {processor.py:914} INFO - Processing file /home/airflow/.local/lib/python3.12/site-packages/airflow/example_dags/example_branch_operator_decorator.py for tasks to queue
[2024-10-14T02:45:32.672+0000] {logging_mixin.py:190} INFO - [2024-10-14T02:45:32.672+0000] {dagbag.py:588} INFO - Filling up the DagBag from /home/airflow/.local/lib/python3.12/site-packages/airflow/example_dags/example_branch_operator_decorator.py
[2024-10-14T02:45:32.690+0000] {processor.py:925} INFO - DAG(s) 'example_branch_python_operator_decorator' retrieved from /home/airflow/.local/lib/python3.12/site-packages/airflow/example_dags/example_branch_operator_decorator.py
[2024-10-14T02:45:32.722+0000] {logging_mixin.py:190} INFO - [2024-10-14T02:45:32.722+0000] {dag.py:3239} INFO - Sync 1 DAGs
[2024-10-14T02:45:32.751+0000] {logging_mixin.py:190} INFO - [2024-10-14T02:45:32.751+0000] {dag.py:4180} INFO - Setting next_dagrun for example_branch_python_operator_decorator to 2024-10-13 00:00:00+00:00, run_after=2024-10-14 00:00:00+00:00
[2024-10-14T02:45:32.781+0000] {processor.py:208} INFO - Processing /home/airflow/.local/lib/python3.12/site-packages/airflow/example_dags/example_branch_operator_decorator.py took 0.117 seconds
[2024-10-14T02:46:06.364+0000] {processor.py:186} INFO - Started process (PID=1067) to work on /home/airflow/.local/lib/python3.12/site-packages/airflow/example_dags/example_branch_operator_decorator.py
[2024-10-14T02:46:06.365+0000] {processor.py:914} INFO - Processing file /home/airflow/.local/lib/python3.12/site-packages/airflow/example_dags/example_branch_operator_decorator.py for tasks to queue
[2024-10-14T02:46:06.370+0000] {logging_mixin.py:190} INFO - [2024-10-14T02:46:06.369+0000] {dagbag.py:588} INFO - Filling up the DagBag from /home/airflow/.local/lib/python3.12/site-packages/airflow/example_dags/example_branch_operator_decorator.py
[2024-10-14T02:46:06.396+0000] {processor.py:925} INFO - DAG(s) 'example_branch_python_operator_decorator' retrieved from /home/airflow/.local/lib/python3.12/site-packages/airflow/example_dags/example_branch_operator_decorator.py
[2024-10-14T02:46:06.430+0000] {logging_mixin.py:190} INFO - [2024-10-14T02:46:06.430+0000] {dag.py:3239} INFO - Sync 1 DAGs
[2024-10-14T02:46:06.452+0000] {logging_mixin.py:190} INFO - [2024-10-14T02:46:06.451+0000] {dag.py:4180} INFO - Setting next_dagrun for example_branch_python_operator_decorator to 2024-10-13 00:00:00+00:00, run_after=2024-10-14 00:00:00+00:00
[2024-10-14T02:46:06.478+0000] {processor.py:208} INFO - Processing /home/airflow/.local/lib/python3.12/site-packages/airflow/example_dags/example_branch_operator_decorator.py took 0.121 seconds
[2024-10-14T02:46:38.916+0000] {processor.py:186} INFO - Started process (PID=1131) to work on /home/airflow/.local/lib/python3.12/site-packages/airflow/example_dags/example_branch_operator_decorator.py
[2024-10-14T02:46:38.917+0000] {processor.py:914} INFO - Processing file /home/airflow/.local/lib/python3.12/site-packages/airflow/example_dags/example_branch_operator_decorator.py for tasks to queue
[2024-10-14T02:46:38.920+0000] {logging_mixin.py:190} INFO - [2024-10-14T02:46:38.919+0000] {dagbag.py:588} INFO - Filling up the DagBag from /home/airflow/.local/lib/python3.12/site-packages/airflow/example_dags/example_branch_operator_decorator.py
[2024-10-14T02:46:38.945+0000] {processor.py:925} INFO - DAG(s) 'example_branch_python_operator_decorator' retrieved from /home/airflow/.local/lib/python3.12/site-packages/airflow/example_dags/example_branch_operator_decorator.py
[2024-10-14T02:46:38.973+0000] {logging_mixin.py:190} INFO - [2024-10-14T02:46:38.973+0000] {dag.py:3239} INFO - Sync 1 DAGs
[2024-10-14T02:46:38.995+0000] {logging_mixin.py:190} INFO - [2024-10-14T02:46:38.994+0000] {dag.py:4180} INFO - Setting next_dagrun for example_branch_python_operator_decorator to 2024-10-13 00:00:00+00:00, run_after=2024-10-14 00:00:00+00:00
[2024-10-14T02:46:39.015+0000] {processor.py:208} INFO - Processing /home/airflow/.local/lib/python3.12/site-packages/airflow/example_dags/example_branch_operator_decorator.py took 0.105 seconds
[2024-10-14T02:47:12.338+0000] {processor.py:186} INFO - Started process (PID=1195) to work on /home/airflow/.local/lib/python3.12/site-packages/airflow/example_dags/example_branch_operator_decorator.py
[2024-10-14T02:47:12.339+0000] {processor.py:914} INFO - Processing file /home/airflow/.local/lib/python3.12/site-packages/airflow/example_dags/example_branch_operator_decorator.py for tasks to queue
[2024-10-14T02:47:12.342+0000] {logging_mixin.py:190} INFO - [2024-10-14T02:47:12.342+0000] {dagbag.py:588} INFO - Filling up the DagBag from /home/airflow/.local/lib/python3.12/site-packages/airflow/example_dags/example_branch_operator_decorator.py
[2024-10-14T02:47:12.372+0000] {processor.py:925} INFO - DAG(s) 'example_branch_python_operator_decorator' retrieved from /home/airflow/.local/lib/python3.12/site-packages/airflow/example_dags/example_branch_operator_decorator.py
[2024-10-14T02:47:12.408+0000] {logging_mixin.py:190} INFO - [2024-10-14T02:47:12.407+0000] {dag.py:3239} INFO - Sync 1 DAGs
[2024-10-14T02:47:12.432+0000] {logging_mixin.py:190} INFO - [2024-10-14T02:47:12.432+0000] {dag.py:4180} INFO - Setting next_dagrun for example_branch_python_operator_decorator to 2024-10-13 00:00:00+00:00, run_after=2024-10-14 00:00:00+00:00
[2024-10-14T02:47:12.450+0000] {processor.py:208} INFO - Processing /home/airflow/.local/lib/python3.12/site-packages/airflow/example_dags/example_branch_operator_decorator.py took 0.121 seconds
[2024-10-14T02:47:44.582+0000] {processor.py:186} INFO - Started process (PID=1253) to work on /home/airflow/.local/lib/python3.12/site-packages/airflow/example_dags/example_branch_operator_decorator.py
[2024-10-14T02:47:44.583+0000] {processor.py:914} INFO - Processing file /home/airflow/.local/lib/python3.12/site-packages/airflow/example_dags/example_branch_operator_decorator.py for tasks to queue
[2024-10-14T02:47:44.586+0000] {logging_mixin.py:190} INFO - [2024-10-14T02:47:44.586+0000] {dagbag.py:588} INFO - Filling up the DagBag from /home/airflow/.local/lib/python3.12/site-packages/airflow/example_dags/example_branch_operator_decorator.py
[2024-10-14T02:47:44.613+0000] {processor.py:925} INFO - DAG(s) 'example_branch_python_operator_decorator' retrieved from /home/airflow/.local/lib/python3.12/site-packages/airflow/example_dags/example_branch_operator_decorator.py
[2024-10-14T02:47:44.639+0000] {logging_mixin.py:190} INFO - [2024-10-14T02:47:44.639+0000] {dag.py:3239} INFO - Sync 1 DAGs
[2024-10-14T02:47:44.660+0000] {logging_mixin.py:190} INFO - [2024-10-14T02:47:44.659+0000] {dag.py:4180} INFO - Setting next_dagrun for example_branch_python_operator_decorator to 2024-10-13 00:00:00+00:00, run_after=2024-10-14 00:00:00+00:00
[2024-10-14T02:47:44.681+0000] {processor.py:208} INFO - Processing /home/airflow/.local/lib/python3.12/site-packages/airflow/example_dags/example_branch_operator_decorator.py took 0.105 seconds
