[2024-10-14T02:26:56.358+0000] {processor.py:186} INFO - Started process (PID=118) to work on /home/airflow/.local/lib/python3.12/site-packages/airflow/example_dags/example_skip_dag.py
[2024-10-14T02:26:56.359+0000] {processor.py:914} INFO - Processing file /home/airflow/.local/lib/python3.12/site-packages/airflow/example_dags/example_skip_dag.py for tasks to queue
[2024-10-14T02:26:56.363+0000] {logging_mixin.py:190} INFO - [2024-10-14T02:26:56.363+0000] {dagbag.py:588} INFO - Filling up the DagBag from /home/airflow/.local/lib/python3.12/site-packages/airflow/example_dags/example_skip_dag.py
[2024-10-14T02:26:56.371+0000] {processor.py:925} INFO - DAG(s) 'example_skip_dag' retrieved from /home/airflow/.local/lib/python3.12/site-packages/airflow/example_dags/example_skip_dag.py
[2024-10-14T02:26:56.515+0000] {logging_mixin.py:190} INFO - [2024-10-14T02:26:56.514+0000] {override.py:1900} INFO - Created Permission View: can delete on DAG:example_skip_dag
[2024-10-14T02:26:56.526+0000] {logging_mixin.py:190} INFO - [2024-10-14T02:26:56.526+0000] {override.py:1900} INFO - Created Permission View: can edit on DAG:example_skip_dag
[2024-10-14T02:26:56.537+0000] {logging_mixin.py:190} INFO - [2024-10-14T02:26:56.536+0000] {override.py:1900} INFO - Created Permission View: can read on DAG:example_skip_dag
[2024-10-14T02:26:56.546+0000] {logging_mixin.py:190} INFO - [2024-10-14T02:26:56.546+0000] {override.py:1900} INFO - Created Permission View: can delete on DAG Run:example_skip_dag
[2024-10-14T02:26:56.552+0000] {logging_mixin.py:190} INFO - [2024-10-14T02:26:56.552+0000] {override.py:1900} INFO - Created Permission View: can create on DAG Run:example_skip_dag
[2024-10-14T02:26:56.560+0000] {logging_mixin.py:190} INFO - [2024-10-14T02:26:56.560+0000] {override.py:1900} INFO - Created Permission View: menu access on DAG Run:example_skip_dag
[2024-10-14T02:26:56.567+0000] {logging_mixin.py:190} INFO - [2024-10-14T02:26:56.567+0000] {override.py:1900} INFO - Created Permission View: can read on DAG Run:example_skip_dag
[2024-10-14T02:26:56.568+0000] {logging_mixin.py:190} INFO - [2024-10-14T02:26:56.567+0000] {dag.py:3239} INFO - Sync 1 DAGs
[2024-10-14T02:26:56.581+0000] {logging_mixin.py:190} INFO - [2024-10-14T02:26:56.580+0000] {dag.py:3262} INFO - Creating ORM DAG for example_skip_dag
[2024-10-14T02:26:56.590+0000] {logging_mixin.py:190} INFO - [2024-10-14T02:26:56.590+0000] {dag.py:4180} INFO - Setting next_dagrun for example_skip_dag to 2024-10-13 00:00:00+00:00, run_after=2024-10-14 00:00:00+00:00
[2024-10-14T02:26:56.605+0000] {processor.py:208} INFO - Processing /home/airflow/.local/lib/python3.12/site-packages/airflow/example_dags/example_skip_dag.py took 0.253 seconds
[2024-10-14T02:27:27.466+0000] {processor.py:186} INFO - Started process (PID=180) to work on /home/airflow/.local/lib/python3.12/site-packages/airflow/example_dags/example_skip_dag.py
[2024-10-14T02:27:27.467+0000] {processor.py:914} INFO - Processing file /home/airflow/.local/lib/python3.12/site-packages/airflow/example_dags/example_skip_dag.py for tasks to queue
[2024-10-14T02:27:27.468+0000] {logging_mixin.py:190} INFO - [2024-10-14T02:27:27.468+0000] {dagbag.py:588} INFO - Filling up the DagBag from /home/airflow/.local/lib/python3.12/site-packages/airflow/example_dags/example_skip_dag.py
[2024-10-14T02:27:27.475+0000] {processor.py:925} INFO - DAG(s) 'example_skip_dag' retrieved from /home/airflow/.local/lib/python3.12/site-packages/airflow/example_dags/example_skip_dag.py
[2024-10-14T02:27:27.495+0000] {logging_mixin.py:190} INFO - [2024-10-14T02:27:27.495+0000] {dag.py:3239} INFO - Sync 1 DAGs
[2024-10-14T02:27:27.514+0000] {logging_mixin.py:190} INFO - [2024-10-14T02:27:27.514+0000] {dag.py:4180} INFO - Setting next_dagrun for example_skip_dag to 2024-10-13 00:00:00+00:00, run_after=2024-10-14 00:00:00+00:00
[2024-10-14T02:27:27.536+0000] {processor.py:208} INFO - Processing /home/airflow/.local/lib/python3.12/site-packages/airflow/example_dags/example_skip_dag.py took 0.075 seconds
[2024-10-14T02:27:57.961+0000] {processor.py:186} INFO - Started process (PID=243) to work on /home/airflow/.local/lib/python3.12/site-packages/airflow/example_dags/example_skip_dag.py
[2024-10-14T02:27:57.962+0000] {processor.py:914} INFO - Processing file /home/airflow/.local/lib/python3.12/site-packages/airflow/example_dags/example_skip_dag.py for tasks to queue
[2024-10-14T02:27:57.964+0000] {logging_mixin.py:190} INFO - [2024-10-14T02:27:57.963+0000] {dagbag.py:588} INFO - Filling up the DagBag from /home/airflow/.local/lib/python3.12/site-packages/airflow/example_dags/example_skip_dag.py
[2024-10-14T02:27:57.972+0000] {processor.py:925} INFO - DAG(s) 'example_skip_dag' retrieved from /home/airflow/.local/lib/python3.12/site-packages/airflow/example_dags/example_skip_dag.py
[2024-10-14T02:27:57.995+0000] {logging_mixin.py:190} INFO - [2024-10-14T02:27:57.994+0000] {dag.py:3239} INFO - Sync 1 DAGs
[2024-10-14T02:27:58.020+0000] {logging_mixin.py:190} INFO - [2024-10-14T02:27:58.020+0000] {dag.py:4180} INFO - Setting next_dagrun for example_skip_dag to 2024-10-13 00:00:00+00:00, run_after=2024-10-14 00:00:00+00:00
[2024-10-14T02:27:58.041+0000] {processor.py:208} INFO - Processing /home/airflow/.local/lib/python3.12/site-packages/airflow/example_dags/example_skip_dag.py took 0.085 seconds
[2024-10-14T02:28:29.519+0000] {processor.py:186} INFO - Started process (PID=305) to work on /home/airflow/.local/lib/python3.12/site-packages/airflow/example_dags/example_skip_dag.py
[2024-10-14T02:28:29.520+0000] {processor.py:914} INFO - Processing file /home/airflow/.local/lib/python3.12/site-packages/airflow/example_dags/example_skip_dag.py for tasks to queue
[2024-10-14T02:28:29.523+0000] {logging_mixin.py:190} INFO - [2024-10-14T02:28:29.522+0000] {dagbag.py:588} INFO - Filling up the DagBag from /home/airflow/.local/lib/python3.12/site-packages/airflow/example_dags/example_skip_dag.py
[2024-10-14T02:28:29.533+0000] {processor.py:925} INFO - DAG(s) 'example_skip_dag' retrieved from /home/airflow/.local/lib/python3.12/site-packages/airflow/example_dags/example_skip_dag.py
[2024-10-14T02:28:29.562+0000] {logging_mixin.py:190} INFO - [2024-10-14T02:28:29.562+0000] {dag.py:3239} INFO - Sync 1 DAGs
[2024-10-14T02:28:29.589+0000] {logging_mixin.py:190} INFO - [2024-10-14T02:28:29.589+0000] {dag.py:4180} INFO - Setting next_dagrun for example_skip_dag to 2024-10-13 00:00:00+00:00, run_after=2024-10-14 00:00:00+00:00
[2024-10-14T02:28:29.609+0000] {processor.py:208} INFO - Processing /home/airflow/.local/lib/python3.12/site-packages/airflow/example_dags/example_skip_dag.py took 0.096 seconds
[2024-10-14T02:29:03.528+0000] {processor.py:186} INFO - Started process (PID=369) to work on /home/airflow/.local/lib/python3.12/site-packages/airflow/example_dags/example_skip_dag.py
[2024-10-14T02:29:03.529+0000] {processor.py:914} INFO - Processing file /home/airflow/.local/lib/python3.12/site-packages/airflow/example_dags/example_skip_dag.py for tasks to queue
[2024-10-14T02:29:03.533+0000] {logging_mixin.py:190} INFO - [2024-10-14T02:29:03.533+0000] {dagbag.py:588} INFO - Filling up the DagBag from /home/airflow/.local/lib/python3.12/site-packages/airflow/example_dags/example_skip_dag.py
[2024-10-14T02:29:03.541+0000] {processor.py:925} INFO - DAG(s) 'example_skip_dag' retrieved from /home/airflow/.local/lib/python3.12/site-packages/airflow/example_dags/example_skip_dag.py
[2024-10-14T02:29:03.563+0000] {logging_mixin.py:190} INFO - [2024-10-14T02:29:03.563+0000] {dag.py:3239} INFO - Sync 1 DAGs
[2024-10-14T02:29:03.590+0000] {logging_mixin.py:190} INFO - [2024-10-14T02:29:03.589+0000] {dag.py:4180} INFO - Setting next_dagrun for example_skip_dag to 2024-10-13 00:00:00+00:00, run_after=2024-10-14 00:00:00+00:00
[2024-10-14T02:29:03.616+0000] {processor.py:208} INFO - Processing /home/airflow/.local/lib/python3.12/site-packages/airflow/example_dags/example_skip_dag.py took 0.095 seconds
[2024-10-14T02:29:36.183+0000] {processor.py:186} INFO - Started process (PID=432) to work on /home/airflow/.local/lib/python3.12/site-packages/airflow/example_dags/example_skip_dag.py
[2024-10-14T02:29:36.184+0000] {processor.py:914} INFO - Processing file /home/airflow/.local/lib/python3.12/site-packages/airflow/example_dags/example_skip_dag.py for tasks to queue
[2024-10-14T02:29:36.187+0000] {logging_mixin.py:190} INFO - [2024-10-14T02:29:36.187+0000] {dagbag.py:588} INFO - Filling up the DagBag from /home/airflow/.local/lib/python3.12/site-packages/airflow/example_dags/example_skip_dag.py
[2024-10-14T02:29:36.197+0000] {processor.py:925} INFO - DAG(s) 'example_skip_dag' retrieved from /home/airflow/.local/lib/python3.12/site-packages/airflow/example_dags/example_skip_dag.py
[2024-10-14T02:29:36.226+0000] {logging_mixin.py:190} INFO - [2024-10-14T02:29:36.225+0000] {dag.py:3239} INFO - Sync 1 DAGs
[2024-10-14T02:29:36.249+0000] {logging_mixin.py:190} INFO - [2024-10-14T02:29:36.248+0000] {dag.py:4180} INFO - Setting next_dagrun for example_skip_dag to 2024-10-13 00:00:00+00:00, run_after=2024-10-14 00:00:00+00:00
[2024-10-14T02:29:36.270+0000] {processor.py:208} INFO - Processing /home/airflow/.local/lib/python3.12/site-packages/airflow/example_dags/example_skip_dag.py took 0.096 seconds
[2024-10-14T02:30:08.508+0000] {processor.py:186} INFO - Started process (PID=495) to work on /home/airflow/.local/lib/python3.12/site-packages/airflow/example_dags/example_skip_dag.py
[2024-10-14T02:30:08.509+0000] {processor.py:914} INFO - Processing file /home/airflow/.local/lib/python3.12/site-packages/airflow/example_dags/example_skip_dag.py for tasks to queue
[2024-10-14T02:30:08.511+0000] {logging_mixin.py:190} INFO - [2024-10-14T02:30:08.511+0000] {dagbag.py:588} INFO - Filling up the DagBag from /home/airflow/.local/lib/python3.12/site-packages/airflow/example_dags/example_skip_dag.py
[2024-10-14T02:30:08.520+0000] {processor.py:925} INFO - DAG(s) 'example_skip_dag' retrieved from /home/airflow/.local/lib/python3.12/site-packages/airflow/example_dags/example_skip_dag.py
[2024-10-14T02:30:08.541+0000] {logging_mixin.py:190} INFO - [2024-10-14T02:30:08.541+0000] {dag.py:3239} INFO - Sync 1 DAGs
[2024-10-14T02:30:08.566+0000] {logging_mixin.py:190} INFO - [2024-10-14T02:30:08.565+0000] {dag.py:4180} INFO - Setting next_dagrun for example_skip_dag to 2024-10-13 00:00:00+00:00, run_after=2024-10-14 00:00:00+00:00
[2024-10-14T02:30:08.586+0000] {processor.py:208} INFO - Processing /home/airflow/.local/lib/python3.12/site-packages/airflow/example_dags/example_skip_dag.py took 0.083 seconds
[2024-10-14T02:30:41.459+0000] {processor.py:186} INFO - Started process (PID=559) to work on /home/airflow/.local/lib/python3.12/site-packages/airflow/example_dags/example_skip_dag.py
[2024-10-14T02:30:41.460+0000] {processor.py:914} INFO - Processing file /home/airflow/.local/lib/python3.12/site-packages/airflow/example_dags/example_skip_dag.py for tasks to queue
[2024-10-14T02:30:41.463+0000] {logging_mixin.py:190} INFO - [2024-10-14T02:30:41.462+0000] {dagbag.py:588} INFO - Filling up the DagBag from /home/airflow/.local/lib/python3.12/site-packages/airflow/example_dags/example_skip_dag.py
[2024-10-14T02:30:41.473+0000] {processor.py:925} INFO - DAG(s) 'example_skip_dag' retrieved from /home/airflow/.local/lib/python3.12/site-packages/airflow/example_dags/example_skip_dag.py
[2024-10-14T02:30:41.497+0000] {logging_mixin.py:190} INFO - [2024-10-14T02:30:41.496+0000] {dag.py:3239} INFO - Sync 1 DAGs
[2024-10-14T02:30:41.523+0000] {logging_mixin.py:190} INFO - [2024-10-14T02:30:41.523+0000] {dag.py:4180} INFO - Setting next_dagrun for example_skip_dag to 2024-10-13 00:00:00+00:00, run_after=2024-10-14 00:00:00+00:00
[2024-10-14T02:30:41.548+0000] {processor.py:208} INFO - Processing /home/airflow/.local/lib/python3.12/site-packages/airflow/example_dags/example_skip_dag.py took 0.096 seconds
[2024-10-14T02:31:14.618+0000] {processor.py:186} INFO - Started process (PID=622) to work on /home/airflow/.local/lib/python3.12/site-packages/airflow/example_dags/example_skip_dag.py
[2024-10-14T02:31:14.619+0000] {processor.py:914} INFO - Processing file /home/airflow/.local/lib/python3.12/site-packages/airflow/example_dags/example_skip_dag.py for tasks to queue
[2024-10-14T02:31:14.621+0000] {logging_mixin.py:190} INFO - [2024-10-14T02:31:14.621+0000] {dagbag.py:588} INFO - Filling up the DagBag from /home/airflow/.local/lib/python3.12/site-packages/airflow/example_dags/example_skip_dag.py
[2024-10-14T02:31:14.628+0000] {processor.py:925} INFO - DAG(s) 'example_skip_dag' retrieved from /home/airflow/.local/lib/python3.12/site-packages/airflow/example_dags/example_skip_dag.py
[2024-10-14T02:31:14.650+0000] {logging_mixin.py:190} INFO - [2024-10-14T02:31:14.650+0000] {dag.py:3239} INFO - Sync 1 DAGs
[2024-10-14T02:31:14.671+0000] {logging_mixin.py:190} INFO - [2024-10-14T02:31:14.671+0000] {dag.py:4180} INFO - Setting next_dagrun for example_skip_dag to 2024-10-13 00:00:00+00:00, run_after=2024-10-14 00:00:00+00:00
[2024-10-14T02:31:14.694+0000] {processor.py:208} INFO - Processing /home/airflow/.local/lib/python3.12/site-packages/airflow/example_dags/example_skip_dag.py took 0.084 seconds
[2024-10-14T02:31:48.058+0000] {processor.py:186} INFO - Started process (PID=685) to work on /home/airflow/.local/lib/python3.12/site-packages/airflow/example_dags/example_skip_dag.py
[2024-10-14T02:31:48.059+0000] {processor.py:914} INFO - Processing file /home/airflow/.local/lib/python3.12/site-packages/airflow/example_dags/example_skip_dag.py for tasks to queue
[2024-10-14T02:31:48.062+0000] {logging_mixin.py:190} INFO - [2024-10-14T02:31:48.061+0000] {dagbag.py:588} INFO - Filling up the DagBag from /home/airflow/.local/lib/python3.12/site-packages/airflow/example_dags/example_skip_dag.py
[2024-10-14T02:31:48.070+0000] {processor.py:925} INFO - DAG(s) 'example_skip_dag' retrieved from /home/airflow/.local/lib/python3.12/site-packages/airflow/example_dags/example_skip_dag.py
[2024-10-14T02:31:48.091+0000] {logging_mixin.py:190} INFO - [2024-10-14T02:31:48.091+0000] {dag.py:3239} INFO - Sync 1 DAGs
[2024-10-14T02:31:48.115+0000] {logging_mixin.py:190} INFO - [2024-10-14T02:31:48.115+0000] {dag.py:4180} INFO - Setting next_dagrun for example_skip_dag to 2024-10-13 00:00:00+00:00, run_after=2024-10-14 00:00:00+00:00
[2024-10-14T02:31:48.136+0000] {processor.py:208} INFO - Processing /home/airflow/.local/lib/python3.12/site-packages/airflow/example_dags/example_skip_dag.py took 0.084 seconds
[2024-10-14T02:32:20.319+0000] {processor.py:186} INFO - Started process (PID=748) to work on /home/airflow/.local/lib/python3.12/site-packages/airflow/example_dags/example_skip_dag.py
[2024-10-14T02:32:20.320+0000] {processor.py:914} INFO - Processing file /home/airflow/.local/lib/python3.12/site-packages/airflow/example_dags/example_skip_dag.py for tasks to queue
[2024-10-14T02:32:20.323+0000] {logging_mixin.py:190} INFO - [2024-10-14T02:32:20.323+0000] {dagbag.py:588} INFO - Filling up the DagBag from /home/airflow/.local/lib/python3.12/site-packages/airflow/example_dags/example_skip_dag.py
[2024-10-14T02:32:20.330+0000] {processor.py:925} INFO - DAG(s) 'example_skip_dag' retrieved from /home/airflow/.local/lib/python3.12/site-packages/airflow/example_dags/example_skip_dag.py
[2024-10-14T02:32:20.349+0000] {logging_mixin.py:190} INFO - [2024-10-14T02:32:20.349+0000] {dag.py:3239} INFO - Sync 1 DAGs
[2024-10-14T02:32:20.371+0000] {logging_mixin.py:190} INFO - [2024-10-14T02:32:20.370+0000] {dag.py:4180} INFO - Setting next_dagrun for example_skip_dag to 2024-10-13 00:00:00+00:00, run_after=2024-10-14 00:00:00+00:00
[2024-10-14T02:32:20.388+0000] {processor.py:208} INFO - Processing /home/airflow/.local/lib/python3.12/site-packages/airflow/example_dags/example_skip_dag.py took 0.074 seconds
[2024-10-14T02:32:54.075+0000] {processor.py:186} INFO - Started process (PID=811) to work on /home/airflow/.local/lib/python3.12/site-packages/airflow/example_dags/example_skip_dag.py
[2024-10-14T02:32:54.076+0000] {processor.py:914} INFO - Processing file /home/airflow/.local/lib/python3.12/site-packages/airflow/example_dags/example_skip_dag.py for tasks to queue
[2024-10-14T02:32:54.078+0000] {logging_mixin.py:190} INFO - [2024-10-14T02:32:54.078+0000] {dagbag.py:588} INFO - Filling up the DagBag from /home/airflow/.local/lib/python3.12/site-packages/airflow/example_dags/example_skip_dag.py
[2024-10-14T02:32:54.088+0000] {processor.py:925} INFO - DAG(s) 'example_skip_dag' retrieved from /home/airflow/.local/lib/python3.12/site-packages/airflow/example_dags/example_skip_dag.py
[2024-10-14T02:32:54.110+0000] {logging_mixin.py:190} INFO - [2024-10-14T02:32:54.110+0000] {dag.py:3239} INFO - Sync 1 DAGs
[2024-10-14T02:32:54.139+0000] {logging_mixin.py:190} INFO - [2024-10-14T02:32:54.139+0000] {dag.py:4180} INFO - Setting next_dagrun for example_skip_dag to 2024-10-13 00:00:00+00:00, run_after=2024-10-14 00:00:00+00:00
[2024-10-14T02:32:54.161+0000] {processor.py:208} INFO - Processing /home/airflow/.local/lib/python3.12/site-packages/airflow/example_dags/example_skip_dag.py took 0.093 seconds
[2024-10-14T02:33:26.172+0000] {processor.py:186} INFO - Started process (PID=876) to work on /home/airflow/.local/lib/python3.12/site-packages/airflow/example_dags/example_skip_dag.py
[2024-10-14T02:33:26.173+0000] {processor.py:914} INFO - Processing file /home/airflow/.local/lib/python3.12/site-packages/airflow/example_dags/example_skip_dag.py for tasks to queue
[2024-10-14T02:33:26.176+0000] {logging_mixin.py:190} INFO - [2024-10-14T02:33:26.175+0000] {dagbag.py:588} INFO - Filling up the DagBag from /home/airflow/.local/lib/python3.12/site-packages/airflow/example_dags/example_skip_dag.py
[2024-10-14T02:33:26.183+0000] {processor.py:925} INFO - DAG(s) 'example_skip_dag' retrieved from /home/airflow/.local/lib/python3.12/site-packages/airflow/example_dags/example_skip_dag.py
[2024-10-14T02:33:26.204+0000] {logging_mixin.py:190} INFO - [2024-10-14T02:33:26.203+0000] {dag.py:3239} INFO - Sync 1 DAGs
[2024-10-14T02:33:26.225+0000] {logging_mixin.py:190} INFO - [2024-10-14T02:33:26.224+0000] {dag.py:4180} INFO - Setting next_dagrun for example_skip_dag to 2024-10-13 00:00:00+00:00, run_after=2024-10-14 00:00:00+00:00
[2024-10-14T02:33:26.243+0000] {processor.py:208} INFO - Processing /home/airflow/.local/lib/python3.12/site-packages/airflow/example_dags/example_skip_dag.py took 0.076 seconds
[2024-10-14T02:34:00.151+0000] {processor.py:186} INFO - Started process (PID=939) to work on /home/airflow/.local/lib/python3.12/site-packages/airflow/example_dags/example_skip_dag.py
[2024-10-14T02:34:00.153+0000] {processor.py:914} INFO - Processing file /home/airflow/.local/lib/python3.12/site-packages/airflow/example_dags/example_skip_dag.py for tasks to queue
[2024-10-14T02:34:00.159+0000] {logging_mixin.py:190} INFO - [2024-10-14T02:34:00.159+0000] {dagbag.py:588} INFO - Filling up the DagBag from /home/airflow/.local/lib/python3.12/site-packages/airflow/example_dags/example_skip_dag.py
[2024-10-14T02:34:00.170+0000] {processor.py:925} INFO - DAG(s) 'example_skip_dag' retrieved from /home/airflow/.local/lib/python3.12/site-packages/airflow/example_dags/example_skip_dag.py
[2024-10-14T02:34:00.211+0000] {logging_mixin.py:190} INFO - [2024-10-14T02:34:00.210+0000] {dag.py:3239} INFO - Sync 1 DAGs
[2024-10-14T02:34:00.256+0000] {logging_mixin.py:190} INFO - [2024-10-14T02:34:00.255+0000] {dag.py:4180} INFO - Setting next_dagrun for example_skip_dag to 2024-10-13 00:00:00+00:00, run_after=2024-10-14 00:00:00+00:00
[2024-10-14T02:34:00.311+0000] {processor.py:208} INFO - Processing /home/airflow/.local/lib/python3.12/site-packages/airflow/example_dags/example_skip_dag.py took 0.166 seconds
[2024-10-14T02:34:33.296+0000] {processor.py:186} INFO - Started process (PID=1002) to work on /home/airflow/.local/lib/python3.12/site-packages/airflow/example_dags/example_skip_dag.py
[2024-10-14T02:34:33.298+0000] {processor.py:914} INFO - Processing file /home/airflow/.local/lib/python3.12/site-packages/airflow/example_dags/example_skip_dag.py for tasks to queue
[2024-10-14T02:34:33.302+0000] {logging_mixin.py:190} INFO - [2024-10-14T02:34:33.301+0000] {dagbag.py:588} INFO - Filling up the DagBag from /home/airflow/.local/lib/python3.12/site-packages/airflow/example_dags/example_skip_dag.py
[2024-10-14T02:34:33.310+0000] {processor.py:925} INFO - DAG(s) 'example_skip_dag' retrieved from /home/airflow/.local/lib/python3.12/site-packages/airflow/example_dags/example_skip_dag.py
[2024-10-14T02:34:33.341+0000] {logging_mixin.py:190} INFO - [2024-10-14T02:34:33.341+0000] {dag.py:3239} INFO - Sync 1 DAGs
[2024-10-14T02:34:33.377+0000] {logging_mixin.py:190} INFO - [2024-10-14T02:34:33.376+0000] {dag.py:4180} INFO - Setting next_dagrun for example_skip_dag to 2024-10-13 00:00:00+00:00, run_after=2024-10-14 00:00:00+00:00
[2024-10-14T02:34:33.406+0000] {processor.py:208} INFO - Processing /home/airflow/.local/lib/python3.12/site-packages/airflow/example_dags/example_skip_dag.py took 0.117 seconds
[2024-10-14T02:35:06.276+0000] {processor.py:186} INFO - Started process (PID=1065) to work on /home/airflow/.local/lib/python3.12/site-packages/airflow/example_dags/example_skip_dag.py
[2024-10-14T02:35:06.277+0000] {processor.py:914} INFO - Processing file /home/airflow/.local/lib/python3.12/site-packages/airflow/example_dags/example_skip_dag.py for tasks to queue
[2024-10-14T02:35:06.280+0000] {logging_mixin.py:190} INFO - [2024-10-14T02:35:06.280+0000] {dagbag.py:588} INFO - Filling up the DagBag from /home/airflow/.local/lib/python3.12/site-packages/airflow/example_dags/example_skip_dag.py
[2024-10-14T02:35:06.289+0000] {processor.py:925} INFO - DAG(s) 'example_skip_dag' retrieved from /home/airflow/.local/lib/python3.12/site-packages/airflow/example_dags/example_skip_dag.py
[2024-10-14T02:35:06.312+0000] {logging_mixin.py:190} INFO - [2024-10-14T02:35:06.312+0000] {dag.py:3239} INFO - Sync 1 DAGs
[2024-10-14T02:35:06.356+0000] {logging_mixin.py:190} INFO - [2024-10-14T02:35:06.356+0000] {dag.py:4180} INFO - Setting next_dagrun for example_skip_dag to 2024-10-13 00:00:00+00:00, run_after=2024-10-14 00:00:00+00:00
[2024-10-14T02:35:06.390+0000] {processor.py:208} INFO - Processing /home/airflow/.local/lib/python3.12/site-packages/airflow/example_dags/example_skip_dag.py took 0.119 seconds
[2024-10-14T02:35:39.389+0000] {processor.py:186} INFO - Started process (PID=1127) to work on /home/airflow/.local/lib/python3.12/site-packages/airflow/example_dags/example_skip_dag.py
[2024-10-14T02:35:39.392+0000] {processor.py:914} INFO - Processing file /home/airflow/.local/lib/python3.12/site-packages/airflow/example_dags/example_skip_dag.py for tasks to queue
[2024-10-14T02:35:39.395+0000] {logging_mixin.py:190} INFO - [2024-10-14T02:35:39.395+0000] {dagbag.py:588} INFO - Filling up the DagBag from /home/airflow/.local/lib/python3.12/site-packages/airflow/example_dags/example_skip_dag.py
[2024-10-14T02:35:39.410+0000] {processor.py:925} INFO - DAG(s) 'example_skip_dag' retrieved from /home/airflow/.local/lib/python3.12/site-packages/airflow/example_dags/example_skip_dag.py
[2024-10-14T02:35:39.439+0000] {logging_mixin.py:190} INFO - [2024-10-14T02:35:39.438+0000] {dag.py:3239} INFO - Sync 1 DAGs
[2024-10-14T02:35:39.473+0000] {logging_mixin.py:190} INFO - [2024-10-14T02:35:39.472+0000] {dag.py:4180} INFO - Setting next_dagrun for example_skip_dag to 2024-10-13 00:00:00+00:00, run_after=2024-10-14 00:00:00+00:00
[2024-10-14T02:35:39.505+0000] {processor.py:208} INFO - Processing /home/airflow/.local/lib/python3.12/site-packages/airflow/example_dags/example_skip_dag.py took 0.123 seconds
[2024-10-14T02:36:13.133+0000] {processor.py:186} INFO - Started process (PID=1191) to work on /home/airflow/.local/lib/python3.12/site-packages/airflow/example_dags/example_skip_dag.py
[2024-10-14T02:36:13.134+0000] {processor.py:914} INFO - Processing file /home/airflow/.local/lib/python3.12/site-packages/airflow/example_dags/example_skip_dag.py for tasks to queue
[2024-10-14T02:36:13.137+0000] {logging_mixin.py:190} INFO - [2024-10-14T02:36:13.137+0000] {dagbag.py:588} INFO - Filling up the DagBag from /home/airflow/.local/lib/python3.12/site-packages/airflow/example_dags/example_skip_dag.py
[2024-10-14T02:36:13.144+0000] {processor.py:925} INFO - DAG(s) 'example_skip_dag' retrieved from /home/airflow/.local/lib/python3.12/site-packages/airflow/example_dags/example_skip_dag.py
[2024-10-14T02:36:13.165+0000] {logging_mixin.py:190} INFO - [2024-10-14T02:36:13.164+0000] {dag.py:3239} INFO - Sync 1 DAGs
[2024-10-14T02:36:13.188+0000] {logging_mixin.py:190} INFO - [2024-10-14T02:36:13.187+0000] {dag.py:4180} INFO - Setting next_dagrun for example_skip_dag to 2024-10-13 00:00:00+00:00, run_after=2024-10-14 00:00:00+00:00
[2024-10-14T02:36:13.214+0000] {processor.py:208} INFO - Processing /home/airflow/.local/lib/python3.12/site-packages/airflow/example_dags/example_skip_dag.py took 0.086 seconds
[2024-10-14T02:37:51.028+0000] {processor.py:186} INFO - Started process (PID=118) to work on /home/airflow/.local/lib/python3.12/site-packages/airflow/example_dags/example_skip_dag.py
[2024-10-14T02:37:51.029+0000] {processor.py:914} INFO - Processing file /home/airflow/.local/lib/python3.12/site-packages/airflow/example_dags/example_skip_dag.py for tasks to queue
[2024-10-14T02:37:51.031+0000] {logging_mixin.py:190} INFO - [2024-10-14T02:37:51.031+0000] {dagbag.py:588} INFO - Filling up the DagBag from /home/airflow/.local/lib/python3.12/site-packages/airflow/example_dags/example_skip_dag.py
[2024-10-14T02:37:51.040+0000] {processor.py:925} INFO - DAG(s) 'example_skip_dag' retrieved from /home/airflow/.local/lib/python3.12/site-packages/airflow/example_dags/example_skip_dag.py
[2024-10-14T02:37:51.066+0000] {logging_mixin.py:190} INFO - [2024-10-14T02:37:51.066+0000] {dag.py:3239} INFO - Sync 1 DAGs
[2024-10-14T02:37:51.090+0000] {logging_mixin.py:190} INFO - [2024-10-14T02:37:51.090+0000] {dag.py:4180} INFO - Setting next_dagrun for example_skip_dag to 2024-10-13 00:00:00+00:00, run_after=2024-10-14 00:00:00+00:00
[2024-10-14T02:37:51.113+0000] {processor.py:208} INFO - Processing /home/airflow/.local/lib/python3.12/site-packages/airflow/example_dags/example_skip_dag.py took 0.092 seconds
[2024-10-14T02:38:23.609+0000] {processor.py:186} INFO - Started process (PID=181) to work on /home/airflow/.local/lib/python3.12/site-packages/airflow/example_dags/example_skip_dag.py
[2024-10-14T02:38:23.610+0000] {processor.py:914} INFO - Processing file /home/airflow/.local/lib/python3.12/site-packages/airflow/example_dags/example_skip_dag.py for tasks to queue
[2024-10-14T02:38:23.613+0000] {logging_mixin.py:190} INFO - [2024-10-14T02:38:23.612+0000] {dagbag.py:588} INFO - Filling up the DagBag from /home/airflow/.local/lib/python3.12/site-packages/airflow/example_dags/example_skip_dag.py
[2024-10-14T02:38:23.620+0000] {processor.py:925} INFO - DAG(s) 'example_skip_dag' retrieved from /home/airflow/.local/lib/python3.12/site-packages/airflow/example_dags/example_skip_dag.py
[2024-10-14T02:38:23.641+0000] {logging_mixin.py:190} INFO - [2024-10-14T02:38:23.641+0000] {dag.py:3239} INFO - Sync 1 DAGs
[2024-10-14T02:38:23.665+0000] {logging_mixin.py:190} INFO - [2024-10-14T02:38:23.664+0000] {dag.py:4180} INFO - Setting next_dagrun for example_skip_dag to 2024-10-13 00:00:00+00:00, run_after=2024-10-14 00:00:00+00:00
[2024-10-14T02:38:23.684+0000] {processor.py:208} INFO - Processing /home/airflow/.local/lib/python3.12/site-packages/airflow/example_dags/example_skip_dag.py took 0.080 seconds
[2024-10-14T02:38:59.169+0000] {processor.py:186} INFO - Started process (PID=246) to work on /home/airflow/.local/lib/python3.12/site-packages/airflow/example_dags/example_skip_dag.py
[2024-10-14T02:38:59.171+0000] {processor.py:914} INFO - Processing file /home/airflow/.local/lib/python3.12/site-packages/airflow/example_dags/example_skip_dag.py for tasks to queue
[2024-10-14T02:38:59.175+0000] {logging_mixin.py:190} INFO - [2024-10-14T02:38:59.174+0000] {dagbag.py:588} INFO - Filling up the DagBag from /home/airflow/.local/lib/python3.12/site-packages/airflow/example_dags/example_skip_dag.py
[2024-10-14T02:38:59.193+0000] {processor.py:925} INFO - DAG(s) 'example_skip_dag' retrieved from /home/airflow/.local/lib/python3.12/site-packages/airflow/example_dags/example_skip_dag.py
[2024-10-14T02:38:59.231+0000] {logging_mixin.py:190} INFO - [2024-10-14T02:38:59.231+0000] {dag.py:3239} INFO - Sync 1 DAGs
[2024-10-14T02:38:59.265+0000] {logging_mixin.py:190} INFO - [2024-10-14T02:38:59.265+0000] {dag.py:4180} INFO - Setting next_dagrun for example_skip_dag to 2024-10-13 00:00:00+00:00, run_after=2024-10-14 00:00:00+00:00
[2024-10-14T02:38:59.347+0000] {processor.py:208} INFO - Processing /home/airflow/.local/lib/python3.12/site-packages/airflow/example_dags/example_skip_dag.py took 0.188 seconds
[2024-10-14T02:39:30.673+0000] {processor.py:186} INFO - Started process (PID=310) to work on /home/airflow/.local/lib/python3.12/site-packages/airflow/example_dags/example_skip_dag.py
[2024-10-14T02:39:30.675+0000] {processor.py:914} INFO - Processing file /home/airflow/.local/lib/python3.12/site-packages/airflow/example_dags/example_skip_dag.py for tasks to queue
[2024-10-14T02:39:30.678+0000] {logging_mixin.py:190} INFO - [2024-10-14T02:39:30.677+0000] {dagbag.py:588} INFO - Filling up the DagBag from /home/airflow/.local/lib/python3.12/site-packages/airflow/example_dags/example_skip_dag.py
[2024-10-14T02:39:30.688+0000] {processor.py:925} INFO - DAG(s) 'example_skip_dag' retrieved from /home/airflow/.local/lib/python3.12/site-packages/airflow/example_dags/example_skip_dag.py
[2024-10-14T02:39:30.736+0000] {logging_mixin.py:190} INFO - [2024-10-14T02:39:30.736+0000] {dag.py:3239} INFO - Sync 1 DAGs
[2024-10-14T02:39:30.772+0000] {logging_mixin.py:190} INFO - [2024-10-14T02:39:30.772+0000] {dag.py:4180} INFO - Setting next_dagrun for example_skip_dag to 2024-10-13 00:00:00+00:00, run_after=2024-10-14 00:00:00+00:00
[2024-10-14T02:39:30.797+0000] {processor.py:208} INFO - Processing /home/airflow/.local/lib/python3.12/site-packages/airflow/example_dags/example_skip_dag.py took 0.129 seconds
[2024-10-14T02:40:03.849+0000] {processor.py:186} INFO - Started process (PID=375) to work on /home/airflow/.local/lib/python3.12/site-packages/airflow/example_dags/example_skip_dag.py
[2024-10-14T02:40:03.850+0000] {processor.py:914} INFO - Processing file /home/airflow/.local/lib/python3.12/site-packages/airflow/example_dags/example_skip_dag.py for tasks to queue
[2024-10-14T02:40:03.853+0000] {logging_mixin.py:190} INFO - [2024-10-14T02:40:03.852+0000] {dagbag.py:588} INFO - Filling up the DagBag from /home/airflow/.local/lib/python3.12/site-packages/airflow/example_dags/example_skip_dag.py
[2024-10-14T02:40:03.861+0000] {processor.py:925} INFO - DAG(s) 'example_skip_dag' retrieved from /home/airflow/.local/lib/python3.12/site-packages/airflow/example_dags/example_skip_dag.py
[2024-10-14T02:40:03.882+0000] {logging_mixin.py:190} INFO - [2024-10-14T02:40:03.881+0000] {dag.py:3239} INFO - Sync 1 DAGs
[2024-10-14T02:40:03.902+0000] {logging_mixin.py:190} INFO - [2024-10-14T02:40:03.902+0000] {dag.py:4180} INFO - Setting next_dagrun for example_skip_dag to 2024-10-13 00:00:00+00:00, run_after=2024-10-14 00:00:00+00:00
[2024-10-14T02:40:03.921+0000] {processor.py:208} INFO - Processing /home/airflow/.local/lib/python3.12/site-packages/airflow/example_dags/example_skip_dag.py took 0.078 seconds
[2024-10-14T02:40:36.593+0000] {processor.py:186} INFO - Started process (PID=439) to work on /home/airflow/.local/lib/python3.12/site-packages/airflow/example_dags/example_skip_dag.py
[2024-10-14T02:40:36.594+0000] {processor.py:914} INFO - Processing file /home/airflow/.local/lib/python3.12/site-packages/airflow/example_dags/example_skip_dag.py for tasks to queue
[2024-10-14T02:40:36.596+0000] {logging_mixin.py:190} INFO - [2024-10-14T02:40:36.596+0000] {dagbag.py:588} INFO - Filling up the DagBag from /home/airflow/.local/lib/python3.12/site-packages/airflow/example_dags/example_skip_dag.py
[2024-10-14T02:40:36.604+0000] {processor.py:925} INFO - DAG(s) 'example_skip_dag' retrieved from /home/airflow/.local/lib/python3.12/site-packages/airflow/example_dags/example_skip_dag.py
[2024-10-14T02:40:36.623+0000] {logging_mixin.py:190} INFO - [2024-10-14T02:40:36.623+0000] {dag.py:3239} INFO - Sync 1 DAGs
[2024-10-14T02:40:36.646+0000] {logging_mixin.py:190} INFO - [2024-10-14T02:40:36.646+0000] {dag.py:4180} INFO - Setting next_dagrun for example_skip_dag to 2024-10-13 00:00:00+00:00, run_after=2024-10-14 00:00:00+00:00
[2024-10-14T02:40:36.669+0000] {processor.py:208} INFO - Processing /home/airflow/.local/lib/python3.12/site-packages/airflow/example_dags/example_skip_dag.py took 0.081 seconds
[2024-10-14T02:41:08.502+0000] {processor.py:186} INFO - Started process (PID=503) to work on /home/airflow/.local/lib/python3.12/site-packages/airflow/example_dags/example_skip_dag.py
[2024-10-14T02:41:08.503+0000] {processor.py:914} INFO - Processing file /home/airflow/.local/lib/python3.12/site-packages/airflow/example_dags/example_skip_dag.py for tasks to queue
[2024-10-14T02:41:08.506+0000] {logging_mixin.py:190} INFO - [2024-10-14T02:41:08.505+0000] {dagbag.py:588} INFO - Filling up the DagBag from /home/airflow/.local/lib/python3.12/site-packages/airflow/example_dags/example_skip_dag.py
[2024-10-14T02:41:08.514+0000] {processor.py:925} INFO - DAG(s) 'example_skip_dag' retrieved from /home/airflow/.local/lib/python3.12/site-packages/airflow/example_dags/example_skip_dag.py
[2024-10-14T02:41:08.534+0000] {logging_mixin.py:190} INFO - [2024-10-14T02:41:08.534+0000] {dag.py:3239} INFO - Sync 1 DAGs
[2024-10-14T02:41:08.558+0000] {logging_mixin.py:190} INFO - [2024-10-14T02:41:08.557+0000] {dag.py:4180} INFO - Setting next_dagrun for example_skip_dag to 2024-10-13 00:00:00+00:00, run_after=2024-10-14 00:00:00+00:00
[2024-10-14T02:41:08.577+0000] {processor.py:208} INFO - Processing /home/airflow/.local/lib/python3.12/site-packages/airflow/example_dags/example_skip_dag.py took 0.081 seconds
[2024-10-14T02:41:41.777+0000] {processor.py:186} INFO - Started process (PID=567) to work on /home/airflow/.local/lib/python3.12/site-packages/airflow/example_dags/example_skip_dag.py
[2024-10-14T02:41:41.778+0000] {processor.py:914} INFO - Processing file /home/airflow/.local/lib/python3.12/site-packages/airflow/example_dags/example_skip_dag.py for tasks to queue
[2024-10-14T02:41:41.781+0000] {logging_mixin.py:190} INFO - [2024-10-14T02:41:41.781+0000] {dagbag.py:588} INFO - Filling up the DagBag from /home/airflow/.local/lib/python3.12/site-packages/airflow/example_dags/example_skip_dag.py
[2024-10-14T02:41:41.793+0000] {processor.py:925} INFO - DAG(s) 'example_skip_dag' retrieved from /home/airflow/.local/lib/python3.12/site-packages/airflow/example_dags/example_skip_dag.py
[2024-10-14T02:41:41.823+0000] {logging_mixin.py:190} INFO - [2024-10-14T02:41:41.823+0000] {dag.py:3239} INFO - Sync 1 DAGs
[2024-10-14T02:41:41.858+0000] {logging_mixin.py:190} INFO - [2024-10-14T02:41:41.857+0000] {dag.py:4180} INFO - Setting next_dagrun for example_skip_dag to 2024-10-13 00:00:00+00:00, run_after=2024-10-14 00:00:00+00:00
[2024-10-14T02:41:41.886+0000] {processor.py:208} INFO - Processing /home/airflow/.local/lib/python3.12/site-packages/airflow/example_dags/example_skip_dag.py took 0.116 seconds
[2024-10-14T02:42:15.346+0000] {processor.py:186} INFO - Started process (PID=631) to work on /home/airflow/.local/lib/python3.12/site-packages/airflow/example_dags/example_skip_dag.py
[2024-10-14T02:42:15.347+0000] {processor.py:914} INFO - Processing file /home/airflow/.local/lib/python3.12/site-packages/airflow/example_dags/example_skip_dag.py for tasks to queue
[2024-10-14T02:42:15.351+0000] {logging_mixin.py:190} INFO - [2024-10-14T02:42:15.350+0000] {dagbag.py:588} INFO - Filling up the DagBag from /home/airflow/.local/lib/python3.12/site-packages/airflow/example_dags/example_skip_dag.py
[2024-10-14T02:42:15.358+0000] {processor.py:925} INFO - DAG(s) 'example_skip_dag' retrieved from /home/airflow/.local/lib/python3.12/site-packages/airflow/example_dags/example_skip_dag.py
[2024-10-14T02:42:15.378+0000] {logging_mixin.py:190} INFO - [2024-10-14T02:42:15.378+0000] {dag.py:3239} INFO - Sync 1 DAGs
[2024-10-14T02:42:15.402+0000] {logging_mixin.py:190} INFO - [2024-10-14T02:42:15.402+0000] {dag.py:4180} INFO - Setting next_dagrun for example_skip_dag to 2024-10-13 00:00:00+00:00, run_after=2024-10-14 00:00:00+00:00
[2024-10-14T02:42:15.422+0000] {processor.py:208} INFO - Processing /home/airflow/.local/lib/python3.12/site-packages/airflow/example_dags/example_skip_dag.py took 0.081 seconds
[2024-10-14T02:42:48.294+0000] {processor.py:186} INFO - Started process (PID=695) to work on /home/airflow/.local/lib/python3.12/site-packages/airflow/example_dags/example_skip_dag.py
[2024-10-14T02:42:48.295+0000] {processor.py:914} INFO - Processing file /home/airflow/.local/lib/python3.12/site-packages/airflow/example_dags/example_skip_dag.py for tasks to queue
[2024-10-14T02:42:48.298+0000] {logging_mixin.py:190} INFO - [2024-10-14T02:42:48.297+0000] {dagbag.py:588} INFO - Filling up the DagBag from /home/airflow/.local/lib/python3.12/site-packages/airflow/example_dags/example_skip_dag.py
[2024-10-14T02:42:48.306+0000] {processor.py:925} INFO - DAG(s) 'example_skip_dag' retrieved from /home/airflow/.local/lib/python3.12/site-packages/airflow/example_dags/example_skip_dag.py
[2024-10-14T02:42:48.328+0000] {logging_mixin.py:190} INFO - [2024-10-14T02:42:48.328+0000] {dag.py:3239} INFO - Sync 1 DAGs
[2024-10-14T02:42:48.351+0000] {logging_mixin.py:190} INFO - [2024-10-14T02:42:48.350+0000] {dag.py:4180} INFO - Setting next_dagrun for example_skip_dag to 2024-10-13 00:00:00+00:00, run_after=2024-10-14 00:00:00+00:00
[2024-10-14T02:42:48.372+0000] {processor.py:208} INFO - Processing /home/airflow/.local/lib/python3.12/site-packages/airflow/example_dags/example_skip_dag.py took 0.084 seconds
[2024-10-14T02:43:21.902+0000] {processor.py:186} INFO - Started process (PID=766) to work on /home/airflow/.local/lib/python3.12/site-packages/airflow/example_dags/example_skip_dag.py
[2024-10-14T02:43:21.903+0000] {processor.py:914} INFO - Processing file /home/airflow/.local/lib/python3.12/site-packages/airflow/example_dags/example_skip_dag.py for tasks to queue
[2024-10-14T02:43:21.914+0000] {logging_mixin.py:190} INFO - [2024-10-14T02:43:21.914+0000] {dagbag.py:588} INFO - Filling up the DagBag from /home/airflow/.local/lib/python3.12/site-packages/airflow/example_dags/example_skip_dag.py
[2024-10-14T02:43:21.924+0000] {processor.py:925} INFO - DAG(s) 'example_skip_dag' retrieved from /home/airflow/.local/lib/python3.12/site-packages/airflow/example_dags/example_skip_dag.py
[2024-10-14T02:43:21.951+0000] {logging_mixin.py:190} INFO - [2024-10-14T02:43:21.951+0000] {dag.py:3239} INFO - Sync 1 DAGs
[2024-10-14T02:43:21.982+0000] {logging_mixin.py:190} INFO - [2024-10-14T02:43:21.982+0000] {dag.py:4180} INFO - Setting next_dagrun for example_skip_dag to 2024-10-13 00:00:00+00:00, run_after=2024-10-14 00:00:00+00:00
[2024-10-14T02:43:22.008+0000] {processor.py:208} INFO - Processing /home/airflow/.local/lib/python3.12/site-packages/airflow/example_dags/example_skip_dag.py took 0.119 seconds
[2024-10-14T02:43:55.245+0000] {processor.py:186} INFO - Started process (PID=832) to work on /home/airflow/.local/lib/python3.12/site-packages/airflow/example_dags/example_skip_dag.py
[2024-10-14T02:43:55.246+0000] {processor.py:914} INFO - Processing file /home/airflow/.local/lib/python3.12/site-packages/airflow/example_dags/example_skip_dag.py for tasks to queue
[2024-10-14T02:43:55.249+0000] {logging_mixin.py:190} INFO - [2024-10-14T02:43:55.249+0000] {dagbag.py:588} INFO - Filling up the DagBag from /home/airflow/.local/lib/python3.12/site-packages/airflow/example_dags/example_skip_dag.py
[2024-10-14T02:43:55.258+0000] {processor.py:925} INFO - DAG(s) 'example_skip_dag' retrieved from /home/airflow/.local/lib/python3.12/site-packages/airflow/example_dags/example_skip_dag.py
[2024-10-14T02:43:55.286+0000] {logging_mixin.py:190} INFO - [2024-10-14T02:43:55.286+0000] {dag.py:3239} INFO - Sync 1 DAGs
[2024-10-14T02:43:55.316+0000] {logging_mixin.py:190} INFO - [2024-10-14T02:43:55.315+0000] {dag.py:4180} INFO - Setting next_dagrun for example_skip_dag to 2024-10-13 00:00:00+00:00, run_after=2024-10-14 00:00:00+00:00
[2024-10-14T02:43:55.345+0000] {processor.py:208} INFO - Processing /home/airflow/.local/lib/python3.12/site-packages/airflow/example_dags/example_skip_dag.py took 0.113 seconds
[2024-10-14T02:44:29.086+0000] {processor.py:186} INFO - Started process (PID=896) to work on /home/airflow/.local/lib/python3.12/site-packages/airflow/example_dags/example_skip_dag.py
[2024-10-14T02:44:29.087+0000] {processor.py:914} INFO - Processing file /home/airflow/.local/lib/python3.12/site-packages/airflow/example_dags/example_skip_dag.py for tasks to queue
[2024-10-14T02:44:29.090+0000] {logging_mixin.py:190} INFO - [2024-10-14T02:44:29.089+0000] {dagbag.py:588} INFO - Filling up the DagBag from /home/airflow/.local/lib/python3.12/site-packages/airflow/example_dags/example_skip_dag.py
[2024-10-14T02:44:29.097+0000] {processor.py:925} INFO - DAG(s) 'example_skip_dag' retrieved from /home/airflow/.local/lib/python3.12/site-packages/airflow/example_dags/example_skip_dag.py
[2024-10-14T02:44:29.121+0000] {logging_mixin.py:190} INFO - [2024-10-14T02:44:29.120+0000] {dag.py:3239} INFO - Sync 1 DAGs
[2024-10-14T02:44:29.144+0000] {logging_mixin.py:190} INFO - [2024-10-14T02:44:29.144+0000] {dag.py:4180} INFO - Setting next_dagrun for example_skip_dag to 2024-10-13 00:00:00+00:00, run_after=2024-10-14 00:00:00+00:00
[2024-10-14T02:44:29.166+0000] {processor.py:208} INFO - Processing /home/airflow/.local/lib/python3.12/site-packages/airflow/example_dags/example_skip_dag.py took 0.087 seconds
[2024-10-14T02:45:02.049+0000] {processor.py:186} INFO - Started process (PID=960) to work on /home/airflow/.local/lib/python3.12/site-packages/airflow/example_dags/example_skip_dag.py
[2024-10-14T02:45:02.050+0000] {processor.py:914} INFO - Processing file /home/airflow/.local/lib/python3.12/site-packages/airflow/example_dags/example_skip_dag.py for tasks to queue
[2024-10-14T02:45:02.054+0000] {logging_mixin.py:190} INFO - [2024-10-14T02:45:02.053+0000] {dagbag.py:588} INFO - Filling up the DagBag from /home/airflow/.local/lib/python3.12/site-packages/airflow/example_dags/example_skip_dag.py
[2024-10-14T02:45:02.065+0000] {processor.py:925} INFO - DAG(s) 'example_skip_dag' retrieved from /home/airflow/.local/lib/python3.12/site-packages/airflow/example_dags/example_skip_dag.py
[2024-10-14T02:45:02.104+0000] {logging_mixin.py:190} INFO - [2024-10-14T02:45:02.103+0000] {dag.py:3239} INFO - Sync 1 DAGs
[2024-10-14T02:45:02.139+0000] {logging_mixin.py:190} INFO - [2024-10-14T02:45:02.139+0000] {dag.py:4180} INFO - Setting next_dagrun for example_skip_dag to 2024-10-13 00:00:00+00:00, run_after=2024-10-14 00:00:00+00:00
[2024-10-14T02:45:02.168+0000] {processor.py:208} INFO - Processing /home/airflow/.local/lib/python3.12/site-packages/airflow/example_dags/example_skip_dag.py took 0.127 seconds
[2024-10-14T02:45:34.379+0000] {processor.py:186} INFO - Started process (PID=1024) to work on /home/airflow/.local/lib/python3.12/site-packages/airflow/example_dags/example_skip_dag.py
[2024-10-14T02:45:34.381+0000] {processor.py:914} INFO - Processing file /home/airflow/.local/lib/python3.12/site-packages/airflow/example_dags/example_skip_dag.py for tasks to queue
[2024-10-14T02:45:34.383+0000] {logging_mixin.py:190} INFO - [2024-10-14T02:45:34.382+0000] {dagbag.py:588} INFO - Filling up the DagBag from /home/airflow/.local/lib/python3.12/site-packages/airflow/example_dags/example_skip_dag.py
[2024-10-14T02:45:34.392+0000] {processor.py:925} INFO - DAG(s) 'example_skip_dag' retrieved from /home/airflow/.local/lib/python3.12/site-packages/airflow/example_dags/example_skip_dag.py
[2024-10-14T02:45:34.416+0000] {logging_mixin.py:190} INFO - [2024-10-14T02:45:34.416+0000] {dag.py:3239} INFO - Sync 1 DAGs
[2024-10-14T02:45:34.438+0000] {logging_mixin.py:190} INFO - [2024-10-14T02:45:34.437+0000] {dag.py:4180} INFO - Setting next_dagrun for example_skip_dag to 2024-10-13 00:00:00+00:00, run_after=2024-10-14 00:00:00+00:00
[2024-10-14T02:45:34.458+0000] {processor.py:208} INFO - Processing /home/airflow/.local/lib/python3.12/site-packages/airflow/example_dags/example_skip_dag.py took 0.085 seconds
[2024-10-14T02:46:08.373+0000] {processor.py:186} INFO - Started process (PID=1088) to work on /home/airflow/.local/lib/python3.12/site-packages/airflow/example_dags/example_skip_dag.py
[2024-10-14T02:46:08.375+0000] {processor.py:914} INFO - Processing file /home/airflow/.local/lib/python3.12/site-packages/airflow/example_dags/example_skip_dag.py for tasks to queue
[2024-10-14T02:46:08.381+0000] {logging_mixin.py:190} INFO - [2024-10-14T02:46:08.378+0000] {dagbag.py:588} INFO - Filling up the DagBag from /home/airflow/.local/lib/python3.12/site-packages/airflow/example_dags/example_skip_dag.py
[2024-10-14T02:46:08.391+0000] {processor.py:925} INFO - DAG(s) 'example_skip_dag' retrieved from /home/airflow/.local/lib/python3.12/site-packages/airflow/example_dags/example_skip_dag.py
[2024-10-14T02:46:08.414+0000] {logging_mixin.py:190} INFO - [2024-10-14T02:46:08.414+0000] {dag.py:3239} INFO - Sync 1 DAGs
[2024-10-14T02:46:08.437+0000] {logging_mixin.py:190} INFO - [2024-10-14T02:46:08.437+0000] {dag.py:4180} INFO - Setting next_dagrun for example_skip_dag to 2024-10-13 00:00:00+00:00, run_after=2024-10-14 00:00:00+00:00
[2024-10-14T02:46:08.458+0000] {processor.py:208} INFO - Processing /home/airflow/.local/lib/python3.12/site-packages/airflow/example_dags/example_skip_dag.py took 0.094 seconds
[2024-10-14T02:46:40.563+0000] {processor.py:186} INFO - Started process (PID=1152) to work on /home/airflow/.local/lib/python3.12/site-packages/airflow/example_dags/example_skip_dag.py
[2024-10-14T02:46:40.564+0000] {processor.py:914} INFO - Processing file /home/airflow/.local/lib/python3.12/site-packages/airflow/example_dags/example_skip_dag.py for tasks to queue
[2024-10-14T02:46:40.568+0000] {logging_mixin.py:190} INFO - [2024-10-14T02:46:40.568+0000] {dagbag.py:588} INFO - Filling up the DagBag from /home/airflow/.local/lib/python3.12/site-packages/airflow/example_dags/example_skip_dag.py
[2024-10-14T02:46:40.575+0000] {processor.py:925} INFO - DAG(s) 'example_skip_dag' retrieved from /home/airflow/.local/lib/python3.12/site-packages/airflow/example_dags/example_skip_dag.py
[2024-10-14T02:46:40.597+0000] {logging_mixin.py:190} INFO - [2024-10-14T02:46:40.597+0000] {dag.py:3239} INFO - Sync 1 DAGs
[2024-10-14T02:46:40.628+0000] {logging_mixin.py:190} INFO - [2024-10-14T02:46:40.628+0000] {dag.py:4180} INFO - Setting next_dagrun for example_skip_dag to 2024-10-13 00:00:00+00:00, run_after=2024-10-14 00:00:00+00:00
[2024-10-14T02:46:40.652+0000] {processor.py:208} INFO - Processing /home/airflow/.local/lib/python3.12/site-packages/airflow/example_dags/example_skip_dag.py took 0.095 seconds
[2024-10-14T02:47:13.951+0000] {processor.py:186} INFO - Started process (PID=1216) to work on /home/airflow/.local/lib/python3.12/site-packages/airflow/example_dags/example_skip_dag.py
[2024-10-14T02:47:13.952+0000] {processor.py:914} INFO - Processing file /home/airflow/.local/lib/python3.12/site-packages/airflow/example_dags/example_skip_dag.py for tasks to queue
[2024-10-14T02:47:13.955+0000] {logging_mixin.py:190} INFO - [2024-10-14T02:47:13.955+0000] {dagbag.py:588} INFO - Filling up the DagBag from /home/airflow/.local/lib/python3.12/site-packages/airflow/example_dags/example_skip_dag.py
[2024-10-14T02:47:13.968+0000] {processor.py:925} INFO - DAG(s) 'example_skip_dag' retrieved from /home/airflow/.local/lib/python3.12/site-packages/airflow/example_dags/example_skip_dag.py
[2024-10-14T02:47:14.013+0000] {logging_mixin.py:190} INFO - [2024-10-14T02:47:14.013+0000] {dag.py:3239} INFO - Sync 1 DAGs
[2024-10-14T02:47:14.074+0000] {logging_mixin.py:190} INFO - [2024-10-14T02:47:14.074+0000] {dag.py:4180} INFO - Setting next_dagrun for example_skip_dag to 2024-10-13 00:00:00+00:00, run_after=2024-10-14 00:00:00+00:00
[2024-10-14T02:47:14.106+0000] {processor.py:208} INFO - Processing /home/airflow/.local/lib/python3.12/site-packages/airflow/example_dags/example_skip_dag.py took 0.162 seconds
[2024-10-14T02:47:46.092+0000] {processor.py:186} INFO - Started process (PID=1280) to work on /home/airflow/.local/lib/python3.12/site-packages/airflow/example_dags/example_skip_dag.py
[2024-10-14T02:47:46.093+0000] {processor.py:914} INFO - Processing file /home/airflow/.local/lib/python3.12/site-packages/airflow/example_dags/example_skip_dag.py for tasks to queue
[2024-10-14T02:47:46.096+0000] {logging_mixin.py:190} INFO - [2024-10-14T02:47:46.096+0000] {dagbag.py:588} INFO - Filling up the DagBag from /home/airflow/.local/lib/python3.12/site-packages/airflow/example_dags/example_skip_dag.py
[2024-10-14T02:47:46.103+0000] {processor.py:925} INFO - DAG(s) 'example_skip_dag' retrieved from /home/airflow/.local/lib/python3.12/site-packages/airflow/example_dags/example_skip_dag.py
[2024-10-14T02:47:46.124+0000] {logging_mixin.py:190} INFO - [2024-10-14T02:47:46.124+0000] {dag.py:3239} INFO - Sync 1 DAGs
[2024-10-14T02:47:46.145+0000] {logging_mixin.py:190} INFO - [2024-10-14T02:47:46.145+0000] {dag.py:4180} INFO - Setting next_dagrun for example_skip_dag to 2024-10-13 00:00:00+00:00, run_after=2024-10-14 00:00:00+00:00
[2024-10-14T02:47:46.167+0000] {processor.py:208} INFO - Processing /home/airflow/.local/lib/python3.12/site-packages/airflow/example_dags/example_skip_dag.py took 0.079 seconds
