[2024-10-14T02:26:47.125+0000] {processor.py:186} INFO - Started process (PID=64) to work on /home/airflow/.local/lib/python3.12/site-packages/airflow/example_dags/example_sla_dag.py
[2024-10-14T02:26:47.126+0000] {processor.py:914} INFO - Processing file /home/airflow/.local/lib/python3.12/site-packages/airflow/example_dags/example_sla_dag.py for tasks to queue
[2024-10-14T02:26:47.129+0000] {logging_mixin.py:190} INFO - [2024-10-14T02:26:47.129+0000] {dagbag.py:588} INFO - Filling up the DagBag from /home/airflow/.local/lib/python3.12/site-packages/airflow/example_dags/example_sla_dag.py
[2024-10-14T02:26:47.145+0000] {processor.py:925} INFO - DAG(s) 'example_sla_dag' retrieved from /home/airflow/.local/lib/python3.12/site-packages/airflow/example_dags/example_sla_dag.py
[2024-10-14T02:26:47.375+0000] {logging_mixin.py:190} INFO - [2024-10-14T02:26:47.374+0000] {override.py:1900} INFO - Created Permission View: can delete on DAG:example_sla_dag
[2024-10-14T02:26:47.387+0000] {logging_mixin.py:190} INFO - [2024-10-14T02:26:47.387+0000] {override.py:1900} INFO - Created Permission View: can edit on DAG:example_sla_dag
[2024-10-14T02:26:47.394+0000] {logging_mixin.py:190} INFO - [2024-10-14T02:26:47.394+0000] {override.py:1900} INFO - Created Permission View: can read on DAG:example_sla_dag
[2024-10-14T02:26:47.404+0000] {logging_mixin.py:190} INFO - [2024-10-14T02:26:47.404+0000] {override.py:1900} INFO - Created Permission View: can delete on DAG Run:example_sla_dag
[2024-10-14T02:26:47.411+0000] {logging_mixin.py:190} INFO - [2024-10-14T02:26:47.410+0000] {override.py:1900} INFO - Created Permission View: can create on DAG Run:example_sla_dag
[2024-10-14T02:26:47.418+0000] {logging_mixin.py:190} INFO - [2024-10-14T02:26:47.418+0000] {override.py:1900} INFO - Created Permission View: menu access on DAG Run:example_sla_dag
[2024-10-14T02:26:47.425+0000] {logging_mixin.py:190} INFO - [2024-10-14T02:26:47.425+0000] {override.py:1900} INFO - Created Permission View: can read on DAG Run:example_sla_dag
[2024-10-14T02:26:47.426+0000] {logging_mixin.py:190} INFO - [2024-10-14T02:26:47.426+0000] {dag.py:3239} INFO - Sync 1 DAGs
[2024-10-14T02:26:47.441+0000] {logging_mixin.py:190} INFO - [2024-10-14T02:26:47.441+0000] {dag.py:3262} INFO - Creating ORM DAG for example_sla_dag
[2024-10-14T02:26:47.454+0000] {logging_mixin.py:190} INFO - [2024-10-14T02:26:47.454+0000] {dag.py:4180} INFO - Setting next_dagrun for example_sla_dag to 2024-10-14 02:24:00+00:00, run_after=2024-10-14 02:26:00+00:00
[2024-10-14T02:26:47.473+0000] {processor.py:208} INFO - Processing /home/airflow/.local/lib/python3.12/site-packages/airflow/example_dags/example_sla_dag.py took 0.354 seconds
[2024-10-14T02:27:17.562+0000] {processor.py:186} INFO - Started process (PID=127) to work on /home/airflow/.local/lib/python3.12/site-packages/airflow/example_dags/example_sla_dag.py
[2024-10-14T02:27:17.563+0000] {processor.py:914} INFO - Processing file /home/airflow/.local/lib/python3.12/site-packages/airflow/example_dags/example_sla_dag.py for tasks to queue
[2024-10-14T02:27:17.566+0000] {logging_mixin.py:190} INFO - [2024-10-14T02:27:17.566+0000] {dagbag.py:588} INFO - Filling up the DagBag from /home/airflow/.local/lib/python3.12/site-packages/airflow/example_dags/example_sla_dag.py
[2024-10-14T02:27:17.577+0000] {processor.py:925} INFO - DAG(s) 'example_sla_dag' retrieved from /home/airflow/.local/lib/python3.12/site-packages/airflow/example_dags/example_sla_dag.py
[2024-10-14T02:27:17.594+0000] {logging_mixin.py:190} INFO - [2024-10-14T02:27:17.593+0000] {dag.py:3239} INFO - Sync 1 DAGs
[2024-10-14T02:27:19.570+0000] {logging_mixin.py:190} INFO - [2024-10-14T02:27:19.570+0000] {dag.py:4180} INFO - Setting next_dagrun for example_sla_dag to 2024-10-14 02:24:00+00:00, run_after=2024-10-14 02:26:00+00:00
[2024-10-14T02:27:19.591+0000] {processor.py:208} INFO - Processing /home/airflow/.local/lib/python3.12/site-packages/airflow/example_dags/example_sla_dag.py took 0.078 seconds
[2024-10-14T02:27:53.120+0000] {processor.py:186} INFO - Started process (PID=189) to work on /home/airflow/.local/lib/python3.12/site-packages/airflow/example_dags/example_sla_dag.py
[2024-10-14T02:27:53.121+0000] {processor.py:914} INFO - Processing file /home/airflow/.local/lib/python3.12/site-packages/airflow/example_dags/example_sla_dag.py for tasks to queue
[2024-10-14T02:27:53.124+0000] {logging_mixin.py:190} INFO - [2024-10-14T02:27:53.123+0000] {dagbag.py:588} INFO - Filling up the DagBag from /home/airflow/.local/lib/python3.12/site-packages/airflow/example_dags/example_sla_dag.py
[2024-10-14T02:27:53.133+0000] {processor.py:925} INFO - DAG(s) 'example_sla_dag' retrieved from /home/airflow/.local/lib/python3.12/site-packages/airflow/example_dags/example_sla_dag.py
[2024-10-14T02:27:53.155+0000] {logging_mixin.py:190} INFO - [2024-10-14T02:27:53.155+0000] {dag.py:3239} INFO - Sync 1 DAGs
[2024-10-14T02:27:53.178+0000] {logging_mixin.py:190} INFO - [2024-10-14T02:27:53.178+0000] {dag.py:4180} INFO - Setting next_dagrun for example_sla_dag to 2024-10-14 02:24:00+00:00, run_after=2024-10-14 02:26:00+00:00
[2024-10-14T02:27:53.197+0000] {processor.py:208} INFO - Processing /home/airflow/.local/lib/python3.12/site-packages/airflow/example_dags/example_sla_dag.py took 0.091 seconds
[2024-10-14T02:28:25.843+0000] {processor.py:186} INFO - Started process (PID=252) to work on /home/airflow/.local/lib/python3.12/site-packages/airflow/example_dags/example_sla_dag.py
[2024-10-14T02:28:25.844+0000] {processor.py:914} INFO - Processing file /home/airflow/.local/lib/python3.12/site-packages/airflow/example_dags/example_sla_dag.py for tasks to queue
[2024-10-14T02:28:25.846+0000] {logging_mixin.py:190} INFO - [2024-10-14T02:28:25.846+0000] {dagbag.py:588} INFO - Filling up the DagBag from /home/airflow/.local/lib/python3.12/site-packages/airflow/example_dags/example_sla_dag.py
[2024-10-14T02:28:25.856+0000] {processor.py:925} INFO - DAG(s) 'example_sla_dag' retrieved from /home/airflow/.local/lib/python3.12/site-packages/airflow/example_dags/example_sla_dag.py
[2024-10-14T02:28:25.877+0000] {logging_mixin.py:190} INFO - [2024-10-14T02:28:25.876+0000] {dag.py:3239} INFO - Sync 1 DAGs
[2024-10-14T02:28:25.903+0000] {logging_mixin.py:190} INFO - [2024-10-14T02:28:25.903+0000] {dag.py:4180} INFO - Setting next_dagrun for example_sla_dag to 2024-10-14 02:26:00+00:00, run_after=2024-10-14 02:28:00+00:00
[2024-10-14T02:28:25.922+0000] {processor.py:208} INFO - Processing /home/airflow/.local/lib/python3.12/site-packages/airflow/example_dags/example_sla_dag.py took 0.084 seconds
[2024-10-14T02:28:59.434+0000] {processor.py:186} INFO - Started process (PID=315) to work on /home/airflow/.local/lib/python3.12/site-packages/airflow/example_dags/example_sla_dag.py
[2024-10-14T02:28:59.435+0000] {processor.py:914} INFO - Processing file /home/airflow/.local/lib/python3.12/site-packages/airflow/example_dags/example_sla_dag.py for tasks to queue
[2024-10-14T02:28:59.437+0000] {logging_mixin.py:190} INFO - [2024-10-14T02:28:59.437+0000] {dagbag.py:588} INFO - Filling up the DagBag from /home/airflow/.local/lib/python3.12/site-packages/airflow/example_dags/example_sla_dag.py
[2024-10-14T02:28:59.449+0000] {processor.py:925} INFO - DAG(s) 'example_sla_dag' retrieved from /home/airflow/.local/lib/python3.12/site-packages/airflow/example_dags/example_sla_dag.py
[2024-10-14T02:28:59.471+0000] {logging_mixin.py:190} INFO - [2024-10-14T02:28:59.471+0000] {dag.py:3239} INFO - Sync 1 DAGs
[2024-10-14T02:28:59.508+0000] {logging_mixin.py:190} INFO - [2024-10-14T02:28:59.508+0000] {dag.py:4180} INFO - Setting next_dagrun for example_sla_dag to 2024-10-14 02:26:00+00:00, run_after=2024-10-14 02:28:00+00:00
[2024-10-14T02:28:59.538+0000] {processor.py:208} INFO - Processing /home/airflow/.local/lib/python3.12/site-packages/airflow/example_dags/example_sla_dag.py took 0.110 seconds
[2024-10-14T02:29:32.257+0000] {processor.py:186} INFO - Started process (PID=378) to work on /home/airflow/.local/lib/python3.12/site-packages/airflow/example_dags/example_sla_dag.py
[2024-10-14T02:29:32.258+0000] {processor.py:914} INFO - Processing file /home/airflow/.local/lib/python3.12/site-packages/airflow/example_dags/example_sla_dag.py for tasks to queue
[2024-10-14T02:29:32.262+0000] {logging_mixin.py:190} INFO - [2024-10-14T02:29:32.261+0000] {dagbag.py:588} INFO - Filling up the DagBag from /home/airflow/.local/lib/python3.12/site-packages/airflow/example_dags/example_sla_dag.py
[2024-10-14T02:29:32.272+0000] {processor.py:925} INFO - DAG(s) 'example_sla_dag' retrieved from /home/airflow/.local/lib/python3.12/site-packages/airflow/example_dags/example_sla_dag.py
[2024-10-14T02:29:32.290+0000] {logging_mixin.py:190} INFO - [2024-10-14T02:29:32.290+0000] {dag.py:3239} INFO - Sync 1 DAGs
[2024-10-14T02:29:32.317+0000] {logging_mixin.py:190} INFO - [2024-10-14T02:29:32.317+0000] {dag.py:4180} INFO - Setting next_dagrun for example_sla_dag to 2024-10-14 02:26:00+00:00, run_after=2024-10-14 02:28:00+00:00
[2024-10-14T02:29:32.338+0000] {processor.py:208} INFO - Processing /home/airflow/.local/lib/python3.12/site-packages/airflow/example_dags/example_sla_dag.py took 0.087 seconds
[2024-10-14T02:30:04.967+0000] {processor.py:186} INFO - Started process (PID=441) to work on /home/airflow/.local/lib/python3.12/site-packages/airflow/example_dags/example_sla_dag.py
[2024-10-14T02:30:04.968+0000] {processor.py:914} INFO - Processing file /home/airflow/.local/lib/python3.12/site-packages/airflow/example_dags/example_sla_dag.py for tasks to queue
[2024-10-14T02:30:04.972+0000] {logging_mixin.py:190} INFO - [2024-10-14T02:30:04.971+0000] {dagbag.py:588} INFO - Filling up the DagBag from /home/airflow/.local/lib/python3.12/site-packages/airflow/example_dags/example_sla_dag.py
[2024-10-14T02:30:04.986+0000] {processor.py:925} INFO - DAG(s) 'example_sla_dag' retrieved from /home/airflow/.local/lib/python3.12/site-packages/airflow/example_dags/example_sla_dag.py
[2024-10-14T02:30:05.012+0000] {logging_mixin.py:190} INFO - [2024-10-14T02:30:05.012+0000] {dag.py:3239} INFO - Sync 1 DAGs
[2024-10-14T02:30:05.038+0000] {logging_mixin.py:190} INFO - [2024-10-14T02:30:05.038+0000] {dag.py:4180} INFO - Setting next_dagrun for example_sla_dag to 2024-10-14 02:28:00+00:00, run_after=2024-10-14 02:30:00+00:00
[2024-10-14T02:30:05.064+0000] {processor.py:208} INFO - Processing /home/airflow/.local/lib/python3.12/site-packages/airflow/example_dags/example_sla_dag.py took 0.107 seconds
[2024-10-14T02:30:37.969+0000] {processor.py:186} INFO - Started process (PID=504) to work on /home/airflow/.local/lib/python3.12/site-packages/airflow/example_dags/example_sla_dag.py
[2024-10-14T02:30:37.970+0000] {processor.py:914} INFO - Processing file /home/airflow/.local/lib/python3.12/site-packages/airflow/example_dags/example_sla_dag.py for tasks to queue
[2024-10-14T02:30:37.972+0000] {logging_mixin.py:190} INFO - [2024-10-14T02:30:37.972+0000] {dagbag.py:588} INFO - Filling up the DagBag from /home/airflow/.local/lib/python3.12/site-packages/airflow/example_dags/example_sla_dag.py
[2024-10-14T02:30:37.981+0000] {processor.py:925} INFO - DAG(s) 'example_sla_dag' retrieved from /home/airflow/.local/lib/python3.12/site-packages/airflow/example_dags/example_sla_dag.py
[2024-10-14T02:30:37.998+0000] {logging_mixin.py:190} INFO - [2024-10-14T02:30:37.997+0000] {dag.py:3239} INFO - Sync 1 DAGs
[2024-10-14T02:30:38.018+0000] {logging_mixin.py:190} INFO - [2024-10-14T02:30:38.018+0000] {dag.py:4180} INFO - Setting next_dagrun for example_sla_dag to 2024-10-14 02:28:00+00:00, run_after=2024-10-14 02:30:00+00:00
[2024-10-14T02:30:38.040+0000] {processor.py:208} INFO - Processing /home/airflow/.local/lib/python3.12/site-packages/airflow/example_dags/example_sla_dag.py took 0.077 seconds
[2024-10-14T02:31:11.159+0000] {processor.py:186} INFO - Started process (PID=568) to work on /home/airflow/.local/lib/python3.12/site-packages/airflow/example_dags/example_sla_dag.py
[2024-10-14T02:31:11.160+0000] {processor.py:914} INFO - Processing file /home/airflow/.local/lib/python3.12/site-packages/airflow/example_dags/example_sla_dag.py for tasks to queue
[2024-10-14T02:31:11.162+0000] {logging_mixin.py:190} INFO - [2024-10-14T02:31:11.162+0000] {dagbag.py:588} INFO - Filling up the DagBag from /home/airflow/.local/lib/python3.12/site-packages/airflow/example_dags/example_sla_dag.py
[2024-10-14T02:31:11.171+0000] {processor.py:925} INFO - DAG(s) 'example_sla_dag' retrieved from /home/airflow/.local/lib/python3.12/site-packages/airflow/example_dags/example_sla_dag.py
[2024-10-14T02:31:11.187+0000] {logging_mixin.py:190} INFO - [2024-10-14T02:31:11.187+0000] {dag.py:3239} INFO - Sync 1 DAGs
[2024-10-14T02:31:11.207+0000] {logging_mixin.py:190} INFO - [2024-10-14T02:31:11.207+0000] {dag.py:4180} INFO - Setting next_dagrun for example_sla_dag to 2024-10-14 02:28:00+00:00, run_after=2024-10-14 02:30:00+00:00
[2024-10-14T02:31:11.227+0000] {processor.py:208} INFO - Processing /home/airflow/.local/lib/python3.12/site-packages/airflow/example_dags/example_sla_dag.py took 0.073 seconds
[2024-10-14T02:31:44.240+0000] {processor.py:186} INFO - Started process (PID=631) to work on /home/airflow/.local/lib/python3.12/site-packages/airflow/example_dags/example_sla_dag.py
[2024-10-14T02:31:44.242+0000] {processor.py:914} INFO - Processing file /home/airflow/.local/lib/python3.12/site-packages/airflow/example_dags/example_sla_dag.py for tasks to queue
[2024-10-14T02:31:44.247+0000] {logging_mixin.py:190} INFO - [2024-10-14T02:31:44.246+0000] {dagbag.py:588} INFO - Filling up the DagBag from /home/airflow/.local/lib/python3.12/site-packages/airflow/example_dags/example_sla_dag.py
[2024-10-14T02:31:44.260+0000] {processor.py:925} INFO - DAG(s) 'example_sla_dag' retrieved from /home/airflow/.local/lib/python3.12/site-packages/airflow/example_dags/example_sla_dag.py
[2024-10-14T02:31:44.281+0000] {logging_mixin.py:190} INFO - [2024-10-14T02:31:44.281+0000] {dag.py:3239} INFO - Sync 1 DAGs
[2024-10-14T02:31:44.325+0000] {logging_mixin.py:190} INFO - [2024-10-14T02:31:44.325+0000] {dag.py:4180} INFO - Setting next_dagrun for example_sla_dag to 2024-10-14 02:28:00+00:00, run_after=2024-10-14 02:30:00+00:00
[2024-10-14T02:31:44.382+0000] {processor.py:208} INFO - Processing /home/airflow/.local/lib/python3.12/site-packages/airflow/example_dags/example_sla_dag.py took 0.150 seconds
[2024-10-14T02:32:14.713+0000] {processor.py:186} INFO - Started process (PID=694) to work on /home/airflow/.local/lib/python3.12/site-packages/airflow/example_dags/example_sla_dag.py
[2024-10-14T02:32:14.714+0000] {processor.py:914} INFO - Processing file /home/airflow/.local/lib/python3.12/site-packages/airflow/example_dags/example_sla_dag.py for tasks to queue
[2024-10-14T02:32:14.717+0000] {logging_mixin.py:190} INFO - [2024-10-14T02:32:14.717+0000] {dagbag.py:588} INFO - Filling up the DagBag from /home/airflow/.local/lib/python3.12/site-packages/airflow/example_dags/example_sla_dag.py
[2024-10-14T02:32:14.726+0000] {processor.py:925} INFO - DAG(s) 'example_sla_dag' retrieved from /home/airflow/.local/lib/python3.12/site-packages/airflow/example_dags/example_sla_dag.py
[2024-10-14T02:32:14.750+0000] {logging_mixin.py:190} INFO - [2024-10-14T02:32:14.749+0000] {dag.py:3239} INFO - Sync 1 DAGs
[2024-10-14T02:32:14.779+0000] {logging_mixin.py:190} INFO - [2024-10-14T02:32:14.778+0000] {dag.py:4180} INFO - Setting next_dagrun for example_sla_dag to 2024-10-14 02:30:00+00:00, run_after=2024-10-14 02:32:00+00:00
[2024-10-14T02:32:14.801+0000] {processor.py:208} INFO - Processing /home/airflow/.local/lib/python3.12/site-packages/airflow/example_dags/example_sla_dag.py took 0.094 seconds
[2024-10-14T02:32:44.925+0000] {processor.py:186} INFO - Started process (PID=757) to work on /home/airflow/.local/lib/python3.12/site-packages/airflow/example_dags/example_sla_dag.py
[2024-10-14T02:32:44.927+0000] {processor.py:914} INFO - Processing file /home/airflow/.local/lib/python3.12/site-packages/airflow/example_dags/example_sla_dag.py for tasks to queue
[2024-10-14T02:32:44.931+0000] {logging_mixin.py:190} INFO - [2024-10-14T02:32:44.930+0000] {dagbag.py:588} INFO - Filling up the DagBag from /home/airflow/.local/lib/python3.12/site-packages/airflow/example_dags/example_sla_dag.py
[2024-10-14T02:32:44.947+0000] {processor.py:925} INFO - DAG(s) 'example_sla_dag' retrieved from /home/airflow/.local/lib/python3.12/site-packages/airflow/example_dags/example_sla_dag.py
[2024-10-14T02:32:44.973+0000] {logging_mixin.py:190} INFO - [2024-10-14T02:32:44.972+0000] {dag.py:3239} INFO - Sync 1 DAGs
[2024-10-14T02:32:45.049+0000] {logging_mixin.py:190} INFO - [2024-10-14T02:32:45.049+0000] {dag.py:4180} INFO - Setting next_dagrun for example_sla_dag to 2024-10-14 02:30:00+00:00, run_after=2024-10-14 02:32:00+00:00
[2024-10-14T02:32:45.089+0000] {processor.py:208} INFO - Processing /home/airflow/.local/lib/python3.12/site-packages/airflow/example_dags/example_sla_dag.py took 0.170 seconds
[2024-10-14T02:33:15.685+0000] {processor.py:186} INFO - Started process (PID=820) to work on /home/airflow/.local/lib/python3.12/site-packages/airflow/example_dags/example_sla_dag.py
[2024-10-14T02:33:15.687+0000] {processor.py:914} INFO - Processing file /home/airflow/.local/lib/python3.12/site-packages/airflow/example_dags/example_sla_dag.py for tasks to queue
[2024-10-14T02:33:15.693+0000] {logging_mixin.py:190} INFO - [2024-10-14T02:33:15.693+0000] {dagbag.py:588} INFO - Filling up the DagBag from /home/airflow/.local/lib/python3.12/site-packages/airflow/example_dags/example_sla_dag.py
[2024-10-14T02:33:15.708+0000] {processor.py:925} INFO - DAG(s) 'example_sla_dag' retrieved from /home/airflow/.local/lib/python3.12/site-packages/airflow/example_dags/example_sla_dag.py
[2024-10-14T02:33:15.742+0000] {logging_mixin.py:190} INFO - [2024-10-14T02:33:15.742+0000] {dag.py:3239} INFO - Sync 1 DAGs
[2024-10-14T02:33:15.778+0000] {logging_mixin.py:190} INFO - [2024-10-14T02:33:15.778+0000] {dag.py:4180} INFO - Setting next_dagrun for example_sla_dag to 2024-10-14 02:30:00+00:00, run_after=2024-10-14 02:32:00+00:00
[2024-10-14T02:33:15.815+0000] {processor.py:208} INFO - Processing /home/airflow/.local/lib/python3.12/site-packages/airflow/example_dags/example_sla_dag.py took 0.137 seconds
[2024-10-14T02:33:46.757+0000] {processor.py:186} INFO - Started process (PID=883) to work on /home/airflow/.local/lib/python3.12/site-packages/airflow/example_dags/example_sla_dag.py
[2024-10-14T02:33:46.758+0000] {processor.py:914} INFO - Processing file /home/airflow/.local/lib/python3.12/site-packages/airflow/example_dags/example_sla_dag.py for tasks to queue
[2024-10-14T02:33:46.762+0000] {logging_mixin.py:190} INFO - [2024-10-14T02:33:46.761+0000] {dagbag.py:588} INFO - Filling up the DagBag from /home/airflow/.local/lib/python3.12/site-packages/airflow/example_dags/example_sla_dag.py
[2024-10-14T02:33:46.782+0000] {processor.py:925} INFO - DAG(s) 'example_sla_dag' retrieved from /home/airflow/.local/lib/python3.12/site-packages/airflow/example_dags/example_sla_dag.py
[2024-10-14T02:33:46.808+0000] {logging_mixin.py:190} INFO - [2024-10-14T02:33:46.807+0000] {dag.py:3239} INFO - Sync 1 DAGs
[2024-10-14T02:33:46.837+0000] {logging_mixin.py:190} INFO - [2024-10-14T02:33:46.836+0000] {dag.py:4180} INFO - Setting next_dagrun for example_sla_dag to 2024-10-14 02:30:00+00:00, run_after=2024-10-14 02:32:00+00:00
[2024-10-14T02:33:46.865+0000] {processor.py:208} INFO - Processing /home/airflow/.local/lib/python3.12/site-packages/airflow/example_dags/example_sla_dag.py took 0.130 seconds
[2024-10-14T02:34:17.695+0000] {processor.py:186} INFO - Started process (PID=946) to work on /home/airflow/.local/lib/python3.12/site-packages/airflow/example_dags/example_sla_dag.py
[2024-10-14T02:34:17.708+0000] {processor.py:914} INFO - Processing file /home/airflow/.local/lib/python3.12/site-packages/airflow/example_dags/example_sla_dag.py for tasks to queue
[2024-10-14T02:34:17.710+0000] {logging_mixin.py:190} INFO - [2024-10-14T02:34:17.710+0000] {dagbag.py:588} INFO - Filling up the DagBag from /home/airflow/.local/lib/python3.12/site-packages/airflow/example_dags/example_sla_dag.py
[2024-10-14T02:34:17.719+0000] {processor.py:925} INFO - DAG(s) 'example_sla_dag' retrieved from /home/airflow/.local/lib/python3.12/site-packages/airflow/example_dags/example_sla_dag.py
[2024-10-14T02:34:17.740+0000] {logging_mixin.py:190} INFO - [2024-10-14T02:34:17.740+0000] {dag.py:3239} INFO - Sync 1 DAGs
[2024-10-14T02:34:17.766+0000] {logging_mixin.py:190} INFO - [2024-10-14T02:34:17.766+0000] {dag.py:4180} INFO - Setting next_dagrun for example_sla_dag to 2024-10-14 02:32:00+00:00, run_after=2024-10-14 02:34:00+00:00
[2024-10-14T02:34:17.789+0000] {processor.py:208} INFO - Processing /home/airflow/.local/lib/python3.12/site-packages/airflow/example_dags/example_sla_dag.py took 0.100 seconds
[2024-10-14T02:34:47.821+0000] {processor.py:186} INFO - Started process (PID=1009) to work on /home/airflow/.local/lib/python3.12/site-packages/airflow/example_dags/example_sla_dag.py
[2024-10-14T02:34:47.823+0000] {processor.py:914} INFO - Processing file /home/airflow/.local/lib/python3.12/site-packages/airflow/example_dags/example_sla_dag.py for tasks to queue
[2024-10-14T02:34:47.826+0000] {logging_mixin.py:190} INFO - [2024-10-14T02:34:47.825+0000] {dagbag.py:588} INFO - Filling up the DagBag from /home/airflow/.local/lib/python3.12/site-packages/airflow/example_dags/example_sla_dag.py
[2024-10-14T02:34:47.837+0000] {processor.py:925} INFO - DAG(s) 'example_sla_dag' retrieved from /home/airflow/.local/lib/python3.12/site-packages/airflow/example_dags/example_sla_dag.py
[2024-10-14T02:34:47.867+0000] {logging_mixin.py:190} INFO - [2024-10-14T02:34:47.867+0000] {dag.py:3239} INFO - Sync 1 DAGs
[2024-10-14T02:34:47.897+0000] {logging_mixin.py:190} INFO - [2024-10-14T02:34:47.897+0000] {dag.py:4180} INFO - Setting next_dagrun for example_sla_dag to 2024-10-14 02:32:00+00:00, run_after=2024-10-14 02:34:00+00:00
[2024-10-14T02:34:47.925+0000] {processor.py:208} INFO - Processing /home/airflow/.local/lib/python3.12/site-packages/airflow/example_dags/example_sla_dag.py took 0.109 seconds
[2024-10-14T02:35:18.783+0000] {processor.py:186} INFO - Started process (PID=1072) to work on /home/airflow/.local/lib/python3.12/site-packages/airflow/example_dags/example_sla_dag.py
[2024-10-14T02:35:18.785+0000] {processor.py:914} INFO - Processing file /home/airflow/.local/lib/python3.12/site-packages/airflow/example_dags/example_sla_dag.py for tasks to queue
[2024-10-14T02:35:18.788+0000] {logging_mixin.py:190} INFO - [2024-10-14T02:35:18.788+0000] {dagbag.py:588} INFO - Filling up the DagBag from /home/airflow/.local/lib/python3.12/site-packages/airflow/example_dags/example_sla_dag.py
[2024-10-14T02:35:18.803+0000] {processor.py:925} INFO - DAG(s) 'example_sla_dag' retrieved from /home/airflow/.local/lib/python3.12/site-packages/airflow/example_dags/example_sla_dag.py
[2024-10-14T02:35:18.836+0000] {logging_mixin.py:190} INFO - [2024-10-14T02:35:18.836+0000] {dag.py:3239} INFO - Sync 1 DAGs
[2024-10-14T02:35:18.896+0000] {logging_mixin.py:190} INFO - [2024-10-14T02:35:18.895+0000] {dag.py:4180} INFO - Setting next_dagrun for example_sla_dag to 2024-10-14 02:32:00+00:00, run_after=2024-10-14 02:34:00+00:00
[2024-10-14T02:35:18.934+0000] {processor.py:208} INFO - Processing /home/airflow/.local/lib/python3.12/site-packages/airflow/example_dags/example_sla_dag.py took 0.161 seconds
[2024-10-14T02:35:49.299+0000] {processor.py:186} INFO - Started process (PID=1134) to work on /home/airflow/.local/lib/python3.12/site-packages/airflow/example_dags/example_sla_dag.py
[2024-10-14T02:35:49.300+0000] {processor.py:914} INFO - Processing file /home/airflow/.local/lib/python3.12/site-packages/airflow/example_dags/example_sla_dag.py for tasks to queue
[2024-10-14T02:35:49.303+0000] {logging_mixin.py:190} INFO - [2024-10-14T02:35:49.303+0000] {dagbag.py:588} INFO - Filling up the DagBag from /home/airflow/.local/lib/python3.12/site-packages/airflow/example_dags/example_sla_dag.py
[2024-10-14T02:35:49.312+0000] {processor.py:925} INFO - DAG(s) 'example_sla_dag' retrieved from /home/airflow/.local/lib/python3.12/site-packages/airflow/example_dags/example_sla_dag.py
[2024-10-14T02:35:49.331+0000] {logging_mixin.py:190} INFO - [2024-10-14T02:35:49.331+0000] {dag.py:3239} INFO - Sync 1 DAGs
[2024-10-14T02:35:49.353+0000] {logging_mixin.py:190} INFO - [2024-10-14T02:35:49.353+0000] {dag.py:4180} INFO - Setting next_dagrun for example_sla_dag to 2024-10-14 02:32:00+00:00, run_after=2024-10-14 02:34:00+00:00
[2024-10-14T02:35:49.373+0000] {processor.py:208} INFO - Processing /home/airflow/.local/lib/python3.12/site-packages/airflow/example_dags/example_sla_dag.py took 0.080 seconds
[2024-10-14T02:36:19.585+0000] {processor.py:186} INFO - Started process (PID=1198) to work on /home/airflow/.local/lib/python3.12/site-packages/airflow/example_dags/example_sla_dag.py
[2024-10-14T02:36:19.586+0000] {processor.py:914} INFO - Processing file /home/airflow/.local/lib/python3.12/site-packages/airflow/example_dags/example_sla_dag.py for tasks to queue
[2024-10-14T02:36:19.589+0000] {logging_mixin.py:190} INFO - [2024-10-14T02:36:19.589+0000] {dagbag.py:588} INFO - Filling up the DagBag from /home/airflow/.local/lib/python3.12/site-packages/airflow/example_dags/example_sla_dag.py
[2024-10-14T02:36:19.599+0000] {processor.py:925} INFO - DAG(s) 'example_sla_dag' retrieved from /home/airflow/.local/lib/python3.12/site-packages/airflow/example_dags/example_sla_dag.py
[2024-10-14T02:36:19.616+0000] {logging_mixin.py:190} INFO - [2024-10-14T02:36:19.616+0000] {dag.py:3239} INFO - Sync 1 DAGs
[2024-10-14T02:36:19.647+0000] {logging_mixin.py:190} INFO - [2024-10-14T02:36:19.647+0000] {dag.py:4180} INFO - Setting next_dagrun for example_sla_dag to 2024-10-14 02:34:00+00:00, run_after=2024-10-14 02:36:00+00:00
[2024-10-14T02:36:19.674+0000] {processor.py:208} INFO - Processing /home/airflow/.local/lib/python3.12/site-packages/airflow/example_dags/example_sla_dag.py took 0.096 seconds
[2024-10-14T02:37:43.158+0000] {processor.py:186} INFO - Started process (PID=64) to work on /home/airflow/.local/lib/python3.12/site-packages/airflow/example_dags/example_sla_dag.py
[2024-10-14T02:37:43.159+0000] {processor.py:914} INFO - Processing file /home/airflow/.local/lib/python3.12/site-packages/airflow/example_dags/example_sla_dag.py for tasks to queue
[2024-10-14T02:37:43.163+0000] {logging_mixin.py:190} INFO - [2024-10-14T02:37:43.162+0000] {dagbag.py:588} INFO - Filling up the DagBag from /home/airflow/.local/lib/python3.12/site-packages/airflow/example_dags/example_sla_dag.py
[2024-10-14T02:37:43.179+0000] {processor.py:925} INFO - DAG(s) 'example_sla_dag' retrieved from /home/airflow/.local/lib/python3.12/site-packages/airflow/example_dags/example_sla_dag.py
[2024-10-14T02:37:43.214+0000] {logging_mixin.py:190} INFO - [2024-10-14T02:37:43.214+0000] {dag.py:3239} INFO - Sync 1 DAGs
[2024-10-14T02:37:43.253+0000] {logging_mixin.py:190} INFO - [2024-10-14T02:37:43.253+0000] {dag.py:4180} INFO - Setting next_dagrun for example_sla_dag to 2024-10-14 02:34:00+00:00, run_after=2024-10-14 02:36:00+00:00
[2024-10-14T02:37:43.281+0000] {processor.py:208} INFO - Processing /home/airflow/.local/lib/python3.12/site-packages/airflow/example_dags/example_sla_dag.py took 0.130 seconds
[2024-10-14T02:38:13.697+0000] {processor.py:186} INFO - Started process (PID=128) to work on /home/airflow/.local/lib/python3.12/site-packages/airflow/example_dags/example_sla_dag.py
[2024-10-14T02:38:13.698+0000] {processor.py:914} INFO - Processing file /home/airflow/.local/lib/python3.12/site-packages/airflow/example_dags/example_sla_dag.py for tasks to queue
[2024-10-14T02:38:13.701+0000] {logging_mixin.py:190} INFO - [2024-10-14T02:38:13.700+0000] {dagbag.py:588} INFO - Filling up the DagBag from /home/airflow/.local/lib/python3.12/site-packages/airflow/example_dags/example_sla_dag.py
[2024-10-14T02:38:13.709+0000] {processor.py:925} INFO - DAG(s) 'example_sla_dag' retrieved from /home/airflow/.local/lib/python3.12/site-packages/airflow/example_dags/example_sla_dag.py
[2024-10-14T02:38:13.728+0000] {logging_mixin.py:190} INFO - [2024-10-14T02:38:13.728+0000] {dag.py:3239} INFO - Sync 1 DAGs
[2024-10-14T02:38:13.751+0000] {logging_mixin.py:190} INFO - [2024-10-14T02:38:13.751+0000] {dag.py:4180} INFO - Setting next_dagrun for example_sla_dag to 2024-10-14 02:36:00+00:00, run_after=2024-10-14 02:38:00+00:00
[2024-10-14T02:38:13.771+0000] {processor.py:208} INFO - Processing /home/airflow/.local/lib/python3.12/site-packages/airflow/example_dags/example_sla_dag.py took 0.078 seconds
[2024-10-14T02:38:44.434+0000] {processor.py:186} INFO - Started process (PID=192) to work on /home/airflow/.local/lib/python3.12/site-packages/airflow/example_dags/example_sla_dag.py
[2024-10-14T02:38:44.435+0000] {processor.py:914} INFO - Processing file /home/airflow/.local/lib/python3.12/site-packages/airflow/example_dags/example_sla_dag.py for tasks to queue
[2024-10-14T02:38:44.440+0000] {logging_mixin.py:190} INFO - [2024-10-14T02:38:44.439+0000] {dagbag.py:588} INFO - Filling up the DagBag from /home/airflow/.local/lib/python3.12/site-packages/airflow/example_dags/example_sla_dag.py
[2024-10-14T02:38:44.454+0000] {processor.py:925} INFO - DAG(s) 'example_sla_dag' retrieved from /home/airflow/.local/lib/python3.12/site-packages/airflow/example_dags/example_sla_dag.py
[2024-10-14T02:38:44.491+0000] {logging_mixin.py:190} INFO - [2024-10-14T02:38:44.491+0000] {dag.py:3239} INFO - Sync 1 DAGs
[2024-10-14T02:38:44.543+0000] {logging_mixin.py:190} INFO - [2024-10-14T02:38:44.543+0000] {dag.py:4180} INFO - Setting next_dagrun for example_sla_dag to 2024-10-14 02:36:00+00:00, run_after=2024-10-14 02:38:00+00:00
[2024-10-14T02:38:44.574+0000] {processor.py:208} INFO - Processing /home/airflow/.local/lib/python3.12/site-packages/airflow/example_dags/example_sla_dag.py took 0.150 seconds
[2024-10-14T02:39:15.270+0000] {processor.py:186} INFO - Started process (PID=257) to work on /home/airflow/.local/lib/python3.12/site-packages/airflow/example_dags/example_sla_dag.py
[2024-10-14T02:39:15.271+0000] {processor.py:914} INFO - Processing file /home/airflow/.local/lib/python3.12/site-packages/airflow/example_dags/example_sla_dag.py for tasks to queue
[2024-10-14T02:39:15.276+0000] {logging_mixin.py:190} INFO - [2024-10-14T02:39:15.275+0000] {dagbag.py:588} INFO - Filling up the DagBag from /home/airflow/.local/lib/python3.12/site-packages/airflow/example_dags/example_sla_dag.py
[2024-10-14T02:39:15.287+0000] {processor.py:925} INFO - DAG(s) 'example_sla_dag' retrieved from /home/airflow/.local/lib/python3.12/site-packages/airflow/example_dags/example_sla_dag.py
[2024-10-14T02:39:15.308+0000] {logging_mixin.py:190} INFO - [2024-10-14T02:39:15.308+0000] {dag.py:3239} INFO - Sync 1 DAGs
[2024-10-14T02:39:15.340+0000] {logging_mixin.py:190} INFO - [2024-10-14T02:39:15.340+0000] {dag.py:4180} INFO - Setting next_dagrun for example_sla_dag to 2024-10-14 02:36:00+00:00, run_after=2024-10-14 02:38:00+00:00
[2024-10-14T02:39:15.367+0000] {processor.py:208} INFO - Processing /home/airflow/.local/lib/python3.12/site-packages/airflow/example_dags/example_sla_dag.py took 0.105 seconds
[2024-10-14T02:39:45.440+0000] {processor.py:186} INFO - Started process (PID=321) to work on /home/airflow/.local/lib/python3.12/site-packages/airflow/example_dags/example_sla_dag.py
[2024-10-14T02:39:45.442+0000] {processor.py:914} INFO - Processing file /home/airflow/.local/lib/python3.12/site-packages/airflow/example_dags/example_sla_dag.py for tasks to queue
[2024-10-14T02:39:45.445+0000] {logging_mixin.py:190} INFO - [2024-10-14T02:39:45.445+0000] {dagbag.py:588} INFO - Filling up the DagBag from /home/airflow/.local/lib/python3.12/site-packages/airflow/example_dags/example_sla_dag.py
[2024-10-14T02:39:45.454+0000] {processor.py:925} INFO - DAG(s) 'example_sla_dag' retrieved from /home/airflow/.local/lib/python3.12/site-packages/airflow/example_dags/example_sla_dag.py
[2024-10-14T02:39:45.476+0000] {logging_mixin.py:190} INFO - [2024-10-14T02:39:45.475+0000] {dag.py:3239} INFO - Sync 1 DAGs
[2024-10-14T02:39:45.498+0000] {logging_mixin.py:190} INFO - [2024-10-14T02:39:45.498+0000] {dag.py:4180} INFO - Setting next_dagrun for example_sla_dag to 2024-10-14 02:36:00+00:00, run_after=2024-10-14 02:38:00+00:00
[2024-10-14T02:39:45.525+0000] {processor.py:208} INFO - Processing /home/airflow/.local/lib/python3.12/site-packages/airflow/example_dags/example_sla_dag.py took 0.089 seconds
[2024-10-14T02:40:15.624+0000] {processor.py:186} INFO - Started process (PID=385) to work on /home/airflow/.local/lib/python3.12/site-packages/airflow/example_dags/example_sla_dag.py
[2024-10-14T02:40:15.625+0000] {processor.py:914} INFO - Processing file /home/airflow/.local/lib/python3.12/site-packages/airflow/example_dags/example_sla_dag.py for tasks to queue
[2024-10-14T02:40:15.627+0000] {logging_mixin.py:190} INFO - [2024-10-14T02:40:15.627+0000] {dagbag.py:588} INFO - Filling up the DagBag from /home/airflow/.local/lib/python3.12/site-packages/airflow/example_dags/example_sla_dag.py
[2024-10-14T02:40:15.635+0000] {processor.py:925} INFO - DAG(s) 'example_sla_dag' retrieved from /home/airflow/.local/lib/python3.12/site-packages/airflow/example_dags/example_sla_dag.py
[2024-10-14T02:40:15.655+0000] {logging_mixin.py:190} INFO - [2024-10-14T02:40:15.655+0000] {dag.py:3239} INFO - Sync 1 DAGs
[2024-10-14T02:40:15.677+0000] {logging_mixin.py:190} INFO - [2024-10-14T02:40:15.677+0000] {dag.py:4180} INFO - Setting next_dagrun for example_sla_dag to 2024-10-14 02:38:00+00:00, run_after=2024-10-14 02:40:00+00:00
[2024-10-14T02:40:15.701+0000] {processor.py:208} INFO - Processing /home/airflow/.local/lib/python3.12/site-packages/airflow/example_dags/example_sla_dag.py took 0.084 seconds
[2024-10-14T02:40:46.113+0000] {processor.py:186} INFO - Started process (PID=449) to work on /home/airflow/.local/lib/python3.12/site-packages/airflow/example_dags/example_sla_dag.py
[2024-10-14T02:40:46.115+0000] {processor.py:914} INFO - Processing file /home/airflow/.local/lib/python3.12/site-packages/airflow/example_dags/example_sla_dag.py for tasks to queue
[2024-10-14T02:40:46.118+0000] {logging_mixin.py:190} INFO - [2024-10-14T02:40:46.117+0000] {dagbag.py:588} INFO - Filling up the DagBag from /home/airflow/.local/lib/python3.12/site-packages/airflow/example_dags/example_sla_dag.py
[2024-10-14T02:40:46.128+0000] {processor.py:925} INFO - DAG(s) 'example_sla_dag' retrieved from /home/airflow/.local/lib/python3.12/site-packages/airflow/example_dags/example_sla_dag.py
[2024-10-14T02:40:46.147+0000] {logging_mixin.py:190} INFO - [2024-10-14T02:40:46.147+0000] {dag.py:3239} INFO - Sync 1 DAGs
[2024-10-14T02:40:46.172+0000] {logging_mixin.py:190} INFO - [2024-10-14T02:40:46.172+0000] {dag.py:4180} INFO - Setting next_dagrun for example_sla_dag to 2024-10-14 02:38:00+00:00, run_after=2024-10-14 02:40:00+00:00
[2024-10-14T02:40:46.189+0000] {processor.py:208} INFO - Processing /home/airflow/.local/lib/python3.12/site-packages/airflow/example_dags/example_sla_dag.py took 0.082 seconds
[2024-10-14T02:41:17.006+0000] {processor.py:186} INFO - Started process (PID=513) to work on /home/airflow/.local/lib/python3.12/site-packages/airflow/example_dags/example_sla_dag.py
[2024-10-14T02:41:17.007+0000] {processor.py:914} INFO - Processing file /home/airflow/.local/lib/python3.12/site-packages/airflow/example_dags/example_sla_dag.py for tasks to queue
[2024-10-14T02:41:17.009+0000] {logging_mixin.py:190} INFO - [2024-10-14T02:41:17.009+0000] {dagbag.py:588} INFO - Filling up the DagBag from /home/airflow/.local/lib/python3.12/site-packages/airflow/example_dags/example_sla_dag.py
[2024-10-14T02:41:17.022+0000] {processor.py:925} INFO - DAG(s) 'example_sla_dag' retrieved from /home/airflow/.local/lib/python3.12/site-packages/airflow/example_dags/example_sla_dag.py
[2024-10-14T02:41:17.043+0000] {logging_mixin.py:190} INFO - [2024-10-14T02:41:17.043+0000] {dag.py:3239} INFO - Sync 1 DAGs
[2024-10-14T02:41:17.069+0000] {logging_mixin.py:190} INFO - [2024-10-14T02:41:17.069+0000] {dag.py:4180} INFO - Setting next_dagrun for example_sla_dag to 2024-10-14 02:38:00+00:00, run_after=2024-10-14 02:40:00+00:00
[2024-10-14T02:41:17.092+0000] {processor.py:208} INFO - Processing /home/airflow/.local/lib/python3.12/site-packages/airflow/example_dags/example_sla_dag.py took 0.093 seconds
[2024-10-14T02:41:47.461+0000] {processor.py:186} INFO - Started process (PID=577) to work on /home/airflow/.local/lib/python3.12/site-packages/airflow/example_dags/example_sla_dag.py
[2024-10-14T02:41:47.462+0000] {processor.py:914} INFO - Processing file /home/airflow/.local/lib/python3.12/site-packages/airflow/example_dags/example_sla_dag.py for tasks to queue
[2024-10-14T02:41:47.464+0000] {logging_mixin.py:190} INFO - [2024-10-14T02:41:47.464+0000] {dagbag.py:588} INFO - Filling up the DagBag from /home/airflow/.local/lib/python3.12/site-packages/airflow/example_dags/example_sla_dag.py
[2024-10-14T02:41:47.478+0000] {processor.py:925} INFO - DAG(s) 'example_sla_dag' retrieved from /home/airflow/.local/lib/python3.12/site-packages/airflow/example_dags/example_sla_dag.py
[2024-10-14T02:41:47.504+0000] {logging_mixin.py:190} INFO - [2024-10-14T02:41:47.503+0000] {dag.py:3239} INFO - Sync 1 DAGs
[2024-10-14T02:41:47.530+0000] {logging_mixin.py:190} INFO - [2024-10-14T02:41:47.530+0000] {dag.py:4180} INFO - Setting next_dagrun for example_sla_dag to 2024-10-14 02:38:00+00:00, run_after=2024-10-14 02:40:00+00:00
[2024-10-14T02:41:47.552+0000] {processor.py:208} INFO - Processing /home/airflow/.local/lib/python3.12/site-packages/airflow/example_dags/example_sla_dag.py took 0.099 seconds
[2024-10-14T02:42:17.835+0000] {processor.py:186} INFO - Started process (PID=641) to work on /home/airflow/.local/lib/python3.12/site-packages/airflow/example_dags/example_sla_dag.py
[2024-10-14T02:42:17.836+0000] {processor.py:914} INFO - Processing file /home/airflow/.local/lib/python3.12/site-packages/airflow/example_dags/example_sla_dag.py for tasks to queue
[2024-10-14T02:42:17.839+0000] {logging_mixin.py:190} INFO - [2024-10-14T02:42:17.838+0000] {dagbag.py:588} INFO - Filling up the DagBag from /home/airflow/.local/lib/python3.12/site-packages/airflow/example_dags/example_sla_dag.py
[2024-10-14T02:42:17.849+0000] {processor.py:925} INFO - DAG(s) 'example_sla_dag' retrieved from /home/airflow/.local/lib/python3.12/site-packages/airflow/example_dags/example_sla_dag.py
[2024-10-14T02:42:17.865+0000] {logging_mixin.py:190} INFO - [2024-10-14T02:42:17.865+0000] {dag.py:3239} INFO - Sync 1 DAGs
[2024-10-14T02:42:17.890+0000] {logging_mixin.py:190} INFO - [2024-10-14T02:42:17.890+0000] {dag.py:4180} INFO - Setting next_dagrun for example_sla_dag to 2024-10-14 02:40:00+00:00, run_after=2024-10-14 02:42:00+00:00
[2024-10-14T02:42:17.908+0000] {processor.py:208} INFO - Processing /home/airflow/.local/lib/python3.12/site-packages/airflow/example_dags/example_sla_dag.py took 0.078 seconds
[2024-10-14T02:42:48.584+0000] {processor.py:186} INFO - Started process (PID=699) to work on /home/airflow/.local/lib/python3.12/site-packages/airflow/example_dags/example_sla_dag.py
[2024-10-14T02:42:48.585+0000] {processor.py:914} INFO - Processing file /home/airflow/.local/lib/python3.12/site-packages/airflow/example_dags/example_sla_dag.py for tasks to queue
[2024-10-14T02:42:48.589+0000] {logging_mixin.py:190} INFO - [2024-10-14T02:42:48.588+0000] {dagbag.py:588} INFO - Filling up the DagBag from /home/airflow/.local/lib/python3.12/site-packages/airflow/example_dags/example_sla_dag.py
[2024-10-14T02:42:48.603+0000] {processor.py:925} INFO - DAG(s) 'example_sla_dag' retrieved from /home/airflow/.local/lib/python3.12/site-packages/airflow/example_dags/example_sla_dag.py
[2024-10-14T02:42:48.625+0000] {logging_mixin.py:190} INFO - [2024-10-14T02:42:48.624+0000] {dag.py:3239} INFO - Sync 1 DAGs
[2024-10-14T02:42:48.649+0000] {logging_mixin.py:190} INFO - [2024-10-14T02:42:48.648+0000] {dag.py:4180} INFO - Setting next_dagrun for example_sla_dag to 2024-10-14 02:40:00+00:00, run_after=2024-10-14 02:42:00+00:00
[2024-10-14T02:42:48.671+0000] {processor.py:208} INFO - Processing /home/airflow/.local/lib/python3.12/site-packages/airflow/example_dags/example_sla_dag.py took 0.095 seconds
[2024-10-14T02:43:21.486+0000] {processor.py:186} INFO - Started process (PID=761) to work on /home/airflow/.local/lib/python3.12/site-packages/airflow/example_dags/example_sla_dag.py
[2024-10-14T02:43:21.487+0000] {processor.py:914} INFO - Processing file /home/airflow/.local/lib/python3.12/site-packages/airflow/example_dags/example_sla_dag.py for tasks to queue
[2024-10-14T02:43:21.490+0000] {logging_mixin.py:190} INFO - [2024-10-14T02:43:21.489+0000] {dagbag.py:588} INFO - Filling up the DagBag from /home/airflow/.local/lib/python3.12/site-packages/airflow/example_dags/example_sla_dag.py
[2024-10-14T02:43:21.501+0000] {processor.py:925} INFO - DAG(s) 'example_sla_dag' retrieved from /home/airflow/.local/lib/python3.12/site-packages/airflow/example_dags/example_sla_dag.py
[2024-10-14T02:43:21.526+0000] {logging_mixin.py:190} INFO - [2024-10-14T02:43:21.526+0000] {dag.py:3239} INFO - Sync 1 DAGs
[2024-10-14T02:43:21.566+0000] {logging_mixin.py:190} INFO - [2024-10-14T02:43:21.566+0000] {dag.py:4180} INFO - Setting next_dagrun for example_sla_dag to 2024-10-14 02:40:00+00:00, run_after=2024-10-14 02:42:00+00:00
[2024-10-14T02:43:21.627+0000] {processor.py:208} INFO - Processing /home/airflow/.local/lib/python3.12/site-packages/airflow/example_dags/example_sla_dag.py took 0.149 seconds
[2024-10-14T02:43:54.686+0000] {processor.py:186} INFO - Started process (PID=825) to work on /home/airflow/.local/lib/python3.12/site-packages/airflow/example_dags/example_sla_dag.py
[2024-10-14T02:43:54.687+0000] {processor.py:914} INFO - Processing file /home/airflow/.local/lib/python3.12/site-packages/airflow/example_dags/example_sla_dag.py for tasks to queue
[2024-10-14T02:43:54.691+0000] {logging_mixin.py:190} INFO - [2024-10-14T02:43:54.690+0000] {dagbag.py:588} INFO - Filling up the DagBag from /home/airflow/.local/lib/python3.12/site-packages/airflow/example_dags/example_sla_dag.py
[2024-10-14T02:43:54.701+0000] {processor.py:925} INFO - DAG(s) 'example_sla_dag' retrieved from /home/airflow/.local/lib/python3.12/site-packages/airflow/example_dags/example_sla_dag.py
[2024-10-14T02:43:54.719+0000] {logging_mixin.py:190} INFO - [2024-10-14T02:43:54.719+0000] {dag.py:3239} INFO - Sync 1 DAGs
[2024-10-14T02:43:54.742+0000] {logging_mixin.py:190} INFO - [2024-10-14T02:43:54.742+0000] {dag.py:4180} INFO - Setting next_dagrun for example_sla_dag to 2024-10-14 02:40:00+00:00, run_after=2024-10-14 02:42:00+00:00
[2024-10-14T02:43:54.762+0000] {processor.py:208} INFO - Processing /home/airflow/.local/lib/python3.12/site-packages/airflow/example_dags/example_sla_dag.py took 0.081 seconds
[2024-10-14T02:44:25.306+0000] {processor.py:186} INFO - Started process (PID=842) to work on /home/airflow/.local/lib/python3.12/site-packages/airflow/example_dags/example_sla_dag.py
[2024-10-14T02:44:25.307+0000] {processor.py:914} INFO - Processing file /home/airflow/.local/lib/python3.12/site-packages/airflow/example_dags/example_sla_dag.py for tasks to queue
[2024-10-14T02:44:25.310+0000] {logging_mixin.py:190} INFO - [2024-10-14T02:44:25.310+0000] {dagbag.py:588} INFO - Filling up the DagBag from /home/airflow/.local/lib/python3.12/site-packages/airflow/example_dags/example_sla_dag.py
[2024-10-14T02:44:25.323+0000] {processor.py:925} INFO - DAG(s) 'example_sla_dag' retrieved from /home/airflow/.local/lib/python3.12/site-packages/airflow/example_dags/example_sla_dag.py
[2024-10-14T02:44:25.353+0000] {logging_mixin.py:190} INFO - [2024-10-14T02:44:25.353+0000] {dag.py:3239} INFO - Sync 1 DAGs
[2024-10-14T02:44:25.388+0000] {logging_mixin.py:190} INFO - [2024-10-14T02:44:25.387+0000] {dag.py:4180} INFO - Setting next_dagrun for example_sla_dag to 2024-10-14 02:42:00+00:00, run_after=2024-10-14 02:44:00+00:00
[2024-10-14T02:44:25.433+0000] {processor.py:208} INFO - Processing /home/airflow/.local/lib/python3.12/site-packages/airflow/example_dags/example_sla_dag.py took 0.136 seconds
[2024-10-14T02:44:58.038+0000] {processor.py:186} INFO - Started process (PID=906) to work on /home/airflow/.local/lib/python3.12/site-packages/airflow/example_dags/example_sla_dag.py
[2024-10-14T02:44:58.040+0000] {processor.py:914} INFO - Processing file /home/airflow/.local/lib/python3.12/site-packages/airflow/example_dags/example_sla_dag.py for tasks to queue
[2024-10-14T02:44:58.042+0000] {logging_mixin.py:190} INFO - [2024-10-14T02:44:58.042+0000] {dagbag.py:588} INFO - Filling up the DagBag from /home/airflow/.local/lib/python3.12/site-packages/airflow/example_dags/example_sla_dag.py
[2024-10-14T02:44:58.053+0000] {processor.py:925} INFO - DAG(s) 'example_sla_dag' retrieved from /home/airflow/.local/lib/python3.12/site-packages/airflow/example_dags/example_sla_dag.py
[2024-10-14T02:44:58.073+0000] {logging_mixin.py:190} INFO - [2024-10-14T02:44:58.073+0000] {dag.py:3239} INFO - Sync 1 DAGs
[2024-10-14T02:44:58.097+0000] {logging_mixin.py:190} INFO - [2024-10-14T02:44:58.097+0000] {dag.py:4180} INFO - Setting next_dagrun for example_sla_dag to 2024-10-14 02:42:00+00:00, run_after=2024-10-14 02:44:00+00:00
[2024-10-14T02:44:58.117+0000] {processor.py:208} INFO - Processing /home/airflow/.local/lib/python3.12/site-packages/airflow/example_dags/example_sla_dag.py took 0.085 seconds
[2024-10-14T02:45:30.904+0000] {processor.py:186} INFO - Started process (PID=970) to work on /home/airflow/.local/lib/python3.12/site-packages/airflow/example_dags/example_sla_dag.py
[2024-10-14T02:45:30.905+0000] {processor.py:914} INFO - Processing file /home/airflow/.local/lib/python3.12/site-packages/airflow/example_dags/example_sla_dag.py for tasks to queue
[2024-10-14T02:45:30.908+0000] {logging_mixin.py:190} INFO - [2024-10-14T02:45:30.907+0000] {dagbag.py:588} INFO - Filling up the DagBag from /home/airflow/.local/lib/python3.12/site-packages/airflow/example_dags/example_sla_dag.py
[2024-10-14T02:45:30.917+0000] {processor.py:925} INFO - DAG(s) 'example_sla_dag' retrieved from /home/airflow/.local/lib/python3.12/site-packages/airflow/example_dags/example_sla_dag.py
[2024-10-14T02:45:30.935+0000] {logging_mixin.py:190} INFO - [2024-10-14T02:45:30.935+0000] {dag.py:3239} INFO - Sync 1 DAGs
[2024-10-14T02:45:30.956+0000] {logging_mixin.py:190} INFO - [2024-10-14T02:45:30.956+0000] {dag.py:4180} INFO - Setting next_dagrun for example_sla_dag to 2024-10-14 02:42:00+00:00, run_after=2024-10-14 02:44:00+00:00
[2024-10-14T02:45:30.976+0000] {processor.py:208} INFO - Processing /home/airflow/.local/lib/python3.12/site-packages/airflow/example_dags/example_sla_dag.py took 0.078 seconds
[2024-10-14T02:46:04.250+0000] {processor.py:186} INFO - Started process (PID=1034) to work on /home/airflow/.local/lib/python3.12/site-packages/airflow/example_dags/example_sla_dag.py
[2024-10-14T02:46:04.251+0000] {processor.py:914} INFO - Processing file /home/airflow/.local/lib/python3.12/site-packages/airflow/example_dags/example_sla_dag.py for tasks to queue
[2024-10-14T02:46:04.254+0000] {logging_mixin.py:190} INFO - [2024-10-14T02:46:04.254+0000] {dagbag.py:588} INFO - Filling up the DagBag from /home/airflow/.local/lib/python3.12/site-packages/airflow/example_dags/example_sla_dag.py
[2024-10-14T02:46:04.271+0000] {processor.py:925} INFO - DAG(s) 'example_sla_dag' retrieved from /home/airflow/.local/lib/python3.12/site-packages/airflow/example_dags/example_sla_dag.py
[2024-10-14T02:46:04.294+0000] {logging_mixin.py:190} INFO - [2024-10-14T02:46:04.294+0000] {dag.py:3239} INFO - Sync 1 DAGs
[2024-10-14T02:46:04.323+0000] {logging_mixin.py:190} INFO - [2024-10-14T02:46:04.322+0000] {dag.py:4180} INFO - Setting next_dagrun for example_sla_dag to 2024-10-14 02:44:00+00:00, run_after=2024-10-14 02:46:00+00:00
[2024-10-14T02:46:04.347+0000] {processor.py:208} INFO - Processing /home/airflow/.local/lib/python3.12/site-packages/airflow/example_dags/example_sla_dag.py took 0.105 seconds
[2024-10-14T02:46:37.174+0000] {processor.py:186} INFO - Started process (PID=1098) to work on /home/airflow/.local/lib/python3.12/site-packages/airflow/example_dags/example_sla_dag.py
[2024-10-14T02:46:37.175+0000] {processor.py:914} INFO - Processing file /home/airflow/.local/lib/python3.12/site-packages/airflow/example_dags/example_sla_dag.py for tasks to queue
[2024-10-14T02:46:37.177+0000] {logging_mixin.py:190} INFO - [2024-10-14T02:46:37.176+0000] {dagbag.py:588} INFO - Filling up the DagBag from /home/airflow/.local/lib/python3.12/site-packages/airflow/example_dags/example_sla_dag.py
[2024-10-14T02:46:37.187+0000] {processor.py:925} INFO - DAG(s) 'example_sla_dag' retrieved from /home/airflow/.local/lib/python3.12/site-packages/airflow/example_dags/example_sla_dag.py
[2024-10-14T02:46:37.208+0000] {logging_mixin.py:190} INFO - [2024-10-14T02:46:37.208+0000] {dag.py:3239} INFO - Sync 1 DAGs
[2024-10-14T02:46:37.235+0000] {logging_mixin.py:190} INFO - [2024-10-14T02:46:37.235+0000] {dag.py:4180} INFO - Setting next_dagrun for example_sla_dag to 2024-10-14 02:44:00+00:00, run_after=2024-10-14 02:46:00+00:00
[2024-10-14T02:46:37.256+0000] {processor.py:208} INFO - Processing /home/airflow/.local/lib/python3.12/site-packages/airflow/example_dags/example_sla_dag.py took 0.088 seconds
[2024-10-14T02:47:10.327+0000] {processor.py:186} INFO - Started process (PID=1162) to work on /home/airflow/.local/lib/python3.12/site-packages/airflow/example_dags/example_sla_dag.py
[2024-10-14T02:47:10.328+0000] {processor.py:914} INFO - Processing file /home/airflow/.local/lib/python3.12/site-packages/airflow/example_dags/example_sla_dag.py for tasks to queue
[2024-10-14T02:47:10.330+0000] {logging_mixin.py:190} INFO - [2024-10-14T02:47:10.330+0000] {dagbag.py:588} INFO - Filling up the DagBag from /home/airflow/.local/lib/python3.12/site-packages/airflow/example_dags/example_sla_dag.py
[2024-10-14T02:47:10.340+0000] {processor.py:925} INFO - DAG(s) 'example_sla_dag' retrieved from /home/airflow/.local/lib/python3.12/site-packages/airflow/example_dags/example_sla_dag.py
[2024-10-14T02:47:10.362+0000] {logging_mixin.py:190} INFO - [2024-10-14T02:47:10.362+0000] {dag.py:3239} INFO - Sync 1 DAGs
[2024-10-14T02:47:10.388+0000] {logging_mixin.py:190} INFO - [2024-10-14T02:47:10.388+0000] {dag.py:4180} INFO - Setting next_dagrun for example_sla_dag to 2024-10-14 02:44:00+00:00, run_after=2024-10-14 02:46:00+00:00
[2024-10-14T02:47:10.409+0000] {processor.py:208} INFO - Processing /home/airflow/.local/lib/python3.12/site-packages/airflow/example_dags/example_sla_dag.py took 0.087 seconds
[2024-10-14T02:47:42.857+0000] {processor.py:186} INFO - Started process (PID=1226) to work on /home/airflow/.local/lib/python3.12/site-packages/airflow/example_dags/example_sla_dag.py
[2024-10-14T02:47:42.858+0000] {processor.py:914} INFO - Processing file /home/airflow/.local/lib/python3.12/site-packages/airflow/example_dags/example_sla_dag.py for tasks to queue
[2024-10-14T02:47:42.860+0000] {logging_mixin.py:190} INFO - [2024-10-14T02:47:42.860+0000] {dagbag.py:588} INFO - Filling up the DagBag from /home/airflow/.local/lib/python3.12/site-packages/airflow/example_dags/example_sla_dag.py
[2024-10-14T02:47:42.869+0000] {processor.py:925} INFO - DAG(s) 'example_sla_dag' retrieved from /home/airflow/.local/lib/python3.12/site-packages/airflow/example_dags/example_sla_dag.py
[2024-10-14T02:47:42.890+0000] {logging_mixin.py:190} INFO - [2024-10-14T02:47:42.890+0000] {dag.py:3239} INFO - Sync 1 DAGs
[2024-10-14T02:47:42.918+0000] {logging_mixin.py:190} INFO - [2024-10-14T02:47:42.918+0000] {dag.py:4180} INFO - Setting next_dagrun for example_sla_dag to 2024-10-14 02:44:00+00:00, run_after=2024-10-14 02:46:00+00:00
[2024-10-14T02:47:42.941+0000] {processor.py:208} INFO - Processing /home/airflow/.local/lib/python3.12/site-packages/airflow/example_dags/example_sla_dag.py took 0.089 seconds
