[2024-10-14T02:26:50.505+0000] {processor.py:186} INFO - Started process (PID=83) to work on /home/airflow/.local/lib/python3.12/site-packages/airflow/example_dags/example_bash_decorator.py
[2024-10-14T02:26:50.507+0000] {processor.py:914} INFO - Processing file /home/airflow/.local/lib/python3.12/site-packages/airflow/example_dags/example_bash_decorator.py for tasks to queue
[2024-10-14T02:26:50.510+0000] {logging_mixin.py:190} INFO - [2024-10-14T02:26:50.509+0000] {dagbag.py:588} INFO - Filling up the DagBag from /home/airflow/.local/lib/python3.12/site-packages/airflow/example_dags/example_bash_decorator.py
[2024-10-14T02:26:50.528+0000] {processor.py:925} INFO - DAG(s) 'example_bash_decorator' retrieved from /home/airflow/.local/lib/python3.12/site-packages/airflow/example_dags/example_bash_decorator.py
[2024-10-14T02:26:50.680+0000] {logging_mixin.py:190} INFO - [2024-10-14T02:26:50.679+0000] {override.py:1900} INFO - Created Permission View: can delete on DAG:example_bash_decorator
[2024-10-14T02:26:50.695+0000] {logging_mixin.py:190} INFO - [2024-10-14T02:26:50.695+0000] {override.py:1900} INFO - Created Permission View: can edit on DAG:example_bash_decorator
[2024-10-14T02:26:50.704+0000] {logging_mixin.py:190} INFO - [2024-10-14T02:26:50.704+0000] {override.py:1900} INFO - Created Permission View: can read on DAG:example_bash_decorator
[2024-10-14T02:26:50.713+0000] {logging_mixin.py:190} INFO - [2024-10-14T02:26:50.712+0000] {override.py:1900} INFO - Created Permission View: can delete on DAG Run:example_bash_decorator
[2024-10-14T02:26:50.724+0000] {logging_mixin.py:190} INFO - [2024-10-14T02:26:50.723+0000] {override.py:1900} INFO - Created Permission View: can create on DAG Run:example_bash_decorator
[2024-10-14T02:26:50.734+0000] {logging_mixin.py:190} INFO - [2024-10-14T02:26:50.734+0000] {override.py:1900} INFO - Created Permission View: menu access on DAG Run:example_bash_decorator
[2024-10-14T02:26:50.742+0000] {logging_mixin.py:190} INFO - [2024-10-14T02:26:50.741+0000] {override.py:1900} INFO - Created Permission View: can read on DAG Run:example_bash_decorator
[2024-10-14T02:26:50.743+0000] {logging_mixin.py:190} INFO - [2024-10-14T02:26:50.743+0000] {dag.py:3239} INFO - Sync 1 DAGs
[2024-10-14T02:26:50.762+0000] {logging_mixin.py:190} INFO - [2024-10-14T02:26:50.761+0000] {dag.py:3262} INFO - Creating ORM DAG for example_bash_decorator
[2024-10-14T02:26:50.764+0000] {logging_mixin.py:190} INFO - [2024-10-14T02:26:50.764+0000] {dag.py:4180} INFO - Setting next_dagrun for example_bash_decorator to None, run_after=None
[2024-10-14T02:26:50.780+0000] {processor.py:208} INFO - Processing /home/airflow/.local/lib/python3.12/site-packages/airflow/example_dags/example_bash_decorator.py took 0.281 seconds
[2024-10-14T02:27:21.686+0000] {processor.py:186} INFO - Started process (PID=140) to work on /home/airflow/.local/lib/python3.12/site-packages/airflow/example_dags/example_bash_decorator.py
[2024-10-14T02:27:21.687+0000] {processor.py:914} INFO - Processing file /home/airflow/.local/lib/python3.12/site-packages/airflow/example_dags/example_bash_decorator.py for tasks to queue
[2024-10-14T02:27:21.689+0000] {logging_mixin.py:190} INFO - [2024-10-14T02:27:21.689+0000] {dagbag.py:588} INFO - Filling up the DagBag from /home/airflow/.local/lib/python3.12/site-packages/airflow/example_dags/example_bash_decorator.py
[2024-10-14T02:27:21.701+0000] {processor.py:925} INFO - DAG(s) 'example_bash_decorator' retrieved from /home/airflow/.local/lib/python3.12/site-packages/airflow/example_dags/example_bash_decorator.py
[2024-10-14T02:27:21.726+0000] {logging_mixin.py:190} INFO - [2024-10-14T02:27:21.726+0000] {dag.py:3239} INFO - Sync 1 DAGs
[2024-10-14T02:27:21.738+0000] {logging_mixin.py:190} INFO - [2024-10-14T02:27:21.738+0000] {dag.py:4180} INFO - Setting next_dagrun for example_bash_decorator to None, run_after=None
[2024-10-14T02:27:21.764+0000] {processor.py:208} INFO - Processing /home/airflow/.local/lib/python3.12/site-packages/airflow/example_dags/example_bash_decorator.py took 0.083 seconds
[2024-10-14T02:27:54.585+0000] {processor.py:186} INFO - Started process (PID=202) to work on /home/airflow/.local/lib/python3.12/site-packages/airflow/example_dags/example_bash_decorator.py
[2024-10-14T02:27:54.587+0000] {processor.py:914} INFO - Processing file /home/airflow/.local/lib/python3.12/site-packages/airflow/example_dags/example_bash_decorator.py for tasks to queue
[2024-10-14T02:27:54.589+0000] {logging_mixin.py:190} INFO - [2024-10-14T02:27:54.589+0000] {dagbag.py:588} INFO - Filling up the DagBag from /home/airflow/.local/lib/python3.12/site-packages/airflow/example_dags/example_bash_decorator.py
[2024-10-14T02:27:54.606+0000] {processor.py:925} INFO - DAG(s) 'example_bash_decorator' retrieved from /home/airflow/.local/lib/python3.12/site-packages/airflow/example_dags/example_bash_decorator.py
[2024-10-14T02:27:54.629+0000] {logging_mixin.py:190} INFO - [2024-10-14T02:27:54.629+0000] {dag.py:3239} INFO - Sync 1 DAGs
[2024-10-14T02:27:54.641+0000] {logging_mixin.py:190} INFO - [2024-10-14T02:27:54.640+0000] {dag.py:4180} INFO - Setting next_dagrun for example_bash_decorator to None, run_after=None
[2024-10-14T02:27:54.675+0000] {processor.py:208} INFO - Processing /home/airflow/.local/lib/python3.12/site-packages/airflow/example_dags/example_bash_decorator.py took 0.097 seconds
[2024-10-14T02:28:26.830+0000] {processor.py:186} INFO - Started process (PID=265) to work on /home/airflow/.local/lib/python3.12/site-packages/airflow/example_dags/example_bash_decorator.py
[2024-10-14T02:28:26.831+0000] {processor.py:914} INFO - Processing file /home/airflow/.local/lib/python3.12/site-packages/airflow/example_dags/example_bash_decorator.py for tasks to queue
[2024-10-14T02:28:26.833+0000] {logging_mixin.py:190} INFO - [2024-10-14T02:28:26.833+0000] {dagbag.py:588} INFO - Filling up the DagBag from /home/airflow/.local/lib/python3.12/site-packages/airflow/example_dags/example_bash_decorator.py
[2024-10-14T02:28:26.848+0000] {processor.py:925} INFO - DAG(s) 'example_bash_decorator' retrieved from /home/airflow/.local/lib/python3.12/site-packages/airflow/example_dags/example_bash_decorator.py
[2024-10-14T02:28:26.874+0000] {logging_mixin.py:190} INFO - [2024-10-14T02:28:26.874+0000] {dag.py:3239} INFO - Sync 1 DAGs
[2024-10-14T02:28:26.892+0000] {logging_mixin.py:190} INFO - [2024-10-14T02:28:26.891+0000] {dag.py:4180} INFO - Setting next_dagrun for example_bash_decorator to None, run_after=None
[2024-10-14T02:28:26.909+0000] {processor.py:208} INFO - Processing /home/airflow/.local/lib/python3.12/site-packages/airflow/example_dags/example_bash_decorator.py took 0.085 seconds
[2024-10-14T02:29:00.622+0000] {processor.py:186} INFO - Started process (PID=328) to work on /home/airflow/.local/lib/python3.12/site-packages/airflow/example_dags/example_bash_decorator.py
[2024-10-14T02:29:00.623+0000] {processor.py:914} INFO - Processing file /home/airflow/.local/lib/python3.12/site-packages/airflow/example_dags/example_bash_decorator.py for tasks to queue
[2024-10-14T02:29:00.625+0000] {logging_mixin.py:190} INFO - [2024-10-14T02:29:00.625+0000] {dagbag.py:588} INFO - Filling up the DagBag from /home/airflow/.local/lib/python3.12/site-packages/airflow/example_dags/example_bash_decorator.py
[2024-10-14T02:29:00.640+0000] {processor.py:925} INFO - DAG(s) 'example_bash_decorator' retrieved from /home/airflow/.local/lib/python3.12/site-packages/airflow/example_dags/example_bash_decorator.py
[2024-10-14T02:29:00.662+0000] {logging_mixin.py:190} INFO - [2024-10-14T02:29:00.662+0000] {dag.py:3239} INFO - Sync 1 DAGs
[2024-10-14T02:29:00.676+0000] {logging_mixin.py:190} INFO - [2024-10-14T02:29:00.675+0000] {dag.py:4180} INFO - Setting next_dagrun for example_bash_decorator to None, run_after=None
[2024-10-14T02:29:00.696+0000] {processor.py:208} INFO - Processing /home/airflow/.local/lib/python3.12/site-packages/airflow/example_dags/example_bash_decorator.py took 0.079 seconds
[2024-10-14T02:29:33.306+0000] {processor.py:186} INFO - Started process (PID=391) to work on /home/airflow/.local/lib/python3.12/site-packages/airflow/example_dags/example_bash_decorator.py
[2024-10-14T02:29:33.307+0000] {processor.py:914} INFO - Processing file /home/airflow/.local/lib/python3.12/site-packages/airflow/example_dags/example_bash_decorator.py for tasks to queue
[2024-10-14T02:29:33.311+0000] {logging_mixin.py:190} INFO - [2024-10-14T02:29:33.311+0000] {dagbag.py:588} INFO - Filling up the DagBag from /home/airflow/.local/lib/python3.12/site-packages/airflow/example_dags/example_bash_decorator.py
[2024-10-14T02:29:33.326+0000] {processor.py:925} INFO - DAG(s) 'example_bash_decorator' retrieved from /home/airflow/.local/lib/python3.12/site-packages/airflow/example_dags/example_bash_decorator.py
[2024-10-14T02:29:33.348+0000] {logging_mixin.py:190} INFO - [2024-10-14T02:29:33.348+0000] {dag.py:3239} INFO - Sync 1 DAGs
[2024-10-14T02:29:33.363+0000] {logging_mixin.py:190} INFO - [2024-10-14T02:29:33.363+0000] {dag.py:4180} INFO - Setting next_dagrun for example_bash_decorator to None, run_after=None
[2024-10-14T02:29:33.384+0000] {processor.py:208} INFO - Processing /home/airflow/.local/lib/python3.12/site-packages/airflow/example_dags/example_bash_decorator.py took 0.083 seconds
[2024-10-14T02:30:05.937+0000] {processor.py:186} INFO - Started process (PID=454) to work on /home/airflow/.local/lib/python3.12/site-packages/airflow/example_dags/example_bash_decorator.py
[2024-10-14T02:30:05.938+0000] {processor.py:914} INFO - Processing file /home/airflow/.local/lib/python3.12/site-packages/airflow/example_dags/example_bash_decorator.py for tasks to queue
[2024-10-14T02:30:05.941+0000] {logging_mixin.py:190} INFO - [2024-10-14T02:30:05.941+0000] {dagbag.py:588} INFO - Filling up the DagBag from /home/airflow/.local/lib/python3.12/site-packages/airflow/example_dags/example_bash_decorator.py
[2024-10-14T02:30:05.955+0000] {processor.py:925} INFO - DAG(s) 'example_bash_decorator' retrieved from /home/airflow/.local/lib/python3.12/site-packages/airflow/example_dags/example_bash_decorator.py
[2024-10-14T02:30:05.977+0000] {logging_mixin.py:190} INFO - [2024-10-14T02:30:05.977+0000] {dag.py:3239} INFO - Sync 1 DAGs
[2024-10-14T02:30:05.992+0000] {logging_mixin.py:190} INFO - [2024-10-14T02:30:05.992+0000] {dag.py:4180} INFO - Setting next_dagrun for example_bash_decorator to None, run_after=None
[2024-10-14T02:30:06.012+0000] {processor.py:208} INFO - Processing /home/airflow/.local/lib/python3.12/site-packages/airflow/example_dags/example_bash_decorator.py took 0.080 seconds
[2024-10-14T02:30:38.955+0000] {processor.py:186} INFO - Started process (PID=517) to work on /home/airflow/.local/lib/python3.12/site-packages/airflow/example_dags/example_bash_decorator.py
[2024-10-14T02:30:38.956+0000] {processor.py:914} INFO - Processing file /home/airflow/.local/lib/python3.12/site-packages/airflow/example_dags/example_bash_decorator.py for tasks to queue
[2024-10-14T02:30:38.958+0000] {logging_mixin.py:190} INFO - [2024-10-14T02:30:38.958+0000] {dagbag.py:588} INFO - Filling up the DagBag from /home/airflow/.local/lib/python3.12/site-packages/airflow/example_dags/example_bash_decorator.py
[2024-10-14T02:30:38.970+0000] {processor.py:925} INFO - DAG(s) 'example_bash_decorator' retrieved from /home/airflow/.local/lib/python3.12/site-packages/airflow/example_dags/example_bash_decorator.py
[2024-10-14T02:30:38.990+0000] {logging_mixin.py:190} INFO - [2024-10-14T02:30:38.990+0000] {dag.py:3239} INFO - Sync 1 DAGs
[2024-10-14T02:30:39.007+0000] {logging_mixin.py:190} INFO - [2024-10-14T02:30:39.006+0000] {dag.py:4180} INFO - Setting next_dagrun for example_bash_decorator to None, run_after=None
[2024-10-14T02:30:39.031+0000] {processor.py:208} INFO - Processing /home/airflow/.local/lib/python3.12/site-packages/airflow/example_dags/example_bash_decorator.py took 0.081 seconds
[2024-10-14T02:31:12.015+0000] {processor.py:186} INFO - Started process (PID=581) to work on /home/airflow/.local/lib/python3.12/site-packages/airflow/example_dags/example_bash_decorator.py
[2024-10-14T02:31:12.016+0000] {processor.py:914} INFO - Processing file /home/airflow/.local/lib/python3.12/site-packages/airflow/example_dags/example_bash_decorator.py for tasks to queue
[2024-10-14T02:31:12.018+0000] {logging_mixin.py:190} INFO - [2024-10-14T02:31:12.018+0000] {dagbag.py:588} INFO - Filling up the DagBag from /home/airflow/.local/lib/python3.12/site-packages/airflow/example_dags/example_bash_decorator.py
[2024-10-14T02:31:12.033+0000] {processor.py:925} INFO - DAG(s) 'example_bash_decorator' retrieved from /home/airflow/.local/lib/python3.12/site-packages/airflow/example_dags/example_bash_decorator.py
[2024-10-14T02:31:12.059+0000] {logging_mixin.py:190} INFO - [2024-10-14T02:31:12.059+0000] {dag.py:3239} INFO - Sync 1 DAGs
[2024-10-14T02:31:12.074+0000] {logging_mixin.py:190} INFO - [2024-10-14T02:31:12.074+0000] {dag.py:4180} INFO - Setting next_dagrun for example_bash_decorator to None, run_after=None
[2024-10-14T02:31:12.101+0000] {processor.py:208} INFO - Processing /home/airflow/.local/lib/python3.12/site-packages/airflow/example_dags/example_bash_decorator.py took 0.091 seconds
[2024-10-14T02:31:45.325+0000] {processor.py:186} INFO - Started process (PID=644) to work on /home/airflow/.local/lib/python3.12/site-packages/airflow/example_dags/example_bash_decorator.py
[2024-10-14T02:31:45.326+0000] {processor.py:914} INFO - Processing file /home/airflow/.local/lib/python3.12/site-packages/airflow/example_dags/example_bash_decorator.py for tasks to queue
[2024-10-14T02:31:45.329+0000] {logging_mixin.py:190} INFO - [2024-10-14T02:31:45.328+0000] {dagbag.py:588} INFO - Filling up the DagBag from /home/airflow/.local/lib/python3.12/site-packages/airflow/example_dags/example_bash_decorator.py
[2024-10-14T02:31:45.351+0000] {processor.py:925} INFO - DAG(s) 'example_bash_decorator' retrieved from /home/airflow/.local/lib/python3.12/site-packages/airflow/example_dags/example_bash_decorator.py
[2024-10-14T02:31:45.387+0000] {logging_mixin.py:190} INFO - [2024-10-14T02:31:45.386+0000] {dag.py:3239} INFO - Sync 1 DAGs
[2024-10-14T02:31:45.407+0000] {logging_mixin.py:190} INFO - [2024-10-14T02:31:45.406+0000] {dag.py:4180} INFO - Setting next_dagrun for example_bash_decorator to None, run_after=None
[2024-10-14T02:31:45.429+0000] {processor.py:208} INFO - Processing /home/airflow/.local/lib/python3.12/site-packages/airflow/example_dags/example_bash_decorator.py took 0.112 seconds
[2024-10-14T02:32:17.569+0000] {processor.py:186} INFO - Started process (PID=707) to work on /home/airflow/.local/lib/python3.12/site-packages/airflow/example_dags/example_bash_decorator.py
[2024-10-14T02:32:17.570+0000] {processor.py:914} INFO - Processing file /home/airflow/.local/lib/python3.12/site-packages/airflow/example_dags/example_bash_decorator.py for tasks to queue
[2024-10-14T02:32:17.572+0000] {logging_mixin.py:190} INFO - [2024-10-14T02:32:17.572+0000] {dagbag.py:588} INFO - Filling up the DagBag from /home/airflow/.local/lib/python3.12/site-packages/airflow/example_dags/example_bash_decorator.py
[2024-10-14T02:32:17.586+0000] {processor.py:925} INFO - DAG(s) 'example_bash_decorator' retrieved from /home/airflow/.local/lib/python3.12/site-packages/airflow/example_dags/example_bash_decorator.py
[2024-10-14T02:32:17.607+0000] {logging_mixin.py:190} INFO - [2024-10-14T02:32:17.607+0000] {dag.py:3239} INFO - Sync 1 DAGs
[2024-10-14T02:32:17.623+0000] {logging_mixin.py:190} INFO - [2024-10-14T02:32:17.622+0000] {dag.py:4180} INFO - Setting next_dagrun for example_bash_decorator to None, run_after=None
[2024-10-14T02:32:17.643+0000] {processor.py:208} INFO - Processing /home/airflow/.local/lib/python3.12/site-packages/airflow/example_dags/example_bash_decorator.py took 0.080 seconds
[2024-10-14T02:32:51.066+0000] {processor.py:186} INFO - Started process (PID=770) to work on /home/airflow/.local/lib/python3.12/site-packages/airflow/example_dags/example_bash_decorator.py
[2024-10-14T02:32:51.067+0000] {processor.py:914} INFO - Processing file /home/airflow/.local/lib/python3.12/site-packages/airflow/example_dags/example_bash_decorator.py for tasks to queue
[2024-10-14T02:32:51.069+0000] {logging_mixin.py:190} INFO - [2024-10-14T02:32:51.069+0000] {dagbag.py:588} INFO - Filling up the DagBag from /home/airflow/.local/lib/python3.12/site-packages/airflow/example_dags/example_bash_decorator.py
[2024-10-14T02:32:51.084+0000] {processor.py:925} INFO - DAG(s) 'example_bash_decorator' retrieved from /home/airflow/.local/lib/python3.12/site-packages/airflow/example_dags/example_bash_decorator.py
[2024-10-14T02:32:51.108+0000] {logging_mixin.py:190} INFO - [2024-10-14T02:32:51.107+0000] {dag.py:3239} INFO - Sync 1 DAGs
[2024-10-14T02:32:51.124+0000] {logging_mixin.py:190} INFO - [2024-10-14T02:32:51.124+0000] {dag.py:4180} INFO - Setting next_dagrun for example_bash_decorator to None, run_after=None
[2024-10-14T02:32:51.143+0000] {processor.py:208} INFO - Processing /home/airflow/.local/lib/python3.12/site-packages/airflow/example_dags/example_bash_decorator.py took 0.082 seconds
[2024-10-14T02:33:23.640+0000] {processor.py:186} INFO - Started process (PID=833) to work on /home/airflow/.local/lib/python3.12/site-packages/airflow/example_dags/example_bash_decorator.py
[2024-10-14T02:33:23.641+0000] {processor.py:914} INFO - Processing file /home/airflow/.local/lib/python3.12/site-packages/airflow/example_dags/example_bash_decorator.py for tasks to queue
[2024-10-14T02:33:23.644+0000] {logging_mixin.py:190} INFO - [2024-10-14T02:33:23.644+0000] {dagbag.py:588} INFO - Filling up the DagBag from /home/airflow/.local/lib/python3.12/site-packages/airflow/example_dags/example_bash_decorator.py
[2024-10-14T02:33:23.662+0000] {processor.py:925} INFO - DAG(s) 'example_bash_decorator' retrieved from /home/airflow/.local/lib/python3.12/site-packages/airflow/example_dags/example_bash_decorator.py
[2024-10-14T02:33:23.684+0000] {logging_mixin.py:190} INFO - [2024-10-14T02:33:23.683+0000] {dag.py:3239} INFO - Sync 1 DAGs
[2024-10-14T02:33:23.698+0000] {logging_mixin.py:190} INFO - [2024-10-14T02:33:23.698+0000] {dag.py:4180} INFO - Setting next_dagrun for example_bash_decorator to None, run_after=None
[2024-10-14T02:33:23.718+0000] {processor.py:208} INFO - Processing /home/airflow/.local/lib/python3.12/site-packages/airflow/example_dags/example_bash_decorator.py took 0.083 seconds
[2024-10-14T02:33:57.214+0000] {processor.py:186} INFO - Started process (PID=898) to work on /home/airflow/.local/lib/python3.12/site-packages/airflow/example_dags/example_bash_decorator.py
[2024-10-14T02:33:57.215+0000] {processor.py:914} INFO - Processing file /home/airflow/.local/lib/python3.12/site-packages/airflow/example_dags/example_bash_decorator.py for tasks to queue
[2024-10-14T02:33:57.217+0000] {logging_mixin.py:190} INFO - [2024-10-14T02:33:57.217+0000] {dagbag.py:588} INFO - Filling up the DagBag from /home/airflow/.local/lib/python3.12/site-packages/airflow/example_dags/example_bash_decorator.py
[2024-10-14T02:33:57.237+0000] {processor.py:925} INFO - DAG(s) 'example_bash_decorator' retrieved from /home/airflow/.local/lib/python3.12/site-packages/airflow/example_dags/example_bash_decorator.py
[2024-10-14T02:33:57.265+0000] {logging_mixin.py:190} INFO - [2024-10-14T02:33:57.265+0000] {dag.py:3239} INFO - Sync 1 DAGs
[2024-10-14T02:33:57.288+0000] {logging_mixin.py:190} INFO - [2024-10-14T02:33:57.287+0000] {dag.py:4180} INFO - Setting next_dagrun for example_bash_decorator to None, run_after=None
[2024-10-14T02:33:57.313+0000] {processor.py:208} INFO - Processing /home/airflow/.local/lib/python3.12/site-packages/airflow/example_dags/example_bash_decorator.py took 0.106 seconds
[2024-10-14T02:34:30.071+0000] {processor.py:186} INFO - Started process (PID=961) to work on /home/airflow/.local/lib/python3.12/site-packages/airflow/example_dags/example_bash_decorator.py
[2024-10-14T02:34:30.072+0000] {processor.py:914} INFO - Processing file /home/airflow/.local/lib/python3.12/site-packages/airflow/example_dags/example_bash_decorator.py for tasks to queue
[2024-10-14T02:34:30.075+0000] {logging_mixin.py:190} INFO - [2024-10-14T02:34:30.074+0000] {dagbag.py:588} INFO - Filling up the DagBag from /home/airflow/.local/lib/python3.12/site-packages/airflow/example_dags/example_bash_decorator.py
[2024-10-14T02:34:30.096+0000] {processor.py:925} INFO - DAG(s) 'example_bash_decorator' retrieved from /home/airflow/.local/lib/python3.12/site-packages/airflow/example_dags/example_bash_decorator.py
[2024-10-14T02:34:30.125+0000] {logging_mixin.py:190} INFO - [2024-10-14T02:34:30.125+0000] {dag.py:3239} INFO - Sync 1 DAGs
[2024-10-14T02:34:30.143+0000] {logging_mixin.py:190} INFO - [2024-10-14T02:34:30.142+0000] {dag.py:4180} INFO - Setting next_dagrun for example_bash_decorator to None, run_after=None
[2024-10-14T02:34:30.169+0000] {processor.py:208} INFO - Processing /home/airflow/.local/lib/python3.12/site-packages/airflow/example_dags/example_bash_decorator.py took 0.107 seconds
[2024-10-14T02:35:03.372+0000] {processor.py:186} INFO - Started process (PID=1024) to work on /home/airflow/.local/lib/python3.12/site-packages/airflow/example_dags/example_bash_decorator.py
[2024-10-14T02:35:03.373+0000] {processor.py:914} INFO - Processing file /home/airflow/.local/lib/python3.12/site-packages/airflow/example_dags/example_bash_decorator.py for tasks to queue
[2024-10-14T02:35:03.376+0000] {logging_mixin.py:190} INFO - [2024-10-14T02:35:03.376+0000] {dagbag.py:588} INFO - Filling up the DagBag from /home/airflow/.local/lib/python3.12/site-packages/airflow/example_dags/example_bash_decorator.py
[2024-10-14T02:35:03.395+0000] {processor.py:925} INFO - DAG(s) 'example_bash_decorator' retrieved from /home/airflow/.local/lib/python3.12/site-packages/airflow/example_dags/example_bash_decorator.py
[2024-10-14T02:35:03.445+0000] {logging_mixin.py:190} INFO - [2024-10-14T02:35:03.445+0000] {dag.py:3239} INFO - Sync 1 DAGs
[2024-10-14T02:35:03.473+0000] {logging_mixin.py:190} INFO - [2024-10-14T02:35:03.472+0000] {dag.py:4180} INFO - Setting next_dagrun for example_bash_decorator to None, run_after=None
[2024-10-14T02:35:03.505+0000] {processor.py:208} INFO - Processing /home/airflow/.local/lib/python3.12/site-packages/airflow/example_dags/example_bash_decorator.py took 0.142 seconds
[2024-10-14T02:35:36.221+0000] {processor.py:186} INFO - Started process (PID=1087) to work on /home/airflow/.local/lib/python3.12/site-packages/airflow/example_dags/example_bash_decorator.py
[2024-10-14T02:35:36.222+0000] {processor.py:914} INFO - Processing file /home/airflow/.local/lib/python3.12/site-packages/airflow/example_dags/example_bash_decorator.py for tasks to queue
[2024-10-14T02:35:36.225+0000] {logging_mixin.py:190} INFO - [2024-10-14T02:35:36.225+0000] {dagbag.py:588} INFO - Filling up the DagBag from /home/airflow/.local/lib/python3.12/site-packages/airflow/example_dags/example_bash_decorator.py
[2024-10-14T02:35:36.240+0000] {processor.py:925} INFO - DAG(s) 'example_bash_decorator' retrieved from /home/airflow/.local/lib/python3.12/site-packages/airflow/example_dags/example_bash_decorator.py
[2024-10-14T02:35:36.262+0000] {logging_mixin.py:190} INFO - [2024-10-14T02:35:36.261+0000] {dag.py:3239} INFO - Sync 1 DAGs
[2024-10-14T02:35:36.274+0000] {logging_mixin.py:190} INFO - [2024-10-14T02:35:36.274+0000] {dag.py:4180} INFO - Setting next_dagrun for example_bash_decorator to None, run_after=None
[2024-10-14T02:35:36.298+0000] {processor.py:208} INFO - Processing /home/airflow/.local/lib/python3.12/site-packages/airflow/example_dags/example_bash_decorator.py took 0.083 seconds
[2024-10-14T02:36:09.831+0000] {processor.py:186} INFO - Started process (PID=1150) to work on /home/airflow/.local/lib/python3.12/site-packages/airflow/example_dags/example_bash_decorator.py
[2024-10-14T02:36:09.832+0000] {processor.py:914} INFO - Processing file /home/airflow/.local/lib/python3.12/site-packages/airflow/example_dags/example_bash_decorator.py for tasks to queue
[2024-10-14T02:36:09.834+0000] {logging_mixin.py:190} INFO - [2024-10-14T02:36:09.834+0000] {dagbag.py:588} INFO - Filling up the DagBag from /home/airflow/.local/lib/python3.12/site-packages/airflow/example_dags/example_bash_decorator.py
[2024-10-14T02:36:09.848+0000] {processor.py:925} INFO - DAG(s) 'example_bash_decorator' retrieved from /home/airflow/.local/lib/python3.12/site-packages/airflow/example_dags/example_bash_decorator.py
[2024-10-14T02:36:09.872+0000] {logging_mixin.py:190} INFO - [2024-10-14T02:36:09.872+0000] {dag.py:3239} INFO - Sync 1 DAGs
[2024-10-14T02:36:09.885+0000] {logging_mixin.py:190} INFO - [2024-10-14T02:36:09.885+0000] {dag.py:4180} INFO - Setting next_dagrun for example_bash_decorator to None, run_after=None
[2024-10-14T02:36:09.903+0000] {processor.py:208} INFO - Processing /home/airflow/.local/lib/python3.12/site-packages/airflow/example_dags/example_bash_decorator.py took 0.079 seconds
[2024-10-14T02:37:47.945+0000] {processor.py:186} INFO - Started process (PID=77) to work on /home/airflow/.local/lib/python3.12/site-packages/airflow/example_dags/example_bash_decorator.py
[2024-10-14T02:37:47.946+0000] {processor.py:914} INFO - Processing file /home/airflow/.local/lib/python3.12/site-packages/airflow/example_dags/example_bash_decorator.py for tasks to queue
[2024-10-14T02:37:47.948+0000] {logging_mixin.py:190} INFO - [2024-10-14T02:37:47.948+0000] {dagbag.py:588} INFO - Filling up the DagBag from /home/airflow/.local/lib/python3.12/site-packages/airflow/example_dags/example_bash_decorator.py
[2024-10-14T02:37:47.963+0000] {processor.py:925} INFO - DAG(s) 'example_bash_decorator' retrieved from /home/airflow/.local/lib/python3.12/site-packages/airflow/example_dags/example_bash_decorator.py
[2024-10-14T02:37:48.079+0000] {logging_mixin.py:190} INFO - [2024-10-14T02:37:48.078+0000] {dag.py:3239} INFO - Sync 1 DAGs
[2024-10-14T02:37:48.090+0000] {logging_mixin.py:190} INFO - [2024-10-14T02:37:48.090+0000] {dag.py:4180} INFO - Setting next_dagrun for example_bash_decorator to None, run_after=None
[2024-10-14T02:37:48.114+0000] {processor.py:208} INFO - Processing /home/airflow/.local/lib/python3.12/site-packages/airflow/example_dags/example_bash_decorator.py took 0.174 seconds
[2024-10-14T02:38:20.860+0000] {processor.py:186} INFO - Started process (PID=141) to work on /home/airflow/.local/lib/python3.12/site-packages/airflow/example_dags/example_bash_decorator.py
[2024-10-14T02:38:20.861+0000] {processor.py:914} INFO - Processing file /home/airflow/.local/lib/python3.12/site-packages/airflow/example_dags/example_bash_decorator.py for tasks to queue
[2024-10-14T02:38:20.863+0000] {logging_mixin.py:190} INFO - [2024-10-14T02:38:20.863+0000] {dagbag.py:588} INFO - Filling up the DagBag from /home/airflow/.local/lib/python3.12/site-packages/airflow/example_dags/example_bash_decorator.py
[2024-10-14T02:38:20.875+0000] {processor.py:925} INFO - DAG(s) 'example_bash_decorator' retrieved from /home/airflow/.local/lib/python3.12/site-packages/airflow/example_dags/example_bash_decorator.py
[2024-10-14T02:38:20.899+0000] {logging_mixin.py:190} INFO - [2024-10-14T02:38:20.898+0000] {dag.py:3239} INFO - Sync 1 DAGs
[2024-10-14T02:38:20.912+0000] {logging_mixin.py:190} INFO - [2024-10-14T02:38:20.912+0000] {dag.py:4180} INFO - Setting next_dagrun for example_bash_decorator to None, run_after=None
[2024-10-14T02:38:20.932+0000] {processor.py:208} INFO - Processing /home/airflow/.local/lib/python3.12/site-packages/airflow/example_dags/example_bash_decorator.py took 0.077 seconds
[2024-10-14T02:38:55.556+0000] {processor.py:186} INFO - Started process (PID=212) to work on /home/airflow/.local/lib/python3.12/site-packages/airflow/example_dags/example_bash_decorator.py
[2024-10-14T02:38:55.558+0000] {processor.py:914} INFO - Processing file /home/airflow/.local/lib/python3.12/site-packages/airflow/example_dags/example_bash_decorator.py for tasks to queue
[2024-10-14T02:38:55.561+0000] {logging_mixin.py:190} INFO - [2024-10-14T02:38:55.561+0000] {dagbag.py:588} INFO - Filling up the DagBag from /home/airflow/.local/lib/python3.12/site-packages/airflow/example_dags/example_bash_decorator.py
[2024-10-14T02:38:55.617+0000] {processor.py:925} INFO - DAG(s) 'example_bash_decorator' retrieved from /home/airflow/.local/lib/python3.12/site-packages/airflow/example_dags/example_bash_decorator.py
[2024-10-14T02:38:55.669+0000] {logging_mixin.py:190} INFO - [2024-10-14T02:38:55.668+0000] {dag.py:3239} INFO - Sync 1 DAGs
[2024-10-14T02:38:55.688+0000] {logging_mixin.py:190} INFO - [2024-10-14T02:38:55.687+0000] {dag.py:4180} INFO - Setting next_dagrun for example_bash_decorator to None, run_after=None
[2024-10-14T02:38:55.714+0000] {processor.py:208} INFO - Processing /home/airflow/.local/lib/python3.12/site-packages/airflow/example_dags/example_bash_decorator.py took 0.169 seconds
[2024-10-14T02:39:27.575+0000] {processor.py:186} INFO - Started process (PID=270) to work on /home/airflow/.local/lib/python3.12/site-packages/airflow/example_dags/example_bash_decorator.py
[2024-10-14T02:39:27.576+0000] {processor.py:914} INFO - Processing file /home/airflow/.local/lib/python3.12/site-packages/airflow/example_dags/example_bash_decorator.py for tasks to queue
[2024-10-14T02:39:27.578+0000] {logging_mixin.py:190} INFO - [2024-10-14T02:39:27.578+0000] {dagbag.py:588} INFO - Filling up the DagBag from /home/airflow/.local/lib/python3.12/site-packages/airflow/example_dags/example_bash_decorator.py
[2024-10-14T02:39:27.592+0000] {processor.py:925} INFO - DAG(s) 'example_bash_decorator' retrieved from /home/airflow/.local/lib/python3.12/site-packages/airflow/example_dags/example_bash_decorator.py
[2024-10-14T02:39:27.614+0000] {logging_mixin.py:190} INFO - [2024-10-14T02:39:27.614+0000] {dag.py:3239} INFO - Sync 1 DAGs
[2024-10-14T02:39:27.633+0000] {logging_mixin.py:190} INFO - [2024-10-14T02:39:27.632+0000] {dag.py:4180} INFO - Setting next_dagrun for example_bash_decorator to None, run_after=None
[2024-10-14T02:39:27.673+0000] {processor.py:208} INFO - Processing /home/airflow/.local/lib/python3.12/site-packages/airflow/example_dags/example_bash_decorator.py took 0.105 seconds
[2024-10-14T02:40:00.778+0000] {processor.py:186} INFO - Started process (PID=334) to work on /home/airflow/.local/lib/python3.12/site-packages/airflow/example_dags/example_bash_decorator.py
[2024-10-14T02:40:00.780+0000] {processor.py:914} INFO - Processing file /home/airflow/.local/lib/python3.12/site-packages/airflow/example_dags/example_bash_decorator.py for tasks to queue
[2024-10-14T02:40:00.783+0000] {logging_mixin.py:190} INFO - [2024-10-14T02:40:00.782+0000] {dagbag.py:588} INFO - Filling up the DagBag from /home/airflow/.local/lib/python3.12/site-packages/airflow/example_dags/example_bash_decorator.py
[2024-10-14T02:40:00.798+0000] {processor.py:925} INFO - DAG(s) 'example_bash_decorator' retrieved from /home/airflow/.local/lib/python3.12/site-packages/airflow/example_dags/example_bash_decorator.py
[2024-10-14T02:40:00.819+0000] {logging_mixin.py:190} INFO - [2024-10-14T02:40:00.819+0000] {dag.py:3239} INFO - Sync 1 DAGs
[2024-10-14T02:40:00.833+0000] {logging_mixin.py:190} INFO - [2024-10-14T02:40:00.833+0000] {dag.py:4180} INFO - Setting next_dagrun for example_bash_decorator to None, run_after=None
[2024-10-14T02:40:00.854+0000] {processor.py:208} INFO - Processing /home/airflow/.local/lib/python3.12/site-packages/airflow/example_dags/example_bash_decorator.py took 0.083 seconds
[2024-10-14T02:40:33.781+0000] {processor.py:186} INFO - Started process (PID=398) to work on /home/airflow/.local/lib/python3.12/site-packages/airflow/example_dags/example_bash_decorator.py
[2024-10-14T02:40:33.782+0000] {processor.py:914} INFO - Processing file /home/airflow/.local/lib/python3.12/site-packages/airflow/example_dags/example_bash_decorator.py for tasks to queue
[2024-10-14T02:40:33.785+0000] {logging_mixin.py:190} INFO - [2024-10-14T02:40:33.785+0000] {dagbag.py:588} INFO - Filling up the DagBag from /home/airflow/.local/lib/python3.12/site-packages/airflow/example_dags/example_bash_decorator.py
[2024-10-14T02:40:33.800+0000] {processor.py:925} INFO - DAG(s) 'example_bash_decorator' retrieved from /home/airflow/.local/lib/python3.12/site-packages/airflow/example_dags/example_bash_decorator.py
[2024-10-14T02:40:33.824+0000] {logging_mixin.py:190} INFO - [2024-10-14T02:40:33.824+0000] {dag.py:3239} INFO - Sync 1 DAGs
[2024-10-14T02:40:33.837+0000] {logging_mixin.py:190} INFO - [2024-10-14T02:40:33.837+0000] {dag.py:4180} INFO - Setting next_dagrun for example_bash_decorator to None, run_after=None
[2024-10-14T02:40:33.860+0000] {processor.py:208} INFO - Processing /home/airflow/.local/lib/python3.12/site-packages/airflow/example_dags/example_bash_decorator.py took 0.085 seconds
[2024-10-14T02:41:06.185+0000] {processor.py:186} INFO - Started process (PID=462) to work on /home/airflow/.local/lib/python3.12/site-packages/airflow/example_dags/example_bash_decorator.py
[2024-10-14T02:41:06.186+0000] {processor.py:914} INFO - Processing file /home/airflow/.local/lib/python3.12/site-packages/airflow/example_dags/example_bash_decorator.py for tasks to queue
[2024-10-14T02:41:06.188+0000] {logging_mixin.py:190} INFO - [2024-10-14T02:41:06.188+0000] {dagbag.py:588} INFO - Filling up the DagBag from /home/airflow/.local/lib/python3.12/site-packages/airflow/example_dags/example_bash_decorator.py
[2024-10-14T02:41:06.202+0000] {processor.py:925} INFO - DAG(s) 'example_bash_decorator' retrieved from /home/airflow/.local/lib/python3.12/site-packages/airflow/example_dags/example_bash_decorator.py
[2024-10-14T02:41:06.223+0000] {logging_mixin.py:190} INFO - [2024-10-14T02:41:06.223+0000] {dag.py:3239} INFO - Sync 1 DAGs
[2024-10-14T02:41:06.236+0000] {logging_mixin.py:190} INFO - [2024-10-14T02:41:06.235+0000] {dag.py:4180} INFO - Setting next_dagrun for example_bash_decorator to None, run_after=None
[2024-10-14T02:41:06.256+0000] {processor.py:208} INFO - Processing /home/airflow/.local/lib/python3.12/site-packages/airflow/example_dags/example_bash_decorator.py took 0.077 seconds
[2024-10-14T02:41:39.062+0000] {processor.py:186} INFO - Started process (PID=526) to work on /home/airflow/.local/lib/python3.12/site-packages/airflow/example_dags/example_bash_decorator.py
[2024-10-14T02:41:39.063+0000] {processor.py:914} INFO - Processing file /home/airflow/.local/lib/python3.12/site-packages/airflow/example_dags/example_bash_decorator.py for tasks to queue
[2024-10-14T02:41:39.066+0000] {logging_mixin.py:190} INFO - [2024-10-14T02:41:39.066+0000] {dagbag.py:588} INFO - Filling up the DagBag from /home/airflow/.local/lib/python3.12/site-packages/airflow/example_dags/example_bash_decorator.py
[2024-10-14T02:41:39.079+0000] {processor.py:925} INFO - DAG(s) 'example_bash_decorator' retrieved from /home/airflow/.local/lib/python3.12/site-packages/airflow/example_dags/example_bash_decorator.py
[2024-10-14T02:41:39.101+0000] {logging_mixin.py:190} INFO - [2024-10-14T02:41:39.101+0000] {dag.py:3239} INFO - Sync 1 DAGs
[2024-10-14T02:41:39.115+0000] {logging_mixin.py:190} INFO - [2024-10-14T02:41:39.114+0000] {dag.py:4180} INFO - Setting next_dagrun for example_bash_decorator to None, run_after=None
[2024-10-14T02:41:39.136+0000] {processor.py:208} INFO - Processing /home/airflow/.local/lib/python3.12/site-packages/airflow/example_dags/example_bash_decorator.py took 0.080 seconds
[2024-10-14T02:42:12.743+0000] {processor.py:186} INFO - Started process (PID=590) to work on /home/airflow/.local/lib/python3.12/site-packages/airflow/example_dags/example_bash_decorator.py
[2024-10-14T02:42:12.744+0000] {processor.py:914} INFO - Processing file /home/airflow/.local/lib/python3.12/site-packages/airflow/example_dags/example_bash_decorator.py for tasks to queue
[2024-10-14T02:42:12.747+0000] {logging_mixin.py:190} INFO - [2024-10-14T02:42:12.746+0000] {dagbag.py:588} INFO - Filling up the DagBag from /home/airflow/.local/lib/python3.12/site-packages/airflow/example_dags/example_bash_decorator.py
[2024-10-14T02:42:12.760+0000] {processor.py:925} INFO - DAG(s) 'example_bash_decorator' retrieved from /home/airflow/.local/lib/python3.12/site-packages/airflow/example_dags/example_bash_decorator.py
[2024-10-14T02:42:12.782+0000] {logging_mixin.py:190} INFO - [2024-10-14T02:42:12.782+0000] {dag.py:3239} INFO - Sync 1 DAGs
[2024-10-14T02:42:12.797+0000] {logging_mixin.py:190} INFO - [2024-10-14T02:42:12.797+0000] {dag.py:4180} INFO - Setting next_dagrun for example_bash_decorator to None, run_after=None
[2024-10-14T02:42:12.825+0000] {processor.py:208} INFO - Processing /home/airflow/.local/lib/python3.12/site-packages/airflow/example_dags/example_bash_decorator.py took 0.087 seconds
[2024-10-14T02:42:45.981+0000] {processor.py:186} INFO - Started process (PID=654) to work on /home/airflow/.local/lib/python3.12/site-packages/airflow/example_dags/example_bash_decorator.py
[2024-10-14T02:42:45.982+0000] {processor.py:914} INFO - Processing file /home/airflow/.local/lib/python3.12/site-packages/airflow/example_dags/example_bash_decorator.py for tasks to queue
[2024-10-14T02:42:45.985+0000] {logging_mixin.py:190} INFO - [2024-10-14T02:42:45.984+0000] {dagbag.py:588} INFO - Filling up the DagBag from /home/airflow/.local/lib/python3.12/site-packages/airflow/example_dags/example_bash_decorator.py
[2024-10-14T02:42:45.999+0000] {processor.py:925} INFO - DAG(s) 'example_bash_decorator' retrieved from /home/airflow/.local/lib/python3.12/site-packages/airflow/example_dags/example_bash_decorator.py
[2024-10-14T02:42:46.025+0000] {logging_mixin.py:190} INFO - [2024-10-14T02:42:46.025+0000] {dag.py:3239} INFO - Sync 1 DAGs
[2024-10-14T02:42:46.041+0000] {logging_mixin.py:190} INFO - [2024-10-14T02:42:46.041+0000] {dag.py:4180} INFO - Setting next_dagrun for example_bash_decorator to None, run_after=None
[2024-10-14T02:42:46.068+0000] {processor.py:208} INFO - Processing /home/airflow/.local/lib/python3.12/site-packages/airflow/example_dags/example_bash_decorator.py took 0.092 seconds
[2024-10-14T02:43:18.986+0000] {processor.py:186} INFO - Started process (PID=718) to work on /home/airflow/.local/lib/python3.12/site-packages/airflow/example_dags/example_bash_decorator.py
[2024-10-14T02:43:18.987+0000] {processor.py:914} INFO - Processing file /home/airflow/.local/lib/python3.12/site-packages/airflow/example_dags/example_bash_decorator.py for tasks to queue
[2024-10-14T02:43:18.989+0000] {logging_mixin.py:190} INFO - [2024-10-14T02:43:18.989+0000] {dagbag.py:588} INFO - Filling up the DagBag from /home/airflow/.local/lib/python3.12/site-packages/airflow/example_dags/example_bash_decorator.py
[2024-10-14T02:43:19.002+0000] {processor.py:925} INFO - DAG(s) 'example_bash_decorator' retrieved from /home/airflow/.local/lib/python3.12/site-packages/airflow/example_dags/example_bash_decorator.py
[2024-10-14T02:43:19.024+0000] {logging_mixin.py:190} INFO - [2024-10-14T02:43:19.024+0000] {dag.py:3239} INFO - Sync 1 DAGs
[2024-10-14T02:43:19.038+0000] {logging_mixin.py:190} INFO - [2024-10-14T02:43:19.038+0000] {dag.py:4180} INFO - Setting next_dagrun for example_bash_decorator to None, run_after=None
[2024-10-14T02:43:19.059+0000] {processor.py:208} INFO - Processing /home/airflow/.local/lib/python3.12/site-packages/airflow/example_dags/example_bash_decorator.py took 0.079 seconds
[2024-10-14T02:43:51.728+0000] {processor.py:186} INFO - Started process (PID=784) to work on /home/airflow/.local/lib/python3.12/site-packages/airflow/example_dags/example_bash_decorator.py
[2024-10-14T02:43:51.730+0000] {processor.py:914} INFO - Processing file /home/airflow/.local/lib/python3.12/site-packages/airflow/example_dags/example_bash_decorator.py for tasks to queue
[2024-10-14T02:43:51.733+0000] {logging_mixin.py:190} INFO - [2024-10-14T02:43:51.732+0000] {dagbag.py:588} INFO - Filling up the DagBag from /home/airflow/.local/lib/python3.12/site-packages/airflow/example_dags/example_bash_decorator.py
[2024-10-14T02:43:51.752+0000] {processor.py:925} INFO - DAG(s) 'example_bash_decorator' retrieved from /home/airflow/.local/lib/python3.12/site-packages/airflow/example_dags/example_bash_decorator.py
[2024-10-14T02:43:51.791+0000] {logging_mixin.py:190} INFO - [2024-10-14T02:43:51.790+0000] {dag.py:3239} INFO - Sync 1 DAGs
[2024-10-14T02:43:51.807+0000] {logging_mixin.py:190} INFO - [2024-10-14T02:43:51.807+0000] {dag.py:4180} INFO - Setting next_dagrun for example_bash_decorator to None, run_after=None
[2024-10-14T02:43:51.824+0000] {processor.py:208} INFO - Processing /home/airflow/.local/lib/python3.12/site-packages/airflow/example_dags/example_bash_decorator.py took 0.103 seconds
[2024-10-14T02:44:26.409+0000] {processor.py:186} INFO - Started process (PID=858) to work on /home/airflow/.local/lib/python3.12/site-packages/airflow/example_dags/example_bash_decorator.py
[2024-10-14T02:44:26.410+0000] {processor.py:914} INFO - Processing file /home/airflow/.local/lib/python3.12/site-packages/airflow/example_dags/example_bash_decorator.py for tasks to queue
[2024-10-14T02:44:26.413+0000] {logging_mixin.py:190} INFO - [2024-10-14T02:44:26.412+0000] {dagbag.py:588} INFO - Filling up the DagBag from /home/airflow/.local/lib/python3.12/site-packages/airflow/example_dags/example_bash_decorator.py
[2024-10-14T02:44:26.429+0000] {processor.py:925} INFO - DAG(s) 'example_bash_decorator' retrieved from /home/airflow/.local/lib/python3.12/site-packages/airflow/example_dags/example_bash_decorator.py
[2024-10-14T02:44:26.454+0000] {logging_mixin.py:190} INFO - [2024-10-14T02:44:26.454+0000] {dag.py:3239} INFO - Sync 1 DAGs
[2024-10-14T02:44:26.483+0000] {logging_mixin.py:190} INFO - [2024-10-14T02:44:26.482+0000] {dag.py:4180} INFO - Setting next_dagrun for example_bash_decorator to None, run_after=None
[2024-10-14T02:44:26.509+0000] {processor.py:208} INFO - Processing /home/airflow/.local/lib/python3.12/site-packages/airflow/example_dags/example_bash_decorator.py took 0.109 seconds
[2024-10-14T02:44:58.741+0000] {processor.py:186} INFO - Started process (PID=916) to work on /home/airflow/.local/lib/python3.12/site-packages/airflow/example_dags/example_bash_decorator.py
[2024-10-14T02:44:58.742+0000] {processor.py:914} INFO - Processing file /home/airflow/.local/lib/python3.12/site-packages/airflow/example_dags/example_bash_decorator.py for tasks to queue
[2024-10-14T02:44:58.745+0000] {logging_mixin.py:190} INFO - [2024-10-14T02:44:58.744+0000] {dagbag.py:588} INFO - Filling up the DagBag from /home/airflow/.local/lib/python3.12/site-packages/airflow/example_dags/example_bash_decorator.py
[2024-10-14T02:44:58.765+0000] {processor.py:925} INFO - DAG(s) 'example_bash_decorator' retrieved from /home/airflow/.local/lib/python3.12/site-packages/airflow/example_dags/example_bash_decorator.py
[2024-10-14T02:44:58.790+0000] {logging_mixin.py:190} INFO - [2024-10-14T02:44:58.790+0000] {dag.py:3239} INFO - Sync 1 DAGs
[2024-10-14T02:44:58.804+0000] {logging_mixin.py:190} INFO - [2024-10-14T02:44:58.804+0000] {dag.py:4180} INFO - Setting next_dagrun for example_bash_decorator to None, run_after=None
[2024-10-14T02:44:58.825+0000] {processor.py:208} INFO - Processing /home/airflow/.local/lib/python3.12/site-packages/airflow/example_dags/example_bash_decorator.py took 0.092 seconds
[2024-10-14T02:45:31.796+0000] {processor.py:186} INFO - Started process (PID=983) to work on /home/airflow/.local/lib/python3.12/site-packages/airflow/example_dags/example_bash_decorator.py
[2024-10-14T02:45:31.797+0000] {processor.py:914} INFO - Processing file /home/airflow/.local/lib/python3.12/site-packages/airflow/example_dags/example_bash_decorator.py for tasks to queue
[2024-10-14T02:45:31.800+0000] {logging_mixin.py:190} INFO - [2024-10-14T02:45:31.799+0000] {dagbag.py:588} INFO - Filling up the DagBag from /home/airflow/.local/lib/python3.12/site-packages/airflow/example_dags/example_bash_decorator.py
[2024-10-14T02:45:31.813+0000] {processor.py:925} INFO - DAG(s) 'example_bash_decorator' retrieved from /home/airflow/.local/lib/python3.12/site-packages/airflow/example_dags/example_bash_decorator.py
[2024-10-14T02:45:31.836+0000] {logging_mixin.py:190} INFO - [2024-10-14T02:45:31.836+0000] {dag.py:3239} INFO - Sync 1 DAGs
[2024-10-14T02:45:31.850+0000] {logging_mixin.py:190} INFO - [2024-10-14T02:45:31.849+0000] {dag.py:4180} INFO - Setting next_dagrun for example_bash_decorator to None, run_after=None
[2024-10-14T02:45:31.869+0000] {processor.py:208} INFO - Processing /home/airflow/.local/lib/python3.12/site-packages/airflow/example_dags/example_bash_decorator.py took 0.078 seconds
[2024-10-14T02:46:05.365+0000] {processor.py:186} INFO - Started process (PID=1047) to work on /home/airflow/.local/lib/python3.12/site-packages/airflow/example_dags/example_bash_decorator.py
[2024-10-14T02:46:05.367+0000] {processor.py:914} INFO - Processing file /home/airflow/.local/lib/python3.12/site-packages/airflow/example_dags/example_bash_decorator.py for tasks to queue
[2024-10-14T02:46:05.370+0000] {logging_mixin.py:190} INFO - [2024-10-14T02:46:05.370+0000] {dagbag.py:588} INFO - Filling up the DagBag from /home/airflow/.local/lib/python3.12/site-packages/airflow/example_dags/example_bash_decorator.py
[2024-10-14T02:46:05.395+0000] {processor.py:925} INFO - DAG(s) 'example_bash_decorator' retrieved from /home/airflow/.local/lib/python3.12/site-packages/airflow/example_dags/example_bash_decorator.py
[2024-10-14T02:46:05.435+0000] {logging_mixin.py:190} INFO - [2024-10-14T02:46:05.435+0000] {dag.py:3239} INFO - Sync 1 DAGs
[2024-10-14T02:46:05.464+0000] {logging_mixin.py:190} INFO - [2024-10-14T02:46:05.463+0000] {dag.py:4180} INFO - Setting next_dagrun for example_bash_decorator to None, run_after=None
[2024-10-14T02:46:05.503+0000] {processor.py:208} INFO - Processing /home/airflow/.local/lib/python3.12/site-packages/airflow/example_dags/example_bash_decorator.py took 0.148 seconds
[2024-10-14T02:46:38.135+0000] {processor.py:186} INFO - Started process (PID=1111) to work on /home/airflow/.local/lib/python3.12/site-packages/airflow/example_dags/example_bash_decorator.py
[2024-10-14T02:46:38.137+0000] {processor.py:914} INFO - Processing file /home/airflow/.local/lib/python3.12/site-packages/airflow/example_dags/example_bash_decorator.py for tasks to queue
[2024-10-14T02:46:38.140+0000] {logging_mixin.py:190} INFO - [2024-10-14T02:46:38.140+0000] {dagbag.py:588} INFO - Filling up the DagBag from /home/airflow/.local/lib/python3.12/site-packages/airflow/example_dags/example_bash_decorator.py
[2024-10-14T02:46:38.156+0000] {processor.py:925} INFO - DAG(s) 'example_bash_decorator' retrieved from /home/airflow/.local/lib/python3.12/site-packages/airflow/example_dags/example_bash_decorator.py
[2024-10-14T02:46:38.179+0000] {logging_mixin.py:190} INFO - [2024-10-14T02:46:38.178+0000] {dag.py:3239} INFO - Sync 1 DAGs
[2024-10-14T02:46:38.192+0000] {logging_mixin.py:190} INFO - [2024-10-14T02:46:38.192+0000] {dag.py:4180} INFO - Setting next_dagrun for example_bash_decorator to None, run_after=None
[2024-10-14T02:46:38.209+0000] {processor.py:208} INFO - Processing /home/airflow/.local/lib/python3.12/site-packages/airflow/example_dags/example_bash_decorator.py took 0.080 seconds
[2024-10-14T02:47:11.374+0000] {processor.py:186} INFO - Started process (PID=1175) to work on /home/airflow/.local/lib/python3.12/site-packages/airflow/example_dags/example_bash_decorator.py
[2024-10-14T02:47:11.376+0000] {processor.py:914} INFO - Processing file /home/airflow/.local/lib/python3.12/site-packages/airflow/example_dags/example_bash_decorator.py for tasks to queue
[2024-10-14T02:47:11.380+0000] {logging_mixin.py:190} INFO - [2024-10-14T02:47:11.380+0000] {dagbag.py:588} INFO - Filling up the DagBag from /home/airflow/.local/lib/python3.12/site-packages/airflow/example_dags/example_bash_decorator.py
[2024-10-14T02:47:11.397+0000] {processor.py:925} INFO - DAG(s) 'example_bash_decorator' retrieved from /home/airflow/.local/lib/python3.12/site-packages/airflow/example_dags/example_bash_decorator.py
[2024-10-14T02:47:11.419+0000] {logging_mixin.py:190} INFO - [2024-10-14T02:47:11.419+0000] {dag.py:3239} INFO - Sync 1 DAGs
[2024-10-14T02:47:11.433+0000] {logging_mixin.py:190} INFO - [2024-10-14T02:47:11.433+0000] {dag.py:4180} INFO - Setting next_dagrun for example_bash_decorator to None, run_after=None
[2024-10-14T02:47:11.454+0000] {processor.py:208} INFO - Processing /home/airflow/.local/lib/python3.12/site-packages/airflow/example_dags/example_bash_decorator.py took 0.086 seconds
[2024-10-14T02:47:43.734+0000] {processor.py:186} INFO - Started process (PID=1239) to work on /home/airflow/.local/lib/python3.12/site-packages/airflow/example_dags/example_bash_decorator.py
[2024-10-14T02:47:43.735+0000] {processor.py:914} INFO - Processing file /home/airflow/.local/lib/python3.12/site-packages/airflow/example_dags/example_bash_decorator.py for tasks to queue
[2024-10-14T02:47:43.737+0000] {logging_mixin.py:190} INFO - [2024-10-14T02:47:43.737+0000] {dagbag.py:588} INFO - Filling up the DagBag from /home/airflow/.local/lib/python3.12/site-packages/airflow/example_dags/example_bash_decorator.py
[2024-10-14T02:47:43.750+0000] {processor.py:925} INFO - DAG(s) 'example_bash_decorator' retrieved from /home/airflow/.local/lib/python3.12/site-packages/airflow/example_dags/example_bash_decorator.py
[2024-10-14T02:47:43.770+0000] {logging_mixin.py:190} INFO - [2024-10-14T02:47:43.769+0000] {dag.py:3239} INFO - Sync 1 DAGs
[2024-10-14T02:47:43.782+0000] {logging_mixin.py:190} INFO - [2024-10-14T02:47:43.782+0000] {dag.py:4180} INFO - Setting next_dagrun for example_bash_decorator to None, run_after=None
[2024-10-14T02:47:43.802+0000] {processor.py:208} INFO - Processing /home/airflow/.local/lib/python3.12/site-packages/airflow/example_dags/example_bash_decorator.py took 0.075 seconds
