[2024-10-14T02:26:54.056+0000] {processor.py:186} INFO - Started process (PID=104) to work on /home/airflow/.local/lib/python3.12/site-packages/airflow/example_dags/example_python_decorator.py
[2024-10-14T02:26:54.057+0000] {processor.py:914} INFO - Processing file /home/airflow/.local/lib/python3.12/site-packages/airflow/example_dags/example_python_decorator.py for tasks to queue
[2024-10-14T02:26:54.060+0000] {logging_mixin.py:190} INFO - [2024-10-14T02:26:54.060+0000] {dagbag.py:588} INFO - Filling up the DagBag from /home/airflow/.local/lib/python3.12/site-packages/airflow/example_dags/example_python_decorator.py
[2024-10-14T02:26:54.078+0000] {processor.py:925} INFO - DAG(s) 'example_python_decorator' retrieved from /home/airflow/.local/lib/python3.12/site-packages/airflow/example_dags/example_python_decorator.py
[2024-10-14T02:26:54.174+0000] {logging_mixin.py:190} INFO - [2024-10-14T02:26:54.173+0000] {override.py:1900} INFO - Created Permission View: can delete on DAG:example_python_decorator
[2024-10-14T02:26:54.185+0000] {logging_mixin.py:190} INFO - [2024-10-14T02:26:54.184+0000] {override.py:1900} INFO - Created Permission View: can edit on DAG:example_python_decorator
[2024-10-14T02:26:54.191+0000] {logging_mixin.py:190} INFO - [2024-10-14T02:26:54.191+0000] {override.py:1900} INFO - Created Permission View: can read on DAG:example_python_decorator
[2024-10-14T02:26:54.199+0000] {logging_mixin.py:190} INFO - [2024-10-14T02:26:54.199+0000] {override.py:1900} INFO - Created Permission View: can delete on DAG Run:example_python_decorator
[2024-10-14T02:26:54.206+0000] {logging_mixin.py:190} INFO - [2024-10-14T02:26:54.205+0000] {override.py:1900} INFO - Created Permission View: can create on DAG Run:example_python_decorator
[2024-10-14T02:26:54.212+0000] {logging_mixin.py:190} INFO - [2024-10-14T02:26:54.212+0000] {override.py:1900} INFO - Created Permission View: menu access on DAG Run:example_python_decorator
[2024-10-14T02:26:54.218+0000] {logging_mixin.py:190} INFO - [2024-10-14T02:26:54.218+0000] {override.py:1900} INFO - Created Permission View: can read on DAG Run:example_python_decorator
[2024-10-14T02:26:54.219+0000] {logging_mixin.py:190} INFO - [2024-10-14T02:26:54.219+0000] {dag.py:3239} INFO - Sync 1 DAGs
[2024-10-14T02:26:54.232+0000] {logging_mixin.py:190} INFO - [2024-10-14T02:26:54.232+0000] {dag.py:3262} INFO - Creating ORM DAG for example_python_decorator
[2024-10-14T02:26:54.233+0000] {logging_mixin.py:190} INFO - [2024-10-14T02:26:54.233+0000] {dag.py:4180} INFO - Setting next_dagrun for example_python_decorator to None, run_after=None
[2024-10-14T02:26:54.249+0000] {processor.py:208} INFO - Processing /home/airflow/.local/lib/python3.12/site-packages/airflow/example_dags/example_python_decorator.py took 0.199 seconds
[2024-10-14T02:27:24.606+0000] {processor.py:186} INFO - Started process (PID=166) to work on /home/airflow/.local/lib/python3.12/site-packages/airflow/example_dags/example_python_decorator.py
[2024-10-14T02:27:24.607+0000] {processor.py:914} INFO - Processing file /home/airflow/.local/lib/python3.12/site-packages/airflow/example_dags/example_python_decorator.py for tasks to queue
[2024-10-14T02:27:24.610+0000] {logging_mixin.py:190} INFO - [2024-10-14T02:27:24.609+0000] {dagbag.py:588} INFO - Filling up the DagBag from /home/airflow/.local/lib/python3.12/site-packages/airflow/example_dags/example_python_decorator.py
[2024-10-14T02:27:24.622+0000] {processor.py:925} INFO - DAG(s) 'example_python_decorator' retrieved from /home/airflow/.local/lib/python3.12/site-packages/airflow/example_dags/example_python_decorator.py
[2024-10-14T02:27:24.643+0000] {logging_mixin.py:190} INFO - [2024-10-14T02:27:24.642+0000] {dag.py:3239} INFO - Sync 1 DAGs
[2024-10-14T02:27:24.657+0000] {logging_mixin.py:190} INFO - [2024-10-14T02:27:24.657+0000] {dag.py:4180} INFO - Setting next_dagrun for example_python_decorator to None, run_after=None
[2024-10-14T02:27:24.675+0000] {processor.py:208} INFO - Processing /home/airflow/.local/lib/python3.12/site-packages/airflow/example_dags/example_python_decorator.py took 0.074 seconds
[2024-10-14T02:27:56.121+0000] {processor.py:186} INFO - Started process (PID=229) to work on /home/airflow/.local/lib/python3.12/site-packages/airflow/example_dags/example_python_decorator.py
[2024-10-14T02:27:56.122+0000] {processor.py:914} INFO - Processing file /home/airflow/.local/lib/python3.12/site-packages/airflow/example_dags/example_python_decorator.py for tasks to queue
[2024-10-14T02:27:56.124+0000] {logging_mixin.py:190} INFO - [2024-10-14T02:27:56.124+0000] {dagbag.py:588} INFO - Filling up the DagBag from /home/airflow/.local/lib/python3.12/site-packages/airflow/example_dags/example_python_decorator.py
[2024-10-14T02:27:56.140+0000] {processor.py:925} INFO - DAG(s) 'example_python_decorator' retrieved from /home/airflow/.local/lib/python3.12/site-packages/airflow/example_dags/example_python_decorator.py
[2024-10-14T02:27:56.164+0000] {logging_mixin.py:190} INFO - [2024-10-14T02:27:56.164+0000] {dag.py:3239} INFO - Sync 1 DAGs
[2024-10-14T02:27:56.178+0000] {logging_mixin.py:190} INFO - [2024-10-14T02:27:56.178+0000] {dag.py:4180} INFO - Setting next_dagrun for example_python_decorator to None, run_after=None
[2024-10-14T02:27:56.197+0000] {processor.py:208} INFO - Processing /home/airflow/.local/lib/python3.12/site-packages/airflow/example_dags/example_python_decorator.py took 0.087 seconds
[2024-10-14T02:28:28.529+0000] {processor.py:186} INFO - Started process (PID=292) to work on /home/airflow/.local/lib/python3.12/site-packages/airflow/example_dags/example_python_decorator.py
[2024-10-14T02:28:28.531+0000] {processor.py:914} INFO - Processing file /home/airflow/.local/lib/python3.12/site-packages/airflow/example_dags/example_python_decorator.py for tasks to queue
[2024-10-14T02:28:28.536+0000] {logging_mixin.py:190} INFO - [2024-10-14T02:28:28.535+0000] {dagbag.py:588} INFO - Filling up the DagBag from /home/airflow/.local/lib/python3.12/site-packages/airflow/example_dags/example_python_decorator.py
[2024-10-14T02:28:28.559+0000] {processor.py:925} INFO - DAG(s) 'example_python_decorator' retrieved from /home/airflow/.local/lib/python3.12/site-packages/airflow/example_dags/example_python_decorator.py
[2024-10-14T02:28:28.594+0000] {logging_mixin.py:190} INFO - [2024-10-14T02:28:28.593+0000] {dag.py:3239} INFO - Sync 1 DAGs
[2024-10-14T02:28:28.616+0000] {logging_mixin.py:190} INFO - [2024-10-14T02:28:28.616+0000] {dag.py:4180} INFO - Setting next_dagrun for example_python_decorator to None, run_after=None
[2024-10-14T02:28:28.662+0000] {processor.py:208} INFO - Processing /home/airflow/.local/lib/python3.12/site-packages/airflow/example_dags/example_python_decorator.py took 0.141 seconds
[2024-10-14T02:29:02.302+0000] {processor.py:186} INFO - Started process (PID=355) to work on /home/airflow/.local/lib/python3.12/site-packages/airflow/example_dags/example_python_decorator.py
[2024-10-14T02:29:02.303+0000] {processor.py:914} INFO - Processing file /home/airflow/.local/lib/python3.12/site-packages/airflow/example_dags/example_python_decorator.py for tasks to queue
[2024-10-14T02:29:02.306+0000] {logging_mixin.py:190} INFO - [2024-10-14T02:29:02.305+0000] {dagbag.py:588} INFO - Filling up the DagBag from /home/airflow/.local/lib/python3.12/site-packages/airflow/example_dags/example_python_decorator.py
[2024-10-14T02:29:02.323+0000] {processor.py:925} INFO - DAG(s) 'example_python_decorator' retrieved from /home/airflow/.local/lib/python3.12/site-packages/airflow/example_dags/example_python_decorator.py
[2024-10-14T02:29:02.349+0000] {logging_mixin.py:190} INFO - [2024-10-14T02:29:02.349+0000] {dag.py:3239} INFO - Sync 1 DAGs
[2024-10-14T02:29:02.365+0000] {logging_mixin.py:190} INFO - [2024-10-14T02:29:02.365+0000] {dag.py:4180} INFO - Setting next_dagrun for example_python_decorator to None, run_after=None
[2024-10-14T02:29:02.387+0000] {processor.py:208} INFO - Processing /home/airflow/.local/lib/python3.12/site-packages/airflow/example_dags/example_python_decorator.py took 0.090 seconds
[2024-10-14T02:29:34.787+0000] {processor.py:186} INFO - Started process (PID=418) to work on /home/airflow/.local/lib/python3.12/site-packages/airflow/example_dags/example_python_decorator.py
[2024-10-14T02:29:34.788+0000] {processor.py:914} INFO - Processing file /home/airflow/.local/lib/python3.12/site-packages/airflow/example_dags/example_python_decorator.py for tasks to queue
[2024-10-14T02:29:34.790+0000] {logging_mixin.py:190} INFO - [2024-10-14T02:29:34.790+0000] {dagbag.py:588} INFO - Filling up the DagBag from /home/airflow/.local/lib/python3.12/site-packages/airflow/example_dags/example_python_decorator.py
[2024-10-14T02:29:34.804+0000] {processor.py:925} INFO - DAG(s) 'example_python_decorator' retrieved from /home/airflow/.local/lib/python3.12/site-packages/airflow/example_dags/example_python_decorator.py
[2024-10-14T02:29:34.829+0000] {logging_mixin.py:190} INFO - [2024-10-14T02:29:34.828+0000] {dag.py:3239} INFO - Sync 1 DAGs
[2024-10-14T02:29:34.843+0000] {logging_mixin.py:190} INFO - [2024-10-14T02:29:34.843+0000] {dag.py:4180} INFO - Setting next_dagrun for example_python_decorator to None, run_after=None
[2024-10-14T02:29:34.866+0000] {processor.py:208} INFO - Processing /home/airflow/.local/lib/python3.12/site-packages/airflow/example_dags/example_python_decorator.py took 0.084 seconds
[2024-10-14T02:30:07.494+0000] {processor.py:186} INFO - Started process (PID=481) to work on /home/airflow/.local/lib/python3.12/site-packages/airflow/example_dags/example_python_decorator.py
[2024-10-14T02:30:07.496+0000] {processor.py:914} INFO - Processing file /home/airflow/.local/lib/python3.12/site-packages/airflow/example_dags/example_python_decorator.py for tasks to queue
[2024-10-14T02:30:07.502+0000] {logging_mixin.py:190} INFO - [2024-10-14T02:30:07.501+0000] {dagbag.py:588} INFO - Filling up the DagBag from /home/airflow/.local/lib/python3.12/site-packages/airflow/example_dags/example_python_decorator.py
[2024-10-14T02:30:07.527+0000] {processor.py:925} INFO - DAG(s) 'example_python_decorator' retrieved from /home/airflow/.local/lib/python3.12/site-packages/airflow/example_dags/example_python_decorator.py
[2024-10-14T02:30:07.561+0000] {logging_mixin.py:190} INFO - [2024-10-14T02:30:07.561+0000] {dag.py:3239} INFO - Sync 1 DAGs
[2024-10-14T02:30:07.583+0000] {logging_mixin.py:190} INFO - [2024-10-14T02:30:07.583+0000] {dag.py:4180} INFO - Setting next_dagrun for example_python_decorator to None, run_after=None
[2024-10-14T02:30:07.606+0000] {processor.py:208} INFO - Processing /home/airflow/.local/lib/python3.12/site-packages/airflow/example_dags/example_python_decorator.py took 0.117 seconds
[2024-10-14T02:30:40.383+0000] {processor.py:186} INFO - Started process (PID=545) to work on /home/airflow/.local/lib/python3.12/site-packages/airflow/example_dags/example_python_decorator.py
[2024-10-14T02:30:40.384+0000] {processor.py:914} INFO - Processing file /home/airflow/.local/lib/python3.12/site-packages/airflow/example_dags/example_python_decorator.py for tasks to queue
[2024-10-14T02:30:40.387+0000] {logging_mixin.py:190} INFO - [2024-10-14T02:30:40.387+0000] {dagbag.py:588} INFO - Filling up the DagBag from /home/airflow/.local/lib/python3.12/site-packages/airflow/example_dags/example_python_decorator.py
[2024-10-14T02:30:40.406+0000] {processor.py:925} INFO - DAG(s) 'example_python_decorator' retrieved from /home/airflow/.local/lib/python3.12/site-packages/airflow/example_dags/example_python_decorator.py
[2024-10-14T02:30:40.434+0000] {logging_mixin.py:190} INFO - [2024-10-14T02:30:40.434+0000] {dag.py:3239} INFO - Sync 1 DAGs
[2024-10-14T02:30:40.449+0000] {logging_mixin.py:190} INFO - [2024-10-14T02:30:40.448+0000] {dag.py:4180} INFO - Setting next_dagrun for example_python_decorator to None, run_after=None
[2024-10-14T02:30:40.468+0000] {processor.py:208} INFO - Processing /home/airflow/.local/lib/python3.12/site-packages/airflow/example_dags/example_python_decorator.py took 0.094 seconds
[2024-10-14T02:31:13.569+0000] {processor.py:186} INFO - Started process (PID=608) to work on /home/airflow/.local/lib/python3.12/site-packages/airflow/example_dags/example_python_decorator.py
[2024-10-14T02:31:13.570+0000] {processor.py:914} INFO - Processing file /home/airflow/.local/lib/python3.12/site-packages/airflow/example_dags/example_python_decorator.py for tasks to queue
[2024-10-14T02:31:13.572+0000] {logging_mixin.py:190} INFO - [2024-10-14T02:31:13.572+0000] {dagbag.py:588} INFO - Filling up the DagBag from /home/airflow/.local/lib/python3.12/site-packages/airflow/example_dags/example_python_decorator.py
[2024-10-14T02:31:13.585+0000] {processor.py:925} INFO - DAG(s) 'example_python_decorator' retrieved from /home/airflow/.local/lib/python3.12/site-packages/airflow/example_dags/example_python_decorator.py
[2024-10-14T02:31:13.607+0000] {logging_mixin.py:190} INFO - [2024-10-14T02:31:13.607+0000] {dag.py:3239} INFO - Sync 1 DAGs
[2024-10-14T02:31:13.620+0000] {logging_mixin.py:190} INFO - [2024-10-14T02:31:13.620+0000] {dag.py:4180} INFO - Setting next_dagrun for example_python_decorator to None, run_after=None
[2024-10-14T02:31:13.642+0000] {processor.py:208} INFO - Processing /home/airflow/.local/lib/python3.12/site-packages/airflow/example_dags/example_python_decorator.py took 0.077 seconds
[2024-10-14T02:31:46.873+0000] {processor.py:186} INFO - Started process (PID=671) to work on /home/airflow/.local/lib/python3.12/site-packages/airflow/example_dags/example_python_decorator.py
[2024-10-14T02:31:46.874+0000] {processor.py:914} INFO - Processing file /home/airflow/.local/lib/python3.12/site-packages/airflow/example_dags/example_python_decorator.py for tasks to queue
[2024-10-14T02:31:46.876+0000] {logging_mixin.py:190} INFO - [2024-10-14T02:31:46.876+0000] {dagbag.py:588} INFO - Filling up the DagBag from /home/airflow/.local/lib/python3.12/site-packages/airflow/example_dags/example_python_decorator.py
[2024-10-14T02:31:46.890+0000] {processor.py:925} INFO - DAG(s) 'example_python_decorator' retrieved from /home/airflow/.local/lib/python3.12/site-packages/airflow/example_dags/example_python_decorator.py
[2024-10-14T02:31:46.911+0000] {logging_mixin.py:190} INFO - [2024-10-14T02:31:46.911+0000] {dag.py:3239} INFO - Sync 1 DAGs
[2024-10-14T02:31:46.924+0000] {logging_mixin.py:190} INFO - [2024-10-14T02:31:46.924+0000] {dag.py:4180} INFO - Setting next_dagrun for example_python_decorator to None, run_after=None
[2024-10-14T02:31:46.943+0000] {processor.py:208} INFO - Processing /home/airflow/.local/lib/python3.12/site-packages/airflow/example_dags/example_python_decorator.py took 0.077 seconds
[2024-10-14T02:32:19.038+0000] {processor.py:186} INFO - Started process (PID=728) to work on /home/airflow/.local/lib/python3.12/site-packages/airflow/example_dags/example_python_decorator.py
[2024-10-14T02:32:19.039+0000] {processor.py:914} INFO - Processing file /home/airflow/.local/lib/python3.12/site-packages/airflow/example_dags/example_python_decorator.py for tasks to queue
[2024-10-14T02:32:19.041+0000] {logging_mixin.py:190} INFO - [2024-10-14T02:32:19.041+0000] {dagbag.py:588} INFO - Filling up the DagBag from /home/airflow/.local/lib/python3.12/site-packages/airflow/example_dags/example_python_decorator.py
[2024-10-14T02:32:19.056+0000] {processor.py:925} INFO - DAG(s) 'example_python_decorator' retrieved from /home/airflow/.local/lib/python3.12/site-packages/airflow/example_dags/example_python_decorator.py
[2024-10-14T02:32:19.090+0000] {logging_mixin.py:190} INFO - [2024-10-14T02:32:19.089+0000] {dag.py:3239} INFO - Sync 1 DAGs
[2024-10-14T02:32:19.115+0000] {logging_mixin.py:190} INFO - [2024-10-14T02:32:19.114+0000] {dag.py:4180} INFO - Setting next_dagrun for example_python_decorator to None, run_after=None
[2024-10-14T02:32:19.152+0000] {processor.py:208} INFO - Processing /home/airflow/.local/lib/python3.12/site-packages/airflow/example_dags/example_python_decorator.py took 0.119 seconds
[2024-10-14T02:32:52.645+0000] {processor.py:186} INFO - Started process (PID=797) to work on /home/airflow/.local/lib/python3.12/site-packages/airflow/example_dags/example_python_decorator.py
[2024-10-14T02:32:52.649+0000] {processor.py:914} INFO - Processing file /home/airflow/.local/lib/python3.12/site-packages/airflow/example_dags/example_python_decorator.py for tasks to queue
[2024-10-14T02:32:52.653+0000] {logging_mixin.py:190} INFO - [2024-10-14T02:32:52.653+0000] {dagbag.py:588} INFO - Filling up the DagBag from /home/airflow/.local/lib/python3.12/site-packages/airflow/example_dags/example_python_decorator.py
[2024-10-14T02:32:52.673+0000] {processor.py:925} INFO - DAG(s) 'example_python_decorator' retrieved from /home/airflow/.local/lib/python3.12/site-packages/airflow/example_dags/example_python_decorator.py
[2024-10-14T02:32:52.700+0000] {logging_mixin.py:190} INFO - [2024-10-14T02:32:52.699+0000] {dag.py:3239} INFO - Sync 1 DAGs
[2024-10-14T02:32:52.715+0000] {logging_mixin.py:190} INFO - [2024-10-14T02:32:52.714+0000] {dag.py:4180} INFO - Setting next_dagrun for example_python_decorator to None, run_after=None
[2024-10-14T02:32:52.736+0000] {processor.py:208} INFO - Processing /home/airflow/.local/lib/python3.12/site-packages/airflow/example_dags/example_python_decorator.py took 0.101 seconds
[2024-10-14T02:33:25.065+0000] {processor.py:186} INFO - Started process (PID=854) to work on /home/airflow/.local/lib/python3.12/site-packages/airflow/example_dags/example_python_decorator.py
[2024-10-14T02:33:25.066+0000] {processor.py:914} INFO - Processing file /home/airflow/.local/lib/python3.12/site-packages/airflow/example_dags/example_python_decorator.py for tasks to queue
[2024-10-14T02:33:25.068+0000] {logging_mixin.py:190} INFO - [2024-10-14T02:33:25.068+0000] {dagbag.py:588} INFO - Filling up the DagBag from /home/airflow/.local/lib/python3.12/site-packages/airflow/example_dags/example_python_decorator.py
[2024-10-14T02:33:25.082+0000] {processor.py:925} INFO - DAG(s) 'example_python_decorator' retrieved from /home/airflow/.local/lib/python3.12/site-packages/airflow/example_dags/example_python_decorator.py
[2024-10-14T02:33:25.105+0000] {logging_mixin.py:190} INFO - [2024-10-14T02:33:25.105+0000] {dag.py:3239} INFO - Sync 1 DAGs
[2024-10-14T02:33:25.118+0000] {logging_mixin.py:190} INFO - [2024-10-14T02:33:25.118+0000] {dag.py:4180} INFO - Setting next_dagrun for example_python_decorator to None, run_after=None
[2024-10-14T02:33:25.140+0000] {processor.py:208} INFO - Processing /home/airflow/.local/lib/python3.12/site-packages/airflow/example_dags/example_python_decorator.py took 0.082 seconds
[2024-10-14T02:33:58.959+0000] {processor.py:186} INFO - Started process (PID=925) to work on /home/airflow/.local/lib/python3.12/site-packages/airflow/example_dags/example_python_decorator.py
[2024-10-14T02:33:58.961+0000] {processor.py:914} INFO - Processing file /home/airflow/.local/lib/python3.12/site-packages/airflow/example_dags/example_python_decorator.py for tasks to queue
[2024-10-14T02:33:58.964+0000] {logging_mixin.py:190} INFO - [2024-10-14T02:33:58.964+0000] {dagbag.py:588} INFO - Filling up the DagBag from /home/airflow/.local/lib/python3.12/site-packages/airflow/example_dags/example_python_decorator.py
[2024-10-14T02:33:58.983+0000] {processor.py:925} INFO - DAG(s) 'example_python_decorator' retrieved from /home/airflow/.local/lib/python3.12/site-packages/airflow/example_dags/example_python_decorator.py
[2024-10-14T02:33:59.013+0000] {logging_mixin.py:190} INFO - [2024-10-14T02:33:59.013+0000] {dag.py:3239} INFO - Sync 1 DAGs
[2024-10-14T02:33:59.033+0000] {logging_mixin.py:190} INFO - [2024-10-14T02:33:59.033+0000] {dag.py:4180} INFO - Setting next_dagrun for example_python_decorator to None, run_after=None
[2024-10-14T02:33:59.061+0000] {processor.py:208} INFO - Processing /home/airflow/.local/lib/python3.12/site-packages/airflow/example_dags/example_python_decorator.py took 0.111 seconds
[2024-10-14T02:34:31.934+0000] {processor.py:186} INFO - Started process (PID=988) to work on /home/airflow/.local/lib/python3.12/site-packages/airflow/example_dags/example_python_decorator.py
[2024-10-14T02:34:31.935+0000] {processor.py:914} INFO - Processing file /home/airflow/.local/lib/python3.12/site-packages/airflow/example_dags/example_python_decorator.py for tasks to queue
[2024-10-14T02:34:31.938+0000] {logging_mixin.py:190} INFO - [2024-10-14T02:34:31.938+0000] {dagbag.py:588} INFO - Filling up the DagBag from /home/airflow/.local/lib/python3.12/site-packages/airflow/example_dags/example_python_decorator.py
[2024-10-14T02:34:31.962+0000] {processor.py:925} INFO - DAG(s) 'example_python_decorator' retrieved from /home/airflow/.local/lib/python3.12/site-packages/airflow/example_dags/example_python_decorator.py
[2024-10-14T02:34:31.987+0000] {logging_mixin.py:190} INFO - [2024-10-14T02:34:31.987+0000] {dag.py:3239} INFO - Sync 1 DAGs
[2024-10-14T02:34:32.004+0000] {logging_mixin.py:190} INFO - [2024-10-14T02:34:32.003+0000] {dag.py:4180} INFO - Setting next_dagrun for example_python_decorator to None, run_after=None
[2024-10-14T02:34:32.033+0000] {processor.py:208} INFO - Processing /home/airflow/.local/lib/python3.12/site-packages/airflow/example_dags/example_python_decorator.py took 0.107 seconds
[2024-10-14T02:35:05.197+0000] {processor.py:186} INFO - Started process (PID=1051) to work on /home/airflow/.local/lib/python3.12/site-packages/airflow/example_dags/example_python_decorator.py
[2024-10-14T02:35:05.198+0000] {processor.py:914} INFO - Processing file /home/airflow/.local/lib/python3.12/site-packages/airflow/example_dags/example_python_decorator.py for tasks to queue
[2024-10-14T02:35:05.202+0000] {logging_mixin.py:190} INFO - [2024-10-14T02:35:05.201+0000] {dagbag.py:588} INFO - Filling up the DagBag from /home/airflow/.local/lib/python3.12/site-packages/airflow/example_dags/example_python_decorator.py
[2024-10-14T02:35:05.219+0000] {processor.py:925} INFO - DAG(s) 'example_python_decorator' retrieved from /home/airflow/.local/lib/python3.12/site-packages/airflow/example_dags/example_python_decorator.py
[2024-10-14T02:35:05.249+0000] {logging_mixin.py:190} INFO - [2024-10-14T02:35:05.249+0000] {dag.py:3239} INFO - Sync 1 DAGs
[2024-10-14T02:35:05.267+0000] {logging_mixin.py:190} INFO - [2024-10-14T02:35:05.267+0000] {dag.py:4180} INFO - Setting next_dagrun for example_python_decorator to None, run_after=None
[2024-10-14T02:35:05.296+0000] {processor.py:208} INFO - Processing /home/airflow/.local/lib/python3.12/site-packages/airflow/example_dags/example_python_decorator.py took 0.107 seconds
[2024-10-14T02:35:38.117+0000] {processor.py:186} INFO - Started process (PID=1113) to work on /home/airflow/.local/lib/python3.12/site-packages/airflow/example_dags/example_python_decorator.py
[2024-10-14T02:35:38.119+0000] {processor.py:914} INFO - Processing file /home/airflow/.local/lib/python3.12/site-packages/airflow/example_dags/example_python_decorator.py for tasks to queue
[2024-10-14T02:35:38.123+0000] {logging_mixin.py:190} INFO - [2024-10-14T02:35:38.122+0000] {dagbag.py:588} INFO - Filling up the DagBag from /home/airflow/.local/lib/python3.12/site-packages/airflow/example_dags/example_python_decorator.py
[2024-10-14T02:35:38.153+0000] {processor.py:925} INFO - DAG(s) 'example_python_decorator' retrieved from /home/airflow/.local/lib/python3.12/site-packages/airflow/example_dags/example_python_decorator.py
[2024-10-14T02:35:38.193+0000] {logging_mixin.py:190} INFO - [2024-10-14T02:35:38.192+0000] {dag.py:3239} INFO - Sync 1 DAGs
[2024-10-14T02:35:38.219+0000] {logging_mixin.py:190} INFO - [2024-10-14T02:35:38.218+0000] {dag.py:4180} INFO - Setting next_dagrun for example_python_decorator to None, run_after=None
[2024-10-14T02:35:38.257+0000] {processor.py:208} INFO - Processing /home/airflow/.local/lib/python3.12/site-packages/airflow/example_dags/example_python_decorator.py took 0.147 seconds
[2024-10-14T02:36:11.971+0000] {processor.py:186} INFO - Started process (PID=1177) to work on /home/airflow/.local/lib/python3.12/site-packages/airflow/example_dags/example_python_decorator.py
[2024-10-14T02:36:11.973+0000] {processor.py:914} INFO - Processing file /home/airflow/.local/lib/python3.12/site-packages/airflow/example_dags/example_python_decorator.py for tasks to queue
[2024-10-14T02:36:11.976+0000] {logging_mixin.py:190} INFO - [2024-10-14T02:36:11.975+0000] {dagbag.py:588} INFO - Filling up the DagBag from /home/airflow/.local/lib/python3.12/site-packages/airflow/example_dags/example_python_decorator.py
[2024-10-14T02:36:12.014+0000] {processor.py:925} INFO - DAG(s) 'example_python_decorator' retrieved from /home/airflow/.local/lib/python3.12/site-packages/airflow/example_dags/example_python_decorator.py
[2024-10-14T02:36:12.052+0000] {logging_mixin.py:190} INFO - [2024-10-14T02:36:12.052+0000] {dag.py:3239} INFO - Sync 1 DAGs
[2024-10-14T02:36:12.088+0000] {logging_mixin.py:190} INFO - [2024-10-14T02:36:12.088+0000] {dag.py:4180} INFO - Setting next_dagrun for example_python_decorator to None, run_after=None
[2024-10-14T02:36:12.132+0000] {processor.py:208} INFO - Processing /home/airflow/.local/lib/python3.12/site-packages/airflow/example_dags/example_python_decorator.py took 0.170 seconds
[2024-10-14T02:37:49.886+0000] {processor.py:186} INFO - Started process (PID=104) to work on /home/airflow/.local/lib/python3.12/site-packages/airflow/example_dags/example_python_decorator.py
[2024-10-14T02:37:49.887+0000] {processor.py:914} INFO - Processing file /home/airflow/.local/lib/python3.12/site-packages/airflow/example_dags/example_python_decorator.py for tasks to queue
[2024-10-14T02:37:49.889+0000] {logging_mixin.py:190} INFO - [2024-10-14T02:37:49.889+0000] {dagbag.py:588} INFO - Filling up the DagBag from /home/airflow/.local/lib/python3.12/site-packages/airflow/example_dags/example_python_decorator.py
[2024-10-14T02:37:49.904+0000] {processor.py:925} INFO - DAG(s) 'example_python_decorator' retrieved from /home/airflow/.local/lib/python3.12/site-packages/airflow/example_dags/example_python_decorator.py
[2024-10-14T02:37:50.037+0000] {logging_mixin.py:190} INFO - [2024-10-14T02:37:50.037+0000] {dag.py:3239} INFO - Sync 1 DAGs
[2024-10-14T02:37:50.049+0000] {logging_mixin.py:190} INFO - [2024-10-14T02:37:50.049+0000] {dag.py:4180} INFO - Setting next_dagrun for example_python_decorator to None, run_after=None
[2024-10-14T02:37:50.072+0000] {processor.py:208} INFO - Processing /home/airflow/.local/lib/python3.12/site-packages/airflow/example_dags/example_python_decorator.py took 0.191 seconds
[2024-10-14T02:38:22.669+0000] {processor.py:186} INFO - Started process (PID=168) to work on /home/airflow/.local/lib/python3.12/site-packages/airflow/example_dags/example_python_decorator.py
[2024-10-14T02:38:22.671+0000] {processor.py:914} INFO - Processing file /home/airflow/.local/lib/python3.12/site-packages/airflow/example_dags/example_python_decorator.py for tasks to queue
[2024-10-14T02:38:22.674+0000] {logging_mixin.py:190} INFO - [2024-10-14T02:38:22.673+0000] {dagbag.py:588} INFO - Filling up the DagBag from /home/airflow/.local/lib/python3.12/site-packages/airflow/example_dags/example_python_decorator.py
[2024-10-14T02:38:22.691+0000] {processor.py:925} INFO - DAG(s) 'example_python_decorator' retrieved from /home/airflow/.local/lib/python3.12/site-packages/airflow/example_dags/example_python_decorator.py
[2024-10-14T02:38:22.712+0000] {logging_mixin.py:190} INFO - [2024-10-14T02:38:22.712+0000] {dag.py:3239} INFO - Sync 1 DAGs
[2024-10-14T02:38:22.725+0000] {logging_mixin.py:190} INFO - [2024-10-14T02:38:22.725+0000] {dag.py:4180} INFO - Setting next_dagrun for example_python_decorator to None, run_after=None
[2024-10-14T02:38:22.747+0000] {processor.py:208} INFO - Processing /home/airflow/.local/lib/python3.12/site-packages/airflow/example_dags/example_python_decorator.py took 0.083 seconds
[2024-10-14T02:38:57.770+0000] {processor.py:186} INFO - Started process (PID=233) to work on /home/airflow/.local/lib/python3.12/site-packages/airflow/example_dags/example_python_decorator.py
[2024-10-14T02:38:57.771+0000] {processor.py:914} INFO - Processing file /home/airflow/.local/lib/python3.12/site-packages/airflow/example_dags/example_python_decorator.py for tasks to queue
[2024-10-14T02:38:57.774+0000] {logging_mixin.py:190} INFO - [2024-10-14T02:38:57.773+0000] {dagbag.py:588} INFO - Filling up the DagBag from /home/airflow/.local/lib/python3.12/site-packages/airflow/example_dags/example_python_decorator.py
[2024-10-14T02:38:57.822+0000] {processor.py:925} INFO - DAG(s) 'example_python_decorator' retrieved from /home/airflow/.local/lib/python3.12/site-packages/airflow/example_dags/example_python_decorator.py
[2024-10-14T02:38:57.878+0000] {logging_mixin.py:190} INFO - [2024-10-14T02:38:57.878+0000] {dag.py:3239} INFO - Sync 1 DAGs
[2024-10-14T02:38:57.908+0000] {logging_mixin.py:190} INFO - [2024-10-14T02:38:57.907+0000] {dag.py:4180} INFO - Setting next_dagrun for example_python_decorator to None, run_after=None
[2024-10-14T02:38:57.939+0000] {processor.py:208} INFO - Processing /home/airflow/.local/lib/python3.12/site-packages/airflow/example_dags/example_python_decorator.py took 0.177 seconds
[2024-10-14T02:39:29.383+0000] {processor.py:186} INFO - Started process (PID=297) to work on /home/airflow/.local/lib/python3.12/site-packages/airflow/example_dags/example_python_decorator.py
[2024-10-14T02:39:29.384+0000] {processor.py:914} INFO - Processing file /home/airflow/.local/lib/python3.12/site-packages/airflow/example_dags/example_python_decorator.py for tasks to queue
[2024-10-14T02:39:29.387+0000] {logging_mixin.py:190} INFO - [2024-10-14T02:39:29.387+0000] {dagbag.py:588} INFO - Filling up the DagBag from /home/airflow/.local/lib/python3.12/site-packages/airflow/example_dags/example_python_decorator.py
[2024-10-14T02:39:29.405+0000] {processor.py:925} INFO - DAG(s) 'example_python_decorator' retrieved from /home/airflow/.local/lib/python3.12/site-packages/airflow/example_dags/example_python_decorator.py
[2024-10-14T02:39:29.459+0000] {logging_mixin.py:190} INFO - [2024-10-14T02:39:29.459+0000] {dag.py:3239} INFO - Sync 1 DAGs
[2024-10-14T02:39:29.478+0000] {logging_mixin.py:190} INFO - [2024-10-14T02:39:29.477+0000] {dag.py:4180} INFO - Setting next_dagrun for example_python_decorator to None, run_after=None
[2024-10-14T02:39:29.508+0000] {processor.py:208} INFO - Processing /home/airflow/.local/lib/python3.12/site-packages/airflow/example_dags/example_python_decorator.py took 0.132 seconds
[2024-10-14T02:40:02.842+0000] {processor.py:186} INFO - Started process (PID=361) to work on /home/airflow/.local/lib/python3.12/site-packages/airflow/example_dags/example_python_decorator.py
[2024-10-14T02:40:02.843+0000] {processor.py:914} INFO - Processing file /home/airflow/.local/lib/python3.12/site-packages/airflow/example_dags/example_python_decorator.py for tasks to queue
[2024-10-14T02:40:02.846+0000] {logging_mixin.py:190} INFO - [2024-10-14T02:40:02.845+0000] {dagbag.py:588} INFO - Filling up the DagBag from /home/airflow/.local/lib/python3.12/site-packages/airflow/example_dags/example_python_decorator.py
[2024-10-14T02:40:02.858+0000] {processor.py:925} INFO - DAG(s) 'example_python_decorator' retrieved from /home/airflow/.local/lib/python3.12/site-packages/airflow/example_dags/example_python_decorator.py
[2024-10-14T02:40:02.880+0000] {logging_mixin.py:190} INFO - [2024-10-14T02:40:02.880+0000] {dag.py:3239} INFO - Sync 1 DAGs
[2024-10-14T02:40:02.892+0000] {logging_mixin.py:190} INFO - [2024-10-14T02:40:02.892+0000] {dag.py:4180} INFO - Setting next_dagrun for example_python_decorator to None, run_after=None
[2024-10-14T02:40:02.909+0000] {processor.py:208} INFO - Processing /home/airflow/.local/lib/python3.12/site-packages/airflow/example_dags/example_python_decorator.py took 0.075 seconds
[2024-10-14T02:40:35.378+0000] {processor.py:186} INFO - Started process (PID=425) to work on /home/airflow/.local/lib/python3.12/site-packages/airflow/example_dags/example_python_decorator.py
[2024-10-14T02:40:35.379+0000] {processor.py:914} INFO - Processing file /home/airflow/.local/lib/python3.12/site-packages/airflow/example_dags/example_python_decorator.py for tasks to queue
[2024-10-14T02:40:35.381+0000] {logging_mixin.py:190} INFO - [2024-10-14T02:40:35.381+0000] {dagbag.py:588} INFO - Filling up the DagBag from /home/airflow/.local/lib/python3.12/site-packages/airflow/example_dags/example_python_decorator.py
[2024-10-14T02:40:35.394+0000] {processor.py:925} INFO - DAG(s) 'example_python_decorator' retrieved from /home/airflow/.local/lib/python3.12/site-packages/airflow/example_dags/example_python_decorator.py
[2024-10-14T02:40:35.414+0000] {logging_mixin.py:190} INFO - [2024-10-14T02:40:35.414+0000] {dag.py:3239} INFO - Sync 1 DAGs
[2024-10-14T02:40:35.427+0000] {logging_mixin.py:190} INFO - [2024-10-14T02:40:35.427+0000] {dag.py:4180} INFO - Setting next_dagrun for example_python_decorator to None, run_after=None
[2024-10-14T02:40:35.447+0000] {processor.py:208} INFO - Processing /home/airflow/.local/lib/python3.12/site-packages/airflow/example_dags/example_python_decorator.py took 0.074 seconds
[2024-10-14T02:41:07.562+0000] {processor.py:186} INFO - Started process (PID=489) to work on /home/airflow/.local/lib/python3.12/site-packages/airflow/example_dags/example_python_decorator.py
[2024-10-14T02:41:07.564+0000] {processor.py:914} INFO - Processing file /home/airflow/.local/lib/python3.12/site-packages/airflow/example_dags/example_python_decorator.py for tasks to queue
[2024-10-14T02:41:07.567+0000] {logging_mixin.py:190} INFO - [2024-10-14T02:41:07.566+0000] {dagbag.py:588} INFO - Filling up the DagBag from /home/airflow/.local/lib/python3.12/site-packages/airflow/example_dags/example_python_decorator.py
[2024-10-14T02:41:07.582+0000] {processor.py:925} INFO - DAG(s) 'example_python_decorator' retrieved from /home/airflow/.local/lib/python3.12/site-packages/airflow/example_dags/example_python_decorator.py
[2024-10-14T02:41:07.603+0000] {logging_mixin.py:190} INFO - [2024-10-14T02:41:07.603+0000] {dag.py:3239} INFO - Sync 1 DAGs
[2024-10-14T02:41:07.622+0000] {logging_mixin.py:190} INFO - [2024-10-14T02:41:07.622+0000] {dag.py:4180} INFO - Setting next_dagrun for example_python_decorator to None, run_after=None
[2024-10-14T02:41:07.645+0000] {processor.py:208} INFO - Processing /home/airflow/.local/lib/python3.12/site-packages/airflow/example_dags/example_python_decorator.py took 0.089 seconds
[2024-10-14T02:41:40.719+0000] {processor.py:186} INFO - Started process (PID=553) to work on /home/airflow/.local/lib/python3.12/site-packages/airflow/example_dags/example_python_decorator.py
[2024-10-14T02:41:40.723+0000] {processor.py:914} INFO - Processing file /home/airflow/.local/lib/python3.12/site-packages/airflow/example_dags/example_python_decorator.py for tasks to queue
[2024-10-14T02:41:40.726+0000] {logging_mixin.py:190} INFO - [2024-10-14T02:41:40.726+0000] {dagbag.py:588} INFO - Filling up the DagBag from /home/airflow/.local/lib/python3.12/site-packages/airflow/example_dags/example_python_decorator.py
[2024-10-14T02:41:40.746+0000] {processor.py:925} INFO - DAG(s) 'example_python_decorator' retrieved from /home/airflow/.local/lib/python3.12/site-packages/airflow/example_dags/example_python_decorator.py
[2024-10-14T02:41:40.776+0000] {logging_mixin.py:190} INFO - [2024-10-14T02:41:40.776+0000] {dag.py:3239} INFO - Sync 1 DAGs
[2024-10-14T02:41:40.796+0000] {logging_mixin.py:190} INFO - [2024-10-14T02:41:40.796+0000] {dag.py:4180} INFO - Setting next_dagrun for example_python_decorator to None, run_after=None
[2024-10-14T02:41:40.818+0000] {processor.py:208} INFO - Processing /home/airflow/.local/lib/python3.12/site-packages/airflow/example_dags/example_python_decorator.py took 0.112 seconds
[2024-10-14T02:42:14.191+0000] {processor.py:186} INFO - Started process (PID=617) to work on /home/airflow/.local/lib/python3.12/site-packages/airflow/example_dags/example_python_decorator.py
[2024-10-14T02:42:14.192+0000] {processor.py:914} INFO - Processing file /home/airflow/.local/lib/python3.12/site-packages/airflow/example_dags/example_python_decorator.py for tasks to queue
[2024-10-14T02:42:14.194+0000] {logging_mixin.py:190} INFO - [2024-10-14T02:42:14.194+0000] {dagbag.py:588} INFO - Filling up the DagBag from /home/airflow/.local/lib/python3.12/site-packages/airflow/example_dags/example_python_decorator.py
[2024-10-14T02:42:14.209+0000] {processor.py:925} INFO - DAG(s) 'example_python_decorator' retrieved from /home/airflow/.local/lib/python3.12/site-packages/airflow/example_dags/example_python_decorator.py
[2024-10-14T02:42:14.237+0000] {logging_mixin.py:190} INFO - [2024-10-14T02:42:14.236+0000] {dag.py:3239} INFO - Sync 1 DAGs
[2024-10-14T02:42:14.252+0000] {logging_mixin.py:190} INFO - [2024-10-14T02:42:14.252+0000] {dag.py:4180} INFO - Setting next_dagrun for example_python_decorator to None, run_after=None
[2024-10-14T02:42:14.272+0000] {processor.py:208} INFO - Processing /home/airflow/.local/lib/python3.12/site-packages/airflow/example_dags/example_python_decorator.py took 0.088 seconds
[2024-10-14T02:42:47.333+0000] {processor.py:186} INFO - Started process (PID=681) to work on /home/airflow/.local/lib/python3.12/site-packages/airflow/example_dags/example_python_decorator.py
[2024-10-14T02:42:47.335+0000] {processor.py:914} INFO - Processing file /home/airflow/.local/lib/python3.12/site-packages/airflow/example_dags/example_python_decorator.py for tasks to queue
[2024-10-14T02:42:47.338+0000] {logging_mixin.py:190} INFO - [2024-10-14T02:42:47.337+0000] {dagbag.py:588} INFO - Filling up the DagBag from /home/airflow/.local/lib/python3.12/site-packages/airflow/example_dags/example_python_decorator.py
[2024-10-14T02:42:47.355+0000] {processor.py:925} INFO - DAG(s) 'example_python_decorator' retrieved from /home/airflow/.local/lib/python3.12/site-packages/airflow/example_dags/example_python_decorator.py
[2024-10-14T02:42:47.376+0000] {logging_mixin.py:190} INFO - [2024-10-14T02:42:47.375+0000] {dag.py:3239} INFO - Sync 1 DAGs
[2024-10-14T02:42:47.390+0000] {logging_mixin.py:190} INFO - [2024-10-14T02:42:47.389+0000] {dag.py:4180} INFO - Setting next_dagrun for example_python_decorator to None, run_after=None
[2024-10-14T02:42:47.411+0000] {processor.py:208} INFO - Processing /home/airflow/.local/lib/python3.12/site-packages/airflow/example_dags/example_python_decorator.py took 0.083 seconds
[2024-10-14T02:43:20.515+0000] {processor.py:186} INFO - Started process (PID=745) to work on /home/airflow/.local/lib/python3.12/site-packages/airflow/example_dags/example_python_decorator.py
[2024-10-14T02:43:20.516+0000] {processor.py:914} INFO - Processing file /home/airflow/.local/lib/python3.12/site-packages/airflow/example_dags/example_python_decorator.py for tasks to queue
[2024-10-14T02:43:20.520+0000] {logging_mixin.py:190} INFO - [2024-10-14T02:43:20.519+0000] {dagbag.py:588} INFO - Filling up the DagBag from /home/airflow/.local/lib/python3.12/site-packages/airflow/example_dags/example_python_decorator.py
[2024-10-14T02:43:20.536+0000] {processor.py:925} INFO - DAG(s) 'example_python_decorator' retrieved from /home/airflow/.local/lib/python3.12/site-packages/airflow/example_dags/example_python_decorator.py
[2024-10-14T02:43:20.566+0000] {logging_mixin.py:190} INFO - [2024-10-14T02:43:20.566+0000] {dag.py:3239} INFO - Sync 1 DAGs
[2024-10-14T02:43:20.584+0000] {logging_mixin.py:190} INFO - [2024-10-14T02:43:20.583+0000] {dag.py:4180} INFO - Setting next_dagrun for example_python_decorator to None, run_after=None
[2024-10-14T02:43:20.602+0000] {processor.py:208} INFO - Processing /home/airflow/.local/lib/python3.12/site-packages/airflow/example_dags/example_python_decorator.py took 0.094 seconds
[2024-10-14T02:43:53.525+0000] {processor.py:186} INFO - Started process (PID=811) to work on /home/airflow/.local/lib/python3.12/site-packages/airflow/example_dags/example_python_decorator.py
[2024-10-14T02:43:53.526+0000] {processor.py:914} INFO - Processing file /home/airflow/.local/lib/python3.12/site-packages/airflow/example_dags/example_python_decorator.py for tasks to queue
[2024-10-14T02:43:53.530+0000] {logging_mixin.py:190} INFO - [2024-10-14T02:43:53.529+0000] {dagbag.py:588} INFO - Filling up the DagBag from /home/airflow/.local/lib/python3.12/site-packages/airflow/example_dags/example_python_decorator.py
[2024-10-14T02:43:53.548+0000] {processor.py:925} INFO - DAG(s) 'example_python_decorator' retrieved from /home/airflow/.local/lib/python3.12/site-packages/airflow/example_dags/example_python_decorator.py
[2024-10-14T02:43:53.568+0000] {logging_mixin.py:190} INFO - [2024-10-14T02:43:53.567+0000] {dag.py:3239} INFO - Sync 1 DAGs
[2024-10-14T02:43:53.582+0000] {logging_mixin.py:190} INFO - [2024-10-14T02:43:53.581+0000] {dag.py:4180} INFO - Setting next_dagrun for example_python_decorator to None, run_after=None
[2024-10-14T02:43:53.599+0000] {processor.py:208} INFO - Processing /home/airflow/.local/lib/python3.12/site-packages/airflow/example_dags/example_python_decorator.py took 0.081 seconds
[2024-10-14T02:44:28.001+0000] {processor.py:186} INFO - Started process (PID=879) to work on /home/airflow/.local/lib/python3.12/site-packages/airflow/example_dags/example_python_decorator.py
[2024-10-14T02:44:28.003+0000] {processor.py:914} INFO - Processing file /home/airflow/.local/lib/python3.12/site-packages/airflow/example_dags/example_python_decorator.py for tasks to queue
[2024-10-14T02:44:28.008+0000] {logging_mixin.py:190} INFO - [2024-10-14T02:44:28.007+0000] {dagbag.py:588} INFO - Filling up the DagBag from /home/airflow/.local/lib/python3.12/site-packages/airflow/example_dags/example_python_decorator.py
[2024-10-14T02:44:28.027+0000] {processor.py:925} INFO - DAG(s) 'example_python_decorator' retrieved from /home/airflow/.local/lib/python3.12/site-packages/airflow/example_dags/example_python_decorator.py
[2024-10-14T02:44:28.057+0000] {logging_mixin.py:190} INFO - [2024-10-14T02:44:28.057+0000] {dag.py:3239} INFO - Sync 1 DAGs
[2024-10-14T02:44:28.074+0000] {logging_mixin.py:190} INFO - [2024-10-14T02:44:28.074+0000] {dag.py:4180} INFO - Setting next_dagrun for example_python_decorator to None, run_after=None
[2024-10-14T02:44:28.103+0000] {processor.py:208} INFO - Processing /home/airflow/.local/lib/python3.12/site-packages/airflow/example_dags/example_python_decorator.py took 0.109 seconds
[2024-10-14T02:45:00.818+0000] {processor.py:186} INFO - Started process (PID=946) to work on /home/airflow/.local/lib/python3.12/site-packages/airflow/example_dags/example_python_decorator.py
[2024-10-14T02:45:00.819+0000] {processor.py:914} INFO - Processing file /home/airflow/.local/lib/python3.12/site-packages/airflow/example_dags/example_python_decorator.py for tasks to queue
[2024-10-14T02:45:00.821+0000] {logging_mixin.py:190} INFO - [2024-10-14T02:45:00.821+0000] {dagbag.py:588} INFO - Filling up the DagBag from /home/airflow/.local/lib/python3.12/site-packages/airflow/example_dags/example_python_decorator.py
[2024-10-14T02:45:00.835+0000] {processor.py:925} INFO - DAG(s) 'example_python_decorator' retrieved from /home/airflow/.local/lib/python3.12/site-packages/airflow/example_dags/example_python_decorator.py
[2024-10-14T02:45:00.855+0000] {logging_mixin.py:190} INFO - [2024-10-14T02:45:00.854+0000] {dag.py:3239} INFO - Sync 1 DAGs
[2024-10-14T02:45:00.869+0000] {logging_mixin.py:190} INFO - [2024-10-14T02:45:00.869+0000] {dag.py:4180} INFO - Setting next_dagrun for example_python_decorator to None, run_after=None
[2024-10-14T02:45:00.890+0000] {processor.py:208} INFO - Processing /home/airflow/.local/lib/python3.12/site-packages/airflow/example_dags/example_python_decorator.py took 0.077 seconds
[2024-10-14T02:45:33.295+0000] {processor.py:186} INFO - Started process (PID=1010) to work on /home/airflow/.local/lib/python3.12/site-packages/airflow/example_dags/example_python_decorator.py
[2024-10-14T02:45:33.296+0000] {processor.py:914} INFO - Processing file /home/airflow/.local/lib/python3.12/site-packages/airflow/example_dags/example_python_decorator.py for tasks to queue
[2024-10-14T02:45:33.299+0000] {logging_mixin.py:190} INFO - [2024-10-14T02:45:33.299+0000] {dagbag.py:588} INFO - Filling up the DagBag from /home/airflow/.local/lib/python3.12/site-packages/airflow/example_dags/example_python_decorator.py
[2024-10-14T02:45:33.314+0000] {processor.py:925} INFO - DAG(s) 'example_python_decorator' retrieved from /home/airflow/.local/lib/python3.12/site-packages/airflow/example_dags/example_python_decorator.py
[2024-10-14T02:45:33.337+0000] {logging_mixin.py:190} INFO - [2024-10-14T02:45:33.337+0000] {dag.py:3239} INFO - Sync 1 DAGs
[2024-10-14T02:45:33.353+0000] {logging_mixin.py:190} INFO - [2024-10-14T02:45:33.353+0000] {dag.py:4180} INFO - Setting next_dagrun for example_python_decorator to None, run_after=None
[2024-10-14T02:45:33.377+0000] {processor.py:208} INFO - Processing /home/airflow/.local/lib/python3.12/site-packages/airflow/example_dags/example_python_decorator.py took 0.087 seconds
[2024-10-14T02:46:07.010+0000] {processor.py:186} INFO - Started process (PID=1074) to work on /home/airflow/.local/lib/python3.12/site-packages/airflow/example_dags/example_python_decorator.py
[2024-10-14T02:46:07.011+0000] {processor.py:914} INFO - Processing file /home/airflow/.local/lib/python3.12/site-packages/airflow/example_dags/example_python_decorator.py for tasks to queue
[2024-10-14T02:46:07.014+0000] {logging_mixin.py:190} INFO - [2024-10-14T02:46:07.013+0000] {dagbag.py:588} INFO - Filling up the DagBag from /home/airflow/.local/lib/python3.12/site-packages/airflow/example_dags/example_python_decorator.py
[2024-10-14T02:46:07.028+0000] {processor.py:925} INFO - DAG(s) 'example_python_decorator' retrieved from /home/airflow/.local/lib/python3.12/site-packages/airflow/example_dags/example_python_decorator.py
[2024-10-14T02:46:07.053+0000] {logging_mixin.py:190} INFO - [2024-10-14T02:46:07.053+0000] {dag.py:3239} INFO - Sync 1 DAGs
[2024-10-14T02:46:07.068+0000] {logging_mixin.py:190} INFO - [2024-10-14T02:46:07.068+0000] {dag.py:4180} INFO - Setting next_dagrun for example_python_decorator to None, run_after=None
[2024-10-14T02:46:07.096+0000] {processor.py:208} INFO - Processing /home/airflow/.local/lib/python3.12/site-packages/airflow/example_dags/example_python_decorator.py took 0.091 seconds
[2024-10-14T02:46:39.435+0000] {processor.py:186} INFO - Started process (PID=1138) to work on /home/airflow/.local/lib/python3.12/site-packages/airflow/example_dags/example_python_decorator.py
[2024-10-14T02:46:39.436+0000] {processor.py:914} INFO - Processing file /home/airflow/.local/lib/python3.12/site-packages/airflow/example_dags/example_python_decorator.py for tasks to queue
[2024-10-14T02:46:39.438+0000] {logging_mixin.py:190} INFO - [2024-10-14T02:46:39.438+0000] {dagbag.py:588} INFO - Filling up the DagBag from /home/airflow/.local/lib/python3.12/site-packages/airflow/example_dags/example_python_decorator.py
[2024-10-14T02:46:39.452+0000] {processor.py:925} INFO - DAG(s) 'example_python_decorator' retrieved from /home/airflow/.local/lib/python3.12/site-packages/airflow/example_dags/example_python_decorator.py
[2024-10-14T02:46:39.472+0000] {logging_mixin.py:190} INFO - [2024-10-14T02:46:39.471+0000] {dag.py:3239} INFO - Sync 1 DAGs
[2024-10-14T02:46:39.486+0000] {logging_mixin.py:190} INFO - [2024-10-14T02:46:39.486+0000] {dag.py:4180} INFO - Setting next_dagrun for example_python_decorator to None, run_after=None
[2024-10-14T02:46:39.509+0000] {processor.py:208} INFO - Processing /home/airflow/.local/lib/python3.12/site-packages/airflow/example_dags/example_python_decorator.py took 0.080 seconds
[2024-10-14T02:47:12.910+0000] {processor.py:186} INFO - Started process (PID=1202) to work on /home/airflow/.local/lib/python3.12/site-packages/airflow/example_dags/example_python_decorator.py
[2024-10-14T02:47:12.911+0000] {processor.py:914} INFO - Processing file /home/airflow/.local/lib/python3.12/site-packages/airflow/example_dags/example_python_decorator.py for tasks to queue
[2024-10-14T02:47:12.913+0000] {logging_mixin.py:190} INFO - [2024-10-14T02:47:12.913+0000] {dagbag.py:588} INFO - Filling up the DagBag from /home/airflow/.local/lib/python3.12/site-packages/airflow/example_dags/example_python_decorator.py
[2024-10-14T02:47:12.926+0000] {processor.py:925} INFO - DAG(s) 'example_python_decorator' retrieved from /home/airflow/.local/lib/python3.12/site-packages/airflow/example_dags/example_python_decorator.py
[2024-10-14T02:47:12.947+0000] {logging_mixin.py:190} INFO - [2024-10-14T02:47:12.946+0000] {dag.py:3239} INFO - Sync 1 DAGs
[2024-10-14T02:47:12.959+0000] {logging_mixin.py:190} INFO - [2024-10-14T02:47:12.959+0000] {dag.py:4180} INFO - Setting next_dagrun for example_python_decorator to None, run_after=None
[2024-10-14T02:47:12.980+0000] {processor.py:208} INFO - Processing /home/airflow/.local/lib/python3.12/site-packages/airflow/example_dags/example_python_decorator.py took 0.075 seconds
[2024-10-14T02:47:45.066+0000] {processor.py:186} INFO - Started process (PID=1266) to work on /home/airflow/.local/lib/python3.12/site-packages/airflow/example_dags/example_python_decorator.py
[2024-10-14T02:47:45.067+0000] {processor.py:914} INFO - Processing file /home/airflow/.local/lib/python3.12/site-packages/airflow/example_dags/example_python_decorator.py for tasks to queue
[2024-10-14T02:47:45.070+0000] {logging_mixin.py:190} INFO - [2024-10-14T02:47:45.070+0000] {dagbag.py:588} INFO - Filling up the DagBag from /home/airflow/.local/lib/python3.12/site-packages/airflow/example_dags/example_python_decorator.py
[2024-10-14T02:47:45.087+0000] {processor.py:925} INFO - DAG(s) 'example_python_decorator' retrieved from /home/airflow/.local/lib/python3.12/site-packages/airflow/example_dags/example_python_decorator.py
[2024-10-14T02:47:45.110+0000] {logging_mixin.py:190} INFO - [2024-10-14T02:47:45.109+0000] {dag.py:3239} INFO - Sync 1 DAGs
[2024-10-14T02:47:45.123+0000] {logging_mixin.py:190} INFO - [2024-10-14T02:47:45.123+0000] {dag.py:4180} INFO - Setting next_dagrun for example_python_decorator to None, run_after=None
[2024-10-14T02:47:45.144+0000] {processor.py:208} INFO - Processing /home/airflow/.local/lib/python3.12/site-packages/airflow/example_dags/example_python_decorator.py took 0.084 seconds
