[2024-10-14T02:26:47.076+0000] {processor.py:186} INFO - Started process (PID=63) to work on /home/airflow/.local/lib/python3.12/site-packages/airflow/example_dags/example_display_name.py
[2024-10-14T02:26:47.077+0000] {processor.py:914} INFO - Processing file /home/airflow/.local/lib/python3.12/site-packages/airflow/example_dags/example_display_name.py for tasks to queue
[2024-10-14T02:26:47.079+0000] {logging_mixin.py:190} INFO - [2024-10-14T02:26:47.079+0000] {dagbag.py:588} INFO - Filling up the DagBag from /home/airflow/.local/lib/python3.12/site-packages/airflow/example_dags/example_display_name.py
[2024-10-14T02:26:47.104+0000] {processor.py:925} INFO - DAG(s) 'example_display_name' retrieved from /home/airflow/.local/lib/python3.12/site-packages/airflow/example_dags/example_display_name.py
[2024-10-14T02:26:47.376+0000] {logging_mixin.py:190} INFO - [2024-10-14T02:26:47.375+0000] {override.py:1900} INFO - Created Permission View: can delete on DAG:example_display_name
[2024-10-14T02:26:47.388+0000] {logging_mixin.py:190} INFO - [2024-10-14T02:26:47.388+0000] {override.py:1900} INFO - Created Permission View: can edit on DAG:example_display_name
[2024-10-14T02:26:47.395+0000] {logging_mixin.py:190} INFO - [2024-10-14T02:26:47.395+0000] {override.py:1900} INFO - Created Permission View: can read on DAG:example_display_name
[2024-10-14T02:26:47.403+0000] {logging_mixin.py:190} INFO - [2024-10-14T02:26:47.403+0000] {override.py:1900} INFO - Created Permission View: can delete on DAG Run:example_display_name
[2024-10-14T02:26:47.410+0000] {logging_mixin.py:190} INFO - [2024-10-14T02:26:47.410+0000] {override.py:1900} INFO - Created Permission View: can create on DAG Run:example_display_name
[2024-10-14T02:26:47.417+0000] {logging_mixin.py:190} INFO - [2024-10-14T02:26:47.417+0000] {override.py:1900} INFO - Created Permission View: menu access on DAG Run:example_display_name
[2024-10-14T02:26:47.424+0000] {logging_mixin.py:190} INFO - [2024-10-14T02:26:47.424+0000] {override.py:1900} INFO - Created Permission View: can read on DAG Run:example_display_name
[2024-10-14T02:26:47.425+0000] {logging_mixin.py:190} INFO - [2024-10-14T02:26:47.425+0000] {dag.py:3239} INFO - Sync 1 DAGs
[2024-10-14T02:26:47.437+0000] {logging_mixin.py:190} INFO - [2024-10-14T02:26:47.437+0000] {dag.py:3262} INFO - Creating ORM DAG for example_display_name
[2024-10-14T02:26:47.438+0000] {logging_mixin.py:190} INFO - [2024-10-14T02:26:47.438+0000] {dag.py:4180} INFO - Setting next_dagrun for example_display_name to None, run_after=None
[2024-10-14T02:26:47.458+0000] {processor.py:208} INFO - Processing /home/airflow/.local/lib/python3.12/site-packages/airflow/example_dags/example_display_name.py took 0.389 seconds
[2024-10-14T02:27:17.494+0000] {processor.py:186} INFO - Started process (PID=126) to work on /home/airflow/.local/lib/python3.12/site-packages/airflow/example_dags/example_display_name.py
[2024-10-14T02:27:17.495+0000] {processor.py:914} INFO - Processing file /home/airflow/.local/lib/python3.12/site-packages/airflow/example_dags/example_display_name.py for tasks to queue
[2024-10-14T02:27:17.498+0000] {logging_mixin.py:190} INFO - [2024-10-14T02:27:17.498+0000] {dagbag.py:588} INFO - Filling up the DagBag from /home/airflow/.local/lib/python3.12/site-packages/airflow/example_dags/example_display_name.py
[2024-10-14T02:27:17.506+0000] {processor.py:925} INFO - DAG(s) 'example_display_name' retrieved from /home/airflow/.local/lib/python3.12/site-packages/airflow/example_dags/example_display_name.py
[2024-10-14T02:27:17.527+0000] {logging_mixin.py:190} INFO - [2024-10-14T02:27:17.527+0000] {dag.py:3239} INFO - Sync 1 DAGs
[2024-10-14T02:27:17.544+0000] {logging_mixin.py:190} INFO - [2024-10-14T02:27:17.544+0000] {dag.py:4180} INFO - Setting next_dagrun for example_display_name to None, run_after=None
[2024-10-14T02:27:17.565+0000] {processor.py:208} INFO - Processing /home/airflow/.local/lib/python3.12/site-packages/airflow/example_dags/example_display_name.py took 0.077 seconds
[2024-10-14T02:27:48.012+0000] {processor.py:186} INFO - Started process (PID=188) to work on /home/airflow/.local/lib/python3.12/site-packages/airflow/example_dags/example_display_name.py
[2024-10-14T02:27:48.013+0000] {processor.py:914} INFO - Processing file /home/airflow/.local/lib/python3.12/site-packages/airflow/example_dags/example_display_name.py for tasks to queue
[2024-10-14T02:27:48.015+0000] {logging_mixin.py:190} INFO - [2024-10-14T02:27:48.015+0000] {dagbag.py:588} INFO - Filling up the DagBag from /home/airflow/.local/lib/python3.12/site-packages/airflow/example_dags/example_display_name.py
[2024-10-14T02:27:48.024+0000] {processor.py:925} INFO - DAG(s) 'example_display_name' retrieved from /home/airflow/.local/lib/python3.12/site-packages/airflow/example_dags/example_display_name.py
[2024-10-14T02:27:48.044+0000] {logging_mixin.py:190} INFO - [2024-10-14T02:27:48.044+0000] {dag.py:3239} INFO - Sync 1 DAGs
[2024-10-14T02:27:48.061+0000] {logging_mixin.py:190} INFO - [2024-10-14T02:27:48.060+0000] {dag.py:4180} INFO - Setting next_dagrun for example_display_name to None, run_after=None
[2024-10-14T02:27:48.083+0000] {processor.py:208} INFO - Processing /home/airflow/.local/lib/python3.12/site-packages/airflow/example_dags/example_display_name.py took 0.076 seconds
[2024-10-14T02:28:18.715+0000] {processor.py:186} INFO - Started process (PID=251) to work on /home/airflow/.local/lib/python3.12/site-packages/airflow/example_dags/example_display_name.py
[2024-10-14T02:28:18.716+0000] {processor.py:914} INFO - Processing file /home/airflow/.local/lib/python3.12/site-packages/airflow/example_dags/example_display_name.py for tasks to queue
[2024-10-14T02:28:18.718+0000] {logging_mixin.py:190} INFO - [2024-10-14T02:28:18.718+0000] {dagbag.py:588} INFO - Filling up the DagBag from /home/airflow/.local/lib/python3.12/site-packages/airflow/example_dags/example_display_name.py
[2024-10-14T02:28:18.725+0000] {processor.py:925} INFO - DAG(s) 'example_display_name' retrieved from /home/airflow/.local/lib/python3.12/site-packages/airflow/example_dags/example_display_name.py
[2024-10-14T02:28:18.743+0000] {logging_mixin.py:190} INFO - [2024-10-14T02:28:18.743+0000] {dag.py:3239} INFO - Sync 1 DAGs
[2024-10-14T02:28:18.757+0000] {logging_mixin.py:190} INFO - [2024-10-14T02:28:18.757+0000] {dag.py:4180} INFO - Setting next_dagrun for example_display_name to None, run_after=None
[2024-10-14T02:28:18.777+0000] {processor.py:208} INFO - Processing /home/airflow/.local/lib/python3.12/site-packages/airflow/example_dags/example_display_name.py took 0.068 seconds
[2024-10-14T02:28:49.251+0000] {processor.py:186} INFO - Started process (PID=314) to work on /home/airflow/.local/lib/python3.12/site-packages/airflow/example_dags/example_display_name.py
[2024-10-14T02:28:49.252+0000] {processor.py:914} INFO - Processing file /home/airflow/.local/lib/python3.12/site-packages/airflow/example_dags/example_display_name.py for tasks to queue
[2024-10-14T02:28:49.254+0000] {logging_mixin.py:190} INFO - [2024-10-14T02:28:49.253+0000] {dagbag.py:588} INFO - Filling up the DagBag from /home/airflow/.local/lib/python3.12/site-packages/airflow/example_dags/example_display_name.py
[2024-10-14T02:28:49.265+0000] {processor.py:925} INFO - DAG(s) 'example_display_name' retrieved from /home/airflow/.local/lib/python3.12/site-packages/airflow/example_dags/example_display_name.py
[2024-10-14T02:28:49.292+0000] {logging_mixin.py:190} INFO - [2024-10-14T02:28:49.291+0000] {dag.py:3239} INFO - Sync 1 DAGs
[2024-10-14T02:28:49.313+0000] {logging_mixin.py:190} INFO - [2024-10-14T02:28:49.313+0000] {dag.py:4180} INFO - Setting next_dagrun for example_display_name to None, run_after=None
[2024-10-14T02:28:49.333+0000] {processor.py:208} INFO - Processing /home/airflow/.local/lib/python3.12/site-packages/airflow/example_dags/example_display_name.py took 0.089 seconds
[2024-10-14T02:29:20.010+0000] {processor.py:186} INFO - Started process (PID=377) to work on /home/airflow/.local/lib/python3.12/site-packages/airflow/example_dags/example_display_name.py
[2024-10-14T02:29:20.011+0000] {processor.py:914} INFO - Processing file /home/airflow/.local/lib/python3.12/site-packages/airflow/example_dags/example_display_name.py for tasks to queue
[2024-10-14T02:29:20.014+0000] {logging_mixin.py:190} INFO - [2024-10-14T02:29:20.014+0000] {dagbag.py:588} INFO - Filling up the DagBag from /home/airflow/.local/lib/python3.12/site-packages/airflow/example_dags/example_display_name.py
[2024-10-14T02:29:20.029+0000] {processor.py:925} INFO - DAG(s) 'example_display_name' retrieved from /home/airflow/.local/lib/python3.12/site-packages/airflow/example_dags/example_display_name.py
[2024-10-14T02:29:20.076+0000] {logging_mixin.py:190} INFO - [2024-10-14T02:29:20.075+0000] {dag.py:3239} INFO - Sync 1 DAGs
[2024-10-14T02:29:20.096+0000] {logging_mixin.py:190} INFO - [2024-10-14T02:29:20.095+0000] {dag.py:4180} INFO - Setting next_dagrun for example_display_name to None, run_after=None
[2024-10-14T02:29:20.116+0000] {processor.py:208} INFO - Processing /home/airflow/.local/lib/python3.12/site-packages/airflow/example_dags/example_display_name.py took 0.115 seconds
[2024-10-14T02:29:50.614+0000] {processor.py:186} INFO - Started process (PID=440) to work on /home/airflow/.local/lib/python3.12/site-packages/airflow/example_dags/example_display_name.py
[2024-10-14T02:29:50.615+0000] {processor.py:914} INFO - Processing file /home/airflow/.local/lib/python3.12/site-packages/airflow/example_dags/example_display_name.py for tasks to queue
[2024-10-14T02:29:50.617+0000] {logging_mixin.py:190} INFO - [2024-10-14T02:29:50.617+0000] {dagbag.py:588} INFO - Filling up the DagBag from /home/airflow/.local/lib/python3.12/site-packages/airflow/example_dags/example_display_name.py
[2024-10-14T02:29:50.623+0000] {processor.py:925} INFO - DAG(s) 'example_display_name' retrieved from /home/airflow/.local/lib/python3.12/site-packages/airflow/example_dags/example_display_name.py
[2024-10-14T02:29:50.644+0000] {logging_mixin.py:190} INFO - [2024-10-14T02:29:50.643+0000] {dag.py:3239} INFO - Sync 1 DAGs
[2024-10-14T02:29:50.665+0000] {logging_mixin.py:190} INFO - [2024-10-14T02:29:50.664+0000] {dag.py:4180} INFO - Setting next_dagrun for example_display_name to None, run_after=None
[2024-10-14T02:29:50.712+0000] {processor.py:208} INFO - Processing /home/airflow/.local/lib/python3.12/site-packages/airflow/example_dags/example_display_name.py took 0.102 seconds
[2024-10-14T02:30:20.977+0000] {processor.py:186} INFO - Started process (PID=503) to work on /home/airflow/.local/lib/python3.12/site-packages/airflow/example_dags/example_display_name.py
[2024-10-14T02:30:20.979+0000] {processor.py:914} INFO - Processing file /home/airflow/.local/lib/python3.12/site-packages/airflow/example_dags/example_display_name.py for tasks to queue
[2024-10-14T02:30:20.981+0000] {logging_mixin.py:190} INFO - [2024-10-14T02:30:20.980+0000] {dagbag.py:588} INFO - Filling up the DagBag from /home/airflow/.local/lib/python3.12/site-packages/airflow/example_dags/example_display_name.py
[2024-10-14T02:30:20.987+0000] {processor.py:925} INFO - DAG(s) 'example_display_name' retrieved from /home/airflow/.local/lib/python3.12/site-packages/airflow/example_dags/example_display_name.py
[2024-10-14T02:30:21.005+0000] {logging_mixin.py:190} INFO - [2024-10-14T02:30:21.005+0000] {dag.py:3239} INFO - Sync 1 DAGs
[2024-10-14T02:30:21.019+0000] {logging_mixin.py:190} INFO - [2024-10-14T02:30:21.019+0000] {dag.py:4180} INFO - Setting next_dagrun for example_display_name to None, run_after=None
[2024-10-14T02:30:21.038+0000] {processor.py:208} INFO - Processing /home/airflow/.local/lib/python3.12/site-packages/airflow/example_dags/example_display_name.py took 0.068 seconds
[2024-10-14T02:30:51.934+0000] {processor.py:186} INFO - Started process (PID=567) to work on /home/airflow/.local/lib/python3.12/site-packages/airflow/example_dags/example_display_name.py
[2024-10-14T02:30:51.936+0000] {processor.py:914} INFO - Processing file /home/airflow/.local/lib/python3.12/site-packages/airflow/example_dags/example_display_name.py for tasks to queue
[2024-10-14T02:30:51.939+0000] {logging_mixin.py:190} INFO - [2024-10-14T02:30:51.938+0000] {dagbag.py:588} INFO - Filling up the DagBag from /home/airflow/.local/lib/python3.12/site-packages/airflow/example_dags/example_display_name.py
[2024-10-14T02:30:51.955+0000] {processor.py:925} INFO - DAG(s) 'example_display_name' retrieved from /home/airflow/.local/lib/python3.12/site-packages/airflow/example_dags/example_display_name.py
[2024-10-14T02:30:51.991+0000] {logging_mixin.py:190} INFO - [2024-10-14T02:30:51.991+0000] {dag.py:3239} INFO - Sync 1 DAGs
[2024-10-14T02:30:52.010+0000] {logging_mixin.py:190} INFO - [2024-10-14T02:30:52.010+0000] {dag.py:4180} INFO - Setting next_dagrun for example_display_name to None, run_after=None
[2024-10-14T02:30:52.032+0000] {processor.py:208} INFO - Processing /home/airflow/.local/lib/python3.12/site-packages/airflow/example_dags/example_display_name.py took 0.110 seconds
[2024-10-14T02:31:22.999+0000] {processor.py:186} INFO - Started process (PID=630) to work on /home/airflow/.local/lib/python3.12/site-packages/airflow/example_dags/example_display_name.py
[2024-10-14T02:31:23.000+0000] {processor.py:914} INFO - Processing file /home/airflow/.local/lib/python3.12/site-packages/airflow/example_dags/example_display_name.py for tasks to queue
[2024-10-14T02:31:23.002+0000] {logging_mixin.py:190} INFO - [2024-10-14T02:31:23.002+0000] {dagbag.py:588} INFO - Filling up the DagBag from /home/airflow/.local/lib/python3.12/site-packages/airflow/example_dags/example_display_name.py
[2024-10-14T02:31:23.012+0000] {processor.py:925} INFO - DAG(s) 'example_display_name' retrieved from /home/airflow/.local/lib/python3.12/site-packages/airflow/example_dags/example_display_name.py
[2024-10-14T02:31:23.032+0000] {logging_mixin.py:190} INFO - [2024-10-14T02:31:23.032+0000] {dag.py:3239} INFO - Sync 1 DAGs
[2024-10-14T02:31:23.055+0000] {logging_mixin.py:190} INFO - [2024-10-14T02:31:23.053+0000] {dag.py:4180} INFO - Setting next_dagrun for example_display_name to None, run_after=None
[2024-10-14T02:31:23.078+0000] {processor.py:208} INFO - Processing /home/airflow/.local/lib/python3.12/site-packages/airflow/example_dags/example_display_name.py took 0.086 seconds
[2024-10-14T02:31:53.473+0000] {processor.py:186} INFO - Started process (PID=693) to work on /home/airflow/.local/lib/python3.12/site-packages/airflow/example_dags/example_display_name.py
[2024-10-14T02:31:53.474+0000] {processor.py:914} INFO - Processing file /home/airflow/.local/lib/python3.12/site-packages/airflow/example_dags/example_display_name.py for tasks to queue
[2024-10-14T02:31:53.477+0000] {logging_mixin.py:190} INFO - [2024-10-14T02:31:53.477+0000] {dagbag.py:588} INFO - Filling up the DagBag from /home/airflow/.local/lib/python3.12/site-packages/airflow/example_dags/example_display_name.py
[2024-10-14T02:31:53.491+0000] {processor.py:925} INFO - DAG(s) 'example_display_name' retrieved from /home/airflow/.local/lib/python3.12/site-packages/airflow/example_dags/example_display_name.py
[2024-10-14T02:31:53.514+0000] {logging_mixin.py:190} INFO - [2024-10-14T02:31:53.514+0000] {dag.py:3239} INFO - Sync 1 DAGs
[2024-10-14T02:31:53.532+0000] {logging_mixin.py:190} INFO - [2024-10-14T02:31:53.531+0000] {dag.py:4180} INFO - Setting next_dagrun for example_display_name to None, run_after=None
[2024-10-14T02:31:53.553+0000] {processor.py:208} INFO - Processing /home/airflow/.local/lib/python3.12/site-packages/airflow/example_dags/example_display_name.py took 0.092 seconds
[2024-10-14T02:32:23.701+0000] {processor.py:186} INFO - Started process (PID=756) to work on /home/airflow/.local/lib/python3.12/site-packages/airflow/example_dags/example_display_name.py
[2024-10-14T02:32:23.702+0000] {processor.py:914} INFO - Processing file /home/airflow/.local/lib/python3.12/site-packages/airflow/example_dags/example_display_name.py for tasks to queue
[2024-10-14T02:32:23.705+0000] {logging_mixin.py:190} INFO - [2024-10-14T02:32:23.705+0000] {dagbag.py:588} INFO - Filling up the DagBag from /home/airflow/.local/lib/python3.12/site-packages/airflow/example_dags/example_display_name.py
[2024-10-14T02:32:23.713+0000] {processor.py:925} INFO - DAG(s) 'example_display_name' retrieved from /home/airflow/.local/lib/python3.12/site-packages/airflow/example_dags/example_display_name.py
[2024-10-14T02:32:23.731+0000] {logging_mixin.py:190} INFO - [2024-10-14T02:32:23.731+0000] {dag.py:3239} INFO - Sync 1 DAGs
[2024-10-14T02:32:23.746+0000] {logging_mixin.py:190} INFO - [2024-10-14T02:32:23.746+0000] {dag.py:4180} INFO - Setting next_dagrun for example_display_name to None, run_after=None
[2024-10-14T02:32:23.767+0000] {processor.py:208} INFO - Processing /home/airflow/.local/lib/python3.12/site-packages/airflow/example_dags/example_display_name.py took 0.071 seconds
[2024-10-14T02:32:54.537+0000] {processor.py:186} INFO - Started process (PID=819) to work on /home/airflow/.local/lib/python3.12/site-packages/airflow/example_dags/example_display_name.py
[2024-10-14T02:32:54.538+0000] {processor.py:914} INFO - Processing file /home/airflow/.local/lib/python3.12/site-packages/airflow/example_dags/example_display_name.py for tasks to queue
[2024-10-14T02:32:54.541+0000] {logging_mixin.py:190} INFO - [2024-10-14T02:32:54.540+0000] {dagbag.py:588} INFO - Filling up the DagBag from /home/airflow/.local/lib/python3.12/site-packages/airflow/example_dags/example_display_name.py
[2024-10-14T02:32:54.550+0000] {processor.py:925} INFO - DAG(s) 'example_display_name' retrieved from /home/airflow/.local/lib/python3.12/site-packages/airflow/example_dags/example_display_name.py
[2024-10-14T02:32:54.569+0000] {logging_mixin.py:190} INFO - [2024-10-14T02:32:54.569+0000] {dag.py:3239} INFO - Sync 1 DAGs
[2024-10-14T02:32:54.583+0000] {logging_mixin.py:190} INFO - [2024-10-14T02:32:54.583+0000] {dag.py:4180} INFO - Setting next_dagrun for example_display_name to None, run_after=None
[2024-10-14T02:32:54.603+0000] {processor.py:208} INFO - Processing /home/airflow/.local/lib/python3.12/site-packages/airflow/example_dags/example_display_name.py took 0.072 seconds
[2024-10-14T02:33:25.173+0000] {processor.py:186} INFO - Started process (PID=856) to work on /home/airflow/.local/lib/python3.12/site-packages/airflow/example_dags/example_display_name.py
[2024-10-14T02:33:25.174+0000] {processor.py:914} INFO - Processing file /home/airflow/.local/lib/python3.12/site-packages/airflow/example_dags/example_display_name.py for tasks to queue
[2024-10-14T02:33:25.176+0000] {logging_mixin.py:190} INFO - [2024-10-14T02:33:25.176+0000] {dagbag.py:588} INFO - Filling up the DagBag from /home/airflow/.local/lib/python3.12/site-packages/airflow/example_dags/example_display_name.py
[2024-10-14T02:33:25.184+0000] {processor.py:925} INFO - DAG(s) 'example_display_name' retrieved from /home/airflow/.local/lib/python3.12/site-packages/airflow/example_dags/example_display_name.py
[2024-10-14T02:33:25.205+0000] {logging_mixin.py:190} INFO - [2024-10-14T02:33:25.205+0000] {dag.py:3239} INFO - Sync 1 DAGs
[2024-10-14T02:33:25.225+0000] {logging_mixin.py:190} INFO - [2024-10-14T02:33:25.224+0000] {dag.py:4180} INFO - Setting next_dagrun for example_display_name to None, run_after=None
[2024-10-14T02:33:25.253+0000] {processor.py:208} INFO - Processing /home/airflow/.local/lib/python3.12/site-packages/airflow/example_dags/example_display_name.py took 0.085 seconds
[2024-10-14T02:33:55.975+0000] {processor.py:186} INFO - Started process (PID=886) to work on /home/airflow/.local/lib/python3.12/site-packages/airflow/example_dags/example_display_name.py
[2024-10-14T02:33:55.976+0000] {processor.py:914} INFO - Processing file /home/airflow/.local/lib/python3.12/site-packages/airflow/example_dags/example_display_name.py for tasks to queue
[2024-10-14T02:33:55.979+0000] {logging_mixin.py:190} INFO - [2024-10-14T02:33:55.979+0000] {dagbag.py:588} INFO - Filling up the DagBag from /home/airflow/.local/lib/python3.12/site-packages/airflow/example_dags/example_display_name.py
[2024-10-14T02:33:55.987+0000] {processor.py:925} INFO - DAG(s) 'example_display_name' retrieved from /home/airflow/.local/lib/python3.12/site-packages/airflow/example_dags/example_display_name.py
[2024-10-14T02:33:56.006+0000] {logging_mixin.py:190} INFO - [2024-10-14T02:33:56.006+0000] {dag.py:3239} INFO - Sync 1 DAGs
[2024-10-14T02:33:56.024+0000] {logging_mixin.py:190} INFO - [2024-10-14T02:33:56.023+0000] {dag.py:4180} INFO - Setting next_dagrun for example_display_name to None, run_after=None
[2024-10-14T02:33:56.047+0000] {processor.py:208} INFO - Processing /home/airflow/.local/lib/python3.12/site-packages/airflow/example_dags/example_display_name.py took 0.077 seconds
[2024-10-14T02:34:28.872+0000] {processor.py:186} INFO - Started process (PID=949) to work on /home/airflow/.local/lib/python3.12/site-packages/airflow/example_dags/example_display_name.py
[2024-10-14T02:34:28.873+0000] {processor.py:914} INFO - Processing file /home/airflow/.local/lib/python3.12/site-packages/airflow/example_dags/example_display_name.py for tasks to queue
[2024-10-14T02:34:28.879+0000] {logging_mixin.py:190} INFO - [2024-10-14T02:34:28.878+0000] {dagbag.py:588} INFO - Filling up the DagBag from /home/airflow/.local/lib/python3.12/site-packages/airflow/example_dags/example_display_name.py
[2024-10-14T02:34:28.886+0000] {processor.py:925} INFO - DAG(s) 'example_display_name' retrieved from /home/airflow/.local/lib/python3.12/site-packages/airflow/example_dags/example_display_name.py
[2024-10-14T02:34:28.914+0000] {logging_mixin.py:190} INFO - [2024-10-14T02:34:28.914+0000] {dag.py:3239} INFO - Sync 1 DAGs
[2024-10-14T02:34:28.942+0000] {logging_mixin.py:190} INFO - [2024-10-14T02:34:28.941+0000] {dag.py:4180} INFO - Setting next_dagrun for example_display_name to None, run_after=None
[2024-10-14T02:34:28.969+0000] {processor.py:208} INFO - Processing /home/airflow/.local/lib/python3.12/site-packages/airflow/example_dags/example_display_name.py took 0.103 seconds
[2024-10-14T02:35:02.049+0000] {processor.py:186} INFO - Started process (PID=1012) to work on /home/airflow/.local/lib/python3.12/site-packages/airflow/example_dags/example_display_name.py
[2024-10-14T02:35:02.050+0000] {processor.py:914} INFO - Processing file /home/airflow/.local/lib/python3.12/site-packages/airflow/example_dags/example_display_name.py for tasks to queue
[2024-10-14T02:35:02.053+0000] {logging_mixin.py:190} INFO - [2024-10-14T02:35:02.053+0000] {dagbag.py:588} INFO - Filling up the DagBag from /home/airflow/.local/lib/python3.12/site-packages/airflow/example_dags/example_display_name.py
[2024-10-14T02:35:02.062+0000] {processor.py:925} INFO - DAG(s) 'example_display_name' retrieved from /home/airflow/.local/lib/python3.12/site-packages/airflow/example_dags/example_display_name.py
[2024-10-14T02:35:02.081+0000] {logging_mixin.py:190} INFO - [2024-10-14T02:35:02.081+0000] {dag.py:3239} INFO - Sync 1 DAGs
[2024-10-14T02:35:02.100+0000] {logging_mixin.py:190} INFO - [2024-10-14T02:35:02.099+0000] {dag.py:4180} INFO - Setting next_dagrun for example_display_name to None, run_after=None
[2024-10-14T02:35:02.133+0000] {processor.py:208} INFO - Processing /home/airflow/.local/lib/python3.12/site-packages/airflow/example_dags/example_display_name.py took 0.090 seconds
[2024-10-14T02:35:35.149+0000] {processor.py:186} INFO - Started process (PID=1075) to work on /home/airflow/.local/lib/python3.12/site-packages/airflow/example_dags/example_display_name.py
[2024-10-14T02:35:35.150+0000] {processor.py:914} INFO - Processing file /home/airflow/.local/lib/python3.12/site-packages/airflow/example_dags/example_display_name.py for tasks to queue
[2024-10-14T02:35:35.152+0000] {logging_mixin.py:190} INFO - [2024-10-14T02:35:35.152+0000] {dagbag.py:588} INFO - Filling up the DagBag from /home/airflow/.local/lib/python3.12/site-packages/airflow/example_dags/example_display_name.py
[2024-10-14T02:35:35.160+0000] {processor.py:925} INFO - DAG(s) 'example_display_name' retrieved from /home/airflow/.local/lib/python3.12/site-packages/airflow/example_dags/example_display_name.py
[2024-10-14T02:35:35.183+0000] {logging_mixin.py:190} INFO - [2024-10-14T02:35:35.183+0000] {dag.py:3239} INFO - Sync 1 DAGs
[2024-10-14T02:35:35.197+0000] {logging_mixin.py:190} INFO - [2024-10-14T02:35:35.197+0000] {dag.py:4180} INFO - Setting next_dagrun for example_display_name to None, run_after=None
[2024-10-14T02:35:35.223+0000] {processor.py:208} INFO - Processing /home/airflow/.local/lib/python3.12/site-packages/airflow/example_dags/example_display_name.py took 0.080 seconds
[2024-10-14T02:36:08.732+0000] {processor.py:186} INFO - Started process (PID=1138) to work on /home/airflow/.local/lib/python3.12/site-packages/airflow/example_dags/example_display_name.py
[2024-10-14T02:36:08.733+0000] {processor.py:914} INFO - Processing file /home/airflow/.local/lib/python3.12/site-packages/airflow/example_dags/example_display_name.py for tasks to queue
[2024-10-14T02:36:08.736+0000] {logging_mixin.py:190} INFO - [2024-10-14T02:36:08.736+0000] {dagbag.py:588} INFO - Filling up the DagBag from /home/airflow/.local/lib/python3.12/site-packages/airflow/example_dags/example_display_name.py
[2024-10-14T02:36:08.742+0000] {processor.py:925} INFO - DAG(s) 'example_display_name' retrieved from /home/airflow/.local/lib/python3.12/site-packages/airflow/example_dags/example_display_name.py
[2024-10-14T02:36:08.761+0000] {logging_mixin.py:190} INFO - [2024-10-14T02:36:08.761+0000] {dag.py:3239} INFO - Sync 1 DAGs
[2024-10-14T02:36:08.776+0000] {logging_mixin.py:190} INFO - [2024-10-14T02:36:08.776+0000] {dag.py:4180} INFO - Setting next_dagrun for example_display_name to None, run_after=None
[2024-10-14T02:36:08.800+0000] {processor.py:208} INFO - Processing /home/airflow/.local/lib/python3.12/site-packages/airflow/example_dags/example_display_name.py took 0.072 seconds
[2024-10-14T02:37:42.987+0000] {processor.py:186} INFO - Started process (PID=63) to work on /home/airflow/.local/lib/python3.12/site-packages/airflow/example_dags/example_display_name.py
[2024-10-14T02:37:42.989+0000] {processor.py:914} INFO - Processing file /home/airflow/.local/lib/python3.12/site-packages/airflow/example_dags/example_display_name.py for tasks to queue
[2024-10-14T02:37:42.992+0000] {logging_mixin.py:190} INFO - [2024-10-14T02:37:42.991+0000] {dagbag.py:588} INFO - Filling up the DagBag from /home/airflow/.local/lib/python3.12/site-packages/airflow/example_dags/example_display_name.py
[2024-10-14T02:37:43.013+0000] {processor.py:925} INFO - DAG(s) 'example_display_name' retrieved from /home/airflow/.local/lib/python3.12/site-packages/airflow/example_dags/example_display_name.py
[2024-10-14T02:37:43.068+0000] {logging_mixin.py:190} INFO - [2024-10-14T02:37:43.068+0000] {dag.py:3239} INFO - Sync 1 DAGs
[2024-10-14T02:37:43.087+0000] {logging_mixin.py:190} INFO - [2024-10-14T02:37:43.086+0000] {dag.py:4180} INFO - Setting next_dagrun for example_display_name to None, run_after=None
[2024-10-14T02:37:43.114+0000] {processor.py:208} INFO - Processing /home/airflow/.local/lib/python3.12/site-packages/airflow/example_dags/example_display_name.py took 0.133 seconds
[2024-10-14T02:38:13.697+0000] {processor.py:186} INFO - Started process (PID=127) to work on /home/airflow/.local/lib/python3.12/site-packages/airflow/example_dags/example_display_name.py
[2024-10-14T02:38:13.698+0000] {processor.py:914} INFO - Processing file /home/airflow/.local/lib/python3.12/site-packages/airflow/example_dags/example_display_name.py for tasks to queue
[2024-10-14T02:38:13.701+0000] {logging_mixin.py:190} INFO - [2024-10-14T02:38:13.700+0000] {dagbag.py:588} INFO - Filling up the DagBag from /home/airflow/.local/lib/python3.12/site-packages/airflow/example_dags/example_display_name.py
[2024-10-14T02:38:13.707+0000] {processor.py:925} INFO - DAG(s) 'example_display_name' retrieved from /home/airflow/.local/lib/python3.12/site-packages/airflow/example_dags/example_display_name.py
[2024-10-14T02:38:13.725+0000] {logging_mixin.py:190} INFO - [2024-10-14T02:38:13.725+0000] {dag.py:3239} INFO - Sync 1 DAGs
[2024-10-14T02:38:13.738+0000] {logging_mixin.py:190} INFO - [2024-10-14T02:38:13.737+0000] {dag.py:4180} INFO - Setting next_dagrun for example_display_name to None, run_after=None
[2024-10-14T02:38:13.758+0000] {processor.py:208} INFO - Processing /home/airflow/.local/lib/python3.12/site-packages/airflow/example_dags/example_display_name.py took 0.066 seconds
[2024-10-14T02:38:44.322+0000] {processor.py:186} INFO - Started process (PID=191) to work on /home/airflow/.local/lib/python3.12/site-packages/airflow/example_dags/example_display_name.py
[2024-10-14T02:38:44.324+0000] {processor.py:914} INFO - Processing file /home/airflow/.local/lib/python3.12/site-packages/airflow/example_dags/example_display_name.py for tasks to queue
[2024-10-14T02:38:44.326+0000] {logging_mixin.py:190} INFO - [2024-10-14T02:38:44.326+0000] {dagbag.py:588} INFO - Filling up the DagBag from /home/airflow/.local/lib/python3.12/site-packages/airflow/example_dags/example_display_name.py
[2024-10-14T02:38:44.334+0000] {processor.py:925} INFO - DAG(s) 'example_display_name' retrieved from /home/airflow/.local/lib/python3.12/site-packages/airflow/example_dags/example_display_name.py
[2024-10-14T02:38:44.356+0000] {logging_mixin.py:190} INFO - [2024-10-14T02:38:44.356+0000] {dag.py:3239} INFO - Sync 1 DAGs
[2024-10-14T02:38:44.369+0000] {logging_mixin.py:190} INFO - [2024-10-14T02:38:44.368+0000] {dag.py:4180} INFO - Setting next_dagrun for example_display_name to None, run_after=None
[2024-10-14T02:38:44.386+0000] {processor.py:208} INFO - Processing /home/airflow/.local/lib/python3.12/site-packages/airflow/example_dags/example_display_name.py took 0.069 seconds
[2024-10-14T02:39:15.096+0000] {processor.py:186} INFO - Started process (PID=256) to work on /home/airflow/.local/lib/python3.12/site-packages/airflow/example_dags/example_display_name.py
[2024-10-14T02:39:15.097+0000] {processor.py:914} INFO - Processing file /home/airflow/.local/lib/python3.12/site-packages/airflow/example_dags/example_display_name.py for tasks to queue
[2024-10-14T02:39:15.100+0000] {logging_mixin.py:190} INFO - [2024-10-14T02:39:15.100+0000] {dagbag.py:588} INFO - Filling up the DagBag from /home/airflow/.local/lib/python3.12/site-packages/airflow/example_dags/example_display_name.py
[2024-10-14T02:39:15.109+0000] {processor.py:925} INFO - DAG(s) 'example_display_name' retrieved from /home/airflow/.local/lib/python3.12/site-packages/airflow/example_dags/example_display_name.py
[2024-10-14T02:39:15.131+0000] {logging_mixin.py:190} INFO - [2024-10-14T02:39:15.130+0000] {dag.py:3239} INFO - Sync 1 DAGs
[2024-10-14T02:39:15.162+0000] {logging_mixin.py:190} INFO - [2024-10-14T02:39:15.162+0000] {dag.py:4180} INFO - Setting next_dagrun for example_display_name to None, run_after=None
[2024-10-14T02:39:15.219+0000] {processor.py:208} INFO - Processing /home/airflow/.local/lib/python3.12/site-packages/airflow/example_dags/example_display_name.py took 0.129 seconds
[2024-10-14T02:39:45.332+0000] {processor.py:186} INFO - Started process (PID=320) to work on /home/airflow/.local/lib/python3.12/site-packages/airflow/example_dags/example_display_name.py
[2024-10-14T02:39:45.333+0000] {processor.py:914} INFO - Processing file /home/airflow/.local/lib/python3.12/site-packages/airflow/example_dags/example_display_name.py for tasks to queue
[2024-10-14T02:39:45.335+0000] {logging_mixin.py:190} INFO - [2024-10-14T02:39:45.335+0000] {dagbag.py:588} INFO - Filling up the DagBag from /home/airflow/.local/lib/python3.12/site-packages/airflow/example_dags/example_display_name.py
[2024-10-14T02:39:45.345+0000] {processor.py:925} INFO - DAG(s) 'example_display_name' retrieved from /home/airflow/.local/lib/python3.12/site-packages/airflow/example_dags/example_display_name.py
[2024-10-14T02:39:45.364+0000] {logging_mixin.py:190} INFO - [2024-10-14T02:39:45.364+0000] {dag.py:3239} INFO - Sync 1 DAGs
[2024-10-14T02:39:45.378+0000] {logging_mixin.py:190} INFO - [2024-10-14T02:39:45.377+0000] {dag.py:4180} INFO - Setting next_dagrun for example_display_name to None, run_after=None
[2024-10-14T02:39:45.399+0000] {processor.py:208} INFO - Processing /home/airflow/.local/lib/python3.12/site-packages/airflow/example_dags/example_display_name.py took 0.073 seconds
[2024-10-14T02:40:15.519+0000] {processor.py:186} INFO - Started process (PID=384) to work on /home/airflow/.local/lib/python3.12/site-packages/airflow/example_dags/example_display_name.py
[2024-10-14T02:40:15.520+0000] {processor.py:914} INFO - Processing file /home/airflow/.local/lib/python3.12/site-packages/airflow/example_dags/example_display_name.py for tasks to queue
[2024-10-14T02:40:15.522+0000] {logging_mixin.py:190} INFO - [2024-10-14T02:40:15.522+0000] {dagbag.py:588} INFO - Filling up the DagBag from /home/airflow/.local/lib/python3.12/site-packages/airflow/example_dags/example_display_name.py
[2024-10-14T02:40:15.528+0000] {processor.py:925} INFO - DAG(s) 'example_display_name' retrieved from /home/airflow/.local/lib/python3.12/site-packages/airflow/example_dags/example_display_name.py
[2024-10-14T02:40:15.548+0000] {logging_mixin.py:190} INFO - [2024-10-14T02:40:15.547+0000] {dag.py:3239} INFO - Sync 1 DAGs
[2024-10-14T02:40:15.560+0000] {logging_mixin.py:190} INFO - [2024-10-14T02:40:15.559+0000] {dag.py:4180} INFO - Setting next_dagrun for example_display_name to None, run_after=None
[2024-10-14T02:40:15.581+0000] {processor.py:208} INFO - Processing /home/airflow/.local/lib/python3.12/site-packages/airflow/example_dags/example_display_name.py took 0.069 seconds
[2024-10-14T02:40:46.112+0000] {processor.py:186} INFO - Started process (PID=448) to work on /home/airflow/.local/lib/python3.12/site-packages/airflow/example_dags/example_display_name.py
[2024-10-14T02:40:46.113+0000] {processor.py:914} INFO - Processing file /home/airflow/.local/lib/python3.12/site-packages/airflow/example_dags/example_display_name.py for tasks to queue
[2024-10-14T02:40:46.116+0000] {logging_mixin.py:190} INFO - [2024-10-14T02:40:46.115+0000] {dagbag.py:588} INFO - Filling up the DagBag from /home/airflow/.local/lib/python3.12/site-packages/airflow/example_dags/example_display_name.py
[2024-10-14T02:40:46.125+0000] {processor.py:925} INFO - DAG(s) 'example_display_name' retrieved from /home/airflow/.local/lib/python3.12/site-packages/airflow/example_dags/example_display_name.py
[2024-10-14T02:40:46.147+0000] {logging_mixin.py:190} INFO - [2024-10-14T02:40:46.146+0000] {dag.py:3239} INFO - Sync 1 DAGs
[2024-10-14T02:40:46.160+0000] {logging_mixin.py:190} INFO - [2024-10-14T02:40:46.160+0000] {dag.py:4180} INFO - Setting next_dagrun for example_display_name to None, run_after=None
[2024-10-14T02:40:46.187+0000] {processor.py:208} INFO - Processing /home/airflow/.local/lib/python3.12/site-packages/airflow/example_dags/example_display_name.py took 0.081 seconds
[2024-10-14T02:41:17.003+0000] {processor.py:186} INFO - Started process (PID=512) to work on /home/airflow/.local/lib/python3.12/site-packages/airflow/example_dags/example_display_name.py
[2024-10-14T02:41:17.006+0000] {processor.py:914} INFO - Processing file /home/airflow/.local/lib/python3.12/site-packages/airflow/example_dags/example_display_name.py for tasks to queue
[2024-10-14T02:41:17.008+0000] {logging_mixin.py:190} INFO - [2024-10-14T02:41:17.008+0000] {dagbag.py:588} INFO - Filling up the DagBag from /home/airflow/.local/lib/python3.12/site-packages/airflow/example_dags/example_display_name.py
[2024-10-14T02:41:17.018+0000] {processor.py:925} INFO - DAG(s) 'example_display_name' retrieved from /home/airflow/.local/lib/python3.12/site-packages/airflow/example_dags/example_display_name.py
[2024-10-14T02:41:17.040+0000] {logging_mixin.py:190} INFO - [2024-10-14T02:41:17.040+0000] {dag.py:3239} INFO - Sync 1 DAGs
[2024-10-14T02:41:17.056+0000] {logging_mixin.py:190} INFO - [2024-10-14T02:41:17.055+0000] {dag.py:4180} INFO - Setting next_dagrun for example_display_name to None, run_after=None
[2024-10-14T02:41:17.081+0000] {processor.py:208} INFO - Processing /home/airflow/.local/lib/python3.12/site-packages/airflow/example_dags/example_display_name.py took 0.084 seconds
[2024-10-14T02:41:47.327+0000] {processor.py:186} INFO - Started process (PID=576) to work on /home/airflow/.local/lib/python3.12/site-packages/airflow/example_dags/example_display_name.py
[2024-10-14T02:41:47.328+0000] {processor.py:914} INFO - Processing file /home/airflow/.local/lib/python3.12/site-packages/airflow/example_dags/example_display_name.py for tasks to queue
[2024-10-14T02:41:47.330+0000] {logging_mixin.py:190} INFO - [2024-10-14T02:41:47.329+0000] {dagbag.py:588} INFO - Filling up the DagBag from /home/airflow/.local/lib/python3.12/site-packages/airflow/example_dags/example_display_name.py
[2024-10-14T02:41:47.341+0000] {processor.py:925} INFO - DAG(s) 'example_display_name' retrieved from /home/airflow/.local/lib/python3.12/site-packages/airflow/example_dags/example_display_name.py
[2024-10-14T02:41:47.367+0000] {logging_mixin.py:190} INFO - [2024-10-14T02:41:47.366+0000] {dag.py:3239} INFO - Sync 1 DAGs
[2024-10-14T02:41:47.385+0000] {logging_mixin.py:190} INFO - [2024-10-14T02:41:47.385+0000] {dag.py:4180} INFO - Setting next_dagrun for example_display_name to None, run_after=None
[2024-10-14T02:41:47.406+0000] {processor.py:208} INFO - Processing /home/airflow/.local/lib/python3.12/site-packages/airflow/example_dags/example_display_name.py took 0.085 seconds
[2024-10-14T02:42:17.835+0000] {processor.py:186} INFO - Started process (PID=640) to work on /home/airflow/.local/lib/python3.12/site-packages/airflow/example_dags/example_display_name.py
[2024-10-14T02:42:17.836+0000] {processor.py:914} INFO - Processing file /home/airflow/.local/lib/python3.12/site-packages/airflow/example_dags/example_display_name.py for tasks to queue
[2024-10-14T02:42:17.838+0000] {logging_mixin.py:190} INFO - [2024-10-14T02:42:17.838+0000] {dagbag.py:588} INFO - Filling up the DagBag from /home/airflow/.local/lib/python3.12/site-packages/airflow/example_dags/example_display_name.py
[2024-10-14T02:42:17.846+0000] {processor.py:925} INFO - DAG(s) 'example_display_name' retrieved from /home/airflow/.local/lib/python3.12/site-packages/airflow/example_dags/example_display_name.py
[2024-10-14T02:42:17.864+0000] {logging_mixin.py:190} INFO - [2024-10-14T02:42:17.864+0000] {dag.py:3239} INFO - Sync 1 DAGs
[2024-10-14T02:42:17.877+0000] {logging_mixin.py:190} INFO - [2024-10-14T02:42:17.877+0000] {dag.py:4180} INFO - Setting next_dagrun for example_display_name to None, run_after=None
[2024-10-14T02:42:17.896+0000] {processor.py:208} INFO - Processing /home/airflow/.local/lib/python3.12/site-packages/airflow/example_dags/example_display_name.py took 0.066 seconds
[2024-10-14T02:42:48.507+0000] {processor.py:186} INFO - Started process (PID=698) to work on /home/airflow/.local/lib/python3.12/site-packages/airflow/example_dags/example_display_name.py
[2024-10-14T02:42:48.508+0000] {processor.py:914} INFO - Processing file /home/airflow/.local/lib/python3.12/site-packages/airflow/example_dags/example_display_name.py for tasks to queue
[2024-10-14T02:42:48.510+0000] {logging_mixin.py:190} INFO - [2024-10-14T02:42:48.509+0000] {dagbag.py:588} INFO - Filling up the DagBag from /home/airflow/.local/lib/python3.12/site-packages/airflow/example_dags/example_display_name.py
[2024-10-14T02:42:48.518+0000] {processor.py:925} INFO - DAG(s) 'example_display_name' retrieved from /home/airflow/.local/lib/python3.12/site-packages/airflow/example_dags/example_display_name.py
[2024-10-14T02:42:48.536+0000] {logging_mixin.py:190} INFO - [2024-10-14T02:42:48.536+0000] {dag.py:3239} INFO - Sync 1 DAGs
[2024-10-14T02:42:48.552+0000] {logging_mixin.py:190} INFO - [2024-10-14T02:42:48.552+0000] {dag.py:4180} INFO - Setting next_dagrun for example_display_name to None, run_after=None
[2024-10-14T02:42:48.578+0000] {processor.py:208} INFO - Processing /home/airflow/.local/lib/python3.12/site-packages/airflow/example_dags/example_display_name.py took 0.077 seconds
[2024-10-14T02:43:21.439+0000] {processor.py:186} INFO - Started process (PID=760) to work on /home/airflow/.local/lib/python3.12/site-packages/airflow/example_dags/example_display_name.py
[2024-10-14T02:43:21.440+0000] {processor.py:914} INFO - Processing file /home/airflow/.local/lib/python3.12/site-packages/airflow/example_dags/example_display_name.py for tasks to queue
[2024-10-14T02:43:21.442+0000] {logging_mixin.py:190} INFO - [2024-10-14T02:43:21.442+0000] {dagbag.py:588} INFO - Filling up the DagBag from /home/airflow/.local/lib/python3.12/site-packages/airflow/example_dags/example_display_name.py
[2024-10-14T02:43:21.450+0000] {processor.py:925} INFO - DAG(s) 'example_display_name' retrieved from /home/airflow/.local/lib/python3.12/site-packages/airflow/example_dags/example_display_name.py
[2024-10-14T02:43:21.473+0000] {logging_mixin.py:190} INFO - [2024-10-14T02:43:21.473+0000] {dag.py:3239} INFO - Sync 1 DAGs
[2024-10-14T02:43:21.488+0000] {logging_mixin.py:190} INFO - [2024-10-14T02:43:21.487+0000] {dag.py:4180} INFO - Setting next_dagrun for example_display_name to None, run_after=None
[2024-10-14T02:43:21.512+0000] {processor.py:208} INFO - Processing /home/airflow/.local/lib/python3.12/site-packages/airflow/example_dags/example_display_name.py took 0.081 seconds
[2024-10-14T02:43:54.685+0000] {processor.py:186} INFO - Started process (PID=824) to work on /home/airflow/.local/lib/python3.12/site-packages/airflow/example_dags/example_display_name.py
[2024-10-14T02:43:54.686+0000] {processor.py:914} INFO - Processing file /home/airflow/.local/lib/python3.12/site-packages/airflow/example_dags/example_display_name.py for tasks to queue
[2024-10-14T02:43:54.688+0000] {logging_mixin.py:190} INFO - [2024-10-14T02:43:54.688+0000] {dagbag.py:588} INFO - Filling up the DagBag from /home/airflow/.local/lib/python3.12/site-packages/airflow/example_dags/example_display_name.py
[2024-10-14T02:43:54.696+0000] {processor.py:925} INFO - DAG(s) 'example_display_name' retrieved from /home/airflow/.local/lib/python3.12/site-packages/airflow/example_dags/example_display_name.py
[2024-10-14T02:43:54.715+0000] {logging_mixin.py:190} INFO - [2024-10-14T02:43:54.714+0000] {dag.py:3239} INFO - Sync 1 DAGs
[2024-10-14T02:43:54.728+0000] {logging_mixin.py:190} INFO - [2024-10-14T02:43:54.728+0000] {dag.py:4180} INFO - Setting next_dagrun for example_display_name to None, run_after=None
[2024-10-14T02:43:54.747+0000] {processor.py:208} INFO - Processing /home/airflow/.local/lib/python3.12/site-packages/airflow/example_dags/example_display_name.py took 0.067 seconds
[2024-10-14T02:44:25.160+0000] {processor.py:186} INFO - Started process (PID=841) to work on /home/airflow/.local/lib/python3.12/site-packages/airflow/example_dags/example_display_name.py
[2024-10-14T02:44:25.162+0000] {processor.py:914} INFO - Processing file /home/airflow/.local/lib/python3.12/site-packages/airflow/example_dags/example_display_name.py for tasks to queue
[2024-10-14T02:44:25.169+0000] {logging_mixin.py:190} INFO - [2024-10-14T02:44:25.168+0000] {dagbag.py:588} INFO - Filling up the DagBag from /home/airflow/.local/lib/python3.12/site-packages/airflow/example_dags/example_display_name.py
[2024-10-14T02:44:25.181+0000] {processor.py:925} INFO - DAG(s) 'example_display_name' retrieved from /home/airflow/.local/lib/python3.12/site-packages/airflow/example_dags/example_display_name.py
[2024-10-14T02:44:25.209+0000] {logging_mixin.py:190} INFO - [2024-10-14T02:44:25.209+0000] {dag.py:3239} INFO - Sync 1 DAGs
[2024-10-14T02:44:25.232+0000] {logging_mixin.py:190} INFO - [2024-10-14T02:44:25.232+0000] {dag.py:4180} INFO - Setting next_dagrun for example_display_name to None, run_after=None
[2024-10-14T02:44:25.261+0000] {processor.py:208} INFO - Processing /home/airflow/.local/lib/python3.12/site-packages/airflow/example_dags/example_display_name.py took 0.112 seconds
[2024-10-14T02:44:57.931+0000] {processor.py:186} INFO - Started process (PID=905) to work on /home/airflow/.local/lib/python3.12/site-packages/airflow/example_dags/example_display_name.py
[2024-10-14T02:44:57.933+0000] {processor.py:914} INFO - Processing file /home/airflow/.local/lib/python3.12/site-packages/airflow/example_dags/example_display_name.py for tasks to queue
[2024-10-14T02:44:57.936+0000] {logging_mixin.py:190} INFO - [2024-10-14T02:44:57.935+0000] {dagbag.py:588} INFO - Filling up the DagBag from /home/airflow/.local/lib/python3.12/site-packages/airflow/example_dags/example_display_name.py
[2024-10-14T02:44:57.944+0000] {processor.py:925} INFO - DAG(s) 'example_display_name' retrieved from /home/airflow/.local/lib/python3.12/site-packages/airflow/example_dags/example_display_name.py
[2024-10-14T02:44:57.964+0000] {logging_mixin.py:190} INFO - [2024-10-14T02:44:57.964+0000] {dag.py:3239} INFO - Sync 1 DAGs
[2024-10-14T02:44:57.980+0000] {logging_mixin.py:190} INFO - [2024-10-14T02:44:57.980+0000] {dag.py:4180} INFO - Setting next_dagrun for example_display_name to None, run_after=None
[2024-10-14T02:44:57.998+0000] {processor.py:208} INFO - Processing /home/airflow/.local/lib/python3.12/site-packages/airflow/example_dags/example_display_name.py took 0.073 seconds
[2024-10-14T02:45:30.795+0000] {processor.py:186} INFO - Started process (PID=969) to work on /home/airflow/.local/lib/python3.12/site-packages/airflow/example_dags/example_display_name.py
[2024-10-14T02:45:30.796+0000] {processor.py:914} INFO - Processing file /home/airflow/.local/lib/python3.12/site-packages/airflow/example_dags/example_display_name.py for tasks to queue
[2024-10-14T02:45:30.798+0000] {logging_mixin.py:190} INFO - [2024-10-14T02:45:30.798+0000] {dagbag.py:588} INFO - Filling up the DagBag from /home/airflow/.local/lib/python3.12/site-packages/airflow/example_dags/example_display_name.py
[2024-10-14T02:45:30.807+0000] {processor.py:925} INFO - DAG(s) 'example_display_name' retrieved from /home/airflow/.local/lib/python3.12/site-packages/airflow/example_dags/example_display_name.py
[2024-10-14T02:45:30.831+0000] {logging_mixin.py:190} INFO - [2024-10-14T02:45:30.831+0000] {dag.py:3239} INFO - Sync 1 DAGs
[2024-10-14T02:45:30.846+0000] {logging_mixin.py:190} INFO - [2024-10-14T02:45:30.846+0000] {dag.py:4180} INFO - Setting next_dagrun for example_display_name to None, run_after=None
[2024-10-14T02:45:30.866+0000] {processor.py:208} INFO - Processing /home/airflow/.local/lib/python3.12/site-packages/airflow/example_dags/example_display_name.py took 0.077 seconds
[2024-10-14T02:46:04.132+0000] {processor.py:186} INFO - Started process (PID=1033) to work on /home/airflow/.local/lib/python3.12/site-packages/airflow/example_dags/example_display_name.py
[2024-10-14T02:46:04.134+0000] {processor.py:914} INFO - Processing file /home/airflow/.local/lib/python3.12/site-packages/airflow/example_dags/example_display_name.py for tasks to queue
[2024-10-14T02:46:04.137+0000] {logging_mixin.py:190} INFO - [2024-10-14T02:46:04.136+0000] {dagbag.py:588} INFO - Filling up the DagBag from /home/airflow/.local/lib/python3.12/site-packages/airflow/example_dags/example_display_name.py
[2024-10-14T02:46:04.147+0000] {processor.py:925} INFO - DAG(s) 'example_display_name' retrieved from /home/airflow/.local/lib/python3.12/site-packages/airflow/example_dags/example_display_name.py
[2024-10-14T02:46:04.167+0000] {logging_mixin.py:190} INFO - [2024-10-14T02:46:04.167+0000] {dag.py:3239} INFO - Sync 1 DAGs
[2024-10-14T02:46:04.180+0000] {logging_mixin.py:190} INFO - [2024-10-14T02:46:04.180+0000] {dag.py:4180} INFO - Setting next_dagrun for example_display_name to None, run_after=None
[2024-10-14T02:46:04.203+0000] {processor.py:208} INFO - Processing /home/airflow/.local/lib/python3.12/site-packages/airflow/example_dags/example_display_name.py took 0.077 seconds
[2024-10-14T02:46:37.173+0000] {processor.py:186} INFO - Started process (PID=1097) to work on /home/airflow/.local/lib/python3.12/site-packages/airflow/example_dags/example_display_name.py
[2024-10-14T02:46:37.174+0000] {processor.py:914} INFO - Processing file /home/airflow/.local/lib/python3.12/site-packages/airflow/example_dags/example_display_name.py for tasks to queue
[2024-10-14T02:46:37.177+0000] {logging_mixin.py:190} INFO - [2024-10-14T02:46:37.176+0000] {dagbag.py:588} INFO - Filling up the DagBag from /home/airflow/.local/lib/python3.12/site-packages/airflow/example_dags/example_display_name.py
[2024-10-14T02:46:37.185+0000] {processor.py:925} INFO - DAG(s) 'example_display_name' retrieved from /home/airflow/.local/lib/python3.12/site-packages/airflow/example_dags/example_display_name.py
[2024-10-14T02:46:37.206+0000] {logging_mixin.py:190} INFO - [2024-10-14T02:46:37.205+0000] {dag.py:3239} INFO - Sync 1 DAGs
[2024-10-14T02:46:37.220+0000] {logging_mixin.py:190} INFO - [2024-10-14T02:46:37.220+0000] {dag.py:4180} INFO - Setting next_dagrun for example_display_name to None, run_after=None
[2024-10-14T02:46:37.241+0000] {processor.py:208} INFO - Processing /home/airflow/.local/lib/python3.12/site-packages/airflow/example_dags/example_display_name.py took 0.073 seconds
[2024-10-14T02:47:10.327+0000] {processor.py:186} INFO - Started process (PID=1161) to work on /home/airflow/.local/lib/python3.12/site-packages/airflow/example_dags/example_display_name.py
[2024-10-14T02:47:10.328+0000] {processor.py:914} INFO - Processing file /home/airflow/.local/lib/python3.12/site-packages/airflow/example_dags/example_display_name.py for tasks to queue
[2024-10-14T02:47:10.330+0000] {logging_mixin.py:190} INFO - [2024-10-14T02:47:10.330+0000] {dagbag.py:588} INFO - Filling up the DagBag from /home/airflow/.local/lib/python3.12/site-packages/airflow/example_dags/example_display_name.py
[2024-10-14T02:47:10.337+0000] {processor.py:925} INFO - DAG(s) 'example_display_name' retrieved from /home/airflow/.local/lib/python3.12/site-packages/airflow/example_dags/example_display_name.py
[2024-10-14T02:47:10.358+0000] {logging_mixin.py:190} INFO - [2024-10-14T02:47:10.358+0000] {dag.py:3239} INFO - Sync 1 DAGs
[2024-10-14T02:47:10.372+0000] {logging_mixin.py:190} INFO - [2024-10-14T02:47:10.372+0000] {dag.py:4180} INFO - Setting next_dagrun for example_display_name to None, run_after=None
[2024-10-14T02:47:10.393+0000] {processor.py:208} INFO - Processing /home/airflow/.local/lib/python3.12/site-packages/airflow/example_dags/example_display_name.py took 0.073 seconds
[2024-10-14T02:47:40.738+0000] {processor.py:186} INFO - Started process (PID=1225) to work on /home/airflow/.local/lib/python3.12/site-packages/airflow/example_dags/example_display_name.py
[2024-10-14T02:47:40.739+0000] {processor.py:914} INFO - Processing file /home/airflow/.local/lib/python3.12/site-packages/airflow/example_dags/example_display_name.py for tasks to queue
[2024-10-14T02:47:40.741+0000] {logging_mixin.py:190} INFO - [2024-10-14T02:47:40.741+0000] {dagbag.py:588} INFO - Filling up the DagBag from /home/airflow/.local/lib/python3.12/site-packages/airflow/example_dags/example_display_name.py
[2024-10-14T02:47:42.767+0000] {processor.py:925} INFO - DAG(s) 'example_display_name' retrieved from /home/airflow/.local/lib/python3.12/site-packages/airflow/example_dags/example_display_name.py
[2024-10-14T02:47:42.786+0000] {logging_mixin.py:190} INFO - [2024-10-14T02:47:42.786+0000] {dag.py:3239} INFO - Sync 1 DAGs
[2024-10-14T02:47:42.799+0000] {logging_mixin.py:190} INFO - [2024-10-14T02:47:42.798+0000] {dag.py:4180} INFO - Setting next_dagrun for example_display_name to None, run_after=None
[2024-10-14T02:47:42.819+0000] {processor.py:208} INFO - Processing /home/airflow/.local/lib/python3.12/site-packages/airflow/example_dags/example_display_name.py took 0.067 seconds
