[2024-10-14T02:26:49.879+0000] {processor.py:186} INFO - Started process (PID=79) to work on /home/airflow/.local/lib/python3.12/site-packages/airflow/example_dags/example_subdag_operator.py
[2024-10-14T02:26:49.880+0000] {processor.py:914} INFO - Processing file /home/airflow/.local/lib/python3.12/site-packages/airflow/example_dags/example_subdag_operator.py for tasks to queue
[2024-10-14T02:26:49.883+0000] {logging_mixin.py:190} INFO - [2024-10-14T02:26:49.883+0000] {dagbag.py:588} INFO - Filling up the DagBag from /home/airflow/.local/lib/python3.12/site-packages/airflow/example_dags/example_subdag_operator.py
[2024-10-14T02:26:49.921+0000] {processor.py:925} INFO - DAG(s) 'example_subdag_operator.section-1', 'example_subdag_operator.section-2', 'example_subdag_operator' retrieved from /home/airflow/.local/lib/python3.12/site-packages/airflow/example_dags/example_subdag_operator.py
[2024-10-14T02:26:50.058+0000] {logging_mixin.py:190} INFO - [2024-10-14T02:26:50.057+0000] {override.py:1900} INFO - Created Permission View: can delete on DAG:example_subdag_operator
[2024-10-14T02:26:50.068+0000] {logging_mixin.py:190} INFO - [2024-10-14T02:26:50.067+0000] {override.py:1900} INFO - Created Permission View: can edit on DAG:example_subdag_operator
[2024-10-14T02:26:50.076+0000] {logging_mixin.py:190} INFO - [2024-10-14T02:26:50.076+0000] {override.py:1900} INFO - Created Permission View: can read on DAG:example_subdag_operator
[2024-10-14T02:26:50.084+0000] {logging_mixin.py:190} INFO - [2024-10-14T02:26:50.084+0000] {override.py:1900} INFO - Created Permission View: can delete on DAG Run:example_subdag_operator
[2024-10-14T02:26:50.091+0000] {logging_mixin.py:190} INFO - [2024-10-14T02:26:50.090+0000] {override.py:1900} INFO - Created Permission View: can create on DAG Run:example_subdag_operator
[2024-10-14T02:26:50.097+0000] {logging_mixin.py:190} INFO - [2024-10-14T02:26:50.097+0000] {override.py:1900} INFO - Created Permission View: menu access on DAG Run:example_subdag_operator
[2024-10-14T02:26:50.105+0000] {logging_mixin.py:190} INFO - [2024-10-14T02:26:50.104+0000] {override.py:1900} INFO - Created Permission View: can read on DAG Run:example_subdag_operator
[2024-10-14T02:26:50.105+0000] {logging_mixin.py:190} INFO - [2024-10-14T02:26:50.105+0000] {dag.py:3239} INFO - Sync 3 DAGs
[2024-10-14T02:26:50.120+0000] {logging_mixin.py:190} INFO - [2024-10-14T02:26:50.120+0000] {dag.py:3262} INFO - Creating ORM DAG for example_subdag_operator.section-1
[2024-10-14T02:26:50.121+0000] {logging_mixin.py:190} INFO - [2024-10-14T02:26:50.121+0000] {dag.py:3262} INFO - Creating ORM DAG for example_subdag_operator
[2024-10-14T02:26:50.123+0000] {logging_mixin.py:190} INFO - [2024-10-14T02:26:50.123+0000] {dag.py:3262} INFO - Creating ORM DAG for example_subdag_operator.section-2
[2024-10-14T02:26:50.137+0000] {logging_mixin.py:190} INFO - [2024-10-14T02:26:50.137+0000] {dag.py:4180} INFO - Setting next_dagrun for example_subdag_operator to 2022-01-01 00:00:00+00:00, run_after=2022-01-01 00:00:00+00:00
[2024-10-14T02:26:50.138+0000] {logging_mixin.py:190} INFO - [2024-10-14T02:26:50.138+0000] {dag.py:4180} INFO - Setting next_dagrun for example_subdag_operator.section-1 to None, run_after=None
[2024-10-14T02:26:50.138+0000] {logging_mixin.py:190} INFO - [2024-10-14T02:26:50.138+0000] {dag.py:4180} INFO - Setting next_dagrun for example_subdag_operator.section-2 to None, run_after=None
[2024-10-14T02:26:50.154+0000] {logging_mixin.py:190} INFO - [2024-10-14T02:26:50.154+0000] {dag.py:3239} INFO - Sync 2 DAGs
[2024-10-14T02:26:50.163+0000] {logging_mixin.py:190} INFO - [2024-10-14T02:26:50.163+0000] {dag.py:4180} INFO - Setting next_dagrun for example_subdag_operator.section-1 to None, run_after=None
[2024-10-14T02:26:50.167+0000] {logging_mixin.py:190} INFO - [2024-10-14T02:26:50.166+0000] {dag.py:4180} INFO - Setting next_dagrun for example_subdag_operator.section-2 to None, run_after=None
[2024-10-14T02:26:50.181+0000] {processor.py:208} INFO - Processing /home/airflow/.local/lib/python3.12/site-packages/airflow/example_dags/example_subdag_operator.py took 0.310 seconds
[2024-10-14T02:27:20.333+0000] {processor.py:186} INFO - Started process (PID=136) to work on /home/airflow/.local/lib/python3.12/site-packages/airflow/example_dags/example_subdag_operator.py
[2024-10-14T02:27:20.334+0000] {processor.py:914} INFO - Processing file /home/airflow/.local/lib/python3.12/site-packages/airflow/example_dags/example_subdag_operator.py for tasks to queue
[2024-10-14T02:27:20.336+0000] {logging_mixin.py:190} INFO - [2024-10-14T02:27:20.336+0000] {dagbag.py:588} INFO - Filling up the DagBag from /home/airflow/.local/lib/python3.12/site-packages/airflow/example_dags/example_subdag_operator.py
[2024-10-14T02:27:20.359+0000] {processor.py:925} INFO - DAG(s) 'example_subdag_operator.section-1', 'example_subdag_operator.section-2', 'example_subdag_operator' retrieved from /home/airflow/.local/lib/python3.12/site-packages/airflow/example_dags/example_subdag_operator.py
[2024-10-14T02:27:20.375+0000] {logging_mixin.py:190} INFO - [2024-10-14T02:27:20.375+0000] {dag.py:3239} INFO - Sync 3 DAGs
[2024-10-14T02:27:20.399+0000] {logging_mixin.py:190} INFO - [2024-10-14T02:27:20.399+0000] {dag.py:4180} INFO - Setting next_dagrun for example_subdag_operator to 2022-01-01 00:00:00+00:00, run_after=2022-01-01 00:00:00+00:00
[2024-10-14T02:27:20.404+0000] {logging_mixin.py:190} INFO - [2024-10-14T02:27:20.403+0000] {dag.py:4180} INFO - Setting next_dagrun for example_subdag_operator.section-1 to None, run_after=None
[2024-10-14T02:27:20.405+0000] {logging_mixin.py:190} INFO - [2024-10-14T02:27:20.405+0000] {dag.py:4180} INFO - Setting next_dagrun for example_subdag_operator.section-2 to None, run_after=None
[2024-10-14T02:27:20.415+0000] {logging_mixin.py:190} INFO - [2024-10-14T02:27:20.415+0000] {dag.py:3239} INFO - Sync 2 DAGs
[2024-10-14T02:27:20.423+0000] {logging_mixin.py:190} INFO - [2024-10-14T02:27:20.423+0000] {dag.py:4180} INFO - Setting next_dagrun for example_subdag_operator.section-1 to None, run_after=None
[2024-10-14T02:27:20.424+0000] {logging_mixin.py:190} INFO - [2024-10-14T02:27:20.424+0000] {dag.py:4180} INFO - Setting next_dagrun for example_subdag_operator.section-2 to None, run_after=None
[2024-10-14T02:27:20.440+0000] {processor.py:208} INFO - Processing /home/airflow/.local/lib/python3.12/site-packages/airflow/example_dags/example_subdag_operator.py took 0.112 seconds
[2024-10-14T02:27:54.338+0000] {processor.py:186} INFO - Started process (PID=198) to work on /home/airflow/.local/lib/python3.12/site-packages/airflow/example_dags/example_subdag_operator.py
[2024-10-14T02:27:54.339+0000] {processor.py:914} INFO - Processing file /home/airflow/.local/lib/python3.12/site-packages/airflow/example_dags/example_subdag_operator.py for tasks to queue
[2024-10-14T02:27:54.342+0000] {logging_mixin.py:190} INFO - [2024-10-14T02:27:54.341+0000] {dagbag.py:588} INFO - Filling up the DagBag from /home/airflow/.local/lib/python3.12/site-packages/airflow/example_dags/example_subdag_operator.py
[2024-10-14T02:27:54.366+0000] {processor.py:925} INFO - DAG(s) 'example_subdag_operator.section-1', 'example_subdag_operator.section-2', 'example_subdag_operator' retrieved from /home/airflow/.local/lib/python3.12/site-packages/airflow/example_dags/example_subdag_operator.py
[2024-10-14T02:27:54.379+0000] {logging_mixin.py:190} INFO - [2024-10-14T02:27:54.379+0000] {dag.py:3239} INFO - Sync 3 DAGs
[2024-10-14T02:27:54.400+0000] {logging_mixin.py:190} INFO - [2024-10-14T02:27:54.400+0000] {dag.py:4180} INFO - Setting next_dagrun for example_subdag_operator to 2022-01-01 00:00:00+00:00, run_after=2022-01-01 00:00:00+00:00
[2024-10-14T02:27:54.404+0000] {logging_mixin.py:190} INFO - [2024-10-14T02:27:54.403+0000] {dag.py:4180} INFO - Setting next_dagrun for example_subdag_operator.section-1 to None, run_after=None
[2024-10-14T02:27:54.406+0000] {logging_mixin.py:190} INFO - [2024-10-14T02:27:54.405+0000] {dag.py:4180} INFO - Setting next_dagrun for example_subdag_operator.section-2 to None, run_after=None
[2024-10-14T02:27:54.413+0000] {logging_mixin.py:190} INFO - [2024-10-14T02:27:54.413+0000] {dag.py:3239} INFO - Sync 2 DAGs
[2024-10-14T02:27:54.418+0000] {logging_mixin.py:190} INFO - [2024-10-14T02:27:54.418+0000] {dag.py:4180} INFO - Setting next_dagrun for example_subdag_operator.section-1 to None, run_after=None
[2024-10-14T02:27:54.419+0000] {logging_mixin.py:190} INFO - [2024-10-14T02:27:54.419+0000] {dag.py:4180} INFO - Setting next_dagrun for example_subdag_operator.section-2 to None, run_after=None
[2024-10-14T02:27:54.445+0000] {processor.py:208} INFO - Processing /home/airflow/.local/lib/python3.12/site-packages/airflow/example_dags/example_subdag_operator.py took 0.112 seconds
[2024-10-14T02:28:26.571+0000] {processor.py:186} INFO - Started process (PID=261) to work on /home/airflow/.local/lib/python3.12/site-packages/airflow/example_dags/example_subdag_operator.py
[2024-10-14T02:28:26.572+0000] {processor.py:914} INFO - Processing file /home/airflow/.local/lib/python3.12/site-packages/airflow/example_dags/example_subdag_operator.py for tasks to queue
[2024-10-14T02:28:26.575+0000] {logging_mixin.py:190} INFO - [2024-10-14T02:28:26.575+0000] {dagbag.py:588} INFO - Filling up the DagBag from /home/airflow/.local/lib/python3.12/site-packages/airflow/example_dags/example_subdag_operator.py
[2024-10-14T02:28:26.599+0000] {processor.py:925} INFO - DAG(s) 'example_subdag_operator.section-1', 'example_subdag_operator.section-2', 'example_subdag_operator' retrieved from /home/airflow/.local/lib/python3.12/site-packages/airflow/example_dags/example_subdag_operator.py
[2024-10-14T02:28:26.613+0000] {logging_mixin.py:190} INFO - [2024-10-14T02:28:26.613+0000] {dag.py:3239} INFO - Sync 3 DAGs
[2024-10-14T02:28:26.637+0000] {logging_mixin.py:190} INFO - [2024-10-14T02:28:26.637+0000] {dag.py:4180} INFO - Setting next_dagrun for example_subdag_operator to 2022-01-01 00:00:00+00:00, run_after=2022-01-01 00:00:00+00:00
[2024-10-14T02:28:26.643+0000] {logging_mixin.py:190} INFO - [2024-10-14T02:28:26.643+0000] {dag.py:4180} INFO - Setting next_dagrun for example_subdag_operator.section-1 to None, run_after=None
[2024-10-14T02:28:26.645+0000] {logging_mixin.py:190} INFO - [2024-10-14T02:28:26.645+0000] {dag.py:4180} INFO - Setting next_dagrun for example_subdag_operator.section-2 to None, run_after=None
[2024-10-14T02:28:26.652+0000] {logging_mixin.py:190} INFO - [2024-10-14T02:28:26.652+0000] {dag.py:3239} INFO - Sync 2 DAGs
[2024-10-14T02:28:26.660+0000] {logging_mixin.py:190} INFO - [2024-10-14T02:28:26.660+0000] {dag.py:4180} INFO - Setting next_dagrun for example_subdag_operator.section-1 to None, run_after=None
[2024-10-14T02:28:26.661+0000] {logging_mixin.py:190} INFO - [2024-10-14T02:28:26.660+0000] {dag.py:4180} INFO - Setting next_dagrun for example_subdag_operator.section-2 to None, run_after=None
[2024-10-14T02:28:26.677+0000] {processor.py:208} INFO - Processing /home/airflow/.local/lib/python3.12/site-packages/airflow/example_dags/example_subdag_operator.py took 0.111 seconds
[2024-10-14T02:29:00.275+0000] {processor.py:186} INFO - Started process (PID=324) to work on /home/airflow/.local/lib/python3.12/site-packages/airflow/example_dags/example_subdag_operator.py
[2024-10-14T02:29:00.276+0000] {processor.py:914} INFO - Processing file /home/airflow/.local/lib/python3.12/site-packages/airflow/example_dags/example_subdag_operator.py for tasks to queue
[2024-10-14T02:29:00.278+0000] {logging_mixin.py:190} INFO - [2024-10-14T02:29:00.278+0000] {dagbag.py:588} INFO - Filling up the DagBag from /home/airflow/.local/lib/python3.12/site-packages/airflow/example_dags/example_subdag_operator.py
[2024-10-14T02:29:00.302+0000] {processor.py:925} INFO - DAG(s) 'example_subdag_operator.section-1', 'example_subdag_operator.section-2', 'example_subdag_operator' retrieved from /home/airflow/.local/lib/python3.12/site-packages/airflow/example_dags/example_subdag_operator.py
[2024-10-14T02:29:00.318+0000] {logging_mixin.py:190} INFO - [2024-10-14T02:29:00.317+0000] {dag.py:3239} INFO - Sync 3 DAGs
[2024-10-14T02:29:00.340+0000] {logging_mixin.py:190} INFO - [2024-10-14T02:29:00.339+0000] {dag.py:4180} INFO - Setting next_dagrun for example_subdag_operator to 2022-01-01 00:00:00+00:00, run_after=2022-01-01 00:00:00+00:00
[2024-10-14T02:29:00.344+0000] {logging_mixin.py:190} INFO - [2024-10-14T02:29:00.344+0000] {dag.py:4180} INFO - Setting next_dagrun for example_subdag_operator.section-1 to None, run_after=None
[2024-10-14T02:29:00.347+0000] {logging_mixin.py:190} INFO - [2024-10-14T02:29:00.346+0000] {dag.py:4180} INFO - Setting next_dagrun for example_subdag_operator.section-2 to None, run_after=None
[2024-10-14T02:29:00.356+0000] {logging_mixin.py:190} INFO - [2024-10-14T02:29:00.356+0000] {dag.py:3239} INFO - Sync 2 DAGs
[2024-10-14T02:29:00.365+0000] {logging_mixin.py:190} INFO - [2024-10-14T02:29:00.364+0000] {dag.py:4180} INFO - Setting next_dagrun for example_subdag_operator.section-1 to None, run_after=None
[2024-10-14T02:29:00.366+0000] {logging_mixin.py:190} INFO - [2024-10-14T02:29:00.366+0000] {dag.py:4180} INFO - Setting next_dagrun for example_subdag_operator.section-2 to None, run_after=None
[2024-10-14T02:29:00.379+0000] {processor.py:208} INFO - Processing /home/airflow/.local/lib/python3.12/site-packages/airflow/example_dags/example_subdag_operator.py took 0.110 seconds
[2024-10-14T02:29:32.876+0000] {processor.py:186} INFO - Started process (PID=387) to work on /home/airflow/.local/lib/python3.12/site-packages/airflow/example_dags/example_subdag_operator.py
[2024-10-14T02:29:32.877+0000] {processor.py:914} INFO - Processing file /home/airflow/.local/lib/python3.12/site-packages/airflow/example_dags/example_subdag_operator.py for tasks to queue
[2024-10-14T02:29:32.881+0000] {logging_mixin.py:190} INFO - [2024-10-14T02:29:32.880+0000] {dagbag.py:588} INFO - Filling up the DagBag from /home/airflow/.local/lib/python3.12/site-packages/airflow/example_dags/example_subdag_operator.py
[2024-10-14T02:29:32.917+0000] {processor.py:925} INFO - DAG(s) 'example_subdag_operator.section-1', 'example_subdag_operator.section-2', 'example_subdag_operator' retrieved from /home/airflow/.local/lib/python3.12/site-packages/airflow/example_dags/example_subdag_operator.py
[2024-10-14T02:29:32.934+0000] {logging_mixin.py:190} INFO - [2024-10-14T02:29:32.933+0000] {dag.py:3239} INFO - Sync 3 DAGs
[2024-10-14T02:29:32.962+0000] {logging_mixin.py:190} INFO - [2024-10-14T02:29:32.962+0000] {dag.py:4180} INFO - Setting next_dagrun for example_subdag_operator to 2022-01-01 00:00:00+00:00, run_after=2022-01-01 00:00:00+00:00
[2024-10-14T02:29:32.969+0000] {logging_mixin.py:190} INFO - [2024-10-14T02:29:32.968+0000] {dag.py:4180} INFO - Setting next_dagrun for example_subdag_operator.section-1 to None, run_after=None
[2024-10-14T02:29:32.971+0000] {logging_mixin.py:190} INFO - [2024-10-14T02:29:32.971+0000] {dag.py:4180} INFO - Setting next_dagrun for example_subdag_operator.section-2 to None, run_after=None
[2024-10-14T02:29:32.983+0000] {logging_mixin.py:190} INFO - [2024-10-14T02:29:32.983+0000] {dag.py:3239} INFO - Sync 2 DAGs
[2024-10-14T02:29:32.991+0000] {logging_mixin.py:190} INFO - [2024-10-14T02:29:32.991+0000] {dag.py:4180} INFO - Setting next_dagrun for example_subdag_operator.section-1 to None, run_after=None
[2024-10-14T02:29:32.992+0000] {logging_mixin.py:190} INFO - [2024-10-14T02:29:32.992+0000] {dag.py:4180} INFO - Setting next_dagrun for example_subdag_operator.section-2 to None, run_after=None
[2024-10-14T02:29:33.006+0000] {processor.py:208} INFO - Processing /home/airflow/.local/lib/python3.12/site-packages/airflow/example_dags/example_subdag_operator.py took 0.135 seconds
[2024-10-14T02:30:05.647+0000] {processor.py:186} INFO - Started process (PID=450) to work on /home/airflow/.local/lib/python3.12/site-packages/airflow/example_dags/example_subdag_operator.py
[2024-10-14T02:30:05.648+0000] {processor.py:914} INFO - Processing file /home/airflow/.local/lib/python3.12/site-packages/airflow/example_dags/example_subdag_operator.py for tasks to queue
[2024-10-14T02:30:05.651+0000] {logging_mixin.py:190} INFO - [2024-10-14T02:30:05.650+0000] {dagbag.py:588} INFO - Filling up the DagBag from /home/airflow/.local/lib/python3.12/site-packages/airflow/example_dags/example_subdag_operator.py
[2024-10-14T02:30:05.677+0000] {processor.py:925} INFO - DAG(s) 'example_subdag_operator.section-1', 'example_subdag_operator.section-2', 'example_subdag_operator' retrieved from /home/airflow/.local/lib/python3.12/site-packages/airflow/example_dags/example_subdag_operator.py
[2024-10-14T02:30:05.699+0000] {logging_mixin.py:190} INFO - [2024-10-14T02:30:05.698+0000] {dag.py:3239} INFO - Sync 3 DAGs
[2024-10-14T02:30:05.741+0000] {logging_mixin.py:190} INFO - [2024-10-14T02:30:05.741+0000] {dag.py:4180} INFO - Setting next_dagrun for example_subdag_operator to 2022-01-01 00:00:00+00:00, run_after=2022-01-01 00:00:00+00:00
[2024-10-14T02:30:05.750+0000] {logging_mixin.py:190} INFO - [2024-10-14T02:30:05.750+0000] {dag.py:4180} INFO - Setting next_dagrun for example_subdag_operator.section-1 to None, run_after=None
[2024-10-14T02:30:05.752+0000] {logging_mixin.py:190} INFO - [2024-10-14T02:30:05.752+0000] {dag.py:4180} INFO - Setting next_dagrun for example_subdag_operator.section-2 to None, run_after=None
[2024-10-14T02:30:05.765+0000] {logging_mixin.py:190} INFO - [2024-10-14T02:30:05.765+0000] {dag.py:3239} INFO - Sync 2 DAGs
[2024-10-14T02:30:05.771+0000] {logging_mixin.py:190} INFO - [2024-10-14T02:30:05.771+0000] {dag.py:4180} INFO - Setting next_dagrun for example_subdag_operator.section-1 to None, run_after=None
[2024-10-14T02:30:05.772+0000] {logging_mixin.py:190} INFO - [2024-10-14T02:30:05.772+0000] {dag.py:4180} INFO - Setting next_dagrun for example_subdag_operator.section-2 to None, run_after=None
[2024-10-14T02:30:05.785+0000] {processor.py:208} INFO - Processing /home/airflow/.local/lib/python3.12/site-packages/airflow/example_dags/example_subdag_operator.py took 0.144 seconds
[2024-10-14T02:30:38.695+0000] {processor.py:186} INFO - Started process (PID=513) to work on /home/airflow/.local/lib/python3.12/site-packages/airflow/example_dags/example_subdag_operator.py
[2024-10-14T02:30:38.696+0000] {processor.py:914} INFO - Processing file /home/airflow/.local/lib/python3.12/site-packages/airflow/example_dags/example_subdag_operator.py for tasks to queue
[2024-10-14T02:30:38.698+0000] {logging_mixin.py:190} INFO - [2024-10-14T02:30:38.698+0000] {dagbag.py:588} INFO - Filling up the DagBag from /home/airflow/.local/lib/python3.12/site-packages/airflow/example_dags/example_subdag_operator.py
[2024-10-14T02:30:38.726+0000] {processor.py:925} INFO - DAG(s) 'example_subdag_operator.section-1', 'example_subdag_operator.section-2', 'example_subdag_operator' retrieved from /home/airflow/.local/lib/python3.12/site-packages/airflow/example_dags/example_subdag_operator.py
[2024-10-14T02:30:38.739+0000] {logging_mixin.py:190} INFO - [2024-10-14T02:30:38.739+0000] {dag.py:3239} INFO - Sync 3 DAGs
[2024-10-14T02:30:38.765+0000] {logging_mixin.py:190} INFO - [2024-10-14T02:30:38.764+0000] {dag.py:4180} INFO - Setting next_dagrun for example_subdag_operator to 2022-01-01 00:00:00+00:00, run_after=2022-01-01 00:00:00+00:00
[2024-10-14T02:30:38.770+0000] {logging_mixin.py:190} INFO - [2024-10-14T02:30:38.770+0000] {dag.py:4180} INFO - Setting next_dagrun for example_subdag_operator.section-1 to None, run_after=None
[2024-10-14T02:30:38.771+0000] {logging_mixin.py:190} INFO - [2024-10-14T02:30:38.771+0000] {dag.py:4180} INFO - Setting next_dagrun for example_subdag_operator.section-2 to None, run_after=None
[2024-10-14T02:30:38.778+0000] {logging_mixin.py:190} INFO - [2024-10-14T02:30:38.778+0000] {dag.py:3239} INFO - Sync 2 DAGs
[2024-10-14T02:30:38.787+0000] {logging_mixin.py:190} INFO - [2024-10-14T02:30:38.786+0000] {dag.py:4180} INFO - Setting next_dagrun for example_subdag_operator.section-1 to None, run_after=None
[2024-10-14T02:30:38.787+0000] {logging_mixin.py:190} INFO - [2024-10-14T02:30:38.787+0000] {dag.py:4180} INFO - Setting next_dagrun for example_subdag_operator.section-2 to None, run_after=None
[2024-10-14T02:30:38.804+0000] {processor.py:208} INFO - Processing /home/airflow/.local/lib/python3.12/site-packages/airflow/example_dags/example_subdag_operator.py took 0.116 seconds
[2024-10-14T02:31:11.764+0000] {processor.py:186} INFO - Started process (PID=577) to work on /home/airflow/.local/lib/python3.12/site-packages/airflow/example_dags/example_subdag_operator.py
[2024-10-14T02:31:11.765+0000] {processor.py:914} INFO - Processing file /home/airflow/.local/lib/python3.12/site-packages/airflow/example_dags/example_subdag_operator.py for tasks to queue
[2024-10-14T02:31:11.768+0000] {logging_mixin.py:190} INFO - [2024-10-14T02:31:11.768+0000] {dagbag.py:588} INFO - Filling up the DagBag from /home/airflow/.local/lib/python3.12/site-packages/airflow/example_dags/example_subdag_operator.py
[2024-10-14T02:31:11.794+0000] {processor.py:925} INFO - DAG(s) 'example_subdag_operator.section-1', 'example_subdag_operator.section-2', 'example_subdag_operator' retrieved from /home/airflow/.local/lib/python3.12/site-packages/airflow/example_dags/example_subdag_operator.py
[2024-10-14T02:31:11.809+0000] {logging_mixin.py:190} INFO - [2024-10-14T02:31:11.809+0000] {dag.py:3239} INFO - Sync 3 DAGs
[2024-10-14T02:31:11.830+0000] {logging_mixin.py:190} INFO - [2024-10-14T02:31:11.830+0000] {dag.py:4180} INFO - Setting next_dagrun for example_subdag_operator to 2022-01-01 00:00:00+00:00, run_after=2022-01-01 00:00:00+00:00
[2024-10-14T02:31:11.834+0000] {logging_mixin.py:190} INFO - [2024-10-14T02:31:11.834+0000] {dag.py:4180} INFO - Setting next_dagrun for example_subdag_operator.section-1 to None, run_after=None
[2024-10-14T02:31:11.836+0000] {logging_mixin.py:190} INFO - [2024-10-14T02:31:11.835+0000] {dag.py:4180} INFO - Setting next_dagrun for example_subdag_operator.section-2 to None, run_after=None
[2024-10-14T02:31:11.843+0000] {logging_mixin.py:190} INFO - [2024-10-14T02:31:11.842+0000] {dag.py:3239} INFO - Sync 2 DAGs
[2024-10-14T02:31:11.848+0000] {logging_mixin.py:190} INFO - [2024-10-14T02:31:11.848+0000] {dag.py:4180} INFO - Setting next_dagrun for example_subdag_operator.section-1 to None, run_after=None
[2024-10-14T02:31:11.849+0000] {logging_mixin.py:190} INFO - [2024-10-14T02:31:11.849+0000] {dag.py:4180} INFO - Setting next_dagrun for example_subdag_operator.section-2 to None, run_after=None
[2024-10-14T02:31:11.862+0000] {processor.py:208} INFO - Processing /home/airflow/.local/lib/python3.12/site-packages/airflow/example_dags/example_subdag_operator.py took 0.103 seconds
[2024-10-14T02:31:44.976+0000] {processor.py:186} INFO - Started process (PID=640) to work on /home/airflow/.local/lib/python3.12/site-packages/airflow/example_dags/example_subdag_operator.py
[2024-10-14T02:31:44.977+0000] {processor.py:914} INFO - Processing file /home/airflow/.local/lib/python3.12/site-packages/airflow/example_dags/example_subdag_operator.py for tasks to queue
[2024-10-14T02:31:44.980+0000] {logging_mixin.py:190} INFO - [2024-10-14T02:31:44.980+0000] {dagbag.py:588} INFO - Filling up the DagBag from /home/airflow/.local/lib/python3.12/site-packages/airflow/example_dags/example_subdag_operator.py
[2024-10-14T02:31:45.007+0000] {processor.py:925} INFO - DAG(s) 'example_subdag_operator.section-1', 'example_subdag_operator.section-2', 'example_subdag_operator' retrieved from /home/airflow/.local/lib/python3.12/site-packages/airflow/example_dags/example_subdag_operator.py
[2024-10-14T02:31:45.025+0000] {logging_mixin.py:190} INFO - [2024-10-14T02:31:45.025+0000] {dag.py:3239} INFO - Sync 3 DAGs
[2024-10-14T02:31:45.056+0000] {logging_mixin.py:190} INFO - [2024-10-14T02:31:45.056+0000] {dag.py:4180} INFO - Setting next_dagrun for example_subdag_operator to 2022-01-01 00:00:00+00:00, run_after=2022-01-01 00:00:00+00:00
[2024-10-14T02:31:45.061+0000] {logging_mixin.py:190} INFO - [2024-10-14T02:31:45.061+0000] {dag.py:4180} INFO - Setting next_dagrun for example_subdag_operator.section-1 to None, run_after=None
[2024-10-14T02:31:45.063+0000] {logging_mixin.py:190} INFO - [2024-10-14T02:31:45.063+0000] {dag.py:4180} INFO - Setting next_dagrun for example_subdag_operator.section-2 to None, run_after=None
[2024-10-14T02:31:45.075+0000] {logging_mixin.py:190} INFO - [2024-10-14T02:31:45.074+0000] {dag.py:3239} INFO - Sync 2 DAGs
[2024-10-14T02:31:45.084+0000] {logging_mixin.py:190} INFO - [2024-10-14T02:31:45.083+0000] {dag.py:4180} INFO - Setting next_dagrun for example_subdag_operator.section-1 to None, run_after=None
[2024-10-14T02:31:45.085+0000] {logging_mixin.py:190} INFO - [2024-10-14T02:31:45.085+0000] {dag.py:4180} INFO - Setting next_dagrun for example_subdag_operator.section-2 to None, run_after=None
[2024-10-14T02:31:45.108+0000] {processor.py:208} INFO - Processing /home/airflow/.local/lib/python3.12/site-packages/airflow/example_dags/example_subdag_operator.py took 0.141 seconds
[2024-10-14T02:32:17.311+0000] {processor.py:186} INFO - Started process (PID=703) to work on /home/airflow/.local/lib/python3.12/site-packages/airflow/example_dags/example_subdag_operator.py
[2024-10-14T02:32:17.312+0000] {processor.py:914} INFO - Processing file /home/airflow/.local/lib/python3.12/site-packages/airflow/example_dags/example_subdag_operator.py for tasks to queue
[2024-10-14T02:32:17.315+0000] {logging_mixin.py:190} INFO - [2024-10-14T02:32:17.314+0000] {dagbag.py:588} INFO - Filling up the DagBag from /home/airflow/.local/lib/python3.12/site-packages/airflow/example_dags/example_subdag_operator.py
[2024-10-14T02:32:17.342+0000] {processor.py:925} INFO - DAG(s) 'example_subdag_operator.section-1', 'example_subdag_operator.section-2', 'example_subdag_operator' retrieved from /home/airflow/.local/lib/python3.12/site-packages/airflow/example_dags/example_subdag_operator.py
[2024-10-14T02:32:17.358+0000] {logging_mixin.py:190} INFO - [2024-10-14T02:32:17.358+0000] {dag.py:3239} INFO - Sync 3 DAGs
[2024-10-14T02:32:17.386+0000] {logging_mixin.py:190} INFO - [2024-10-14T02:32:17.386+0000] {dag.py:4180} INFO - Setting next_dagrun for example_subdag_operator to 2022-01-01 00:00:00+00:00, run_after=2022-01-01 00:00:00+00:00
[2024-10-14T02:32:17.390+0000] {logging_mixin.py:190} INFO - [2024-10-14T02:32:17.390+0000] {dag.py:4180} INFO - Setting next_dagrun for example_subdag_operator.section-1 to None, run_after=None
[2024-10-14T02:32:17.392+0000] {logging_mixin.py:190} INFO - [2024-10-14T02:32:17.392+0000] {dag.py:4180} INFO - Setting next_dagrun for example_subdag_operator.section-2 to None, run_after=None
[2024-10-14T02:32:17.399+0000] {logging_mixin.py:190} INFO - [2024-10-14T02:32:17.399+0000] {dag.py:3239} INFO - Sync 2 DAGs
[2024-10-14T02:32:17.404+0000] {logging_mixin.py:190} INFO - [2024-10-14T02:32:17.404+0000] {dag.py:4180} INFO - Setting next_dagrun for example_subdag_operator.section-1 to None, run_after=None
[2024-10-14T02:32:17.405+0000] {logging_mixin.py:190} INFO - [2024-10-14T02:32:17.405+0000] {dag.py:4180} INFO - Setting next_dagrun for example_subdag_operator.section-2 to None, run_after=None
[2024-10-14T02:32:17.417+0000] {processor.py:208} INFO - Processing /home/airflow/.local/lib/python3.12/site-packages/airflow/example_dags/example_subdag_operator.py took 0.112 seconds
[2024-10-14T02:32:50.795+0000] {processor.py:186} INFO - Started process (PID=766) to work on /home/airflow/.local/lib/python3.12/site-packages/airflow/example_dags/example_subdag_operator.py
[2024-10-14T02:32:50.797+0000] {processor.py:914} INFO - Processing file /home/airflow/.local/lib/python3.12/site-packages/airflow/example_dags/example_subdag_operator.py for tasks to queue
[2024-10-14T02:32:50.799+0000] {logging_mixin.py:190} INFO - [2024-10-14T02:32:50.799+0000] {dagbag.py:588} INFO - Filling up the DagBag from /home/airflow/.local/lib/python3.12/site-packages/airflow/example_dags/example_subdag_operator.py
[2024-10-14T02:32:50.826+0000] {processor.py:925} INFO - DAG(s) 'example_subdag_operator.section-1', 'example_subdag_operator.section-2', 'example_subdag_operator' retrieved from /home/airflow/.local/lib/python3.12/site-packages/airflow/example_dags/example_subdag_operator.py
[2024-10-14T02:32:50.843+0000] {logging_mixin.py:190} INFO - [2024-10-14T02:32:50.842+0000] {dag.py:3239} INFO - Sync 3 DAGs
[2024-10-14T02:32:50.870+0000] {logging_mixin.py:190} INFO - [2024-10-14T02:32:50.869+0000] {dag.py:4180} INFO - Setting next_dagrun for example_subdag_operator to 2022-01-01 00:00:00+00:00, run_after=2022-01-01 00:00:00+00:00
[2024-10-14T02:32:50.874+0000] {logging_mixin.py:190} INFO - [2024-10-14T02:32:50.874+0000] {dag.py:4180} INFO - Setting next_dagrun for example_subdag_operator.section-1 to None, run_after=None
[2024-10-14T02:32:50.877+0000] {logging_mixin.py:190} INFO - [2024-10-14T02:32:50.877+0000] {dag.py:4180} INFO - Setting next_dagrun for example_subdag_operator.section-2 to None, run_after=None
[2024-10-14T02:32:50.886+0000] {logging_mixin.py:190} INFO - [2024-10-14T02:32:50.886+0000] {dag.py:3239} INFO - Sync 2 DAGs
[2024-10-14T02:32:50.895+0000] {logging_mixin.py:190} INFO - [2024-10-14T02:32:50.893+0000] {dag.py:4180} INFO - Setting next_dagrun for example_subdag_operator.section-1 to None, run_after=None
[2024-10-14T02:32:50.896+0000] {logging_mixin.py:190} INFO - [2024-10-14T02:32:50.896+0000] {dag.py:4180} INFO - Setting next_dagrun for example_subdag_operator.section-2 to None, run_after=None
[2024-10-14T02:32:50.911+0000] {processor.py:208} INFO - Processing /home/airflow/.local/lib/python3.12/site-packages/airflow/example_dags/example_subdag_operator.py took 0.121 seconds
[2024-10-14T02:33:23.422+0000] {processor.py:186} INFO - Started process (PID=829) to work on /home/airflow/.local/lib/python3.12/site-packages/airflow/example_dags/example_subdag_operator.py
[2024-10-14T02:33:23.423+0000] {processor.py:914} INFO - Processing file /home/airflow/.local/lib/python3.12/site-packages/airflow/example_dags/example_subdag_operator.py for tasks to queue
[2024-10-14T02:33:23.426+0000] {logging_mixin.py:190} INFO - [2024-10-14T02:33:23.425+0000] {dagbag.py:588} INFO - Filling up the DagBag from /home/airflow/.local/lib/python3.12/site-packages/airflow/example_dags/example_subdag_operator.py
[2024-10-14T02:33:23.449+0000] {processor.py:925} INFO - DAG(s) 'example_subdag_operator.section-1', 'example_subdag_operator.section-2', 'example_subdag_operator' retrieved from /home/airflow/.local/lib/python3.12/site-packages/airflow/example_dags/example_subdag_operator.py
[2024-10-14T02:33:23.465+0000] {logging_mixin.py:190} INFO - [2024-10-14T02:33:23.465+0000] {dag.py:3239} INFO - Sync 3 DAGs
[2024-10-14T02:33:23.491+0000] {logging_mixin.py:190} INFO - [2024-10-14T02:33:23.491+0000] {dag.py:4180} INFO - Setting next_dagrun for example_subdag_operator to 2022-01-01 00:00:00+00:00, run_after=2022-01-01 00:00:00+00:00
[2024-10-14T02:33:23.495+0000] {logging_mixin.py:190} INFO - [2024-10-14T02:33:23.495+0000] {dag.py:4180} INFO - Setting next_dagrun for example_subdag_operator.section-1 to None, run_after=None
[2024-10-14T02:33:23.497+0000] {logging_mixin.py:190} INFO - [2024-10-14T02:33:23.497+0000] {dag.py:4180} INFO - Setting next_dagrun for example_subdag_operator.section-2 to None, run_after=None
[2024-10-14T02:33:23.504+0000] {logging_mixin.py:190} INFO - [2024-10-14T02:33:23.503+0000] {dag.py:3239} INFO - Sync 2 DAGs
[2024-10-14T02:33:23.509+0000] {logging_mixin.py:190} INFO - [2024-10-14T02:33:23.509+0000] {dag.py:4180} INFO - Setting next_dagrun for example_subdag_operator.section-1 to None, run_after=None
[2024-10-14T02:33:23.510+0000] {logging_mixin.py:190} INFO - [2024-10-14T02:33:23.510+0000] {dag.py:4180} INFO - Setting next_dagrun for example_subdag_operator.section-2 to None, run_after=None
[2024-10-14T02:33:23.521+0000] {processor.py:208} INFO - Processing /home/airflow/.local/lib/python3.12/site-packages/airflow/example_dags/example_subdag_operator.py took 0.105 seconds
[2024-10-14T02:33:56.853+0000] {processor.py:186} INFO - Started process (PID=894) to work on /home/airflow/.local/lib/python3.12/site-packages/airflow/example_dags/example_subdag_operator.py
[2024-10-14T02:33:56.854+0000] {processor.py:914} INFO - Processing file /home/airflow/.local/lib/python3.12/site-packages/airflow/example_dags/example_subdag_operator.py for tasks to queue
[2024-10-14T02:33:56.858+0000] {logging_mixin.py:190} INFO - [2024-10-14T02:33:56.857+0000] {dagbag.py:588} INFO - Filling up the DagBag from /home/airflow/.local/lib/python3.12/site-packages/airflow/example_dags/example_subdag_operator.py
[2024-10-14T02:33:56.890+0000] {processor.py:925} INFO - DAG(s) 'example_subdag_operator.section-1', 'example_subdag_operator.section-2', 'example_subdag_operator' retrieved from /home/airflow/.local/lib/python3.12/site-packages/airflow/example_dags/example_subdag_operator.py
[2024-10-14T02:33:56.940+0000] {logging_mixin.py:190} INFO - [2024-10-14T02:33:56.940+0000] {dag.py:3239} INFO - Sync 3 DAGs
[2024-10-14T02:33:56.998+0000] {logging_mixin.py:190} INFO - [2024-10-14T02:33:56.998+0000] {dag.py:4180} INFO - Setting next_dagrun for example_subdag_operator to 2022-01-01 00:00:00+00:00, run_after=2022-01-01 00:00:00+00:00
[2024-10-14T02:33:57.004+0000] {logging_mixin.py:190} INFO - [2024-10-14T02:33:57.003+0000] {dag.py:4180} INFO - Setting next_dagrun for example_subdag_operator.section-1 to None, run_after=None
[2024-10-14T02:33:57.005+0000] {logging_mixin.py:190} INFO - [2024-10-14T02:33:57.005+0000] {dag.py:4180} INFO - Setting next_dagrun for example_subdag_operator.section-2 to None, run_after=None
[2024-10-14T02:33:57.015+0000] {logging_mixin.py:190} INFO - [2024-10-14T02:33:57.015+0000] {dag.py:3239} INFO - Sync 2 DAGs
[2024-10-14T02:33:57.022+0000] {logging_mixin.py:190} INFO - [2024-10-14T02:33:57.022+0000] {dag.py:4180} INFO - Setting next_dagrun for example_subdag_operator.section-1 to None, run_after=None
[2024-10-14T02:33:57.023+0000] {logging_mixin.py:190} INFO - [2024-10-14T02:33:57.023+0000] {dag.py:4180} INFO - Setting next_dagrun for example_subdag_operator.section-2 to None, run_after=None
[2024-10-14T02:33:57.044+0000] {processor.py:208} INFO - Processing /home/airflow/.local/lib/python3.12/site-packages/airflow/example_dags/example_subdag_operator.py took 0.197 seconds
[2024-10-14T02:34:29.621+0000] {processor.py:186} INFO - Started process (PID=957) to work on /home/airflow/.local/lib/python3.12/site-packages/airflow/example_dags/example_subdag_operator.py
[2024-10-14T02:34:29.622+0000] {processor.py:914} INFO - Processing file /home/airflow/.local/lib/python3.12/site-packages/airflow/example_dags/example_subdag_operator.py for tasks to queue
[2024-10-14T02:34:29.624+0000] {logging_mixin.py:190} INFO - [2024-10-14T02:34:29.624+0000] {dagbag.py:588} INFO - Filling up the DagBag from /home/airflow/.local/lib/python3.12/site-packages/airflow/example_dags/example_subdag_operator.py
[2024-10-14T02:34:29.650+0000] {processor.py:925} INFO - DAG(s) 'example_subdag_operator.section-1', 'example_subdag_operator.section-2', 'example_subdag_operator' retrieved from /home/airflow/.local/lib/python3.12/site-packages/airflow/example_dags/example_subdag_operator.py
[2024-10-14T02:34:29.666+0000] {logging_mixin.py:190} INFO - [2024-10-14T02:34:29.666+0000] {dag.py:3239} INFO - Sync 3 DAGs
[2024-10-14T02:34:29.696+0000] {logging_mixin.py:190} INFO - [2024-10-14T02:34:29.695+0000] {dag.py:4180} INFO - Setting next_dagrun for example_subdag_operator to 2022-01-01 00:00:00+00:00, run_after=2022-01-01 00:00:00+00:00
[2024-10-14T02:34:29.700+0000] {logging_mixin.py:190} INFO - [2024-10-14T02:34:29.699+0000] {dag.py:4180} INFO - Setting next_dagrun for example_subdag_operator.section-1 to None, run_after=None
[2024-10-14T02:34:29.701+0000] {logging_mixin.py:190} INFO - [2024-10-14T02:34:29.701+0000] {dag.py:4180} INFO - Setting next_dagrun for example_subdag_operator.section-2 to None, run_after=None
[2024-10-14T02:34:29.710+0000] {logging_mixin.py:190} INFO - [2024-10-14T02:34:29.710+0000] {dag.py:3239} INFO - Sync 2 DAGs
[2024-10-14T02:34:29.719+0000] {logging_mixin.py:190} INFO - [2024-10-14T02:34:29.718+0000] {dag.py:4180} INFO - Setting next_dagrun for example_subdag_operator.section-1 to None, run_after=None
[2024-10-14T02:34:29.720+0000] {logging_mixin.py:190} INFO - [2024-10-14T02:34:29.719+0000] {dag.py:4180} INFO - Setting next_dagrun for example_subdag_operator.section-2 to None, run_after=None
[2024-10-14T02:34:29.741+0000] {processor.py:208} INFO - Processing /home/airflow/.local/lib/python3.12/site-packages/airflow/example_dags/example_subdag_operator.py took 0.126 seconds
[2024-10-14T02:35:02.896+0000] {processor.py:186} INFO - Started process (PID=1020) to work on /home/airflow/.local/lib/python3.12/site-packages/airflow/example_dags/example_subdag_operator.py
[2024-10-14T02:35:02.899+0000] {processor.py:914} INFO - Processing file /home/airflow/.local/lib/python3.12/site-packages/airflow/example_dags/example_subdag_operator.py for tasks to queue
[2024-10-14T02:35:02.903+0000] {logging_mixin.py:190} INFO - [2024-10-14T02:35:02.902+0000] {dagbag.py:588} INFO - Filling up the DagBag from /home/airflow/.local/lib/python3.12/site-packages/airflow/example_dags/example_subdag_operator.py
[2024-10-14T02:35:02.934+0000] {processor.py:925} INFO - DAG(s) 'example_subdag_operator.section-1', 'example_subdag_operator.section-2', 'example_subdag_operator' retrieved from /home/airflow/.local/lib/python3.12/site-packages/airflow/example_dags/example_subdag_operator.py
[2024-10-14T02:35:02.957+0000] {logging_mixin.py:190} INFO - [2024-10-14T02:35:02.956+0000] {dag.py:3239} INFO - Sync 3 DAGs
[2024-10-14T02:35:02.985+0000] {logging_mixin.py:190} INFO - [2024-10-14T02:35:02.985+0000] {dag.py:4180} INFO - Setting next_dagrun for example_subdag_operator to 2022-01-01 00:00:00+00:00, run_after=2022-01-01 00:00:00+00:00
[2024-10-14T02:35:02.990+0000] {logging_mixin.py:190} INFO - [2024-10-14T02:35:02.990+0000] {dag.py:4180} INFO - Setting next_dagrun for example_subdag_operator.section-1 to None, run_after=None
[2024-10-14T02:35:02.993+0000] {logging_mixin.py:190} INFO - [2024-10-14T02:35:02.992+0000] {dag.py:4180} INFO - Setting next_dagrun for example_subdag_operator.section-2 to None, run_after=None
[2024-10-14T02:35:03.003+0000] {logging_mixin.py:190} INFO - [2024-10-14T02:35:03.003+0000] {dag.py:3239} INFO - Sync 2 DAGs
[2024-10-14T02:35:03.012+0000] {logging_mixin.py:190} INFO - [2024-10-14T02:35:03.012+0000] {dag.py:4180} INFO - Setting next_dagrun for example_subdag_operator.section-1 to None, run_after=None
[2024-10-14T02:35:03.013+0000] {logging_mixin.py:190} INFO - [2024-10-14T02:35:03.012+0000] {dag.py:4180} INFO - Setting next_dagrun for example_subdag_operator.section-2 to None, run_after=None
[2024-10-14T02:35:03.031+0000] {processor.py:208} INFO - Processing /home/airflow/.local/lib/python3.12/site-packages/airflow/example_dags/example_subdag_operator.py took 0.140 seconds
[2024-10-14T02:35:35.858+0000] {processor.py:186} INFO - Started process (PID=1083) to work on /home/airflow/.local/lib/python3.12/site-packages/airflow/example_dags/example_subdag_operator.py
[2024-10-14T02:35:35.860+0000] {processor.py:914} INFO - Processing file /home/airflow/.local/lib/python3.12/site-packages/airflow/example_dags/example_subdag_operator.py for tasks to queue
[2024-10-14T02:35:35.864+0000] {logging_mixin.py:190} INFO - [2024-10-14T02:35:35.863+0000] {dagbag.py:588} INFO - Filling up the DagBag from /home/airflow/.local/lib/python3.12/site-packages/airflow/example_dags/example_subdag_operator.py
[2024-10-14T02:35:35.892+0000] {processor.py:925} INFO - DAG(s) 'example_subdag_operator.section-1', 'example_subdag_operator.section-2', 'example_subdag_operator' retrieved from /home/airflow/.local/lib/python3.12/site-packages/airflow/example_dags/example_subdag_operator.py
[2024-10-14T02:35:35.908+0000] {logging_mixin.py:190} INFO - [2024-10-14T02:35:35.908+0000] {dag.py:3239} INFO - Sync 3 DAGs
[2024-10-14T02:35:35.933+0000] {logging_mixin.py:190} INFO - [2024-10-14T02:35:35.933+0000] {dag.py:4180} INFO - Setting next_dagrun for example_subdag_operator to 2022-01-01 00:00:00+00:00, run_after=2022-01-01 00:00:00+00:00
[2024-10-14T02:35:35.937+0000] {logging_mixin.py:190} INFO - [2024-10-14T02:35:35.937+0000] {dag.py:4180} INFO - Setting next_dagrun for example_subdag_operator.section-1 to None, run_after=None
[2024-10-14T02:35:35.939+0000] {logging_mixin.py:190} INFO - [2024-10-14T02:35:35.938+0000] {dag.py:4180} INFO - Setting next_dagrun for example_subdag_operator.section-2 to None, run_after=None
[2024-10-14T02:35:35.948+0000] {logging_mixin.py:190} INFO - [2024-10-14T02:35:35.948+0000] {dag.py:3239} INFO - Sync 2 DAGs
[2024-10-14T02:35:35.958+0000] {logging_mixin.py:190} INFO - [2024-10-14T02:35:35.957+0000] {dag.py:4180} INFO - Setting next_dagrun for example_subdag_operator.section-1 to None, run_after=None
[2024-10-14T02:35:35.959+0000] {logging_mixin.py:190} INFO - [2024-10-14T02:35:35.958+0000] {dag.py:4180} INFO - Setting next_dagrun for example_subdag_operator.section-2 to None, run_after=None
[2024-10-14T02:35:35.972+0000] {processor.py:208} INFO - Processing /home/airflow/.local/lib/python3.12/site-packages/airflow/example_dags/example_subdag_operator.py took 0.121 seconds
[2024-10-14T02:36:09.485+0000] {processor.py:186} INFO - Started process (PID=1146) to work on /home/airflow/.local/lib/python3.12/site-packages/airflow/example_dags/example_subdag_operator.py
[2024-10-14T02:36:09.486+0000] {processor.py:914} INFO - Processing file /home/airflow/.local/lib/python3.12/site-packages/airflow/example_dags/example_subdag_operator.py for tasks to queue
[2024-10-14T02:36:09.488+0000] {logging_mixin.py:190} INFO - [2024-10-14T02:36:09.488+0000] {dagbag.py:588} INFO - Filling up the DagBag from /home/airflow/.local/lib/python3.12/site-packages/airflow/example_dags/example_subdag_operator.py
[2024-10-14T02:36:09.516+0000] {processor.py:925} INFO - DAG(s) 'example_subdag_operator.section-1', 'example_subdag_operator.section-2', 'example_subdag_operator' retrieved from /home/airflow/.local/lib/python3.12/site-packages/airflow/example_dags/example_subdag_operator.py
[2024-10-14T02:36:09.531+0000] {logging_mixin.py:190} INFO - [2024-10-14T02:36:09.531+0000] {dag.py:3239} INFO - Sync 3 DAGs
[2024-10-14T02:36:09.555+0000] {logging_mixin.py:190} INFO - [2024-10-14T02:36:09.555+0000] {dag.py:4180} INFO - Setting next_dagrun for example_subdag_operator to 2022-01-01 00:00:00+00:00, run_after=2022-01-01 00:00:00+00:00
[2024-10-14T02:36:09.559+0000] {logging_mixin.py:190} INFO - [2024-10-14T02:36:09.559+0000] {dag.py:4180} INFO - Setting next_dagrun for example_subdag_operator.section-1 to None, run_after=None
[2024-10-14T02:36:09.561+0000] {logging_mixin.py:190} INFO - [2024-10-14T02:36:09.561+0000] {dag.py:4180} INFO - Setting next_dagrun for example_subdag_operator.section-2 to None, run_after=None
[2024-10-14T02:36:09.568+0000] {logging_mixin.py:190} INFO - [2024-10-14T02:36:09.568+0000] {dag.py:3239} INFO - Sync 2 DAGs
[2024-10-14T02:36:09.573+0000] {logging_mixin.py:190} INFO - [2024-10-14T02:36:09.573+0000] {dag.py:4180} INFO - Setting next_dagrun for example_subdag_operator.section-1 to None, run_after=None
[2024-10-14T02:36:09.574+0000] {logging_mixin.py:190} INFO - [2024-10-14T02:36:09.574+0000] {dag.py:4180} INFO - Setting next_dagrun for example_subdag_operator.section-2 to None, run_after=None
[2024-10-14T02:36:09.588+0000] {processor.py:208} INFO - Processing /home/airflow/.local/lib/python3.12/site-packages/airflow/example_dags/example_subdag_operator.py took 0.109 seconds
[2024-10-14T02:37:47.641+0000] {processor.py:186} INFO - Started process (PID=73) to work on /home/airflow/.local/lib/python3.12/site-packages/airflow/example_dags/example_subdag_operator.py
[2024-10-14T02:37:47.642+0000] {processor.py:914} INFO - Processing file /home/airflow/.local/lib/python3.12/site-packages/airflow/example_dags/example_subdag_operator.py for tasks to queue
[2024-10-14T02:37:47.647+0000] {logging_mixin.py:190} INFO - [2024-10-14T02:37:47.646+0000] {dagbag.py:588} INFO - Filling up the DagBag from /home/airflow/.local/lib/python3.12/site-packages/airflow/example_dags/example_subdag_operator.py
[2024-10-14T02:37:47.672+0000] {processor.py:925} INFO - DAG(s) 'example_subdag_operator.section-1', 'example_subdag_operator.section-2', 'example_subdag_operator' retrieved from /home/airflow/.local/lib/python3.12/site-packages/airflow/example_dags/example_subdag_operator.py
[2024-10-14T02:37:47.695+0000] {logging_mixin.py:190} INFO - [2024-10-14T02:37:47.694+0000] {dag.py:3239} INFO - Sync 3 DAGs
[2024-10-14T02:37:47.723+0000] {logging_mixin.py:190} INFO - [2024-10-14T02:37:47.723+0000] {dag.py:4180} INFO - Setting next_dagrun for example_subdag_operator to 2022-01-01 00:00:00+00:00, run_after=2022-01-01 00:00:00+00:00
[2024-10-14T02:37:47.727+0000] {logging_mixin.py:190} INFO - [2024-10-14T02:37:47.727+0000] {dag.py:4180} INFO - Setting next_dagrun for example_subdag_operator.section-1 to None, run_after=None
[2024-10-14T02:37:47.729+0000] {logging_mixin.py:190} INFO - [2024-10-14T02:37:47.729+0000] {dag.py:4180} INFO - Setting next_dagrun for example_subdag_operator.section-2 to None, run_after=None
[2024-10-14T02:37:47.739+0000] {logging_mixin.py:190} INFO - [2024-10-14T02:37:47.738+0000] {dag.py:3239} INFO - Sync 2 DAGs
[2024-10-14T02:37:47.757+0000] {logging_mixin.py:190} INFO - [2024-10-14T02:37:47.756+0000] {dag.py:4180} INFO - Setting next_dagrun for example_subdag_operator.section-1 to None, run_after=None
[2024-10-14T02:37:47.760+0000] {logging_mixin.py:190} INFO - [2024-10-14T02:37:47.758+0000] {dag.py:4180} INFO - Setting next_dagrun for example_subdag_operator.section-2 to None, run_after=None
[2024-10-14T02:37:47.779+0000] {processor.py:208} INFO - Processing /home/airflow/.local/lib/python3.12/site-packages/airflow/example_dags/example_subdag_operator.py took 0.143 seconds
[2024-10-14T02:38:20.623+0000] {processor.py:186} INFO - Started process (PID=137) to work on /home/airflow/.local/lib/python3.12/site-packages/airflow/example_dags/example_subdag_operator.py
[2024-10-14T02:38:20.624+0000] {processor.py:914} INFO - Processing file /home/airflow/.local/lib/python3.12/site-packages/airflow/example_dags/example_subdag_operator.py for tasks to queue
[2024-10-14T02:38:20.627+0000] {logging_mixin.py:190} INFO - [2024-10-14T02:38:20.626+0000] {dagbag.py:588} INFO - Filling up the DagBag from /home/airflow/.local/lib/python3.12/site-packages/airflow/example_dags/example_subdag_operator.py
[2024-10-14T02:38:20.652+0000] {processor.py:925} INFO - DAG(s) 'example_subdag_operator.section-1', 'example_subdag_operator.section-2', 'example_subdag_operator' retrieved from /home/airflow/.local/lib/python3.12/site-packages/airflow/example_dags/example_subdag_operator.py
[2024-10-14T02:38:20.666+0000] {logging_mixin.py:190} INFO - [2024-10-14T02:38:20.665+0000] {dag.py:3239} INFO - Sync 3 DAGs
[2024-10-14T02:38:20.685+0000] {logging_mixin.py:190} INFO - [2024-10-14T02:38:20.685+0000] {dag.py:4180} INFO - Setting next_dagrun for example_subdag_operator to 2022-01-01 00:00:00+00:00, run_after=2022-01-01 00:00:00+00:00
[2024-10-14T02:38:20.689+0000] {logging_mixin.py:190} INFO - [2024-10-14T02:38:20.689+0000] {dag.py:4180} INFO - Setting next_dagrun for example_subdag_operator.section-1 to None, run_after=None
[2024-10-14T02:38:20.691+0000] {logging_mixin.py:190} INFO - [2024-10-14T02:38:20.691+0000] {dag.py:4180} INFO - Setting next_dagrun for example_subdag_operator.section-2 to None, run_after=None
[2024-10-14T02:38:20.698+0000] {logging_mixin.py:190} INFO - [2024-10-14T02:38:20.698+0000] {dag.py:3239} INFO - Sync 2 DAGs
[2024-10-14T02:38:20.706+0000] {logging_mixin.py:190} INFO - [2024-10-14T02:38:20.705+0000] {dag.py:4180} INFO - Setting next_dagrun for example_subdag_operator.section-1 to None, run_after=None
[2024-10-14T02:38:20.707+0000] {logging_mixin.py:190} INFO - [2024-10-14T02:38:20.706+0000] {dag.py:4180} INFO - Setting next_dagrun for example_subdag_operator.section-2 to None, run_after=None
[2024-10-14T02:38:20.718+0000] {processor.py:208} INFO - Processing /home/airflow/.local/lib/python3.12/site-packages/airflow/example_dags/example_subdag_operator.py took 0.100 seconds
[2024-10-14T02:38:54.588+0000] {processor.py:186} INFO - Started process (PID=201) to work on /home/airflow/.local/lib/python3.12/site-packages/airflow/example_dags/example_subdag_operator.py
[2024-10-14T02:38:54.590+0000] {processor.py:914} INFO - Processing file /home/airflow/.local/lib/python3.12/site-packages/airflow/example_dags/example_subdag_operator.py for tasks to queue
[2024-10-14T02:38:54.597+0000] {logging_mixin.py:190} INFO - [2024-10-14T02:38:54.596+0000] {dagbag.py:588} INFO - Filling up the DagBag from /home/airflow/.local/lib/python3.12/site-packages/airflow/example_dags/example_subdag_operator.py
[2024-10-14T02:38:54.676+0000] {processor.py:925} INFO - DAG(s) 'example_subdag_operator.section-1', 'example_subdag_operator.section-2', 'example_subdag_operator' retrieved from /home/airflow/.local/lib/python3.12/site-packages/airflow/example_dags/example_subdag_operator.py
[2024-10-14T02:38:54.783+0000] {logging_mixin.py:190} INFO - [2024-10-14T02:38:54.783+0000] {dag.py:3239} INFO - Sync 3 DAGs
[2024-10-14T02:38:54.870+0000] {logging_mixin.py:190} INFO - [2024-10-14T02:38:54.870+0000] {dag.py:4180} INFO - Setting next_dagrun for example_subdag_operator to 2022-01-01 00:00:00+00:00, run_after=2022-01-01 00:00:00+00:00
[2024-10-14T02:38:54.886+0000] {logging_mixin.py:190} INFO - [2024-10-14T02:38:54.886+0000] {dag.py:4180} INFO - Setting next_dagrun for example_subdag_operator.section-1 to None, run_after=None
[2024-10-14T02:38:54.890+0000] {logging_mixin.py:190} INFO - [2024-10-14T02:38:54.889+0000] {dag.py:4180} INFO - Setting next_dagrun for example_subdag_operator.section-2 to None, run_after=None
[2024-10-14T02:38:54.914+0000] {logging_mixin.py:190} INFO - [2024-10-14T02:38:54.914+0000] {dag.py:3239} INFO - Sync 2 DAGs
[2024-10-14T02:38:54.941+0000] {logging_mixin.py:190} INFO - [2024-10-14T02:38:54.941+0000] {dag.py:4180} INFO - Setting next_dagrun for example_subdag_operator.section-1 to None, run_after=None
[2024-10-14T02:38:54.943+0000] {logging_mixin.py:190} INFO - [2024-10-14T02:38:54.942+0000] {dag.py:4180} INFO - Setting next_dagrun for example_subdag_operator.section-2 to None, run_after=None
[2024-10-14T02:38:54.978+0000] {processor.py:208} INFO - Processing /home/airflow/.local/lib/python3.12/site-packages/airflow/example_dags/example_subdag_operator.py took 0.402 seconds
[2024-10-14T02:39:27.163+0000] {processor.py:186} INFO - Started process (PID=266) to work on /home/airflow/.local/lib/python3.12/site-packages/airflow/example_dags/example_subdag_operator.py
[2024-10-14T02:39:27.164+0000] {processor.py:914} INFO - Processing file /home/airflow/.local/lib/python3.12/site-packages/airflow/example_dags/example_subdag_operator.py for tasks to queue
[2024-10-14T02:39:27.168+0000] {logging_mixin.py:190} INFO - [2024-10-14T02:39:27.167+0000] {dagbag.py:588} INFO - Filling up the DagBag from /home/airflow/.local/lib/python3.12/site-packages/airflow/example_dags/example_subdag_operator.py
[2024-10-14T02:39:27.194+0000] {processor.py:925} INFO - DAG(s) 'example_subdag_operator.section-1', 'example_subdag_operator.section-2', 'example_subdag_operator' retrieved from /home/airflow/.local/lib/python3.12/site-packages/airflow/example_dags/example_subdag_operator.py
[2024-10-14T02:39:27.210+0000] {logging_mixin.py:190} INFO - [2024-10-14T02:39:27.210+0000] {dag.py:3239} INFO - Sync 3 DAGs
[2024-10-14T02:39:27.261+0000] {logging_mixin.py:190} INFO - [2024-10-14T02:39:27.261+0000] {dag.py:4180} INFO - Setting next_dagrun for example_subdag_operator to 2022-01-01 00:00:00+00:00, run_after=2022-01-01 00:00:00+00:00
[2024-10-14T02:39:27.267+0000] {logging_mixin.py:190} INFO - [2024-10-14T02:39:27.267+0000] {dag.py:4180} INFO - Setting next_dagrun for example_subdag_operator.section-1 to None, run_after=None
[2024-10-14T02:39:27.269+0000] {logging_mixin.py:190} INFO - [2024-10-14T02:39:27.269+0000] {dag.py:4180} INFO - Setting next_dagrun for example_subdag_operator.section-2 to None, run_after=None
[2024-10-14T02:39:27.278+0000] {logging_mixin.py:190} INFO - [2024-10-14T02:39:27.277+0000] {dag.py:3239} INFO - Sync 2 DAGs
[2024-10-14T02:39:27.284+0000] {logging_mixin.py:190} INFO - [2024-10-14T02:39:27.284+0000] {dag.py:4180} INFO - Setting next_dagrun for example_subdag_operator.section-1 to None, run_after=None
[2024-10-14T02:39:27.285+0000] {logging_mixin.py:190} INFO - [2024-10-14T02:39:27.285+0000] {dag.py:4180} INFO - Setting next_dagrun for example_subdag_operator.section-2 to None, run_after=None
[2024-10-14T02:39:27.302+0000] {processor.py:208} INFO - Processing /home/airflow/.local/lib/python3.12/site-packages/airflow/example_dags/example_subdag_operator.py took 0.145 seconds
[2024-10-14T02:40:00.432+0000] {processor.py:186} INFO - Started process (PID=330) to work on /home/airflow/.local/lib/python3.12/site-packages/airflow/example_dags/example_subdag_operator.py
[2024-10-14T02:40:00.433+0000] {processor.py:914} INFO - Processing file /home/airflow/.local/lib/python3.12/site-packages/airflow/example_dags/example_subdag_operator.py for tasks to queue
[2024-10-14T02:40:00.436+0000] {logging_mixin.py:190} INFO - [2024-10-14T02:40:00.435+0000] {dagbag.py:588} INFO - Filling up the DagBag from /home/airflow/.local/lib/python3.12/site-packages/airflow/example_dags/example_subdag_operator.py
[2024-10-14T02:40:00.469+0000] {processor.py:925} INFO - DAG(s) 'example_subdag_operator.section-1', 'example_subdag_operator.section-2', 'example_subdag_operator' retrieved from /home/airflow/.local/lib/python3.12/site-packages/airflow/example_dags/example_subdag_operator.py
[2024-10-14T02:40:00.510+0000] {logging_mixin.py:190} INFO - [2024-10-14T02:40:00.510+0000] {dag.py:3239} INFO - Sync 3 DAGs
[2024-10-14T02:40:00.570+0000] {logging_mixin.py:190} INFO - [2024-10-14T02:40:00.570+0000] {dag.py:4180} INFO - Setting next_dagrun for example_subdag_operator to 2022-01-01 00:00:00+00:00, run_after=2022-01-01 00:00:00+00:00
[2024-10-14T02:40:00.577+0000] {logging_mixin.py:190} INFO - [2024-10-14T02:40:00.577+0000] {dag.py:4180} INFO - Setting next_dagrun for example_subdag_operator.section-1 to None, run_after=None
[2024-10-14T02:40:00.582+0000] {logging_mixin.py:190} INFO - [2024-10-14T02:40:00.582+0000] {dag.py:4180} INFO - Setting next_dagrun for example_subdag_operator.section-2 to None, run_after=None
[2024-10-14T02:40:00.594+0000] {logging_mixin.py:190} INFO - [2024-10-14T02:40:00.592+0000] {dag.py:3239} INFO - Sync 2 DAGs
[2024-10-14T02:40:00.603+0000] {logging_mixin.py:190} INFO - [2024-10-14T02:40:00.602+0000] {dag.py:4180} INFO - Setting next_dagrun for example_subdag_operator.section-1 to None, run_after=None
[2024-10-14T02:40:00.604+0000] {logging_mixin.py:190} INFO - [2024-10-14T02:40:00.603+0000] {dag.py:4180} INFO - Setting next_dagrun for example_subdag_operator.section-2 to None, run_after=None
[2024-10-14T02:40:00.622+0000] {processor.py:208} INFO - Processing /home/airflow/.local/lib/python3.12/site-packages/airflow/example_dags/example_subdag_operator.py took 0.199 seconds
[2024-10-14T02:40:33.533+0000] {processor.py:186} INFO - Started process (PID=394) to work on /home/airflow/.local/lib/python3.12/site-packages/airflow/example_dags/example_subdag_operator.py
[2024-10-14T02:40:33.534+0000] {processor.py:914} INFO - Processing file /home/airflow/.local/lib/python3.12/site-packages/airflow/example_dags/example_subdag_operator.py for tasks to queue
[2024-10-14T02:40:33.537+0000] {logging_mixin.py:190} INFO - [2024-10-14T02:40:33.537+0000] {dagbag.py:588} INFO - Filling up the DagBag from /home/airflow/.local/lib/python3.12/site-packages/airflow/example_dags/example_subdag_operator.py
[2024-10-14T02:40:33.566+0000] {processor.py:925} INFO - DAG(s) 'example_subdag_operator.section-1', 'example_subdag_operator.section-2', 'example_subdag_operator' retrieved from /home/airflow/.local/lib/python3.12/site-packages/airflow/example_dags/example_subdag_operator.py
[2024-10-14T02:40:33.580+0000] {logging_mixin.py:190} INFO - [2024-10-14T02:40:33.580+0000] {dag.py:3239} INFO - Sync 3 DAGs
[2024-10-14T02:40:33.600+0000] {logging_mixin.py:190} INFO - [2024-10-14T02:40:33.600+0000] {dag.py:4180} INFO - Setting next_dagrun for example_subdag_operator to 2022-01-01 00:00:00+00:00, run_after=2022-01-01 00:00:00+00:00
[2024-10-14T02:40:33.604+0000] {logging_mixin.py:190} INFO - [2024-10-14T02:40:33.603+0000] {dag.py:4180} INFO - Setting next_dagrun for example_subdag_operator.section-1 to None, run_after=None
[2024-10-14T02:40:33.608+0000] {logging_mixin.py:190} INFO - [2024-10-14T02:40:33.607+0000] {dag.py:4180} INFO - Setting next_dagrun for example_subdag_operator.section-2 to None, run_after=None
[2024-10-14T02:40:33.617+0000] {logging_mixin.py:190} INFO - [2024-10-14T02:40:33.617+0000] {dag.py:3239} INFO - Sync 2 DAGs
[2024-10-14T02:40:33.623+0000] {logging_mixin.py:190} INFO - [2024-10-14T02:40:33.623+0000] {dag.py:4180} INFO - Setting next_dagrun for example_subdag_operator.section-1 to None, run_after=None
[2024-10-14T02:40:33.624+0000] {logging_mixin.py:190} INFO - [2024-10-14T02:40:33.624+0000] {dag.py:4180} INFO - Setting next_dagrun for example_subdag_operator.section-2 to None, run_after=None
[2024-10-14T02:40:33.636+0000] {processor.py:208} INFO - Processing /home/airflow/.local/lib/python3.12/site-packages/airflow/example_dags/example_subdag_operator.py took 0.110 seconds
[2024-10-14T02:41:05.934+0000] {processor.py:186} INFO - Started process (PID=458) to work on /home/airflow/.local/lib/python3.12/site-packages/airflow/example_dags/example_subdag_operator.py
[2024-10-14T02:41:05.935+0000] {processor.py:914} INFO - Processing file /home/airflow/.local/lib/python3.12/site-packages/airflow/example_dags/example_subdag_operator.py for tasks to queue
[2024-10-14T02:41:05.937+0000] {logging_mixin.py:190} INFO - [2024-10-14T02:41:05.937+0000] {dagbag.py:588} INFO - Filling up the DagBag from /home/airflow/.local/lib/python3.12/site-packages/airflow/example_dags/example_subdag_operator.py
[2024-10-14T02:41:05.964+0000] {processor.py:925} INFO - DAG(s) 'example_subdag_operator.section-1', 'example_subdag_operator.section-2', 'example_subdag_operator' retrieved from /home/airflow/.local/lib/python3.12/site-packages/airflow/example_dags/example_subdag_operator.py
[2024-10-14T02:41:05.982+0000] {logging_mixin.py:190} INFO - [2024-10-14T02:41:05.981+0000] {dag.py:3239} INFO - Sync 3 DAGs
[2024-10-14T02:41:06.008+0000] {logging_mixin.py:190} INFO - [2024-10-14T02:41:06.008+0000] {dag.py:4180} INFO - Setting next_dagrun for example_subdag_operator to 2022-01-01 00:00:00+00:00, run_after=2022-01-01 00:00:00+00:00
[2024-10-14T02:41:06.013+0000] {logging_mixin.py:190} INFO - [2024-10-14T02:41:06.013+0000] {dag.py:4180} INFO - Setting next_dagrun for example_subdag_operator.section-1 to None, run_after=None
[2024-10-14T02:41:06.015+0000] {logging_mixin.py:190} INFO - [2024-10-14T02:41:06.015+0000] {dag.py:4180} INFO - Setting next_dagrun for example_subdag_operator.section-2 to None, run_after=None
[2024-10-14T02:41:06.024+0000] {logging_mixin.py:190} INFO - [2024-10-14T02:41:06.023+0000] {dag.py:3239} INFO - Sync 2 DAGs
[2024-10-14T02:41:06.030+0000] {logging_mixin.py:190} INFO - [2024-10-14T02:41:06.029+0000] {dag.py:4180} INFO - Setting next_dagrun for example_subdag_operator.section-1 to None, run_after=None
[2024-10-14T02:41:06.030+0000] {logging_mixin.py:190} INFO - [2024-10-14T02:41:06.030+0000] {dag.py:4180} INFO - Setting next_dagrun for example_subdag_operator.section-2 to None, run_after=None
[2024-10-14T02:41:06.042+0000] {processor.py:208} INFO - Processing /home/airflow/.local/lib/python3.12/site-packages/airflow/example_dags/example_subdag_operator.py took 0.114 seconds
[2024-10-14T02:41:38.808+0000] {processor.py:186} INFO - Started process (PID=522) to work on /home/airflow/.local/lib/python3.12/site-packages/airflow/example_dags/example_subdag_operator.py
[2024-10-14T02:41:38.810+0000] {processor.py:914} INFO - Processing file /home/airflow/.local/lib/python3.12/site-packages/airflow/example_dags/example_subdag_operator.py for tasks to queue
[2024-10-14T02:41:38.813+0000] {logging_mixin.py:190} INFO - [2024-10-14T02:41:38.813+0000] {dagbag.py:588} INFO - Filling up the DagBag from /home/airflow/.local/lib/python3.12/site-packages/airflow/example_dags/example_subdag_operator.py
[2024-10-14T02:41:38.841+0000] {processor.py:925} INFO - DAG(s) 'example_subdag_operator.section-1', 'example_subdag_operator.section-2', 'example_subdag_operator' retrieved from /home/airflow/.local/lib/python3.12/site-packages/airflow/example_dags/example_subdag_operator.py
[2024-10-14T02:41:38.857+0000] {logging_mixin.py:190} INFO - [2024-10-14T02:41:38.856+0000] {dag.py:3239} INFO - Sync 3 DAGs
[2024-10-14T02:41:38.880+0000] {logging_mixin.py:190} INFO - [2024-10-14T02:41:38.880+0000] {dag.py:4180} INFO - Setting next_dagrun for example_subdag_operator to 2022-01-01 00:00:00+00:00, run_after=2022-01-01 00:00:00+00:00
[2024-10-14T02:41:38.885+0000] {logging_mixin.py:190} INFO - [2024-10-14T02:41:38.885+0000] {dag.py:4180} INFO - Setting next_dagrun for example_subdag_operator.section-1 to None, run_after=None
[2024-10-14T02:41:38.888+0000] {logging_mixin.py:190} INFO - [2024-10-14T02:41:38.887+0000] {dag.py:4180} INFO - Setting next_dagrun for example_subdag_operator.section-2 to None, run_after=None
[2024-10-14T02:41:38.898+0000] {logging_mixin.py:190} INFO - [2024-10-14T02:41:38.898+0000] {dag.py:3239} INFO - Sync 2 DAGs
[2024-10-14T02:41:38.905+0000] {logging_mixin.py:190} INFO - [2024-10-14T02:41:38.904+0000] {dag.py:4180} INFO - Setting next_dagrun for example_subdag_operator.section-1 to None, run_after=None
[2024-10-14T02:41:38.905+0000] {logging_mixin.py:190} INFO - [2024-10-14T02:41:38.905+0000] {dag.py:4180} INFO - Setting next_dagrun for example_subdag_operator.section-2 to None, run_after=None
[2024-10-14T02:41:38.918+0000] {processor.py:208} INFO - Processing /home/airflow/.local/lib/python3.12/site-packages/airflow/example_dags/example_subdag_operator.py took 0.115 seconds
[2024-10-14T02:42:12.506+0000] {processor.py:186} INFO - Started process (PID=586) to work on /home/airflow/.local/lib/python3.12/site-packages/airflow/example_dags/example_subdag_operator.py
[2024-10-14T02:42:12.508+0000] {processor.py:914} INFO - Processing file /home/airflow/.local/lib/python3.12/site-packages/airflow/example_dags/example_subdag_operator.py for tasks to queue
[2024-10-14T02:42:12.511+0000] {logging_mixin.py:190} INFO - [2024-10-14T02:42:12.510+0000] {dagbag.py:588} INFO - Filling up the DagBag from /home/airflow/.local/lib/python3.12/site-packages/airflow/example_dags/example_subdag_operator.py
[2024-10-14T02:42:12.537+0000] {processor.py:925} INFO - DAG(s) 'example_subdag_operator.section-1', 'example_subdag_operator.section-2', 'example_subdag_operator' retrieved from /home/airflow/.local/lib/python3.12/site-packages/airflow/example_dags/example_subdag_operator.py
[2024-10-14T02:42:12.550+0000] {logging_mixin.py:190} INFO - [2024-10-14T02:42:12.550+0000] {dag.py:3239} INFO - Sync 3 DAGs
[2024-10-14T02:42:12.570+0000] {logging_mixin.py:190} INFO - [2024-10-14T02:42:12.570+0000] {dag.py:4180} INFO - Setting next_dagrun for example_subdag_operator to 2022-01-01 00:00:00+00:00, run_after=2022-01-01 00:00:00+00:00
[2024-10-14T02:42:12.575+0000] {logging_mixin.py:190} INFO - [2024-10-14T02:42:12.575+0000] {dag.py:4180} INFO - Setting next_dagrun for example_subdag_operator.section-1 to None, run_after=None
[2024-10-14T02:42:12.578+0000] {logging_mixin.py:190} INFO - [2024-10-14T02:42:12.577+0000] {dag.py:4180} INFO - Setting next_dagrun for example_subdag_operator.section-2 to None, run_after=None
[2024-10-14T02:42:12.584+0000] {logging_mixin.py:190} INFO - [2024-10-14T02:42:12.584+0000] {dag.py:3239} INFO - Sync 2 DAGs
[2024-10-14T02:42:12.592+0000] {logging_mixin.py:190} INFO - [2024-10-14T02:42:12.591+0000] {dag.py:4180} INFO - Setting next_dagrun for example_subdag_operator.section-1 to None, run_after=None
[2024-10-14T02:42:12.592+0000] {logging_mixin.py:190} INFO - [2024-10-14T02:42:12.592+0000] {dag.py:4180} INFO - Setting next_dagrun for example_subdag_operator.section-2 to None, run_after=None
[2024-10-14T02:42:12.602+0000] {processor.py:208} INFO - Processing /home/airflow/.local/lib/python3.12/site-packages/airflow/example_dags/example_subdag_operator.py took 0.114 seconds
[2024-10-14T02:42:45.733+0000] {processor.py:186} INFO - Started process (PID=650) to work on /home/airflow/.local/lib/python3.12/site-packages/airflow/example_dags/example_subdag_operator.py
[2024-10-14T02:42:45.734+0000] {processor.py:914} INFO - Processing file /home/airflow/.local/lib/python3.12/site-packages/airflow/example_dags/example_subdag_operator.py for tasks to queue
[2024-10-14T02:42:45.736+0000] {logging_mixin.py:190} INFO - [2024-10-14T02:42:45.736+0000] {dagbag.py:588} INFO - Filling up the DagBag from /home/airflow/.local/lib/python3.12/site-packages/airflow/example_dags/example_subdag_operator.py
[2024-10-14T02:42:45.764+0000] {processor.py:925} INFO - DAG(s) 'example_subdag_operator.section-1', 'example_subdag_operator.section-2', 'example_subdag_operator' retrieved from /home/airflow/.local/lib/python3.12/site-packages/airflow/example_dags/example_subdag_operator.py
[2024-10-14T02:42:45.779+0000] {logging_mixin.py:190} INFO - [2024-10-14T02:42:45.779+0000] {dag.py:3239} INFO - Sync 3 DAGs
[2024-10-14T02:42:45.801+0000] {logging_mixin.py:190} INFO - [2024-10-14T02:42:45.801+0000] {dag.py:4180} INFO - Setting next_dagrun for example_subdag_operator to 2022-01-01 00:00:00+00:00, run_after=2022-01-01 00:00:00+00:00
[2024-10-14T02:42:45.807+0000] {logging_mixin.py:190} INFO - [2024-10-14T02:42:45.807+0000] {dag.py:4180} INFO - Setting next_dagrun for example_subdag_operator.section-1 to None, run_after=None
[2024-10-14T02:42:45.809+0000] {logging_mixin.py:190} INFO - [2024-10-14T02:42:45.809+0000] {dag.py:4180} INFO - Setting next_dagrun for example_subdag_operator.section-2 to None, run_after=None
[2024-10-14T02:42:45.818+0000] {logging_mixin.py:190} INFO - [2024-10-14T02:42:45.818+0000] {dag.py:3239} INFO - Sync 2 DAGs
[2024-10-14T02:42:45.825+0000] {logging_mixin.py:190} INFO - [2024-10-14T02:42:45.825+0000] {dag.py:4180} INFO - Setting next_dagrun for example_subdag_operator.section-1 to None, run_after=None
[2024-10-14T02:42:45.825+0000] {logging_mixin.py:190} INFO - [2024-10-14T02:42:45.825+0000] {dag.py:4180} INFO - Setting next_dagrun for example_subdag_operator.section-2 to None, run_after=None
[2024-10-14T02:42:45.836+0000] {processor.py:208} INFO - Processing /home/airflow/.local/lib/python3.12/site-packages/airflow/example_dags/example_subdag_operator.py took 0.110 seconds
[2024-10-14T02:43:18.639+0000] {processor.py:186} INFO - Started process (PID=714) to work on /home/airflow/.local/lib/python3.12/site-packages/airflow/example_dags/example_subdag_operator.py
[2024-10-14T02:43:18.640+0000] {processor.py:914} INFO - Processing file /home/airflow/.local/lib/python3.12/site-packages/airflow/example_dags/example_subdag_operator.py for tasks to queue
[2024-10-14T02:43:18.642+0000] {logging_mixin.py:190} INFO - [2024-10-14T02:43:18.642+0000] {dagbag.py:588} INFO - Filling up the DagBag from /home/airflow/.local/lib/python3.12/site-packages/airflow/example_dags/example_subdag_operator.py
[2024-10-14T02:43:18.669+0000] {processor.py:925} INFO - DAG(s) 'example_subdag_operator.section-1', 'example_subdag_operator.section-2', 'example_subdag_operator' retrieved from /home/airflow/.local/lib/python3.12/site-packages/airflow/example_dags/example_subdag_operator.py
[2024-10-14T02:43:18.685+0000] {logging_mixin.py:190} INFO - [2024-10-14T02:43:18.684+0000] {dag.py:3239} INFO - Sync 3 DAGs
[2024-10-14T02:43:18.706+0000] {logging_mixin.py:190} INFO - [2024-10-14T02:43:18.706+0000] {dag.py:4180} INFO - Setting next_dagrun for example_subdag_operator to 2022-01-01 00:00:00+00:00, run_after=2022-01-01 00:00:00+00:00
[2024-10-14T02:43:18.710+0000] {logging_mixin.py:190} INFO - [2024-10-14T02:43:18.710+0000] {dag.py:4180} INFO - Setting next_dagrun for example_subdag_operator.section-1 to None, run_after=None
[2024-10-14T02:43:18.712+0000] {logging_mixin.py:190} INFO - [2024-10-14T02:43:18.712+0000] {dag.py:4180} INFO - Setting next_dagrun for example_subdag_operator.section-2 to None, run_after=None
[2024-10-14T02:43:18.722+0000] {logging_mixin.py:190} INFO - [2024-10-14T02:43:18.722+0000] {dag.py:3239} INFO - Sync 2 DAGs
[2024-10-14T02:43:18.728+0000] {logging_mixin.py:190} INFO - [2024-10-14T02:43:18.727+0000] {dag.py:4180} INFO - Setting next_dagrun for example_subdag_operator.section-1 to None, run_after=None
[2024-10-14T02:43:18.729+0000] {logging_mixin.py:190} INFO - [2024-10-14T02:43:18.729+0000] {dag.py:4180} INFO - Setting next_dagrun for example_subdag_operator.section-2 to None, run_after=None
[2024-10-14T02:43:18.741+0000] {processor.py:208} INFO - Processing /home/airflow/.local/lib/python3.12/site-packages/airflow/example_dags/example_subdag_operator.py took 0.109 seconds
[2024-10-14T02:43:51.210+0000] {processor.py:186} INFO - Started process (PID=778) to work on /home/airflow/.local/lib/python3.12/site-packages/airflow/example_dags/example_subdag_operator.py
[2024-10-14T02:43:51.212+0000] {processor.py:914} INFO - Processing file /home/airflow/.local/lib/python3.12/site-packages/airflow/example_dags/example_subdag_operator.py for tasks to queue
[2024-10-14T02:43:51.215+0000] {logging_mixin.py:190} INFO - [2024-10-14T02:43:51.214+0000] {dagbag.py:588} INFO - Filling up the DagBag from /home/airflow/.local/lib/python3.12/site-packages/airflow/example_dags/example_subdag_operator.py
[2024-10-14T02:43:51.246+0000] {processor.py:925} INFO - DAG(s) 'example_subdag_operator.section-1', 'example_subdag_operator.section-2', 'example_subdag_operator' retrieved from /home/airflow/.local/lib/python3.12/site-packages/airflow/example_dags/example_subdag_operator.py
[2024-10-14T02:43:51.265+0000] {logging_mixin.py:190} INFO - [2024-10-14T02:43:51.265+0000] {dag.py:3239} INFO - Sync 3 DAGs
[2024-10-14T02:43:51.292+0000] {logging_mixin.py:190} INFO - [2024-10-14T02:43:51.292+0000] {dag.py:4180} INFO - Setting next_dagrun for example_subdag_operator to 2022-01-01 00:00:00+00:00, run_after=2022-01-01 00:00:00+00:00
[2024-10-14T02:43:51.297+0000] {logging_mixin.py:190} INFO - [2024-10-14T02:43:51.297+0000] {dag.py:4180} INFO - Setting next_dagrun for example_subdag_operator.section-1 to None, run_after=None
[2024-10-14T02:43:51.298+0000] {logging_mixin.py:190} INFO - [2024-10-14T02:43:51.298+0000] {dag.py:4180} INFO - Setting next_dagrun for example_subdag_operator.section-2 to None, run_after=None
[2024-10-14T02:43:51.310+0000] {logging_mixin.py:190} INFO - [2024-10-14T02:43:51.309+0000] {dag.py:3239} INFO - Sync 2 DAGs
[2024-10-14T02:43:51.318+0000] {logging_mixin.py:190} INFO - [2024-10-14T02:43:51.318+0000] {dag.py:4180} INFO - Setting next_dagrun for example_subdag_operator.section-1 to None, run_after=None
[2024-10-14T02:43:51.319+0000] {logging_mixin.py:190} INFO - [2024-10-14T02:43:51.319+0000] {dag.py:4180} INFO - Setting next_dagrun for example_subdag_operator.section-2 to None, run_after=None
[2024-10-14T02:43:51.337+0000] {processor.py:208} INFO - Processing /home/airflow/.local/lib/python3.12/site-packages/airflow/example_dags/example_subdag_operator.py took 0.133 seconds
[2024-10-14T02:44:25.880+0000] {processor.py:186} INFO - Started process (PID=848) to work on /home/airflow/.local/lib/python3.12/site-packages/airflow/example_dags/example_subdag_operator.py
[2024-10-14T02:44:25.881+0000] {processor.py:914} INFO - Processing file /home/airflow/.local/lib/python3.12/site-packages/airflow/example_dags/example_subdag_operator.py for tasks to queue
[2024-10-14T02:44:25.884+0000] {logging_mixin.py:190} INFO - [2024-10-14T02:44:25.883+0000] {dagbag.py:588} INFO - Filling up the DagBag from /home/airflow/.local/lib/python3.12/site-packages/airflow/example_dags/example_subdag_operator.py
[2024-10-14T02:44:25.913+0000] {processor.py:925} INFO - DAG(s) 'example_subdag_operator.section-1', 'example_subdag_operator.section-2', 'example_subdag_operator' retrieved from /home/airflow/.local/lib/python3.12/site-packages/airflow/example_dags/example_subdag_operator.py
[2024-10-14T02:44:25.929+0000] {logging_mixin.py:190} INFO - [2024-10-14T02:44:25.928+0000] {dag.py:3239} INFO - Sync 3 DAGs
[2024-10-14T02:44:25.964+0000] {logging_mixin.py:190} INFO - [2024-10-14T02:44:25.964+0000] {dag.py:4180} INFO - Setting next_dagrun for example_subdag_operator to 2022-01-01 00:00:00+00:00, run_after=2022-01-01 00:00:00+00:00
[2024-10-14T02:44:25.972+0000] {logging_mixin.py:190} INFO - [2024-10-14T02:44:25.970+0000] {dag.py:4180} INFO - Setting next_dagrun for example_subdag_operator.section-1 to None, run_after=None
[2024-10-14T02:44:25.975+0000] {logging_mixin.py:190} INFO - [2024-10-14T02:44:25.975+0000] {dag.py:4180} INFO - Setting next_dagrun for example_subdag_operator.section-2 to None, run_after=None
[2024-10-14T02:44:25.991+0000] {logging_mixin.py:190} INFO - [2024-10-14T02:44:25.990+0000] {dag.py:3239} INFO - Sync 2 DAGs
[2024-10-14T02:44:26.001+0000] {logging_mixin.py:190} INFO - [2024-10-14T02:44:26.000+0000] {dag.py:4180} INFO - Setting next_dagrun for example_subdag_operator.section-1 to None, run_after=None
[2024-10-14T02:44:26.002+0000] {logging_mixin.py:190} INFO - [2024-10-14T02:44:26.002+0000] {dag.py:4180} INFO - Setting next_dagrun for example_subdag_operator.section-2 to None, run_after=None
[2024-10-14T02:44:26.024+0000] {processor.py:208} INFO - Processing /home/airflow/.local/lib/python3.12/site-packages/airflow/example_dags/example_subdag_operator.py took 0.151 seconds
[2024-10-14T02:44:58.484+0000] {processor.py:186} INFO - Started process (PID=912) to work on /home/airflow/.local/lib/python3.12/site-packages/airflow/example_dags/example_subdag_operator.py
[2024-10-14T02:44:58.485+0000] {processor.py:914} INFO - Processing file /home/airflow/.local/lib/python3.12/site-packages/airflow/example_dags/example_subdag_operator.py for tasks to queue
[2024-10-14T02:44:58.488+0000] {logging_mixin.py:190} INFO - [2024-10-14T02:44:58.487+0000] {dagbag.py:588} INFO - Filling up the DagBag from /home/airflow/.local/lib/python3.12/site-packages/airflow/example_dags/example_subdag_operator.py
[2024-10-14T02:44:58.514+0000] {processor.py:925} INFO - DAG(s) 'example_subdag_operator.section-1', 'example_subdag_operator.section-2', 'example_subdag_operator' retrieved from /home/airflow/.local/lib/python3.12/site-packages/airflow/example_dags/example_subdag_operator.py
[2024-10-14T02:44:58.529+0000] {logging_mixin.py:190} INFO - [2024-10-14T02:44:58.528+0000] {dag.py:3239} INFO - Sync 3 DAGs
[2024-10-14T02:44:58.563+0000] {logging_mixin.py:190} INFO - [2024-10-14T02:44:58.563+0000] {dag.py:4180} INFO - Setting next_dagrun for example_subdag_operator to 2022-01-01 00:00:00+00:00, run_after=2022-01-01 00:00:00+00:00
[2024-10-14T02:44:58.567+0000] {logging_mixin.py:190} INFO - [2024-10-14T02:44:58.567+0000] {dag.py:4180} INFO - Setting next_dagrun for example_subdag_operator.section-1 to None, run_after=None
[2024-10-14T02:44:58.568+0000] {logging_mixin.py:190} INFO - [2024-10-14T02:44:58.568+0000] {dag.py:4180} INFO - Setting next_dagrun for example_subdag_operator.section-2 to None, run_after=None
[2024-10-14T02:44:58.576+0000] {logging_mixin.py:190} INFO - [2024-10-14T02:44:58.575+0000] {dag.py:3239} INFO - Sync 2 DAGs
[2024-10-14T02:44:58.582+0000] {logging_mixin.py:190} INFO - [2024-10-14T02:44:58.582+0000] {dag.py:4180} INFO - Setting next_dagrun for example_subdag_operator.section-1 to None, run_after=None
[2024-10-14T02:44:58.583+0000] {logging_mixin.py:190} INFO - [2024-10-14T02:44:58.583+0000] {dag.py:4180} INFO - Setting next_dagrun for example_subdag_operator.section-2 to None, run_after=None
[2024-10-14T02:44:58.596+0000] {processor.py:208} INFO - Processing /home/airflow/.local/lib/python3.12/site-packages/airflow/example_dags/example_subdag_operator.py took 0.118 seconds
[2024-10-14T02:45:31.561+0000] {processor.py:186} INFO - Started process (PID=979) to work on /home/airflow/.local/lib/python3.12/site-packages/airflow/example_dags/example_subdag_operator.py
[2024-10-14T02:45:31.562+0000] {processor.py:914} INFO - Processing file /home/airflow/.local/lib/python3.12/site-packages/airflow/example_dags/example_subdag_operator.py for tasks to queue
[2024-10-14T02:45:31.564+0000] {logging_mixin.py:190} INFO - [2024-10-14T02:45:31.564+0000] {dagbag.py:588} INFO - Filling up the DagBag from /home/airflow/.local/lib/python3.12/site-packages/airflow/example_dags/example_subdag_operator.py
[2024-10-14T02:45:31.592+0000] {processor.py:925} INFO - DAG(s) 'example_subdag_operator.section-1', 'example_subdag_operator.section-2', 'example_subdag_operator' retrieved from /home/airflow/.local/lib/python3.12/site-packages/airflow/example_dags/example_subdag_operator.py
[2024-10-14T02:45:31.609+0000] {logging_mixin.py:190} INFO - [2024-10-14T02:45:31.609+0000] {dag.py:3239} INFO - Sync 3 DAGs
[2024-10-14T02:45:31.631+0000] {logging_mixin.py:190} INFO - [2024-10-14T02:45:31.631+0000] {dag.py:4180} INFO - Setting next_dagrun for example_subdag_operator to 2022-01-01 00:00:00+00:00, run_after=2022-01-01 00:00:00+00:00
[2024-10-14T02:45:31.636+0000] {logging_mixin.py:190} INFO - [2024-10-14T02:45:31.636+0000] {dag.py:4180} INFO - Setting next_dagrun for example_subdag_operator.section-1 to None, run_after=None
[2024-10-14T02:45:31.638+0000] {logging_mixin.py:190} INFO - [2024-10-14T02:45:31.637+0000] {dag.py:4180} INFO - Setting next_dagrun for example_subdag_operator.section-2 to None, run_after=None
[2024-10-14T02:45:31.644+0000] {logging_mixin.py:190} INFO - [2024-10-14T02:45:31.644+0000] {dag.py:3239} INFO - Sync 2 DAGs
[2024-10-14T02:45:31.650+0000] {logging_mixin.py:190} INFO - [2024-10-14T02:45:31.650+0000] {dag.py:4180} INFO - Setting next_dagrun for example_subdag_operator.section-1 to None, run_after=None
[2024-10-14T02:45:31.651+0000] {logging_mixin.py:190} INFO - [2024-10-14T02:45:31.651+0000] {dag.py:4180} INFO - Setting next_dagrun for example_subdag_operator.section-2 to None, run_after=None
[2024-10-14T02:45:31.661+0000] {processor.py:208} INFO - Processing /home/airflow/.local/lib/python3.12/site-packages/airflow/example_dags/example_subdag_operator.py took 0.106 seconds
[2024-10-14T02:46:05.014+0000] {processor.py:186} INFO - Started process (PID=1043) to work on /home/airflow/.local/lib/python3.12/site-packages/airflow/example_dags/example_subdag_operator.py
[2024-10-14T02:46:05.015+0000] {processor.py:914} INFO - Processing file /home/airflow/.local/lib/python3.12/site-packages/airflow/example_dags/example_subdag_operator.py for tasks to queue
[2024-10-14T02:46:05.017+0000] {logging_mixin.py:190} INFO - [2024-10-14T02:46:05.017+0000] {dagbag.py:588} INFO - Filling up the DagBag from /home/airflow/.local/lib/python3.12/site-packages/airflow/example_dags/example_subdag_operator.py
[2024-10-14T02:46:05.047+0000] {processor.py:925} INFO - DAG(s) 'example_subdag_operator.section-1', 'example_subdag_operator.section-2', 'example_subdag_operator' retrieved from /home/airflow/.local/lib/python3.12/site-packages/airflow/example_dags/example_subdag_operator.py
[2024-10-14T02:46:05.063+0000] {logging_mixin.py:190} INFO - [2024-10-14T02:46:05.063+0000] {dag.py:3239} INFO - Sync 3 DAGs
[2024-10-14T02:46:05.102+0000] {logging_mixin.py:190} INFO - [2024-10-14T02:46:05.102+0000] {dag.py:4180} INFO - Setting next_dagrun for example_subdag_operator to 2022-01-01 00:00:00+00:00, run_after=2022-01-01 00:00:00+00:00
[2024-10-14T02:46:05.107+0000] {logging_mixin.py:190} INFO - [2024-10-14T02:46:05.107+0000] {dag.py:4180} INFO - Setting next_dagrun for example_subdag_operator.section-1 to None, run_after=None
[2024-10-14T02:46:05.112+0000] {logging_mixin.py:190} INFO - [2024-10-14T02:46:05.111+0000] {dag.py:4180} INFO - Setting next_dagrun for example_subdag_operator.section-2 to None, run_after=None
[2024-10-14T02:46:05.124+0000] {logging_mixin.py:190} INFO - [2024-10-14T02:46:05.124+0000] {dag.py:3239} INFO - Sync 2 DAGs
[2024-10-14T02:46:05.135+0000] {logging_mixin.py:190} INFO - [2024-10-14T02:46:05.134+0000] {dag.py:4180} INFO - Setting next_dagrun for example_subdag_operator.section-1 to None, run_after=None
[2024-10-14T02:46:05.136+0000] {logging_mixin.py:190} INFO - [2024-10-14T02:46:05.136+0000] {dag.py:4180} INFO - Setting next_dagrun for example_subdag_operator.section-2 to None, run_after=None
[2024-10-14T02:46:05.155+0000] {processor.py:208} INFO - Processing /home/airflow/.local/lib/python3.12/site-packages/airflow/example_dags/example_subdag_operator.py took 0.147 seconds
[2024-10-14T02:46:37.884+0000] {processor.py:186} INFO - Started process (PID=1107) to work on /home/airflow/.local/lib/python3.12/site-packages/airflow/example_dags/example_subdag_operator.py
[2024-10-14T02:46:37.885+0000] {processor.py:914} INFO - Processing file /home/airflow/.local/lib/python3.12/site-packages/airflow/example_dags/example_subdag_operator.py for tasks to queue
[2024-10-14T02:46:37.888+0000] {logging_mixin.py:190} INFO - [2024-10-14T02:46:37.887+0000] {dagbag.py:588} INFO - Filling up the DagBag from /home/airflow/.local/lib/python3.12/site-packages/airflow/example_dags/example_subdag_operator.py
[2024-10-14T02:46:37.912+0000] {processor.py:925} INFO - DAG(s) 'example_subdag_operator.section-1', 'example_subdag_operator.section-2', 'example_subdag_operator' retrieved from /home/airflow/.local/lib/python3.12/site-packages/airflow/example_dags/example_subdag_operator.py
[2024-10-14T02:46:37.928+0000] {logging_mixin.py:190} INFO - [2024-10-14T02:46:37.928+0000] {dag.py:3239} INFO - Sync 3 DAGs
[2024-10-14T02:46:37.951+0000] {logging_mixin.py:190} INFO - [2024-10-14T02:46:37.950+0000] {dag.py:4180} INFO - Setting next_dagrun for example_subdag_operator to 2022-01-01 00:00:00+00:00, run_after=2022-01-01 00:00:00+00:00
[2024-10-14T02:46:37.954+0000] {logging_mixin.py:190} INFO - [2024-10-14T02:46:37.954+0000] {dag.py:4180} INFO - Setting next_dagrun for example_subdag_operator.section-1 to None, run_after=None
[2024-10-14T02:46:37.956+0000] {logging_mixin.py:190} INFO - [2024-10-14T02:46:37.956+0000] {dag.py:4180} INFO - Setting next_dagrun for example_subdag_operator.section-2 to None, run_after=None
[2024-10-14T02:46:37.963+0000] {logging_mixin.py:190} INFO - [2024-10-14T02:46:37.963+0000] {dag.py:3239} INFO - Sync 2 DAGs
[2024-10-14T02:46:37.969+0000] {logging_mixin.py:190} INFO - [2024-10-14T02:46:37.968+0000] {dag.py:4180} INFO - Setting next_dagrun for example_subdag_operator.section-1 to None, run_after=None
[2024-10-14T02:46:37.969+0000] {logging_mixin.py:190} INFO - [2024-10-14T02:46:37.969+0000] {dag.py:4180} INFO - Setting next_dagrun for example_subdag_operator.section-2 to None, run_after=None
[2024-10-14T02:46:37.984+0000] {processor.py:208} INFO - Processing /home/airflow/.local/lib/python3.12/site-packages/airflow/example_dags/example_subdag_operator.py took 0.105 seconds
[2024-10-14T02:47:11.020+0000] {processor.py:186} INFO - Started process (PID=1171) to work on /home/airflow/.local/lib/python3.12/site-packages/airflow/example_dags/example_subdag_operator.py
[2024-10-14T02:47:11.021+0000] {processor.py:914} INFO - Processing file /home/airflow/.local/lib/python3.12/site-packages/airflow/example_dags/example_subdag_operator.py for tasks to queue
[2024-10-14T02:47:11.023+0000] {logging_mixin.py:190} INFO - [2024-10-14T02:47:11.023+0000] {dagbag.py:588} INFO - Filling up the DagBag from /home/airflow/.local/lib/python3.12/site-packages/airflow/example_dags/example_subdag_operator.py
[2024-10-14T02:47:11.050+0000] {processor.py:925} INFO - DAG(s) 'example_subdag_operator.section-1', 'example_subdag_operator.section-2', 'example_subdag_operator' retrieved from /home/airflow/.local/lib/python3.12/site-packages/airflow/example_dags/example_subdag_operator.py
[2024-10-14T02:47:11.066+0000] {logging_mixin.py:190} INFO - [2024-10-14T02:47:11.066+0000] {dag.py:3239} INFO - Sync 3 DAGs
[2024-10-14T02:47:11.088+0000] {logging_mixin.py:190} INFO - [2024-10-14T02:47:11.088+0000] {dag.py:4180} INFO - Setting next_dagrun for example_subdag_operator to 2022-01-01 00:00:00+00:00, run_after=2022-01-01 00:00:00+00:00
[2024-10-14T02:47:11.092+0000] {logging_mixin.py:190} INFO - [2024-10-14T02:47:11.092+0000] {dag.py:4180} INFO - Setting next_dagrun for example_subdag_operator.section-1 to None, run_after=None
[2024-10-14T02:47:11.094+0000] {logging_mixin.py:190} INFO - [2024-10-14T02:47:11.094+0000] {dag.py:4180} INFO - Setting next_dagrun for example_subdag_operator.section-2 to None, run_after=None
[2024-10-14T02:47:11.104+0000] {logging_mixin.py:190} INFO - [2024-10-14T02:47:11.104+0000] {dag.py:3239} INFO - Sync 2 DAGs
[2024-10-14T02:47:11.110+0000] {logging_mixin.py:190} INFO - [2024-10-14T02:47:11.110+0000] {dag.py:4180} INFO - Setting next_dagrun for example_subdag_operator.section-1 to None, run_after=None
[2024-10-14T02:47:11.111+0000] {logging_mixin.py:190} INFO - [2024-10-14T02:47:11.111+0000] {dag.py:4180} INFO - Setting next_dagrun for example_subdag_operator.section-2 to None, run_after=None
[2024-10-14T02:47:11.123+0000] {processor.py:208} INFO - Processing /home/airflow/.local/lib/python3.12/site-packages/airflow/example_dags/example_subdag_operator.py took 0.108 seconds
[2024-10-14T02:47:43.480+0000] {processor.py:186} INFO - Started process (PID=1235) to work on /home/airflow/.local/lib/python3.12/site-packages/airflow/example_dags/example_subdag_operator.py
[2024-10-14T02:47:43.481+0000] {processor.py:914} INFO - Processing file /home/airflow/.local/lib/python3.12/site-packages/airflow/example_dags/example_subdag_operator.py for tasks to queue
[2024-10-14T02:47:43.483+0000] {logging_mixin.py:190} INFO - [2024-10-14T02:47:43.483+0000] {dagbag.py:588} INFO - Filling up the DagBag from /home/airflow/.local/lib/python3.12/site-packages/airflow/example_dags/example_subdag_operator.py
[2024-10-14T02:47:43.507+0000] {processor.py:925} INFO - DAG(s) 'example_subdag_operator.section-1', 'example_subdag_operator.section-2', 'example_subdag_operator' retrieved from /home/airflow/.local/lib/python3.12/site-packages/airflow/example_dags/example_subdag_operator.py
[2024-10-14T02:47:43.521+0000] {logging_mixin.py:190} INFO - [2024-10-14T02:47:43.521+0000] {dag.py:3239} INFO - Sync 3 DAGs
[2024-10-14T02:47:43.544+0000] {logging_mixin.py:190} INFO - [2024-10-14T02:47:43.544+0000] {dag.py:4180} INFO - Setting next_dagrun for example_subdag_operator to 2022-01-01 00:00:00+00:00, run_after=2022-01-01 00:00:00+00:00
[2024-10-14T02:47:43.550+0000] {logging_mixin.py:190} INFO - [2024-10-14T02:47:43.550+0000] {dag.py:4180} INFO - Setting next_dagrun for example_subdag_operator.section-1 to None, run_after=None
[2024-10-14T02:47:43.552+0000] {logging_mixin.py:190} INFO - [2024-10-14T02:47:43.552+0000] {dag.py:4180} INFO - Setting next_dagrun for example_subdag_operator.section-2 to None, run_after=None
[2024-10-14T02:47:43.560+0000] {logging_mixin.py:190} INFO - [2024-10-14T02:47:43.560+0000] {dag.py:3239} INFO - Sync 2 DAGs
[2024-10-14T02:47:43.565+0000] {logging_mixin.py:190} INFO - [2024-10-14T02:47:43.565+0000] {dag.py:4180} INFO - Setting next_dagrun for example_subdag_operator.section-1 to None, run_after=None
[2024-10-14T02:47:43.566+0000] {logging_mixin.py:190} INFO - [2024-10-14T02:47:43.566+0000] {dag.py:4180} INFO - Setting next_dagrun for example_subdag_operator.section-2 to None, run_after=None
[2024-10-14T02:47:43.578+0000] {processor.py:208} INFO - Processing /home/airflow/.local/lib/python3.12/site-packages/airflow/example_dags/example_subdag_operator.py took 0.105 seconds
