[2024-10-14T02:26:53.802+0000] {processor.py:186} INFO - Started process (PID=102) to work on /home/airflow/.local/lib/python3.12/site-packages/airflow/example_dags/example_task_group_decorator.py
[2024-10-14T02:26:53.804+0000] {processor.py:914} INFO - Processing file /home/airflow/.local/lib/python3.12/site-packages/airflow/example_dags/example_task_group_decorator.py for tasks to queue
[2024-10-14T02:26:53.808+0000] {logging_mixin.py:190} INFO - [2024-10-14T02:26:53.808+0000] {dagbag.py:588} INFO - Filling up the DagBag from /home/airflow/.local/lib/python3.12/site-packages/airflow/example_dags/example_task_group_decorator.py
[2024-10-14T02:26:53.832+0000] {processor.py:925} INFO - DAG(s) 'example_task_group_decorator' retrieved from /home/airflow/.local/lib/python3.12/site-packages/airflow/example_dags/example_task_group_decorator.py
[2024-10-14T02:26:53.936+0000] {logging_mixin.py:190} INFO - [2024-10-14T02:26:53.935+0000] {override.py:1900} INFO - Created Permission View: can delete on DAG:example_task_group_decorator
[2024-10-14T02:26:53.947+0000] {logging_mixin.py:190} INFO - [2024-10-14T02:26:53.946+0000] {override.py:1900} INFO - Created Permission View: can edit on DAG:example_task_group_decorator
[2024-10-14T02:26:53.953+0000] {logging_mixin.py:190} INFO - [2024-10-14T02:26:53.953+0000] {override.py:1900} INFO - Created Permission View: can read on DAG:example_task_group_decorator
[2024-10-14T02:26:53.961+0000] {logging_mixin.py:190} INFO - [2024-10-14T02:26:53.961+0000] {override.py:1900} INFO - Created Permission View: can delete on DAG Run:example_task_group_decorator
[2024-10-14T02:26:53.967+0000] {logging_mixin.py:190} INFO - [2024-10-14T02:26:53.967+0000] {override.py:1900} INFO - Created Permission View: can create on DAG Run:example_task_group_decorator
[2024-10-14T02:26:53.973+0000] {logging_mixin.py:190} INFO - [2024-10-14T02:26:53.973+0000] {override.py:1900} INFO - Created Permission View: menu access on DAG Run:example_task_group_decorator
[2024-10-14T02:26:53.980+0000] {logging_mixin.py:190} INFO - [2024-10-14T02:26:53.980+0000] {override.py:1900} INFO - Created Permission View: can read on DAG Run:example_task_group_decorator
[2024-10-14T02:26:53.981+0000] {logging_mixin.py:190} INFO - [2024-10-14T02:26:53.980+0000] {dag.py:3239} INFO - Sync 1 DAGs
[2024-10-14T02:26:53.992+0000] {logging_mixin.py:190} INFO - [2024-10-14T02:26:53.992+0000] {dag.py:3262} INFO - Creating ORM DAG for example_task_group_decorator
[2024-10-14T02:26:53.993+0000] {logging_mixin.py:190} INFO - [2024-10-14T02:26:53.993+0000] {dag.py:4180} INFO - Setting next_dagrun for example_task_group_decorator to None, run_after=None
[2024-10-14T02:26:54.011+0000] {processor.py:208} INFO - Processing /home/airflow/.local/lib/python3.12/site-packages/airflow/example_dags/example_task_group_decorator.py took 0.216 seconds
[2024-10-14T02:27:24.505+0000] {processor.py:186} INFO - Started process (PID=164) to work on /home/airflow/.local/lib/python3.12/site-packages/airflow/example_dags/example_task_group_decorator.py
[2024-10-14T02:27:24.506+0000] {processor.py:914} INFO - Processing file /home/airflow/.local/lib/python3.12/site-packages/airflow/example_dags/example_task_group_decorator.py for tasks to queue
[2024-10-14T02:27:24.508+0000] {logging_mixin.py:190} INFO - [2024-10-14T02:27:24.508+0000] {dagbag.py:588} INFO - Filling up the DagBag from /home/airflow/.local/lib/python3.12/site-packages/airflow/example_dags/example_task_group_decorator.py
[2024-10-14T02:27:24.521+0000] {processor.py:925} INFO - DAG(s) 'example_task_group_decorator' retrieved from /home/airflow/.local/lib/python3.12/site-packages/airflow/example_dags/example_task_group_decorator.py
[2024-10-14T02:27:24.543+0000] {logging_mixin.py:190} INFO - [2024-10-14T02:27:24.543+0000] {dag.py:3239} INFO - Sync 1 DAGs
[2024-10-14T02:27:24.560+0000] {logging_mixin.py:190} INFO - [2024-10-14T02:27:24.559+0000] {dag.py:4180} INFO - Setting next_dagrun for example_task_group_decorator to None, run_after=None
[2024-10-14T02:27:24.577+0000] {processor.py:208} INFO - Processing /home/airflow/.local/lib/python3.12/site-packages/airflow/example_dags/example_task_group_decorator.py took 0.077 seconds
[2024-10-14T02:27:55.985+0000] {processor.py:186} INFO - Started process (PID=227) to work on /home/airflow/.local/lib/python3.12/site-packages/airflow/example_dags/example_task_group_decorator.py
[2024-10-14T02:27:55.986+0000] {processor.py:914} INFO - Processing file /home/airflow/.local/lib/python3.12/site-packages/airflow/example_dags/example_task_group_decorator.py for tasks to queue
[2024-10-14T02:27:55.988+0000] {logging_mixin.py:190} INFO - [2024-10-14T02:27:55.988+0000] {dagbag.py:588} INFO - Filling up the DagBag from /home/airflow/.local/lib/python3.12/site-packages/airflow/example_dags/example_task_group_decorator.py
[2024-10-14T02:27:56.006+0000] {processor.py:925} INFO - DAG(s) 'example_task_group_decorator' retrieved from /home/airflow/.local/lib/python3.12/site-packages/airflow/example_dags/example_task_group_decorator.py
[2024-10-14T02:27:56.034+0000] {logging_mixin.py:190} INFO - [2024-10-14T02:27:56.034+0000] {dag.py:3239} INFO - Sync 1 DAGs
[2024-10-14T02:27:56.049+0000] {logging_mixin.py:190} INFO - [2024-10-14T02:27:56.049+0000] {dag.py:4180} INFO - Setting next_dagrun for example_task_group_decorator to None, run_after=None
[2024-10-14T02:27:56.079+0000] {processor.py:208} INFO - Processing /home/airflow/.local/lib/python3.12/site-packages/airflow/example_dags/example_task_group_decorator.py took 0.104 seconds
[2024-10-14T02:28:28.353+0000] {processor.py:186} INFO - Started process (PID=290) to work on /home/airflow/.local/lib/python3.12/site-packages/airflow/example_dags/example_task_group_decorator.py
[2024-10-14T02:28:28.354+0000] {processor.py:914} INFO - Processing file /home/airflow/.local/lib/python3.12/site-packages/airflow/example_dags/example_task_group_decorator.py for tasks to queue
[2024-10-14T02:28:28.357+0000] {logging_mixin.py:190} INFO - [2024-10-14T02:28:28.356+0000] {dagbag.py:588} INFO - Filling up the DagBag from /home/airflow/.local/lib/python3.12/site-packages/airflow/example_dags/example_task_group_decorator.py
[2024-10-14T02:28:28.384+0000] {processor.py:925} INFO - DAG(s) 'example_task_group_decorator' retrieved from /home/airflow/.local/lib/python3.12/site-packages/airflow/example_dags/example_task_group_decorator.py
[2024-10-14T02:28:28.421+0000] {logging_mixin.py:190} INFO - [2024-10-14T02:28:28.420+0000] {dag.py:3239} INFO - Sync 1 DAGs
[2024-10-14T02:28:28.446+0000] {logging_mixin.py:190} INFO - [2024-10-14T02:28:28.446+0000] {dag.py:4180} INFO - Setting next_dagrun for example_task_group_decorator to None, run_after=None
[2024-10-14T02:28:28.480+0000] {processor.py:208} INFO - Processing /home/airflow/.local/lib/python3.12/site-packages/airflow/example_dags/example_task_group_decorator.py took 0.134 seconds
[2024-10-14T02:29:02.145+0000] {processor.py:186} INFO - Started process (PID=353) to work on /home/airflow/.local/lib/python3.12/site-packages/airflow/example_dags/example_task_group_decorator.py
[2024-10-14T02:29:02.146+0000] {processor.py:914} INFO - Processing file /home/airflow/.local/lib/python3.12/site-packages/airflow/example_dags/example_task_group_decorator.py for tasks to queue
[2024-10-14T02:29:02.149+0000] {logging_mixin.py:190} INFO - [2024-10-14T02:29:02.149+0000] {dagbag.py:588} INFO - Filling up the DagBag from /home/airflow/.local/lib/python3.12/site-packages/airflow/example_dags/example_task_group_decorator.py
[2024-10-14T02:29:02.181+0000] {processor.py:925} INFO - DAG(s) 'example_task_group_decorator' retrieved from /home/airflow/.local/lib/python3.12/site-packages/airflow/example_dags/example_task_group_decorator.py
[2024-10-14T02:29:02.218+0000] {logging_mixin.py:190} INFO - [2024-10-14T02:29:02.218+0000] {dag.py:3239} INFO - Sync 1 DAGs
[2024-10-14T02:29:02.242+0000] {logging_mixin.py:190} INFO - [2024-10-14T02:29:02.242+0000] {dag.py:4180} INFO - Setting next_dagrun for example_task_group_decorator to None, run_after=None
[2024-10-14T02:29:02.267+0000] {processor.py:208} INFO - Processing /home/airflow/.local/lib/python3.12/site-packages/airflow/example_dags/example_task_group_decorator.py took 0.131 seconds
[2024-10-14T02:29:34.663+0000] {processor.py:186} INFO - Started process (PID=416) to work on /home/airflow/.local/lib/python3.12/site-packages/airflow/example_dags/example_task_group_decorator.py
[2024-10-14T02:29:34.665+0000] {processor.py:914} INFO - Processing file /home/airflow/.local/lib/python3.12/site-packages/airflow/example_dags/example_task_group_decorator.py for tasks to queue
[2024-10-14T02:29:34.667+0000] {logging_mixin.py:190} INFO - [2024-10-14T02:29:34.667+0000] {dagbag.py:588} INFO - Filling up the DagBag from /home/airflow/.local/lib/python3.12/site-packages/airflow/example_dags/example_task_group_decorator.py
[2024-10-14T02:29:34.681+0000] {processor.py:925} INFO - DAG(s) 'example_task_group_decorator' retrieved from /home/airflow/.local/lib/python3.12/site-packages/airflow/example_dags/example_task_group_decorator.py
[2024-10-14T02:29:34.705+0000] {logging_mixin.py:190} INFO - [2024-10-14T02:29:34.705+0000] {dag.py:3239} INFO - Sync 1 DAGs
[2024-10-14T02:29:34.723+0000] {logging_mixin.py:190} INFO - [2024-10-14T02:29:34.723+0000] {dag.py:4180} INFO - Setting next_dagrun for example_task_group_decorator to None, run_after=None
[2024-10-14T02:29:34.750+0000] {processor.py:208} INFO - Processing /home/airflow/.local/lib/python3.12/site-packages/airflow/example_dags/example_task_group_decorator.py took 0.092 seconds
[2024-10-14T02:30:07.340+0000] {processor.py:186} INFO - Started process (PID=473) to work on /home/airflow/.local/lib/python3.12/site-packages/airflow/example_dags/example_task_group_decorator.py
[2024-10-14T02:30:07.342+0000] {processor.py:914} INFO - Processing file /home/airflow/.local/lib/python3.12/site-packages/airflow/example_dags/example_task_group_decorator.py for tasks to queue
[2024-10-14T02:30:07.348+0000] {logging_mixin.py:190} INFO - [2024-10-14T02:30:07.347+0000] {dagbag.py:588} INFO - Filling up the DagBag from /home/airflow/.local/lib/python3.12/site-packages/airflow/example_dags/example_task_group_decorator.py
[2024-10-14T02:30:07.367+0000] {processor.py:925} INFO - DAG(s) 'example_task_group_decorator' retrieved from /home/airflow/.local/lib/python3.12/site-packages/airflow/example_dags/example_task_group_decorator.py
[2024-10-14T02:30:07.400+0000] {logging_mixin.py:190} INFO - [2024-10-14T02:30:07.400+0000] {dag.py:3239} INFO - Sync 1 DAGs
[2024-10-14T02:30:07.424+0000] {logging_mixin.py:190} INFO - [2024-10-14T02:30:07.424+0000] {dag.py:4180} INFO - Setting next_dagrun for example_task_group_decorator to None, run_after=None
[2024-10-14T02:30:07.452+0000] {processor.py:208} INFO - Processing /home/airflow/.local/lib/python3.12/site-packages/airflow/example_dags/example_task_group_decorator.py took 0.123 seconds
[2024-10-14T02:30:40.242+0000] {processor.py:186} INFO - Started process (PID=543) to work on /home/airflow/.local/lib/python3.12/site-packages/airflow/example_dags/example_task_group_decorator.py
[2024-10-14T02:30:40.242+0000] {processor.py:914} INFO - Processing file /home/airflow/.local/lib/python3.12/site-packages/airflow/example_dags/example_task_group_decorator.py for tasks to queue
[2024-10-14T02:30:40.245+0000] {logging_mixin.py:190} INFO - [2024-10-14T02:30:40.244+0000] {dagbag.py:588} INFO - Filling up the DagBag from /home/airflow/.local/lib/python3.12/site-packages/airflow/example_dags/example_task_group_decorator.py
[2024-10-14T02:30:40.263+0000] {processor.py:925} INFO - DAG(s) 'example_task_group_decorator' retrieved from /home/airflow/.local/lib/python3.12/site-packages/airflow/example_dags/example_task_group_decorator.py
[2024-10-14T02:30:40.290+0000] {logging_mixin.py:190} INFO - [2024-10-14T02:30:40.290+0000] {dag.py:3239} INFO - Sync 1 DAGs
[2024-10-14T02:30:40.306+0000] {logging_mixin.py:190} INFO - [2024-10-14T02:30:40.306+0000] {dag.py:4180} INFO - Setting next_dagrun for example_task_group_decorator to None, run_after=None
[2024-10-14T02:30:40.331+0000] {processor.py:208} INFO - Processing /home/airflow/.local/lib/python3.12/site-packages/airflow/example_dags/example_task_group_decorator.py took 0.094 seconds
[2024-10-14T02:31:13.432+0000] {processor.py:186} INFO - Started process (PID=606) to work on /home/airflow/.local/lib/python3.12/site-packages/airflow/example_dags/example_task_group_decorator.py
[2024-10-14T02:31:13.433+0000] {processor.py:914} INFO - Processing file /home/airflow/.local/lib/python3.12/site-packages/airflow/example_dags/example_task_group_decorator.py for tasks to queue
[2024-10-14T02:31:13.438+0000] {logging_mixin.py:190} INFO - [2024-10-14T02:31:13.437+0000] {dagbag.py:588} INFO - Filling up the DagBag from /home/airflow/.local/lib/python3.12/site-packages/airflow/example_dags/example_task_group_decorator.py
[2024-10-14T02:31:13.460+0000] {processor.py:925} INFO - DAG(s) 'example_task_group_decorator' retrieved from /home/airflow/.local/lib/python3.12/site-packages/airflow/example_dags/example_task_group_decorator.py
[2024-10-14T02:31:13.487+0000] {logging_mixin.py:190} INFO - [2024-10-14T02:31:13.487+0000] {dag.py:3239} INFO - Sync 1 DAGs
[2024-10-14T02:31:13.504+0000] {logging_mixin.py:190} INFO - [2024-10-14T02:31:13.504+0000] {dag.py:4180} INFO - Setting next_dagrun for example_task_group_decorator to None, run_after=None
[2024-10-14T02:31:13.528+0000] {processor.py:208} INFO - Processing /home/airflow/.local/lib/python3.12/site-packages/airflow/example_dags/example_task_group_decorator.py took 0.101 seconds
[2024-10-14T02:31:46.659+0000] {processor.py:186} INFO - Started process (PID=669) to work on /home/airflow/.local/lib/python3.12/site-packages/airflow/example_dags/example_task_group_decorator.py
[2024-10-14T02:31:46.661+0000] {processor.py:914} INFO - Processing file /home/airflow/.local/lib/python3.12/site-packages/airflow/example_dags/example_task_group_decorator.py for tasks to queue
[2024-10-14T02:31:46.663+0000] {logging_mixin.py:190} INFO - [2024-10-14T02:31:46.662+0000] {dagbag.py:588} INFO - Filling up the DagBag from /home/airflow/.local/lib/python3.12/site-packages/airflow/example_dags/example_task_group_decorator.py
[2024-10-14T02:31:46.678+0000] {processor.py:925} INFO - DAG(s) 'example_task_group_decorator' retrieved from /home/airflow/.local/lib/python3.12/site-packages/airflow/example_dags/example_task_group_decorator.py
[2024-10-14T02:31:46.699+0000] {logging_mixin.py:190} INFO - [2024-10-14T02:31:46.699+0000] {dag.py:3239} INFO - Sync 1 DAGs
[2024-10-14T02:31:46.712+0000] {logging_mixin.py:190} INFO - [2024-10-14T02:31:46.711+0000] {dag.py:4180} INFO - Setting next_dagrun for example_task_group_decorator to None, run_after=None
[2024-10-14T02:31:46.773+0000] {processor.py:208} INFO - Processing /home/airflow/.local/lib/python3.12/site-packages/airflow/example_dags/example_task_group_decorator.py took 0.119 seconds
[2024-10-14T02:32:18.925+0000] {processor.py:186} INFO - Started process (PID=726) to work on /home/airflow/.local/lib/python3.12/site-packages/airflow/example_dags/example_task_group_decorator.py
[2024-10-14T02:32:18.926+0000] {processor.py:914} INFO - Processing file /home/airflow/.local/lib/python3.12/site-packages/airflow/example_dags/example_task_group_decorator.py for tasks to queue
[2024-10-14T02:32:18.929+0000] {logging_mixin.py:190} INFO - [2024-10-14T02:32:18.928+0000] {dagbag.py:588} INFO - Filling up the DagBag from /home/airflow/.local/lib/python3.12/site-packages/airflow/example_dags/example_task_group_decorator.py
[2024-10-14T02:32:18.943+0000] {processor.py:925} INFO - DAG(s) 'example_task_group_decorator' retrieved from /home/airflow/.local/lib/python3.12/site-packages/airflow/example_dags/example_task_group_decorator.py
[2024-10-14T02:32:18.972+0000] {logging_mixin.py:190} INFO - [2024-10-14T02:32:18.971+0000] {dag.py:3239} INFO - Sync 1 DAGs
[2024-10-14T02:32:18.987+0000] {logging_mixin.py:190} INFO - [2024-10-14T02:32:18.986+0000] {dag.py:4180} INFO - Setting next_dagrun for example_task_group_decorator to None, run_after=None
[2024-10-14T02:32:19.008+0000] {processor.py:208} INFO - Processing /home/airflow/.local/lib/python3.12/site-packages/airflow/example_dags/example_task_group_decorator.py took 0.088 seconds
[2024-10-14T02:32:52.505+0000] {processor.py:186} INFO - Started process (PID=789) to work on /home/airflow/.local/lib/python3.12/site-packages/airflow/example_dags/example_task_group_decorator.py
[2024-10-14T02:32:52.507+0000] {processor.py:914} INFO - Processing file /home/airflow/.local/lib/python3.12/site-packages/airflow/example_dags/example_task_group_decorator.py for tasks to queue
[2024-10-14T02:32:52.510+0000] {logging_mixin.py:190} INFO - [2024-10-14T02:32:52.510+0000] {dagbag.py:588} INFO - Filling up the DagBag from /home/airflow/.local/lib/python3.12/site-packages/airflow/example_dags/example_task_group_decorator.py
[2024-10-14T02:32:52.543+0000] {processor.py:925} INFO - DAG(s) 'example_task_group_decorator' retrieved from /home/airflow/.local/lib/python3.12/site-packages/airflow/example_dags/example_task_group_decorator.py
[2024-10-14T02:32:52.571+0000] {logging_mixin.py:190} INFO - [2024-10-14T02:32:52.570+0000] {dag.py:3239} INFO - Sync 1 DAGs
[2024-10-14T02:32:52.584+0000] {logging_mixin.py:190} INFO - [2024-10-14T02:32:52.584+0000] {dag.py:4180} INFO - Setting next_dagrun for example_task_group_decorator to None, run_after=None
[2024-10-14T02:32:52.608+0000] {processor.py:208} INFO - Processing /home/airflow/.local/lib/python3.12/site-packages/airflow/example_dags/example_task_group_decorator.py took 0.109 seconds
[2024-10-14T02:33:24.946+0000] {processor.py:186} INFO - Started process (PID=852) to work on /home/airflow/.local/lib/python3.12/site-packages/airflow/example_dags/example_task_group_decorator.py
[2024-10-14T02:33:24.948+0000] {processor.py:914} INFO - Processing file /home/airflow/.local/lib/python3.12/site-packages/airflow/example_dags/example_task_group_decorator.py for tasks to queue
[2024-10-14T02:33:24.951+0000] {logging_mixin.py:190} INFO - [2024-10-14T02:33:24.950+0000] {dagbag.py:588} INFO - Filling up the DagBag from /home/airflow/.local/lib/python3.12/site-packages/airflow/example_dags/example_task_group_decorator.py
[2024-10-14T02:33:24.967+0000] {processor.py:925} INFO - DAG(s) 'example_task_group_decorator' retrieved from /home/airflow/.local/lib/python3.12/site-packages/airflow/example_dags/example_task_group_decorator.py
[2024-10-14T02:33:24.992+0000] {logging_mixin.py:190} INFO - [2024-10-14T02:33:24.992+0000] {dag.py:3239} INFO - Sync 1 DAGs
[2024-10-14T02:33:25.006+0000] {logging_mixin.py:190} INFO - [2024-10-14T02:33:25.006+0000] {dag.py:4180} INFO - Setting next_dagrun for example_task_group_decorator to None, run_after=None
[2024-10-14T02:33:25.028+0000] {processor.py:208} INFO - Processing /home/airflow/.local/lib/python3.12/site-packages/airflow/example_dags/example_task_group_decorator.py took 0.089 seconds
[2024-10-14T02:33:58.797+0000] {processor.py:186} INFO - Started process (PID=923) to work on /home/airflow/.local/lib/python3.12/site-packages/airflow/example_dags/example_task_group_decorator.py
[2024-10-14T02:33:58.799+0000] {processor.py:914} INFO - Processing file /home/airflow/.local/lib/python3.12/site-packages/airflow/example_dags/example_task_group_decorator.py for tasks to queue
[2024-10-14T02:33:58.802+0000] {logging_mixin.py:190} INFO - [2024-10-14T02:33:58.801+0000] {dagbag.py:588} INFO - Filling up the DagBag from /home/airflow/.local/lib/python3.12/site-packages/airflow/example_dags/example_task_group_decorator.py
[2024-10-14T02:33:58.831+0000] {processor.py:925} INFO - DAG(s) 'example_task_group_decorator' retrieved from /home/airflow/.local/lib/python3.12/site-packages/airflow/example_dags/example_task_group_decorator.py
[2024-10-14T02:33:58.862+0000] {logging_mixin.py:190} INFO - [2024-10-14T02:33:58.862+0000] {dag.py:3239} INFO - Sync 1 DAGs
[2024-10-14T02:33:58.881+0000] {logging_mixin.py:190} INFO - [2024-10-14T02:33:58.881+0000] {dag.py:4180} INFO - Setting next_dagrun for example_task_group_decorator to None, run_after=None
[2024-10-14T02:33:58.908+0000] {processor.py:208} INFO - Processing /home/airflow/.local/lib/python3.12/site-packages/airflow/example_dags/example_task_group_decorator.py took 0.119 seconds
[2024-10-14T02:34:31.761+0000] {processor.py:186} INFO - Started process (PID=986) to work on /home/airflow/.local/lib/python3.12/site-packages/airflow/example_dags/example_task_group_decorator.py
[2024-10-14T02:34:31.762+0000] {processor.py:914} INFO - Processing file /home/airflow/.local/lib/python3.12/site-packages/airflow/example_dags/example_task_group_decorator.py for tasks to queue
[2024-10-14T02:34:31.765+0000] {logging_mixin.py:190} INFO - [2024-10-14T02:34:31.765+0000] {dagbag.py:588} INFO - Filling up the DagBag from /home/airflow/.local/lib/python3.12/site-packages/airflow/example_dags/example_task_group_decorator.py
[2024-10-14T02:34:31.791+0000] {processor.py:925} INFO - DAG(s) 'example_task_group_decorator' retrieved from /home/airflow/.local/lib/python3.12/site-packages/airflow/example_dags/example_task_group_decorator.py
[2024-10-14T02:34:31.830+0000] {logging_mixin.py:190} INFO - [2024-10-14T02:34:31.830+0000] {dag.py:3239} INFO - Sync 1 DAGs
[2024-10-14T02:34:31.857+0000] {logging_mixin.py:190} INFO - [2024-10-14T02:34:31.857+0000] {dag.py:4180} INFO - Setting next_dagrun for example_task_group_decorator to None, run_after=None
[2024-10-14T02:34:31.889+0000] {processor.py:208} INFO - Processing /home/airflow/.local/lib/python3.12/site-packages/airflow/example_dags/example_task_group_decorator.py took 0.136 seconds
[2024-10-14T02:35:05.051+0000] {processor.py:186} INFO - Started process (PID=1049) to work on /home/airflow/.local/lib/python3.12/site-packages/airflow/example_dags/example_task_group_decorator.py
[2024-10-14T02:35:05.052+0000] {processor.py:914} INFO - Processing file /home/airflow/.local/lib/python3.12/site-packages/airflow/example_dags/example_task_group_decorator.py for tasks to queue
[2024-10-14T02:35:05.055+0000] {logging_mixin.py:190} INFO - [2024-10-14T02:35:05.054+0000] {dagbag.py:588} INFO - Filling up the DagBag from /home/airflow/.local/lib/python3.12/site-packages/airflow/example_dags/example_task_group_decorator.py
[2024-10-14T02:35:05.073+0000] {processor.py:925} INFO - DAG(s) 'example_task_group_decorator' retrieved from /home/airflow/.local/lib/python3.12/site-packages/airflow/example_dags/example_task_group_decorator.py
[2024-10-14T02:35:05.103+0000] {logging_mixin.py:190} INFO - [2024-10-14T02:35:05.103+0000] {dag.py:3239} INFO - Sync 1 DAGs
[2024-10-14T02:35:05.121+0000] {logging_mixin.py:190} INFO - [2024-10-14T02:35:05.121+0000] {dag.py:4180} INFO - Setting next_dagrun for example_task_group_decorator to None, run_after=None
[2024-10-14T02:35:05.153+0000] {processor.py:208} INFO - Processing /home/airflow/.local/lib/python3.12/site-packages/airflow/example_dags/example_task_group_decorator.py took 0.108 seconds
[2024-10-14T02:35:37.900+0000] {processor.py:186} INFO - Started process (PID=1111) to work on /home/airflow/.local/lib/python3.12/site-packages/airflow/example_dags/example_task_group_decorator.py
[2024-10-14T02:35:37.901+0000] {processor.py:914} INFO - Processing file /home/airflow/.local/lib/python3.12/site-packages/airflow/example_dags/example_task_group_decorator.py for tasks to queue
[2024-10-14T02:35:37.905+0000] {logging_mixin.py:190} INFO - [2024-10-14T02:35:37.904+0000] {dagbag.py:588} INFO - Filling up the DagBag from /home/airflow/.local/lib/python3.12/site-packages/airflow/example_dags/example_task_group_decorator.py
[2024-10-14T02:35:37.929+0000] {processor.py:925} INFO - DAG(s) 'example_task_group_decorator' retrieved from /home/airflow/.local/lib/python3.12/site-packages/airflow/example_dags/example_task_group_decorator.py
[2024-10-14T02:35:37.979+0000] {logging_mixin.py:190} INFO - [2024-10-14T02:35:37.979+0000] {dag.py:3239} INFO - Sync 1 DAGs
[2024-10-14T02:35:38.010+0000] {logging_mixin.py:190} INFO - [2024-10-14T02:35:38.010+0000] {dag.py:4180} INFO - Setting next_dagrun for example_task_group_decorator to None, run_after=None
[2024-10-14T02:35:38.063+0000] {processor.py:208} INFO - Processing /home/airflow/.local/lib/python3.12/site-packages/airflow/example_dags/example_task_group_decorator.py took 0.173 seconds
[2024-10-14T02:36:11.747+0000] {processor.py:186} INFO - Started process (PID=1175) to work on /home/airflow/.local/lib/python3.12/site-packages/airflow/example_dags/example_task_group_decorator.py
[2024-10-14T02:36:11.749+0000] {processor.py:914} INFO - Processing file /home/airflow/.local/lib/python3.12/site-packages/airflow/example_dags/example_task_group_decorator.py for tasks to queue
[2024-10-14T02:36:11.752+0000] {logging_mixin.py:190} INFO - [2024-10-14T02:36:11.752+0000] {dagbag.py:588} INFO - Filling up the DagBag from /home/airflow/.local/lib/python3.12/site-packages/airflow/example_dags/example_task_group_decorator.py
[2024-10-14T02:36:11.776+0000] {processor.py:925} INFO - DAG(s) 'example_task_group_decorator' retrieved from /home/airflow/.local/lib/python3.12/site-packages/airflow/example_dags/example_task_group_decorator.py
[2024-10-14T02:36:11.807+0000] {logging_mixin.py:190} INFO - [2024-10-14T02:36:11.807+0000] {dag.py:3239} INFO - Sync 1 DAGs
[2024-10-14T02:36:11.828+0000] {logging_mixin.py:190} INFO - [2024-10-14T02:36:11.827+0000] {dag.py:4180} INFO - Setting next_dagrun for example_task_group_decorator to None, run_after=None
[2024-10-14T02:36:11.883+0000] {processor.py:208} INFO - Processing /home/airflow/.local/lib/python3.12/site-packages/airflow/example_dags/example_task_group_decorator.py took 0.143 seconds
[2024-10-14T02:37:49.659+0000] {processor.py:186} INFO - Started process (PID=102) to work on /home/airflow/.local/lib/python3.12/site-packages/airflow/example_dags/example_task_group_decorator.py
[2024-10-14T02:37:49.660+0000] {processor.py:914} INFO - Processing file /home/airflow/.local/lib/python3.12/site-packages/airflow/example_dags/example_task_group_decorator.py for tasks to queue
[2024-10-14T02:37:49.663+0000] {logging_mixin.py:190} INFO - [2024-10-14T02:37:49.662+0000] {dagbag.py:588} INFO - Filling up the DagBag from /home/airflow/.local/lib/python3.12/site-packages/airflow/example_dags/example_task_group_decorator.py
[2024-10-14T02:37:49.680+0000] {processor.py:925} INFO - DAG(s) 'example_task_group_decorator' retrieved from /home/airflow/.local/lib/python3.12/site-packages/airflow/example_dags/example_task_group_decorator.py
[2024-10-14T02:37:49.706+0000] {logging_mixin.py:190} INFO - [2024-10-14T02:37:49.706+0000] {dag.py:3239} INFO - Sync 1 DAGs
[2024-10-14T02:37:49.723+0000] {logging_mixin.py:190} INFO - [2024-10-14T02:37:49.722+0000] {dag.py:4180} INFO - Setting next_dagrun for example_task_group_decorator to None, run_after=None
[2024-10-14T02:37:49.741+0000] {processor.py:208} INFO - Processing /home/airflow/.local/lib/python3.12/site-packages/airflow/example_dags/example_task_group_decorator.py took 0.087 seconds
[2024-10-14T02:38:22.548+0000] {processor.py:186} INFO - Started process (PID=166) to work on /home/airflow/.local/lib/python3.12/site-packages/airflow/example_dags/example_task_group_decorator.py
[2024-10-14T02:38:22.549+0000] {processor.py:914} INFO - Processing file /home/airflow/.local/lib/python3.12/site-packages/airflow/example_dags/example_task_group_decorator.py for tasks to queue
[2024-10-14T02:38:22.552+0000] {logging_mixin.py:190} INFO - [2024-10-14T02:38:22.551+0000] {dagbag.py:588} INFO - Filling up the DagBag from /home/airflow/.local/lib/python3.12/site-packages/airflow/example_dags/example_task_group_decorator.py
[2024-10-14T02:38:22.567+0000] {processor.py:925} INFO - DAG(s) 'example_task_group_decorator' retrieved from /home/airflow/.local/lib/python3.12/site-packages/airflow/example_dags/example_task_group_decorator.py
[2024-10-14T02:38:22.591+0000] {logging_mixin.py:190} INFO - [2024-10-14T02:38:22.590+0000] {dag.py:3239} INFO - Sync 1 DAGs
[2024-10-14T02:38:22.609+0000] {logging_mixin.py:190} INFO - [2024-10-14T02:38:22.609+0000] {dag.py:4180} INFO - Setting next_dagrun for example_task_group_decorator to None, run_after=None
[2024-10-14T02:38:22.629+0000] {processor.py:208} INFO - Processing /home/airflow/.local/lib/python3.12/site-packages/airflow/example_dags/example_task_group_decorator.py took 0.087 seconds
[2024-10-14T02:38:57.595+0000] {processor.py:186} INFO - Started process (PID=231) to work on /home/airflow/.local/lib/python3.12/site-packages/airflow/example_dags/example_task_group_decorator.py
[2024-10-14T02:38:57.597+0000] {processor.py:914} INFO - Processing file /home/airflow/.local/lib/python3.12/site-packages/airflow/example_dags/example_task_group_decorator.py for tasks to queue
[2024-10-14T02:38:57.608+0000] {logging_mixin.py:190} INFO - [2024-10-14T02:38:57.608+0000] {dagbag.py:588} INFO - Filling up the DagBag from /home/airflow/.local/lib/python3.12/site-packages/airflow/example_dags/example_task_group_decorator.py
[2024-10-14T02:38:57.656+0000] {processor.py:925} INFO - DAG(s) 'example_task_group_decorator' retrieved from /home/airflow/.local/lib/python3.12/site-packages/airflow/example_dags/example_task_group_decorator.py
[2024-10-14T02:38:57.694+0000] {logging_mixin.py:190} INFO - [2024-10-14T02:38:57.693+0000] {dag.py:3239} INFO - Sync 1 DAGs
[2024-10-14T02:38:57.711+0000] {logging_mixin.py:190} INFO - [2024-10-14T02:38:57.711+0000] {dag.py:4180} INFO - Setting next_dagrun for example_task_group_decorator to None, run_after=None
[2024-10-14T02:38:57.732+0000] {processor.py:208} INFO - Processing /home/airflow/.local/lib/python3.12/site-packages/airflow/example_dags/example_task_group_decorator.py took 0.146 seconds
[2024-10-14T02:39:29.246+0000] {processor.py:186} INFO - Started process (PID=295) to work on /home/airflow/.local/lib/python3.12/site-packages/airflow/example_dags/example_task_group_decorator.py
[2024-10-14T02:39:29.247+0000] {processor.py:914} INFO - Processing file /home/airflow/.local/lib/python3.12/site-packages/airflow/example_dags/example_task_group_decorator.py for tasks to queue
[2024-10-14T02:39:29.251+0000] {logging_mixin.py:190} INFO - [2024-10-14T02:39:29.250+0000] {dagbag.py:588} INFO - Filling up the DagBag from /home/airflow/.local/lib/python3.12/site-packages/airflow/example_dags/example_task_group_decorator.py
[2024-10-14T02:39:29.271+0000] {processor.py:925} INFO - DAG(s) 'example_task_group_decorator' retrieved from /home/airflow/.local/lib/python3.12/site-packages/airflow/example_dags/example_task_group_decorator.py
[2024-10-14T02:39:29.297+0000] {logging_mixin.py:190} INFO - [2024-10-14T02:39:29.297+0000] {dag.py:3239} INFO - Sync 1 DAGs
[2024-10-14T02:39:29.312+0000] {logging_mixin.py:190} INFO - [2024-10-14T02:39:29.312+0000] {dag.py:4180} INFO - Setting next_dagrun for example_task_group_decorator to None, run_after=None
[2024-10-14T02:39:29.335+0000] {processor.py:208} INFO - Processing /home/airflow/.local/lib/python3.12/site-packages/airflow/example_dags/example_task_group_decorator.py took 0.105 seconds
[2024-10-14T02:40:02.602+0000] {processor.py:186} INFO - Started process (PID=359) to work on /home/airflow/.local/lib/python3.12/site-packages/airflow/example_dags/example_task_group_decorator.py
[2024-10-14T02:40:02.604+0000] {processor.py:914} INFO - Processing file /home/airflow/.local/lib/python3.12/site-packages/airflow/example_dags/example_task_group_decorator.py for tasks to queue
[2024-10-14T02:40:02.607+0000] {logging_mixin.py:190} INFO - [2024-10-14T02:40:02.606+0000] {dagbag.py:588} INFO - Filling up the DagBag from /home/airflow/.local/lib/python3.12/site-packages/airflow/example_dags/example_task_group_decorator.py
[2024-10-14T02:40:02.623+0000] {processor.py:925} INFO - DAG(s) 'example_task_group_decorator' retrieved from /home/airflow/.local/lib/python3.12/site-packages/airflow/example_dags/example_task_group_decorator.py
[2024-10-14T02:40:02.648+0000] {logging_mixin.py:190} INFO - [2024-10-14T02:40:02.648+0000] {dag.py:3239} INFO - Sync 1 DAGs
[2024-10-14T02:40:02.662+0000] {logging_mixin.py:190} INFO - [2024-10-14T02:40:02.662+0000] {dag.py:4180} INFO - Setting next_dagrun for example_task_group_decorator to None, run_after=None
[2024-10-14T02:40:02.683+0000] {processor.py:208} INFO - Processing /home/airflow/.local/lib/python3.12/site-packages/airflow/example_dags/example_task_group_decorator.py took 0.087 seconds
[2024-10-14T02:40:35.268+0000] {processor.py:186} INFO - Started process (PID=423) to work on /home/airflow/.local/lib/python3.12/site-packages/airflow/example_dags/example_task_group_decorator.py
[2024-10-14T02:40:35.269+0000] {processor.py:914} INFO - Processing file /home/airflow/.local/lib/python3.12/site-packages/airflow/example_dags/example_task_group_decorator.py for tasks to queue
[2024-10-14T02:40:35.271+0000] {logging_mixin.py:190} INFO - [2024-10-14T02:40:35.270+0000] {dagbag.py:588} INFO - Filling up the DagBag from /home/airflow/.local/lib/python3.12/site-packages/airflow/example_dags/example_task_group_decorator.py
[2024-10-14T02:40:35.283+0000] {processor.py:925} INFO - DAG(s) 'example_task_group_decorator' retrieved from /home/airflow/.local/lib/python3.12/site-packages/airflow/example_dags/example_task_group_decorator.py
[2024-10-14T02:40:35.307+0000] {logging_mixin.py:190} INFO - [2024-10-14T02:40:35.306+0000] {dag.py:3239} INFO - Sync 1 DAGs
[2024-10-14T02:40:35.319+0000] {logging_mixin.py:190} INFO - [2024-10-14T02:40:35.319+0000] {dag.py:4180} INFO - Setting next_dagrun for example_task_group_decorator to None, run_after=None
[2024-10-14T02:40:35.339+0000] {processor.py:208} INFO - Processing /home/airflow/.local/lib/python3.12/site-packages/airflow/example_dags/example_task_group_decorator.py took 0.076 seconds
[2024-10-14T02:41:07.452+0000] {processor.py:186} INFO - Started process (PID=487) to work on /home/airflow/.local/lib/python3.12/site-packages/airflow/example_dags/example_task_group_decorator.py
[2024-10-14T02:41:07.453+0000] {processor.py:914} INFO - Processing file /home/airflow/.local/lib/python3.12/site-packages/airflow/example_dags/example_task_group_decorator.py for tasks to queue
[2024-10-14T02:41:07.456+0000] {logging_mixin.py:190} INFO - [2024-10-14T02:41:07.455+0000] {dagbag.py:588} INFO - Filling up the DagBag from /home/airflow/.local/lib/python3.12/site-packages/airflow/example_dags/example_task_group_decorator.py
[2024-10-14T02:41:07.476+0000] {processor.py:925} INFO - DAG(s) 'example_task_group_decorator' retrieved from /home/airflow/.local/lib/python3.12/site-packages/airflow/example_dags/example_task_group_decorator.py
[2024-10-14T02:41:07.499+0000] {logging_mixin.py:190} INFO - [2024-10-14T02:41:07.499+0000] {dag.py:3239} INFO - Sync 1 DAGs
[2024-10-14T02:41:07.512+0000] {logging_mixin.py:190} INFO - [2024-10-14T02:41:07.511+0000] {dag.py:4180} INFO - Setting next_dagrun for example_task_group_decorator to None, run_after=None
[2024-10-14T02:41:07.530+0000] {processor.py:208} INFO - Processing /home/airflow/.local/lib/python3.12/site-packages/airflow/example_dags/example_task_group_decorator.py took 0.084 seconds
[2024-10-14T02:41:40.554+0000] {processor.py:186} INFO - Started process (PID=551) to work on /home/airflow/.local/lib/python3.12/site-packages/airflow/example_dags/example_task_group_decorator.py
[2024-10-14T02:41:40.556+0000] {processor.py:914} INFO - Processing file /home/airflow/.local/lib/python3.12/site-packages/airflow/example_dags/example_task_group_decorator.py for tasks to queue
[2024-10-14T02:41:40.559+0000] {logging_mixin.py:190} INFO - [2024-10-14T02:41:40.559+0000] {dagbag.py:588} INFO - Filling up the DagBag from /home/airflow/.local/lib/python3.12/site-packages/airflow/example_dags/example_task_group_decorator.py
[2024-10-14T02:41:40.578+0000] {processor.py:925} INFO - DAG(s) 'example_task_group_decorator' retrieved from /home/airflow/.local/lib/python3.12/site-packages/airflow/example_dags/example_task_group_decorator.py
[2024-10-14T02:41:40.611+0000] {logging_mixin.py:190} INFO - [2024-10-14T02:41:40.611+0000] {dag.py:3239} INFO - Sync 1 DAGs
[2024-10-14T02:41:40.629+0000] {logging_mixin.py:190} INFO - [2024-10-14T02:41:40.628+0000] {dag.py:4180} INFO - Setting next_dagrun for example_task_group_decorator to None, run_after=None
[2024-10-14T02:41:40.659+0000] {processor.py:208} INFO - Processing /home/airflow/.local/lib/python3.12/site-packages/airflow/example_dags/example_task_group_decorator.py took 0.111 seconds
[2024-10-14T02:42:14.071+0000] {processor.py:186} INFO - Started process (PID=615) to work on /home/airflow/.local/lib/python3.12/site-packages/airflow/example_dags/example_task_group_decorator.py
[2024-10-14T02:42:14.072+0000] {processor.py:914} INFO - Processing file /home/airflow/.local/lib/python3.12/site-packages/airflow/example_dags/example_task_group_decorator.py for tasks to queue
[2024-10-14T02:42:14.074+0000] {logging_mixin.py:190} INFO - [2024-10-14T02:42:14.074+0000] {dagbag.py:588} INFO - Filling up the DagBag from /home/airflow/.local/lib/python3.12/site-packages/airflow/example_dags/example_task_group_decorator.py
[2024-10-14T02:42:14.090+0000] {processor.py:925} INFO - DAG(s) 'example_task_group_decorator' retrieved from /home/airflow/.local/lib/python3.12/site-packages/airflow/example_dags/example_task_group_decorator.py
[2024-10-14T02:42:14.117+0000] {logging_mixin.py:190} INFO - [2024-10-14T02:42:14.117+0000] {dag.py:3239} INFO - Sync 1 DAGs
[2024-10-14T02:42:14.132+0000] {logging_mixin.py:190} INFO - [2024-10-14T02:42:14.132+0000] {dag.py:4180} INFO - Setting next_dagrun for example_task_group_decorator to None, run_after=None
[2024-10-14T02:42:14.154+0000] {processor.py:208} INFO - Processing /home/airflow/.local/lib/python3.12/site-packages/airflow/example_dags/example_task_group_decorator.py took 0.088 seconds
[2024-10-14T02:42:47.216+0000] {processor.py:186} INFO - Started process (PID=679) to work on /home/airflow/.local/lib/python3.12/site-packages/airflow/example_dags/example_task_group_decorator.py
[2024-10-14T02:42:47.217+0000] {processor.py:914} INFO - Processing file /home/airflow/.local/lib/python3.12/site-packages/airflow/example_dags/example_task_group_decorator.py for tasks to queue
[2024-10-14T02:42:47.220+0000] {logging_mixin.py:190} INFO - [2024-10-14T02:42:47.219+0000] {dagbag.py:588} INFO - Filling up the DagBag from /home/airflow/.local/lib/python3.12/site-packages/airflow/example_dags/example_task_group_decorator.py
[2024-10-14T02:42:47.240+0000] {processor.py:925} INFO - DAG(s) 'example_task_group_decorator' retrieved from /home/airflow/.local/lib/python3.12/site-packages/airflow/example_dags/example_task_group_decorator.py
[2024-10-14T02:42:47.264+0000] {logging_mixin.py:190} INFO - [2024-10-14T02:42:47.264+0000] {dag.py:3239} INFO - Sync 1 DAGs
[2024-10-14T02:42:47.278+0000] {logging_mixin.py:190} INFO - [2024-10-14T02:42:47.278+0000] {dag.py:4180} INFO - Setting next_dagrun for example_task_group_decorator to None, run_after=None
[2024-10-14T02:42:47.298+0000] {processor.py:208} INFO - Processing /home/airflow/.local/lib/python3.12/site-packages/airflow/example_dags/example_task_group_decorator.py took 0.087 seconds
[2024-10-14T02:43:20.359+0000] {processor.py:186} INFO - Started process (PID=743) to work on /home/airflow/.local/lib/python3.12/site-packages/airflow/example_dags/example_task_group_decorator.py
[2024-10-14T02:43:20.360+0000] {processor.py:914} INFO - Processing file /home/airflow/.local/lib/python3.12/site-packages/airflow/example_dags/example_task_group_decorator.py for tasks to queue
[2024-10-14T02:43:20.364+0000] {logging_mixin.py:190} INFO - [2024-10-14T02:43:20.364+0000] {dagbag.py:588} INFO - Filling up the DagBag from /home/airflow/.local/lib/python3.12/site-packages/airflow/example_dags/example_task_group_decorator.py
[2024-10-14T02:43:20.382+0000] {processor.py:925} INFO - DAG(s) 'example_task_group_decorator' retrieved from /home/airflow/.local/lib/python3.12/site-packages/airflow/example_dags/example_task_group_decorator.py
[2024-10-14T02:43:20.416+0000] {logging_mixin.py:190} INFO - [2024-10-14T02:43:20.415+0000] {dag.py:3239} INFO - Sync 1 DAGs
[2024-10-14T02:43:20.435+0000] {logging_mixin.py:190} INFO - [2024-10-14T02:43:20.435+0000] {dag.py:4180} INFO - Setting next_dagrun for example_task_group_decorator to None, run_after=None
[2024-10-14T02:43:20.465+0000] {processor.py:208} INFO - Processing /home/airflow/.local/lib/python3.12/site-packages/airflow/example_dags/example_task_group_decorator.py took 0.113 seconds
[2024-10-14T02:43:53.374+0000] {processor.py:186} INFO - Started process (PID=809) to work on /home/airflow/.local/lib/python3.12/site-packages/airflow/example_dags/example_task_group_decorator.py
[2024-10-14T02:43:53.377+0000] {processor.py:914} INFO - Processing file /home/airflow/.local/lib/python3.12/site-packages/airflow/example_dags/example_task_group_decorator.py for tasks to queue
[2024-10-14T02:43:53.382+0000] {logging_mixin.py:190} INFO - [2024-10-14T02:43:53.381+0000] {dagbag.py:588} INFO - Filling up the DagBag from /home/airflow/.local/lib/python3.12/site-packages/airflow/example_dags/example_task_group_decorator.py
[2024-10-14T02:43:53.400+0000] {processor.py:925} INFO - DAG(s) 'example_task_group_decorator' retrieved from /home/airflow/.local/lib/python3.12/site-packages/airflow/example_dags/example_task_group_decorator.py
[2024-10-14T02:43:53.433+0000] {logging_mixin.py:190} INFO - [2024-10-14T02:43:53.433+0000] {dag.py:3239} INFO - Sync 1 DAGs
[2024-10-14T02:43:53.452+0000] {logging_mixin.py:190} INFO - [2024-10-14T02:43:53.451+0000] {dag.py:4180} INFO - Setting next_dagrun for example_task_group_decorator to None, run_after=None
[2024-10-14T02:43:53.473+0000] {processor.py:208} INFO - Processing /home/airflow/.local/lib/python3.12/site-packages/airflow/example_dags/example_task_group_decorator.py took 0.107 seconds
[2024-10-14T02:44:27.862+0000] {processor.py:186} INFO - Started process (PID=877) to work on /home/airflow/.local/lib/python3.12/site-packages/airflow/example_dags/example_task_group_decorator.py
[2024-10-14T02:44:27.864+0000] {processor.py:914} INFO - Processing file /home/airflow/.local/lib/python3.12/site-packages/airflow/example_dags/example_task_group_decorator.py for tasks to queue
[2024-10-14T02:44:27.867+0000] {logging_mixin.py:190} INFO - [2024-10-14T02:44:27.867+0000] {dagbag.py:588} INFO - Filling up the DagBag from /home/airflow/.local/lib/python3.12/site-packages/airflow/example_dags/example_task_group_decorator.py
[2024-10-14T02:44:27.884+0000] {processor.py:925} INFO - DAG(s) 'example_task_group_decorator' retrieved from /home/airflow/.local/lib/python3.12/site-packages/airflow/example_dags/example_task_group_decorator.py
[2024-10-14T02:44:27.916+0000] {logging_mixin.py:190} INFO - [2024-10-14T02:44:27.916+0000] {dag.py:3239} INFO - Sync 1 DAGs
[2024-10-14T02:44:27.933+0000] {logging_mixin.py:190} INFO - [2024-10-14T02:44:27.933+0000] {dag.py:4180} INFO - Setting next_dagrun for example_task_group_decorator to None, run_after=None
[2024-10-14T02:44:27.955+0000] {processor.py:208} INFO - Processing /home/airflow/.local/lib/python3.12/site-packages/airflow/example_dags/example_task_group_decorator.py took 0.100 seconds
[2024-10-14T02:45:00.705+0000] {processor.py:186} INFO - Started process (PID=944) to work on /home/airflow/.local/lib/python3.12/site-packages/airflow/example_dags/example_task_group_decorator.py
[2024-10-14T02:45:00.707+0000] {processor.py:914} INFO - Processing file /home/airflow/.local/lib/python3.12/site-packages/airflow/example_dags/example_task_group_decorator.py for tasks to queue
[2024-10-14T02:45:00.709+0000] {logging_mixin.py:190} INFO - [2024-10-14T02:45:00.708+0000] {dagbag.py:588} INFO - Filling up the DagBag from /home/airflow/.local/lib/python3.12/site-packages/airflow/example_dags/example_task_group_decorator.py
[2024-10-14T02:45:00.722+0000] {processor.py:925} INFO - DAG(s) 'example_task_group_decorator' retrieved from /home/airflow/.local/lib/python3.12/site-packages/airflow/example_dags/example_task_group_decorator.py
[2024-10-14T02:45:00.744+0000] {logging_mixin.py:190} INFO - [2024-10-14T02:45:00.744+0000] {dag.py:3239} INFO - Sync 1 DAGs
[2024-10-14T02:45:00.757+0000] {logging_mixin.py:190} INFO - [2024-10-14T02:45:00.757+0000] {dag.py:4180} INFO - Setting next_dagrun for example_task_group_decorator to None, run_after=None
[2024-10-14T02:45:00.780+0000] {processor.py:208} INFO - Processing /home/airflow/.local/lib/python3.12/site-packages/airflow/example_dags/example_task_group_decorator.py took 0.080 seconds
[2024-10-14T02:45:33.168+0000] {processor.py:186} INFO - Started process (PID=1008) to work on /home/airflow/.local/lib/python3.12/site-packages/airflow/example_dags/example_task_group_decorator.py
[2024-10-14T02:45:33.170+0000] {processor.py:914} INFO - Processing file /home/airflow/.local/lib/python3.12/site-packages/airflow/example_dags/example_task_group_decorator.py for tasks to queue
[2024-10-14T02:45:33.173+0000] {logging_mixin.py:190} INFO - [2024-10-14T02:45:33.173+0000] {dagbag.py:588} INFO - Filling up the DagBag from /home/airflow/.local/lib/python3.12/site-packages/airflow/example_dags/example_task_group_decorator.py
[2024-10-14T02:45:33.187+0000] {processor.py:925} INFO - DAG(s) 'example_task_group_decorator' retrieved from /home/airflow/.local/lib/python3.12/site-packages/airflow/example_dags/example_task_group_decorator.py
[2024-10-14T02:45:33.212+0000] {logging_mixin.py:190} INFO - [2024-10-14T02:45:33.212+0000] {dag.py:3239} INFO - Sync 1 DAGs
[2024-10-14T02:45:33.226+0000] {logging_mixin.py:190} INFO - [2024-10-14T02:45:33.226+0000] {dag.py:4180} INFO - Setting next_dagrun for example_task_group_decorator to None, run_after=None
[2024-10-14T02:45:33.247+0000] {processor.py:208} INFO - Processing /home/airflow/.local/lib/python3.12/site-packages/airflow/example_dags/example_task_group_decorator.py took 0.084 seconds
[2024-10-14T02:46:06.891+0000] {processor.py:186} INFO - Started process (PID=1072) to work on /home/airflow/.local/lib/python3.12/site-packages/airflow/example_dags/example_task_group_decorator.py
[2024-10-14T02:46:06.892+0000] {processor.py:914} INFO - Processing file /home/airflow/.local/lib/python3.12/site-packages/airflow/example_dags/example_task_group_decorator.py for tasks to queue
[2024-10-14T02:46:06.895+0000] {logging_mixin.py:190} INFO - [2024-10-14T02:46:06.894+0000] {dagbag.py:588} INFO - Filling up the DagBag from /home/airflow/.local/lib/python3.12/site-packages/airflow/example_dags/example_task_group_decorator.py
[2024-10-14T02:46:06.911+0000] {processor.py:925} INFO - DAG(s) 'example_task_group_decorator' retrieved from /home/airflow/.local/lib/python3.12/site-packages/airflow/example_dags/example_task_group_decorator.py
[2024-10-14T02:46:06.933+0000] {logging_mixin.py:190} INFO - [2024-10-14T02:46:06.933+0000] {dag.py:3239} INFO - Sync 1 DAGs
[2024-10-14T02:46:06.945+0000] {logging_mixin.py:190} INFO - [2024-10-14T02:46:06.945+0000] {dag.py:4180} INFO - Setting next_dagrun for example_task_group_decorator to None, run_after=None
[2024-10-14T02:46:06.967+0000] {processor.py:208} INFO - Processing /home/airflow/.local/lib/python3.12/site-packages/airflow/example_dags/example_task_group_decorator.py took 0.081 seconds
[2024-10-14T02:46:39.301+0000] {processor.py:186} INFO - Started process (PID=1136) to work on /home/airflow/.local/lib/python3.12/site-packages/airflow/example_dags/example_task_group_decorator.py
[2024-10-14T02:46:39.302+0000] {processor.py:914} INFO - Processing file /home/airflow/.local/lib/python3.12/site-packages/airflow/example_dags/example_task_group_decorator.py for tasks to queue
[2024-10-14T02:46:39.305+0000] {logging_mixin.py:190} INFO - [2024-10-14T02:46:39.305+0000] {dagbag.py:588} INFO - Filling up the DagBag from /home/airflow/.local/lib/python3.12/site-packages/airflow/example_dags/example_task_group_decorator.py
[2024-10-14T02:46:39.323+0000] {processor.py:925} INFO - DAG(s) 'example_task_group_decorator' retrieved from /home/airflow/.local/lib/python3.12/site-packages/airflow/example_dags/example_task_group_decorator.py
[2024-10-14T02:46:39.357+0000] {logging_mixin.py:190} INFO - [2024-10-14T02:46:39.357+0000] {dag.py:3239} INFO - Sync 1 DAGs
[2024-10-14T02:46:39.377+0000] {logging_mixin.py:190} INFO - [2024-10-14T02:46:39.377+0000] {dag.py:4180} INFO - Setting next_dagrun for example_task_group_decorator to None, run_after=None
[2024-10-14T02:46:39.402+0000] {processor.py:208} INFO - Processing /home/airflow/.local/lib/python3.12/site-packages/airflow/example_dags/example_task_group_decorator.py took 0.106 seconds
[2024-10-14T02:47:12.794+0000] {processor.py:186} INFO - Started process (PID=1200) to work on /home/airflow/.local/lib/python3.12/site-packages/airflow/example_dags/example_task_group_decorator.py
[2024-10-14T02:47:12.795+0000] {processor.py:914} INFO - Processing file /home/airflow/.local/lib/python3.12/site-packages/airflow/example_dags/example_task_group_decorator.py for tasks to queue
[2024-10-14T02:47:12.798+0000] {logging_mixin.py:190} INFO - [2024-10-14T02:47:12.798+0000] {dagbag.py:588} INFO - Filling up the DagBag from /home/airflow/.local/lib/python3.12/site-packages/airflow/example_dags/example_task_group_decorator.py
[2024-10-14T02:47:12.820+0000] {processor.py:925} INFO - DAG(s) 'example_task_group_decorator' retrieved from /home/airflow/.local/lib/python3.12/site-packages/airflow/example_dags/example_task_group_decorator.py
[2024-10-14T02:47:12.847+0000] {logging_mixin.py:190} INFO - [2024-10-14T02:47:12.847+0000] {dag.py:3239} INFO - Sync 1 DAGs
[2024-10-14T02:47:12.861+0000] {logging_mixin.py:190} INFO - [2024-10-14T02:47:12.861+0000] {dag.py:4180} INFO - Setting next_dagrun for example_task_group_decorator to None, run_after=None
[2024-10-14T02:47:12.880+0000] {processor.py:208} INFO - Processing /home/airflow/.local/lib/python3.12/site-packages/airflow/example_dags/example_task_group_decorator.py took 0.091 seconds
[2024-10-14T02:47:44.931+0000] {processor.py:186} INFO - Started process (PID=1258) to work on /home/airflow/.local/lib/python3.12/site-packages/airflow/example_dags/example_task_group_decorator.py
[2024-10-14T02:47:44.932+0000] {processor.py:914} INFO - Processing file /home/airflow/.local/lib/python3.12/site-packages/airflow/example_dags/example_task_group_decorator.py for tasks to queue
[2024-10-14T02:47:44.935+0000] {logging_mixin.py:190} INFO - [2024-10-14T02:47:44.934+0000] {dagbag.py:588} INFO - Filling up the DagBag from /home/airflow/.local/lib/python3.12/site-packages/airflow/example_dags/example_task_group_decorator.py
[2024-10-14T02:47:44.959+0000] {processor.py:925} INFO - DAG(s) 'example_task_group_decorator' retrieved from /home/airflow/.local/lib/python3.12/site-packages/airflow/example_dags/example_task_group_decorator.py
[2024-10-14T02:47:44.992+0000] {logging_mixin.py:190} INFO - [2024-10-14T02:47:44.992+0000] {dag.py:3239} INFO - Sync 1 DAGs
[2024-10-14T02:47:45.010+0000] {logging_mixin.py:190} INFO - [2024-10-14T02:47:45.010+0000] {dag.py:4180} INFO - Setting next_dagrun for example_task_group_decorator to None, run_after=None
[2024-10-14T02:47:45.033+0000] {processor.py:208} INFO - Processing /home/airflow/.local/lib/python3.12/site-packages/airflow/example_dags/example_task_group_decorator.py took 0.107 seconds
