[2024-10-14T02:26:52.738+0000] {processor.py:186} INFO - Started process (PID=96) to work on /home/airflow/.local/lib/python3.12/site-packages/airflow/example_dags/example_dataset_alias_with_no_taskflow.py
[2024-10-14T02:26:52.739+0000] {processor.py:914} INFO - Processing file /home/airflow/.local/lib/python3.12/site-packages/airflow/example_dags/example_dataset_alias_with_no_taskflow.py for tasks to queue
[2024-10-14T02:26:52.742+0000] {logging_mixin.py:190} INFO - [2024-10-14T02:26:52.741+0000] {dagbag.py:588} INFO - Filling up the DagBag from /home/airflow/.local/lib/python3.12/site-packages/airflow/example_dags/example_dataset_alias_with_no_taskflow.py
[2024-10-14T02:26:52.921+0000] {processor.py:925} INFO - DAG(s) 'dataset_s3_bucket_producer_with_no_taskflow', 'dataset_alias_example_alias_producer_with_no_taskflow', 'dataset_alias_example_alias_consumer_with_no_taskflow', 'dataset_s3_bucket_consumer_with_no_taskflow' retrieved from /home/airflow/.local/lib/python3.12/site-packages/airflow/example_dags/example_dataset_alias_with_no_taskflow.py
[2024-10-14T02:26:53.016+0000] {logging_mixin.py:190} INFO - [2024-10-14T02:26:53.015+0000] {override.py:1900} INFO - Created Permission View: can delete on DAG:dataset_s3_bucket_producer_with_no_taskflow
[2024-10-14T02:26:53.027+0000] {logging_mixin.py:190} INFO - [2024-10-14T02:26:53.027+0000] {override.py:1900} INFO - Created Permission View: can edit on DAG:dataset_s3_bucket_producer_with_no_taskflow
[2024-10-14T02:26:53.036+0000] {logging_mixin.py:190} INFO - [2024-10-14T02:26:53.036+0000] {override.py:1900} INFO - Created Permission View: can read on DAG:dataset_s3_bucket_producer_with_no_taskflow
[2024-10-14T02:26:53.044+0000] {logging_mixin.py:190} INFO - [2024-10-14T02:26:53.044+0000] {override.py:1900} INFO - Created Permission View: can delete on DAG Run:dataset_s3_bucket_producer_with_no_taskflow
[2024-10-14T02:26:53.053+0000] {logging_mixin.py:190} INFO - [2024-10-14T02:26:53.052+0000] {override.py:1900} INFO - Created Permission View: can create on DAG Run:dataset_s3_bucket_producer_with_no_taskflow
[2024-10-14T02:26:53.060+0000] {logging_mixin.py:190} INFO - [2024-10-14T02:26:53.059+0000] {override.py:1900} INFO - Created Permission View: menu access on DAG Run:dataset_s3_bucket_producer_with_no_taskflow
[2024-10-14T02:26:53.067+0000] {logging_mixin.py:190} INFO - [2024-10-14T02:26:53.066+0000] {override.py:1900} INFO - Created Permission View: can read on DAG Run:dataset_s3_bucket_producer_with_no_taskflow
[2024-10-14T02:26:53.082+0000] {logging_mixin.py:190} INFO - [2024-10-14T02:26:53.081+0000] {override.py:1900} INFO - Created Permission View: can delete on DAG:dataset_alias_example_alias_producer_with_no_taskflow
[2024-10-14T02:26:53.089+0000] {logging_mixin.py:190} INFO - [2024-10-14T02:26:53.088+0000] {override.py:1900} INFO - Created Permission View: can edit on DAG:dataset_alias_example_alias_producer_with_no_taskflow
[2024-10-14T02:26:53.097+0000] {logging_mixin.py:190} INFO - [2024-10-14T02:26:53.097+0000] {override.py:1900} INFO - Created Permission View: can read on DAG:dataset_alias_example_alias_producer_with_no_taskflow
[2024-10-14T02:26:53.104+0000] {logging_mixin.py:190} INFO - [2024-10-14T02:26:53.104+0000] {override.py:1900} INFO - Created Permission View: can delete on DAG Run:dataset_alias_example_alias_producer_with_no_taskflow
[2024-10-14T02:26:53.112+0000] {logging_mixin.py:190} INFO - [2024-10-14T02:26:53.111+0000] {override.py:1900} INFO - Created Permission View: can create on DAG Run:dataset_alias_example_alias_producer_with_no_taskflow
[2024-10-14T02:26:53.119+0000] {logging_mixin.py:190} INFO - [2024-10-14T02:26:53.118+0000] {override.py:1900} INFO - Created Permission View: menu access on DAG Run:dataset_alias_example_alias_producer_with_no_taskflow
[2024-10-14T02:26:53.129+0000] {logging_mixin.py:190} INFO - [2024-10-14T02:26:53.127+0000] {override.py:1900} INFO - Created Permission View: can read on DAG Run:dataset_alias_example_alias_producer_with_no_taskflow
[2024-10-14T02:26:53.145+0000] {logging_mixin.py:190} INFO - [2024-10-14T02:26:53.144+0000] {override.py:1900} INFO - Created Permission View: can delete on DAG:dataset_alias_example_alias_consumer_with_no_taskflow
[2024-10-14T02:26:53.152+0000] {logging_mixin.py:190} INFO - [2024-10-14T02:26:53.152+0000] {override.py:1900} INFO - Created Permission View: can edit on DAG:dataset_alias_example_alias_consumer_with_no_taskflow
[2024-10-14T02:26:53.161+0000] {logging_mixin.py:190} INFO - [2024-10-14T02:26:53.160+0000] {override.py:1900} INFO - Created Permission View: can read on DAG:dataset_alias_example_alias_consumer_with_no_taskflow
[2024-10-14T02:26:53.177+0000] {logging_mixin.py:190} INFO - [2024-10-14T02:26:53.176+0000] {override.py:1900} INFO - Created Permission View: can delete on DAG Run:dataset_alias_example_alias_consumer_with_no_taskflow
[2024-10-14T02:26:53.190+0000] {logging_mixin.py:190} INFO - [2024-10-14T02:26:53.190+0000] {override.py:1900} INFO - Created Permission View: can create on DAG Run:dataset_alias_example_alias_consumer_with_no_taskflow
[2024-10-14T02:26:53.205+0000] {logging_mixin.py:190} INFO - [2024-10-14T02:26:53.204+0000] {override.py:1900} INFO - Created Permission View: menu access on DAG Run:dataset_alias_example_alias_consumer_with_no_taskflow
[2024-10-14T02:26:53.215+0000] {logging_mixin.py:190} INFO - [2024-10-14T02:26:53.215+0000] {override.py:1900} INFO - Created Permission View: can read on DAG Run:dataset_alias_example_alias_consumer_with_no_taskflow
[2024-10-14T02:26:53.233+0000] {logging_mixin.py:190} INFO - [2024-10-14T02:26:53.232+0000] {override.py:1900} INFO - Created Permission View: can delete on DAG:dataset_s3_bucket_consumer_with_no_taskflow
[2024-10-14T02:26:53.241+0000] {logging_mixin.py:190} INFO - [2024-10-14T02:26:53.241+0000] {override.py:1900} INFO - Created Permission View: can edit on DAG:dataset_s3_bucket_consumer_with_no_taskflow
[2024-10-14T02:26:53.250+0000] {logging_mixin.py:190} INFO - [2024-10-14T02:26:53.250+0000] {override.py:1900} INFO - Created Permission View: can read on DAG:dataset_s3_bucket_consumer_with_no_taskflow
[2024-10-14T02:26:53.261+0000] {logging_mixin.py:190} INFO - [2024-10-14T02:26:53.261+0000] {override.py:1900} INFO - Created Permission View: can delete on DAG Run:dataset_s3_bucket_consumer_with_no_taskflow
[2024-10-14T02:26:53.270+0000] {logging_mixin.py:190} INFO - [2024-10-14T02:26:53.270+0000] {override.py:1900} INFO - Created Permission View: can create on DAG Run:dataset_s3_bucket_consumer_with_no_taskflow
[2024-10-14T02:26:53.279+0000] {logging_mixin.py:190} INFO - [2024-10-14T02:26:53.278+0000] {override.py:1900} INFO - Created Permission View: menu access on DAG Run:dataset_s3_bucket_consumer_with_no_taskflow
[2024-10-14T02:26:53.287+0000] {logging_mixin.py:190} INFO - [2024-10-14T02:26:53.286+0000] {override.py:1900} INFO - Created Permission View: can read on DAG Run:dataset_s3_bucket_consumer_with_no_taskflow
[2024-10-14T02:26:53.287+0000] {logging_mixin.py:190} INFO - [2024-10-14T02:26:53.287+0000] {dag.py:3239} INFO - Sync 4 DAGs
[2024-10-14T02:26:53.300+0000] {logging_mixin.py:190} INFO - [2024-10-14T02:26:53.299+0000] {dag.py:3262} INFO - Creating ORM DAG for dataset_s3_bucket_consumer_with_no_taskflow
[2024-10-14T02:26:53.301+0000] {logging_mixin.py:190} INFO - [2024-10-14T02:26:53.300+0000] {dag.py:3262} INFO - Creating ORM DAG for dataset_s3_bucket_producer_with_no_taskflow
[2024-10-14T02:26:53.301+0000] {logging_mixin.py:190} INFO - [2024-10-14T02:26:53.301+0000] {dag.py:3262} INFO - Creating ORM DAG for dataset_alias_example_alias_consumer_with_no_taskflow
[2024-10-14T02:26:53.302+0000] {logging_mixin.py:190} INFO - [2024-10-14T02:26:53.302+0000] {dag.py:3262} INFO - Creating ORM DAG for dataset_alias_example_alias_producer_with_no_taskflow
[2024-10-14T02:26:53.312+0000] {logging_mixin.py:190} INFO - [2024-10-14T02:26:53.312+0000] {dag.py:4180} INFO - Setting next_dagrun for dataset_alias_example_alias_consumer_with_no_taskflow to None, run_after=None
[2024-10-14T02:26:53.313+0000] {logging_mixin.py:190} INFO - [2024-10-14T02:26:53.312+0000] {dag.py:4180} INFO - Setting next_dagrun for dataset_alias_example_alias_producer_with_no_taskflow to None, run_after=None
[2024-10-14T02:26:53.314+0000] {logging_mixin.py:190} INFO - [2024-10-14T02:26:53.313+0000] {dag.py:4180} INFO - Setting next_dagrun for dataset_s3_bucket_consumer_with_no_taskflow to None, run_after=None
[2024-10-14T02:26:53.315+0000] {logging_mixin.py:190} INFO - [2024-10-14T02:26:53.314+0000] {dag.py:4180} INFO - Setting next_dagrun for dataset_s3_bucket_producer_with_no_taskflow to None, run_after=None
[2024-10-14T02:26:53.346+0000] {processor.py:208} INFO - Processing /home/airflow/.local/lib/python3.12/site-packages/airflow/example_dags/example_dataset_alias_with_no_taskflow.py took 0.614 seconds
[2024-10-14T02:27:24.032+0000] {processor.py:186} INFO - Started process (PID=158) to work on /home/airflow/.local/lib/python3.12/site-packages/airflow/example_dags/example_dataset_alias_with_no_taskflow.py
[2024-10-14T02:27:24.033+0000] {processor.py:914} INFO - Processing file /home/airflow/.local/lib/python3.12/site-packages/airflow/example_dags/example_dataset_alias_with_no_taskflow.py for tasks to queue
[2024-10-14T02:27:24.036+0000] {logging_mixin.py:190} INFO - [2024-10-14T02:27:24.035+0000] {dagbag.py:588} INFO - Filling up the DagBag from /home/airflow/.local/lib/python3.12/site-packages/airflow/example_dags/example_dataset_alias_with_no_taskflow.py
[2024-10-14T02:27:24.246+0000] {processor.py:925} INFO - DAG(s) 'dataset_alias_example_alias_consumer_with_no_taskflow', 'dataset_s3_bucket_producer_with_no_taskflow', 'dataset_alias_example_alias_producer_with_no_taskflow', 'dataset_s3_bucket_consumer_with_no_taskflow' retrieved from /home/airflow/.local/lib/python3.12/site-packages/airflow/example_dags/example_dataset_alias_with_no_taskflow.py
[2024-10-14T02:27:24.291+0000] {logging_mixin.py:190} INFO - [2024-10-14T02:27:24.290+0000] {dag.py:3239} INFO - Sync 4 DAGs
[2024-10-14T02:27:24.329+0000] {logging_mixin.py:190} INFO - [2024-10-14T02:27:24.329+0000] {dag.py:4180} INFO - Setting next_dagrun for dataset_alias_example_alias_consumer_with_no_taskflow to None, run_after=None
[2024-10-14T02:27:24.332+0000] {logging_mixin.py:190} INFO - [2024-10-14T02:27:24.332+0000] {dag.py:4180} INFO - Setting next_dagrun for dataset_alias_example_alias_producer_with_no_taskflow to None, run_after=None
[2024-10-14T02:27:24.334+0000] {logging_mixin.py:190} INFO - [2024-10-14T02:27:24.334+0000] {dag.py:4180} INFO - Setting next_dagrun for dataset_s3_bucket_consumer_with_no_taskflow to None, run_after=None
[2024-10-14T02:27:24.336+0000] {logging_mixin.py:190} INFO - [2024-10-14T02:27:24.336+0000] {dag.py:4180} INFO - Setting next_dagrun for dataset_s3_bucket_producer_with_no_taskflow to None, run_after=None
[2024-10-14T02:27:24.369+0000] {processor.py:208} INFO - Processing /home/airflow/.local/lib/python3.12/site-packages/airflow/example_dags/example_dataset_alias_with_no_taskflow.py took 0.345 seconds
[2024-10-14T02:27:55.456+0000] {processor.py:186} INFO - Started process (PID=221) to work on /home/airflow/.local/lib/python3.12/site-packages/airflow/example_dags/example_dataset_alias_with_no_taskflow.py
[2024-10-14T02:27:55.457+0000] {processor.py:914} INFO - Processing file /home/airflow/.local/lib/python3.12/site-packages/airflow/example_dags/example_dataset_alias_with_no_taskflow.py for tasks to queue
[2024-10-14T02:27:55.460+0000] {logging_mixin.py:190} INFO - [2024-10-14T02:27:55.459+0000] {dagbag.py:588} INFO - Filling up the DagBag from /home/airflow/.local/lib/python3.12/site-packages/airflow/example_dags/example_dataset_alias_with_no_taskflow.py
[2024-10-14T02:27:55.632+0000] {processor.py:925} INFO - DAG(s) 'dataset_alias_example_alias_consumer_with_no_taskflow', 'dataset_s3_bucket_producer_with_no_taskflow', 'dataset_alias_example_alias_producer_with_no_taskflow', 'dataset_s3_bucket_consumer_with_no_taskflow' retrieved from /home/airflow/.local/lib/python3.12/site-packages/airflow/example_dags/example_dataset_alias_with_no_taskflow.py
[2024-10-14T02:27:55.655+0000] {logging_mixin.py:190} INFO - [2024-10-14T02:27:55.655+0000] {dag.py:3239} INFO - Sync 4 DAGs
[2024-10-14T02:27:55.682+0000] {logging_mixin.py:190} INFO - [2024-10-14T02:27:55.681+0000] {dag.py:4180} INFO - Setting next_dagrun for dataset_alias_example_alias_consumer_with_no_taskflow to None, run_after=None
[2024-10-14T02:27:55.684+0000] {logging_mixin.py:190} INFO - [2024-10-14T02:27:55.684+0000] {dag.py:4180} INFO - Setting next_dagrun for dataset_alias_example_alias_producer_with_no_taskflow to None, run_after=None
[2024-10-14T02:27:55.686+0000] {logging_mixin.py:190} INFO - [2024-10-14T02:27:55.686+0000] {dag.py:4180} INFO - Setting next_dagrun for dataset_s3_bucket_consumer_with_no_taskflow to None, run_after=None
[2024-10-14T02:27:55.688+0000] {logging_mixin.py:190} INFO - [2024-10-14T02:27:55.688+0000] {dag.py:4180} INFO - Setting next_dagrun for dataset_s3_bucket_producer_with_no_taskflow to None, run_after=None
[2024-10-14T02:27:55.712+0000] {processor.py:208} INFO - Processing /home/airflow/.local/lib/python3.12/site-packages/airflow/example_dags/example_dataset_alias_with_no_taskflow.py took 0.260 seconds
[2024-10-14T02:28:27.693+0000] {processor.py:186} INFO - Started process (PID=278) to work on /home/airflow/.local/lib/python3.12/site-packages/airflow/example_dags/example_dataset_alias_with_no_taskflow.py
[2024-10-14T02:28:27.694+0000] {processor.py:914} INFO - Processing file /home/airflow/.local/lib/python3.12/site-packages/airflow/example_dags/example_dataset_alias_with_no_taskflow.py for tasks to queue
[2024-10-14T02:28:27.697+0000] {logging_mixin.py:190} INFO - [2024-10-14T02:28:27.696+0000] {dagbag.py:588} INFO - Filling up the DagBag from /home/airflow/.local/lib/python3.12/site-packages/airflow/example_dags/example_dataset_alias_with_no_taskflow.py
[2024-10-14T02:28:27.849+0000] {processor.py:925} INFO - DAG(s) 'dataset_s3_bucket_producer_with_no_taskflow', 'dataset_alias_example_alias_consumer_with_no_taskflow', 'dataset_alias_example_alias_producer_with_no_taskflow', 'dataset_s3_bucket_consumer_with_no_taskflow' retrieved from /home/airflow/.local/lib/python3.12/site-packages/airflow/example_dags/example_dataset_alias_with_no_taskflow.py
[2024-10-14T02:28:27.880+0000] {logging_mixin.py:190} INFO - [2024-10-14T02:28:27.880+0000] {dag.py:3239} INFO - Sync 4 DAGs
[2024-10-14T02:28:27.912+0000] {logging_mixin.py:190} INFO - [2024-10-14T02:28:27.911+0000] {dag.py:4180} INFO - Setting next_dagrun for dataset_alias_example_alias_consumer_with_no_taskflow to None, run_after=None
[2024-10-14T02:28:27.915+0000] {logging_mixin.py:190} INFO - [2024-10-14T02:28:27.914+0000] {dag.py:4180} INFO - Setting next_dagrun for dataset_alias_example_alias_producer_with_no_taskflow to None, run_after=None
[2024-10-14T02:28:27.916+0000] {logging_mixin.py:190} INFO - [2024-10-14T02:28:27.916+0000] {dag.py:4180} INFO - Setting next_dagrun for dataset_s3_bucket_consumer_with_no_taskflow to None, run_after=None
[2024-10-14T02:28:27.918+0000] {logging_mixin.py:190} INFO - [2024-10-14T02:28:27.918+0000] {dag.py:4180} INFO - Setting next_dagrun for dataset_s3_bucket_producer_with_no_taskflow to None, run_after=None
[2024-10-14T02:28:27.959+0000] {processor.py:208} INFO - Processing /home/airflow/.local/lib/python3.12/site-packages/airflow/example_dags/example_dataset_alias_with_no_taskflow.py took 0.273 seconds
[2024-10-14T02:29:01.606+0000] {processor.py:186} INFO - Started process (PID=347) to work on /home/airflow/.local/lib/python3.12/site-packages/airflow/example_dags/example_dataset_alias_with_no_taskflow.py
[2024-10-14T02:29:01.608+0000] {processor.py:914} INFO - Processing file /home/airflow/.local/lib/python3.12/site-packages/airflow/example_dags/example_dataset_alias_with_no_taskflow.py for tasks to queue
[2024-10-14T02:29:01.612+0000] {logging_mixin.py:190} INFO - [2024-10-14T02:29:01.611+0000] {dagbag.py:588} INFO - Filling up the DagBag from /home/airflow/.local/lib/python3.12/site-packages/airflow/example_dags/example_dataset_alias_with_no_taskflow.py
[2024-10-14T02:29:01.857+0000] {processor.py:925} INFO - DAG(s) 'dataset_s3_bucket_producer_with_no_taskflow', 'dataset_alias_example_alias_consumer_with_no_taskflow', 'dataset_s3_bucket_consumer_with_no_taskflow', 'dataset_alias_example_alias_producer_with_no_taskflow' retrieved from /home/airflow/.local/lib/python3.12/site-packages/airflow/example_dags/example_dataset_alias_with_no_taskflow.py
[2024-10-14T02:29:01.889+0000] {logging_mixin.py:190} INFO - [2024-10-14T02:29:01.889+0000] {dag.py:3239} INFO - Sync 4 DAGs
[2024-10-14T02:29:01.920+0000] {logging_mixin.py:190} INFO - [2024-10-14T02:29:01.920+0000] {dag.py:4180} INFO - Setting next_dagrun for dataset_alias_example_alias_consumer_with_no_taskflow to None, run_after=None
[2024-10-14T02:29:01.924+0000] {logging_mixin.py:190} INFO - [2024-10-14T02:29:01.924+0000] {dag.py:4180} INFO - Setting next_dagrun for dataset_alias_example_alias_producer_with_no_taskflow to None, run_after=None
[2024-10-14T02:29:01.926+0000] {logging_mixin.py:190} INFO - [2024-10-14T02:29:01.926+0000] {dag.py:4180} INFO - Setting next_dagrun for dataset_s3_bucket_consumer_with_no_taskflow to None, run_after=None
[2024-10-14T02:29:01.930+0000] {logging_mixin.py:190} INFO - [2024-10-14T02:29:01.930+0000] {dag.py:4180} INFO - Setting next_dagrun for dataset_s3_bucket_producer_with_no_taskflow to None, run_after=None
[2024-10-14T02:29:01.965+0000] {processor.py:208} INFO - Processing /home/airflow/.local/lib/python3.12/site-packages/airflow/example_dags/example_dataset_alias_with_no_taskflow.py took 0.373 seconds
[2024-10-14T02:29:34.129+0000] {processor.py:186} INFO - Started process (PID=404) to work on /home/airflow/.local/lib/python3.12/site-packages/airflow/example_dags/example_dataset_alias_with_no_taskflow.py
[2024-10-14T02:29:34.130+0000] {processor.py:914} INFO - Processing file /home/airflow/.local/lib/python3.12/site-packages/airflow/example_dags/example_dataset_alias_with_no_taskflow.py for tasks to queue
[2024-10-14T02:29:34.135+0000] {logging_mixin.py:190} INFO - [2024-10-14T02:29:34.135+0000] {dagbag.py:588} INFO - Filling up the DagBag from /home/airflow/.local/lib/python3.12/site-packages/airflow/example_dags/example_dataset_alias_with_no_taskflow.py
[2024-10-14T02:29:34.303+0000] {processor.py:925} INFO - DAG(s) 'dataset_alias_example_alias_producer_with_no_taskflow', 'dataset_s3_bucket_consumer_with_no_taskflow', 'dataset_s3_bucket_producer_with_no_taskflow', 'dataset_alias_example_alias_consumer_with_no_taskflow' retrieved from /home/airflow/.local/lib/python3.12/site-packages/airflow/example_dags/example_dataset_alias_with_no_taskflow.py
[2024-10-14T02:29:34.338+0000] {logging_mixin.py:190} INFO - [2024-10-14T02:29:34.337+0000] {dag.py:3239} INFO - Sync 4 DAGs
[2024-10-14T02:29:34.362+0000] {logging_mixin.py:190} INFO - [2024-10-14T02:29:34.362+0000] {dag.py:4180} INFO - Setting next_dagrun for dataset_alias_example_alias_consumer_with_no_taskflow to None, run_after=None
[2024-10-14T02:29:34.367+0000] {logging_mixin.py:190} INFO - [2024-10-14T02:29:34.367+0000] {dag.py:4180} INFO - Setting next_dagrun for dataset_alias_example_alias_producer_with_no_taskflow to None, run_after=None
[2024-10-14T02:29:34.368+0000] {logging_mixin.py:190} INFO - [2024-10-14T02:29:34.368+0000] {dag.py:4180} INFO - Setting next_dagrun for dataset_s3_bucket_consumer_with_no_taskflow to None, run_after=None
[2024-10-14T02:29:34.370+0000] {logging_mixin.py:190} INFO - [2024-10-14T02:29:34.370+0000] {dag.py:4180} INFO - Setting next_dagrun for dataset_s3_bucket_producer_with_no_taskflow to None, run_after=None
[2024-10-14T02:29:34.394+0000] {processor.py:208} INFO - Processing /home/airflow/.local/lib/python3.12/site-packages/airflow/example_dags/example_dataset_alias_with_no_taskflow.py took 0.272 seconds
[2024-10-14T02:30:06.783+0000] {processor.py:186} INFO - Started process (PID=467) to work on /home/airflow/.local/lib/python3.12/site-packages/airflow/example_dags/example_dataset_alias_with_no_taskflow.py
[2024-10-14T02:30:06.784+0000] {processor.py:914} INFO - Processing file /home/airflow/.local/lib/python3.12/site-packages/airflow/example_dags/example_dataset_alias_with_no_taskflow.py for tasks to queue
[2024-10-14T02:30:06.788+0000] {logging_mixin.py:190} INFO - [2024-10-14T02:30:06.787+0000] {dagbag.py:588} INFO - Filling up the DagBag from /home/airflow/.local/lib/python3.12/site-packages/airflow/example_dags/example_dataset_alias_with_no_taskflow.py
[2024-10-14T02:30:06.928+0000] {processor.py:925} INFO - DAG(s) 'dataset_alias_example_alias_consumer_with_no_taskflow', 'dataset_s3_bucket_consumer_with_no_taskflow', 'dataset_s3_bucket_producer_with_no_taskflow', 'dataset_alias_example_alias_producer_with_no_taskflow' retrieved from /home/airflow/.local/lib/python3.12/site-packages/airflow/example_dags/example_dataset_alias_with_no_taskflow.py
[2024-10-14T02:30:06.956+0000] {logging_mixin.py:190} INFO - [2024-10-14T02:30:06.955+0000] {dag.py:3239} INFO - Sync 4 DAGs
[2024-10-14T02:30:06.978+0000] {logging_mixin.py:190} INFO - [2024-10-14T02:30:06.978+0000] {dag.py:4180} INFO - Setting next_dagrun for dataset_alias_example_alias_consumer_with_no_taskflow to None, run_after=None
[2024-10-14T02:30:06.981+0000] {logging_mixin.py:190} INFO - [2024-10-14T02:30:06.981+0000] {dag.py:4180} INFO - Setting next_dagrun for dataset_alias_example_alias_producer_with_no_taskflow to None, run_after=None
[2024-10-14T02:30:06.983+0000] {logging_mixin.py:190} INFO - [2024-10-14T02:30:06.983+0000] {dag.py:4180} INFO - Setting next_dagrun for dataset_s3_bucket_consumer_with_no_taskflow to None, run_after=None
[2024-10-14T02:30:06.984+0000] {logging_mixin.py:190} INFO - [2024-10-14T02:30:06.984+0000] {dag.py:4180} INFO - Setting next_dagrun for dataset_s3_bucket_producer_with_no_taskflow to None, run_after=None
[2024-10-14T02:30:07.010+0000] {processor.py:208} INFO - Processing /home/airflow/.local/lib/python3.12/site-packages/airflow/example_dags/example_dataset_alias_with_no_taskflow.py took 0.232 seconds
[2024-10-14T02:30:39.693+0000] {processor.py:186} INFO - Started process (PID=530) to work on /home/airflow/.local/lib/python3.12/site-packages/airflow/example_dags/example_dataset_alias_with_no_taskflow.py
[2024-10-14T02:30:39.694+0000] {processor.py:914} INFO - Processing file /home/airflow/.local/lib/python3.12/site-packages/airflow/example_dags/example_dataset_alias_with_no_taskflow.py for tasks to queue
[2024-10-14T02:30:39.696+0000] {logging_mixin.py:190} INFO - [2024-10-14T02:30:39.696+0000] {dagbag.py:588} INFO - Filling up the DagBag from /home/airflow/.local/lib/python3.12/site-packages/airflow/example_dags/example_dataset_alias_with_no_taskflow.py
[2024-10-14T02:30:39.847+0000] {processor.py:925} INFO - DAG(s) 'dataset_alias_example_alias_consumer_with_no_taskflow', 'dataset_s3_bucket_producer_with_no_taskflow', 'dataset_s3_bucket_consumer_with_no_taskflow', 'dataset_alias_example_alias_producer_with_no_taskflow' retrieved from /home/airflow/.local/lib/python3.12/site-packages/airflow/example_dags/example_dataset_alias_with_no_taskflow.py
[2024-10-14T02:30:39.872+0000] {logging_mixin.py:190} INFO - [2024-10-14T02:30:39.872+0000] {dag.py:3239} INFO - Sync 4 DAGs
[2024-10-14T02:30:39.893+0000] {logging_mixin.py:190} INFO - [2024-10-14T02:30:39.893+0000] {dag.py:4180} INFO - Setting next_dagrun for dataset_alias_example_alias_consumer_with_no_taskflow to None, run_after=None
[2024-10-14T02:30:39.896+0000] {logging_mixin.py:190} INFO - [2024-10-14T02:30:39.896+0000] {dag.py:4180} INFO - Setting next_dagrun for dataset_alias_example_alias_producer_with_no_taskflow to None, run_after=None
[2024-10-14T02:30:39.898+0000] {logging_mixin.py:190} INFO - [2024-10-14T02:30:39.898+0000] {dag.py:4180} INFO - Setting next_dagrun for dataset_s3_bucket_consumer_with_no_taskflow to None, run_after=None
[2024-10-14T02:30:39.900+0000] {logging_mixin.py:190} INFO - [2024-10-14T02:30:39.900+0000] {dag.py:4180} INFO - Setting next_dagrun for dataset_s3_bucket_producer_with_no_taskflow to None, run_after=None
[2024-10-14T02:30:39.931+0000] {processor.py:208} INFO - Processing /home/airflow/.local/lib/python3.12/site-packages/airflow/example_dags/example_dataset_alias_with_no_taskflow.py took 0.244 seconds
[2024-10-14T02:31:12.865+0000] {processor.py:186} INFO - Started process (PID=594) to work on /home/airflow/.local/lib/python3.12/site-packages/airflow/example_dags/example_dataset_alias_with_no_taskflow.py
[2024-10-14T02:31:12.867+0000] {processor.py:914} INFO - Processing file /home/airflow/.local/lib/python3.12/site-packages/airflow/example_dags/example_dataset_alias_with_no_taskflow.py for tasks to queue
[2024-10-14T02:31:12.871+0000] {logging_mixin.py:190} INFO - [2024-10-14T02:31:12.871+0000] {dagbag.py:588} INFO - Filling up the DagBag from /home/airflow/.local/lib/python3.12/site-packages/airflow/example_dags/example_dataset_alias_with_no_taskflow.py
[2024-10-14T02:31:13.041+0000] {processor.py:925} INFO - DAG(s) 'dataset_alias_example_alias_consumer_with_no_taskflow', 'dataset_s3_bucket_consumer_with_no_taskflow', 'dataset_alias_example_alias_producer_with_no_taskflow', 'dataset_s3_bucket_producer_with_no_taskflow' retrieved from /home/airflow/.local/lib/python3.12/site-packages/airflow/example_dags/example_dataset_alias_with_no_taskflow.py
[2024-10-14T02:31:13.065+0000] {logging_mixin.py:190} INFO - [2024-10-14T02:31:13.065+0000] {dag.py:3239} INFO - Sync 4 DAGs
[2024-10-14T02:31:13.092+0000] {logging_mixin.py:190} INFO - [2024-10-14T02:31:13.092+0000] {dag.py:4180} INFO - Setting next_dagrun for dataset_alias_example_alias_consumer_with_no_taskflow to None, run_after=None
[2024-10-14T02:31:13.106+0000] {logging_mixin.py:190} INFO - [2024-10-14T02:31:13.102+0000] {dag.py:4180} INFO - Setting next_dagrun for dataset_alias_example_alias_producer_with_no_taskflow to None, run_after=None
[2024-10-14T02:31:13.113+0000] {logging_mixin.py:190} INFO - [2024-10-14T02:31:13.113+0000] {dag.py:4180} INFO - Setting next_dagrun for dataset_s3_bucket_consumer_with_no_taskflow to None, run_after=None
[2024-10-14T02:31:13.121+0000] {logging_mixin.py:190} INFO - [2024-10-14T02:31:13.120+0000] {dag.py:4180} INFO - Setting next_dagrun for dataset_s3_bucket_producer_with_no_taskflow to None, run_after=None
[2024-10-14T02:31:13.151+0000] {processor.py:208} INFO - Processing /home/airflow/.local/lib/python3.12/site-packages/airflow/example_dags/example_dataset_alias_with_no_taskflow.py took 0.294 seconds
[2024-10-14T02:31:46.182+0000] {processor.py:186} INFO - Started process (PID=657) to work on /home/airflow/.local/lib/python3.12/site-packages/airflow/example_dags/example_dataset_alias_with_no_taskflow.py
[2024-10-14T02:31:46.183+0000] {processor.py:914} INFO - Processing file /home/airflow/.local/lib/python3.12/site-packages/airflow/example_dags/example_dataset_alias_with_no_taskflow.py for tasks to queue
[2024-10-14T02:31:46.185+0000] {logging_mixin.py:190} INFO - [2024-10-14T02:31:46.185+0000] {dagbag.py:588} INFO - Filling up the DagBag from /home/airflow/.local/lib/python3.12/site-packages/airflow/example_dags/example_dataset_alias_with_no_taskflow.py
[2024-10-14T02:31:46.323+0000] {processor.py:925} INFO - DAG(s) 'dataset_s3_bucket_producer_with_no_taskflow', 'dataset_alias_example_alias_producer_with_no_taskflow', 'dataset_s3_bucket_consumer_with_no_taskflow', 'dataset_alias_example_alias_consumer_with_no_taskflow' retrieved from /home/airflow/.local/lib/python3.12/site-packages/airflow/example_dags/example_dataset_alias_with_no_taskflow.py
[2024-10-14T02:31:46.354+0000] {logging_mixin.py:190} INFO - [2024-10-14T02:31:46.354+0000] {dag.py:3239} INFO - Sync 4 DAGs
[2024-10-14T02:31:46.395+0000] {logging_mixin.py:190} INFO - [2024-10-14T02:31:46.395+0000] {dag.py:4180} INFO - Setting next_dagrun for dataset_alias_example_alias_consumer_with_no_taskflow to None, run_after=None
[2024-10-14T02:31:46.400+0000] {logging_mixin.py:190} INFO - [2024-10-14T02:31:46.400+0000] {dag.py:4180} INFO - Setting next_dagrun for dataset_alias_example_alias_producer_with_no_taskflow to None, run_after=None
[2024-10-14T02:31:46.402+0000] {logging_mixin.py:190} INFO - [2024-10-14T02:31:46.402+0000] {dag.py:4180} INFO - Setting next_dagrun for dataset_s3_bucket_consumer_with_no_taskflow to None, run_after=None
[2024-10-14T02:31:46.404+0000] {logging_mixin.py:190} INFO - [2024-10-14T02:31:46.404+0000] {dag.py:4180} INFO - Setting next_dagrun for dataset_s3_bucket_producer_with_no_taskflow to None, run_after=None
[2024-10-14T02:31:46.434+0000] {processor.py:208} INFO - Processing /home/airflow/.local/lib/python3.12/site-packages/airflow/example_dags/example_dataset_alias_with_no_taskflow.py took 0.257 seconds
[2024-10-14T02:32:18.329+0000] {processor.py:186} INFO - Started process (PID=720) to work on /home/airflow/.local/lib/python3.12/site-packages/airflow/example_dags/example_dataset_alias_with_no_taskflow.py
[2024-10-14T02:32:18.330+0000] {processor.py:914} INFO - Processing file /home/airflow/.local/lib/python3.12/site-packages/airflow/example_dags/example_dataset_alias_with_no_taskflow.py for tasks to queue
[2024-10-14T02:32:18.333+0000] {logging_mixin.py:190} INFO - [2024-10-14T02:32:18.332+0000] {dagbag.py:588} INFO - Filling up the DagBag from /home/airflow/.local/lib/python3.12/site-packages/airflow/example_dags/example_dataset_alias_with_no_taskflow.py
[2024-10-14T02:32:18.470+0000] {processor.py:925} INFO - DAG(s) 'dataset_s3_bucket_producer_with_no_taskflow', 'dataset_s3_bucket_consumer_with_no_taskflow', 'dataset_alias_example_alias_consumer_with_no_taskflow', 'dataset_alias_example_alias_producer_with_no_taskflow' retrieved from /home/airflow/.local/lib/python3.12/site-packages/airflow/example_dags/example_dataset_alias_with_no_taskflow.py
[2024-10-14T02:32:18.504+0000] {logging_mixin.py:190} INFO - [2024-10-14T02:32:18.503+0000] {dag.py:3239} INFO - Sync 4 DAGs
[2024-10-14T02:32:18.554+0000] {logging_mixin.py:190} INFO - [2024-10-14T02:32:18.548+0000] {dag.py:4180} INFO - Setting next_dagrun for dataset_alias_example_alias_consumer_with_no_taskflow to None, run_after=None
[2024-10-14T02:32:18.560+0000] {logging_mixin.py:190} INFO - [2024-10-14T02:32:18.559+0000] {dag.py:4180} INFO - Setting next_dagrun for dataset_alias_example_alias_producer_with_no_taskflow to None, run_after=None
[2024-10-14T02:32:18.562+0000] {logging_mixin.py:190} INFO - [2024-10-14T02:32:18.562+0000] {dag.py:4180} INFO - Setting next_dagrun for dataset_s3_bucket_consumer_with_no_taskflow to None, run_after=None
[2024-10-14T02:32:18.564+0000] {logging_mixin.py:190} INFO - [2024-10-14T02:32:18.564+0000] {dag.py:4180} INFO - Setting next_dagrun for dataset_s3_bucket_producer_with_no_taskflow to None, run_after=None
[2024-10-14T02:32:18.596+0000] {processor.py:208} INFO - Processing /home/airflow/.local/lib/python3.12/site-packages/airflow/example_dags/example_dataset_alias_with_no_taskflow.py took 0.273 seconds
[2024-10-14T02:32:51.954+0000] {processor.py:186} INFO - Started process (PID=783) to work on /home/airflow/.local/lib/python3.12/site-packages/airflow/example_dags/example_dataset_alias_with_no_taskflow.py
[2024-10-14T02:32:51.956+0000] {processor.py:914} INFO - Processing file /home/airflow/.local/lib/python3.12/site-packages/airflow/example_dags/example_dataset_alias_with_no_taskflow.py for tasks to queue
[2024-10-14T02:32:51.958+0000] {logging_mixin.py:190} INFO - [2024-10-14T02:32:51.958+0000] {dagbag.py:588} INFO - Filling up the DagBag from /home/airflow/.local/lib/python3.12/site-packages/airflow/example_dags/example_dataset_alias_with_no_taskflow.py
[2024-10-14T02:32:52.114+0000] {processor.py:925} INFO - DAG(s) 'dataset_alias_example_alias_consumer_with_no_taskflow', 'dataset_alias_example_alias_producer_with_no_taskflow', 'dataset_s3_bucket_consumer_with_no_taskflow', 'dataset_s3_bucket_producer_with_no_taskflow' retrieved from /home/airflow/.local/lib/python3.12/site-packages/airflow/example_dags/example_dataset_alias_with_no_taskflow.py
[2024-10-14T02:32:52.135+0000] {logging_mixin.py:190} INFO - [2024-10-14T02:32:52.134+0000] {dag.py:3239} INFO - Sync 4 DAGs
[2024-10-14T02:32:52.157+0000] {logging_mixin.py:190} INFO - [2024-10-14T02:32:52.157+0000] {dag.py:4180} INFO - Setting next_dagrun for dataset_alias_example_alias_consumer_with_no_taskflow to None, run_after=None
[2024-10-14T02:32:52.160+0000] {logging_mixin.py:190} INFO - [2024-10-14T02:32:52.160+0000] {dag.py:4180} INFO - Setting next_dagrun for dataset_alias_example_alias_producer_with_no_taskflow to None, run_after=None
[2024-10-14T02:32:52.161+0000] {logging_mixin.py:190} INFO - [2024-10-14T02:32:52.161+0000] {dag.py:4180} INFO - Setting next_dagrun for dataset_s3_bucket_consumer_with_no_taskflow to None, run_after=None
[2024-10-14T02:32:52.163+0000] {logging_mixin.py:190} INFO - [2024-10-14T02:32:52.162+0000] {dag.py:4180} INFO - Setting next_dagrun for dataset_s3_bucket_producer_with_no_taskflow to None, run_after=None
[2024-10-14T02:32:52.183+0000] {processor.py:208} INFO - Processing /home/airflow/.local/lib/python3.12/site-packages/airflow/example_dags/example_dataset_alias_with_no_taskflow.py took 0.235 seconds
[2024-10-14T02:33:24.408+0000] {processor.py:186} INFO - Started process (PID=846) to work on /home/airflow/.local/lib/python3.12/site-packages/airflow/example_dags/example_dataset_alias_with_no_taskflow.py
[2024-10-14T02:33:24.410+0000] {processor.py:914} INFO - Processing file /home/airflow/.local/lib/python3.12/site-packages/airflow/example_dags/example_dataset_alias_with_no_taskflow.py for tasks to queue
[2024-10-14T02:33:24.412+0000] {logging_mixin.py:190} INFO - [2024-10-14T02:33:24.412+0000] {dagbag.py:588} INFO - Filling up the DagBag from /home/airflow/.local/lib/python3.12/site-packages/airflow/example_dags/example_dataset_alias_with_no_taskflow.py
[2024-10-14T02:33:24.577+0000] {processor.py:925} INFO - DAG(s) 'dataset_alias_example_alias_consumer_with_no_taskflow', 'dataset_s3_bucket_consumer_with_no_taskflow', 'dataset_s3_bucket_producer_with_no_taskflow', 'dataset_alias_example_alias_producer_with_no_taskflow' retrieved from /home/airflow/.local/lib/python3.12/site-packages/airflow/example_dags/example_dataset_alias_with_no_taskflow.py
[2024-10-14T02:33:24.599+0000] {logging_mixin.py:190} INFO - [2024-10-14T02:33:24.599+0000] {dag.py:3239} INFO - Sync 4 DAGs
[2024-10-14T02:33:24.619+0000] {logging_mixin.py:190} INFO - [2024-10-14T02:33:24.619+0000] {dag.py:4180} INFO - Setting next_dagrun for dataset_alias_example_alias_consumer_with_no_taskflow to None, run_after=None
[2024-10-14T02:33:24.624+0000] {logging_mixin.py:190} INFO - [2024-10-14T02:33:24.623+0000] {dag.py:4180} INFO - Setting next_dagrun for dataset_alias_example_alias_producer_with_no_taskflow to None, run_after=None
[2024-10-14T02:33:24.625+0000] {logging_mixin.py:190} INFO - [2024-10-14T02:33:24.625+0000] {dag.py:4180} INFO - Setting next_dagrun for dataset_s3_bucket_consumer_with_no_taskflow to None, run_after=None
[2024-10-14T02:33:24.626+0000] {logging_mixin.py:190} INFO - [2024-10-14T02:33:24.626+0000] {dag.py:4180} INFO - Setting next_dagrun for dataset_s3_bucket_producer_with_no_taskflow to None, run_after=None
[2024-10-14T02:33:24.647+0000] {processor.py:208} INFO - Processing /home/airflow/.local/lib/python3.12/site-packages/airflow/example_dags/example_dataset_alias_with_no_taskflow.py took 0.244 seconds
[2024-10-14T02:33:58.215+0000] {processor.py:186} INFO - Started process (PID=911) to work on /home/airflow/.local/lib/python3.12/site-packages/airflow/example_dags/example_dataset_alias_with_no_taskflow.py
[2024-10-14T02:33:58.217+0000] {processor.py:914} INFO - Processing file /home/airflow/.local/lib/python3.12/site-packages/airflow/example_dags/example_dataset_alias_with_no_taskflow.py for tasks to queue
[2024-10-14T02:33:58.222+0000] {logging_mixin.py:190} INFO - [2024-10-14T02:33:58.221+0000] {dagbag.py:588} INFO - Filling up the DagBag from /home/airflow/.local/lib/python3.12/site-packages/airflow/example_dags/example_dataset_alias_with_no_taskflow.py
[2024-10-14T02:33:58.381+0000] {processor.py:925} INFO - DAG(s) 'dataset_s3_bucket_producer_with_no_taskflow', 'dataset_s3_bucket_consumer_with_no_taskflow', 'dataset_alias_example_alias_consumer_with_no_taskflow', 'dataset_alias_example_alias_producer_with_no_taskflow' retrieved from /home/airflow/.local/lib/python3.12/site-packages/airflow/example_dags/example_dataset_alias_with_no_taskflow.py
[2024-10-14T02:33:58.404+0000] {logging_mixin.py:190} INFO - [2024-10-14T02:33:58.404+0000] {dag.py:3239} INFO - Sync 4 DAGs
[2024-10-14T02:33:58.425+0000] {logging_mixin.py:190} INFO - [2024-10-14T02:33:58.424+0000] {dag.py:4180} INFO - Setting next_dagrun for dataset_alias_example_alias_consumer_with_no_taskflow to None, run_after=None
[2024-10-14T02:33:58.427+0000] {logging_mixin.py:190} INFO - [2024-10-14T02:33:58.427+0000] {dag.py:4180} INFO - Setting next_dagrun for dataset_alias_example_alias_producer_with_no_taskflow to None, run_after=None
[2024-10-14T02:33:58.429+0000] {logging_mixin.py:190} INFO - [2024-10-14T02:33:58.428+0000] {dag.py:4180} INFO - Setting next_dagrun for dataset_s3_bucket_consumer_with_no_taskflow to None, run_after=None
[2024-10-14T02:33:58.431+0000] {logging_mixin.py:190} INFO - [2024-10-14T02:33:58.431+0000] {dag.py:4180} INFO - Setting next_dagrun for dataset_s3_bucket_producer_with_no_taskflow to None, run_after=None
[2024-10-14T02:33:58.454+0000] {processor.py:208} INFO - Processing /home/airflow/.local/lib/python3.12/site-packages/airflow/example_dags/example_dataset_alias_with_no_taskflow.py took 0.246 seconds
[2024-10-14T02:34:31.191+0000] {processor.py:186} INFO - Started process (PID=974) to work on /home/airflow/.local/lib/python3.12/site-packages/airflow/example_dags/example_dataset_alias_with_no_taskflow.py
[2024-10-14T02:34:31.192+0000] {processor.py:914} INFO - Processing file /home/airflow/.local/lib/python3.12/site-packages/airflow/example_dags/example_dataset_alias_with_no_taskflow.py for tasks to queue
[2024-10-14T02:34:31.195+0000] {logging_mixin.py:190} INFO - [2024-10-14T02:34:31.194+0000] {dagbag.py:588} INFO - Filling up the DagBag from /home/airflow/.local/lib/python3.12/site-packages/airflow/example_dags/example_dataset_alias_with_no_taskflow.py
[2024-10-14T02:34:31.381+0000] {processor.py:925} INFO - DAG(s) 'dataset_s3_bucket_consumer_with_no_taskflow', 'dataset_alias_example_alias_consumer_with_no_taskflow', 'dataset_alias_example_alias_producer_with_no_taskflow', 'dataset_s3_bucket_producer_with_no_taskflow' retrieved from /home/airflow/.local/lib/python3.12/site-packages/airflow/example_dags/example_dataset_alias_with_no_taskflow.py
[2024-10-14T02:34:31.406+0000] {logging_mixin.py:190} INFO - [2024-10-14T02:34:31.406+0000] {dag.py:3239} INFO - Sync 4 DAGs
[2024-10-14T02:34:31.443+0000] {logging_mixin.py:190} INFO - [2024-10-14T02:34:31.442+0000] {dag.py:4180} INFO - Setting next_dagrun for dataset_alias_example_alias_consumer_with_no_taskflow to None, run_after=None
[2024-10-14T02:34:31.447+0000] {logging_mixin.py:190} INFO - [2024-10-14T02:34:31.446+0000] {dag.py:4180} INFO - Setting next_dagrun for dataset_alias_example_alias_producer_with_no_taskflow to None, run_after=None
[2024-10-14T02:34:31.449+0000] {logging_mixin.py:190} INFO - [2024-10-14T02:34:31.448+0000] {dag.py:4180} INFO - Setting next_dagrun for dataset_s3_bucket_consumer_with_no_taskflow to None, run_after=None
[2024-10-14T02:34:31.450+0000] {logging_mixin.py:190} INFO - [2024-10-14T02:34:31.450+0000] {dag.py:4180} INFO - Setting next_dagrun for dataset_s3_bucket_producer_with_no_taskflow to None, run_after=None
[2024-10-14T02:34:31.487+0000] {processor.py:208} INFO - Processing /home/airflow/.local/lib/python3.12/site-packages/airflow/example_dags/example_dataset_alias_with_no_taskflow.py took 0.303 seconds
[2024-10-14T02:35:04.387+0000] {processor.py:186} INFO - Started process (PID=1037) to work on /home/airflow/.local/lib/python3.12/site-packages/airflow/example_dags/example_dataset_alias_with_no_taskflow.py
[2024-10-14T02:35:04.388+0000] {processor.py:914} INFO - Processing file /home/airflow/.local/lib/python3.12/site-packages/airflow/example_dags/example_dataset_alias_with_no_taskflow.py for tasks to queue
[2024-10-14T02:35:04.391+0000] {logging_mixin.py:190} INFO - [2024-10-14T02:35:04.390+0000] {dagbag.py:588} INFO - Filling up the DagBag from /home/airflow/.local/lib/python3.12/site-packages/airflow/example_dags/example_dataset_alias_with_no_taskflow.py
[2024-10-14T02:35:04.647+0000] {processor.py:925} INFO - DAG(s) 'dataset_s3_bucket_consumer_with_no_taskflow', 'dataset_alias_example_alias_consumer_with_no_taskflow', 'dataset_s3_bucket_producer_with_no_taskflow', 'dataset_alias_example_alias_producer_with_no_taskflow' retrieved from /home/airflow/.local/lib/python3.12/site-packages/airflow/example_dags/example_dataset_alias_with_no_taskflow.py
[2024-10-14T02:35:04.702+0000] {logging_mixin.py:190} INFO - [2024-10-14T02:35:04.701+0000] {dag.py:3239} INFO - Sync 4 DAGs
[2024-10-14T02:35:04.744+0000] {logging_mixin.py:190} INFO - [2024-10-14T02:35:04.744+0000] {dag.py:4180} INFO - Setting next_dagrun for dataset_alias_example_alias_consumer_with_no_taskflow to None, run_after=None
[2024-10-14T02:35:04.748+0000] {logging_mixin.py:190} INFO - [2024-10-14T02:35:04.748+0000] {dag.py:4180} INFO - Setting next_dagrun for dataset_alias_example_alias_producer_with_no_taskflow to None, run_after=None
[2024-10-14T02:35:04.752+0000] {logging_mixin.py:190} INFO - [2024-10-14T02:35:04.751+0000] {dag.py:4180} INFO - Setting next_dagrun for dataset_s3_bucket_consumer_with_no_taskflow to None, run_after=None
[2024-10-14T02:35:04.756+0000] {logging_mixin.py:190} INFO - [2024-10-14T02:35:04.756+0000] {dag.py:4180} INFO - Setting next_dagrun for dataset_s3_bucket_producer_with_no_taskflow to None, run_after=None
[2024-10-14T02:35:04.788+0000] {processor.py:208} INFO - Processing /home/airflow/.local/lib/python3.12/site-packages/airflow/example_dags/example_dataset_alias_with_no_taskflow.py took 0.407 seconds
[2024-10-14T02:35:37.206+0000] {processor.py:186} INFO - Started process (PID=1100) to work on /home/airflow/.local/lib/python3.12/site-packages/airflow/example_dags/example_dataset_alias_with_no_taskflow.py
[2024-10-14T02:35:37.207+0000] {processor.py:914} INFO - Processing file /home/airflow/.local/lib/python3.12/site-packages/airflow/example_dags/example_dataset_alias_with_no_taskflow.py for tasks to queue
[2024-10-14T02:35:37.209+0000] {logging_mixin.py:190} INFO - [2024-10-14T02:35:37.209+0000] {dagbag.py:588} INFO - Filling up the DagBag from /home/airflow/.local/lib/python3.12/site-packages/airflow/example_dags/example_dataset_alias_with_no_taskflow.py
[2024-10-14T02:35:37.473+0000] {processor.py:925} INFO - DAG(s) 'dataset_alias_example_alias_consumer_with_no_taskflow', 'dataset_alias_example_alias_producer_with_no_taskflow', 'dataset_s3_bucket_producer_with_no_taskflow', 'dataset_s3_bucket_consumer_with_no_taskflow' retrieved from /home/airflow/.local/lib/python3.12/site-packages/airflow/example_dags/example_dataset_alias_with_no_taskflow.py
[2024-10-14T02:35:37.501+0000] {logging_mixin.py:190} INFO - [2024-10-14T02:35:37.501+0000] {dag.py:3239} INFO - Sync 4 DAGs
[2024-10-14T02:35:37.529+0000] {logging_mixin.py:190} INFO - [2024-10-14T02:35:37.528+0000] {dag.py:4180} INFO - Setting next_dagrun for dataset_alias_example_alias_consumer_with_no_taskflow to None, run_after=None
[2024-10-14T02:35:37.532+0000] {logging_mixin.py:190} INFO - [2024-10-14T02:35:37.532+0000] {dag.py:4180} INFO - Setting next_dagrun for dataset_alias_example_alias_producer_with_no_taskflow to None, run_after=None
[2024-10-14T02:35:37.534+0000] {logging_mixin.py:190} INFO - [2024-10-14T02:35:37.534+0000] {dag.py:4180} INFO - Setting next_dagrun for dataset_s3_bucket_consumer_with_no_taskflow to None, run_after=None
[2024-10-14T02:35:37.536+0000] {logging_mixin.py:190} INFO - [2024-10-14T02:35:37.536+0000] {dag.py:4180} INFO - Setting next_dagrun for dataset_s3_bucket_producer_with_no_taskflow to None, run_after=None
[2024-10-14T02:35:37.566+0000] {processor.py:208} INFO - Processing /home/airflow/.local/lib/python3.12/site-packages/airflow/example_dags/example_dataset_alias_with_no_taskflow.py took 0.367 seconds
[2024-10-14T02:36:11.174+0000] {processor.py:186} INFO - Started process (PID=1169) to work on /home/airflow/.local/lib/python3.12/site-packages/airflow/example_dags/example_dataset_alias_with_no_taskflow.py
[2024-10-14T02:36:11.175+0000] {processor.py:914} INFO - Processing file /home/airflow/.local/lib/python3.12/site-packages/airflow/example_dags/example_dataset_alias_with_no_taskflow.py for tasks to queue
[2024-10-14T02:36:11.178+0000] {logging_mixin.py:190} INFO - [2024-10-14T02:36:11.178+0000] {dagbag.py:588} INFO - Filling up the DagBag from /home/airflow/.local/lib/python3.12/site-packages/airflow/example_dags/example_dataset_alias_with_no_taskflow.py
[2024-10-14T02:36:11.334+0000] {processor.py:925} INFO - DAG(s) 'dataset_s3_bucket_producer_with_no_taskflow', 'dataset_s3_bucket_consumer_with_no_taskflow', 'dataset_alias_example_alias_producer_with_no_taskflow', 'dataset_alias_example_alias_consumer_with_no_taskflow' retrieved from /home/airflow/.local/lib/python3.12/site-packages/airflow/example_dags/example_dataset_alias_with_no_taskflow.py
[2024-10-14T02:36:11.387+0000] {logging_mixin.py:190} INFO - [2024-10-14T02:36:11.386+0000] {dag.py:3239} INFO - Sync 4 DAGs
[2024-10-14T02:36:11.410+0000] {logging_mixin.py:190} INFO - [2024-10-14T02:36:11.410+0000] {dag.py:4180} INFO - Setting next_dagrun for dataset_alias_example_alias_consumer_with_no_taskflow to None, run_after=None
[2024-10-14T02:36:11.413+0000] {logging_mixin.py:190} INFO - [2024-10-14T02:36:11.412+0000] {dag.py:4180} INFO - Setting next_dagrun for dataset_alias_example_alias_producer_with_no_taskflow to None, run_after=None
[2024-10-14T02:36:11.415+0000] {logging_mixin.py:190} INFO - [2024-10-14T02:36:11.415+0000] {dag.py:4180} INFO - Setting next_dagrun for dataset_s3_bucket_consumer_with_no_taskflow to None, run_after=None
[2024-10-14T02:36:11.418+0000] {logging_mixin.py:190} INFO - [2024-10-14T02:36:11.418+0000] {dag.py:4180} INFO - Setting next_dagrun for dataset_s3_bucket_producer_with_no_taskflow to None, run_after=None
[2024-10-14T02:36:11.447+0000] {processor.py:208} INFO - Processing /home/airflow/.local/lib/python3.12/site-packages/airflow/example_dags/example_dataset_alias_with_no_taskflow.py took 0.281 seconds
[2024-10-14T02:37:49.131+0000] {processor.py:186} INFO - Started process (PID=96) to work on /home/airflow/.local/lib/python3.12/site-packages/airflow/example_dags/example_dataset_alias_with_no_taskflow.py
[2024-10-14T02:37:49.133+0000] {processor.py:914} INFO - Processing file /home/airflow/.local/lib/python3.12/site-packages/airflow/example_dags/example_dataset_alias_with_no_taskflow.py for tasks to queue
[2024-10-14T02:37:49.136+0000] {logging_mixin.py:190} INFO - [2024-10-14T02:37:49.136+0000] {dagbag.py:588} INFO - Filling up the DagBag from /home/airflow/.local/lib/python3.12/site-packages/airflow/example_dags/example_dataset_alias_with_no_taskflow.py
[2024-10-14T02:37:49.288+0000] {processor.py:925} INFO - DAG(s) 'dataset_alias_example_alias_consumer_with_no_taskflow', 'dataset_s3_bucket_consumer_with_no_taskflow', 'dataset_alias_example_alias_producer_with_no_taskflow', 'dataset_s3_bucket_producer_with_no_taskflow' retrieved from /home/airflow/.local/lib/python3.12/site-packages/airflow/example_dags/example_dataset_alias_with_no_taskflow.py
[2024-10-14T02:37:49.315+0000] {logging_mixin.py:190} INFO - [2024-10-14T02:37:49.315+0000] {dag.py:3239} INFO - Sync 4 DAGs
[2024-10-14T02:37:49.339+0000] {logging_mixin.py:190} INFO - [2024-10-14T02:37:49.339+0000] {dag.py:4180} INFO - Setting next_dagrun for dataset_alias_example_alias_consumer_with_no_taskflow to None, run_after=None
[2024-10-14T02:37:49.342+0000] {logging_mixin.py:190} INFO - [2024-10-14T02:37:49.342+0000] {dag.py:4180} INFO - Setting next_dagrun for dataset_alias_example_alias_producer_with_no_taskflow to None, run_after=None
[2024-10-14T02:37:49.344+0000] {logging_mixin.py:190} INFO - [2024-10-14T02:37:49.344+0000] {dag.py:4180} INFO - Setting next_dagrun for dataset_s3_bucket_consumer_with_no_taskflow to None, run_after=None
[2024-10-14T02:37:49.346+0000] {logging_mixin.py:190} INFO - [2024-10-14T02:37:49.345+0000] {dag.py:4180} INFO - Setting next_dagrun for dataset_s3_bucket_producer_with_no_taskflow to None, run_after=None
[2024-10-14T02:37:49.371+0000] {processor.py:208} INFO - Processing /home/airflow/.local/lib/python3.12/site-packages/airflow/example_dags/example_dataset_alias_with_no_taskflow.py took 0.246 seconds
[2024-10-14T02:38:21.849+0000] {processor.py:186} INFO - Started process (PID=160) to work on /home/airflow/.local/lib/python3.12/site-packages/airflow/example_dags/example_dataset_alias_with_no_taskflow.py
[2024-10-14T02:38:21.851+0000] {processor.py:914} INFO - Processing file /home/airflow/.local/lib/python3.12/site-packages/airflow/example_dags/example_dataset_alias_with_no_taskflow.py for tasks to queue
[2024-10-14T02:38:21.854+0000] {logging_mixin.py:190} INFO - [2024-10-14T02:38:21.853+0000] {dagbag.py:588} INFO - Filling up the DagBag from /home/airflow/.local/lib/python3.12/site-packages/airflow/example_dags/example_dataset_alias_with_no_taskflow.py
[2024-10-14T02:38:22.045+0000] {processor.py:925} INFO - DAG(s) 'dataset_alias_example_alias_producer_with_no_taskflow', 'dataset_alias_example_alias_consumer_with_no_taskflow', 'dataset_s3_bucket_consumer_with_no_taskflow', 'dataset_s3_bucket_producer_with_no_taskflow' retrieved from /home/airflow/.local/lib/python3.12/site-packages/airflow/example_dags/example_dataset_alias_with_no_taskflow.py
[2024-10-14T02:38:22.086+0000] {logging_mixin.py:190} INFO - [2024-10-14T02:38:22.086+0000] {dag.py:3239} INFO - Sync 4 DAGs
[2024-10-14T02:38:22.115+0000] {logging_mixin.py:190} INFO - [2024-10-14T02:38:22.114+0000] {dag.py:4180} INFO - Setting next_dagrun for dataset_alias_example_alias_consumer_with_no_taskflow to None, run_after=None
[2024-10-14T02:38:22.117+0000] {logging_mixin.py:190} INFO - [2024-10-14T02:38:22.117+0000] {dag.py:4180} INFO - Setting next_dagrun for dataset_alias_example_alias_producer_with_no_taskflow to None, run_after=None
[2024-10-14T02:38:22.119+0000] {logging_mixin.py:190} INFO - [2024-10-14T02:38:22.119+0000] {dag.py:4180} INFO - Setting next_dagrun for dataset_s3_bucket_consumer_with_no_taskflow to None, run_after=None
[2024-10-14T02:38:22.121+0000] {logging_mixin.py:190} INFO - [2024-10-14T02:38:22.121+0000] {dag.py:4180} INFO - Setting next_dagrun for dataset_s3_bucket_producer_with_no_taskflow to None, run_after=None
[2024-10-14T02:38:22.143+0000] {processor.py:208} INFO - Processing /home/airflow/.local/lib/python3.12/site-packages/airflow/example_dags/example_dataset_alias_with_no_taskflow.py took 0.301 seconds
[2024-10-14T02:38:56.919+0000] {processor.py:186} INFO - Started process (PID=225) to work on /home/airflow/.local/lib/python3.12/site-packages/airflow/example_dags/example_dataset_alias_with_no_taskflow.py
[2024-10-14T02:38:56.920+0000] {processor.py:914} INFO - Processing file /home/airflow/.local/lib/python3.12/site-packages/airflow/example_dags/example_dataset_alias_with_no_taskflow.py for tasks to queue
[2024-10-14T02:38:56.925+0000] {logging_mixin.py:190} INFO - [2024-10-14T02:38:56.924+0000] {dagbag.py:588} INFO - Filling up the DagBag from /home/airflow/.local/lib/python3.12/site-packages/airflow/example_dags/example_dataset_alias_with_no_taskflow.py
[2024-10-14T02:38:57.230+0000] {processor.py:925} INFO - DAG(s) 'dataset_s3_bucket_consumer_with_no_taskflow', 'dataset_s3_bucket_producer_with_no_taskflow', 'dataset_alias_example_alias_consumer_with_no_taskflow', 'dataset_alias_example_alias_producer_with_no_taskflow' retrieved from /home/airflow/.local/lib/python3.12/site-packages/airflow/example_dags/example_dataset_alias_with_no_taskflow.py
[2024-10-14T02:38:57.279+0000] {logging_mixin.py:190} INFO - [2024-10-14T02:38:57.279+0000] {dag.py:3239} INFO - Sync 4 DAGs
[2024-10-14T02:38:57.309+0000] {logging_mixin.py:190} INFO - [2024-10-14T02:38:57.308+0000] {dag.py:4180} INFO - Setting next_dagrun for dataset_alias_example_alias_consumer_with_no_taskflow to None, run_after=None
[2024-10-14T02:38:57.313+0000] {logging_mixin.py:190} INFO - [2024-10-14T02:38:57.312+0000] {dag.py:4180} INFO - Setting next_dagrun for dataset_alias_example_alias_producer_with_no_taskflow to None, run_after=None
[2024-10-14T02:38:57.315+0000] {logging_mixin.py:190} INFO - [2024-10-14T02:38:57.314+0000] {dag.py:4180} INFO - Setting next_dagrun for dataset_s3_bucket_consumer_with_no_taskflow to None, run_after=None
[2024-10-14T02:38:57.317+0000] {logging_mixin.py:190} INFO - [2024-10-14T02:38:57.317+0000] {dag.py:4180} INFO - Setting next_dagrun for dataset_s3_bucket_producer_with_no_taskflow to None, run_after=None
[2024-10-14T02:38:57.349+0000] {processor.py:208} INFO - Processing /home/airflow/.local/lib/python3.12/site-packages/airflow/example_dags/example_dataset_alias_with_no_taskflow.py took 0.437 seconds
[2024-10-14T02:39:28.595+0000] {processor.py:186} INFO - Started process (PID=289) to work on /home/airflow/.local/lib/python3.12/site-packages/airflow/example_dags/example_dataset_alias_with_no_taskflow.py
[2024-10-14T02:39:28.596+0000] {processor.py:914} INFO - Processing file /home/airflow/.local/lib/python3.12/site-packages/airflow/example_dags/example_dataset_alias_with_no_taskflow.py for tasks to queue
[2024-10-14T02:39:28.600+0000] {logging_mixin.py:190} INFO - [2024-10-14T02:39:28.599+0000] {dagbag.py:588} INFO - Filling up the DagBag from /home/airflow/.local/lib/python3.12/site-packages/airflow/example_dags/example_dataset_alias_with_no_taskflow.py
[2024-10-14T02:39:28.792+0000] {processor.py:925} INFO - DAG(s) 'dataset_alias_example_alias_consumer_with_no_taskflow', 'dataset_s3_bucket_producer_with_no_taskflow', 'dataset_alias_example_alias_producer_with_no_taskflow', 'dataset_s3_bucket_consumer_with_no_taskflow' retrieved from /home/airflow/.local/lib/python3.12/site-packages/airflow/example_dags/example_dataset_alias_with_no_taskflow.py
[2024-10-14T02:39:28.840+0000] {logging_mixin.py:190} INFO - [2024-10-14T02:39:28.840+0000] {dag.py:3239} INFO - Sync 4 DAGs
[2024-10-14T02:39:28.880+0000] {logging_mixin.py:190} INFO - [2024-10-14T02:39:28.879+0000] {dag.py:4180} INFO - Setting next_dagrun for dataset_alias_example_alias_consumer_with_no_taskflow to None, run_after=None
[2024-10-14T02:39:28.883+0000] {logging_mixin.py:190} INFO - [2024-10-14T02:39:28.882+0000] {dag.py:4180} INFO - Setting next_dagrun for dataset_alias_example_alias_producer_with_no_taskflow to None, run_after=None
[2024-10-14T02:39:28.884+0000] {logging_mixin.py:190} INFO - [2024-10-14T02:39:28.884+0000] {dag.py:4180} INFO - Setting next_dagrun for dataset_s3_bucket_consumer_with_no_taskflow to None, run_after=None
[2024-10-14T02:39:28.886+0000] {logging_mixin.py:190} INFO - [2024-10-14T02:39:28.886+0000] {dag.py:4180} INFO - Setting next_dagrun for dataset_s3_bucket_producer_with_no_taskflow to None, run_after=None
[2024-10-14T02:39:28.912+0000] {processor.py:208} INFO - Processing /home/airflow/.local/lib/python3.12/site-packages/airflow/example_dags/example_dataset_alias_with_no_taskflow.py took 0.325 seconds
[2024-10-14T02:40:02.193+0000] {processor.py:186} INFO - Started process (PID=353) to work on /home/airflow/.local/lib/python3.12/site-packages/airflow/example_dags/example_dataset_alias_with_no_taskflow.py
[2024-10-14T02:40:02.194+0000] {processor.py:914} INFO - Processing file /home/airflow/.local/lib/python3.12/site-packages/airflow/example_dags/example_dataset_alias_with_no_taskflow.py for tasks to queue
[2024-10-14T02:40:02.197+0000] {logging_mixin.py:190} INFO - [2024-10-14T02:40:02.196+0000] {dagbag.py:588} INFO - Filling up the DagBag from /home/airflow/.local/lib/python3.12/site-packages/airflow/example_dags/example_dataset_alias_with_no_taskflow.py
[2024-10-14T02:40:02.347+0000] {processor.py:925} INFO - DAG(s) 'dataset_s3_bucket_producer_with_no_taskflow', 'dataset_s3_bucket_consumer_with_no_taskflow', 'dataset_alias_example_alias_producer_with_no_taskflow', 'dataset_alias_example_alias_consumer_with_no_taskflow' retrieved from /home/airflow/.local/lib/python3.12/site-packages/airflow/example_dags/example_dataset_alias_with_no_taskflow.py
[2024-10-14T02:40:02.372+0000] {logging_mixin.py:190} INFO - [2024-10-14T02:40:02.372+0000] {dag.py:3239} INFO - Sync 4 DAGs
[2024-10-14T02:40:02.393+0000] {logging_mixin.py:190} INFO - [2024-10-14T02:40:02.392+0000] {dag.py:4180} INFO - Setting next_dagrun for dataset_alias_example_alias_consumer_with_no_taskflow to None, run_after=None
[2024-10-14T02:40:02.396+0000] {logging_mixin.py:190} INFO - [2024-10-14T02:40:02.396+0000] {dag.py:4180} INFO - Setting next_dagrun for dataset_alias_example_alias_producer_with_no_taskflow to None, run_after=None
[2024-10-14T02:40:02.398+0000] {logging_mixin.py:190} INFO - [2024-10-14T02:40:02.397+0000] {dag.py:4180} INFO - Setting next_dagrun for dataset_s3_bucket_consumer_with_no_taskflow to None, run_after=None
[2024-10-14T02:40:02.399+0000] {logging_mixin.py:190} INFO - [2024-10-14T02:40:02.399+0000] {dag.py:4180} INFO - Setting next_dagrun for dataset_s3_bucket_producer_with_no_taskflow to None, run_after=None
[2024-10-14T02:40:02.426+0000] {processor.py:208} INFO - Processing /home/airflow/.local/lib/python3.12/site-packages/airflow/example_dags/example_dataset_alias_with_no_taskflow.py took 0.240 seconds
[2024-10-14T02:40:34.734+0000] {processor.py:186} INFO - Started process (PID=417) to work on /home/airflow/.local/lib/python3.12/site-packages/airflow/example_dags/example_dataset_alias_with_no_taskflow.py
[2024-10-14T02:40:34.735+0000] {processor.py:914} INFO - Processing file /home/airflow/.local/lib/python3.12/site-packages/airflow/example_dags/example_dataset_alias_with_no_taskflow.py for tasks to queue
[2024-10-14T02:40:34.738+0000] {logging_mixin.py:190} INFO - [2024-10-14T02:40:34.737+0000] {dagbag.py:588} INFO - Filling up the DagBag from /home/airflow/.local/lib/python3.12/site-packages/airflow/example_dags/example_dataset_alias_with_no_taskflow.py
[2024-10-14T02:40:34.892+0000] {processor.py:925} INFO - DAG(s) 'dataset_s3_bucket_consumer_with_no_taskflow', 'dataset_alias_example_alias_consumer_with_no_taskflow', 'dataset_s3_bucket_producer_with_no_taskflow', 'dataset_alias_example_alias_producer_with_no_taskflow' retrieved from /home/airflow/.local/lib/python3.12/site-packages/airflow/example_dags/example_dataset_alias_with_no_taskflow.py
[2024-10-14T02:40:34.926+0000] {logging_mixin.py:190} INFO - [2024-10-14T02:40:34.926+0000] {dag.py:3239} INFO - Sync 4 DAGs
[2024-10-14T02:40:34.959+0000] {logging_mixin.py:190} INFO - [2024-10-14T02:40:34.959+0000] {dag.py:4180} INFO - Setting next_dagrun for dataset_alias_example_alias_consumer_with_no_taskflow to None, run_after=None
[2024-10-14T02:40:34.964+0000] {logging_mixin.py:190} INFO - [2024-10-14T02:40:34.963+0000] {dag.py:4180} INFO - Setting next_dagrun for dataset_alias_example_alias_producer_with_no_taskflow to None, run_after=None
[2024-10-14T02:40:34.966+0000] {logging_mixin.py:190} INFO - [2024-10-14T02:40:34.966+0000] {dag.py:4180} INFO - Setting next_dagrun for dataset_s3_bucket_consumer_with_no_taskflow to None, run_after=None
[2024-10-14T02:40:34.968+0000] {logging_mixin.py:190} INFO - [2024-10-14T02:40:34.968+0000] {dag.py:4180} INFO - Setting next_dagrun for dataset_s3_bucket_producer_with_no_taskflow to None, run_after=None
[2024-10-14T02:40:34.998+0000] {processor.py:208} INFO - Processing /home/airflow/.local/lib/python3.12/site-packages/airflow/example_dags/example_dataset_alias_with_no_taskflow.py took 0.270 seconds
[2024-10-14T02:41:06.993+0000] {processor.py:186} INFO - Started process (PID=475) to work on /home/airflow/.local/lib/python3.12/site-packages/airflow/example_dags/example_dataset_alias_with_no_taskflow.py
[2024-10-14T02:41:06.995+0000] {processor.py:914} INFO - Processing file /home/airflow/.local/lib/python3.12/site-packages/airflow/example_dags/example_dataset_alias_with_no_taskflow.py for tasks to queue
[2024-10-14T02:41:06.997+0000] {logging_mixin.py:190} INFO - [2024-10-14T02:41:06.997+0000] {dagbag.py:588} INFO - Filling up the DagBag from /home/airflow/.local/lib/python3.12/site-packages/airflow/example_dags/example_dataset_alias_with_no_taskflow.py
[2024-10-14T02:41:07.131+0000] {processor.py:925} INFO - DAG(s) 'dataset_s3_bucket_producer_with_no_taskflow', 'dataset_s3_bucket_consumer_with_no_taskflow', 'dataset_alias_example_alias_consumer_with_no_taskflow', 'dataset_alias_example_alias_producer_with_no_taskflow' retrieved from /home/airflow/.local/lib/python3.12/site-packages/airflow/example_dags/example_dataset_alias_with_no_taskflow.py
[2024-10-14T02:41:07.154+0000] {logging_mixin.py:190} INFO - [2024-10-14T02:41:07.154+0000] {dag.py:3239} INFO - Sync 4 DAGs
[2024-10-14T02:41:07.175+0000] {logging_mixin.py:190} INFO - [2024-10-14T02:41:07.174+0000] {dag.py:4180} INFO - Setting next_dagrun for dataset_alias_example_alias_consumer_with_no_taskflow to None, run_after=None
[2024-10-14T02:41:07.179+0000] {logging_mixin.py:190} INFO - [2024-10-14T02:41:07.178+0000] {dag.py:4180} INFO - Setting next_dagrun for dataset_alias_example_alias_producer_with_no_taskflow to None, run_after=None
[2024-10-14T02:41:07.181+0000] {logging_mixin.py:190} INFO - [2024-10-14T02:41:07.180+0000] {dag.py:4180} INFO - Setting next_dagrun for dataset_s3_bucket_consumer_with_no_taskflow to None, run_after=None
[2024-10-14T02:41:07.183+0000] {logging_mixin.py:190} INFO - [2024-10-14T02:41:07.183+0000] {dag.py:4180} INFO - Setting next_dagrun for dataset_s3_bucket_producer_with_no_taskflow to None, run_after=None
[2024-10-14T02:41:07.206+0000] {processor.py:208} INFO - Processing /home/airflow/.local/lib/python3.12/site-packages/airflow/example_dags/example_dataset_alias_with_no_taskflow.py took 0.218 seconds
[2024-10-14T02:41:40.142+0000] {processor.py:186} INFO - Started process (PID=539) to work on /home/airflow/.local/lib/python3.12/site-packages/airflow/example_dags/example_dataset_alias_with_no_taskflow.py
[2024-10-14T02:41:40.143+0000] {processor.py:914} INFO - Processing file /home/airflow/.local/lib/python3.12/site-packages/airflow/example_dags/example_dataset_alias_with_no_taskflow.py for tasks to queue
[2024-10-14T02:41:40.146+0000] {logging_mixin.py:190} INFO - [2024-10-14T02:41:40.146+0000] {dagbag.py:588} INFO - Filling up the DagBag from /home/airflow/.local/lib/python3.12/site-packages/airflow/example_dags/example_dataset_alias_with_no_taskflow.py
[2024-10-14T02:41:40.296+0000] {processor.py:925} INFO - DAG(s) 'dataset_alias_example_alias_producer_with_no_taskflow', 'dataset_s3_bucket_consumer_with_no_taskflow', 'dataset_s3_bucket_producer_with_no_taskflow', 'dataset_alias_example_alias_consumer_with_no_taskflow' retrieved from /home/airflow/.local/lib/python3.12/site-packages/airflow/example_dags/example_dataset_alias_with_no_taskflow.py
[2024-10-14T02:41:40.317+0000] {logging_mixin.py:190} INFO - [2024-10-14T02:41:40.317+0000] {dag.py:3239} INFO - Sync 4 DAGs
[2024-10-14T02:41:40.344+0000] {logging_mixin.py:190} INFO - [2024-10-14T02:41:40.343+0000] {dag.py:4180} INFO - Setting next_dagrun for dataset_alias_example_alias_consumer_with_no_taskflow to None, run_after=None
[2024-10-14T02:41:40.347+0000] {logging_mixin.py:190} INFO - [2024-10-14T02:41:40.347+0000] {dag.py:4180} INFO - Setting next_dagrun for dataset_alias_example_alias_producer_with_no_taskflow to None, run_after=None
[2024-10-14T02:41:40.350+0000] {logging_mixin.py:190} INFO - [2024-10-14T02:41:40.350+0000] {dag.py:4180} INFO - Setting next_dagrun for dataset_s3_bucket_consumer_with_no_taskflow to None, run_after=None
[2024-10-14T02:41:40.353+0000] {logging_mixin.py:190} INFO - [2024-10-14T02:41:40.352+0000] {dag.py:4180} INFO - Setting next_dagrun for dataset_s3_bucket_producer_with_no_taskflow to None, run_after=None
[2024-10-14T02:41:40.383+0000] {processor.py:208} INFO - Processing /home/airflow/.local/lib/python3.12/site-packages/airflow/example_dags/example_dataset_alias_with_no_taskflow.py took 0.247 seconds
[2024-10-14T02:42:13.539+0000] {processor.py:186} INFO - Started process (PID=603) to work on /home/airflow/.local/lib/python3.12/site-packages/airflow/example_dags/example_dataset_alias_with_no_taskflow.py
[2024-10-14T02:42:13.540+0000] {processor.py:914} INFO - Processing file /home/airflow/.local/lib/python3.12/site-packages/airflow/example_dags/example_dataset_alias_with_no_taskflow.py for tasks to queue
[2024-10-14T02:42:13.543+0000] {logging_mixin.py:190} INFO - [2024-10-14T02:42:13.543+0000] {dagbag.py:588} INFO - Filling up the DagBag from /home/airflow/.local/lib/python3.12/site-packages/airflow/example_dags/example_dataset_alias_with_no_taskflow.py
[2024-10-14T02:42:13.672+0000] {processor.py:925} INFO - DAG(s) 'dataset_alias_example_alias_consumer_with_no_taskflow', 'dataset_s3_bucket_producer_with_no_taskflow', 'dataset_s3_bucket_consumer_with_no_taskflow', 'dataset_alias_example_alias_producer_with_no_taskflow' retrieved from /home/airflow/.local/lib/python3.12/site-packages/airflow/example_dags/example_dataset_alias_with_no_taskflow.py
[2024-10-14T02:42:13.692+0000] {logging_mixin.py:190} INFO - [2024-10-14T02:42:13.692+0000] {dag.py:3239} INFO - Sync 4 DAGs
[2024-10-14T02:42:13.711+0000] {logging_mixin.py:190} INFO - [2024-10-14T02:42:13.711+0000] {dag.py:4180} INFO - Setting next_dagrun for dataset_alias_example_alias_consumer_with_no_taskflow to None, run_after=None
[2024-10-14T02:42:13.714+0000] {logging_mixin.py:190} INFO - [2024-10-14T02:42:13.714+0000] {dag.py:4180} INFO - Setting next_dagrun for dataset_alias_example_alias_producer_with_no_taskflow to None, run_after=None
[2024-10-14T02:42:13.716+0000] {logging_mixin.py:190} INFO - [2024-10-14T02:42:13.715+0000] {dag.py:4180} INFO - Setting next_dagrun for dataset_s3_bucket_consumer_with_no_taskflow to None, run_after=None
[2024-10-14T02:42:13.717+0000] {logging_mixin.py:190} INFO - [2024-10-14T02:42:13.717+0000] {dag.py:4180} INFO - Setting next_dagrun for dataset_s3_bucket_producer_with_no_taskflow to None, run_after=None
[2024-10-14T02:42:13.743+0000] {processor.py:208} INFO - Processing /home/airflow/.local/lib/python3.12/site-packages/airflow/example_dags/example_dataset_alias_with_no_taskflow.py took 0.210 seconds
[2024-10-14T02:42:46.775+0000] {processor.py:186} INFO - Started process (PID=673) to work on /home/airflow/.local/lib/python3.12/site-packages/airflow/example_dags/example_dataset_alias_with_no_taskflow.py
[2024-10-14T02:42:46.776+0000] {processor.py:914} INFO - Processing file /home/airflow/.local/lib/python3.12/site-packages/airflow/example_dags/example_dataset_alias_with_no_taskflow.py for tasks to queue
[2024-10-14T02:42:46.778+0000] {logging_mixin.py:190} INFO - [2024-10-14T02:42:46.778+0000] {dagbag.py:588} INFO - Filling up the DagBag from /home/airflow/.local/lib/python3.12/site-packages/airflow/example_dags/example_dataset_alias_with_no_taskflow.py
[2024-10-14T02:42:46.920+0000] {processor.py:925} INFO - DAG(s) 'dataset_s3_bucket_consumer_with_no_taskflow', 'dataset_s3_bucket_producer_with_no_taskflow', 'dataset_alias_example_alias_consumer_with_no_taskflow', 'dataset_alias_example_alias_producer_with_no_taskflow' retrieved from /home/airflow/.local/lib/python3.12/site-packages/airflow/example_dags/example_dataset_alias_with_no_taskflow.py
[2024-10-14T02:42:46.944+0000] {logging_mixin.py:190} INFO - [2024-10-14T02:42:46.943+0000] {dag.py:3239} INFO - Sync 4 DAGs
[2024-10-14T02:42:46.967+0000] {logging_mixin.py:190} INFO - [2024-10-14T02:42:46.967+0000] {dag.py:4180} INFO - Setting next_dagrun for dataset_alias_example_alias_consumer_with_no_taskflow to None, run_after=None
[2024-10-14T02:42:46.970+0000] {logging_mixin.py:190} INFO - [2024-10-14T02:42:46.970+0000] {dag.py:4180} INFO - Setting next_dagrun for dataset_alias_example_alias_producer_with_no_taskflow to None, run_after=None
[2024-10-14T02:42:46.972+0000] {logging_mixin.py:190} INFO - [2024-10-14T02:42:46.972+0000] {dag.py:4180} INFO - Setting next_dagrun for dataset_s3_bucket_consumer_with_no_taskflow to None, run_after=None
[2024-10-14T02:42:46.974+0000] {logging_mixin.py:190} INFO - [2024-10-14T02:42:46.974+0000] {dag.py:4180} INFO - Setting next_dagrun for dataset_s3_bucket_producer_with_no_taskflow to None, run_after=None
[2024-10-14T02:42:47.000+0000] {processor.py:208} INFO - Processing /home/airflow/.local/lib/python3.12/site-packages/airflow/example_dags/example_dataset_alias_with_no_taskflow.py took 0.230 seconds
[2024-10-14T02:43:19.848+0000] {processor.py:186} INFO - Started process (PID=737) to work on /home/airflow/.local/lib/python3.12/site-packages/airflow/example_dags/example_dataset_alias_with_no_taskflow.py
[2024-10-14T02:43:19.849+0000] {processor.py:914} INFO - Processing file /home/airflow/.local/lib/python3.12/site-packages/airflow/example_dags/example_dataset_alias_with_no_taskflow.py for tasks to queue
[2024-10-14T02:43:19.852+0000] {logging_mixin.py:190} INFO - [2024-10-14T02:43:19.852+0000] {dagbag.py:588} INFO - Filling up the DagBag from /home/airflow/.local/lib/python3.12/site-packages/airflow/example_dags/example_dataset_alias_with_no_taskflow.py
[2024-10-14T02:43:20.062+0000] {processor.py:925} INFO - DAG(s) 'dataset_s3_bucket_consumer_with_no_taskflow', 'dataset_alias_example_alias_consumer_with_no_taskflow', 'dataset_s3_bucket_producer_with_no_taskflow', 'dataset_alias_example_alias_producer_with_no_taskflow' retrieved from /home/airflow/.local/lib/python3.12/site-packages/airflow/example_dags/example_dataset_alias_with_no_taskflow.py
[2024-10-14T02:43:20.098+0000] {logging_mixin.py:190} INFO - [2024-10-14T02:43:20.097+0000] {dag.py:3239} INFO - Sync 4 DAGs
[2024-10-14T02:43:20.133+0000] {logging_mixin.py:190} INFO - [2024-10-14T02:43:20.132+0000] {dag.py:4180} INFO - Setting next_dagrun for dataset_alias_example_alias_consumer_with_no_taskflow to None, run_after=None
[2024-10-14T02:43:20.137+0000] {logging_mixin.py:190} INFO - [2024-10-14T02:43:20.136+0000] {dag.py:4180} INFO - Setting next_dagrun for dataset_alias_example_alias_producer_with_no_taskflow to None, run_after=None
[2024-10-14T02:43:20.139+0000] {logging_mixin.py:190} INFO - [2024-10-14T02:43:20.139+0000] {dag.py:4180} INFO - Setting next_dagrun for dataset_s3_bucket_consumer_with_no_taskflow to None, run_after=None
[2024-10-14T02:43:20.140+0000] {logging_mixin.py:190} INFO - [2024-10-14T02:43:20.140+0000] {dag.py:4180} INFO - Setting next_dagrun for dataset_s3_bucket_producer_with_no_taskflow to None, run_after=None
[2024-10-14T02:43:20.165+0000] {processor.py:208} INFO - Processing /home/airflow/.local/lib/python3.12/site-packages/airflow/example_dags/example_dataset_alias_with_no_taskflow.py took 0.322 seconds
[2024-10-14T02:43:52.701+0000] {processor.py:186} INFO - Started process (PID=797) to work on /home/airflow/.local/lib/python3.12/site-packages/airflow/example_dags/example_dataset_alias_with_no_taskflow.py
[2024-10-14T02:43:52.702+0000] {processor.py:914} INFO - Processing file /home/airflow/.local/lib/python3.12/site-packages/airflow/example_dags/example_dataset_alias_with_no_taskflow.py for tasks to queue
[2024-10-14T02:43:52.705+0000] {logging_mixin.py:190} INFO - [2024-10-14T02:43:52.705+0000] {dagbag.py:588} INFO - Filling up the DagBag from /home/airflow/.local/lib/python3.12/site-packages/airflow/example_dags/example_dataset_alias_with_no_taskflow.py
[2024-10-14T02:43:52.848+0000] {processor.py:925} INFO - DAG(s) 'dataset_s3_bucket_consumer_with_no_taskflow', 'dataset_alias_example_alias_producer_with_no_taskflow', 'dataset_s3_bucket_producer_with_no_taskflow', 'dataset_alias_example_alias_consumer_with_no_taskflow' retrieved from /home/airflow/.local/lib/python3.12/site-packages/airflow/example_dags/example_dataset_alias_with_no_taskflow.py
[2024-10-14T02:43:52.878+0000] {logging_mixin.py:190} INFO - [2024-10-14T02:43:52.878+0000] {dag.py:3239} INFO - Sync 4 DAGs
[2024-10-14T02:43:52.928+0000] {logging_mixin.py:190} INFO - [2024-10-14T02:43:52.927+0000] {dag.py:4180} INFO - Setting next_dagrun for dataset_alias_example_alias_consumer_with_no_taskflow to None, run_after=None
[2024-10-14T02:43:52.932+0000] {logging_mixin.py:190} INFO - [2024-10-14T02:43:52.932+0000] {dag.py:4180} INFO - Setting next_dagrun for dataset_alias_example_alias_producer_with_no_taskflow to None, run_after=None
[2024-10-14T02:43:52.934+0000] {logging_mixin.py:190} INFO - [2024-10-14T02:43:52.934+0000] {dag.py:4180} INFO - Setting next_dagrun for dataset_s3_bucket_consumer_with_no_taskflow to None, run_after=None
[2024-10-14T02:43:52.935+0000] {logging_mixin.py:190} INFO - [2024-10-14T02:43:52.935+0000] {dag.py:4180} INFO - Setting next_dagrun for dataset_s3_bucket_producer_with_no_taskflow to None, run_after=None
[2024-10-14T02:43:52.961+0000] {processor.py:208} INFO - Processing /home/airflow/.local/lib/python3.12/site-packages/airflow/example_dags/example_dataset_alias_with_no_taskflow.py took 0.266 seconds
[2024-10-14T02:44:27.279+0000] {processor.py:186} INFO - Started process (PID=871) to work on /home/airflow/.local/lib/python3.12/site-packages/airflow/example_dags/example_dataset_alias_with_no_taskflow.py
[2024-10-14T02:44:27.280+0000] {processor.py:914} INFO - Processing file /home/airflow/.local/lib/python3.12/site-packages/airflow/example_dags/example_dataset_alias_with_no_taskflow.py for tasks to queue
[2024-10-14T02:44:27.283+0000] {logging_mixin.py:190} INFO - [2024-10-14T02:44:27.283+0000] {dagbag.py:588} INFO - Filling up the DagBag from /home/airflow/.local/lib/python3.12/site-packages/airflow/example_dags/example_dataset_alias_with_no_taskflow.py
[2024-10-14T02:44:27.459+0000] {processor.py:925} INFO - DAG(s) 'dataset_alias_example_alias_consumer_with_no_taskflow', 'dataset_alias_example_alias_producer_with_no_taskflow', 'dataset_s3_bucket_producer_with_no_taskflow', 'dataset_s3_bucket_consumer_with_no_taskflow' retrieved from /home/airflow/.local/lib/python3.12/site-packages/airflow/example_dags/example_dataset_alias_with_no_taskflow.py
[2024-10-14T02:44:27.488+0000] {logging_mixin.py:190} INFO - [2024-10-14T02:44:27.487+0000] {dag.py:3239} INFO - Sync 4 DAGs
[2024-10-14T02:44:27.524+0000] {logging_mixin.py:190} INFO - [2024-10-14T02:44:27.524+0000] {dag.py:4180} INFO - Setting next_dagrun for dataset_alias_example_alias_consumer_with_no_taskflow to None, run_after=None
[2024-10-14T02:44:27.529+0000] {logging_mixin.py:190} INFO - [2024-10-14T02:44:27.528+0000] {dag.py:4180} INFO - Setting next_dagrun for dataset_alias_example_alias_producer_with_no_taskflow to None, run_after=None
[2024-10-14T02:44:27.532+0000] {logging_mixin.py:190} INFO - [2024-10-14T02:44:27.532+0000] {dag.py:4180} INFO - Setting next_dagrun for dataset_s3_bucket_consumer_with_no_taskflow to None, run_after=None
[2024-10-14T02:44:27.537+0000] {logging_mixin.py:190} INFO - [2024-10-14T02:44:27.536+0000] {dag.py:4180} INFO - Setting next_dagrun for dataset_s3_bucket_producer_with_no_taskflow to None, run_after=None
[2024-10-14T02:44:27.576+0000] {processor.py:208} INFO - Processing /home/airflow/.local/lib/python3.12/site-packages/airflow/example_dags/example_dataset_alias_with_no_taskflow.py took 0.304 seconds
[2024-10-14T02:44:59.658+0000] {processor.py:186} INFO - Started process (PID=935) to work on /home/airflow/.local/lib/python3.12/site-packages/airflow/example_dags/example_dataset_alias_with_no_taskflow.py
[2024-10-14T02:44:59.661+0000] {processor.py:914} INFO - Processing file /home/airflow/.local/lib/python3.12/site-packages/airflow/example_dags/example_dataset_alias_with_no_taskflow.py for tasks to queue
[2024-10-14T02:44:59.664+0000] {logging_mixin.py:190} INFO - [2024-10-14T02:44:59.664+0000] {dagbag.py:588} INFO - Filling up the DagBag from /home/airflow/.local/lib/python3.12/site-packages/airflow/example_dags/example_dataset_alias_with_no_taskflow.py
[2024-10-14T02:44:59.942+0000] {processor.py:925} INFO - DAG(s) 'dataset_s3_bucket_producer_with_no_taskflow', 'dataset_alias_example_alias_consumer_with_no_taskflow', 'dataset_alias_example_alias_producer_with_no_taskflow', 'dataset_s3_bucket_consumer_with_no_taskflow' retrieved from /home/airflow/.local/lib/python3.12/site-packages/airflow/example_dags/example_dataset_alias_with_no_taskflow.py
[2024-10-14T02:44:59.978+0000] {logging_mixin.py:190} INFO - [2024-10-14T02:44:59.978+0000] {dag.py:3239} INFO - Sync 4 DAGs
[2024-10-14T02:45:00.011+0000] {logging_mixin.py:190} INFO - [2024-10-14T02:45:00.011+0000] {dag.py:4180} INFO - Setting next_dagrun for dataset_alias_example_alias_consumer_with_no_taskflow to None, run_after=None
[2024-10-14T02:45:00.014+0000] {logging_mixin.py:190} INFO - [2024-10-14T02:45:00.014+0000] {dag.py:4180} INFO - Setting next_dagrun for dataset_alias_example_alias_producer_with_no_taskflow to None, run_after=None
[2024-10-14T02:45:00.016+0000] {logging_mixin.py:190} INFO - [2024-10-14T02:45:00.015+0000] {dag.py:4180} INFO - Setting next_dagrun for dataset_s3_bucket_consumer_with_no_taskflow to None, run_after=None
[2024-10-14T02:45:00.017+0000] {logging_mixin.py:190} INFO - [2024-10-14T02:45:00.017+0000] {dag.py:4180} INFO - Setting next_dagrun for dataset_s3_bucket_producer_with_no_taskflow to None, run_after=None
[2024-10-14T02:45:00.049+0000] {processor.py:208} INFO - Processing /home/airflow/.local/lib/python3.12/site-packages/airflow/example_dags/example_dataset_alias_with_no_taskflow.py took 0.404 seconds
[2024-10-14T02:45:32.664+0000] {processor.py:186} INFO - Started process (PID=1002) to work on /home/airflow/.local/lib/python3.12/site-packages/airflow/example_dags/example_dataset_alias_with_no_taskflow.py
[2024-10-14T02:45:32.664+0000] {processor.py:914} INFO - Processing file /home/airflow/.local/lib/python3.12/site-packages/airflow/example_dags/example_dataset_alias_with_no_taskflow.py for tasks to queue
[2024-10-14T02:45:32.666+0000] {logging_mixin.py:190} INFO - [2024-10-14T02:45:32.666+0000] {dagbag.py:588} INFO - Filling up the DagBag from /home/airflow/.local/lib/python3.12/site-packages/airflow/example_dags/example_dataset_alias_with_no_taskflow.py
[2024-10-14T02:45:32.829+0000] {processor.py:925} INFO - DAG(s) 'dataset_alias_example_alias_producer_with_no_taskflow', 'dataset_s3_bucket_producer_with_no_taskflow', 'dataset_s3_bucket_consumer_with_no_taskflow', 'dataset_alias_example_alias_consumer_with_no_taskflow' retrieved from /home/airflow/.local/lib/python3.12/site-packages/airflow/example_dags/example_dataset_alias_with_no_taskflow.py
[2024-10-14T02:45:32.853+0000] {logging_mixin.py:190} INFO - [2024-10-14T02:45:32.853+0000] {dag.py:3239} INFO - Sync 4 DAGs
[2024-10-14T02:45:32.872+0000] {logging_mixin.py:190} INFO - [2024-10-14T02:45:32.871+0000] {dag.py:4180} INFO - Setting next_dagrun for dataset_alias_example_alias_consumer_with_no_taskflow to None, run_after=None
[2024-10-14T02:45:32.874+0000] {logging_mixin.py:190} INFO - [2024-10-14T02:45:32.874+0000] {dag.py:4180} INFO - Setting next_dagrun for dataset_alias_example_alias_producer_with_no_taskflow to None, run_after=None
[2024-10-14T02:45:32.876+0000] {logging_mixin.py:190} INFO - [2024-10-14T02:45:32.875+0000] {dag.py:4180} INFO - Setting next_dagrun for dataset_s3_bucket_consumer_with_no_taskflow to None, run_after=None
[2024-10-14T02:45:32.877+0000] {logging_mixin.py:190} INFO - [2024-10-14T02:45:32.877+0000] {dag.py:4180} INFO - Setting next_dagrun for dataset_s3_bucket_producer_with_no_taskflow to None, run_after=None
[2024-10-14T02:45:32.899+0000] {processor.py:208} INFO - Processing /home/airflow/.local/lib/python3.12/site-packages/airflow/example_dags/example_dataset_alias_with_no_taskflow.py took 0.241 seconds
[2024-10-14T02:46:06.336+0000] {processor.py:186} INFO - Started process (PID=1066) to work on /home/airflow/.local/lib/python3.12/site-packages/airflow/example_dags/example_dataset_alias_with_no_taskflow.py
[2024-10-14T02:46:06.337+0000] {processor.py:914} INFO - Processing file /home/airflow/.local/lib/python3.12/site-packages/airflow/example_dags/example_dataset_alias_with_no_taskflow.py for tasks to queue
[2024-10-14T02:46:06.340+0000] {logging_mixin.py:190} INFO - [2024-10-14T02:46:06.339+0000] {dagbag.py:588} INFO - Filling up the DagBag from /home/airflow/.local/lib/python3.12/site-packages/airflow/example_dags/example_dataset_alias_with_no_taskflow.py
[2024-10-14T02:46:06.518+0000] {processor.py:925} INFO - DAG(s) 'dataset_alias_example_alias_producer_with_no_taskflow', 'dataset_alias_example_alias_consumer_with_no_taskflow', 'dataset_s3_bucket_consumer_with_no_taskflow', 'dataset_s3_bucket_producer_with_no_taskflow' retrieved from /home/airflow/.local/lib/python3.12/site-packages/airflow/example_dags/example_dataset_alias_with_no_taskflow.py
[2024-10-14T02:46:06.544+0000] {logging_mixin.py:190} INFO - [2024-10-14T02:46:06.544+0000] {dag.py:3239} INFO - Sync 4 DAGs
[2024-10-14T02:46:06.567+0000] {logging_mixin.py:190} INFO - [2024-10-14T02:46:06.566+0000] {dag.py:4180} INFO - Setting next_dagrun for dataset_alias_example_alias_consumer_with_no_taskflow to None, run_after=None
[2024-10-14T02:46:06.572+0000] {logging_mixin.py:190} INFO - [2024-10-14T02:46:06.572+0000] {dag.py:4180} INFO - Setting next_dagrun for dataset_alias_example_alias_producer_with_no_taskflow to None, run_after=None
[2024-10-14T02:46:06.574+0000] {logging_mixin.py:190} INFO - [2024-10-14T02:46:06.573+0000] {dag.py:4180} INFO - Setting next_dagrun for dataset_s3_bucket_consumer_with_no_taskflow to None, run_after=None
[2024-10-14T02:46:06.575+0000] {logging_mixin.py:190} INFO - [2024-10-14T02:46:06.575+0000] {dag.py:4180} INFO - Setting next_dagrun for dataset_s3_bucket_producer_with_no_taskflow to None, run_after=None
[2024-10-14T02:46:06.604+0000] {processor.py:208} INFO - Processing /home/airflow/.local/lib/python3.12/site-packages/airflow/example_dags/example_dataset_alias_with_no_taskflow.py took 0.276 seconds
[2024-10-14T02:46:38.885+0000] {processor.py:186} INFO - Started process (PID=1130) to work on /home/airflow/.local/lib/python3.12/site-packages/airflow/example_dags/example_dataset_alias_with_no_taskflow.py
[2024-10-14T02:46:38.886+0000] {processor.py:914} INFO - Processing file /home/airflow/.local/lib/python3.12/site-packages/airflow/example_dags/example_dataset_alias_with_no_taskflow.py for tasks to queue
[2024-10-14T02:46:38.890+0000] {logging_mixin.py:190} INFO - [2024-10-14T02:46:38.889+0000] {dagbag.py:588} INFO - Filling up the DagBag from /home/airflow/.local/lib/python3.12/site-packages/airflow/example_dags/example_dataset_alias_with_no_taskflow.py
[2024-10-14T02:46:39.062+0000] {processor.py:925} INFO - DAG(s) 'dataset_alias_example_alias_producer_with_no_taskflow', 'dataset_s3_bucket_producer_with_no_taskflow', 'dataset_s3_bucket_consumer_with_no_taskflow', 'dataset_alias_example_alias_consumer_with_no_taskflow' retrieved from /home/airflow/.local/lib/python3.12/site-packages/airflow/example_dags/example_dataset_alias_with_no_taskflow.py
[2024-10-14T02:46:39.094+0000] {logging_mixin.py:190} INFO - [2024-10-14T02:46:39.094+0000] {dag.py:3239} INFO - Sync 4 DAGs
[2024-10-14T02:46:39.119+0000] {logging_mixin.py:190} INFO - [2024-10-14T02:46:39.119+0000] {dag.py:4180} INFO - Setting next_dagrun for dataset_alias_example_alias_consumer_with_no_taskflow to None, run_after=None
[2024-10-14T02:46:39.124+0000] {logging_mixin.py:190} INFO - [2024-10-14T02:46:39.124+0000] {dag.py:4180} INFO - Setting next_dagrun for dataset_alias_example_alias_producer_with_no_taskflow to None, run_after=None
[2024-10-14T02:46:39.126+0000] {logging_mixin.py:190} INFO - [2024-10-14T02:46:39.126+0000] {dag.py:4180} INFO - Setting next_dagrun for dataset_s3_bucket_consumer_with_no_taskflow to None, run_after=None
[2024-10-14T02:46:39.128+0000] {logging_mixin.py:190} INFO - [2024-10-14T02:46:39.127+0000] {dag.py:4180} INFO - Setting next_dagrun for dataset_s3_bucket_producer_with_no_taskflow to None, run_after=None
[2024-10-14T02:46:39.152+0000] {processor.py:208} INFO - Processing /home/airflow/.local/lib/python3.12/site-packages/airflow/example_dags/example_dataset_alias_with_no_taskflow.py took 0.278 seconds
[2024-10-14T02:47:12.217+0000] {processor.py:186} INFO - Started process (PID=1194) to work on /home/airflow/.local/lib/python3.12/site-packages/airflow/example_dags/example_dataset_alias_with_no_taskflow.py
[2024-10-14T02:47:12.218+0000] {processor.py:914} INFO - Processing file /home/airflow/.local/lib/python3.12/site-packages/airflow/example_dags/example_dataset_alias_with_no_taskflow.py for tasks to queue
[2024-10-14T02:47:12.221+0000] {logging_mixin.py:190} INFO - [2024-10-14T02:47:12.221+0000] {dagbag.py:588} INFO - Filling up the DagBag from /home/airflow/.local/lib/python3.12/site-packages/airflow/example_dags/example_dataset_alias_with_no_taskflow.py
[2024-10-14T02:47:12.428+0000] {processor.py:925} INFO - DAG(s) 'dataset_alias_example_alias_consumer_with_no_taskflow', 'dataset_s3_bucket_producer_with_no_taskflow', 'dataset_s3_bucket_consumer_with_no_taskflow', 'dataset_alias_example_alias_producer_with_no_taskflow' retrieved from /home/airflow/.local/lib/python3.12/site-packages/airflow/example_dags/example_dataset_alias_with_no_taskflow.py
[2024-10-14T02:47:12.447+0000] {logging_mixin.py:190} INFO - [2024-10-14T02:47:12.447+0000] {dag.py:3239} INFO - Sync 4 DAGs
[2024-10-14T02:47:12.478+0000] {logging_mixin.py:190} INFO - [2024-10-14T02:47:12.478+0000] {dag.py:4180} INFO - Setting next_dagrun for dataset_alias_example_alias_consumer_with_no_taskflow to None, run_after=None
[2024-10-14T02:47:12.483+0000] {logging_mixin.py:190} INFO - [2024-10-14T02:47:12.483+0000] {dag.py:4180} INFO - Setting next_dagrun for dataset_alias_example_alias_producer_with_no_taskflow to None, run_after=None
[2024-10-14T02:47:12.485+0000] {logging_mixin.py:190} INFO - [2024-10-14T02:47:12.485+0000] {dag.py:4180} INFO - Setting next_dagrun for dataset_s3_bucket_consumer_with_no_taskflow to None, run_after=None
[2024-10-14T02:47:12.488+0000] {logging_mixin.py:190} INFO - [2024-10-14T02:47:12.487+0000] {dag.py:4180} INFO - Setting next_dagrun for dataset_s3_bucket_producer_with_no_taskflow to None, run_after=None
[2024-10-14T02:47:12.522+0000] {processor.py:208} INFO - Processing /home/airflow/.local/lib/python3.12/site-packages/airflow/example_dags/example_dataset_alias_with_no_taskflow.py took 0.316 seconds
[2024-10-14T02:47:44.494+0000] {processor.py:186} INFO - Started process (PID=1252) to work on /home/airflow/.local/lib/python3.12/site-packages/airflow/example_dags/example_dataset_alias_with_no_taskflow.py
[2024-10-14T02:47:44.495+0000] {processor.py:914} INFO - Processing file /home/airflow/.local/lib/python3.12/site-packages/airflow/example_dags/example_dataset_alias_with_no_taskflow.py for tasks to queue
[2024-10-14T02:47:44.498+0000] {logging_mixin.py:190} INFO - [2024-10-14T02:47:44.497+0000] {dagbag.py:588} INFO - Filling up the DagBag from /home/airflow/.local/lib/python3.12/site-packages/airflow/example_dags/example_dataset_alias_with_no_taskflow.py
[2024-10-14T02:47:44.642+0000] {processor.py:925} INFO - DAG(s) 'dataset_alias_example_alias_producer_with_no_taskflow', 'dataset_alias_example_alias_consumer_with_no_taskflow', 'dataset_s3_bucket_producer_with_no_taskflow', 'dataset_s3_bucket_consumer_with_no_taskflow' retrieved from /home/airflow/.local/lib/python3.12/site-packages/airflow/example_dags/example_dataset_alias_with_no_taskflow.py
[2024-10-14T02:47:44.663+0000] {logging_mixin.py:190} INFO - [2024-10-14T02:47:44.663+0000] {dag.py:3239} INFO - Sync 4 DAGs
[2024-10-14T02:47:44.685+0000] {logging_mixin.py:190} INFO - [2024-10-14T02:47:44.685+0000] {dag.py:4180} INFO - Setting next_dagrun for dataset_alias_example_alias_consumer_with_no_taskflow to None, run_after=None
[2024-10-14T02:47:44.688+0000] {logging_mixin.py:190} INFO - [2024-10-14T02:47:44.688+0000] {dag.py:4180} INFO - Setting next_dagrun for dataset_alias_example_alias_producer_with_no_taskflow to None, run_after=None
[2024-10-14T02:47:44.691+0000] {logging_mixin.py:190} INFO - [2024-10-14T02:47:44.691+0000] {dag.py:4180} INFO - Setting next_dagrun for dataset_s3_bucket_consumer_with_no_taskflow to None, run_after=None
[2024-10-14T02:47:44.693+0000] {logging_mixin.py:190} INFO - [2024-10-14T02:47:44.693+0000] {dag.py:4180} INFO - Setting next_dagrun for dataset_s3_bucket_producer_with_no_taskflow to None, run_after=None
[2024-10-14T02:47:44.714+0000] {processor.py:208} INFO - Processing /home/airflow/.local/lib/python3.12/site-packages/airflow/example_dags/example_dataset_alias_with_no_taskflow.py took 0.226 seconds
