[2024-10-14T02:26:49.471+0000] {processor.py:186} INFO - Started process (PID=77) to work on /home/airflow/.local/lib/python3.12/site-packages/airflow/example_dags/example_inlet_event_extra.py
[2024-10-14T02:26:49.473+0000] {processor.py:914} INFO - Processing file /home/airflow/.local/lib/python3.12/site-packages/airflow/example_dags/example_inlet_event_extra.py for tasks to queue
[2024-10-14T02:26:49.476+0000] {logging_mixin.py:190} INFO - [2024-10-14T02:26:49.476+0000] {dagbag.py:588} INFO - Filling up the DagBag from /home/airflow/.local/lib/python3.12/site-packages/airflow/example_dags/example_inlet_event_extra.py
[2024-10-14T02:26:49.665+0000] {processor.py:925} INFO - DAG(s) 'read_dataset_event', 'read_dataset_event_from_classic' retrieved from /home/airflow/.local/lib/python3.12/site-packages/airflow/example_dags/example_inlet_event_extra.py
[2024-10-14T02:26:49.780+0000] {logging_mixin.py:190} INFO - [2024-10-14T02:26:49.779+0000] {override.py:1900} INFO - Created Permission View: can delete on DAG:read_dataset_event
[2024-10-14T02:26:49.795+0000] {logging_mixin.py:190} INFO - [2024-10-14T02:26:49.794+0000] {override.py:1900} INFO - Created Permission View: can edit on DAG:read_dataset_event
[2024-10-14T02:26:49.805+0000] {logging_mixin.py:190} INFO - [2024-10-14T02:26:49.804+0000] {override.py:1900} INFO - Created Permission View: can read on DAG:read_dataset_event
[2024-10-14T02:26:49.812+0000] {logging_mixin.py:190} INFO - [2024-10-14T02:26:49.812+0000] {override.py:1900} INFO - Created Permission View: can delete on DAG Run:read_dataset_event
[2024-10-14T02:26:49.822+0000] {logging_mixin.py:190} INFO - [2024-10-14T02:26:49.821+0000] {override.py:1900} INFO - Created Permission View: can create on DAG Run:read_dataset_event
[2024-10-14T02:26:49.831+0000] {logging_mixin.py:190} INFO - [2024-10-14T02:26:49.830+0000] {override.py:1900} INFO - Created Permission View: menu access on DAG Run:read_dataset_event
[2024-10-14T02:26:49.838+0000] {logging_mixin.py:190} INFO - [2024-10-14T02:26:49.837+0000] {override.py:1900} INFO - Created Permission View: can read on DAG Run:read_dataset_event
[2024-10-14T02:26:49.855+0000] {logging_mixin.py:190} INFO - [2024-10-14T02:26:49.855+0000] {override.py:1900} INFO - Created Permission View: can delete on DAG:read_dataset_event_from_classic
[2024-10-14T02:26:49.867+0000] {logging_mixin.py:190} INFO - [2024-10-14T02:26:49.866+0000] {override.py:1900} INFO - Created Permission View: can edit on DAG:read_dataset_event_from_classic
[2024-10-14T02:26:49.877+0000] {logging_mixin.py:190} INFO - [2024-10-14T02:26:49.876+0000] {override.py:1900} INFO - Created Permission View: can read on DAG:read_dataset_event_from_classic
[2024-10-14T02:26:49.890+0000] {logging_mixin.py:190} INFO - [2024-10-14T02:26:49.889+0000] {override.py:1900} INFO - Created Permission View: can delete on DAG Run:read_dataset_event_from_classic
[2024-10-14T02:26:49.898+0000] {logging_mixin.py:190} INFO - [2024-10-14T02:26:49.898+0000] {override.py:1900} INFO - Created Permission View: can create on DAG Run:read_dataset_event_from_classic
[2024-10-14T02:26:49.909+0000] {logging_mixin.py:190} INFO - [2024-10-14T02:26:49.908+0000] {override.py:1900} INFO - Created Permission View: menu access on DAG Run:read_dataset_event_from_classic
[2024-10-14T02:26:49.918+0000] {logging_mixin.py:190} INFO - [2024-10-14T02:26:49.918+0000] {override.py:1900} INFO - Created Permission View: can read on DAG Run:read_dataset_event_from_classic
[2024-10-14T02:26:49.920+0000] {logging_mixin.py:190} INFO - [2024-10-14T02:26:49.920+0000] {dag.py:3239} INFO - Sync 2 DAGs
[2024-10-14T02:26:49.937+0000] {logging_mixin.py:190} INFO - [2024-10-14T02:26:49.937+0000] {dag.py:3262} INFO - Creating ORM DAG for read_dataset_event
[2024-10-14T02:26:49.939+0000] {logging_mixin.py:190} INFO - [2024-10-14T02:26:49.938+0000] {dag.py:3262} INFO - Creating ORM DAG for read_dataset_event_from_classic
[2024-10-14T02:26:49.954+0000] {logging_mixin.py:190} INFO - [2024-10-14T02:26:49.954+0000] {dag.py:4180} INFO - Setting next_dagrun for read_dataset_event to 2024-10-13 00:00:00+00:00, run_after=2024-10-14 00:00:00+00:00
[2024-10-14T02:26:49.956+0000] {logging_mixin.py:190} INFO - [2024-10-14T02:26:49.956+0000] {dag.py:4180} INFO - Setting next_dagrun for read_dataset_event_from_classic to 2024-10-13 00:00:00+00:00, run_after=2024-10-14 00:00:00+00:00
[2024-10-14T02:26:49.976+0000] {processor.py:208} INFO - Processing /home/airflow/.local/lib/python3.12/site-packages/airflow/example_dags/example_inlet_event_extra.py took 0.514 seconds
[2024-10-14T02:27:20.205+0000] {processor.py:186} INFO - Started process (PID=134) to work on /home/airflow/.local/lib/python3.12/site-packages/airflow/example_dags/example_inlet_event_extra.py
[2024-10-14T02:27:20.207+0000] {processor.py:914} INFO - Processing file /home/airflow/.local/lib/python3.12/site-packages/airflow/example_dags/example_inlet_event_extra.py for tasks to queue
[2024-10-14T02:27:20.209+0000] {logging_mixin.py:190} INFO - [2024-10-14T02:27:20.209+0000] {dagbag.py:588} INFO - Filling up the DagBag from /home/airflow/.local/lib/python3.12/site-packages/airflow/example_dags/example_inlet_event_extra.py
[2024-10-14T02:27:20.336+0000] {processor.py:925} INFO - DAG(s) 'read_dataset_event_from_classic', 'read_dataset_event' retrieved from /home/airflow/.local/lib/python3.12/site-packages/airflow/example_dags/example_inlet_event_extra.py
[2024-10-14T02:27:20.359+0000] {logging_mixin.py:190} INFO - [2024-10-14T02:27:20.359+0000] {dag.py:3239} INFO - Sync 2 DAGs
[2024-10-14T02:27:20.381+0000] {logging_mixin.py:190} INFO - [2024-10-14T02:27:20.381+0000] {dag.py:4180} INFO - Setting next_dagrun for read_dataset_event to 2024-10-13 00:00:00+00:00, run_after=2024-10-14 00:00:00+00:00
[2024-10-14T02:27:20.386+0000] {logging_mixin.py:190} INFO - [2024-10-14T02:27:20.386+0000] {dag.py:4180} INFO - Setting next_dagrun for read_dataset_event_from_classic to 2024-10-13 00:00:00+00:00, run_after=2024-10-14 00:00:00+00:00
[2024-10-14T02:27:20.410+0000] {processor.py:208} INFO - Processing /home/airflow/.local/lib/python3.12/site-packages/airflow/example_dags/example_inlet_event_extra.py took 0.210 seconds
[2024-10-14T02:27:54.173+0000] {processor.py:186} INFO - Started process (PID=196) to work on /home/airflow/.local/lib/python3.12/site-packages/airflow/example_dags/example_inlet_event_extra.py
[2024-10-14T02:27:54.175+0000] {processor.py:914} INFO - Processing file /home/airflow/.local/lib/python3.12/site-packages/airflow/example_dags/example_inlet_event_extra.py for tasks to queue
[2024-10-14T02:27:54.177+0000] {logging_mixin.py:190} INFO - [2024-10-14T02:27:54.177+0000] {dagbag.py:588} INFO - Filling up the DagBag from /home/airflow/.local/lib/python3.12/site-packages/airflow/example_dags/example_inlet_event_extra.py
[2024-10-14T02:27:54.311+0000] {processor.py:925} INFO - DAG(s) 'read_dataset_event', 'read_dataset_event_from_classic' retrieved from /home/airflow/.local/lib/python3.12/site-packages/airflow/example_dags/example_inlet_event_extra.py
[2024-10-14T02:27:54.337+0000] {logging_mixin.py:190} INFO - [2024-10-14T02:27:54.337+0000] {dag.py:3239} INFO - Sync 2 DAGs
[2024-10-14T02:27:54.362+0000] {logging_mixin.py:190} INFO - [2024-10-14T02:27:54.361+0000] {dag.py:4180} INFO - Setting next_dagrun for read_dataset_event to 2024-10-13 00:00:00+00:00, run_after=2024-10-14 00:00:00+00:00
[2024-10-14T02:27:54.366+0000] {logging_mixin.py:190} INFO - [2024-10-14T02:27:54.366+0000] {dag.py:4180} INFO - Setting next_dagrun for read_dataset_event_from_classic to 2024-10-13 00:00:00+00:00, run_after=2024-10-14 00:00:00+00:00
[2024-10-14T02:27:54.388+0000] {processor.py:208} INFO - Processing /home/airflow/.local/lib/python3.12/site-packages/airflow/example_dags/example_inlet_event_extra.py took 0.220 seconds
[2024-10-14T02:28:26.392+0000] {processor.py:186} INFO - Started process (PID=259) to work on /home/airflow/.local/lib/python3.12/site-packages/airflow/example_dags/example_inlet_event_extra.py
[2024-10-14T02:28:26.393+0000] {processor.py:914} INFO - Processing file /home/airflow/.local/lib/python3.12/site-packages/airflow/example_dags/example_inlet_event_extra.py for tasks to queue
[2024-10-14T02:28:26.396+0000] {logging_mixin.py:190} INFO - [2024-10-14T02:28:26.396+0000] {dagbag.py:588} INFO - Filling up the DagBag from /home/airflow/.local/lib/python3.12/site-packages/airflow/example_dags/example_inlet_event_extra.py
[2024-10-14T02:28:26.541+0000] {processor.py:925} INFO - DAG(s) 'read_dataset_event', 'read_dataset_event_from_classic' retrieved from /home/airflow/.local/lib/python3.12/site-packages/airflow/example_dags/example_inlet_event_extra.py
[2024-10-14T02:28:26.569+0000] {logging_mixin.py:190} INFO - [2024-10-14T02:28:26.569+0000] {dag.py:3239} INFO - Sync 2 DAGs
[2024-10-14T02:28:26.592+0000] {logging_mixin.py:190} INFO - [2024-10-14T02:28:26.592+0000] {dag.py:4180} INFO - Setting next_dagrun for read_dataset_event to 2024-10-13 00:00:00+00:00, run_after=2024-10-14 00:00:00+00:00
[2024-10-14T02:28:26.596+0000] {logging_mixin.py:190} INFO - [2024-10-14T02:28:26.596+0000] {dag.py:4180} INFO - Setting next_dagrun for read_dataset_event_from_classic to 2024-10-13 00:00:00+00:00, run_after=2024-10-14 00:00:00+00:00
[2024-10-14T02:28:26.615+0000] {processor.py:208} INFO - Processing /home/airflow/.local/lib/python3.12/site-packages/airflow/example_dags/example_inlet_event_extra.py took 0.230 seconds
[2024-10-14T02:29:00.102+0000] {processor.py:186} INFO - Started process (PID=322) to work on /home/airflow/.local/lib/python3.12/site-packages/airflow/example_dags/example_inlet_event_extra.py
[2024-10-14T02:29:00.103+0000] {processor.py:914} INFO - Processing file /home/airflow/.local/lib/python3.12/site-packages/airflow/example_dags/example_inlet_event_extra.py for tasks to queue
[2024-10-14T02:29:00.107+0000] {logging_mixin.py:190} INFO - [2024-10-14T02:29:00.106+0000] {dagbag.py:588} INFO - Filling up the DagBag from /home/airflow/.local/lib/python3.12/site-packages/airflow/example_dags/example_inlet_event_extra.py
[2024-10-14T02:29:00.279+0000] {processor.py:925} INFO - DAG(s) 'read_dataset_event', 'read_dataset_event_from_classic' retrieved from /home/airflow/.local/lib/python3.12/site-packages/airflow/example_dags/example_inlet_event_extra.py
[2024-10-14T02:29:00.299+0000] {logging_mixin.py:190} INFO - [2024-10-14T02:29:00.299+0000] {dag.py:3239} INFO - Sync 2 DAGs
[2024-10-14T02:29:00.322+0000] {logging_mixin.py:190} INFO - [2024-10-14T02:29:00.322+0000] {dag.py:4180} INFO - Setting next_dagrun for read_dataset_event to 2024-10-13 00:00:00+00:00, run_after=2024-10-14 00:00:00+00:00
[2024-10-14T02:29:00.327+0000] {logging_mixin.py:190} INFO - [2024-10-14T02:29:00.326+0000] {dag.py:4180} INFO - Setting next_dagrun for read_dataset_event_from_classic to 2024-10-13 00:00:00+00:00, run_after=2024-10-14 00:00:00+00:00
[2024-10-14T02:29:00.344+0000] {processor.py:208} INFO - Processing /home/airflow/.local/lib/python3.12/site-packages/airflow/example_dags/example_inlet_event_extra.py took 0.251 seconds
[2024-10-14T02:29:32.725+0000] {processor.py:186} INFO - Started process (PID=385) to work on /home/airflow/.local/lib/python3.12/site-packages/airflow/example_dags/example_inlet_event_extra.py
[2024-10-14T02:29:32.726+0000] {processor.py:914} INFO - Processing file /home/airflow/.local/lib/python3.12/site-packages/airflow/example_dags/example_inlet_event_extra.py for tasks to queue
[2024-10-14T02:29:32.729+0000] {logging_mixin.py:190} INFO - [2024-10-14T02:29:32.729+0000] {dagbag.py:588} INFO - Filling up the DagBag from /home/airflow/.local/lib/python3.12/site-packages/airflow/example_dags/example_inlet_event_extra.py
[2024-10-14T02:29:32.878+0000] {processor.py:925} INFO - DAG(s) 'read_dataset_event', 'read_dataset_event_from_classic' retrieved from /home/airflow/.local/lib/python3.12/site-packages/airflow/example_dags/example_inlet_event_extra.py
[2024-10-14T02:29:32.908+0000] {logging_mixin.py:190} INFO - [2024-10-14T02:29:32.908+0000] {dag.py:3239} INFO - Sync 2 DAGs
[2024-10-14T02:29:32.938+0000] {logging_mixin.py:190} INFO - [2024-10-14T02:29:32.937+0000] {dag.py:4180} INFO - Setting next_dagrun for read_dataset_event to 2024-10-13 00:00:00+00:00, run_after=2024-10-14 00:00:00+00:00
[2024-10-14T02:29:32.945+0000] {logging_mixin.py:190} INFO - [2024-10-14T02:29:32.945+0000] {dag.py:4180} INFO - Setting next_dagrun for read_dataset_event_from_classic to 2024-10-13 00:00:00+00:00, run_after=2024-10-14 00:00:00+00:00
[2024-10-14T02:29:32.965+0000] {processor.py:208} INFO - Processing /home/airflow/.local/lib/python3.12/site-packages/airflow/example_dags/example_inlet_event_extra.py took 0.247 seconds
[2024-10-14T02:30:05.497+0000] {processor.py:186} INFO - Started process (PID=448) to work on /home/airflow/.local/lib/python3.12/site-packages/airflow/example_dags/example_inlet_event_extra.py
[2024-10-14T02:30:05.499+0000] {processor.py:914} INFO - Processing file /home/airflow/.local/lib/python3.12/site-packages/airflow/example_dags/example_inlet_event_extra.py for tasks to queue
[2024-10-14T02:30:05.502+0000] {logging_mixin.py:190} INFO - [2024-10-14T02:30:05.501+0000] {dagbag.py:588} INFO - Filling up the DagBag from /home/airflow/.local/lib/python3.12/site-packages/airflow/example_dags/example_inlet_event_extra.py
[2024-10-14T02:30:05.634+0000] {processor.py:925} INFO - DAG(s) 'read_dataset_event_from_classic', 'read_dataset_event' retrieved from /home/airflow/.local/lib/python3.12/site-packages/airflow/example_dags/example_inlet_event_extra.py
[2024-10-14T02:30:05.654+0000] {logging_mixin.py:190} INFO - [2024-10-14T02:30:05.654+0000] {dag.py:3239} INFO - Sync 2 DAGs
[2024-10-14T02:30:05.680+0000] {logging_mixin.py:190} INFO - [2024-10-14T02:30:05.679+0000] {dag.py:4180} INFO - Setting next_dagrun for read_dataset_event to 2024-10-13 00:00:00+00:00, run_after=2024-10-14 00:00:00+00:00
[2024-10-14T02:30:05.686+0000] {logging_mixin.py:190} INFO - [2024-10-14T02:30:05.686+0000] {dag.py:4180} INFO - Setting next_dagrun for read_dataset_event_from_classic to 2024-10-13 00:00:00+00:00, run_after=2024-10-14 00:00:00+00:00
[2024-10-14T02:30:05.714+0000] {processor.py:208} INFO - Processing /home/airflow/.local/lib/python3.12/site-packages/airflow/example_dags/example_inlet_event_extra.py took 0.222 seconds
[2024-10-14T02:30:38.519+0000] {processor.py:186} INFO - Started process (PID=511) to work on /home/airflow/.local/lib/python3.12/site-packages/airflow/example_dags/example_inlet_event_extra.py
[2024-10-14T02:30:38.520+0000] {processor.py:914} INFO - Processing file /home/airflow/.local/lib/python3.12/site-packages/airflow/example_dags/example_inlet_event_extra.py for tasks to queue
[2024-10-14T02:30:38.524+0000] {logging_mixin.py:190} INFO - [2024-10-14T02:30:38.522+0000] {dagbag.py:588} INFO - Filling up the DagBag from /home/airflow/.local/lib/python3.12/site-packages/airflow/example_dags/example_inlet_event_extra.py
[2024-10-14T02:30:38.666+0000] {processor.py:925} INFO - DAG(s) 'read_dataset_event_from_classic', 'read_dataset_event' retrieved from /home/airflow/.local/lib/python3.12/site-packages/airflow/example_dags/example_inlet_event_extra.py
[2024-10-14T02:30:38.692+0000] {logging_mixin.py:190} INFO - [2024-10-14T02:30:38.692+0000] {dag.py:3239} INFO - Sync 2 DAGs
[2024-10-14T02:30:38.718+0000] {logging_mixin.py:190} INFO - [2024-10-14T02:30:38.718+0000] {dag.py:4180} INFO - Setting next_dagrun for read_dataset_event to 2024-10-13 00:00:00+00:00, run_after=2024-10-14 00:00:00+00:00
[2024-10-14T02:30:38.723+0000] {logging_mixin.py:190} INFO - [2024-10-14T02:30:38.723+0000] {dag.py:4180} INFO - Setting next_dagrun for read_dataset_event_from_classic to 2024-10-13 00:00:00+00:00, run_after=2024-10-14 00:00:00+00:00
[2024-10-14T02:30:38.739+0000] {processor.py:208} INFO - Processing /home/airflow/.local/lib/python3.12/site-packages/airflow/example_dags/example_inlet_event_extra.py took 0.226 seconds
[2024-10-14T02:31:11.597+0000] {processor.py:186} INFO - Started process (PID=575) to work on /home/airflow/.local/lib/python3.12/site-packages/airflow/example_dags/example_inlet_event_extra.py
[2024-10-14T02:31:11.598+0000] {processor.py:914} INFO - Processing file /home/airflow/.local/lib/python3.12/site-packages/airflow/example_dags/example_inlet_event_extra.py for tasks to queue
[2024-10-14T02:31:11.600+0000] {logging_mixin.py:190} INFO - [2024-10-14T02:31:11.600+0000] {dagbag.py:588} INFO - Filling up the DagBag from /home/airflow/.local/lib/python3.12/site-packages/airflow/example_dags/example_inlet_event_extra.py
[2024-10-14T02:31:11.721+0000] {processor.py:925} INFO - DAG(s) 'read_dataset_event', 'read_dataset_event_from_classic' retrieved from /home/airflow/.local/lib/python3.12/site-packages/airflow/example_dags/example_inlet_event_extra.py
[2024-10-14T02:31:11.743+0000] {logging_mixin.py:190} INFO - [2024-10-14T02:31:11.743+0000] {dag.py:3239} INFO - Sync 2 DAGs
[2024-10-14T02:31:11.768+0000] {logging_mixin.py:190} INFO - [2024-10-14T02:31:11.768+0000] {dag.py:4180} INFO - Setting next_dagrun for read_dataset_event to 2024-10-13 00:00:00+00:00, run_after=2024-10-14 00:00:00+00:00
[2024-10-14T02:31:11.772+0000] {logging_mixin.py:190} INFO - [2024-10-14T02:31:11.772+0000] {dag.py:4180} INFO - Setting next_dagrun for read_dataset_event_from_classic to 2024-10-13 00:00:00+00:00, run_after=2024-10-14 00:00:00+00:00
[2024-10-14T02:31:11.794+0000] {processor.py:208} INFO - Processing /home/airflow/.local/lib/python3.12/site-packages/airflow/example_dags/example_inlet_event_extra.py took 0.202 seconds
[2024-10-14T02:31:44.801+0000] {processor.py:186} INFO - Started process (PID=638) to work on /home/airflow/.local/lib/python3.12/site-packages/airflow/example_dags/example_inlet_event_extra.py
[2024-10-14T02:31:44.802+0000] {processor.py:914} INFO - Processing file /home/airflow/.local/lib/python3.12/site-packages/airflow/example_dags/example_inlet_event_extra.py for tasks to queue
[2024-10-14T02:31:44.807+0000] {logging_mixin.py:190} INFO - [2024-10-14T02:31:44.806+0000] {dagbag.py:588} INFO - Filling up the DagBag from /home/airflow/.local/lib/python3.12/site-packages/airflow/example_dags/example_inlet_event_extra.py
[2024-10-14T02:31:44.963+0000] {processor.py:925} INFO - DAG(s) 'read_dataset_event', 'read_dataset_event_from_classic' retrieved from /home/airflow/.local/lib/python3.12/site-packages/airflow/example_dags/example_inlet_event_extra.py
[2024-10-14T02:31:44.989+0000] {logging_mixin.py:190} INFO - [2024-10-14T02:31:44.988+0000] {dag.py:3239} INFO - Sync 2 DAGs
[2024-10-14T02:31:45.015+0000] {logging_mixin.py:190} INFO - [2024-10-14T02:31:45.014+0000] {dag.py:4180} INFO - Setting next_dagrun for read_dataset_event to 2024-10-13 00:00:00+00:00, run_after=2024-10-14 00:00:00+00:00
[2024-10-14T02:31:45.025+0000] {logging_mixin.py:190} INFO - [2024-10-14T02:31:45.024+0000] {dag.py:4180} INFO - Setting next_dagrun for read_dataset_event_from_classic to 2024-10-13 00:00:00+00:00, run_after=2024-10-14 00:00:00+00:00
[2024-10-14T02:31:45.048+0000] {processor.py:208} INFO - Processing /home/airflow/.local/lib/python3.12/site-packages/airflow/example_dags/example_inlet_event_extra.py took 0.252 seconds
[2024-10-14T02:32:17.157+0000] {processor.py:186} INFO - Started process (PID=701) to work on /home/airflow/.local/lib/python3.12/site-packages/airflow/example_dags/example_inlet_event_extra.py
[2024-10-14T02:32:17.158+0000] {processor.py:914} INFO - Processing file /home/airflow/.local/lib/python3.12/site-packages/airflow/example_dags/example_inlet_event_extra.py for tasks to queue
[2024-10-14T02:32:17.161+0000] {logging_mixin.py:190} INFO - [2024-10-14T02:32:17.161+0000] {dagbag.py:588} INFO - Filling up the DagBag from /home/airflow/.local/lib/python3.12/site-packages/airflow/example_dags/example_inlet_event_extra.py
[2024-10-14T02:32:17.293+0000] {processor.py:925} INFO - DAG(s) 'read_dataset_event_from_classic', 'read_dataset_event' retrieved from /home/airflow/.local/lib/python3.12/site-packages/airflow/example_dags/example_inlet_event_extra.py
[2024-10-14T02:32:17.315+0000] {logging_mixin.py:190} INFO - [2024-10-14T02:32:17.315+0000] {dag.py:3239} INFO - Sync 2 DAGs
[2024-10-14T02:32:17.340+0000] {logging_mixin.py:190} INFO - [2024-10-14T02:32:17.339+0000] {dag.py:4180} INFO - Setting next_dagrun for read_dataset_event to 2024-10-13 00:00:00+00:00, run_after=2024-10-14 00:00:00+00:00
[2024-10-14T02:32:17.345+0000] {logging_mixin.py:190} INFO - [2024-10-14T02:32:17.345+0000] {dag.py:4180} INFO - Setting next_dagrun for read_dataset_event_from_classic to 2024-10-13 00:00:00+00:00, run_after=2024-10-14 00:00:00+00:00
[2024-10-14T02:32:17.365+0000] {processor.py:208} INFO - Processing /home/airflow/.local/lib/python3.12/site-packages/airflow/example_dags/example_inlet_event_extra.py took 0.214 seconds
[2024-10-14T02:32:50.613+0000] {processor.py:186} INFO - Started process (PID=764) to work on /home/airflow/.local/lib/python3.12/site-packages/airflow/example_dags/example_inlet_event_extra.py
[2024-10-14T02:32:50.614+0000] {processor.py:914} INFO - Processing file /home/airflow/.local/lib/python3.12/site-packages/airflow/example_dags/example_inlet_event_extra.py for tasks to queue
[2024-10-14T02:32:50.616+0000] {logging_mixin.py:190} INFO - [2024-10-14T02:32:50.616+0000] {dagbag.py:588} INFO - Filling up the DagBag from /home/airflow/.local/lib/python3.12/site-packages/airflow/example_dags/example_inlet_event_extra.py
[2024-10-14T02:32:50.775+0000] {processor.py:925} INFO - DAG(s) 'read_dataset_event', 'read_dataset_event_from_classic' retrieved from /home/airflow/.local/lib/python3.12/site-packages/airflow/example_dags/example_inlet_event_extra.py
[2024-10-14T02:32:50.798+0000] {logging_mixin.py:190} INFO - [2024-10-14T02:32:50.798+0000] {dag.py:3239} INFO - Sync 2 DAGs
[2024-10-14T02:32:50.826+0000] {logging_mixin.py:190} INFO - [2024-10-14T02:32:50.825+0000] {dag.py:4180} INFO - Setting next_dagrun for read_dataset_event to 2024-10-13 00:00:00+00:00, run_after=2024-10-14 00:00:00+00:00
[2024-10-14T02:32:50.831+0000] {logging_mixin.py:190} INFO - [2024-10-14T02:32:50.831+0000] {dag.py:4180} INFO - Setting next_dagrun for read_dataset_event_from_classic to 2024-10-13 00:00:00+00:00, run_after=2024-10-14 00:00:00+00:00
[2024-10-14T02:32:50.850+0000] {processor.py:208} INFO - Processing /home/airflow/.local/lib/python3.12/site-packages/airflow/example_dags/example_inlet_event_extra.py took 0.242 seconds
[2024-10-14T02:33:23.223+0000] {processor.py:186} INFO - Started process (PID=827) to work on /home/airflow/.local/lib/python3.12/site-packages/airflow/example_dags/example_inlet_event_extra.py
[2024-10-14T02:33:23.224+0000] {processor.py:914} INFO - Processing file /home/airflow/.local/lib/python3.12/site-packages/airflow/example_dags/example_inlet_event_extra.py for tasks to queue
[2024-10-14T02:33:23.227+0000] {logging_mixin.py:190} INFO - [2024-10-14T02:33:23.227+0000] {dagbag.py:588} INFO - Filling up the DagBag from /home/airflow/.local/lib/python3.12/site-packages/airflow/example_dags/example_inlet_event_extra.py
[2024-10-14T02:33:23.393+0000] {processor.py:925} INFO - DAG(s) 'read_dataset_event', 'read_dataset_event_from_classic' retrieved from /home/airflow/.local/lib/python3.12/site-packages/airflow/example_dags/example_inlet_event_extra.py
[2024-10-14T02:33:23.419+0000] {logging_mixin.py:190} INFO - [2024-10-14T02:33:23.419+0000] {dag.py:3239} INFO - Sync 2 DAGs
[2024-10-14T02:33:23.441+0000] {logging_mixin.py:190} INFO - [2024-10-14T02:33:23.441+0000] {dag.py:4180} INFO - Setting next_dagrun for read_dataset_event to 2024-10-13 00:00:00+00:00, run_after=2024-10-14 00:00:00+00:00
[2024-10-14T02:33:23.445+0000] {logging_mixin.py:190} INFO - [2024-10-14T02:33:23.445+0000] {dag.py:4180} INFO - Setting next_dagrun for read_dataset_event_from_classic to 2024-10-13 00:00:00+00:00, run_after=2024-10-14 00:00:00+00:00
[2024-10-14T02:33:23.460+0000] {processor.py:208} INFO - Processing /home/airflow/.local/lib/python3.12/site-packages/airflow/example_dags/example_inlet_event_extra.py took 0.243 seconds
[2024-10-14T02:33:56.598+0000] {processor.py:186} INFO - Started process (PID=892) to work on /home/airflow/.local/lib/python3.12/site-packages/airflow/example_dags/example_inlet_event_extra.py
[2024-10-14T02:33:56.599+0000] {processor.py:914} INFO - Processing file /home/airflow/.local/lib/python3.12/site-packages/airflow/example_dags/example_inlet_event_extra.py for tasks to queue
[2024-10-14T02:33:56.603+0000] {logging_mixin.py:190} INFO - [2024-10-14T02:33:56.602+0000] {dagbag.py:588} INFO - Filling up the DagBag from /home/airflow/.local/lib/python3.12/site-packages/airflow/example_dags/example_inlet_event_extra.py
[2024-10-14T02:33:56.860+0000] {processor.py:925} INFO - DAG(s) 'read_dataset_event_from_classic', 'read_dataset_event' retrieved from /home/airflow/.local/lib/python3.12/site-packages/airflow/example_dags/example_inlet_event_extra.py
[2024-10-14T02:33:56.884+0000] {logging_mixin.py:190} INFO - [2024-10-14T02:33:56.883+0000] {dag.py:3239} INFO - Sync 2 DAGs
[2024-10-14T02:33:56.930+0000] {logging_mixin.py:190} INFO - [2024-10-14T02:33:56.930+0000] {dag.py:4180} INFO - Setting next_dagrun for read_dataset_event to 2024-10-13 00:00:00+00:00, run_after=2024-10-14 00:00:00+00:00
[2024-10-14T02:33:56.943+0000] {logging_mixin.py:190} INFO - [2024-10-14T02:33:56.943+0000] {dag.py:4180} INFO - Setting next_dagrun for read_dataset_event_from_classic to 2024-10-13 00:00:00+00:00, run_after=2024-10-14 00:00:00+00:00
[2024-10-14T02:33:56.978+0000] {processor.py:208} INFO - Processing /home/airflow/.local/lib/python3.12/site-packages/airflow/example_dags/example_inlet_event_extra.py took 0.386 seconds
[2024-10-14T02:34:29.506+0000] {processor.py:186} INFO - Started process (PID=955) to work on /home/airflow/.local/lib/python3.12/site-packages/airflow/example_dags/example_inlet_event_extra.py
[2024-10-14T02:34:29.507+0000] {processor.py:914} INFO - Processing file /home/airflow/.local/lib/python3.12/site-packages/airflow/example_dags/example_inlet_event_extra.py for tasks to queue
[2024-10-14T02:34:29.510+0000] {logging_mixin.py:190} INFO - [2024-10-14T02:34:29.510+0000] {dagbag.py:588} INFO - Filling up the DagBag from /home/airflow/.local/lib/python3.12/site-packages/airflow/example_dags/example_inlet_event_extra.py
[2024-10-14T02:34:29.636+0000] {processor.py:925} INFO - DAG(s) 'read_dataset_event_from_classic', 'read_dataset_event' retrieved from /home/airflow/.local/lib/python3.12/site-packages/airflow/example_dags/example_inlet_event_extra.py
[2024-10-14T02:34:29.657+0000] {logging_mixin.py:190} INFO - [2024-10-14T02:34:29.657+0000] {dag.py:3239} INFO - Sync 2 DAGs
[2024-10-14T02:34:29.681+0000] {logging_mixin.py:190} INFO - [2024-10-14T02:34:29.681+0000] {dag.py:4180} INFO - Setting next_dagrun for read_dataset_event to 2024-10-13 00:00:00+00:00, run_after=2024-10-14 00:00:00+00:00
[2024-10-14T02:34:29.689+0000] {logging_mixin.py:190} INFO - [2024-10-14T02:34:29.687+0000] {dag.py:4180} INFO - Setting next_dagrun for read_dataset_event_from_classic to 2024-10-13 00:00:00+00:00, run_after=2024-10-14 00:00:00+00:00
[2024-10-14T02:34:29.712+0000] {processor.py:208} INFO - Processing /home/airflow/.local/lib/python3.12/site-packages/airflow/example_dags/example_inlet_event_extra.py took 0.212 seconds
[2024-10-14T02:35:02.741+0000] {processor.py:186} INFO - Started process (PID=1018) to work on /home/airflow/.local/lib/python3.12/site-packages/airflow/example_dags/example_inlet_event_extra.py
[2024-10-14T02:35:02.742+0000] {processor.py:914} INFO - Processing file /home/airflow/.local/lib/python3.12/site-packages/airflow/example_dags/example_inlet_event_extra.py for tasks to queue
[2024-10-14T02:35:02.745+0000] {logging_mixin.py:190} INFO - [2024-10-14T02:35:02.745+0000] {dagbag.py:588} INFO - Filling up the DagBag from /home/airflow/.local/lib/python3.12/site-packages/airflow/example_dags/example_inlet_event_extra.py
[2024-10-14T02:35:02.917+0000] {processor.py:925} INFO - DAG(s) 'read_dataset_event_from_classic', 'read_dataset_event' retrieved from /home/airflow/.local/lib/python3.12/site-packages/airflow/example_dags/example_inlet_event_extra.py
[2024-10-14T02:35:02.945+0000] {logging_mixin.py:190} INFO - [2024-10-14T02:35:02.945+0000] {dag.py:3239} INFO - Sync 2 DAGs
[2024-10-14T02:35:02.974+0000] {logging_mixin.py:190} INFO - [2024-10-14T02:35:02.974+0000] {dag.py:4180} INFO - Setting next_dagrun for read_dataset_event to 2024-10-13 00:00:00+00:00, run_after=2024-10-14 00:00:00+00:00
[2024-10-14T02:35:02.984+0000] {logging_mixin.py:190} INFO - [2024-10-14T02:35:02.983+0000] {dag.py:4180} INFO - Setting next_dagrun for read_dataset_event_from_classic to 2024-10-13 00:00:00+00:00, run_after=2024-10-14 00:00:00+00:00
[2024-10-14T02:35:03.005+0000] {processor.py:208} INFO - Processing /home/airflow/.local/lib/python3.12/site-packages/airflow/example_dags/example_inlet_event_extra.py took 0.272 seconds
[2024-10-14T02:35:35.656+0000] {processor.py:186} INFO - Started process (PID=1081) to work on /home/airflow/.local/lib/python3.12/site-packages/airflow/example_dags/example_inlet_event_extra.py
[2024-10-14T02:35:35.658+0000] {processor.py:914} INFO - Processing file /home/airflow/.local/lib/python3.12/site-packages/airflow/example_dags/example_inlet_event_extra.py for tasks to queue
[2024-10-14T02:35:35.661+0000] {logging_mixin.py:190} INFO - [2024-10-14T02:35:35.660+0000] {dagbag.py:588} INFO - Filling up the DagBag from /home/airflow/.local/lib/python3.12/site-packages/airflow/example_dags/example_inlet_event_extra.py
[2024-10-14T02:35:35.853+0000] {processor.py:925} INFO - DAG(s) 'read_dataset_event', 'read_dataset_event_from_classic' retrieved from /home/airflow/.local/lib/python3.12/site-packages/airflow/example_dags/example_inlet_event_extra.py
[2024-10-14T02:35:35.879+0000] {logging_mixin.py:190} INFO - [2024-10-14T02:35:35.879+0000] {dag.py:3239} INFO - Sync 2 DAGs
[2024-10-14T02:35:35.906+0000] {logging_mixin.py:190} INFO - [2024-10-14T02:35:35.906+0000] {dag.py:4180} INFO - Setting next_dagrun for read_dataset_event to 2024-10-13 00:00:00+00:00, run_after=2024-10-14 00:00:00+00:00
[2024-10-14T02:35:35.912+0000] {logging_mixin.py:190} INFO - [2024-10-14T02:35:35.912+0000] {dag.py:4180} INFO - Setting next_dagrun for read_dataset_event_from_classic to 2024-10-13 00:00:00+00:00, run_after=2024-10-14 00:00:00+00:00
[2024-10-14T02:35:35.931+0000] {processor.py:208} INFO - Processing /home/airflow/.local/lib/python3.12/site-packages/airflow/example_dags/example_inlet_event_extra.py took 0.282 seconds
[2024-10-14T02:36:09.309+0000] {processor.py:186} INFO - Started process (PID=1144) to work on /home/airflow/.local/lib/python3.12/site-packages/airflow/example_dags/example_inlet_event_extra.py
[2024-10-14T02:36:09.312+0000] {processor.py:914} INFO - Processing file /home/airflow/.local/lib/python3.12/site-packages/airflow/example_dags/example_inlet_event_extra.py for tasks to queue
[2024-10-14T02:36:09.318+0000] {logging_mixin.py:190} INFO - [2024-10-14T02:36:09.317+0000] {dagbag.py:588} INFO - Filling up the DagBag from /home/airflow/.local/lib/python3.12/site-packages/airflow/example_dags/example_inlet_event_extra.py
[2024-10-14T02:36:09.500+0000] {processor.py:925} INFO - DAG(s) 'read_dataset_event', 'read_dataset_event_from_classic' retrieved from /home/airflow/.local/lib/python3.12/site-packages/airflow/example_dags/example_inlet_event_extra.py
[2024-10-14T02:36:09.523+0000] {logging_mixin.py:190} INFO - [2024-10-14T02:36:09.522+0000] {dag.py:3239} INFO - Sync 2 DAGs
[2024-10-14T02:36:09.547+0000] {logging_mixin.py:190} INFO - [2024-10-14T02:36:09.547+0000] {dag.py:4180} INFO - Setting next_dagrun for read_dataset_event to 2024-10-13 00:00:00+00:00, run_after=2024-10-14 00:00:00+00:00
[2024-10-14T02:36:09.552+0000] {logging_mixin.py:190} INFO - [2024-10-14T02:36:09.551+0000] {dag.py:4180} INFO - Setting next_dagrun for read_dataset_event_from_classic to 2024-10-13 00:00:00+00:00, run_after=2024-10-14 00:00:00+00:00
[2024-10-14T02:36:09.569+0000] {processor.py:208} INFO - Processing /home/airflow/.local/lib/python3.12/site-packages/airflow/example_dags/example_inlet_event_extra.py took 0.273 seconds
[2024-10-14T02:37:47.279+0000] {processor.py:186} INFO - Started process (PID=71) to work on /home/airflow/.local/lib/python3.12/site-packages/airflow/example_dags/example_inlet_event_extra.py
[2024-10-14T02:37:47.280+0000] {processor.py:914} INFO - Processing file /home/airflow/.local/lib/python3.12/site-packages/airflow/example_dags/example_inlet_event_extra.py for tasks to queue
[2024-10-14T02:37:47.286+0000] {logging_mixin.py:190} INFO - [2024-10-14T02:37:47.284+0000] {dagbag.py:588} INFO - Filling up the DagBag from /home/airflow/.local/lib/python3.12/site-packages/airflow/example_dags/example_inlet_event_extra.py
[2024-10-14T02:37:47.553+0000] {processor.py:925} INFO - DAG(s) 'read_dataset_event', 'read_dataset_event_from_classic' retrieved from /home/airflow/.local/lib/python3.12/site-packages/airflow/example_dags/example_inlet_event_extra.py
[2024-10-14T02:37:47.586+0000] {logging_mixin.py:190} INFO - [2024-10-14T02:37:47.585+0000] {dag.py:3239} INFO - Sync 2 DAGs
[2024-10-14T02:37:47.611+0000] {logging_mixin.py:190} INFO - [2024-10-14T02:37:47.611+0000] {dag.py:4180} INFO - Setting next_dagrun for read_dataset_event to 2024-10-13 00:00:00+00:00, run_after=2024-10-14 00:00:00+00:00
[2024-10-14T02:37:47.616+0000] {logging_mixin.py:190} INFO - [2024-10-14T02:37:47.616+0000] {dag.py:4180} INFO - Setting next_dagrun for read_dataset_event_from_classic to 2024-10-13 00:00:00+00:00, run_after=2024-10-14 00:00:00+00:00
[2024-10-14T02:37:47.636+0000] {processor.py:208} INFO - Processing /home/airflow/.local/lib/python3.12/site-packages/airflow/example_dags/example_inlet_event_extra.py took 0.362 seconds
[2024-10-14T02:38:18.265+0000] {processor.py:186} INFO - Started process (PID=135) to work on /home/airflow/.local/lib/python3.12/site-packages/airflow/example_dags/example_inlet_event_extra.py
[2024-10-14T02:38:18.266+0000] {processor.py:914} INFO - Processing file /home/airflow/.local/lib/python3.12/site-packages/airflow/example_dags/example_inlet_event_extra.py for tasks to queue
[2024-10-14T02:38:18.269+0000] {logging_mixin.py:190} INFO - [2024-10-14T02:38:18.269+0000] {dagbag.py:588} INFO - Filling up the DagBag from /home/airflow/.local/lib/python3.12/site-packages/airflow/example_dags/example_inlet_event_extra.py
[2024-10-14T02:38:20.393+0000] {processor.py:925} INFO - DAG(s) 'read_dataset_event', 'read_dataset_event_from_classic' retrieved from /home/airflow/.local/lib/python3.12/site-packages/airflow/example_dags/example_inlet_event_extra.py
[2024-10-14T02:38:20.416+0000] {logging_mixin.py:190} INFO - [2024-10-14T02:38:20.416+0000] {dag.py:3239} INFO - Sync 2 DAGs
[2024-10-14T02:38:20.438+0000] {logging_mixin.py:190} INFO - [2024-10-14T02:38:20.438+0000] {dag.py:4180} INFO - Setting next_dagrun for read_dataset_event to 2024-10-13 00:00:00+00:00, run_after=2024-10-14 00:00:00+00:00
[2024-10-14T02:38:20.443+0000] {logging_mixin.py:190} INFO - [2024-10-14T02:38:20.443+0000] {dag.py:4180} INFO - Setting next_dagrun for read_dataset_event_from_classic to 2024-10-13 00:00:00+00:00, run_after=2024-10-14 00:00:00+00:00
[2024-10-14T02:38:20.461+0000] {processor.py:208} INFO - Processing /home/airflow/.local/lib/python3.12/site-packages/airflow/example_dags/example_inlet_event_extra.py took 0.211 seconds
[2024-10-14T02:38:53.955+0000] {processor.py:186} INFO - Started process (PID=199) to work on /home/airflow/.local/lib/python3.12/site-packages/airflow/example_dags/example_inlet_event_extra.py
[2024-10-14T02:38:53.967+0000] {processor.py:914} INFO - Processing file /home/airflow/.local/lib/python3.12/site-packages/airflow/example_dags/example_inlet_event_extra.py for tasks to queue
[2024-10-14T02:38:53.981+0000] {logging_mixin.py:190} INFO - [2024-10-14T02:38:53.973+0000] {dagbag.py:588} INFO - Filling up the DagBag from /home/airflow/.local/lib/python3.12/site-packages/airflow/example_dags/example_inlet_event_extra.py
[2024-10-14T02:38:54.248+0000] {processor.py:925} INFO - DAG(s) 'read_dataset_event', 'read_dataset_event_from_classic' retrieved from /home/airflow/.local/lib/python3.12/site-packages/airflow/example_dags/example_inlet_event_extra.py
[2024-10-14T02:38:54.375+0000] {logging_mixin.py:190} INFO - [2024-10-14T02:38:54.375+0000] {dag.py:3239} INFO - Sync 2 DAGs
[2024-10-14T02:38:54.442+0000] {logging_mixin.py:190} INFO - [2024-10-14T02:38:54.440+0000] {dag.py:4180} INFO - Setting next_dagrun for read_dataset_event to 2024-10-13 00:00:00+00:00, run_after=2024-10-14 00:00:00+00:00
[2024-10-14T02:38:54.450+0000] {logging_mixin.py:190} INFO - [2024-10-14T02:38:54.450+0000] {dag.py:4180} INFO - Setting next_dagrun for read_dataset_event_from_classic to 2024-10-13 00:00:00+00:00, run_after=2024-10-14 00:00:00+00:00
[2024-10-14T02:38:54.483+0000] {processor.py:208} INFO - Processing /home/airflow/.local/lib/python3.12/site-packages/airflow/example_dags/example_inlet_event_extra.py took 0.542 seconds
[2024-10-14T02:39:26.884+0000] {processor.py:186} INFO - Started process (PID=264) to work on /home/airflow/.local/lib/python3.12/site-packages/airflow/example_dags/example_inlet_event_extra.py
[2024-10-14T02:39:26.886+0000] {processor.py:914} INFO - Processing file /home/airflow/.local/lib/python3.12/site-packages/airflow/example_dags/example_inlet_event_extra.py for tasks to queue
[2024-10-14T02:39:26.889+0000] {logging_mixin.py:190} INFO - [2024-10-14T02:39:26.889+0000] {dagbag.py:588} INFO - Filling up the DagBag from /home/airflow/.local/lib/python3.12/site-packages/airflow/example_dags/example_inlet_event_extra.py
[2024-10-14T02:39:27.014+0000] {processor.py:925} INFO - DAG(s) 'read_dataset_event_from_classic', 'read_dataset_event' retrieved from /home/airflow/.local/lib/python3.12/site-packages/airflow/example_dags/example_inlet_event_extra.py
[2024-10-14T02:39:27.048+0000] {logging_mixin.py:190} INFO - [2024-10-14T02:39:27.048+0000] {dag.py:3239} INFO - Sync 2 DAGs
[2024-10-14T02:39:27.080+0000] {logging_mixin.py:190} INFO - [2024-10-14T02:39:27.079+0000] {dag.py:4180} INFO - Setting next_dagrun for read_dataset_event to 2024-10-13 00:00:00+00:00, run_after=2024-10-14 00:00:00+00:00
[2024-10-14T02:39:27.085+0000] {logging_mixin.py:190} INFO - [2024-10-14T02:39:27.084+0000] {dag.py:4180} INFO - Setting next_dagrun for read_dataset_event_from_classic to 2024-10-13 00:00:00+00:00, run_after=2024-10-14 00:00:00+00:00
[2024-10-14T02:39:27.108+0000] {processor.py:208} INFO - Processing /home/airflow/.local/lib/python3.12/site-packages/airflow/example_dags/example_inlet_event_extra.py took 0.231 seconds
[2024-10-14T02:39:59.959+0000] {processor.py:186} INFO - Started process (PID=328) to work on /home/airflow/.local/lib/python3.12/site-packages/airflow/example_dags/example_inlet_event_extra.py
[2024-10-14T02:39:59.960+0000] {processor.py:914} INFO - Processing file /home/airflow/.local/lib/python3.12/site-packages/airflow/example_dags/example_inlet_event_extra.py for tasks to queue
[2024-10-14T02:39:59.963+0000] {logging_mixin.py:190} INFO - [2024-10-14T02:39:59.963+0000] {dagbag.py:588} INFO - Filling up the DagBag from /home/airflow/.local/lib/python3.12/site-packages/airflow/example_dags/example_inlet_event_extra.py
[2024-10-14T02:40:00.140+0000] {processor.py:925} INFO - DAG(s) 'read_dataset_event_from_classic', 'read_dataset_event' retrieved from /home/airflow/.local/lib/python3.12/site-packages/airflow/example_dags/example_inlet_event_extra.py
[2024-10-14T02:40:00.176+0000] {logging_mixin.py:190} INFO - [2024-10-14T02:40:00.175+0000] {dag.py:3239} INFO - Sync 2 DAGs
[2024-10-14T02:40:00.207+0000] {logging_mixin.py:190} INFO - [2024-10-14T02:40:00.207+0000] {dag.py:4180} INFO - Setting next_dagrun for read_dataset_event to 2024-10-13 00:00:00+00:00, run_after=2024-10-14 00:00:00+00:00
[2024-10-14T02:40:00.213+0000] {logging_mixin.py:190} INFO - [2024-10-14T02:40:00.212+0000] {dag.py:4180} INFO - Setting next_dagrun for read_dataset_event_from_classic to 2024-10-13 00:00:00+00:00, run_after=2024-10-14 00:00:00+00:00
[2024-10-14T02:40:00.234+0000] {processor.py:208} INFO - Processing /home/airflow/.local/lib/python3.12/site-packages/airflow/example_dags/example_inlet_event_extra.py took 0.283 seconds
[2024-10-14T02:40:33.259+0000] {processor.py:186} INFO - Started process (PID=392) to work on /home/airflow/.local/lib/python3.12/site-packages/airflow/example_dags/example_inlet_event_extra.py
[2024-10-14T02:40:33.260+0000] {processor.py:914} INFO - Processing file /home/airflow/.local/lib/python3.12/site-packages/airflow/example_dags/example_inlet_event_extra.py for tasks to queue
[2024-10-14T02:40:33.262+0000] {logging_mixin.py:190} INFO - [2024-10-14T02:40:33.262+0000] {dagbag.py:588} INFO - Filling up the DagBag from /home/airflow/.local/lib/python3.12/site-packages/airflow/example_dags/example_inlet_event_extra.py
[2024-10-14T02:40:33.385+0000] {processor.py:925} INFO - DAG(s) 'read_dataset_event', 'read_dataset_event_from_classic' retrieved from /home/airflow/.local/lib/python3.12/site-packages/airflow/example_dags/example_inlet_event_extra.py
[2024-10-14T02:40:33.411+0000] {logging_mixin.py:190} INFO - [2024-10-14T02:40:33.410+0000] {dag.py:3239} INFO - Sync 2 DAGs
[2024-10-14T02:40:33.440+0000] {logging_mixin.py:190} INFO - [2024-10-14T02:40:33.440+0000] {dag.py:4180} INFO - Setting next_dagrun for read_dataset_event to 2024-10-13 00:00:00+00:00, run_after=2024-10-14 00:00:00+00:00
[2024-10-14T02:40:33.444+0000] {logging_mixin.py:190} INFO - [2024-10-14T02:40:33.444+0000] {dag.py:4180} INFO - Setting next_dagrun for read_dataset_event_from_classic to 2024-10-13 00:00:00+00:00, run_after=2024-10-14 00:00:00+00:00
[2024-10-14T02:40:33.466+0000] {processor.py:208} INFO - Processing /home/airflow/.local/lib/python3.12/site-packages/airflow/example_dags/example_inlet_event_extra.py took 0.213 seconds
[2024-10-14T02:41:03.669+0000] {processor.py:186} INFO - Started process (PID=456) to work on /home/airflow/.local/lib/python3.12/site-packages/airflow/example_dags/example_inlet_event_extra.py
[2024-10-14T02:41:03.670+0000] {processor.py:914} INFO - Processing file /home/airflow/.local/lib/python3.12/site-packages/airflow/example_dags/example_inlet_event_extra.py for tasks to queue
[2024-10-14T02:41:03.672+0000] {logging_mixin.py:190} INFO - [2024-10-14T02:41:03.672+0000] {dagbag.py:588} INFO - Filling up the DagBag from /home/airflow/.local/lib/python3.12/site-packages/airflow/example_dags/example_inlet_event_extra.py
[2024-10-14T02:41:05.801+0000] {processor.py:925} INFO - DAG(s) 'read_dataset_event', 'read_dataset_event_from_classic' retrieved from /home/airflow/.local/lib/python3.12/site-packages/airflow/example_dags/example_inlet_event_extra.py
[2024-10-14T02:41:05.825+0000] {logging_mixin.py:190} INFO - [2024-10-14T02:41:05.825+0000] {dag.py:3239} INFO - Sync 2 DAGs
[2024-10-14T02:41:05.848+0000] {logging_mixin.py:190} INFO - [2024-10-14T02:41:05.847+0000] {dag.py:4180} INFO - Setting next_dagrun for read_dataset_event to 2024-10-13 00:00:00+00:00, run_after=2024-10-14 00:00:00+00:00
[2024-10-14T02:41:05.852+0000] {logging_mixin.py:190} INFO - [2024-10-14T02:41:05.852+0000] {dag.py:4180} INFO - Setting next_dagrun for read_dataset_event_from_classic to 2024-10-13 00:00:00+00:00, run_after=2024-10-14 00:00:00+00:00
[2024-10-14T02:41:05.869+0000] {processor.py:208} INFO - Processing /home/airflow/.local/lib/python3.12/site-packages/airflow/example_dags/example_inlet_event_extra.py took 0.213 seconds
[2024-10-14T02:41:36.579+0000] {processor.py:186} INFO - Started process (PID=520) to work on /home/airflow/.local/lib/python3.12/site-packages/airflow/example_dags/example_inlet_event_extra.py
[2024-10-14T02:41:36.580+0000] {processor.py:914} INFO - Processing file /home/airflow/.local/lib/python3.12/site-packages/airflow/example_dags/example_inlet_event_extra.py for tasks to queue
[2024-10-14T02:41:36.582+0000] {logging_mixin.py:190} INFO - [2024-10-14T02:41:36.582+0000] {dagbag.py:588} INFO - Filling up the DagBag from /home/airflow/.local/lib/python3.12/site-packages/airflow/example_dags/example_inlet_event_extra.py
[2024-10-14T02:41:38.685+0000] {processor.py:925} INFO - DAG(s) 'read_dataset_event', 'read_dataset_event_from_classic' retrieved from /home/airflow/.local/lib/python3.12/site-packages/airflow/example_dags/example_inlet_event_extra.py
[2024-10-14T02:41:38.707+0000] {logging_mixin.py:190} INFO - [2024-10-14T02:41:38.707+0000] {dag.py:3239} INFO - Sync 2 DAGs
[2024-10-14T02:41:38.732+0000] {logging_mixin.py:190} INFO - [2024-10-14T02:41:38.732+0000] {dag.py:4180} INFO - Setting next_dagrun for read_dataset_event to 2024-10-13 00:00:00+00:00, run_after=2024-10-14 00:00:00+00:00
[2024-10-14T02:41:38.737+0000] {logging_mixin.py:190} INFO - [2024-10-14T02:41:38.736+0000] {dag.py:4180} INFO - Setting next_dagrun for read_dataset_event_from_classic to 2024-10-13 00:00:00+00:00, run_after=2024-10-14 00:00:00+00:00
[2024-10-14T02:41:38.757+0000] {processor.py:208} INFO - Processing /home/airflow/.local/lib/python3.12/site-packages/airflow/example_dags/example_inlet_event_extra.py took 0.195 seconds
[2024-10-14T02:42:12.203+0000] {processor.py:186} INFO - Started process (PID=584) to work on /home/airflow/.local/lib/python3.12/site-packages/airflow/example_dags/example_inlet_event_extra.py
[2024-10-14T02:42:12.205+0000] {processor.py:914} INFO - Processing file /home/airflow/.local/lib/python3.12/site-packages/airflow/example_dags/example_inlet_event_extra.py for tasks to queue
[2024-10-14T02:42:12.211+0000] {logging_mixin.py:190} INFO - [2024-10-14T02:42:12.210+0000] {dagbag.py:588} INFO - Filling up the DagBag from /home/airflow/.local/lib/python3.12/site-packages/airflow/example_dags/example_inlet_event_extra.py
[2024-10-14T02:42:12.352+0000] {processor.py:925} INFO - DAG(s) 'read_dataset_event', 'read_dataset_event_from_classic' retrieved from /home/airflow/.local/lib/python3.12/site-packages/airflow/example_dags/example_inlet_event_extra.py
[2024-10-14T02:42:12.372+0000] {logging_mixin.py:190} INFO - [2024-10-14T02:42:12.371+0000] {dag.py:3239} INFO - Sync 2 DAGs
[2024-10-14T02:42:12.393+0000] {logging_mixin.py:190} INFO - [2024-10-14T02:42:12.393+0000] {dag.py:4180} INFO - Setting next_dagrun for read_dataset_event to 2024-10-13 00:00:00+00:00, run_after=2024-10-14 00:00:00+00:00
[2024-10-14T02:42:12.398+0000] {logging_mixin.py:190} INFO - [2024-10-14T02:42:12.398+0000] {dag.py:4180} INFO - Setting next_dagrun for read_dataset_event_from_classic to 2024-10-13 00:00:00+00:00, run_after=2024-10-14 00:00:00+00:00
[2024-10-14T02:42:12.413+0000] {processor.py:208} INFO - Processing /home/airflow/.local/lib/python3.12/site-packages/airflow/example_dags/example_inlet_event_extra.py took 0.217 seconds
[2024-10-14T02:42:45.492+0000] {processor.py:186} INFO - Started process (PID=648) to work on /home/airflow/.local/lib/python3.12/site-packages/airflow/example_dags/example_inlet_event_extra.py
[2024-10-14T02:42:45.493+0000] {processor.py:914} INFO - Processing file /home/airflow/.local/lib/python3.12/site-packages/airflow/example_dags/example_inlet_event_extra.py for tasks to queue
[2024-10-14T02:42:45.495+0000] {logging_mixin.py:190} INFO - [2024-10-14T02:42:45.495+0000] {dagbag.py:588} INFO - Filling up the DagBag from /home/airflow/.local/lib/python3.12/site-packages/airflow/example_dags/example_inlet_event_extra.py
[2024-10-14T02:42:45.612+0000] {processor.py:925} INFO - DAG(s) 'read_dataset_event', 'read_dataset_event_from_classic' retrieved from /home/airflow/.local/lib/python3.12/site-packages/airflow/example_dags/example_inlet_event_extra.py
[2024-10-14T02:42:45.633+0000] {logging_mixin.py:190} INFO - [2024-10-14T02:42:45.633+0000] {dag.py:3239} INFO - Sync 2 DAGs
[2024-10-14T02:42:45.656+0000] {logging_mixin.py:190} INFO - [2024-10-14T02:42:45.655+0000] {dag.py:4180} INFO - Setting next_dagrun for read_dataset_event to 2024-10-13 00:00:00+00:00, run_after=2024-10-14 00:00:00+00:00
[2024-10-14T02:42:45.660+0000] {logging_mixin.py:190} INFO - [2024-10-14T02:42:45.660+0000] {dag.py:4180} INFO - Setting next_dagrun for read_dataset_event_from_classic to 2024-10-13 00:00:00+00:00, run_after=2024-10-14 00:00:00+00:00
[2024-10-14T02:42:45.676+0000] {processor.py:208} INFO - Processing /home/airflow/.local/lib/python3.12/site-packages/airflow/example_dags/example_inlet_event_extra.py took 0.188 seconds
[2024-10-14T02:43:18.393+0000] {processor.py:186} INFO - Started process (PID=712) to work on /home/airflow/.local/lib/python3.12/site-packages/airflow/example_dags/example_inlet_event_extra.py
[2024-10-14T02:43:18.394+0000] {processor.py:914} INFO - Processing file /home/airflow/.local/lib/python3.12/site-packages/airflow/example_dags/example_inlet_event_extra.py for tasks to queue
[2024-10-14T02:43:18.396+0000] {logging_mixin.py:190} INFO - [2024-10-14T02:43:18.396+0000] {dagbag.py:588} INFO - Filling up the DagBag from /home/airflow/.local/lib/python3.12/site-packages/airflow/example_dags/example_inlet_event_extra.py
[2024-10-14T02:43:18.517+0000] {processor.py:925} INFO - DAG(s) 'read_dataset_event_from_classic', 'read_dataset_event' retrieved from /home/airflow/.local/lib/python3.12/site-packages/airflow/example_dags/example_inlet_event_extra.py
[2024-10-14T02:43:18.540+0000] {logging_mixin.py:190} INFO - [2024-10-14T02:43:18.540+0000] {dag.py:3239} INFO - Sync 2 DAGs
[2024-10-14T02:43:18.561+0000] {logging_mixin.py:190} INFO - [2024-10-14T02:43:18.561+0000] {dag.py:4180} INFO - Setting next_dagrun for read_dataset_event to 2024-10-13 00:00:00+00:00, run_after=2024-10-14 00:00:00+00:00
[2024-10-14T02:43:18.565+0000] {logging_mixin.py:190} INFO - [2024-10-14T02:43:18.565+0000] {dag.py:4180} INFO - Setting next_dagrun for read_dataset_event_from_classic to 2024-10-13 00:00:00+00:00, run_after=2024-10-14 00:00:00+00:00
[2024-10-14T02:43:18.585+0000] {processor.py:208} INFO - Processing /home/airflow/.local/lib/python3.12/site-packages/airflow/example_dags/example_inlet_event_extra.py took 0.197 seconds
[2024-10-14T02:43:48.956+0000] {processor.py:186} INFO - Started process (PID=776) to work on /home/airflow/.local/lib/python3.12/site-packages/airflow/example_dags/example_inlet_event_extra.py
[2024-10-14T02:43:48.956+0000] {processor.py:914} INFO - Processing file /home/airflow/.local/lib/python3.12/site-packages/airflow/example_dags/example_inlet_event_extra.py for tasks to queue
[2024-10-14T02:43:48.959+0000] {logging_mixin.py:190} INFO - [2024-10-14T02:43:48.958+0000] {dagbag.py:588} INFO - Filling up the DagBag from /home/airflow/.local/lib/python3.12/site-packages/airflow/example_dags/example_inlet_event_extra.py
[2024-10-14T02:43:51.086+0000] {processor.py:925} INFO - DAG(s) 'read_dataset_event', 'read_dataset_event_from_classic' retrieved from /home/airflow/.local/lib/python3.12/site-packages/airflow/example_dags/example_inlet_event_extra.py
[2024-10-14T02:43:51.107+0000] {logging_mixin.py:190} INFO - [2024-10-14T02:43:51.107+0000] {dag.py:3239} INFO - Sync 2 DAGs
[2024-10-14T02:43:51.128+0000] {logging_mixin.py:190} INFO - [2024-10-14T02:43:51.128+0000] {dag.py:4180} INFO - Setting next_dagrun for read_dataset_event to 2024-10-13 00:00:00+00:00, run_after=2024-10-14 00:00:00+00:00
[2024-10-14T02:43:51.133+0000] {logging_mixin.py:190} INFO - [2024-10-14T02:43:51.133+0000] {dag.py:4180} INFO - Setting next_dagrun for read_dataset_event_from_classic to 2024-10-13 00:00:00+00:00, run_after=2024-10-14 00:00:00+00:00
[2024-10-14T02:43:51.153+0000] {processor.py:208} INFO - Processing /home/airflow/.local/lib/python3.12/site-packages/airflow/example_dags/example_inlet_event_extra.py took 0.206 seconds
[2024-10-14T02:44:25.597+0000] {processor.py:186} INFO - Started process (PID=846) to work on /home/airflow/.local/lib/python3.12/site-packages/airflow/example_dags/example_inlet_event_extra.py
[2024-10-14T02:44:25.599+0000] {processor.py:914} INFO - Processing file /home/airflow/.local/lib/python3.12/site-packages/airflow/example_dags/example_inlet_event_extra.py for tasks to queue
[2024-10-14T02:44:25.601+0000] {logging_mixin.py:190} INFO - [2024-10-14T02:44:25.601+0000] {dagbag.py:588} INFO - Filling up the DagBag from /home/airflow/.local/lib/python3.12/site-packages/airflow/example_dags/example_inlet_event_extra.py
[2024-10-14T02:44:25.744+0000] {processor.py:925} INFO - DAG(s) 'read_dataset_event_from_classic', 'read_dataset_event' retrieved from /home/airflow/.local/lib/python3.12/site-packages/airflow/example_dags/example_inlet_event_extra.py
[2024-10-14T02:44:25.773+0000] {logging_mixin.py:190} INFO - [2024-10-14T02:44:25.772+0000] {dag.py:3239} INFO - Sync 2 DAGs
[2024-10-14T02:44:25.798+0000] {logging_mixin.py:190} INFO - [2024-10-14T02:44:25.798+0000] {dag.py:4180} INFO - Setting next_dagrun for read_dataset_event to 2024-10-13 00:00:00+00:00, run_after=2024-10-14 00:00:00+00:00
[2024-10-14T02:44:25.803+0000] {logging_mixin.py:190} INFO - [2024-10-14T02:44:25.803+0000] {dag.py:4180} INFO - Setting next_dagrun for read_dataset_event_from_classic to 2024-10-13 00:00:00+00:00, run_after=2024-10-14 00:00:00+00:00
[2024-10-14T02:44:25.826+0000] {processor.py:208} INFO - Processing /home/airflow/.local/lib/python3.12/site-packages/airflow/example_dags/example_inlet_event_extra.py took 0.234 seconds
[2024-10-14T02:44:58.243+0000] {processor.py:186} INFO - Started process (PID=910) to work on /home/airflow/.local/lib/python3.12/site-packages/airflow/example_dags/example_inlet_event_extra.py
[2024-10-14T02:44:58.244+0000] {processor.py:914} INFO - Processing file /home/airflow/.local/lib/python3.12/site-packages/airflow/example_dags/example_inlet_event_extra.py for tasks to queue
[2024-10-14T02:44:58.246+0000] {logging_mixin.py:190} INFO - [2024-10-14T02:44:58.246+0000] {dagbag.py:588} INFO - Filling up the DagBag from /home/airflow/.local/lib/python3.12/site-packages/airflow/example_dags/example_inlet_event_extra.py
[2024-10-14T02:44:58.371+0000] {processor.py:925} INFO - DAG(s) 'read_dataset_event', 'read_dataset_event_from_classic' retrieved from /home/airflow/.local/lib/python3.12/site-packages/airflow/example_dags/example_inlet_event_extra.py
[2024-10-14T02:44:58.399+0000] {logging_mixin.py:190} INFO - [2024-10-14T02:44:58.399+0000] {dag.py:3239} INFO - Sync 2 DAGs
[2024-10-14T02:44:58.425+0000] {logging_mixin.py:190} INFO - [2024-10-14T02:44:58.425+0000] {dag.py:4180} INFO - Setting next_dagrun for read_dataset_event to 2024-10-13 00:00:00+00:00, run_after=2024-10-14 00:00:00+00:00
[2024-10-14T02:44:58.430+0000] {logging_mixin.py:190} INFO - [2024-10-14T02:44:58.430+0000] {dag.py:4180} INFO - Setting next_dagrun for read_dataset_event_from_classic to 2024-10-13 00:00:00+00:00, run_after=2024-10-14 00:00:00+00:00
[2024-10-14T02:44:58.449+0000] {processor.py:208} INFO - Processing /home/airflow/.local/lib/python3.12/site-packages/airflow/example_dags/example_inlet_event_extra.py took 0.212 seconds
[2024-10-14T02:45:31.383+0000] {processor.py:186} INFO - Started process (PID=977) to work on /home/airflow/.local/lib/python3.12/site-packages/airflow/example_dags/example_inlet_event_extra.py
[2024-10-14T02:45:31.384+0000] {processor.py:914} INFO - Processing file /home/airflow/.local/lib/python3.12/site-packages/airflow/example_dags/example_inlet_event_extra.py for tasks to queue
[2024-10-14T02:45:31.387+0000] {logging_mixin.py:190} INFO - [2024-10-14T02:45:31.387+0000] {dagbag.py:588} INFO - Filling up the DagBag from /home/airflow/.local/lib/python3.12/site-packages/airflow/example_dags/example_inlet_event_extra.py
[2024-10-14T02:45:31.521+0000] {processor.py:925} INFO - DAG(s) 'read_dataset_event_from_classic', 'read_dataset_event' retrieved from /home/airflow/.local/lib/python3.12/site-packages/airflow/example_dags/example_inlet_event_extra.py
[2024-10-14T02:45:31.544+0000] {logging_mixin.py:190} INFO - [2024-10-14T02:45:31.543+0000] {dag.py:3239} INFO - Sync 2 DAGs
[2024-10-14T02:45:31.573+0000] {logging_mixin.py:190} INFO - [2024-10-14T02:45:31.573+0000] {dag.py:4180} INFO - Setting next_dagrun for read_dataset_event to 2024-10-13 00:00:00+00:00, run_after=2024-10-14 00:00:00+00:00
[2024-10-14T02:45:31.578+0000] {logging_mixin.py:190} INFO - [2024-10-14T02:45:31.577+0000] {dag.py:4180} INFO - Setting next_dagrun for read_dataset_event_from_classic to 2024-10-13 00:00:00+00:00, run_after=2024-10-14 00:00:00+00:00
[2024-10-14T02:45:31.597+0000] {processor.py:208} INFO - Processing /home/airflow/.local/lib/python3.12/site-packages/airflow/example_dags/example_inlet_event_extra.py took 0.220 seconds
[2024-10-14T02:46:04.810+0000] {processor.py:186} INFO - Started process (PID=1041) to work on /home/airflow/.local/lib/python3.12/site-packages/airflow/example_dags/example_inlet_event_extra.py
[2024-10-14T02:46:04.812+0000] {processor.py:914} INFO - Processing file /home/airflow/.local/lib/python3.12/site-packages/airflow/example_dags/example_inlet_event_extra.py for tasks to queue
[2024-10-14T02:46:04.816+0000] {logging_mixin.py:190} INFO - [2024-10-14T02:46:04.816+0000] {dagbag.py:588} INFO - Filling up the DagBag from /home/airflow/.local/lib/python3.12/site-packages/airflow/example_dags/example_inlet_event_extra.py
[2024-10-14T02:46:04.972+0000] {processor.py:925} INFO - DAG(s) 'read_dataset_event_from_classic', 'read_dataset_event' retrieved from /home/airflow/.local/lib/python3.12/site-packages/airflow/example_dags/example_inlet_event_extra.py
[2024-10-14T02:46:05.004+0000] {logging_mixin.py:190} INFO - [2024-10-14T02:46:05.004+0000] {dag.py:3239} INFO - Sync 2 DAGs
[2024-10-14T02:46:05.038+0000] {logging_mixin.py:190} INFO - [2024-10-14T02:46:05.038+0000] {dag.py:4180} INFO - Setting next_dagrun for read_dataset_event to 2024-10-13 00:00:00+00:00, run_after=2024-10-14 00:00:00+00:00
[2024-10-14T02:46:05.044+0000] {logging_mixin.py:190} INFO - [2024-10-14T02:46:05.044+0000] {dag.py:4180} INFO - Setting next_dagrun for read_dataset_event_from_classic to 2024-10-13 00:00:00+00:00, run_after=2024-10-14 00:00:00+00:00
[2024-10-14T02:46:05.063+0000] {processor.py:208} INFO - Processing /home/airflow/.local/lib/python3.12/site-packages/airflow/example_dags/example_inlet_event_extra.py took 0.261 seconds
[2024-10-14T02:46:37.728+0000] {processor.py:186} INFO - Started process (PID=1105) to work on /home/airflow/.local/lib/python3.12/site-packages/airflow/example_dags/example_inlet_event_extra.py
[2024-10-14T02:46:37.729+0000] {processor.py:914} INFO - Processing file /home/airflow/.local/lib/python3.12/site-packages/airflow/example_dags/example_inlet_event_extra.py for tasks to queue
[2024-10-14T02:46:37.731+0000] {logging_mixin.py:190} INFO - [2024-10-14T02:46:37.731+0000] {dagbag.py:588} INFO - Filling up the DagBag from /home/airflow/.local/lib/python3.12/site-packages/airflow/example_dags/example_inlet_event_extra.py
[2024-10-14T02:46:37.850+0000] {processor.py:925} INFO - DAG(s) 'read_dataset_event', 'read_dataset_event_from_classic' retrieved from /home/airflow/.local/lib/python3.12/site-packages/airflow/example_dags/example_inlet_event_extra.py
[2024-10-14T02:46:37.872+0000] {logging_mixin.py:190} INFO - [2024-10-14T02:46:37.872+0000] {dag.py:3239} INFO - Sync 2 DAGs
[2024-10-14T02:46:37.894+0000] {logging_mixin.py:190} INFO - [2024-10-14T02:46:37.894+0000] {dag.py:4180} INFO - Setting next_dagrun for read_dataset_event to 2024-10-13 00:00:00+00:00, run_after=2024-10-14 00:00:00+00:00
[2024-10-14T02:46:37.899+0000] {logging_mixin.py:190} INFO - [2024-10-14T02:46:37.899+0000] {dag.py:4180} INFO - Setting next_dagrun for read_dataset_event_from_classic to 2024-10-13 00:00:00+00:00, run_after=2024-10-14 00:00:00+00:00
[2024-10-14T02:46:37.918+0000] {processor.py:208} INFO - Processing /home/airflow/.local/lib/python3.12/site-packages/airflow/example_dags/example_inlet_event_extra.py took 0.195 seconds
[2024-10-14T02:47:10.877+0000] {processor.py:186} INFO - Started process (PID=1169) to work on /home/airflow/.local/lib/python3.12/site-packages/airflow/example_dags/example_inlet_event_extra.py
[2024-10-14T02:47:10.878+0000] {processor.py:914} INFO - Processing file /home/airflow/.local/lib/python3.12/site-packages/airflow/example_dags/example_inlet_event_extra.py for tasks to queue
[2024-10-14T02:47:10.881+0000] {logging_mixin.py:190} INFO - [2024-10-14T02:47:10.881+0000] {dagbag.py:588} INFO - Filling up the DagBag from /home/airflow/.local/lib/python3.12/site-packages/airflow/example_dags/example_inlet_event_extra.py
[2024-10-14T02:47:11.017+0000] {processor.py:925} INFO - DAG(s) 'read_dataset_event', 'read_dataset_event_from_classic' retrieved from /home/airflow/.local/lib/python3.12/site-packages/airflow/example_dags/example_inlet_event_extra.py
[2024-10-14T02:47:11.039+0000] {logging_mixin.py:190} INFO - [2024-10-14T02:47:11.038+0000] {dag.py:3239} INFO - Sync 2 DAGs
[2024-10-14T02:47:11.062+0000] {logging_mixin.py:190} INFO - [2024-10-14T02:47:11.062+0000] {dag.py:4180} INFO - Setting next_dagrun for read_dataset_event to 2024-10-13 00:00:00+00:00, run_after=2024-10-14 00:00:00+00:00
[2024-10-14T02:47:11.067+0000] {logging_mixin.py:190} INFO - [2024-10-14T02:47:11.066+0000] {dag.py:4180} INFO - Setting next_dagrun for read_dataset_event_from_classic to 2024-10-13 00:00:00+00:00, run_after=2024-10-14 00:00:00+00:00
[2024-10-14T02:47:11.086+0000] {processor.py:208} INFO - Processing /home/airflow/.local/lib/python3.12/site-packages/airflow/example_dags/example_inlet_event_extra.py took 0.214 seconds
[2024-10-14T02:47:43.333+0000] {processor.py:186} INFO - Started process (PID=1233) to work on /home/airflow/.local/lib/python3.12/site-packages/airflow/example_dags/example_inlet_event_extra.py
[2024-10-14T02:47:43.334+0000] {processor.py:914} INFO - Processing file /home/airflow/.local/lib/python3.12/site-packages/airflow/example_dags/example_inlet_event_extra.py for tasks to queue
[2024-10-14T02:47:43.336+0000] {logging_mixin.py:190} INFO - [2024-10-14T02:47:43.336+0000] {dagbag.py:588} INFO - Filling up the DagBag from /home/airflow/.local/lib/python3.12/site-packages/airflow/example_dags/example_inlet_event_extra.py
[2024-10-14T02:47:43.469+0000] {processor.py:925} INFO - DAG(s) 'read_dataset_event_from_classic', 'read_dataset_event' retrieved from /home/airflow/.local/lib/python3.12/site-packages/airflow/example_dags/example_inlet_event_extra.py
[2024-10-14T02:47:43.491+0000] {logging_mixin.py:190} INFO - [2024-10-14T02:47:43.491+0000] {dag.py:3239} INFO - Sync 2 DAGs
[2024-10-14T02:47:43.514+0000] {logging_mixin.py:190} INFO - [2024-10-14T02:47:43.514+0000] {dag.py:4180} INFO - Setting next_dagrun for read_dataset_event to 2024-10-13 00:00:00+00:00, run_after=2024-10-14 00:00:00+00:00
[2024-10-14T02:47:43.519+0000] {logging_mixin.py:190} INFO - [2024-10-14T02:47:43.518+0000] {dag.py:4180} INFO - Setting next_dagrun for read_dataset_event_from_classic to 2024-10-13 00:00:00+00:00, run_after=2024-10-14 00:00:00+00:00
[2024-10-14T02:47:43.537+0000] {processor.py:208} INFO - Processing /home/airflow/.local/lib/python3.12/site-packages/airflow/example_dags/example_inlet_event_extra.py took 0.210 seconds
