[2024-10-14T02:26:48.745+0000] {processor.py:186} INFO - Started process (PID=69) to work on /home/airflow/.local/lib/python3.12/site-packages/airflow/example_dags/example_dag_decorator.py
[2024-10-14T02:26:48.752+0000] {processor.py:914} INFO - Processing file /home/airflow/.local/lib/python3.12/site-packages/airflow/example_dags/example_dag_decorator.py for tasks to queue
[2024-10-14T02:26:48.763+0000] {logging_mixin.py:190} INFO - [2024-10-14T02:26:48.762+0000] {dagbag.py:588} INFO - Filling up the DagBag from /home/airflow/.local/lib/python3.12/site-packages/airflow/example_dags/example_dag_decorator.py
[2024-10-14T02:26:48.820+0000] {processor.py:925} INFO - DAG(s) 'example_dag_decorator' retrieved from /home/airflow/.local/lib/python3.12/site-packages/airflow/example_dags/example_dag_decorator.py
[2024-10-14T02:26:49.013+0000] {logging_mixin.py:190} INFO - [2024-10-14T02:26:49.012+0000] {override.py:1900} INFO - Created Permission View: can delete on DAG:example_dag_decorator
[2024-10-14T02:26:49.036+0000] {logging_mixin.py:190} INFO - [2024-10-14T02:26:49.035+0000] {override.py:1900} INFO - Created Permission View: can edit on DAG:example_dag_decorator
[2024-10-14T02:26:49.045+0000] {logging_mixin.py:190} INFO - [2024-10-14T02:26:49.044+0000] {override.py:1900} INFO - Created Permission View: can read on DAG:example_dag_decorator
[2024-10-14T02:26:49.075+0000] {logging_mixin.py:190} INFO - [2024-10-14T02:26:49.075+0000] {override.py:1900} INFO - Created Permission View: can delete on DAG Run:example_dag_decorator
[2024-10-14T02:26:49.091+0000] {logging_mixin.py:190} INFO - [2024-10-14T02:26:49.090+0000] {override.py:1900} INFO - Created Permission View: can create on DAG Run:example_dag_decorator
[2024-10-14T02:26:49.109+0000] {logging_mixin.py:190} INFO - [2024-10-14T02:26:49.108+0000] {override.py:1900} INFO - Created Permission View: menu access on DAG Run:example_dag_decorator
[2024-10-14T02:26:49.120+0000] {logging_mixin.py:190} INFO - [2024-10-14T02:26:49.119+0000] {override.py:1900} INFO - Created Permission View: can read on DAG Run:example_dag_decorator
[2024-10-14T02:26:49.121+0000] {logging_mixin.py:190} INFO - [2024-10-14T02:26:49.121+0000] {dag.py:3239} INFO - Sync 1 DAGs
[2024-10-14T02:26:49.152+0000] {logging_mixin.py:190} INFO - [2024-10-14T02:26:49.152+0000] {dag.py:3262} INFO - Creating ORM DAG for example_dag_decorator
[2024-10-14T02:26:49.157+0000] {logging_mixin.py:190} INFO - [2024-10-14T02:26:49.156+0000] {dag.py:4180} INFO - Setting next_dagrun for example_dag_decorator to None, run_after=None
[2024-10-14T02:26:49.183+0000] {processor.py:208} INFO - Processing /home/airflow/.local/lib/python3.12/site-packages/airflow/example_dags/example_dag_decorator.py took 0.456 seconds
[2024-10-14T02:27:19.994+0000] {processor.py:186} INFO - Started process (PID=132) to work on /home/airflow/.local/lib/python3.12/site-packages/airflow/example_dags/example_dag_decorator.py
[2024-10-14T02:27:19.995+0000] {processor.py:914} INFO - Processing file /home/airflow/.local/lib/python3.12/site-packages/airflow/example_dags/example_dag_decorator.py for tasks to queue
[2024-10-14T02:27:19.998+0000] {logging_mixin.py:190} INFO - [2024-10-14T02:27:19.997+0000] {dagbag.py:588} INFO - Filling up the DagBag from /home/airflow/.local/lib/python3.12/site-packages/airflow/example_dags/example_dag_decorator.py
[2024-10-14T02:27:20.013+0000] {processor.py:925} INFO - DAG(s) 'example_dag_decorator' retrieved from /home/airflow/.local/lib/python3.12/site-packages/airflow/example_dags/example_dag_decorator.py
[2024-10-14T02:27:20.142+0000] {logging_mixin.py:190} INFO - [2024-10-14T02:27:20.142+0000] {dag.py:3239} INFO - Sync 1 DAGs
[2024-10-14T02:27:20.154+0000] {logging_mixin.py:190} INFO - [2024-10-14T02:27:20.154+0000] {dag.py:4180} INFO - Setting next_dagrun for example_dag_decorator to None, run_after=None
[2024-10-14T02:27:20.173+0000] {processor.py:208} INFO - Processing /home/airflow/.local/lib/python3.12/site-packages/airflow/example_dags/example_dag_decorator.py took 0.187 seconds
[2024-10-14T02:27:53.448+0000] {processor.py:186} INFO - Started process (PID=194) to work on /home/airflow/.local/lib/python3.12/site-packages/airflow/example_dags/example_dag_decorator.py
[2024-10-14T02:27:53.449+0000] {processor.py:914} INFO - Processing file /home/airflow/.local/lib/python3.12/site-packages/airflow/example_dags/example_dag_decorator.py for tasks to queue
[2024-10-14T02:27:53.451+0000] {logging_mixin.py:190} INFO - [2024-10-14T02:27:53.451+0000] {dagbag.py:588} INFO - Filling up the DagBag from /home/airflow/.local/lib/python3.12/site-packages/airflow/example_dags/example_dag_decorator.py
[2024-10-14T02:27:53.461+0000] {processor.py:925} INFO - DAG(s) 'example_dag_decorator' retrieved from /home/airflow/.local/lib/python3.12/site-packages/airflow/example_dags/example_dag_decorator.py
[2024-10-14T02:27:53.558+0000] {logging_mixin.py:190} INFO - [2024-10-14T02:27:53.558+0000] {dag.py:3239} INFO - Sync 1 DAGs
[2024-10-14T02:27:53.567+0000] {logging_mixin.py:190} INFO - [2024-10-14T02:27:53.567+0000] {dag.py:4180} INFO - Setting next_dagrun for example_dag_decorator to None, run_after=None
[2024-10-14T02:27:54.140+0000] {processor.py:208} INFO - Processing /home/airflow/.local/lib/python3.12/site-packages/airflow/example_dags/example_dag_decorator.py took 0.697 seconds
[2024-10-14T02:28:26.185+0000] {processor.py:186} INFO - Started process (PID=257) to work on /home/airflow/.local/lib/python3.12/site-packages/airflow/example_dags/example_dag_decorator.py
[2024-10-14T02:28:26.186+0000] {processor.py:914} INFO - Processing file /home/airflow/.local/lib/python3.12/site-packages/airflow/example_dags/example_dag_decorator.py for tasks to queue
[2024-10-14T02:28:26.191+0000] {logging_mixin.py:190} INFO - [2024-10-14T02:28:26.190+0000] {dagbag.py:588} INFO - Filling up the DagBag from /home/airflow/.local/lib/python3.12/site-packages/airflow/example_dags/example_dag_decorator.py
[2024-10-14T02:28:26.201+0000] {processor.py:925} INFO - DAG(s) 'example_dag_decorator' retrieved from /home/airflow/.local/lib/python3.12/site-packages/airflow/example_dags/example_dag_decorator.py
[2024-10-14T02:28:26.320+0000] {logging_mixin.py:190} INFO - [2024-10-14T02:28:26.320+0000] {dag.py:3239} INFO - Sync 1 DAGs
[2024-10-14T02:28:26.331+0000] {logging_mixin.py:190} INFO - [2024-10-14T02:28:26.331+0000] {dag.py:4180} INFO - Setting next_dagrun for example_dag_decorator to None, run_after=None
[2024-10-14T02:28:26.351+0000] {processor.py:208} INFO - Processing /home/airflow/.local/lib/python3.12/site-packages/airflow/example_dags/example_dag_decorator.py took 0.171 seconds
[2024-10-14T02:28:59.831+0000] {processor.py:186} INFO - Started process (PID=320) to work on /home/airflow/.local/lib/python3.12/site-packages/airflow/example_dags/example_dag_decorator.py
[2024-10-14T02:28:59.832+0000] {processor.py:914} INFO - Processing file /home/airflow/.local/lib/python3.12/site-packages/airflow/example_dags/example_dag_decorator.py for tasks to queue
[2024-10-14T02:28:59.835+0000] {logging_mixin.py:190} INFO - [2024-10-14T02:28:59.835+0000] {dagbag.py:588} INFO - Filling up the DagBag from /home/airflow/.local/lib/python3.12/site-packages/airflow/example_dags/example_dag_decorator.py
[2024-10-14T02:28:59.849+0000] {processor.py:925} INFO - DAG(s) 'example_dag_decorator' retrieved from /home/airflow/.local/lib/python3.12/site-packages/airflow/example_dags/example_dag_decorator.py
[2024-10-14T02:29:00.049+0000] {logging_mixin.py:190} INFO - [2024-10-14T02:29:00.049+0000] {dag.py:3239} INFO - Sync 1 DAGs
[2024-10-14T02:29:00.068+0000] {logging_mixin.py:190} INFO - [2024-10-14T02:29:00.067+0000] {dag.py:4180} INFO - Setting next_dagrun for example_dag_decorator to None, run_after=None
[2024-10-14T02:29:00.098+0000] {processor.py:208} INFO - Processing /home/airflow/.local/lib/python3.12/site-packages/airflow/example_dags/example_dag_decorator.py took 0.272 seconds
[2024-10-14T02:29:32.566+0000] {processor.py:186} INFO - Started process (PID=383) to work on /home/airflow/.local/lib/python3.12/site-packages/airflow/example_dags/example_dag_decorator.py
[2024-10-14T02:29:32.566+0000] {processor.py:914} INFO - Processing file /home/airflow/.local/lib/python3.12/site-packages/airflow/example_dags/example_dag_decorator.py for tasks to queue
[2024-10-14T02:29:32.569+0000] {logging_mixin.py:190} INFO - [2024-10-14T02:29:32.568+0000] {dagbag.py:588} INFO - Filling up the DagBag from /home/airflow/.local/lib/python3.12/site-packages/airflow/example_dags/example_dag_decorator.py
[2024-10-14T02:29:32.578+0000] {processor.py:925} INFO - DAG(s) 'example_dag_decorator' retrieved from /home/airflow/.local/lib/python3.12/site-packages/airflow/example_dags/example_dag_decorator.py
[2024-10-14T02:29:32.681+0000] {logging_mixin.py:190} INFO - [2024-10-14T02:29:32.680+0000] {dag.py:3239} INFO - Sync 1 DAGs
[2024-10-14T02:29:32.692+0000] {logging_mixin.py:190} INFO - [2024-10-14T02:29:32.691+0000] {dag.py:4180} INFO - Setting next_dagrun for example_dag_decorator to None, run_after=None
[2024-10-14T02:29:32.714+0000] {processor.py:208} INFO - Processing /home/airflow/.local/lib/python3.12/site-packages/airflow/example_dags/example_dag_decorator.py took 0.153 seconds
[2024-10-14T02:30:05.322+0000] {processor.py:186} INFO - Started process (PID=446) to work on /home/airflow/.local/lib/python3.12/site-packages/airflow/example_dags/example_dag_decorator.py
[2024-10-14T02:30:05.324+0000] {processor.py:914} INFO - Processing file /home/airflow/.local/lib/python3.12/site-packages/airflow/example_dags/example_dag_decorator.py for tasks to queue
[2024-10-14T02:30:05.326+0000] {logging_mixin.py:190} INFO - [2024-10-14T02:30:05.326+0000] {dagbag.py:588} INFO - Filling up the DagBag from /home/airflow/.local/lib/python3.12/site-packages/airflow/example_dags/example_dag_decorator.py
[2024-10-14T02:30:05.340+0000] {processor.py:925} INFO - DAG(s) 'example_dag_decorator' retrieved from /home/airflow/.local/lib/python3.12/site-packages/airflow/example_dags/example_dag_decorator.py
[2024-10-14T02:30:05.467+0000] {logging_mixin.py:190} INFO - [2024-10-14T02:30:05.467+0000] {dag.py:3239} INFO - Sync 1 DAGs
[2024-10-14T02:30:05.480+0000] {logging_mixin.py:190} INFO - [2024-10-14T02:30:05.480+0000] {dag.py:4180} INFO - Setting next_dagrun for example_dag_decorator to None, run_after=None
[2024-10-14T02:30:05.499+0000] {processor.py:208} INFO - Processing /home/airflow/.local/lib/python3.12/site-packages/airflow/example_dags/example_dag_decorator.py took 0.184 seconds
[2024-10-14T02:30:38.306+0000] {processor.py:186} INFO - Started process (PID=509) to work on /home/airflow/.local/lib/python3.12/site-packages/airflow/example_dags/example_dag_decorator.py
[2024-10-14T02:30:38.307+0000] {processor.py:914} INFO - Processing file /home/airflow/.local/lib/python3.12/site-packages/airflow/example_dags/example_dag_decorator.py for tasks to queue
[2024-10-14T02:30:38.310+0000] {logging_mixin.py:190} INFO - [2024-10-14T02:30:38.309+0000] {dagbag.py:588} INFO - Filling up the DagBag from /home/airflow/.local/lib/python3.12/site-packages/airflow/example_dags/example_dag_decorator.py
[2024-10-14T02:30:38.322+0000] {processor.py:925} INFO - DAG(s) 'example_dag_decorator' retrieved from /home/airflow/.local/lib/python3.12/site-packages/airflow/example_dags/example_dag_decorator.py
[2024-10-14T02:30:38.446+0000] {logging_mixin.py:190} INFO - [2024-10-14T02:30:38.446+0000] {dag.py:3239} INFO - Sync 1 DAGs
[2024-10-14T02:30:38.459+0000] {logging_mixin.py:190} INFO - [2024-10-14T02:30:38.458+0000] {dag.py:4180} INFO - Setting next_dagrun for example_dag_decorator to None, run_after=None
[2024-10-14T02:30:38.482+0000] {processor.py:208} INFO - Processing /home/airflow/.local/lib/python3.12/site-packages/airflow/example_dags/example_dag_decorator.py took 0.184 seconds
[2024-10-14T02:31:11.467+0000] {processor.py:186} INFO - Started process (PID=573) to work on /home/airflow/.local/lib/python3.12/site-packages/airflow/example_dags/example_dag_decorator.py
[2024-10-14T02:31:11.468+0000] {processor.py:914} INFO - Processing file /home/airflow/.local/lib/python3.12/site-packages/airflow/example_dags/example_dag_decorator.py for tasks to queue
[2024-10-14T02:31:11.470+0000] {logging_mixin.py:190} INFO - [2024-10-14T02:31:11.470+0000] {dagbag.py:588} INFO - Filling up the DagBag from /home/airflow/.local/lib/python3.12/site-packages/airflow/example_dags/example_dag_decorator.py
[2024-10-14T02:31:11.483+0000] {processor.py:925} INFO - DAG(s) 'example_dag_decorator' retrieved from /home/airflow/.local/lib/python3.12/site-packages/airflow/example_dags/example_dag_decorator.py
[2024-10-14T02:31:11.589+0000] {logging_mixin.py:190} INFO - [2024-10-14T02:31:11.589+0000] {dag.py:3239} INFO - Sync 1 DAGs
[2024-10-14T02:31:11.600+0000] {logging_mixin.py:190} INFO - [2024-10-14T02:31:11.599+0000] {dag.py:4180} INFO - Setting next_dagrun for example_dag_decorator to None, run_after=None
[2024-10-14T02:31:11.618+0000] {processor.py:208} INFO - Processing /home/airflow/.local/lib/python3.12/site-packages/airflow/example_dags/example_dag_decorator.py took 0.156 seconds
[2024-10-14T02:31:44.636+0000] {processor.py:186} INFO - Started process (PID=636) to work on /home/airflow/.local/lib/python3.12/site-packages/airflow/example_dags/example_dag_decorator.py
[2024-10-14T02:31:44.637+0000] {processor.py:914} INFO - Processing file /home/airflow/.local/lib/python3.12/site-packages/airflow/example_dags/example_dag_decorator.py for tasks to queue
[2024-10-14T02:31:44.640+0000] {logging_mixin.py:190} INFO - [2024-10-14T02:31:44.640+0000] {dagbag.py:588} INFO - Filling up the DagBag from /home/airflow/.local/lib/python3.12/site-packages/airflow/example_dags/example_dag_decorator.py
[2024-10-14T02:31:44.652+0000] {processor.py:925} INFO - DAG(s) 'example_dag_decorator' retrieved from /home/airflow/.local/lib/python3.12/site-packages/airflow/example_dags/example_dag_decorator.py
[2024-10-14T02:31:44.763+0000] {logging_mixin.py:190} INFO - [2024-10-14T02:31:44.763+0000] {dag.py:3239} INFO - Sync 1 DAGs
[2024-10-14T02:31:44.779+0000] {logging_mixin.py:190} INFO - [2024-10-14T02:31:44.778+0000] {dag.py:4180} INFO - Setting next_dagrun for example_dag_decorator to None, run_after=None
[2024-10-14T02:31:44.802+0000] {processor.py:208} INFO - Processing /home/airflow/.local/lib/python3.12/site-packages/airflow/example_dags/example_dag_decorator.py took 0.172 seconds
[2024-10-14T02:32:17.002+0000] {processor.py:186} INFO - Started process (PID=699) to work on /home/airflow/.local/lib/python3.12/site-packages/airflow/example_dags/example_dag_decorator.py
[2024-10-14T02:32:17.003+0000] {processor.py:914} INFO - Processing file /home/airflow/.local/lib/python3.12/site-packages/airflow/example_dags/example_dag_decorator.py for tasks to queue
[2024-10-14T02:32:17.006+0000] {logging_mixin.py:190} INFO - [2024-10-14T02:32:17.005+0000] {dagbag.py:588} INFO - Filling up the DagBag from /home/airflow/.local/lib/python3.12/site-packages/airflow/example_dags/example_dag_decorator.py
[2024-10-14T02:32:17.016+0000] {processor.py:925} INFO - DAG(s) 'example_dag_decorator' retrieved from /home/airflow/.local/lib/python3.12/site-packages/airflow/example_dags/example_dag_decorator.py
[2024-10-14T02:32:17.124+0000] {logging_mixin.py:190} INFO - [2024-10-14T02:32:17.123+0000] {dag.py:3239} INFO - Sync 1 DAGs
[2024-10-14T02:32:17.139+0000] {logging_mixin.py:190} INFO - [2024-10-14T02:32:17.139+0000] {dag.py:4180} INFO - Setting next_dagrun for example_dag_decorator to None, run_after=None
[2024-10-14T02:32:17.160+0000] {processor.py:208} INFO - Processing /home/airflow/.local/lib/python3.12/site-packages/airflow/example_dags/example_dag_decorator.py took 0.164 seconds
[2024-10-14T02:32:50.478+0000] {processor.py:186} INFO - Started process (PID=762) to work on /home/airflow/.local/lib/python3.12/site-packages/airflow/example_dags/example_dag_decorator.py
[2024-10-14T02:32:50.479+0000] {processor.py:914} INFO - Processing file /home/airflow/.local/lib/python3.12/site-packages/airflow/example_dags/example_dag_decorator.py for tasks to queue
[2024-10-14T02:32:50.483+0000] {logging_mixin.py:190} INFO - [2024-10-14T02:32:50.482+0000] {dagbag.py:588} INFO - Filling up the DagBag from /home/airflow/.local/lib/python3.12/site-packages/airflow/example_dags/example_dag_decorator.py
[2024-10-14T02:32:50.504+0000] {processor.py:925} INFO - DAG(s) 'example_dag_decorator' retrieved from /home/airflow/.local/lib/python3.12/site-packages/airflow/example_dags/example_dag_decorator.py
[2024-10-14T02:32:50.533+0000] {logging_mixin.py:190} INFO - [2024-10-14T02:32:50.532+0000] {dag.py:3239} INFO - Sync 1 DAGs
[2024-10-14T02:32:50.552+0000] {logging_mixin.py:190} INFO - [2024-10-14T02:32:50.551+0000] {dag.py:4180} INFO - Setting next_dagrun for example_dag_decorator to None, run_after=None
[2024-10-14T02:32:50.576+0000] {processor.py:208} INFO - Processing /home/airflow/.local/lib/python3.12/site-packages/airflow/example_dags/example_dag_decorator.py took 0.107 seconds
[2024-10-14T02:33:23.077+0000] {processor.py:186} INFO - Started process (PID=825) to work on /home/airflow/.local/lib/python3.12/site-packages/airflow/example_dags/example_dag_decorator.py
[2024-10-14T02:33:23.078+0000] {processor.py:914} INFO - Processing file /home/airflow/.local/lib/python3.12/site-packages/airflow/example_dags/example_dag_decorator.py for tasks to queue
[2024-10-14T02:33:23.080+0000] {logging_mixin.py:190} INFO - [2024-10-14T02:33:23.080+0000] {dagbag.py:588} INFO - Filling up the DagBag from /home/airflow/.local/lib/python3.12/site-packages/airflow/example_dags/example_dag_decorator.py
[2024-10-14T02:33:23.095+0000] {processor.py:925} INFO - DAG(s) 'example_dag_decorator' retrieved from /home/airflow/.local/lib/python3.12/site-packages/airflow/example_dags/example_dag_decorator.py
[2024-10-14T02:33:23.215+0000] {logging_mixin.py:190} INFO - [2024-10-14T02:33:23.215+0000] {dag.py:3239} INFO - Sync 1 DAGs
[2024-10-14T02:33:23.228+0000] {logging_mixin.py:190} INFO - [2024-10-14T02:33:23.227+0000] {dag.py:4180} INFO - Setting next_dagrun for example_dag_decorator to None, run_after=None
[2024-10-14T02:33:23.250+0000] {processor.py:208} INFO - Processing /home/airflow/.local/lib/python3.12/site-packages/airflow/example_dags/example_dag_decorator.py took 0.179 seconds
[2024-10-14T02:33:56.436+0000] {processor.py:186} INFO - Started process (PID=890) to work on /home/airflow/.local/lib/python3.12/site-packages/airflow/example_dags/example_dag_decorator.py
[2024-10-14T02:33:56.437+0000] {processor.py:914} INFO - Processing file /home/airflow/.local/lib/python3.12/site-packages/airflow/example_dags/example_dag_decorator.py for tasks to queue
[2024-10-14T02:33:56.440+0000] {logging_mixin.py:190} INFO - [2024-10-14T02:33:56.440+0000] {dagbag.py:588} INFO - Filling up the DagBag from /home/airflow/.local/lib/python3.12/site-packages/airflow/example_dags/example_dag_decorator.py
[2024-10-14T02:33:56.457+0000] {processor.py:925} INFO - DAG(s) 'example_dag_decorator' retrieved from /home/airflow/.local/lib/python3.12/site-packages/airflow/example_dags/example_dag_decorator.py
[2024-10-14T02:33:56.516+0000] {logging_mixin.py:190} INFO - [2024-10-14T02:33:56.515+0000] {dag.py:3239} INFO - Sync 1 DAGs
[2024-10-14T02:33:56.533+0000] {logging_mixin.py:190} INFO - [2024-10-14T02:33:56.533+0000] {dag.py:4180} INFO - Setting next_dagrun for example_dag_decorator to None, run_after=None
[2024-10-14T02:33:56.559+0000] {processor.py:208} INFO - Processing /home/airflow/.local/lib/python3.12/site-packages/airflow/example_dags/example_dag_decorator.py took 0.131 seconds
[2024-10-14T02:34:29.298+0000] {processor.py:186} INFO - Started process (PID=953) to work on /home/airflow/.local/lib/python3.12/site-packages/airflow/example_dags/example_dag_decorator.py
[2024-10-14T02:34:29.299+0000] {processor.py:914} INFO - Processing file /home/airflow/.local/lib/python3.12/site-packages/airflow/example_dags/example_dag_decorator.py for tasks to queue
[2024-10-14T02:34:29.302+0000] {logging_mixin.py:190} INFO - [2024-10-14T02:34:29.301+0000] {dagbag.py:588} INFO - Filling up the DagBag from /home/airflow/.local/lib/python3.12/site-packages/airflow/example_dags/example_dag_decorator.py
[2024-10-14T02:34:29.315+0000] {processor.py:925} INFO - DAG(s) 'example_dag_decorator' retrieved from /home/airflow/.local/lib/python3.12/site-packages/airflow/example_dags/example_dag_decorator.py
[2024-10-14T02:34:29.448+0000] {logging_mixin.py:190} INFO - [2024-10-14T02:34:29.448+0000] {dag.py:3239} INFO - Sync 1 DAGs
[2024-10-14T02:34:29.459+0000] {logging_mixin.py:190} INFO - [2024-10-14T02:34:29.459+0000] {dag.py:4180} INFO - Setting next_dagrun for example_dag_decorator to None, run_after=None
[2024-10-14T02:34:29.480+0000] {processor.py:208} INFO - Processing /home/airflow/.local/lib/python3.12/site-packages/airflow/example_dags/example_dag_decorator.py took 0.188 seconds
[2024-10-14T02:35:02.416+0000] {processor.py:186} INFO - Started process (PID=1016) to work on /home/airflow/.local/lib/python3.12/site-packages/airflow/example_dags/example_dag_decorator.py
[2024-10-14T02:35:02.419+0000] {processor.py:914} INFO - Processing file /home/airflow/.local/lib/python3.12/site-packages/airflow/example_dags/example_dag_decorator.py for tasks to queue
[2024-10-14T02:35:02.424+0000] {logging_mixin.py:190} INFO - [2024-10-14T02:35:02.423+0000] {dagbag.py:588} INFO - Filling up the DagBag from /home/airflow/.local/lib/python3.12/site-packages/airflow/example_dags/example_dag_decorator.py
[2024-10-14T02:35:02.448+0000] {processor.py:925} INFO - DAG(s) 'example_dag_decorator' retrieved from /home/airflow/.local/lib/python3.12/site-packages/airflow/example_dags/example_dag_decorator.py
[2024-10-14T02:35:02.646+0000] {logging_mixin.py:190} INFO - [2024-10-14T02:35:02.646+0000] {dag.py:3239} INFO - Sync 1 DAGs
[2024-10-14T02:35:02.667+0000] {logging_mixin.py:190} INFO - [2024-10-14T02:35:02.666+0000] {dag.py:4180} INFO - Setting next_dagrun for example_dag_decorator to None, run_after=None
[2024-10-14T02:35:02.700+0000] {processor.py:208} INFO - Processing /home/airflow/.local/lib/python3.12/site-packages/airflow/example_dags/example_dag_decorator.py took 0.311 seconds
[2024-10-14T02:35:35.466+0000] {processor.py:186} INFO - Started process (PID=1079) to work on /home/airflow/.local/lib/python3.12/site-packages/airflow/example_dags/example_dag_decorator.py
[2024-10-14T02:35:35.467+0000] {processor.py:914} INFO - Processing file /home/airflow/.local/lib/python3.12/site-packages/airflow/example_dags/example_dag_decorator.py for tasks to queue
[2024-10-14T02:35:35.469+0000] {logging_mixin.py:190} INFO - [2024-10-14T02:35:35.469+0000] {dagbag.py:588} INFO - Filling up the DagBag from /home/airflow/.local/lib/python3.12/site-packages/airflow/example_dags/example_dag_decorator.py
[2024-10-14T02:35:35.482+0000] {processor.py:925} INFO - DAG(s) 'example_dag_decorator' retrieved from /home/airflow/.local/lib/python3.12/site-packages/airflow/example_dags/example_dag_decorator.py
[2024-10-14T02:35:35.623+0000] {logging_mixin.py:190} INFO - [2024-10-14T02:35:35.623+0000] {dag.py:3239} INFO - Sync 1 DAGs
[2024-10-14T02:35:35.641+0000] {logging_mixin.py:190} INFO - [2024-10-14T02:35:35.641+0000] {dag.py:4180} INFO - Setting next_dagrun for example_dag_decorator to None, run_after=None
[2024-10-14T02:35:35.672+0000] {processor.py:208} INFO - Processing /home/airflow/.local/lib/python3.12/site-packages/airflow/example_dags/example_dag_decorator.py took 0.212 seconds
[2024-10-14T02:36:09.094+0000] {processor.py:186} INFO - Started process (PID=1142) to work on /home/airflow/.local/lib/python3.12/site-packages/airflow/example_dags/example_dag_decorator.py
[2024-10-14T02:36:09.095+0000] {processor.py:914} INFO - Processing file /home/airflow/.local/lib/python3.12/site-packages/airflow/example_dags/example_dag_decorator.py for tasks to queue
[2024-10-14T02:36:09.097+0000] {logging_mixin.py:190} INFO - [2024-10-14T02:36:09.097+0000] {dagbag.py:588} INFO - Filling up the DagBag from /home/airflow/.local/lib/python3.12/site-packages/airflow/example_dags/example_dag_decorator.py
[2024-10-14T02:36:09.108+0000] {processor.py:925} INFO - DAG(s) 'example_dag_decorator' retrieved from /home/airflow/.local/lib/python3.12/site-packages/airflow/example_dags/example_dag_decorator.py
[2024-10-14T02:36:09.216+0000] {logging_mixin.py:190} INFO - [2024-10-14T02:36:09.216+0000] {dag.py:3239} INFO - Sync 1 DAGs
[2024-10-14T02:36:09.227+0000] {logging_mixin.py:190} INFO - [2024-10-14T02:36:09.227+0000] {dag.py:4180} INFO - Setting next_dagrun for example_dag_decorator to None, run_after=None
[2024-10-14T02:36:09.249+0000] {processor.py:208} INFO - Processing /home/airflow/.local/lib/python3.12/site-packages/airflow/example_dags/example_dag_decorator.py took 0.160 seconds
[2024-10-14T02:37:43.675+0000] {processor.py:186} INFO - Started process (PID=69) to work on /home/airflow/.local/lib/python3.12/site-packages/airflow/example_dags/example_dag_decorator.py
[2024-10-14T02:37:43.676+0000] {processor.py:914} INFO - Processing file /home/airflow/.local/lib/python3.12/site-packages/airflow/example_dags/example_dag_decorator.py for tasks to queue
[2024-10-14T02:37:43.681+0000] {logging_mixin.py:190} INFO - [2024-10-14T02:37:43.680+0000] {dagbag.py:588} INFO - Filling up the DagBag from /home/airflow/.local/lib/python3.12/site-packages/airflow/example_dags/example_dag_decorator.py
[2024-10-14T02:37:43.704+0000] {processor.py:925} INFO - DAG(s) 'example_dag_decorator' retrieved from /home/airflow/.local/lib/python3.12/site-packages/airflow/example_dags/example_dag_decorator.py
[2024-10-14T02:37:45.080+0000] {logging_mixin.py:190} INFO - [2024-10-14T02:37:45.080+0000] {dag.py:3239} INFO - Sync 1 DAGs
[2024-10-14T02:37:45.097+0000] {logging_mixin.py:190} INFO - [2024-10-14T02:37:45.097+0000] {dag.py:4180} INFO - Setting next_dagrun for example_dag_decorator to None, run_after=None
[2024-10-14T02:37:45.143+0000] {processor.py:208} INFO - Processing /home/airflow/.local/lib/python3.12/site-packages/airflow/example_dags/example_dag_decorator.py took 0.401 seconds
[2024-10-14T02:38:15.921+0000] {processor.py:186} INFO - Started process (PID=132) to work on /home/airflow/.local/lib/python3.12/site-packages/airflow/example_dags/example_dag_decorator.py
[2024-10-14T02:38:15.922+0000] {processor.py:914} INFO - Processing file /home/airflow/.local/lib/python3.12/site-packages/airflow/example_dags/example_dag_decorator.py for tasks to queue
[2024-10-14T02:38:15.925+0000] {logging_mixin.py:190} INFO - [2024-10-14T02:38:15.925+0000] {dagbag.py:588} INFO - Filling up the DagBag from /home/airflow/.local/lib/python3.12/site-packages/airflow/example_dags/example_dag_decorator.py
[2024-10-14T02:38:15.936+0000] {processor.py:925} INFO - DAG(s) 'example_dag_decorator' retrieved from /home/airflow/.local/lib/python3.12/site-packages/airflow/example_dags/example_dag_decorator.py
[2024-10-14T02:38:16.036+0000] {logging_mixin.py:190} INFO - [2024-10-14T02:38:16.036+0000] {dag.py:3239} INFO - Sync 1 DAGs
[2024-10-14T02:38:16.046+0000] {logging_mixin.py:190} INFO - [2024-10-14T02:38:16.046+0000] {dag.py:4180} INFO - Setting next_dagrun for example_dag_decorator to None, run_after=None
[2024-10-14T02:38:16.066+0000] {processor.py:208} INFO - Processing /home/airflow/.local/lib/python3.12/site-packages/airflow/example_dags/example_dag_decorator.py took 0.152 seconds
[2024-10-14T02:38:46.737+0000] {processor.py:186} INFO - Started process (PID=196) to work on /home/airflow/.local/lib/python3.12/site-packages/airflow/example_dags/example_dag_decorator.py
[2024-10-14T02:38:46.738+0000] {processor.py:914} INFO - Processing file /home/airflow/.local/lib/python3.12/site-packages/airflow/example_dags/example_dag_decorator.py for tasks to queue
[2024-10-14T02:38:46.741+0000] {logging_mixin.py:190} INFO - [2024-10-14T02:38:46.741+0000] {dagbag.py:588} INFO - Filling up the DagBag from /home/airflow/.local/lib/python3.12/site-packages/airflow/example_dags/example_dag_decorator.py
[2024-10-14T02:38:46.752+0000] {processor.py:925} INFO - DAG(s) 'example_dag_decorator' retrieved from /home/airflow/.local/lib/python3.12/site-packages/airflow/example_dags/example_dag_decorator.py
[2024-10-14T02:38:46.882+0000] {logging_mixin.py:190} INFO - [2024-10-14T02:38:46.880+0000] {dag.py:3239} INFO - Sync 1 DAGs
[2024-10-14T02:38:46.893+0000] {logging_mixin.py:190} INFO - [2024-10-14T02:38:46.893+0000] {dag.py:4180} INFO - Setting next_dagrun for example_dag_decorator to None, run_after=None
[2024-10-14T02:38:46.923+0000] {processor.py:208} INFO - Processing /home/airflow/.local/lib/python3.12/site-packages/airflow/example_dags/example_dag_decorator.py took 0.193 seconds
[2024-10-14T02:39:17.608+0000] {processor.py:186} INFO - Started process (PID=261) to work on /home/airflow/.local/lib/python3.12/site-packages/airflow/example_dags/example_dag_decorator.py
[2024-10-14T02:39:17.610+0000] {processor.py:914} INFO - Processing file /home/airflow/.local/lib/python3.12/site-packages/airflow/example_dags/example_dag_decorator.py for tasks to queue
[2024-10-14T02:39:17.615+0000] {logging_mixin.py:190} INFO - [2024-10-14T02:39:17.614+0000] {dagbag.py:588} INFO - Filling up the DagBag from /home/airflow/.local/lib/python3.12/site-packages/airflow/example_dags/example_dag_decorator.py
[2024-10-14T02:39:17.676+0000] {processor.py:925} INFO - DAG(s) 'example_dag_decorator' retrieved from /home/airflow/.local/lib/python3.12/site-packages/airflow/example_dags/example_dag_decorator.py
[2024-10-14T02:39:17.797+0000] {logging_mixin.py:190} INFO - [2024-10-14T02:39:17.797+0000] {dag.py:3239} INFO - Sync 1 DAGs
[2024-10-14T02:39:17.814+0000] {logging_mixin.py:190} INFO - [2024-10-14T02:39:17.814+0000] {dag.py:4180} INFO - Setting next_dagrun for example_dag_decorator to None, run_after=None
[2024-10-14T02:39:17.855+0000] {processor.py:208} INFO - Processing /home/airflow/.local/lib/python3.12/site-packages/airflow/example_dags/example_dag_decorator.py took 0.256 seconds
[2024-10-14T02:39:48.700+0000] {processor.py:186} INFO - Started process (PID=325) to work on /home/airflow/.local/lib/python3.12/site-packages/airflow/example_dags/example_dag_decorator.py
[2024-10-14T02:39:48.701+0000] {processor.py:914} INFO - Processing file /home/airflow/.local/lib/python3.12/site-packages/airflow/example_dags/example_dag_decorator.py for tasks to queue
[2024-10-14T02:39:48.703+0000] {logging_mixin.py:190} INFO - [2024-10-14T02:39:48.703+0000] {dagbag.py:588} INFO - Filling up the DagBag from /home/airflow/.local/lib/python3.12/site-packages/airflow/example_dags/example_dag_decorator.py
[2024-10-14T02:39:48.713+0000] {processor.py:925} INFO - DAG(s) 'example_dag_decorator' retrieved from /home/airflow/.local/lib/python3.12/site-packages/airflow/example_dags/example_dag_decorator.py
[2024-10-14T02:39:48.808+0000] {logging_mixin.py:190} INFO - [2024-10-14T02:39:48.808+0000] {dag.py:3239} INFO - Sync 1 DAGs
[2024-10-14T02:39:48.818+0000] {logging_mixin.py:190} INFO - [2024-10-14T02:39:48.818+0000] {dag.py:4180} INFO - Setting next_dagrun for example_dag_decorator to None, run_after=None
[2024-10-14T02:39:48.838+0000] {processor.py:208} INFO - Processing /home/airflow/.local/lib/python3.12/site-packages/airflow/example_dags/example_dag_decorator.py took 0.143 seconds
[2024-10-14T02:40:18.923+0000] {processor.py:186} INFO - Started process (PID=389) to work on /home/airflow/.local/lib/python3.12/site-packages/airflow/example_dags/example_dag_decorator.py
[2024-10-14T02:40:18.924+0000] {processor.py:914} INFO - Processing file /home/airflow/.local/lib/python3.12/site-packages/airflow/example_dags/example_dag_decorator.py for tasks to queue
[2024-10-14T02:40:18.927+0000] {logging_mixin.py:190} INFO - [2024-10-14T02:40:18.926+0000] {dagbag.py:588} INFO - Filling up the DagBag from /home/airflow/.local/lib/python3.12/site-packages/airflow/example_dags/example_dag_decorator.py
[2024-10-14T02:40:18.938+0000] {processor.py:925} INFO - DAG(s) 'example_dag_decorator' retrieved from /home/airflow/.local/lib/python3.12/site-packages/airflow/example_dags/example_dag_decorator.py
[2024-10-14T02:40:19.035+0000] {logging_mixin.py:190} INFO - [2024-10-14T02:40:19.035+0000] {dag.py:3239} INFO - Sync 1 DAGs
[2024-10-14T02:40:19.048+0000] {logging_mixin.py:190} INFO - [2024-10-14T02:40:19.048+0000] {dag.py:4180} INFO - Setting next_dagrun for example_dag_decorator to None, run_after=None
[2024-10-14T02:40:19.067+0000] {processor.py:208} INFO - Processing /home/airflow/.local/lib/python3.12/site-packages/airflow/example_dags/example_dag_decorator.py took 0.150 seconds
[2024-10-14T02:40:49.401+0000] {processor.py:186} INFO - Started process (PID=453) to work on /home/airflow/.local/lib/python3.12/site-packages/airflow/example_dags/example_dag_decorator.py
[2024-10-14T02:40:49.402+0000] {processor.py:914} INFO - Processing file /home/airflow/.local/lib/python3.12/site-packages/airflow/example_dags/example_dag_decorator.py for tasks to queue
[2024-10-14T02:40:49.404+0000] {logging_mixin.py:190} INFO - [2024-10-14T02:40:49.404+0000] {dagbag.py:588} INFO - Filling up the DagBag from /home/airflow/.local/lib/python3.12/site-packages/airflow/example_dags/example_dag_decorator.py
[2024-10-14T02:40:49.414+0000] {processor.py:925} INFO - DAG(s) 'example_dag_decorator' retrieved from /home/airflow/.local/lib/python3.12/site-packages/airflow/example_dags/example_dag_decorator.py
[2024-10-14T02:40:49.513+0000] {logging_mixin.py:190} INFO - [2024-10-14T02:40:49.513+0000] {dag.py:3239} INFO - Sync 1 DAGs
[2024-10-14T02:40:49.524+0000] {logging_mixin.py:190} INFO - [2024-10-14T02:40:49.523+0000] {dag.py:4180} INFO - Setting next_dagrun for example_dag_decorator to None, run_after=None
[2024-10-14T02:40:49.543+0000] {processor.py:208} INFO - Processing /home/airflow/.local/lib/python3.12/site-packages/airflow/example_dags/example_dag_decorator.py took 0.148 seconds
[2024-10-14T02:41:20.298+0000] {processor.py:186} INFO - Started process (PID=517) to work on /home/airflow/.local/lib/python3.12/site-packages/airflow/example_dags/example_dag_decorator.py
[2024-10-14T02:41:20.300+0000] {processor.py:914} INFO - Processing file /home/airflow/.local/lib/python3.12/site-packages/airflow/example_dags/example_dag_decorator.py for tasks to queue
[2024-10-14T02:41:20.303+0000] {logging_mixin.py:190} INFO - [2024-10-14T02:41:20.302+0000] {dagbag.py:588} INFO - Filling up the DagBag from /home/airflow/.local/lib/python3.12/site-packages/airflow/example_dags/example_dag_decorator.py
[2024-10-14T02:41:20.314+0000] {processor.py:925} INFO - DAG(s) 'example_dag_decorator' retrieved from /home/airflow/.local/lib/python3.12/site-packages/airflow/example_dags/example_dag_decorator.py
[2024-10-14T02:41:20.433+0000] {logging_mixin.py:190} INFO - [2024-10-14T02:41:20.432+0000] {dag.py:3239} INFO - Sync 1 DAGs
[2024-10-14T02:41:20.444+0000] {logging_mixin.py:190} INFO - [2024-10-14T02:41:20.444+0000] {dag.py:4180} INFO - Setting next_dagrun for example_dag_decorator to None, run_after=None
[2024-10-14T02:41:20.491+0000] {processor.py:208} INFO - Processing /home/airflow/.local/lib/python3.12/site-packages/airflow/example_dags/example_dag_decorator.py took 0.200 seconds
[2024-10-14T02:41:50.766+0000] {processor.py:186} INFO - Started process (PID=581) to work on /home/airflow/.local/lib/python3.12/site-packages/airflow/example_dags/example_dag_decorator.py
[2024-10-14T02:41:50.767+0000] {processor.py:914} INFO - Processing file /home/airflow/.local/lib/python3.12/site-packages/airflow/example_dags/example_dag_decorator.py for tasks to queue
[2024-10-14T02:41:50.770+0000] {logging_mixin.py:190} INFO - [2024-10-14T02:41:50.770+0000] {dagbag.py:588} INFO - Filling up the DagBag from /home/airflow/.local/lib/python3.12/site-packages/airflow/example_dags/example_dag_decorator.py
[2024-10-14T02:41:50.787+0000] {processor.py:925} INFO - DAG(s) 'example_dag_decorator' retrieved from /home/airflow/.local/lib/python3.12/site-packages/airflow/example_dags/example_dag_decorator.py
[2024-10-14T02:41:50.960+0000] {logging_mixin.py:190} INFO - [2024-10-14T02:41:50.959+0000] {dag.py:3239} INFO - Sync 1 DAGs
[2024-10-14T02:41:50.978+0000] {logging_mixin.py:190} INFO - [2024-10-14T02:41:50.977+0000] {dag.py:4180} INFO - Setting next_dagrun for example_dag_decorator to None, run_after=None
[2024-10-14T02:41:50.998+0000] {processor.py:208} INFO - Processing /home/airflow/.local/lib/python3.12/site-packages/airflow/example_dags/example_dag_decorator.py took 0.238 seconds
[2024-10-14T02:42:21.076+0000] {processor.py:186} INFO - Started process (PID=645) to work on /home/airflow/.local/lib/python3.12/site-packages/airflow/example_dags/example_dag_decorator.py
[2024-10-14T02:42:21.078+0000] {processor.py:914} INFO - Processing file /home/airflow/.local/lib/python3.12/site-packages/airflow/example_dags/example_dag_decorator.py for tasks to queue
[2024-10-14T02:42:21.080+0000] {logging_mixin.py:190} INFO - [2024-10-14T02:42:21.080+0000] {dagbag.py:588} INFO - Filling up the DagBag from /home/airflow/.local/lib/python3.12/site-packages/airflow/example_dags/example_dag_decorator.py
[2024-10-14T02:42:21.094+0000] {processor.py:925} INFO - DAG(s) 'example_dag_decorator' retrieved from /home/airflow/.local/lib/python3.12/site-packages/airflow/example_dags/example_dag_decorator.py
[2024-10-14T02:42:21.235+0000] {logging_mixin.py:190} INFO - [2024-10-14T02:42:21.235+0000] {dag.py:3239} INFO - Sync 1 DAGs
[2024-10-14T02:42:21.255+0000] {logging_mixin.py:190} INFO - [2024-10-14T02:42:21.255+0000] {dag.py:4180} INFO - Setting next_dagrun for example_dag_decorator to None, run_after=None
[2024-10-14T02:42:21.289+0000] {processor.py:208} INFO - Processing /home/airflow/.local/lib/python3.12/site-packages/airflow/example_dags/example_dag_decorator.py took 0.218 seconds
[2024-10-14T02:42:51.999+0000] {processor.py:186} INFO - Started process (PID=709) to work on /home/airflow/.local/lib/python3.12/site-packages/airflow/example_dags/example_dag_decorator.py
[2024-10-14T02:42:52.002+0000] {processor.py:914} INFO - Processing file /home/airflow/.local/lib/python3.12/site-packages/airflow/example_dags/example_dag_decorator.py for tasks to queue
[2024-10-14T02:42:52.006+0000] {logging_mixin.py:190} INFO - [2024-10-14T02:42:52.006+0000] {dagbag.py:588} INFO - Filling up the DagBag from /home/airflow/.local/lib/python3.12/site-packages/airflow/example_dags/example_dag_decorator.py
[2024-10-14T02:42:52.021+0000] {processor.py:925} INFO - DAG(s) 'example_dag_decorator' retrieved from /home/airflow/.local/lib/python3.12/site-packages/airflow/example_dags/example_dag_decorator.py
[2024-10-14T02:42:52.144+0000] {logging_mixin.py:190} INFO - [2024-10-14T02:42:52.144+0000] {dag.py:3239} INFO - Sync 1 DAGs
[2024-10-14T02:42:52.158+0000] {logging_mixin.py:190} INFO - [2024-10-14T02:42:52.158+0000] {dag.py:4180} INFO - Setting next_dagrun for example_dag_decorator to None, run_after=None
[2024-10-14T02:42:52.180+0000] {processor.py:208} INFO - Processing /home/airflow/.local/lib/python3.12/site-packages/airflow/example_dags/example_dag_decorator.py took 0.190 seconds
[2024-10-14T02:43:22.443+0000] {processor.py:186} INFO - Started process (PID=773) to work on /home/airflow/.local/lib/python3.12/site-packages/airflow/example_dags/example_dag_decorator.py
[2024-10-14T02:43:22.445+0000] {processor.py:914} INFO - Processing file /home/airflow/.local/lib/python3.12/site-packages/airflow/example_dags/example_dag_decorator.py for tasks to queue
[2024-10-14T02:43:22.448+0000] {logging_mixin.py:190} INFO - [2024-10-14T02:43:22.447+0000] {dagbag.py:588} INFO - Filling up the DagBag from /home/airflow/.local/lib/python3.12/site-packages/airflow/example_dags/example_dag_decorator.py
[2024-10-14T02:43:22.460+0000] {processor.py:925} INFO - DAG(s) 'example_dag_decorator' retrieved from /home/airflow/.local/lib/python3.12/site-packages/airflow/example_dags/example_dag_decorator.py
[2024-10-14T02:43:22.596+0000] {logging_mixin.py:190} INFO - [2024-10-14T02:43:22.596+0000] {dag.py:3239} INFO - Sync 1 DAGs
[2024-10-14T02:43:22.609+0000] {logging_mixin.py:190} INFO - [2024-10-14T02:43:22.609+0000] {dag.py:4180} INFO - Setting next_dagrun for example_dag_decorator to None, run_after=None
[2024-10-14T02:43:22.629+0000] {processor.py:208} INFO - Processing /home/airflow/.local/lib/python3.12/site-packages/airflow/example_dags/example_dag_decorator.py took 0.192 seconds
[2024-10-14T02:43:54.916+0000] {processor.py:186} INFO - Started process (PID=829) to work on /home/airflow/.local/lib/python3.12/site-packages/airflow/example_dags/example_dag_decorator.py
[2024-10-14T02:43:54.917+0000] {processor.py:914} INFO - Processing file /home/airflow/.local/lib/python3.12/site-packages/airflow/example_dags/example_dag_decorator.py for tasks to queue
[2024-10-14T02:43:54.921+0000] {logging_mixin.py:190} INFO - [2024-10-14T02:43:54.920+0000] {dagbag.py:588} INFO - Filling up the DagBag from /home/airflow/.local/lib/python3.12/site-packages/airflow/example_dags/example_dag_decorator.py
[2024-10-14T02:43:54.938+0000] {processor.py:925} INFO - DAG(s) 'example_dag_decorator' retrieved from /home/airflow/.local/lib/python3.12/site-packages/airflow/example_dags/example_dag_decorator.py
[2024-10-14T02:43:55.137+0000] {logging_mixin.py:190} INFO - [2024-10-14T02:43:55.137+0000] {dag.py:3239} INFO - Sync 1 DAGs
[2024-10-14T02:43:55.161+0000] {logging_mixin.py:190} INFO - [2024-10-14T02:43:55.160+0000] {dag.py:4180} INFO - Setting next_dagrun for example_dag_decorator to None, run_after=None
[2024-10-14T02:43:55.190+0000] {processor.py:208} INFO - Processing /home/airflow/.local/lib/python3.12/site-packages/airflow/example_dags/example_dag_decorator.py took 0.283 seconds
[2024-10-14T02:44:28.902+0000] {processor.py:186} INFO - Started process (PID=893) to work on /home/airflow/.local/lib/python3.12/site-packages/airflow/example_dags/example_dag_decorator.py
[2024-10-14T02:44:28.904+0000] {processor.py:914} INFO - Processing file /home/airflow/.local/lib/python3.12/site-packages/airflow/example_dags/example_dag_decorator.py for tasks to queue
[2024-10-14T02:44:28.912+0000] {logging_mixin.py:190} INFO - [2024-10-14T02:44:28.909+0000] {dagbag.py:588} INFO - Filling up the DagBag from /home/airflow/.local/lib/python3.12/site-packages/airflow/example_dags/example_dag_decorator.py
[2024-10-14T02:44:28.925+0000] {processor.py:925} INFO - DAG(s) 'example_dag_decorator' retrieved from /home/airflow/.local/lib/python3.12/site-packages/airflow/example_dags/example_dag_decorator.py
[2024-10-14T02:44:28.947+0000] {logging_mixin.py:190} INFO - [2024-10-14T02:44:28.947+0000] {dag.py:3239} INFO - Sync 1 DAGs
[2024-10-14T02:44:28.963+0000] {logging_mixin.py:190} INFO - [2024-10-14T02:44:28.963+0000] {dag.py:4180} INFO - Setting next_dagrun for example_dag_decorator to None, run_after=None
[2024-10-14T02:44:28.982+0000] {processor.py:208} INFO - Processing /home/airflow/.local/lib/python3.12/site-packages/airflow/example_dags/example_dag_decorator.py took 0.087 seconds
[2024-10-14T02:45:00.351+0000] {processor.py:186} INFO - Started process (PID=940) to work on /home/airflow/.local/lib/python3.12/site-packages/airflow/example_dags/example_dag_decorator.py
[2024-10-14T02:45:00.352+0000] {processor.py:914} INFO - Processing file /home/airflow/.local/lib/python3.12/site-packages/airflow/example_dags/example_dag_decorator.py for tasks to queue
[2024-10-14T02:45:00.355+0000] {logging_mixin.py:190} INFO - [2024-10-14T02:45:00.355+0000] {dagbag.py:588} INFO - Filling up the DagBag from /home/airflow/.local/lib/python3.12/site-packages/airflow/example_dags/example_dag_decorator.py
[2024-10-14T02:45:00.370+0000] {processor.py:925} INFO - DAG(s) 'example_dag_decorator' retrieved from /home/airflow/.local/lib/python3.12/site-packages/airflow/example_dags/example_dag_decorator.py
[2024-10-14T02:45:00.399+0000] {logging_mixin.py:190} INFO - [2024-10-14T02:45:00.398+0000] {dag.py:3239} INFO - Sync 1 DAGs
[2024-10-14T02:45:00.415+0000] {logging_mixin.py:190} INFO - [2024-10-14T02:45:00.415+0000] {dag.py:4180} INFO - Setting next_dagrun for example_dag_decorator to None, run_after=None
[2024-10-14T02:45:00.439+0000] {processor.py:208} INFO - Processing /home/airflow/.local/lib/python3.12/site-packages/airflow/example_dags/example_dag_decorator.py took 0.095 seconds
[2024-10-14T02:45:31.230+0000] {processor.py:186} INFO - Started process (PID=975) to work on /home/airflow/.local/lib/python3.12/site-packages/airflow/example_dags/example_dag_decorator.py
[2024-10-14T02:45:31.232+0000] {processor.py:914} INFO - Processing file /home/airflow/.local/lib/python3.12/site-packages/airflow/example_dags/example_dag_decorator.py for tasks to queue
[2024-10-14T02:45:31.234+0000] {logging_mixin.py:190} INFO - [2024-10-14T02:45:31.234+0000] {dagbag.py:588} INFO - Filling up the DagBag from /home/airflow/.local/lib/python3.12/site-packages/airflow/example_dags/example_dag_decorator.py
[2024-10-14T02:45:31.248+0000] {processor.py:925} INFO - DAG(s) 'example_dag_decorator' retrieved from /home/airflow/.local/lib/python3.12/site-packages/airflow/example_dags/example_dag_decorator.py
[2024-10-14T02:45:31.274+0000] {logging_mixin.py:190} INFO - [2024-10-14T02:45:31.273+0000] {dag.py:3239} INFO - Sync 1 DAGs
[2024-10-14T02:45:31.288+0000] {logging_mixin.py:190} INFO - [2024-10-14T02:45:31.288+0000] {dag.py:4180} INFO - Setting next_dagrun for example_dag_decorator to None, run_after=None
[2024-10-14T02:45:31.311+0000] {processor.py:208} INFO - Processing /home/airflow/.local/lib/python3.12/site-packages/airflow/example_dags/example_dag_decorator.py took 0.086 seconds
[2024-10-14T02:46:04.651+0000] {processor.py:186} INFO - Started process (PID=1039) to work on /home/airflow/.local/lib/python3.12/site-packages/airflow/example_dags/example_dag_decorator.py
[2024-10-14T02:46:04.654+0000] {processor.py:914} INFO - Processing file /home/airflow/.local/lib/python3.12/site-packages/airflow/example_dags/example_dag_decorator.py for tasks to queue
[2024-10-14T02:46:04.657+0000] {logging_mixin.py:190} INFO - [2024-10-14T02:46:04.657+0000] {dagbag.py:588} INFO - Filling up the DagBag from /home/airflow/.local/lib/python3.12/site-packages/airflow/example_dags/example_dag_decorator.py
[2024-10-14T02:46:04.673+0000] {processor.py:925} INFO - DAG(s) 'example_dag_decorator' retrieved from /home/airflow/.local/lib/python3.12/site-packages/airflow/example_dags/example_dag_decorator.py
[2024-10-14T02:46:04.702+0000] {logging_mixin.py:190} INFO - [2024-10-14T02:46:04.701+0000] {dag.py:3239} INFO - Sync 1 DAGs
[2024-10-14T02:46:04.717+0000] {logging_mixin.py:190} INFO - [2024-10-14T02:46:04.717+0000] {dag.py:4180} INFO - Setting next_dagrun for example_dag_decorator to None, run_after=None
[2024-10-14T02:46:04.736+0000] {processor.py:208} INFO - Processing /home/airflow/.local/lib/python3.12/site-packages/airflow/example_dags/example_dag_decorator.py took 0.093 seconds
[2024-10-14T02:46:37.532+0000] {processor.py:186} INFO - Started process (PID=1103) to work on /home/airflow/.local/lib/python3.12/site-packages/airflow/example_dags/example_dag_decorator.py
[2024-10-14T02:46:37.533+0000] {processor.py:914} INFO - Processing file /home/airflow/.local/lib/python3.12/site-packages/airflow/example_dags/example_dag_decorator.py for tasks to queue
[2024-10-14T02:46:37.537+0000] {logging_mixin.py:190} INFO - [2024-10-14T02:46:37.536+0000] {dagbag.py:588} INFO - Filling up the DagBag from /home/airflow/.local/lib/python3.12/site-packages/airflow/example_dags/example_dag_decorator.py
[2024-10-14T02:46:37.548+0000] {processor.py:925} INFO - DAG(s) 'example_dag_decorator' retrieved from /home/airflow/.local/lib/python3.12/site-packages/airflow/example_dags/example_dag_decorator.py
[2024-10-14T02:46:37.662+0000] {logging_mixin.py:190} INFO - [2024-10-14T02:46:37.661+0000] {dag.py:3239} INFO - Sync 1 DAGs
[2024-10-14T02:46:37.673+0000] {logging_mixin.py:190} INFO - [2024-10-14T02:46:37.673+0000] {dag.py:4180} INFO - Setting next_dagrun for example_dag_decorator to None, run_after=None
[2024-10-14T02:46:37.695+0000] {processor.py:208} INFO - Processing /home/airflow/.local/lib/python3.12/site-packages/airflow/example_dags/example_dag_decorator.py took 0.168 seconds
[2024-10-14T02:47:10.674+0000] {processor.py:186} INFO - Started process (PID=1167) to work on /home/airflow/.local/lib/python3.12/site-packages/airflow/example_dags/example_dag_decorator.py
[2024-10-14T02:47:10.675+0000] {processor.py:914} INFO - Processing file /home/airflow/.local/lib/python3.12/site-packages/airflow/example_dags/example_dag_decorator.py for tasks to queue
[2024-10-14T02:47:10.678+0000] {logging_mixin.py:190} INFO - [2024-10-14T02:47:10.678+0000] {dagbag.py:588} INFO - Filling up the DagBag from /home/airflow/.local/lib/python3.12/site-packages/airflow/example_dags/example_dag_decorator.py
[2024-10-14T02:47:10.689+0000] {processor.py:925} INFO - DAG(s) 'example_dag_decorator' retrieved from /home/airflow/.local/lib/python3.12/site-packages/airflow/example_dags/example_dag_decorator.py
[2024-10-14T02:47:10.813+0000] {logging_mixin.py:190} INFO - [2024-10-14T02:47:10.812+0000] {dag.py:3239} INFO - Sync 1 DAGs
[2024-10-14T02:47:10.827+0000] {logging_mixin.py:190} INFO - [2024-10-14T02:47:10.826+0000] {dag.py:4180} INFO - Setting next_dagrun for example_dag_decorator to None, run_after=None
[2024-10-14T02:47:10.846+0000] {processor.py:208} INFO - Processing /home/airflow/.local/lib/python3.12/site-packages/airflow/example_dags/example_dag_decorator.py took 0.177 seconds
[2024-10-14T02:47:43.224+0000] {processor.py:186} INFO - Started process (PID=1231) to work on /home/airflow/.local/lib/python3.12/site-packages/airflow/example_dags/example_dag_decorator.py
[2024-10-14T02:47:43.225+0000] {processor.py:914} INFO - Processing file /home/airflow/.local/lib/python3.12/site-packages/airflow/example_dags/example_dag_decorator.py for tasks to queue
[2024-10-14T02:47:43.228+0000] {logging_mixin.py:190} INFO - [2024-10-14T02:47:43.228+0000] {dagbag.py:588} INFO - Filling up the DagBag from /home/airflow/.local/lib/python3.12/site-packages/airflow/example_dags/example_dag_decorator.py
[2024-10-14T02:47:43.242+0000] {processor.py:925} INFO - DAG(s) 'example_dag_decorator' retrieved from /home/airflow/.local/lib/python3.12/site-packages/airflow/example_dags/example_dag_decorator.py
[2024-10-14T02:47:43.266+0000] {logging_mixin.py:190} INFO - [2024-10-14T02:47:43.266+0000] {dag.py:3239} INFO - Sync 1 DAGs
[2024-10-14T02:47:43.278+0000] {logging_mixin.py:190} INFO - [2024-10-14T02:47:43.278+0000] {dag.py:4180} INFO - Setting next_dagrun for example_dag_decorator to None, run_after=None
[2024-10-14T02:47:43.299+0000] {processor.py:208} INFO - Processing /home/airflow/.local/lib/python3.12/site-packages/airflow/example_dags/example_dag_decorator.py took 0.082 seconds
