[2024-10-14T02:26:55.763+0000] {processor.py:186} INFO - Started process (PID=114) to work on /home/airflow/.local/lib/python3.12/site-packages/airflow/example_dags/example_branch_python_dop_operator_3.py
[2024-10-14T02:26:55.764+0000] {processor.py:914} INFO - Processing file /home/airflow/.local/lib/python3.12/site-packages/airflow/example_dags/example_branch_python_dop_operator_3.py for tasks to queue
[2024-10-14T02:26:55.766+0000] {logging_mixin.py:190} INFO - [2024-10-14T02:26:55.766+0000] {dagbag.py:588} INFO - Filling up the DagBag from /home/airflow/.local/lib/python3.12/site-packages/airflow/example_dags/example_branch_python_dop_operator_3.py
[2024-10-14T02:26:55.779+0000] {processor.py:925} INFO - DAG(s) 'example_branch_dop_operator_v3' retrieved from /home/airflow/.local/lib/python3.12/site-packages/airflow/example_dags/example_branch_python_dop_operator_3.py
[2024-10-14T02:26:55.921+0000] {logging_mixin.py:190} INFO - [2024-10-14T02:26:55.919+0000] {override.py:1900} INFO - Created Permission View: can delete on DAG:example_branch_dop_operator_v3
[2024-10-14T02:26:55.932+0000] {logging_mixin.py:190} INFO - [2024-10-14T02:26:55.931+0000] {override.py:1900} INFO - Created Permission View: can edit on DAG:example_branch_dop_operator_v3
[2024-10-14T02:26:55.939+0000] {logging_mixin.py:190} INFO - [2024-10-14T02:26:55.939+0000] {override.py:1900} INFO - Created Permission View: can read on DAG:example_branch_dop_operator_v3
[2024-10-14T02:26:55.946+0000] {logging_mixin.py:190} INFO - [2024-10-14T02:26:55.946+0000] {override.py:1900} INFO - Created Permission View: can delete on DAG Run:example_branch_dop_operator_v3
[2024-10-14T02:26:55.953+0000] {logging_mixin.py:190} INFO - [2024-10-14T02:26:55.953+0000] {override.py:1900} INFO - Created Permission View: can create on DAG Run:example_branch_dop_operator_v3
[2024-10-14T02:26:55.960+0000] {logging_mixin.py:190} INFO - [2024-10-14T02:26:55.960+0000] {override.py:1900} INFO - Created Permission View: menu access on DAG Run:example_branch_dop_operator_v3
[2024-10-14T02:26:55.967+0000] {logging_mixin.py:190} INFO - [2024-10-14T02:26:55.967+0000] {override.py:1900} INFO - Created Permission View: can read on DAG Run:example_branch_dop_operator_v3
[2024-10-14T02:26:55.968+0000] {logging_mixin.py:190} INFO - [2024-10-14T02:26:55.968+0000] {dag.py:3239} INFO - Sync 1 DAGs
[2024-10-14T02:26:55.980+0000] {logging_mixin.py:190} INFO - [2024-10-14T02:26:55.980+0000] {dag.py:3262} INFO - Creating ORM DAG for example_branch_dop_operator_v3
[2024-10-14T02:26:55.992+0000] {logging_mixin.py:190} INFO - [2024-10-14T02:26:55.992+0000] {dag.py:4180} INFO - Setting next_dagrun for example_branch_dop_operator_v3 to 2024-10-14 02:25:00+00:00, run_after=2024-10-14 02:26:00+00:00
[2024-10-14T02:26:56.006+0000] {processor.py:208} INFO - Processing /home/airflow/.local/lib/python3.12/site-packages/airflow/example_dags/example_branch_python_dop_operator_3.py took 0.250 seconds
[2024-10-14T02:27:26.225+0000] {processor.py:186} INFO - Started process (PID=176) to work on /home/airflow/.local/lib/python3.12/site-packages/airflow/example_dags/example_branch_python_dop_operator_3.py
[2024-10-14T02:27:26.227+0000] {processor.py:914} INFO - Processing file /home/airflow/.local/lib/python3.12/site-packages/airflow/example_dags/example_branch_python_dop_operator_3.py for tasks to queue
[2024-10-14T02:27:26.229+0000] {logging_mixin.py:190} INFO - [2024-10-14T02:27:26.229+0000] {dagbag.py:588} INFO - Filling up the DagBag from /home/airflow/.local/lib/python3.12/site-packages/airflow/example_dags/example_branch_python_dop_operator_3.py
[2024-10-14T02:27:26.237+0000] {processor.py:925} INFO - DAG(s) 'example_branch_dop_operator_v3' retrieved from /home/airflow/.local/lib/python3.12/site-packages/airflow/example_dags/example_branch_python_dop_operator_3.py
[2024-10-14T02:27:26.255+0000] {logging_mixin.py:190} INFO - [2024-10-14T02:27:26.255+0000] {dag.py:3239} INFO - Sync 1 DAGs
[2024-10-14T02:27:26.278+0000] {logging_mixin.py:190} INFO - [2024-10-14T02:27:26.278+0000] {dag.py:4180} INFO - Setting next_dagrun for example_branch_dop_operator_v3 to 2024-10-14 02:26:00+00:00, run_after=2024-10-14 02:27:00+00:00
[2024-10-14T02:27:26.300+0000] {processor.py:208} INFO - Processing /home/airflow/.local/lib/python3.12/site-packages/airflow/example_dags/example_branch_python_dop_operator_3.py took 0.080 seconds
[2024-10-14T02:27:56.697+0000] {processor.py:186} INFO - Started process (PID=239) to work on /home/airflow/.local/lib/python3.12/site-packages/airflow/example_dags/example_branch_python_dop_operator_3.py
[2024-10-14T02:27:56.698+0000] {processor.py:914} INFO - Processing file /home/airflow/.local/lib/python3.12/site-packages/airflow/example_dags/example_branch_python_dop_operator_3.py for tasks to queue
[2024-10-14T02:27:56.700+0000] {logging_mixin.py:190} INFO - [2024-10-14T02:27:56.700+0000] {dagbag.py:588} INFO - Filling up the DagBag from /home/airflow/.local/lib/python3.12/site-packages/airflow/example_dags/example_branch_python_dop_operator_3.py
[2024-10-14T02:27:56.710+0000] {processor.py:925} INFO - DAG(s) 'example_branch_dop_operator_v3' retrieved from /home/airflow/.local/lib/python3.12/site-packages/airflow/example_dags/example_branch_python_dop_operator_3.py
[2024-10-14T02:27:56.728+0000] {logging_mixin.py:190} INFO - [2024-10-14T02:27:56.728+0000] {dag.py:3239} INFO - Sync 1 DAGs
[2024-10-14T02:27:56.754+0000] {logging_mixin.py:190} INFO - [2024-10-14T02:27:56.754+0000] {dag.py:4180} INFO - Setting next_dagrun for example_branch_dop_operator_v3 to 2024-10-14 02:26:00+00:00, run_after=2024-10-14 02:27:00+00:00
[2024-10-14T02:27:56.788+0000] {processor.py:208} INFO - Processing /home/airflow/.local/lib/python3.12/site-packages/airflow/example_dags/example_branch_python_dop_operator_3.py took 0.097 seconds
[2024-10-14T02:28:29.351+0000] {processor.py:186} INFO - Started process (PID=302) to work on /home/airflow/.local/lib/python3.12/site-packages/airflow/example_dags/example_branch_python_dop_operator_3.py
[2024-10-14T02:28:29.352+0000] {processor.py:914} INFO - Processing file /home/airflow/.local/lib/python3.12/site-packages/airflow/example_dags/example_branch_python_dop_operator_3.py for tasks to queue
[2024-10-14T02:28:29.355+0000] {logging_mixin.py:190} INFO - [2024-10-14T02:28:29.354+0000] {dagbag.py:588} INFO - Filling up the DagBag from /home/airflow/.local/lib/python3.12/site-packages/airflow/example_dags/example_branch_python_dop_operator_3.py
[2024-10-14T02:28:29.366+0000] {processor.py:925} INFO - DAG(s) 'example_branch_dop_operator_v3' retrieved from /home/airflow/.local/lib/python3.12/site-packages/airflow/example_dags/example_branch_python_dop_operator_3.py
[2024-10-14T02:28:29.389+0000] {logging_mixin.py:190} INFO - [2024-10-14T02:28:29.389+0000] {dag.py:3239} INFO - Sync 1 DAGs
[2024-10-14T02:28:29.414+0000] {logging_mixin.py:190} INFO - [2024-10-14T02:28:29.414+0000] {dag.py:4180} INFO - Setting next_dagrun for example_branch_dop_operator_v3 to 2024-10-14 02:27:00+00:00, run_after=2024-10-14 02:28:00+00:00
[2024-10-14T02:28:29.437+0000] {processor.py:208} INFO - Processing /home/airflow/.local/lib/python3.12/site-packages/airflow/example_dags/example_branch_python_dop_operator_3.py took 0.091 seconds
[2024-10-14T02:29:03.024+0000] {processor.py:186} INFO - Started process (PID=365) to work on /home/airflow/.local/lib/python3.12/site-packages/airflow/example_dags/example_branch_python_dop_operator_3.py
[2024-10-14T02:29:03.026+0000] {processor.py:914} INFO - Processing file /home/airflow/.local/lib/python3.12/site-packages/airflow/example_dags/example_branch_python_dop_operator_3.py for tasks to queue
[2024-10-14T02:29:03.030+0000] {logging_mixin.py:190} INFO - [2024-10-14T02:29:03.029+0000] {dagbag.py:588} INFO - Filling up the DagBag from /home/airflow/.local/lib/python3.12/site-packages/airflow/example_dags/example_branch_python_dop_operator_3.py
[2024-10-14T02:29:03.066+0000] {processor.py:925} INFO - DAG(s) 'example_branch_dop_operator_v3' retrieved from /home/airflow/.local/lib/python3.12/site-packages/airflow/example_dags/example_branch_python_dop_operator_3.py
[2024-10-14T02:29:03.109+0000] {logging_mixin.py:190} INFO - [2024-10-14T02:29:03.108+0000] {dag.py:3239} INFO - Sync 1 DAGs
[2024-10-14T02:29:03.166+0000] {logging_mixin.py:190} INFO - [2024-10-14T02:29:03.166+0000] {dag.py:4180} INFO - Setting next_dagrun for example_branch_dop_operator_v3 to 2024-10-14 02:28:00+00:00, run_after=2024-10-14 02:29:00+00:00
[2024-10-14T02:29:03.190+0000] {processor.py:208} INFO - Processing /home/airflow/.local/lib/python3.12/site-packages/airflow/example_dags/example_branch_python_dop_operator_3.py took 0.174 seconds
[2024-10-14T02:29:35.822+0000] {processor.py:186} INFO - Started process (PID=428) to work on /home/airflow/.local/lib/python3.12/site-packages/airflow/example_dags/example_branch_python_dop_operator_3.py
[2024-10-14T02:29:35.823+0000] {processor.py:914} INFO - Processing file /home/airflow/.local/lib/python3.12/site-packages/airflow/example_dags/example_branch_python_dop_operator_3.py for tasks to queue
[2024-10-14T02:29:35.826+0000] {logging_mixin.py:190} INFO - [2024-10-14T02:29:35.825+0000] {dagbag.py:588} INFO - Filling up the DagBag from /home/airflow/.local/lib/python3.12/site-packages/airflow/example_dags/example_branch_python_dop_operator_3.py
[2024-10-14T02:29:35.836+0000] {processor.py:925} INFO - DAG(s) 'example_branch_dop_operator_v3' retrieved from /home/airflow/.local/lib/python3.12/site-packages/airflow/example_dags/example_branch_python_dop_operator_3.py
[2024-10-14T02:29:35.853+0000] {logging_mixin.py:190} INFO - [2024-10-14T02:29:35.853+0000] {dag.py:3239} INFO - Sync 1 DAGs
[2024-10-14T02:29:35.880+0000] {logging_mixin.py:190} INFO - [2024-10-14T02:29:35.880+0000] {dag.py:4180} INFO - Setting next_dagrun for example_branch_dop_operator_v3 to 2024-10-14 02:28:00+00:00, run_after=2024-10-14 02:29:00+00:00
[2024-10-14T02:29:35.902+0000] {processor.py:208} INFO - Processing /home/airflow/.local/lib/python3.12/site-packages/airflow/example_dags/example_branch_python_dop_operator_3.py took 0.085 seconds
[2024-10-14T02:30:08.248+0000] {processor.py:186} INFO - Started process (PID=491) to work on /home/airflow/.local/lib/python3.12/site-packages/airflow/example_dags/example_branch_python_dop_operator_3.py
[2024-10-14T02:30:08.250+0000] {processor.py:914} INFO - Processing file /home/airflow/.local/lib/python3.12/site-packages/airflow/example_dags/example_branch_python_dop_operator_3.py for tasks to queue
[2024-10-14T02:30:08.253+0000] {logging_mixin.py:190} INFO - [2024-10-14T02:30:08.253+0000] {dagbag.py:588} INFO - Filling up the DagBag from /home/airflow/.local/lib/python3.12/site-packages/airflow/example_dags/example_branch_python_dop_operator_3.py
[2024-10-14T02:30:08.263+0000] {processor.py:925} INFO - DAG(s) 'example_branch_dop_operator_v3' retrieved from /home/airflow/.local/lib/python3.12/site-packages/airflow/example_dags/example_branch_python_dop_operator_3.py
[2024-10-14T02:30:08.286+0000] {logging_mixin.py:190} INFO - [2024-10-14T02:30:08.286+0000] {dag.py:3239} INFO - Sync 1 DAGs
[2024-10-14T02:30:08.315+0000] {logging_mixin.py:190} INFO - [2024-10-14T02:30:08.315+0000] {dag.py:4180} INFO - Setting next_dagrun for example_branch_dop_operator_v3 to 2024-10-14 02:29:00+00:00, run_after=2024-10-14 02:30:00+00:00
[2024-10-14T02:30:08.337+0000] {processor.py:208} INFO - Processing /home/airflow/.local/lib/python3.12/site-packages/airflow/example_dags/example_branch_python_dop_operator_3.py took 0.094 seconds
[2024-10-14T02:30:41.084+0000] {processor.py:186} INFO - Started process (PID=555) to work on /home/airflow/.local/lib/python3.12/site-packages/airflow/example_dags/example_branch_python_dop_operator_3.py
[2024-10-14T02:30:41.085+0000] {processor.py:914} INFO - Processing file /home/airflow/.local/lib/python3.12/site-packages/airflow/example_dags/example_branch_python_dop_operator_3.py for tasks to queue
[2024-10-14T02:30:41.089+0000] {logging_mixin.py:190} INFO - [2024-10-14T02:30:41.088+0000] {dagbag.py:588} INFO - Filling up the DagBag from /home/airflow/.local/lib/python3.12/site-packages/airflow/example_dags/example_branch_python_dop_operator_3.py
[2024-10-14T02:30:41.099+0000] {processor.py:925} INFO - DAG(s) 'example_branch_dop_operator_v3' retrieved from /home/airflow/.local/lib/python3.12/site-packages/airflow/example_dags/example_branch_python_dop_operator_3.py
[2024-10-14T02:30:41.127+0000] {logging_mixin.py:190} INFO - [2024-10-14T02:30:41.127+0000] {dag.py:3239} INFO - Sync 1 DAGs
[2024-10-14T02:30:41.156+0000] {logging_mixin.py:190} INFO - [2024-10-14T02:30:41.156+0000] {dag.py:4180} INFO - Setting next_dagrun for example_branch_dop_operator_v3 to 2024-10-14 02:29:00+00:00, run_after=2024-10-14 02:30:00+00:00
[2024-10-14T02:30:41.177+0000] {processor.py:208} INFO - Processing /home/airflow/.local/lib/python3.12/site-packages/airflow/example_dags/example_branch_python_dop_operator_3.py took 0.098 seconds
[2024-10-14T02:31:14.256+0000] {processor.py:186} INFO - Started process (PID=618) to work on /home/airflow/.local/lib/python3.12/site-packages/airflow/example_dags/example_branch_python_dop_operator_3.py
[2024-10-14T02:31:14.257+0000] {processor.py:914} INFO - Processing file /home/airflow/.local/lib/python3.12/site-packages/airflow/example_dags/example_branch_python_dop_operator_3.py for tasks to queue
[2024-10-14T02:31:14.260+0000] {logging_mixin.py:190} INFO - [2024-10-14T02:31:14.259+0000] {dagbag.py:588} INFO - Filling up the DagBag from /home/airflow/.local/lib/python3.12/site-packages/airflow/example_dags/example_branch_python_dop_operator_3.py
[2024-10-14T02:31:14.271+0000] {processor.py:925} INFO - DAG(s) 'example_branch_dop_operator_v3' retrieved from /home/airflow/.local/lib/python3.12/site-packages/airflow/example_dags/example_branch_python_dop_operator_3.py
[2024-10-14T02:31:14.295+0000] {logging_mixin.py:190} INFO - [2024-10-14T02:31:14.295+0000] {dag.py:3239} INFO - Sync 1 DAGs
[2024-10-14T02:31:14.319+0000] {logging_mixin.py:190} INFO - [2024-10-14T02:31:14.318+0000] {dag.py:4180} INFO - Setting next_dagrun for example_branch_dop_operator_v3 to 2024-10-14 02:30:00+00:00, run_after=2024-10-14 02:31:00+00:00
[2024-10-14T02:31:14.343+0000] {processor.py:208} INFO - Processing /home/airflow/.local/lib/python3.12/site-packages/airflow/example_dags/example_branch_python_dop_operator_3.py took 0.091 seconds
[2024-10-14T02:31:47.709+0000] {processor.py:186} INFO - Started process (PID=681) to work on /home/airflow/.local/lib/python3.12/site-packages/airflow/example_dags/example_branch_python_dop_operator_3.py
[2024-10-14T02:31:47.710+0000] {processor.py:914} INFO - Processing file /home/airflow/.local/lib/python3.12/site-packages/airflow/example_dags/example_branch_python_dop_operator_3.py for tasks to queue
[2024-10-14T02:31:47.712+0000] {logging_mixin.py:190} INFO - [2024-10-14T02:31:47.712+0000] {dagbag.py:588} INFO - Filling up the DagBag from /home/airflow/.local/lib/python3.12/site-packages/airflow/example_dags/example_branch_python_dop_operator_3.py
[2024-10-14T02:31:47.723+0000] {processor.py:925} INFO - DAG(s) 'example_branch_dop_operator_v3' retrieved from /home/airflow/.local/lib/python3.12/site-packages/airflow/example_dags/example_branch_python_dop_operator_3.py
[2024-10-14T02:31:47.742+0000] {logging_mixin.py:190} INFO - [2024-10-14T02:31:47.742+0000] {dag.py:3239} INFO - Sync 1 DAGs
[2024-10-14T02:31:47.767+0000] {logging_mixin.py:190} INFO - [2024-10-14T02:31:47.767+0000] {dag.py:4180} INFO - Setting next_dagrun for example_branch_dop_operator_v3 to 2024-10-14 02:30:00+00:00, run_after=2024-10-14 02:31:00+00:00
[2024-10-14T02:31:47.785+0000] {processor.py:208} INFO - Processing /home/airflow/.local/lib/python3.12/site-packages/airflow/example_dags/example_branch_python_dop_operator_3.py took 0.082 seconds
[2024-10-14T02:32:19.872+0000] {processor.py:186} INFO - Started process (PID=744) to work on /home/airflow/.local/lib/python3.12/site-packages/airflow/example_dags/example_branch_python_dop_operator_3.py
[2024-10-14T02:32:19.873+0000] {processor.py:914} INFO - Processing file /home/airflow/.local/lib/python3.12/site-packages/airflow/example_dags/example_branch_python_dop_operator_3.py for tasks to queue
[2024-10-14T02:32:19.876+0000] {logging_mixin.py:190} INFO - [2024-10-14T02:32:19.876+0000] {dagbag.py:588} INFO - Filling up the DagBag from /home/airflow/.local/lib/python3.12/site-packages/airflow/example_dags/example_branch_python_dop_operator_3.py
[2024-10-14T02:32:19.888+0000] {processor.py:925} INFO - DAG(s) 'example_branch_dop_operator_v3' retrieved from /home/airflow/.local/lib/python3.12/site-packages/airflow/example_dags/example_branch_python_dop_operator_3.py
[2024-10-14T02:32:19.906+0000] {logging_mixin.py:190} INFO - [2024-10-14T02:32:19.905+0000] {dag.py:3239} INFO - Sync 1 DAGs
[2024-10-14T02:32:19.931+0000] {logging_mixin.py:190} INFO - [2024-10-14T02:32:19.931+0000] {dag.py:4180} INFO - Setting next_dagrun for example_branch_dop_operator_v3 to 2024-10-14 02:31:00+00:00, run_after=2024-10-14 02:32:00+00:00
[2024-10-14T02:32:19.969+0000] {processor.py:208} INFO - Processing /home/airflow/.local/lib/python3.12/site-packages/airflow/example_dags/example_branch_python_dop_operator_3.py took 0.104 seconds
[2024-10-14T02:32:53.624+0000] {processor.py:186} INFO - Started process (PID=807) to work on /home/airflow/.local/lib/python3.12/site-packages/airflow/example_dags/example_branch_python_dop_operator_3.py
[2024-10-14T02:32:53.625+0000] {processor.py:914} INFO - Processing file /home/airflow/.local/lib/python3.12/site-packages/airflow/example_dags/example_branch_python_dop_operator_3.py for tasks to queue
[2024-10-14T02:32:53.629+0000] {logging_mixin.py:190} INFO - [2024-10-14T02:32:53.628+0000] {dagbag.py:588} INFO - Filling up the DagBag from /home/airflow/.local/lib/python3.12/site-packages/airflow/example_dags/example_branch_python_dop_operator_3.py
[2024-10-14T02:32:53.643+0000] {processor.py:925} INFO - DAG(s) 'example_branch_dop_operator_v3' retrieved from /home/airflow/.local/lib/python3.12/site-packages/airflow/example_dags/example_branch_python_dop_operator_3.py
[2024-10-14T02:32:53.682+0000] {logging_mixin.py:190} INFO - [2024-10-14T02:32:53.682+0000] {dag.py:3239} INFO - Sync 1 DAGs
[2024-10-14T02:32:53.736+0000] {logging_mixin.py:190} INFO - [2024-10-14T02:32:53.736+0000] {dag.py:4180} INFO - Setting next_dagrun for example_branch_dop_operator_v3 to 2024-10-14 02:31:00+00:00, run_after=2024-10-14 02:32:00+00:00
[2024-10-14T02:32:53.758+0000] {processor.py:208} INFO - Processing /home/airflow/.local/lib/python3.12/site-packages/airflow/example_dags/example_branch_python_dop_operator_3.py took 0.143 seconds
[2024-10-14T02:33:25.845+0000] {processor.py:186} INFO - Started process (PID=872) to work on /home/airflow/.local/lib/python3.12/site-packages/airflow/example_dags/example_branch_python_dop_operator_3.py
[2024-10-14T02:33:25.846+0000] {processor.py:914} INFO - Processing file /home/airflow/.local/lib/python3.12/site-packages/airflow/example_dags/example_branch_python_dop_operator_3.py for tasks to queue
[2024-10-14T02:33:25.850+0000] {logging_mixin.py:190} INFO - [2024-10-14T02:33:25.850+0000] {dagbag.py:588} INFO - Filling up the DagBag from /home/airflow/.local/lib/python3.12/site-packages/airflow/example_dags/example_branch_python_dop_operator_3.py
[2024-10-14T02:33:25.859+0000] {processor.py:925} INFO - DAG(s) 'example_branch_dop_operator_v3' retrieved from /home/airflow/.local/lib/python3.12/site-packages/airflow/example_dags/example_branch_python_dop_operator_3.py
[2024-10-14T02:33:25.877+0000] {logging_mixin.py:190} INFO - [2024-10-14T02:33:25.877+0000] {dag.py:3239} INFO - Sync 1 DAGs
[2024-10-14T02:33:25.902+0000] {logging_mixin.py:190} INFO - [2024-10-14T02:33:25.902+0000] {dag.py:4180} INFO - Setting next_dagrun for example_branch_dop_operator_v3 to 2024-10-14 02:32:00+00:00, run_after=2024-10-14 02:33:00+00:00
[2024-10-14T02:33:25.922+0000] {processor.py:208} INFO - Processing /home/airflow/.local/lib/python3.12/site-packages/airflow/example_dags/example_branch_python_dop_operator_3.py took 0.081 seconds
[2024-10-14T02:33:59.577+0000] {processor.py:186} INFO - Started process (PID=934) to work on /home/airflow/.local/lib/python3.12/site-packages/airflow/example_dags/example_branch_python_dop_operator_3.py
[2024-10-14T02:33:59.578+0000] {processor.py:914} INFO - Processing file /home/airflow/.local/lib/python3.12/site-packages/airflow/example_dags/example_branch_python_dop_operator_3.py for tasks to queue
[2024-10-14T02:33:59.581+0000] {logging_mixin.py:190} INFO - [2024-10-14T02:33:59.581+0000] {dagbag.py:588} INFO - Filling up the DagBag from /home/airflow/.local/lib/python3.12/site-packages/airflow/example_dags/example_branch_python_dop_operator_3.py
[2024-10-14T02:33:59.592+0000] {processor.py:925} INFO - DAG(s) 'example_branch_dop_operator_v3' retrieved from /home/airflow/.local/lib/python3.12/site-packages/airflow/example_dags/example_branch_python_dop_operator_3.py
[2024-10-14T02:33:59.612+0000] {logging_mixin.py:190} INFO - [2024-10-14T02:33:59.612+0000] {dag.py:3239} INFO - Sync 1 DAGs
[2024-10-14T02:33:59.642+0000] {logging_mixin.py:190} INFO - [2024-10-14T02:33:59.642+0000] {dag.py:4180} INFO - Setting next_dagrun for example_branch_dop_operator_v3 to 2024-10-14 02:32:00+00:00, run_after=2024-10-14 02:33:00+00:00
[2024-10-14T02:33:59.663+0000] {processor.py:208} INFO - Processing /home/airflow/.local/lib/python3.12/site-packages/airflow/example_dags/example_branch_python_dop_operator_3.py took 0.093 seconds
[2024-10-14T02:34:32.837+0000] {processor.py:186} INFO - Started process (PID=998) to work on /home/airflow/.local/lib/python3.12/site-packages/airflow/example_dags/example_branch_python_dop_operator_3.py
[2024-10-14T02:34:32.838+0000] {processor.py:914} INFO - Processing file /home/airflow/.local/lib/python3.12/site-packages/airflow/example_dags/example_branch_python_dop_operator_3.py for tasks to queue
[2024-10-14T02:34:32.842+0000] {logging_mixin.py:190} INFO - [2024-10-14T02:34:32.842+0000] {dagbag.py:588} INFO - Filling up the DagBag from /home/airflow/.local/lib/python3.12/site-packages/airflow/example_dags/example_branch_python_dop_operator_3.py
[2024-10-14T02:34:32.858+0000] {processor.py:925} INFO - DAG(s) 'example_branch_dop_operator_v3' retrieved from /home/airflow/.local/lib/python3.12/site-packages/airflow/example_dags/example_branch_python_dop_operator_3.py
[2024-10-14T02:34:32.887+0000] {logging_mixin.py:190} INFO - [2024-10-14T02:34:32.886+0000] {dag.py:3239} INFO - Sync 1 DAGs
[2024-10-14T02:34:32.917+0000] {logging_mixin.py:190} INFO - [2024-10-14T02:34:32.917+0000] {dag.py:4180} INFO - Setting next_dagrun for example_branch_dop_operator_v3 to 2024-10-14 02:33:00+00:00, run_after=2024-10-14 02:34:00+00:00
[2024-10-14T02:34:32.944+0000] {processor.py:208} INFO - Processing /home/airflow/.local/lib/python3.12/site-packages/airflow/example_dags/example_branch_python_dop_operator_3.py took 0.114 seconds
[2024-10-14T02:35:05.963+0000] {processor.py:186} INFO - Started process (PID=1061) to work on /home/airflow/.local/lib/python3.12/site-packages/airflow/example_dags/example_branch_python_dop_operator_3.py
[2024-10-14T02:35:05.964+0000] {processor.py:914} INFO - Processing file /home/airflow/.local/lib/python3.12/site-packages/airflow/example_dags/example_branch_python_dop_operator_3.py for tasks to queue
[2024-10-14T02:35:05.967+0000] {logging_mixin.py:190} INFO - [2024-10-14T02:35:05.967+0000] {dagbag.py:588} INFO - Filling up the DagBag from /home/airflow/.local/lib/python3.12/site-packages/airflow/example_dags/example_branch_python_dop_operator_3.py
[2024-10-14T02:35:05.976+0000] {processor.py:925} INFO - DAG(s) 'example_branch_dop_operator_v3' retrieved from /home/airflow/.local/lib/python3.12/site-packages/airflow/example_dags/example_branch_python_dop_operator_3.py
[2024-10-14T02:35:06.002+0000] {logging_mixin.py:190} INFO - [2024-10-14T02:35:06.001+0000] {dag.py:3239} INFO - Sync 1 DAGs
[2024-10-14T02:35:06.033+0000] {logging_mixin.py:190} INFO - [2024-10-14T02:35:06.033+0000] {dag.py:4180} INFO - Setting next_dagrun for example_branch_dop_operator_v3 to 2024-10-14 02:34:00+00:00, run_after=2024-10-14 02:35:00+00:00
[2024-10-14T02:35:06.057+0000] {processor.py:208} INFO - Processing /home/airflow/.local/lib/python3.12/site-packages/airflow/example_dags/example_branch_python_dop_operator_3.py took 0.100 seconds
[2024-10-14T02:35:39.027+0000] {processor.py:186} INFO - Started process (PID=1123) to work on /home/airflow/.local/lib/python3.12/site-packages/airflow/example_dags/example_branch_python_dop_operator_3.py
[2024-10-14T02:35:39.029+0000] {processor.py:914} INFO - Processing file /home/airflow/.local/lib/python3.12/site-packages/airflow/example_dags/example_branch_python_dop_operator_3.py for tasks to queue
[2024-10-14T02:35:39.032+0000] {logging_mixin.py:190} INFO - [2024-10-14T02:35:39.032+0000] {dagbag.py:588} INFO - Filling up the DagBag from /home/airflow/.local/lib/python3.12/site-packages/airflow/example_dags/example_branch_python_dop_operator_3.py
[2024-10-14T02:35:39.043+0000] {processor.py:925} INFO - DAG(s) 'example_branch_dop_operator_v3' retrieved from /home/airflow/.local/lib/python3.12/site-packages/airflow/example_dags/example_branch_python_dop_operator_3.py
[2024-10-14T02:35:39.066+0000] {logging_mixin.py:190} INFO - [2024-10-14T02:35:39.065+0000] {dag.py:3239} INFO - Sync 1 DAGs
[2024-10-14T02:35:39.102+0000] {logging_mixin.py:190} INFO - [2024-10-14T02:35:39.102+0000] {dag.py:4180} INFO - Setting next_dagrun for example_branch_dop_operator_v3 to 2024-10-14 02:34:00+00:00, run_after=2024-10-14 02:35:00+00:00
[2024-10-14T02:35:39.123+0000] {processor.py:208} INFO - Processing /home/airflow/.local/lib/python3.12/site-packages/airflow/example_dags/example_branch_python_dop_operator_3.py took 0.103 seconds
[2024-10-14T02:36:12.757+0000] {processor.py:186} INFO - Started process (PID=1187) to work on /home/airflow/.local/lib/python3.12/site-packages/airflow/example_dags/example_branch_python_dop_operator_3.py
[2024-10-14T02:36:12.758+0000] {processor.py:914} INFO - Processing file /home/airflow/.local/lib/python3.12/site-packages/airflow/example_dags/example_branch_python_dop_operator_3.py for tasks to queue
[2024-10-14T02:36:12.761+0000] {logging_mixin.py:190} INFO - [2024-10-14T02:36:12.761+0000] {dagbag.py:588} INFO - Filling up the DagBag from /home/airflow/.local/lib/python3.12/site-packages/airflow/example_dags/example_branch_python_dop_operator_3.py
[2024-10-14T02:36:12.771+0000] {processor.py:925} INFO - DAG(s) 'example_branch_dop_operator_v3' retrieved from /home/airflow/.local/lib/python3.12/site-packages/airflow/example_dags/example_branch_python_dop_operator_3.py
[2024-10-14T02:36:12.789+0000] {logging_mixin.py:190} INFO - [2024-10-14T02:36:12.789+0000] {dag.py:3239} INFO - Sync 1 DAGs
[2024-10-14T02:36:12.813+0000] {logging_mixin.py:190} INFO - [2024-10-14T02:36:12.813+0000] {dag.py:4180} INFO - Setting next_dagrun for example_branch_dop_operator_v3 to 2024-10-14 02:35:00+00:00, run_after=2024-10-14 02:36:00+00:00
[2024-10-14T02:36:12.833+0000] {processor.py:208} INFO - Processing /home/airflow/.local/lib/python3.12/site-packages/airflow/example_dags/example_branch_python_dop_operator_3.py took 0.083 seconds
[2024-10-14T02:37:50.651+0000] {processor.py:186} INFO - Started process (PID=114) to work on /home/airflow/.local/lib/python3.12/site-packages/airflow/example_dags/example_branch_python_dop_operator_3.py
[2024-10-14T02:37:50.652+0000] {processor.py:914} INFO - Processing file /home/airflow/.local/lib/python3.12/site-packages/airflow/example_dags/example_branch_python_dop_operator_3.py for tasks to queue
[2024-10-14T02:37:50.655+0000] {logging_mixin.py:190} INFO - [2024-10-14T02:37:50.655+0000] {dagbag.py:588} INFO - Filling up the DagBag from /home/airflow/.local/lib/python3.12/site-packages/airflow/example_dags/example_branch_python_dop_operator_3.py
[2024-10-14T02:37:50.666+0000] {processor.py:925} INFO - DAG(s) 'example_branch_dop_operator_v3' retrieved from /home/airflow/.local/lib/python3.12/site-packages/airflow/example_dags/example_branch_python_dop_operator_3.py
[2024-10-14T02:37:50.691+0000] {logging_mixin.py:190} INFO - [2024-10-14T02:37:50.690+0000] {dag.py:3239} INFO - Sync 1 DAGs
[2024-10-14T02:37:50.724+0000] {logging_mixin.py:190} INFO - [2024-10-14T02:37:50.724+0000] {dag.py:4180} INFO - Setting next_dagrun for example_branch_dop_operator_v3 to 2024-10-14 02:36:00+00:00, run_after=2024-10-14 02:37:00+00:00
[2024-10-14T02:37:50.744+0000] {processor.py:208} INFO - Processing /home/airflow/.local/lib/python3.12/site-packages/airflow/example_dags/example_branch_python_dop_operator_3.py took 0.102 seconds
[2024-10-14T02:38:23.462+0000] {processor.py:186} INFO - Started process (PID=178) to work on /home/airflow/.local/lib/python3.12/site-packages/airflow/example_dags/example_branch_python_dop_operator_3.py
[2024-10-14T02:38:23.463+0000] {processor.py:914} INFO - Processing file /home/airflow/.local/lib/python3.12/site-packages/airflow/example_dags/example_branch_python_dop_operator_3.py for tasks to queue
[2024-10-14T02:38:23.466+0000] {logging_mixin.py:190} INFO - [2024-10-14T02:38:23.465+0000] {dagbag.py:588} INFO - Filling up the DagBag from /home/airflow/.local/lib/python3.12/site-packages/airflow/example_dags/example_branch_python_dop_operator_3.py
[2024-10-14T02:38:23.476+0000] {processor.py:925} INFO - DAG(s) 'example_branch_dop_operator_v3' retrieved from /home/airflow/.local/lib/python3.12/site-packages/airflow/example_dags/example_branch_python_dop_operator_3.py
[2024-10-14T02:38:23.495+0000] {logging_mixin.py:190} INFO - [2024-10-14T02:38:23.495+0000] {dag.py:3239} INFO - Sync 1 DAGs
[2024-10-14T02:38:23.520+0000] {logging_mixin.py:190} INFO - [2024-10-14T02:38:23.520+0000] {dag.py:4180} INFO - Setting next_dagrun for example_branch_dop_operator_v3 to 2024-10-14 02:37:00+00:00, run_after=2024-10-14 02:38:00+00:00
[2024-10-14T02:38:23.538+0000] {processor.py:208} INFO - Processing /home/airflow/.local/lib/python3.12/site-packages/airflow/example_dags/example_branch_python_dop_operator_3.py took 0.084 seconds
[2024-10-14T02:38:58.817+0000] {processor.py:186} INFO - Started process (PID=243) to work on /home/airflow/.local/lib/python3.12/site-packages/airflow/example_dags/example_branch_python_dop_operator_3.py
[2024-10-14T02:38:58.819+0000] {processor.py:914} INFO - Processing file /home/airflow/.local/lib/python3.12/site-packages/airflow/example_dags/example_branch_python_dop_operator_3.py for tasks to queue
[2024-10-14T02:38:58.823+0000] {logging_mixin.py:190} INFO - [2024-10-14T02:38:58.822+0000] {dagbag.py:588} INFO - Filling up the DagBag from /home/airflow/.local/lib/python3.12/site-packages/airflow/example_dags/example_branch_python_dop_operator_3.py
[2024-10-14T02:38:58.849+0000] {processor.py:925} INFO - DAG(s) 'example_branch_dop_operator_v3' retrieved from /home/airflow/.local/lib/python3.12/site-packages/airflow/example_dags/example_branch_python_dop_operator_3.py
[2024-10-14T02:38:58.878+0000] {logging_mixin.py:190} INFO - [2024-10-14T02:38:58.878+0000] {dag.py:3239} INFO - Sync 1 DAGs
[2024-10-14T02:38:58.924+0000] {logging_mixin.py:190} INFO - [2024-10-14T02:38:58.923+0000] {dag.py:4180} INFO - Setting next_dagrun for example_branch_dop_operator_v3 to 2024-10-14 02:37:00+00:00, run_after=2024-10-14 02:38:00+00:00
[2024-10-14T02:38:58.950+0000] {processor.py:208} INFO - Processing /home/airflow/.local/lib/python3.12/site-packages/airflow/example_dags/example_branch_python_dop_operator_3.py took 0.149 seconds
[2024-10-14T02:39:30.415+0000] {processor.py:186} INFO - Started process (PID=307) to work on /home/airflow/.local/lib/python3.12/site-packages/airflow/example_dags/example_branch_python_dop_operator_3.py
[2024-10-14T02:39:30.417+0000] {processor.py:914} INFO - Processing file /home/airflow/.local/lib/python3.12/site-packages/airflow/example_dags/example_branch_python_dop_operator_3.py for tasks to queue
[2024-10-14T02:39:30.422+0000] {logging_mixin.py:190} INFO - [2024-10-14T02:39:30.421+0000] {dagbag.py:588} INFO - Filling up the DagBag from /home/airflow/.local/lib/python3.12/site-packages/airflow/example_dags/example_branch_python_dop_operator_3.py
[2024-10-14T02:39:30.434+0000] {processor.py:925} INFO - DAG(s) 'example_branch_dop_operator_v3' retrieved from /home/airflow/.local/lib/python3.12/site-packages/airflow/example_dags/example_branch_python_dop_operator_3.py
[2024-10-14T02:39:30.464+0000] {logging_mixin.py:190} INFO - [2024-10-14T02:39:30.464+0000] {dag.py:3239} INFO - Sync 1 DAGs
[2024-10-14T02:39:30.529+0000] {logging_mixin.py:190} INFO - [2024-10-14T02:39:30.529+0000] {dag.py:4180} INFO - Setting next_dagrun for example_branch_dop_operator_v3 to 2024-10-14 02:38:00+00:00, run_after=2024-10-14 02:39:00+00:00
[2024-10-14T02:39:30.565+0000] {processor.py:208} INFO - Processing /home/airflow/.local/lib/python3.12/site-packages/airflow/example_dags/example_branch_python_dop_operator_3.py took 0.165 seconds
[2024-10-14T02:40:03.512+0000] {processor.py:186} INFO - Started process (PID=371) to work on /home/airflow/.local/lib/python3.12/site-packages/airflow/example_dags/example_branch_python_dop_operator_3.py
[2024-10-14T02:40:03.513+0000] {processor.py:914} INFO - Processing file /home/airflow/.local/lib/python3.12/site-packages/airflow/example_dags/example_branch_python_dop_operator_3.py for tasks to queue
[2024-10-14T02:40:03.516+0000] {logging_mixin.py:190} INFO - [2024-10-14T02:40:03.516+0000] {dagbag.py:588} INFO - Filling up the DagBag from /home/airflow/.local/lib/python3.12/site-packages/airflow/example_dags/example_branch_python_dop_operator_3.py
[2024-10-14T02:40:03.528+0000] {processor.py:925} INFO - DAG(s) 'example_branch_dop_operator_v3' retrieved from /home/airflow/.local/lib/python3.12/site-packages/airflow/example_dags/example_branch_python_dop_operator_3.py
[2024-10-14T02:40:03.552+0000] {logging_mixin.py:190} INFO - [2024-10-14T02:40:03.549+0000] {dag.py:3239} INFO - Sync 1 DAGs
[2024-10-14T02:40:03.585+0000] {logging_mixin.py:190} INFO - [2024-10-14T02:40:03.585+0000] {dag.py:4180} INFO - Setting next_dagrun for example_branch_dop_operator_v3 to 2024-10-14 02:39:00+00:00, run_after=2024-10-14 02:40:00+00:00
[2024-10-14T02:40:03.605+0000] {processor.py:208} INFO - Processing /home/airflow/.local/lib/python3.12/site-packages/airflow/example_dags/example_branch_python_dop_operator_3.py took 0.099 seconds
[2024-10-14T02:40:36.204+0000] {processor.py:186} INFO - Started process (PID=435) to work on /home/airflow/.local/lib/python3.12/site-packages/airflow/example_dags/example_branch_python_dop_operator_3.py
[2024-10-14T02:40:36.205+0000] {processor.py:914} INFO - Processing file /home/airflow/.local/lib/python3.12/site-packages/airflow/example_dags/example_branch_python_dop_operator_3.py for tasks to queue
[2024-10-14T02:40:36.208+0000] {logging_mixin.py:190} INFO - [2024-10-14T02:40:36.207+0000] {dagbag.py:588} INFO - Filling up the DagBag from /home/airflow/.local/lib/python3.12/site-packages/airflow/example_dags/example_branch_python_dop_operator_3.py
[2024-10-14T02:40:36.217+0000] {processor.py:925} INFO - DAG(s) 'example_branch_dop_operator_v3' retrieved from /home/airflow/.local/lib/python3.12/site-packages/airflow/example_dags/example_branch_python_dop_operator_3.py
[2024-10-14T02:40:36.236+0000] {logging_mixin.py:190} INFO - [2024-10-14T02:40:36.235+0000] {dag.py:3239} INFO - Sync 1 DAGs
[2024-10-14T02:40:36.262+0000] {logging_mixin.py:190} INFO - [2024-10-14T02:40:36.262+0000] {dag.py:4180} INFO - Setting next_dagrun for example_branch_dop_operator_v3 to 2024-10-14 02:39:00+00:00, run_after=2024-10-14 02:40:00+00:00
[2024-10-14T02:40:36.284+0000] {processor.py:208} INFO - Processing /home/airflow/.local/lib/python3.12/site-packages/airflow/example_dags/example_branch_python_dop_operator_3.py took 0.086 seconds
[2024-10-14T02:41:08.152+0000] {processor.py:186} INFO - Started process (PID=499) to work on /home/airflow/.local/lib/python3.12/site-packages/airflow/example_dags/example_branch_python_dop_operator_3.py
[2024-10-14T02:41:08.153+0000] {processor.py:914} INFO - Processing file /home/airflow/.local/lib/python3.12/site-packages/airflow/example_dags/example_branch_python_dop_operator_3.py for tasks to queue
[2024-10-14T02:41:08.155+0000] {logging_mixin.py:190} INFO - [2024-10-14T02:41:08.155+0000] {dagbag.py:588} INFO - Filling up the DagBag from /home/airflow/.local/lib/python3.12/site-packages/airflow/example_dags/example_branch_python_dop_operator_3.py
[2024-10-14T02:41:08.165+0000] {processor.py:925} INFO - DAG(s) 'example_branch_dop_operator_v3' retrieved from /home/airflow/.local/lib/python3.12/site-packages/airflow/example_dags/example_branch_python_dop_operator_3.py
[2024-10-14T02:41:08.185+0000] {logging_mixin.py:190} INFO - [2024-10-14T02:41:08.185+0000] {dag.py:3239} INFO - Sync 1 DAGs
[2024-10-14T02:41:08.209+0000] {logging_mixin.py:190} INFO - [2024-10-14T02:41:08.208+0000] {dag.py:4180} INFO - Setting next_dagrun for example_branch_dop_operator_v3 to 2024-10-14 02:40:00+00:00, run_after=2024-10-14 02:41:00+00:00
[2024-10-14T02:41:08.230+0000] {processor.py:208} INFO - Processing /home/airflow/.local/lib/python3.12/site-packages/airflow/example_dags/example_branch_python_dop_operator_3.py took 0.084 seconds
[2024-10-14T02:41:41.408+0000] {processor.py:186} INFO - Started process (PID=563) to work on /home/airflow/.local/lib/python3.12/site-packages/airflow/example_dags/example_branch_python_dop_operator_3.py
[2024-10-14T02:41:41.409+0000] {processor.py:914} INFO - Processing file /home/airflow/.local/lib/python3.12/site-packages/airflow/example_dags/example_branch_python_dop_operator_3.py for tasks to queue
[2024-10-14T02:41:41.412+0000] {logging_mixin.py:190} INFO - [2024-10-14T02:41:41.411+0000] {dagbag.py:588} INFO - Filling up the DagBag from /home/airflow/.local/lib/python3.12/site-packages/airflow/example_dags/example_branch_python_dop_operator_3.py
[2024-10-14T02:41:41.421+0000] {processor.py:925} INFO - DAG(s) 'example_branch_dop_operator_v3' retrieved from /home/airflow/.local/lib/python3.12/site-packages/airflow/example_dags/example_branch_python_dop_operator_3.py
[2024-10-14T02:41:41.442+0000] {logging_mixin.py:190} INFO - [2024-10-14T02:41:41.442+0000] {dag.py:3239} INFO - Sync 1 DAGs
[2024-10-14T02:41:41.466+0000] {logging_mixin.py:190} INFO - [2024-10-14T02:41:41.466+0000] {dag.py:4180} INFO - Setting next_dagrun for example_branch_dop_operator_v3 to 2024-10-14 02:40:00+00:00, run_after=2024-10-14 02:41:00+00:00
[2024-10-14T02:41:41.489+0000] {processor.py:208} INFO - Processing /home/airflow/.local/lib/python3.12/site-packages/airflow/example_dags/example_branch_python_dop_operator_3.py took 0.086 seconds
[2024-10-14T02:42:14.986+0000] {processor.py:186} INFO - Started process (PID=627) to work on /home/airflow/.local/lib/python3.12/site-packages/airflow/example_dags/example_branch_python_dop_operator_3.py
[2024-10-14T02:42:14.987+0000] {processor.py:914} INFO - Processing file /home/airflow/.local/lib/python3.12/site-packages/airflow/example_dags/example_branch_python_dop_operator_3.py for tasks to queue
[2024-10-14T02:42:14.989+0000] {logging_mixin.py:190} INFO - [2024-10-14T02:42:14.989+0000] {dagbag.py:588} INFO - Filling up the DagBag from /home/airflow/.local/lib/python3.12/site-packages/airflow/example_dags/example_branch_python_dop_operator_3.py
[2024-10-14T02:42:15.000+0000] {processor.py:925} INFO - DAG(s) 'example_branch_dop_operator_v3' retrieved from /home/airflow/.local/lib/python3.12/site-packages/airflow/example_dags/example_branch_python_dop_operator_3.py
[2024-10-14T02:42:15.023+0000] {logging_mixin.py:190} INFO - [2024-10-14T02:42:15.023+0000] {dag.py:3239} INFO - Sync 1 DAGs
[2024-10-14T02:42:15.053+0000] {logging_mixin.py:190} INFO - [2024-10-14T02:42:15.052+0000] {dag.py:4180} INFO - Setting next_dagrun for example_branch_dop_operator_v3 to 2024-10-14 02:41:00+00:00, run_after=2024-10-14 02:42:00+00:00
[2024-10-14T02:42:15.077+0000] {processor.py:208} INFO - Processing /home/airflow/.local/lib/python3.12/site-packages/airflow/example_dags/example_branch_python_dop_operator_3.py took 0.098 seconds
[2024-10-14T02:42:47.994+0000] {processor.py:186} INFO - Started process (PID=691) to work on /home/airflow/.local/lib/python3.12/site-packages/airflow/example_dags/example_branch_python_dop_operator_3.py
[2024-10-14T02:42:47.995+0000] {processor.py:914} INFO - Processing file /home/airflow/.local/lib/python3.12/site-packages/airflow/example_dags/example_branch_python_dop_operator_3.py for tasks to queue
[2024-10-14T02:42:47.998+0000] {logging_mixin.py:190} INFO - [2024-10-14T02:42:47.997+0000] {dagbag.py:588} INFO - Filling up the DagBag from /home/airflow/.local/lib/python3.12/site-packages/airflow/example_dags/example_branch_python_dop_operator_3.py
[2024-10-14T02:42:48.006+0000] {processor.py:925} INFO - DAG(s) 'example_branch_dop_operator_v3' retrieved from /home/airflow/.local/lib/python3.12/site-packages/airflow/example_dags/example_branch_python_dop_operator_3.py
[2024-10-14T02:42:48.025+0000] {logging_mixin.py:190} INFO - [2024-10-14T02:42:48.025+0000] {dag.py:3239} INFO - Sync 1 DAGs
[2024-10-14T02:42:48.050+0000] {logging_mixin.py:190} INFO - [2024-10-14T02:42:48.050+0000] {dag.py:4180} INFO - Setting next_dagrun for example_branch_dop_operator_v3 to 2024-10-14 02:41:00+00:00, run_after=2024-10-14 02:42:00+00:00
[2024-10-14T02:42:48.071+0000] {processor.py:208} INFO - Processing /home/airflow/.local/lib/python3.12/site-packages/airflow/example_dags/example_branch_python_dop_operator_3.py took 0.082 seconds
[2024-10-14T02:43:21.187+0000] {processor.py:186} INFO - Started process (PID=755) to work on /home/airflow/.local/lib/python3.12/site-packages/airflow/example_dags/example_branch_python_dop_operator_3.py
[2024-10-14T02:43:21.188+0000] {processor.py:914} INFO - Processing file /home/airflow/.local/lib/python3.12/site-packages/airflow/example_dags/example_branch_python_dop_operator_3.py for tasks to queue
[2024-10-14T02:43:21.192+0000] {logging_mixin.py:190} INFO - [2024-10-14T02:43:21.191+0000] {dagbag.py:588} INFO - Filling up the DagBag from /home/airflow/.local/lib/python3.12/site-packages/airflow/example_dags/example_branch_python_dop_operator_3.py
[2024-10-14T02:43:21.204+0000] {processor.py:925} INFO - DAG(s) 'example_branch_dop_operator_v3' retrieved from /home/airflow/.local/lib/python3.12/site-packages/airflow/example_dags/example_branch_python_dop_operator_3.py
[2024-10-14T02:43:21.224+0000] {logging_mixin.py:190} INFO - [2024-10-14T02:43:21.224+0000] {dag.py:3239} INFO - Sync 1 DAGs
[2024-10-14T02:43:21.247+0000] {logging_mixin.py:190} INFO - [2024-10-14T02:43:21.247+0000] {dag.py:4180} INFO - Setting next_dagrun for example_branch_dop_operator_v3 to 2024-10-14 02:42:00+00:00, run_after=2024-10-14 02:43:00+00:00
[2024-10-14T02:43:21.266+0000] {processor.py:208} INFO - Processing /home/airflow/.local/lib/python3.12/site-packages/airflow/example_dags/example_branch_python_dop_operator_3.py took 0.085 seconds
[2024-10-14T02:43:54.296+0000] {processor.py:186} INFO - Started process (PID=821) to work on /home/airflow/.local/lib/python3.12/site-packages/airflow/example_dags/example_branch_python_dop_operator_3.py
[2024-10-14T02:43:54.298+0000] {processor.py:914} INFO - Processing file /home/airflow/.local/lib/python3.12/site-packages/airflow/example_dags/example_branch_python_dop_operator_3.py for tasks to queue
[2024-10-14T02:43:54.301+0000] {logging_mixin.py:190} INFO - [2024-10-14T02:43:54.301+0000] {dagbag.py:588} INFO - Filling up the DagBag from /home/airflow/.local/lib/python3.12/site-packages/airflow/example_dags/example_branch_python_dop_operator_3.py
[2024-10-14T02:43:54.313+0000] {processor.py:925} INFO - DAG(s) 'example_branch_dop_operator_v3' retrieved from /home/airflow/.local/lib/python3.12/site-packages/airflow/example_dags/example_branch_python_dop_operator_3.py
[2024-10-14T02:43:54.337+0000] {logging_mixin.py:190} INFO - [2024-10-14T02:43:54.337+0000] {dag.py:3239} INFO - Sync 1 DAGs
[2024-10-14T02:43:54.367+0000] {logging_mixin.py:190} INFO - [2024-10-14T02:43:54.367+0000] {dag.py:4180} INFO - Setting next_dagrun for example_branch_dop_operator_v3 to 2024-10-14 02:42:00+00:00, run_after=2024-10-14 02:43:00+00:00
[2024-10-14T02:43:54.391+0000] {processor.py:208} INFO - Processing /home/airflow/.local/lib/python3.12/site-packages/airflow/example_dags/example_branch_python_dop_operator_3.py took 0.102 seconds
[2024-10-14T02:44:28.662+0000] {processor.py:186} INFO - Started process (PID=889) to work on /home/airflow/.local/lib/python3.12/site-packages/airflow/example_dags/example_branch_python_dop_operator_3.py
[2024-10-14T02:44:28.663+0000] {processor.py:914} INFO - Processing file /home/airflow/.local/lib/python3.12/site-packages/airflow/example_dags/example_branch_python_dop_operator_3.py for tasks to queue
[2024-10-14T02:44:28.665+0000] {logging_mixin.py:190} INFO - [2024-10-14T02:44:28.665+0000] {dagbag.py:588} INFO - Filling up the DagBag from /home/airflow/.local/lib/python3.12/site-packages/airflow/example_dags/example_branch_python_dop_operator_3.py
[2024-10-14T02:44:28.676+0000] {processor.py:925} INFO - DAG(s) 'example_branch_dop_operator_v3' retrieved from /home/airflow/.local/lib/python3.12/site-packages/airflow/example_dags/example_branch_python_dop_operator_3.py
[2024-10-14T02:44:28.698+0000] {logging_mixin.py:190} INFO - [2024-10-14T02:44:28.697+0000] {dag.py:3239} INFO - Sync 1 DAGs
[2024-10-14T02:44:28.724+0000] {logging_mixin.py:190} INFO - [2024-10-14T02:44:28.724+0000] {dag.py:4180} INFO - Setting next_dagrun for example_branch_dop_operator_v3 to 2024-10-14 02:43:00+00:00, run_after=2024-10-14 02:44:00+00:00
[2024-10-14T02:44:28.748+0000] {processor.py:208} INFO - Processing /home/airflow/.local/lib/python3.12/site-packages/airflow/example_dags/example_branch_python_dop_operator_3.py took 0.091 seconds
[2024-10-14T02:45:01.610+0000] {processor.py:186} INFO - Started process (PID=956) to work on /home/airflow/.local/lib/python3.12/site-packages/airflow/example_dags/example_branch_python_dop_operator_3.py
[2024-10-14T02:45:01.612+0000] {processor.py:914} INFO - Processing file /home/airflow/.local/lib/python3.12/site-packages/airflow/example_dags/example_branch_python_dop_operator_3.py for tasks to queue
[2024-10-14T02:45:01.614+0000] {logging_mixin.py:190} INFO - [2024-10-14T02:45:01.614+0000] {dagbag.py:588} INFO - Filling up the DagBag from /home/airflow/.local/lib/python3.12/site-packages/airflow/example_dags/example_branch_python_dop_operator_3.py
[2024-10-14T02:45:01.627+0000] {processor.py:925} INFO - DAG(s) 'example_branch_dop_operator_v3' retrieved from /home/airflow/.local/lib/python3.12/site-packages/airflow/example_dags/example_branch_python_dop_operator_3.py
[2024-10-14T02:45:01.651+0000] {logging_mixin.py:190} INFO - [2024-10-14T02:45:01.651+0000] {dag.py:3239} INFO - Sync 1 DAGs
[2024-10-14T02:45:01.697+0000] {logging_mixin.py:190} INFO - [2024-10-14T02:45:01.697+0000] {dag.py:4180} INFO - Setting next_dagrun for example_branch_dop_operator_v3 to 2024-10-14 02:44:00+00:00, run_after=2024-10-14 02:45:00+00:00
[2024-10-14T02:45:01.726+0000] {processor.py:208} INFO - Processing /home/airflow/.local/lib/python3.12/site-packages/airflow/example_dags/example_branch_python_dop_operator_3.py took 0.123 seconds
[2024-10-14T02:45:34.036+0000] {processor.py:186} INFO - Started process (PID=1020) to work on /home/airflow/.local/lib/python3.12/site-packages/airflow/example_dags/example_branch_python_dop_operator_3.py
[2024-10-14T02:45:34.037+0000] {processor.py:914} INFO - Processing file /home/airflow/.local/lib/python3.12/site-packages/airflow/example_dags/example_branch_python_dop_operator_3.py for tasks to queue
[2024-10-14T02:45:34.040+0000] {logging_mixin.py:190} INFO - [2024-10-14T02:45:34.039+0000] {dagbag.py:588} INFO - Filling up the DagBag from /home/airflow/.local/lib/python3.12/site-packages/airflow/example_dags/example_branch_python_dop_operator_3.py
[2024-10-14T02:45:34.049+0000] {processor.py:925} INFO - DAG(s) 'example_branch_dop_operator_v3' retrieved from /home/airflow/.local/lib/python3.12/site-packages/airflow/example_dags/example_branch_python_dop_operator_3.py
[2024-10-14T02:45:34.070+0000] {logging_mixin.py:190} INFO - [2024-10-14T02:45:34.070+0000] {dag.py:3239} INFO - Sync 1 DAGs
[2024-10-14T02:45:34.098+0000] {logging_mixin.py:190} INFO - [2024-10-14T02:45:34.098+0000] {dag.py:4180} INFO - Setting next_dagrun for example_branch_dop_operator_v3 to 2024-10-14 02:44:00+00:00, run_after=2024-10-14 02:45:00+00:00
[2024-10-14T02:45:34.119+0000] {processor.py:208} INFO - Processing /home/airflow/.local/lib/python3.12/site-packages/airflow/example_dags/example_branch_python_dop_operator_3.py took 0.089 seconds
[2024-10-14T02:46:07.865+0000] {processor.py:186} INFO - Started process (PID=1084) to work on /home/airflow/.local/lib/python3.12/site-packages/airflow/example_dags/example_branch_python_dop_operator_3.py
[2024-10-14T02:46:07.867+0000] {processor.py:914} INFO - Processing file /home/airflow/.local/lib/python3.12/site-packages/airflow/example_dags/example_branch_python_dop_operator_3.py for tasks to queue
[2024-10-14T02:46:07.870+0000] {logging_mixin.py:190} INFO - [2024-10-14T02:46:07.869+0000] {dagbag.py:588} INFO - Filling up the DagBag from /home/airflow/.local/lib/python3.12/site-packages/airflow/example_dags/example_branch_python_dop_operator_3.py
[2024-10-14T02:46:07.886+0000] {processor.py:925} INFO - DAG(s) 'example_branch_dop_operator_v3' retrieved from /home/airflow/.local/lib/python3.12/site-packages/airflow/example_dags/example_branch_python_dop_operator_3.py
[2024-10-14T02:46:07.922+0000] {logging_mixin.py:190} INFO - [2024-10-14T02:46:07.921+0000] {dag.py:3239} INFO - Sync 1 DAGs
[2024-10-14T02:46:07.968+0000] {logging_mixin.py:190} INFO - [2024-10-14T02:46:07.968+0000] {dag.py:4180} INFO - Setting next_dagrun for example_branch_dop_operator_v3 to 2024-10-14 02:45:00+00:00, run_after=2024-10-14 02:46:00+00:00
[2024-10-14T02:46:08.000+0000] {processor.py:208} INFO - Processing /home/airflow/.local/lib/python3.12/site-packages/airflow/example_dags/example_branch_python_dop_operator_3.py took 0.142 seconds
[2024-10-14T02:46:40.189+0000] {processor.py:186} INFO - Started process (PID=1148) to work on /home/airflow/.local/lib/python3.12/site-packages/airflow/example_dags/example_branch_python_dop_operator_3.py
[2024-10-14T02:46:40.190+0000] {processor.py:914} INFO - Processing file /home/airflow/.local/lib/python3.12/site-packages/airflow/example_dags/example_branch_python_dop_operator_3.py for tasks to queue
[2024-10-14T02:46:40.192+0000] {logging_mixin.py:190} INFO - [2024-10-14T02:46:40.192+0000] {dagbag.py:588} INFO - Filling up the DagBag from /home/airflow/.local/lib/python3.12/site-packages/airflow/example_dags/example_branch_python_dop_operator_3.py
[2024-10-14T02:46:40.203+0000] {processor.py:925} INFO - DAG(s) 'example_branch_dop_operator_v3' retrieved from /home/airflow/.local/lib/python3.12/site-packages/airflow/example_dags/example_branch_python_dop_operator_3.py
[2024-10-14T02:46:40.225+0000] {logging_mixin.py:190} INFO - [2024-10-14T02:46:40.225+0000] {dag.py:3239} INFO - Sync 1 DAGs
[2024-10-14T02:46:40.254+0000] {logging_mixin.py:190} INFO - [2024-10-14T02:46:40.254+0000] {dag.py:4180} INFO - Setting next_dagrun for example_branch_dop_operator_v3 to 2024-10-14 02:45:00+00:00, run_after=2024-10-14 02:46:00+00:00
[2024-10-14T02:46:40.275+0000] {processor.py:208} INFO - Processing /home/airflow/.local/lib/python3.12/site-packages/airflow/example_dags/example_branch_python_dop_operator_3.py took 0.093 seconds
[2024-10-14T02:47:13.420+0000] {processor.py:186} INFO - Started process (PID=1212) to work on /home/airflow/.local/lib/python3.12/site-packages/airflow/example_dags/example_branch_python_dop_operator_3.py
[2024-10-14T02:47:13.421+0000] {processor.py:914} INFO - Processing file /home/airflow/.local/lib/python3.12/site-packages/airflow/example_dags/example_branch_python_dop_operator_3.py for tasks to queue
[2024-10-14T02:47:13.423+0000] {logging_mixin.py:190} INFO - [2024-10-14T02:47:13.423+0000] {dagbag.py:588} INFO - Filling up the DagBag from /home/airflow/.local/lib/python3.12/site-packages/airflow/example_dags/example_branch_python_dop_operator_3.py
[2024-10-14T02:47:13.432+0000] {processor.py:925} INFO - DAG(s) 'example_branch_dop_operator_v3' retrieved from /home/airflow/.local/lib/python3.12/site-packages/airflow/example_dags/example_branch_python_dop_operator_3.py
[2024-10-14T02:47:13.450+0000] {logging_mixin.py:190} INFO - [2024-10-14T02:47:13.450+0000] {dag.py:3239} INFO - Sync 1 DAGs
[2024-10-14T02:47:13.474+0000] {logging_mixin.py:190} INFO - [2024-10-14T02:47:13.474+0000] {dag.py:4180} INFO - Setting next_dagrun for example_branch_dop_operator_v3 to 2024-10-14 02:46:00+00:00, run_after=2024-10-14 02:47:00+00:00
[2024-10-14T02:47:13.494+0000] {processor.py:208} INFO - Processing /home/airflow/.local/lib/python3.12/site-packages/airflow/example_dags/example_branch_python_dop_operator_3.py took 0.079 seconds
[2024-10-14T02:47:45.844+0000] {processor.py:186} INFO - Started process (PID=1276) to work on /home/airflow/.local/lib/python3.12/site-packages/airflow/example_dags/example_branch_python_dop_operator_3.py
[2024-10-14T02:47:45.845+0000] {processor.py:914} INFO - Processing file /home/airflow/.local/lib/python3.12/site-packages/airflow/example_dags/example_branch_python_dop_operator_3.py for tasks to queue
[2024-10-14T02:47:45.847+0000] {logging_mixin.py:190} INFO - [2024-10-14T02:47:45.847+0000] {dagbag.py:588} INFO - Filling up the DagBag from /home/airflow/.local/lib/python3.12/site-packages/airflow/example_dags/example_branch_python_dop_operator_3.py
[2024-10-14T02:47:45.857+0000] {processor.py:925} INFO - DAG(s) 'example_branch_dop_operator_v3' retrieved from /home/airflow/.local/lib/python3.12/site-packages/airflow/example_dags/example_branch_python_dop_operator_3.py
[2024-10-14T02:47:45.875+0000] {logging_mixin.py:190} INFO - [2024-10-14T02:47:45.875+0000] {dag.py:3239} INFO - Sync 1 DAGs
[2024-10-14T02:47:45.898+0000] {logging_mixin.py:190} INFO - [2024-10-14T02:47:45.898+0000] {dag.py:4180} INFO - Setting next_dagrun for example_branch_dop_operator_v3 to 2024-10-14 02:46:00+00:00, run_after=2024-10-14 02:47:00+00:00
[2024-10-14T02:47:45.918+0000] {processor.py:208} INFO - Processing /home/airflow/.local/lib/python3.12/site-packages/airflow/example_dags/example_branch_python_dop_operator_3.py took 0.079 seconds
