[2024-10-14T02:26:50.021+0000] {processor.py:186} INFO - Started process (PID=80) to work on /home/airflow/.local/lib/python3.12/site-packages/airflow/example_dags/example_params_trigger_ui.py
[2024-10-14T02:26:50.024+0000] {processor.py:914} INFO - Processing file /home/airflow/.local/lib/python3.12/site-packages/airflow/example_dags/example_params_trigger_ui.py for tasks to queue
[2024-10-14T02:26:50.027+0000] {logging_mixin.py:190} INFO - [2024-10-14T02:26:50.027+0000] {dagbag.py:588} INFO - Filling up the DagBag from /home/airflow/.local/lib/python3.12/site-packages/airflow/example_dags/example_params_trigger_ui.py
[2024-10-14T02:26:50.043+0000] {processor.py:925} INFO - DAG(s) 'example_params_trigger_ui' retrieved from /home/airflow/.local/lib/python3.12/site-packages/airflow/example_dags/example_params_trigger_ui.py
[2024-10-14T02:26:50.194+0000] {logging_mixin.py:190} INFO - [2024-10-14T02:26:50.192+0000] {override.py:1900} INFO - Created Permission View: can delete on DAG:example_params_trigger_ui
[2024-10-14T02:26:50.207+0000] {logging_mixin.py:190} INFO - [2024-10-14T02:26:50.205+0000] {override.py:1900} INFO - Created Permission View: can edit on DAG:example_params_trigger_ui
[2024-10-14T02:26:50.217+0000] {logging_mixin.py:190} INFO - [2024-10-14T02:26:50.217+0000] {override.py:1900} INFO - Created Permission View: can read on DAG:example_params_trigger_ui
[2024-10-14T02:26:50.226+0000] {logging_mixin.py:190} INFO - [2024-10-14T02:26:50.226+0000] {override.py:1900} INFO - Created Permission View: can delete on DAG Run:example_params_trigger_ui
[2024-10-14T02:26:50.233+0000] {logging_mixin.py:190} INFO - [2024-10-14T02:26:50.233+0000] {override.py:1900} INFO - Created Permission View: can create on DAG Run:example_params_trigger_ui
[2024-10-14T02:26:50.242+0000] {logging_mixin.py:190} INFO - [2024-10-14T02:26:50.242+0000] {override.py:1900} INFO - Created Permission View: menu access on DAG Run:example_params_trigger_ui
[2024-10-14T02:26:50.249+0000] {logging_mixin.py:190} INFO - [2024-10-14T02:26:50.249+0000] {override.py:1900} INFO - Created Permission View: can read on DAG Run:example_params_trigger_ui
[2024-10-14T02:26:50.250+0000] {logging_mixin.py:190} INFO - [2024-10-14T02:26:50.250+0000] {dag.py:3239} INFO - Sync 1 DAGs
[2024-10-14T02:26:50.263+0000] {logging_mixin.py:190} INFO - [2024-10-14T02:26:50.263+0000] {dag.py:3262} INFO - Creating ORM DAG for example_params_trigger_ui
[2024-10-14T02:26:50.265+0000] {logging_mixin.py:190} INFO - [2024-10-14T02:26:50.265+0000] {dag.py:4180} INFO - Setting next_dagrun for example_params_trigger_ui to None, run_after=None
[2024-10-14T02:26:50.290+0000] {processor.py:208} INFO - Processing /home/airflow/.local/lib/python3.12/site-packages/airflow/example_dags/example_params_trigger_ui.py took 0.276 seconds
[2024-10-14T02:27:20.452+0000] {processor.py:186} INFO - Started process (PID=137) to work on /home/airflow/.local/lib/python3.12/site-packages/airflow/example_dags/example_params_trigger_ui.py
[2024-10-14T02:27:20.453+0000] {processor.py:914} INFO - Processing file /home/airflow/.local/lib/python3.12/site-packages/airflow/example_dags/example_params_trigger_ui.py for tasks to queue
[2024-10-14T02:27:20.455+0000] {logging_mixin.py:190} INFO - [2024-10-14T02:27:20.455+0000] {dagbag.py:588} INFO - Filling up the DagBag from /home/airflow/.local/lib/python3.12/site-packages/airflow/example_dags/example_params_trigger_ui.py
[2024-10-14T02:27:20.465+0000] {processor.py:925} INFO - DAG(s) 'example_params_trigger_ui' retrieved from /home/airflow/.local/lib/python3.12/site-packages/airflow/example_dags/example_params_trigger_ui.py
[2024-10-14T02:27:20.501+0000] {logging_mixin.py:190} INFO - [2024-10-14T02:27:20.501+0000] {dag.py:3239} INFO - Sync 1 DAGs
[2024-10-14T02:27:20.513+0000] {logging_mixin.py:190} INFO - [2024-10-14T02:27:20.513+0000] {dag.py:4180} INFO - Setting next_dagrun for example_params_trigger_ui to None, run_after=None
[2024-10-14T02:27:20.532+0000] {processor.py:208} INFO - Processing /home/airflow/.local/lib/python3.12/site-packages/airflow/example_dags/example_params_trigger_ui.py took 0.089 seconds
[2024-10-14T02:27:54.419+0000] {processor.py:186} INFO - Started process (PID=199) to work on /home/airflow/.local/lib/python3.12/site-packages/airflow/example_dags/example_params_trigger_ui.py
[2024-10-14T02:27:54.420+0000] {processor.py:914} INFO - Processing file /home/airflow/.local/lib/python3.12/site-packages/airflow/example_dags/example_params_trigger_ui.py for tasks to queue
[2024-10-14T02:27:54.423+0000] {logging_mixin.py:190} INFO - [2024-10-14T02:27:54.422+0000] {dagbag.py:588} INFO - Filling up the DagBag from /home/airflow/.local/lib/python3.12/site-packages/airflow/example_dags/example_params_trigger_ui.py
[2024-10-14T02:27:54.432+0000] {processor.py:925} INFO - DAG(s) 'example_params_trigger_ui' retrieved from /home/airflow/.local/lib/python3.12/site-packages/airflow/example_dags/example_params_trigger_ui.py
[2024-10-14T02:27:54.471+0000] {logging_mixin.py:190} INFO - [2024-10-14T02:27:54.471+0000] {dag.py:3239} INFO - Sync 1 DAGs
[2024-10-14T02:27:54.484+0000] {logging_mixin.py:190} INFO - [2024-10-14T02:27:54.484+0000] {dag.py:4180} INFO - Setting next_dagrun for example_params_trigger_ui to None, run_after=None
[2024-10-14T02:27:54.521+0000] {processor.py:208} INFO - Processing /home/airflow/.local/lib/python3.12/site-packages/airflow/example_dags/example_params_trigger_ui.py took 0.107 seconds
[2024-10-14T02:28:26.652+0000] {processor.py:186} INFO - Started process (PID=262) to work on /home/airflow/.local/lib/python3.12/site-packages/airflow/example_dags/example_params_trigger_ui.py
[2024-10-14T02:28:26.653+0000] {processor.py:914} INFO - Processing file /home/airflow/.local/lib/python3.12/site-packages/airflow/example_dags/example_params_trigger_ui.py for tasks to queue
[2024-10-14T02:28:26.658+0000] {logging_mixin.py:190} INFO - [2024-10-14T02:28:26.657+0000] {dagbag.py:588} INFO - Filling up the DagBag from /home/airflow/.local/lib/python3.12/site-packages/airflow/example_dags/example_params_trigger_ui.py
[2024-10-14T02:28:26.668+0000] {processor.py:925} INFO - DAG(s) 'example_params_trigger_ui' retrieved from /home/airflow/.local/lib/python3.12/site-packages/airflow/example_dags/example_params_trigger_ui.py
[2024-10-14T02:28:26.719+0000] {logging_mixin.py:190} INFO - [2024-10-14T02:28:26.719+0000] {dag.py:3239} INFO - Sync 1 DAGs
[2024-10-14T02:28:26.734+0000] {logging_mixin.py:190} INFO - [2024-10-14T02:28:26.734+0000] {dag.py:4180} INFO - Setting next_dagrun for example_params_trigger_ui to None, run_after=None
[2024-10-14T02:28:26.756+0000] {processor.py:208} INFO - Processing /home/airflow/.local/lib/python3.12/site-packages/airflow/example_dags/example_params_trigger_ui.py took 0.110 seconds
[2024-10-14T02:29:00.379+0000] {processor.py:186} INFO - Started process (PID=325) to work on /home/airflow/.local/lib/python3.12/site-packages/airflow/example_dags/example_params_trigger_ui.py
[2024-10-14T02:29:00.380+0000] {processor.py:914} INFO - Processing file /home/airflow/.local/lib/python3.12/site-packages/airflow/example_dags/example_params_trigger_ui.py for tasks to queue
[2024-10-14T02:29:00.383+0000] {logging_mixin.py:190} INFO - [2024-10-14T02:29:00.382+0000] {dagbag.py:588} INFO - Filling up the DagBag from /home/airflow/.local/lib/python3.12/site-packages/airflow/example_dags/example_params_trigger_ui.py
[2024-10-14T02:29:00.395+0000] {processor.py:925} INFO - DAG(s) 'example_params_trigger_ui' retrieved from /home/airflow/.local/lib/python3.12/site-packages/airflow/example_dags/example_params_trigger_ui.py
[2024-10-14T02:29:00.439+0000] {logging_mixin.py:190} INFO - [2024-10-14T02:29:00.438+0000] {dag.py:3239} INFO - Sync 1 DAGs
[2024-10-14T02:29:00.454+0000] {logging_mixin.py:190} INFO - [2024-10-14T02:29:00.453+0000] {dag.py:4180} INFO - Setting next_dagrun for example_params_trigger_ui to None, run_after=None
[2024-10-14T02:29:00.475+0000] {processor.py:208} INFO - Processing /home/airflow/.local/lib/python3.12/site-packages/airflow/example_dags/example_params_trigger_ui.py took 0.101 seconds
[2024-10-14T02:29:33.006+0000] {processor.py:186} INFO - Started process (PID=388) to work on /home/airflow/.local/lib/python3.12/site-packages/airflow/example_dags/example_params_trigger_ui.py
[2024-10-14T02:29:33.007+0000] {processor.py:914} INFO - Processing file /home/airflow/.local/lib/python3.12/site-packages/airflow/example_dags/example_params_trigger_ui.py for tasks to queue
[2024-10-14T02:29:33.009+0000] {logging_mixin.py:190} INFO - [2024-10-14T02:29:33.009+0000] {dagbag.py:588} INFO - Filling up the DagBag from /home/airflow/.local/lib/python3.12/site-packages/airflow/example_dags/example_params_trigger_ui.py
[2024-10-14T02:29:33.026+0000] {processor.py:925} INFO - DAG(s) 'example_params_trigger_ui' retrieved from /home/airflow/.local/lib/python3.12/site-packages/airflow/example_dags/example_params_trigger_ui.py
[2024-10-14T02:29:33.070+0000] {logging_mixin.py:190} INFO - [2024-10-14T02:29:33.070+0000] {dag.py:3239} INFO - Sync 1 DAGs
[2024-10-14T02:29:33.086+0000] {logging_mixin.py:190} INFO - [2024-10-14T02:29:33.085+0000] {dag.py:4180} INFO - Setting next_dagrun for example_params_trigger_ui to None, run_after=None
[2024-10-14T02:29:33.137+0000] {processor.py:208} INFO - Processing /home/airflow/.local/lib/python3.12/site-packages/airflow/example_dags/example_params_trigger_ui.py took 0.138 seconds
[2024-10-14T02:30:05.769+0000] {processor.py:186} INFO - Started process (PID=451) to work on /home/airflow/.local/lib/python3.12/site-packages/airflow/example_dags/example_params_trigger_ui.py
[2024-10-14T02:30:05.770+0000] {processor.py:914} INFO - Processing file /home/airflow/.local/lib/python3.12/site-packages/airflow/example_dags/example_params_trigger_ui.py for tasks to queue
[2024-10-14T02:30:05.775+0000] {logging_mixin.py:190} INFO - [2024-10-14T02:30:05.773+0000] {dagbag.py:588} INFO - Filling up the DagBag from /home/airflow/.local/lib/python3.12/site-packages/airflow/example_dags/example_params_trigger_ui.py
[2024-10-14T02:30:05.786+0000] {processor.py:925} INFO - DAG(s) 'example_params_trigger_ui' retrieved from /home/airflow/.local/lib/python3.12/site-packages/airflow/example_dags/example_params_trigger_ui.py
[2024-10-14T02:30:05.836+0000] {logging_mixin.py:190} INFO - [2024-10-14T02:30:05.835+0000] {dag.py:3239} INFO - Sync 1 DAGs
[2024-10-14T02:30:05.849+0000] {logging_mixin.py:190} INFO - [2024-10-14T02:30:05.849+0000] {dag.py:4180} INFO - Setting next_dagrun for example_params_trigger_ui to None, run_after=None
[2024-10-14T02:30:05.874+0000] {processor.py:208} INFO - Processing /home/airflow/.local/lib/python3.12/site-packages/airflow/example_dags/example_params_trigger_ui.py took 0.112 seconds
[2024-10-14T02:30:38.775+0000] {processor.py:186} INFO - Started process (PID=514) to work on /home/airflow/.local/lib/python3.12/site-packages/airflow/example_dags/example_params_trigger_ui.py
[2024-10-14T02:30:38.776+0000] {processor.py:914} INFO - Processing file /home/airflow/.local/lib/python3.12/site-packages/airflow/example_dags/example_params_trigger_ui.py for tasks to queue
[2024-10-14T02:30:38.778+0000] {logging_mixin.py:190} INFO - [2024-10-14T02:30:38.778+0000] {dagbag.py:588} INFO - Filling up the DagBag from /home/airflow/.local/lib/python3.12/site-packages/airflow/example_dags/example_params_trigger_ui.py
[2024-10-14T02:30:38.791+0000] {processor.py:925} INFO - DAG(s) 'example_params_trigger_ui' retrieved from /home/airflow/.local/lib/python3.12/site-packages/airflow/example_dags/example_params_trigger_ui.py
[2024-10-14T02:30:38.836+0000] {logging_mixin.py:190} INFO - [2024-10-14T02:30:38.836+0000] {dag.py:3239} INFO - Sync 1 DAGs
[2024-10-14T02:30:38.852+0000] {logging_mixin.py:190} INFO - [2024-10-14T02:30:38.852+0000] {dag.py:4180} INFO - Setting next_dagrun for example_params_trigger_ui to None, run_after=None
[2024-10-14T02:30:38.877+0000] {processor.py:208} INFO - Processing /home/airflow/.local/lib/python3.12/site-packages/airflow/example_dags/example_params_trigger_ui.py took 0.107 seconds
[2024-10-14T02:31:11.827+0000] {processor.py:186} INFO - Started process (PID=578) to work on /home/airflow/.local/lib/python3.12/site-packages/airflow/example_dags/example_params_trigger_ui.py
[2024-10-14T02:31:11.828+0000] {processor.py:914} INFO - Processing file /home/airflow/.local/lib/python3.12/site-packages/airflow/example_dags/example_params_trigger_ui.py for tasks to queue
[2024-10-14T02:31:11.831+0000] {logging_mixin.py:190} INFO - [2024-10-14T02:31:11.831+0000] {dagbag.py:588} INFO - Filling up the DagBag from /home/airflow/.local/lib/python3.12/site-packages/airflow/example_dags/example_params_trigger_ui.py
[2024-10-14T02:31:11.842+0000] {processor.py:925} INFO - DAG(s) 'example_params_trigger_ui' retrieved from /home/airflow/.local/lib/python3.12/site-packages/airflow/example_dags/example_params_trigger_ui.py
[2024-10-14T02:31:11.884+0000] {logging_mixin.py:190} INFO - [2024-10-14T02:31:11.884+0000] {dag.py:3239} INFO - Sync 1 DAGs
[2024-10-14T02:31:11.898+0000] {logging_mixin.py:190} INFO - [2024-10-14T02:31:11.897+0000] {dag.py:4180} INFO - Setting next_dagrun for example_params_trigger_ui to None, run_after=None
[2024-10-14T02:31:11.921+0000] {processor.py:208} INFO - Processing /home/airflow/.local/lib/python3.12/site-packages/airflow/example_dags/example_params_trigger_ui.py took 0.099 seconds
[2024-10-14T02:31:45.089+0000] {processor.py:186} INFO - Started process (PID=641) to work on /home/airflow/.local/lib/python3.12/site-packages/airflow/example_dags/example_params_trigger_ui.py
[2024-10-14T02:31:45.090+0000] {processor.py:914} INFO - Processing file /home/airflow/.local/lib/python3.12/site-packages/airflow/example_dags/example_params_trigger_ui.py for tasks to queue
[2024-10-14T02:31:45.095+0000] {logging_mixin.py:190} INFO - [2024-10-14T02:31:45.095+0000] {dagbag.py:588} INFO - Filling up the DagBag from /home/airflow/.local/lib/python3.12/site-packages/airflow/example_dags/example_params_trigger_ui.py
[2024-10-14T02:31:45.118+0000] {processor.py:925} INFO - DAG(s) 'example_params_trigger_ui' retrieved from /home/airflow/.local/lib/python3.12/site-packages/airflow/example_dags/example_params_trigger_ui.py
[2024-10-14T02:31:45.209+0000] {logging_mixin.py:190} INFO - [2024-10-14T02:31:45.209+0000] {dag.py:3239} INFO - Sync 1 DAGs
[2024-10-14T02:31:45.231+0000] {logging_mixin.py:190} INFO - [2024-10-14T02:31:45.230+0000] {dag.py:4180} INFO - Setting next_dagrun for example_params_trigger_ui to None, run_after=None
[2024-10-14T02:31:45.262+0000] {processor.py:208} INFO - Processing /home/airflow/.local/lib/python3.12/site-packages/airflow/example_dags/example_params_trigger_ui.py took 0.181 seconds
[2024-10-14T02:32:17.401+0000] {processor.py:186} INFO - Started process (PID=704) to work on /home/airflow/.local/lib/python3.12/site-packages/airflow/example_dags/example_params_trigger_ui.py
[2024-10-14T02:32:17.402+0000] {processor.py:914} INFO - Processing file /home/airflow/.local/lib/python3.12/site-packages/airflow/example_dags/example_params_trigger_ui.py for tasks to queue
[2024-10-14T02:32:17.405+0000] {logging_mixin.py:190} INFO - [2024-10-14T02:32:17.404+0000] {dagbag.py:588} INFO - Filling up the DagBag from /home/airflow/.local/lib/python3.12/site-packages/airflow/example_dags/example_params_trigger_ui.py
[2024-10-14T02:32:17.416+0000] {processor.py:925} INFO - DAG(s) 'example_params_trigger_ui' retrieved from /home/airflow/.local/lib/python3.12/site-packages/airflow/example_dags/example_params_trigger_ui.py
[2024-10-14T02:32:17.457+0000] {logging_mixin.py:190} INFO - [2024-10-14T02:32:17.457+0000] {dag.py:3239} INFO - Sync 1 DAGs
[2024-10-14T02:32:17.470+0000] {logging_mixin.py:190} INFO - [2024-10-14T02:32:17.470+0000] {dag.py:4180} INFO - Setting next_dagrun for example_params_trigger_ui to None, run_after=None
[2024-10-14T02:32:17.493+0000] {processor.py:208} INFO - Processing /home/airflow/.local/lib/python3.12/site-packages/airflow/example_dags/example_params_trigger_ui.py took 0.097 seconds
[2024-10-14T02:32:50.886+0000] {processor.py:186} INFO - Started process (PID=767) to work on /home/airflow/.local/lib/python3.12/site-packages/airflow/example_dags/example_params_trigger_ui.py
[2024-10-14T02:32:50.887+0000] {processor.py:914} INFO - Processing file /home/airflow/.local/lib/python3.12/site-packages/airflow/example_dags/example_params_trigger_ui.py for tasks to queue
[2024-10-14T02:32:50.889+0000] {logging_mixin.py:190} INFO - [2024-10-14T02:32:50.889+0000] {dagbag.py:588} INFO - Filling up the DagBag from /home/airflow/.local/lib/python3.12/site-packages/airflow/example_dags/example_params_trigger_ui.py
[2024-10-14T02:32:50.904+0000] {processor.py:925} INFO - DAG(s) 'example_params_trigger_ui' retrieved from /home/airflow/.local/lib/python3.12/site-packages/airflow/example_dags/example_params_trigger_ui.py
[2024-10-14T02:32:50.964+0000] {logging_mixin.py:190} INFO - [2024-10-14T02:32:50.964+0000] {dag.py:3239} INFO - Sync 1 DAGs
[2024-10-14T02:32:50.979+0000] {logging_mixin.py:190} INFO - [2024-10-14T02:32:50.979+0000] {dag.py:4180} INFO - Setting next_dagrun for example_params_trigger_ui to None, run_after=None
[2024-10-14T02:32:51.000+0000] {processor.py:208} INFO - Processing /home/airflow/.local/lib/python3.12/site-packages/airflow/example_dags/example_params_trigger_ui.py took 0.122 seconds
[2024-10-14T02:33:23.491+0000] {processor.py:186} INFO - Started process (PID=830) to work on /home/airflow/.local/lib/python3.12/site-packages/airflow/example_dags/example_params_trigger_ui.py
[2024-10-14T02:33:23.492+0000] {processor.py:914} INFO - Processing file /home/airflow/.local/lib/python3.12/site-packages/airflow/example_dags/example_params_trigger_ui.py for tasks to queue
[2024-10-14T02:33:23.494+0000] {logging_mixin.py:190} INFO - [2024-10-14T02:33:23.494+0000] {dagbag.py:588} INFO - Filling up the DagBag from /home/airflow/.local/lib/python3.12/site-packages/airflow/example_dags/example_params_trigger_ui.py
[2024-10-14T02:33:23.507+0000] {processor.py:925} INFO - DAG(s) 'example_params_trigger_ui' retrieved from /home/airflow/.local/lib/python3.12/site-packages/airflow/example_dags/example_params_trigger_ui.py
[2024-10-14T02:33:23.550+0000] {logging_mixin.py:190} INFO - [2024-10-14T02:33:23.549+0000] {dag.py:3239} INFO - Sync 1 DAGs
[2024-10-14T02:33:23.562+0000] {logging_mixin.py:190} INFO - [2024-10-14T02:33:23.562+0000] {dag.py:4180} INFO - Setting next_dagrun for example_params_trigger_ui to None, run_after=None
[2024-10-14T02:33:23.579+0000] {processor.py:208} INFO - Processing /home/airflow/.local/lib/python3.12/site-packages/airflow/example_dags/example_params_trigger_ui.py took 0.094 seconds
[2024-10-14T02:33:57.016+0000] {processor.py:186} INFO - Started process (PID=895) to work on /home/airflow/.local/lib/python3.12/site-packages/airflow/example_dags/example_params_trigger_ui.py
[2024-10-14T02:33:57.018+0000] {processor.py:914} INFO - Processing file /home/airflow/.local/lib/python3.12/site-packages/airflow/example_dags/example_params_trigger_ui.py for tasks to queue
[2024-10-14T02:33:57.021+0000] {logging_mixin.py:190} INFO - [2024-10-14T02:33:57.020+0000] {dagbag.py:588} INFO - Filling up the DagBag from /home/airflow/.local/lib/python3.12/site-packages/airflow/example_dags/example_params_trigger_ui.py
[2024-10-14T02:33:57.037+0000] {processor.py:925} INFO - DAG(s) 'example_params_trigger_ui' retrieved from /home/airflow/.local/lib/python3.12/site-packages/airflow/example_dags/example_params_trigger_ui.py
[2024-10-14T02:33:57.095+0000] {logging_mixin.py:190} INFO - [2024-10-14T02:33:57.095+0000] {dag.py:3239} INFO - Sync 1 DAGs
[2024-10-14T02:33:57.117+0000] {logging_mixin.py:190} INFO - [2024-10-14T02:33:57.116+0000] {dag.py:4180} INFO - Setting next_dagrun for example_params_trigger_ui to None, run_after=None
[2024-10-14T02:33:57.142+0000] {processor.py:208} INFO - Processing /home/airflow/.local/lib/python3.12/site-packages/airflow/example_dags/example_params_trigger_ui.py took 0.134 seconds
[2024-10-14T02:34:29.783+0000] {processor.py:186} INFO - Started process (PID=958) to work on /home/airflow/.local/lib/python3.12/site-packages/airflow/example_dags/example_params_trigger_ui.py
[2024-10-14T02:34:29.784+0000] {processor.py:914} INFO - Processing file /home/airflow/.local/lib/python3.12/site-packages/airflow/example_dags/example_params_trigger_ui.py for tasks to queue
[2024-10-14T02:34:29.787+0000] {logging_mixin.py:190} INFO - [2024-10-14T02:34:29.787+0000] {dagbag.py:588} INFO - Filling up the DagBag from /home/airflow/.local/lib/python3.12/site-packages/airflow/example_dags/example_params_trigger_ui.py
[2024-10-14T02:34:29.801+0000] {processor.py:925} INFO - DAG(s) 'example_params_trigger_ui' retrieved from /home/airflow/.local/lib/python3.12/site-packages/airflow/example_dags/example_params_trigger_ui.py
[2024-10-14T02:34:29.860+0000] {logging_mixin.py:190} INFO - [2024-10-14T02:34:29.859+0000] {dag.py:3239} INFO - Sync 1 DAGs
[2024-10-14T02:34:29.876+0000] {logging_mixin.py:190} INFO - [2024-10-14T02:34:29.876+0000] {dag.py:4180} INFO - Setting next_dagrun for example_params_trigger_ui to None, run_after=None
[2024-10-14T02:34:29.901+0000] {processor.py:208} INFO - Processing /home/airflow/.local/lib/python3.12/site-packages/airflow/example_dags/example_params_trigger_ui.py took 0.127 seconds
[2024-10-14T02:35:03.045+0000] {processor.py:186} INFO - Started process (PID=1021) to work on /home/airflow/.local/lib/python3.12/site-packages/airflow/example_dags/example_params_trigger_ui.py
[2024-10-14T02:35:03.047+0000] {processor.py:914} INFO - Processing file /home/airflow/.local/lib/python3.12/site-packages/airflow/example_dags/example_params_trigger_ui.py for tasks to queue
[2024-10-14T02:35:03.051+0000] {logging_mixin.py:190} INFO - [2024-10-14T02:35:03.050+0000] {dagbag.py:588} INFO - Filling up the DagBag from /home/airflow/.local/lib/python3.12/site-packages/airflow/example_dags/example_params_trigger_ui.py
[2024-10-14T02:35:03.066+0000] {processor.py:925} INFO - DAG(s) 'example_params_trigger_ui' retrieved from /home/airflow/.local/lib/python3.12/site-packages/airflow/example_dags/example_params_trigger_ui.py
[2024-10-14T02:35:03.113+0000] {logging_mixin.py:190} INFO - [2024-10-14T02:35:03.113+0000] {dag.py:3239} INFO - Sync 1 DAGs
[2024-10-14T02:35:03.133+0000] {logging_mixin.py:190} INFO - [2024-10-14T02:35:03.133+0000] {dag.py:4180} INFO - Setting next_dagrun for example_params_trigger_ui to None, run_after=None
[2024-10-14T02:35:03.160+0000] {processor.py:208} INFO - Processing /home/airflow/.local/lib/python3.12/site-packages/airflow/example_dags/example_params_trigger_ui.py took 0.125 seconds
[2024-10-14T02:35:35.967+0000] {processor.py:186} INFO - Started process (PID=1084) to work on /home/airflow/.local/lib/python3.12/site-packages/airflow/example_dags/example_params_trigger_ui.py
[2024-10-14T02:35:35.968+0000] {processor.py:914} INFO - Processing file /home/airflow/.local/lib/python3.12/site-packages/airflow/example_dags/example_params_trigger_ui.py for tasks to queue
[2024-10-14T02:35:35.973+0000] {logging_mixin.py:190} INFO - [2024-10-14T02:35:35.972+0000] {dagbag.py:588} INFO - Filling up the DagBag from /home/airflow/.local/lib/python3.12/site-packages/airflow/example_dags/example_params_trigger_ui.py
[2024-10-14T02:35:35.988+0000] {processor.py:925} INFO - DAG(s) 'example_params_trigger_ui' retrieved from /home/airflow/.local/lib/python3.12/site-packages/airflow/example_dags/example_params_trigger_ui.py
[2024-10-14T02:35:36.043+0000] {logging_mixin.py:190} INFO - [2024-10-14T02:35:36.042+0000] {dag.py:3239} INFO - Sync 1 DAGs
[2024-10-14T02:35:36.059+0000] {logging_mixin.py:190} INFO - [2024-10-14T02:35:36.059+0000] {dag.py:4180} INFO - Setting next_dagrun for example_params_trigger_ui to None, run_after=None
[2024-10-14T02:35:36.079+0000] {processor.py:208} INFO - Processing /home/airflow/.local/lib/python3.12/site-packages/airflow/example_dags/example_params_trigger_ui.py took 0.118 seconds
[2024-10-14T02:36:09.603+0000] {processor.py:186} INFO - Started process (PID=1147) to work on /home/airflow/.local/lib/python3.12/site-packages/airflow/example_dags/example_params_trigger_ui.py
[2024-10-14T02:36:09.604+0000] {processor.py:914} INFO - Processing file /home/airflow/.local/lib/python3.12/site-packages/airflow/example_dags/example_params_trigger_ui.py for tasks to queue
[2024-10-14T02:36:09.606+0000] {logging_mixin.py:190} INFO - [2024-10-14T02:36:09.606+0000] {dagbag.py:588} INFO - Filling up the DagBag from /home/airflow/.local/lib/python3.12/site-packages/airflow/example_dags/example_params_trigger_ui.py
[2024-10-14T02:36:09.617+0000] {processor.py:925} INFO - DAG(s) 'example_params_trigger_ui' retrieved from /home/airflow/.local/lib/python3.12/site-packages/airflow/example_dags/example_params_trigger_ui.py
[2024-10-14T02:36:09.655+0000] {logging_mixin.py:190} INFO - [2024-10-14T02:36:09.655+0000] {dag.py:3239} INFO - Sync 1 DAGs
[2024-10-14T02:36:09.668+0000] {logging_mixin.py:190} INFO - [2024-10-14T02:36:09.668+0000] {dag.py:4180} INFO - Setting next_dagrun for example_params_trigger_ui to None, run_after=None
[2024-10-14T02:36:09.687+0000] {processor.py:208} INFO - Processing /home/airflow/.local/lib/python3.12/site-packages/airflow/example_dags/example_params_trigger_ui.py took 0.091 seconds
[2024-10-14T02:37:47.669+0000] {processor.py:186} INFO - Started process (PID=74) to work on /home/airflow/.local/lib/python3.12/site-packages/airflow/example_dags/example_params_trigger_ui.py
[2024-10-14T02:37:47.670+0000] {processor.py:914} INFO - Processing file /home/airflow/.local/lib/python3.12/site-packages/airflow/example_dags/example_params_trigger_ui.py for tasks to queue
[2024-10-14T02:37:47.673+0000] {logging_mixin.py:190} INFO - [2024-10-14T02:37:47.673+0000] {dagbag.py:588} INFO - Filling up the DagBag from /home/airflow/.local/lib/python3.12/site-packages/airflow/example_dags/example_params_trigger_ui.py
[2024-10-14T02:37:47.687+0000] {processor.py:925} INFO - DAG(s) 'example_params_trigger_ui' retrieved from /home/airflow/.local/lib/python3.12/site-packages/airflow/example_dags/example_params_trigger_ui.py
[2024-10-14T02:37:47.733+0000] {logging_mixin.py:190} INFO - [2024-10-14T02:37:47.732+0000] {dag.py:3239} INFO - Sync 1 DAGs
[2024-10-14T02:37:47.765+0000] {logging_mixin.py:190} INFO - [2024-10-14T02:37:47.765+0000] {dag.py:4180} INFO - Setting next_dagrun for example_params_trigger_ui to None, run_after=None
[2024-10-14T02:37:47.798+0000] {processor.py:208} INFO - Processing /home/airflow/.local/lib/python3.12/site-packages/airflow/example_dags/example_params_trigger_ui.py took 0.134 seconds
[2024-10-14T02:38:20.627+0000] {processor.py:186} INFO - Started process (PID=138) to work on /home/airflow/.local/lib/python3.12/site-packages/airflow/example_dags/example_params_trigger_ui.py
[2024-10-14T02:38:20.628+0000] {processor.py:914} INFO - Processing file /home/airflow/.local/lib/python3.12/site-packages/airflow/example_dags/example_params_trigger_ui.py for tasks to queue
[2024-10-14T02:38:20.630+0000] {logging_mixin.py:190} INFO - [2024-10-14T02:38:20.629+0000] {dagbag.py:588} INFO - Filling up the DagBag from /home/airflow/.local/lib/python3.12/site-packages/airflow/example_dags/example_params_trigger_ui.py
[2024-10-14T02:38:20.640+0000] {processor.py:925} INFO - DAG(s) 'example_params_trigger_ui' retrieved from /home/airflow/.local/lib/python3.12/site-packages/airflow/example_dags/example_params_trigger_ui.py
[2024-10-14T02:38:20.678+0000] {logging_mixin.py:190} INFO - [2024-10-14T02:38:20.678+0000] {dag.py:3239} INFO - Sync 1 DAGs
[2024-10-14T02:38:20.692+0000] {logging_mixin.py:190} INFO - [2024-10-14T02:38:20.692+0000] {dag.py:4180} INFO - Setting next_dagrun for example_params_trigger_ui to None, run_after=None
[2024-10-14T02:38:20.713+0000] {processor.py:208} INFO - Processing /home/airflow/.local/lib/python3.12/site-packages/airflow/example_dags/example_params_trigger_ui.py took 0.092 seconds
[2024-10-14T02:38:54.957+0000] {processor.py:186} INFO - Started process (PID=209) to work on /home/airflow/.local/lib/python3.12/site-packages/airflow/example_dags/example_params_trigger_ui.py
[2024-10-14T02:38:54.960+0000] {processor.py:914} INFO - Processing file /home/airflow/.local/lib/python3.12/site-packages/airflow/example_dags/example_params_trigger_ui.py for tasks to queue
[2024-10-14T02:38:54.964+0000] {logging_mixin.py:190} INFO - [2024-10-14T02:38:54.963+0000] {dagbag.py:588} INFO - Filling up the DagBag from /home/airflow/.local/lib/python3.12/site-packages/airflow/example_dags/example_params_trigger_ui.py
[2024-10-14T02:38:54.991+0000] {processor.py:925} INFO - DAG(s) 'example_params_trigger_ui' retrieved from /home/airflow/.local/lib/python3.12/site-packages/airflow/example_dags/example_params_trigger_ui.py
[2024-10-14T02:38:55.097+0000] {logging_mixin.py:190} INFO - [2024-10-14T02:38:55.097+0000] {dag.py:3239} INFO - Sync 1 DAGs
[2024-10-14T02:38:55.145+0000] {logging_mixin.py:190} INFO - [2024-10-14T02:38:55.144+0000] {dag.py:4180} INFO - Setting next_dagrun for example_params_trigger_ui to None, run_after=None
[2024-10-14T02:38:55.226+0000] {processor.py:208} INFO - Processing /home/airflow/.local/lib/python3.12/site-packages/airflow/example_dags/example_params_trigger_ui.py took 0.279 seconds
[2024-10-14T02:39:27.284+0000] {processor.py:186} INFO - Started process (PID=267) to work on /home/airflow/.local/lib/python3.12/site-packages/airflow/example_dags/example_params_trigger_ui.py
[2024-10-14T02:39:27.285+0000] {processor.py:914} INFO - Processing file /home/airflow/.local/lib/python3.12/site-packages/airflow/example_dags/example_params_trigger_ui.py for tasks to queue
[2024-10-14T02:39:27.293+0000] {logging_mixin.py:190} INFO - [2024-10-14T02:39:27.293+0000] {dagbag.py:588} INFO - Filling up the DagBag from /home/airflow/.local/lib/python3.12/site-packages/airflow/example_dags/example_params_trigger_ui.py
[2024-10-14T02:39:27.306+0000] {processor.py:925} INFO - DAG(s) 'example_params_trigger_ui' retrieved from /home/airflow/.local/lib/python3.12/site-packages/airflow/example_dags/example_params_trigger_ui.py
[2024-10-14T02:39:27.357+0000] {logging_mixin.py:190} INFO - [2024-10-14T02:39:27.356+0000] {dag.py:3239} INFO - Sync 1 DAGs
[2024-10-14T02:39:27.373+0000] {logging_mixin.py:190} INFO - [2024-10-14T02:39:27.373+0000] {dag.py:4180} INFO - Setting next_dagrun for example_params_trigger_ui to None, run_after=None
[2024-10-14T02:39:27.394+0000] {processor.py:208} INFO - Processing /home/airflow/.local/lib/python3.12/site-packages/airflow/example_dags/example_params_trigger_ui.py took 0.117 seconds
[2024-10-14T02:40:00.438+0000] {processor.py:186} INFO - Started process (PID=331) to work on /home/airflow/.local/lib/python3.12/site-packages/airflow/example_dags/example_params_trigger_ui.py
[2024-10-14T02:40:00.439+0000] {processor.py:914} INFO - Processing file /home/airflow/.local/lib/python3.12/site-packages/airflow/example_dags/example_params_trigger_ui.py for tasks to queue
[2024-10-14T02:40:00.444+0000] {logging_mixin.py:190} INFO - [2024-10-14T02:40:00.443+0000] {dagbag.py:588} INFO - Filling up the DagBag from /home/airflow/.local/lib/python3.12/site-packages/airflow/example_dags/example_params_trigger_ui.py
[2024-10-14T02:40:00.455+0000] {processor.py:925} INFO - DAG(s) 'example_params_trigger_ui' retrieved from /home/airflow/.local/lib/python3.12/site-packages/airflow/example_dags/example_params_trigger_ui.py
[2024-10-14T02:40:00.540+0000] {logging_mixin.py:190} INFO - [2024-10-14T02:40:00.539+0000] {dag.py:3239} INFO - Sync 1 DAGs
[2024-10-14T02:40:00.569+0000] {logging_mixin.py:190} INFO - [2024-10-14T02:40:00.569+0000] {dag.py:4180} INFO - Setting next_dagrun for example_params_trigger_ui to None, run_after=None
[2024-10-14T02:40:00.607+0000] {processor.py:208} INFO - Processing /home/airflow/.local/lib/python3.12/site-packages/airflow/example_dags/example_params_trigger_ui.py took 0.175 seconds
[2024-10-14T02:40:33.638+0000] {processor.py:186} INFO - Started process (PID=395) to work on /home/airflow/.local/lib/python3.12/site-packages/airflow/example_dags/example_params_trigger_ui.py
[2024-10-14T02:40:33.639+0000] {processor.py:914} INFO - Processing file /home/airflow/.local/lib/python3.12/site-packages/airflow/example_dags/example_params_trigger_ui.py for tasks to queue
[2024-10-14T02:40:33.641+0000] {logging_mixin.py:190} INFO - [2024-10-14T02:40:33.641+0000] {dagbag.py:588} INFO - Filling up the DagBag from /home/airflow/.local/lib/python3.12/site-packages/airflow/example_dags/example_params_trigger_ui.py
[2024-10-14T02:40:33.653+0000] {processor.py:925} INFO - DAG(s) 'example_params_trigger_ui' retrieved from /home/airflow/.local/lib/python3.12/site-packages/airflow/example_dags/example_params_trigger_ui.py
[2024-10-14T02:40:33.692+0000] {logging_mixin.py:190} INFO - [2024-10-14T02:40:33.692+0000] {dag.py:3239} INFO - Sync 1 DAGs
[2024-10-14T02:40:33.705+0000] {logging_mixin.py:190} INFO - [2024-10-14T02:40:33.705+0000] {dag.py:4180} INFO - Setting next_dagrun for example_params_trigger_ui to None, run_after=None
[2024-10-14T02:40:33.739+0000] {processor.py:208} INFO - Processing /home/airflow/.local/lib/python3.12/site-packages/airflow/example_dags/example_params_trigger_ui.py took 0.106 seconds
[2024-10-14T02:41:06.031+0000] {processor.py:186} INFO - Started process (PID=459) to work on /home/airflow/.local/lib/python3.12/site-packages/airflow/example_dags/example_params_trigger_ui.py
[2024-10-14T02:41:06.032+0000] {processor.py:914} INFO - Processing file /home/airflow/.local/lib/python3.12/site-packages/airflow/example_dags/example_params_trigger_ui.py for tasks to queue
[2024-10-14T02:41:06.035+0000] {logging_mixin.py:190} INFO - [2024-10-14T02:41:06.034+0000] {dagbag.py:588} INFO - Filling up the DagBag from /home/airflow/.local/lib/python3.12/site-packages/airflow/example_dags/example_params_trigger_ui.py
[2024-10-14T02:41:06.047+0000] {processor.py:925} INFO - DAG(s) 'example_params_trigger_ui' retrieved from /home/airflow/.local/lib/python3.12/site-packages/airflow/example_dags/example_params_trigger_ui.py
[2024-10-14T02:41:06.091+0000] {logging_mixin.py:190} INFO - [2024-10-14T02:41:06.091+0000] {dag.py:3239} INFO - Sync 1 DAGs
[2024-10-14T02:41:06.105+0000] {logging_mixin.py:190} INFO - [2024-10-14T02:41:06.105+0000] {dag.py:4180} INFO - Setting next_dagrun for example_params_trigger_ui to None, run_after=None
[2024-10-14T02:41:06.127+0000] {processor.py:208} INFO - Processing /home/airflow/.local/lib/python3.12/site-packages/airflow/example_dags/example_params_trigger_ui.py took 0.101 seconds
[2024-10-14T02:41:38.917+0000] {processor.py:186} INFO - Started process (PID=523) to work on /home/airflow/.local/lib/python3.12/site-packages/airflow/example_dags/example_params_trigger_ui.py
[2024-10-14T02:41:38.918+0000] {processor.py:914} INFO - Processing file /home/airflow/.local/lib/python3.12/site-packages/airflow/example_dags/example_params_trigger_ui.py for tasks to queue
[2024-10-14T02:41:38.920+0000] {logging_mixin.py:190} INFO - [2024-10-14T02:41:38.920+0000] {dagbag.py:588} INFO - Filling up the DagBag from /home/airflow/.local/lib/python3.12/site-packages/airflow/example_dags/example_params_trigger_ui.py
[2024-10-14T02:41:38.932+0000] {processor.py:925} INFO - DAG(s) 'example_params_trigger_ui' retrieved from /home/airflow/.local/lib/python3.12/site-packages/airflow/example_dags/example_params_trigger_ui.py
[2024-10-14T02:41:38.974+0000] {logging_mixin.py:190} INFO - [2024-10-14T02:41:38.973+0000] {dag.py:3239} INFO - Sync 1 DAGs
[2024-10-14T02:41:38.988+0000] {logging_mixin.py:190} INFO - [2024-10-14T02:41:38.987+0000] {dag.py:4180} INFO - Setting next_dagrun for example_params_trigger_ui to None, run_after=None
[2024-10-14T02:41:39.009+0000] {processor.py:208} INFO - Processing /home/airflow/.local/lib/python3.12/site-packages/airflow/example_dags/example_params_trigger_ui.py took 0.097 seconds
[2024-10-14T02:42:12.597+0000] {processor.py:186} INFO - Started process (PID=587) to work on /home/airflow/.local/lib/python3.12/site-packages/airflow/example_dags/example_params_trigger_ui.py
[2024-10-14T02:42:12.598+0000] {processor.py:914} INFO - Processing file /home/airflow/.local/lib/python3.12/site-packages/airflow/example_dags/example_params_trigger_ui.py for tasks to queue
[2024-10-14T02:42:12.601+0000] {logging_mixin.py:190} INFO - [2024-10-14T02:42:12.600+0000] {dagbag.py:588} INFO - Filling up the DagBag from /home/airflow/.local/lib/python3.12/site-packages/airflow/example_dags/example_params_trigger_ui.py
[2024-10-14T02:42:12.613+0000] {processor.py:925} INFO - DAG(s) 'example_params_trigger_ui' retrieved from /home/airflow/.local/lib/python3.12/site-packages/airflow/example_dags/example_params_trigger_ui.py
[2024-10-14T02:42:12.651+0000] {logging_mixin.py:190} INFO - [2024-10-14T02:42:12.651+0000] {dag.py:3239} INFO - Sync 1 DAGs
[2024-10-14T02:42:12.664+0000] {logging_mixin.py:190} INFO - [2024-10-14T02:42:12.663+0000] {dag.py:4180} INFO - Setting next_dagrun for example_params_trigger_ui to None, run_after=None
[2024-10-14T02:42:12.687+0000] {processor.py:208} INFO - Processing /home/airflow/.local/lib/python3.12/site-packages/airflow/example_dags/example_params_trigger_ui.py took 0.094 seconds
[2024-10-14T02:42:45.834+0000] {processor.py:186} INFO - Started process (PID=651) to work on /home/airflow/.local/lib/python3.12/site-packages/airflow/example_dags/example_params_trigger_ui.py
[2024-10-14T02:42:45.835+0000] {processor.py:914} INFO - Processing file /home/airflow/.local/lib/python3.12/site-packages/airflow/example_dags/example_params_trigger_ui.py for tasks to queue
[2024-10-14T02:42:45.837+0000] {logging_mixin.py:190} INFO - [2024-10-14T02:42:45.837+0000] {dagbag.py:588} INFO - Filling up the DagBag from /home/airflow/.local/lib/python3.12/site-packages/airflow/example_dags/example_params_trigger_ui.py
[2024-10-14T02:42:45.849+0000] {processor.py:925} INFO - DAG(s) 'example_params_trigger_ui' retrieved from /home/airflow/.local/lib/python3.12/site-packages/airflow/example_dags/example_params_trigger_ui.py
[2024-10-14T02:42:45.889+0000] {logging_mixin.py:190} INFO - [2024-10-14T02:42:45.889+0000] {dag.py:3239} INFO - Sync 1 DAGs
[2024-10-14T02:42:45.906+0000] {logging_mixin.py:190} INFO - [2024-10-14T02:42:45.906+0000] {dag.py:4180} INFO - Setting next_dagrun for example_params_trigger_ui to None, run_after=None
[2024-10-14T02:42:45.927+0000] {processor.py:208} INFO - Processing /home/airflow/.local/lib/python3.12/site-packages/airflow/example_dags/example_params_trigger_ui.py took 0.099 seconds
[2024-10-14T02:43:18.744+0000] {processor.py:186} INFO - Started process (PID=715) to work on /home/airflow/.local/lib/python3.12/site-packages/airflow/example_dags/example_params_trigger_ui.py
[2024-10-14T02:43:18.745+0000] {processor.py:914} INFO - Processing file /home/airflow/.local/lib/python3.12/site-packages/airflow/example_dags/example_params_trigger_ui.py for tasks to queue
[2024-10-14T02:43:18.748+0000] {logging_mixin.py:190} INFO - [2024-10-14T02:43:18.748+0000] {dagbag.py:588} INFO - Filling up the DagBag from /home/airflow/.local/lib/python3.12/site-packages/airflow/example_dags/example_params_trigger_ui.py
[2024-10-14T02:43:18.760+0000] {processor.py:925} INFO - DAG(s) 'example_params_trigger_ui' retrieved from /home/airflow/.local/lib/python3.12/site-packages/airflow/example_dags/example_params_trigger_ui.py
[2024-10-14T02:43:18.803+0000] {logging_mixin.py:190} INFO - [2024-10-14T02:43:18.802+0000] {dag.py:3239} INFO - Sync 1 DAGs
[2024-10-14T02:43:18.817+0000] {logging_mixin.py:190} INFO - [2024-10-14T02:43:18.816+0000] {dag.py:4180} INFO - Setting next_dagrun for example_params_trigger_ui to None, run_after=None
[2024-10-14T02:43:18.836+0000] {processor.py:208} INFO - Processing /home/airflow/.local/lib/python3.12/site-packages/airflow/example_dags/example_params_trigger_ui.py took 0.097 seconds
[2024-10-14T02:43:51.338+0000] {processor.py:186} INFO - Started process (PID=779) to work on /home/airflow/.local/lib/python3.12/site-packages/airflow/example_dags/example_params_trigger_ui.py
[2024-10-14T02:43:51.339+0000] {processor.py:914} INFO - Processing file /home/airflow/.local/lib/python3.12/site-packages/airflow/example_dags/example_params_trigger_ui.py for tasks to queue
[2024-10-14T02:43:51.343+0000] {logging_mixin.py:190} INFO - [2024-10-14T02:43:51.342+0000] {dagbag.py:588} INFO - Filling up the DagBag from /home/airflow/.local/lib/python3.12/site-packages/airflow/example_dags/example_params_trigger_ui.py
[2024-10-14T02:43:51.358+0000] {processor.py:925} INFO - DAG(s) 'example_params_trigger_ui' retrieved from /home/airflow/.local/lib/python3.12/site-packages/airflow/example_dags/example_params_trigger_ui.py
[2024-10-14T02:43:51.407+0000] {logging_mixin.py:190} INFO - [2024-10-14T02:43:51.406+0000] {dag.py:3239} INFO - Sync 1 DAGs
[2024-10-14T02:43:51.422+0000] {logging_mixin.py:190} INFO - [2024-10-14T02:43:51.422+0000] {dag.py:4180} INFO - Setting next_dagrun for example_params_trigger_ui to None, run_after=None
[2024-10-14T02:43:51.445+0000] {processor.py:208} INFO - Processing /home/airflow/.local/lib/python3.12/site-packages/airflow/example_dags/example_params_trigger_ui.py took 0.116 seconds
[2024-10-14T02:44:26.021+0000] {processor.py:186} INFO - Started process (PID=849) to work on /home/airflow/.local/lib/python3.12/site-packages/airflow/example_dags/example_params_trigger_ui.py
[2024-10-14T02:44:26.022+0000] {processor.py:914} INFO - Processing file /home/airflow/.local/lib/python3.12/site-packages/airflow/example_dags/example_params_trigger_ui.py for tasks to queue
[2024-10-14T02:44:26.026+0000] {logging_mixin.py:190} INFO - [2024-10-14T02:44:26.025+0000] {dagbag.py:588} INFO - Filling up the DagBag from /home/airflow/.local/lib/python3.12/site-packages/airflow/example_dags/example_params_trigger_ui.py
[2024-10-14T02:44:26.050+0000] {processor.py:925} INFO - DAG(s) 'example_params_trigger_ui' retrieved from /home/airflow/.local/lib/python3.12/site-packages/airflow/example_dags/example_params_trigger_ui.py
[2024-10-14T02:44:26.207+0000] {logging_mixin.py:190} INFO - [2024-10-14T02:44:26.206+0000] {dag.py:3239} INFO - Sync 1 DAGs
[2024-10-14T02:44:26.223+0000] {logging_mixin.py:190} INFO - [2024-10-14T02:44:26.222+0000] {dag.py:4180} INFO - Setting next_dagrun for example_params_trigger_ui to None, run_after=None
[2024-10-14T02:44:26.247+0000] {processor.py:208} INFO - Processing /home/airflow/.local/lib/python3.12/site-packages/airflow/example_dags/example_params_trigger_ui.py took 0.237 seconds
[2024-10-14T02:44:58.523+0000] {processor.py:186} INFO - Started process (PID=913) to work on /home/airflow/.local/lib/python3.12/site-packages/airflow/example_dags/example_params_trigger_ui.py
[2024-10-14T02:44:58.524+0000] {processor.py:914} INFO - Processing file /home/airflow/.local/lib/python3.12/site-packages/airflow/example_dags/example_params_trigger_ui.py for tasks to queue
[2024-10-14T02:44:58.526+0000] {logging_mixin.py:190} INFO - [2024-10-14T02:44:58.526+0000] {dagbag.py:588} INFO - Filling up the DagBag from /home/airflow/.local/lib/python3.12/site-packages/airflow/example_dags/example_params_trigger_ui.py
[2024-10-14T02:44:58.541+0000] {processor.py:925} INFO - DAG(s) 'example_params_trigger_ui' retrieved from /home/airflow/.local/lib/python3.12/site-packages/airflow/example_dags/example_params_trigger_ui.py
[2024-10-14T02:44:58.592+0000] {logging_mixin.py:190} INFO - [2024-10-14T02:44:58.591+0000] {dag.py:3239} INFO - Sync 1 DAGs
[2024-10-14T02:44:58.611+0000] {logging_mixin.py:190} INFO - [2024-10-14T02:44:58.610+0000] {dag.py:4180} INFO - Setting next_dagrun for example_params_trigger_ui to None, run_after=None
[2024-10-14T02:44:58.633+0000] {processor.py:208} INFO - Processing /home/airflow/.local/lib/python3.12/site-packages/airflow/example_dags/example_params_trigger_ui.py took 0.115 seconds
[2024-10-14T02:45:31.630+0000] {processor.py:186} INFO - Started process (PID=980) to work on /home/airflow/.local/lib/python3.12/site-packages/airflow/example_dags/example_params_trigger_ui.py
[2024-10-14T02:45:31.632+0000] {processor.py:914} INFO - Processing file /home/airflow/.local/lib/python3.12/site-packages/airflow/example_dags/example_params_trigger_ui.py for tasks to queue
[2024-10-14T02:45:31.635+0000] {logging_mixin.py:190} INFO - [2024-10-14T02:45:31.634+0000] {dagbag.py:588} INFO - Filling up the DagBag from /home/airflow/.local/lib/python3.12/site-packages/airflow/example_dags/example_params_trigger_ui.py
[2024-10-14T02:45:31.645+0000] {processor.py:925} INFO - DAG(s) 'example_params_trigger_ui' retrieved from /home/airflow/.local/lib/python3.12/site-packages/airflow/example_dags/example_params_trigger_ui.py
[2024-10-14T02:45:31.688+0000] {logging_mixin.py:190} INFO - [2024-10-14T02:45:31.687+0000] {dag.py:3239} INFO - Sync 1 DAGs
[2024-10-14T02:45:31.700+0000] {logging_mixin.py:190} INFO - [2024-10-14T02:45:31.700+0000] {dag.py:4180} INFO - Setting next_dagrun for example_params_trigger_ui to None, run_after=None
[2024-10-14T02:45:31.720+0000] {processor.py:208} INFO - Processing /home/airflow/.local/lib/python3.12/site-packages/airflow/example_dags/example_params_trigger_ui.py took 0.096 seconds
[2024-10-14T02:46:05.106+0000] {processor.py:186} INFO - Started process (PID=1044) to work on /home/airflow/.local/lib/python3.12/site-packages/airflow/example_dags/example_params_trigger_ui.py
[2024-10-14T02:46:05.107+0000] {processor.py:914} INFO - Processing file /home/airflow/.local/lib/python3.12/site-packages/airflow/example_dags/example_params_trigger_ui.py for tasks to queue
[2024-10-14T02:46:05.112+0000] {logging_mixin.py:190} INFO - [2024-10-14T02:46:05.111+0000] {dagbag.py:588} INFO - Filling up the DagBag from /home/airflow/.local/lib/python3.12/site-packages/airflow/example_dags/example_params_trigger_ui.py
[2024-10-14T02:46:05.128+0000] {processor.py:925} INFO - DAG(s) 'example_params_trigger_ui' retrieved from /home/airflow/.local/lib/python3.12/site-packages/airflow/example_dags/example_params_trigger_ui.py
[2024-10-14T02:46:05.191+0000] {logging_mixin.py:190} INFO - [2024-10-14T02:46:05.190+0000] {dag.py:3239} INFO - Sync 1 DAGs
[2024-10-14T02:46:05.210+0000] {logging_mixin.py:190} INFO - [2024-10-14T02:46:05.210+0000] {dag.py:4180} INFO - Setting next_dagrun for example_params_trigger_ui to None, run_after=None
[2024-10-14T02:46:05.233+0000] {processor.py:208} INFO - Processing /home/airflow/.local/lib/python3.12/site-packages/airflow/example_dags/example_params_trigger_ui.py took 0.134 seconds
[2024-10-14T02:46:37.955+0000] {processor.py:186} INFO - Started process (PID=1108) to work on /home/airflow/.local/lib/python3.12/site-packages/airflow/example_dags/example_params_trigger_ui.py
[2024-10-14T02:46:37.956+0000] {processor.py:914} INFO - Processing file /home/airflow/.local/lib/python3.12/site-packages/airflow/example_dags/example_params_trigger_ui.py for tasks to queue
[2024-10-14T02:46:37.959+0000] {logging_mixin.py:190} INFO - [2024-10-14T02:46:37.958+0000] {dagbag.py:588} INFO - Filling up the DagBag from /home/airflow/.local/lib/python3.12/site-packages/airflow/example_dags/example_params_trigger_ui.py
[2024-10-14T02:46:37.969+0000] {processor.py:925} INFO - DAG(s) 'example_params_trigger_ui' retrieved from /home/airflow/.local/lib/python3.12/site-packages/airflow/example_dags/example_params_trigger_ui.py
[2024-10-14T02:46:38.011+0000] {logging_mixin.py:190} INFO - [2024-10-14T02:46:38.010+0000] {dag.py:3239} INFO - Sync 1 DAGs
[2024-10-14T02:46:38.024+0000] {logging_mixin.py:190} INFO - [2024-10-14T02:46:38.023+0000] {dag.py:4180} INFO - Setting next_dagrun for example_params_trigger_ui to None, run_after=None
[2024-10-14T02:46:38.046+0000] {processor.py:208} INFO - Processing /home/airflow/.local/lib/python3.12/site-packages/airflow/example_dags/example_params_trigger_ui.py took 0.096 seconds
[2024-10-14T02:47:11.127+0000] {processor.py:186} INFO - Started process (PID=1172) to work on /home/airflow/.local/lib/python3.12/site-packages/airflow/example_dags/example_params_trigger_ui.py
[2024-10-14T02:47:11.129+0000] {processor.py:914} INFO - Processing file /home/airflow/.local/lib/python3.12/site-packages/airflow/example_dags/example_params_trigger_ui.py for tasks to queue
[2024-10-14T02:47:11.132+0000] {logging_mixin.py:190} INFO - [2024-10-14T02:47:11.131+0000] {dagbag.py:588} INFO - Filling up the DagBag from /home/airflow/.local/lib/python3.12/site-packages/airflow/example_dags/example_params_trigger_ui.py
[2024-10-14T02:47:11.143+0000] {processor.py:925} INFO - DAG(s) 'example_params_trigger_ui' retrieved from /home/airflow/.local/lib/python3.12/site-packages/airflow/example_dags/example_params_trigger_ui.py
[2024-10-14T02:47:11.188+0000] {logging_mixin.py:190} INFO - [2024-10-14T02:47:11.188+0000] {dag.py:3239} INFO - Sync 1 DAGs
[2024-10-14T02:47:11.204+0000] {logging_mixin.py:190} INFO - [2024-10-14T02:47:11.204+0000] {dag.py:4180} INFO - Setting next_dagrun for example_params_trigger_ui to None, run_after=None
[2024-10-14T02:47:11.228+0000] {processor.py:208} INFO - Processing /home/airflow/.local/lib/python3.12/site-packages/airflow/example_dags/example_params_trigger_ui.py took 0.108 seconds
[2024-10-14T02:47:43.572+0000] {processor.py:186} INFO - Started process (PID=1236) to work on /home/airflow/.local/lib/python3.12/site-packages/airflow/example_dags/example_params_trigger_ui.py
[2024-10-14T02:47:43.573+0000] {processor.py:914} INFO - Processing file /home/airflow/.local/lib/python3.12/site-packages/airflow/example_dags/example_params_trigger_ui.py for tasks to queue
[2024-10-14T02:47:43.575+0000] {logging_mixin.py:190} INFO - [2024-10-14T02:47:43.575+0000] {dagbag.py:588} INFO - Filling up the DagBag from /home/airflow/.local/lib/python3.12/site-packages/airflow/example_dags/example_params_trigger_ui.py
[2024-10-14T02:47:43.588+0000] {processor.py:925} INFO - DAG(s) 'example_params_trigger_ui' retrieved from /home/airflow/.local/lib/python3.12/site-packages/airflow/example_dags/example_params_trigger_ui.py
[2024-10-14T02:47:43.632+0000] {logging_mixin.py:190} INFO - [2024-10-14T02:47:43.631+0000] {dag.py:3239} INFO - Sync 1 DAGs
[2024-10-14T02:47:43.646+0000] {logging_mixin.py:190} INFO - [2024-10-14T02:47:43.646+0000] {dag.py:4180} INFO - Setting next_dagrun for example_params_trigger_ui to None, run_after=None
[2024-10-14T02:47:43.671+0000] {processor.py:208} INFO - Processing /home/airflow/.local/lib/python3.12/site-packages/airflow/example_dags/example_params_trigger_ui.py took 0.105 seconds
