[2024-10-14T02:26:51.611+0000] {processor.py:186} INFO - Started process (PID=89) to work on /home/airflow/.local/lib/python3.12/site-packages/airflow/example_dags/example_latest_only.py
[2024-10-14T02:26:51.614+0000] {processor.py:914} INFO - Processing file /home/airflow/.local/lib/python3.12/site-packages/airflow/example_dags/example_latest_only.py for tasks to queue
[2024-10-14T02:26:51.619+0000] {logging_mixin.py:190} INFO - [2024-10-14T02:26:51.618+0000] {dagbag.py:588} INFO - Filling up the DagBag from /home/airflow/.local/lib/python3.12/site-packages/airflow/example_dags/example_latest_only.py
[2024-10-14T02:26:51.642+0000] {processor.py:925} INFO - DAG(s) 'latest_only' retrieved from /home/airflow/.local/lib/python3.12/site-packages/airflow/example_dags/example_latest_only.py
[2024-10-14T02:26:51.924+0000] {logging_mixin.py:190} INFO - [2024-10-14T02:26:51.922+0000] {override.py:1900} INFO - Created Permission View: can delete on DAG:latest_only
[2024-10-14T02:26:51.939+0000] {logging_mixin.py:190} INFO - [2024-10-14T02:26:51.938+0000] {override.py:1900} INFO - Created Permission View: can edit on DAG:latest_only
[2024-10-14T02:26:51.951+0000] {logging_mixin.py:190} INFO - [2024-10-14T02:26:51.950+0000] {override.py:1900} INFO - Created Permission View: can read on DAG:latest_only
[2024-10-14T02:26:51.962+0000] {logging_mixin.py:190} INFO - [2024-10-14T02:26:51.962+0000] {override.py:1900} INFO - Created Permission View: can delete on DAG Run:latest_only
[2024-10-14T02:26:51.971+0000] {logging_mixin.py:190} INFO - [2024-10-14T02:26:51.971+0000] {override.py:1900} INFO - Created Permission View: can create on DAG Run:latest_only
[2024-10-14T02:26:51.979+0000] {logging_mixin.py:190} INFO - [2024-10-14T02:26:51.978+0000] {override.py:1900} INFO - Created Permission View: menu access on DAG Run:latest_only
[2024-10-14T02:26:51.986+0000] {logging_mixin.py:190} INFO - [2024-10-14T02:26:51.986+0000] {override.py:1900} INFO - Created Permission View: can read on DAG Run:latest_only
[2024-10-14T02:26:51.987+0000] {logging_mixin.py:190} INFO - [2024-10-14T02:26:51.987+0000] {dag.py:3239} INFO - Sync 1 DAGs
[2024-10-14T02:26:52.000+0000] {logging_mixin.py:190} INFO - [2024-10-14T02:26:51.999+0000] {dag.py:3262} INFO - Creating ORM DAG for latest_only
[2024-10-14T02:26:52.011+0000] {logging_mixin.py:190} INFO - [2024-10-14T02:26:52.011+0000] {dag.py:4180} INFO - Setting next_dagrun for latest_only to 2024-10-13 20:00:00+00:00, run_after=2024-10-14 00:00:00+00:00
[2024-10-14T02:26:52.029+0000] {processor.py:208} INFO - Processing /home/airflow/.local/lib/python3.12/site-packages/airflow/example_dags/example_latest_only.py took 0.449 seconds
[2024-10-14T02:27:22.243+0000] {processor.py:186} INFO - Started process (PID=151) to work on /home/airflow/.local/lib/python3.12/site-packages/airflow/example_dags/example_latest_only.py
[2024-10-14T02:27:22.245+0000] {processor.py:914} INFO - Processing file /home/airflow/.local/lib/python3.12/site-packages/airflow/example_dags/example_latest_only.py for tasks to queue
[2024-10-14T02:27:22.248+0000] {logging_mixin.py:190} INFO - [2024-10-14T02:27:22.247+0000] {dagbag.py:588} INFO - Filling up the DagBag from /home/airflow/.local/lib/python3.12/site-packages/airflow/example_dags/example_latest_only.py
[2024-10-14T02:27:22.256+0000] {processor.py:925} INFO - DAG(s) 'latest_only' retrieved from /home/airflow/.local/lib/python3.12/site-packages/airflow/example_dags/example_latest_only.py
[2024-10-14T02:27:22.278+0000] {logging_mixin.py:190} INFO - [2024-10-14T02:27:22.278+0000] {dag.py:3239} INFO - Sync 1 DAGs
[2024-10-14T02:27:22.306+0000] {logging_mixin.py:190} INFO - [2024-10-14T02:27:22.306+0000] {dag.py:4180} INFO - Setting next_dagrun for latest_only to 2024-10-13 20:00:00+00:00, run_after=2024-10-14 00:00:00+00:00
[2024-10-14T02:27:22.330+0000] {processor.py:208} INFO - Processing /home/airflow/.local/lib/python3.12/site-packages/airflow/example_dags/example_latest_only.py took 0.093 seconds
[2024-10-14T02:27:54.988+0000] {processor.py:186} INFO - Started process (PID=214) to work on /home/airflow/.local/lib/python3.12/site-packages/airflow/example_dags/example_latest_only.py
[2024-10-14T02:27:54.988+0000] {processor.py:914} INFO - Processing file /home/airflow/.local/lib/python3.12/site-packages/airflow/example_dags/example_latest_only.py for tasks to queue
[2024-10-14T02:27:54.991+0000] {logging_mixin.py:190} INFO - [2024-10-14T02:27:54.990+0000] {dagbag.py:588} INFO - Filling up the DagBag from /home/airflow/.local/lib/python3.12/site-packages/airflow/example_dags/example_latest_only.py
[2024-10-14T02:27:55.001+0000] {processor.py:925} INFO - DAG(s) 'latest_only' retrieved from /home/airflow/.local/lib/python3.12/site-packages/airflow/example_dags/example_latest_only.py
[2024-10-14T02:27:55.026+0000] {logging_mixin.py:190} INFO - [2024-10-14T02:27:55.026+0000] {dag.py:3239} INFO - Sync 1 DAGs
[2024-10-14T02:27:55.058+0000] {logging_mixin.py:190} INFO - [2024-10-14T02:27:55.058+0000] {dag.py:4180} INFO - Setting next_dagrun for latest_only to 2024-10-13 20:00:00+00:00, run_after=2024-10-14 00:00:00+00:00
[2024-10-14T02:27:55.097+0000] {processor.py:208} INFO - Processing /home/airflow/.local/lib/python3.12/site-packages/airflow/example_dags/example_latest_only.py took 0.114 seconds
[2024-10-14T02:28:27.199+0000] {processor.py:186} INFO - Started process (PID=271) to work on /home/airflow/.local/lib/python3.12/site-packages/airflow/example_dags/example_latest_only.py
[2024-10-14T02:28:27.201+0000] {processor.py:914} INFO - Processing file /home/airflow/.local/lib/python3.12/site-packages/airflow/example_dags/example_latest_only.py for tasks to queue
[2024-10-14T02:28:27.204+0000] {logging_mixin.py:190} INFO - [2024-10-14T02:28:27.203+0000] {dagbag.py:588} INFO - Filling up the DagBag from /home/airflow/.local/lib/python3.12/site-packages/airflow/example_dags/example_latest_only.py
[2024-10-14T02:28:27.211+0000] {processor.py:925} INFO - DAG(s) 'latest_only' retrieved from /home/airflow/.local/lib/python3.12/site-packages/airflow/example_dags/example_latest_only.py
[2024-10-14T02:28:27.232+0000] {logging_mixin.py:190} INFO - [2024-10-14T02:28:27.232+0000] {dag.py:3239} INFO - Sync 1 DAGs
[2024-10-14T02:28:27.257+0000] {logging_mixin.py:190} INFO - [2024-10-14T02:28:27.257+0000] {dag.py:4180} INFO - Setting next_dagrun for latest_only to 2024-10-13 20:00:00+00:00, run_after=2024-10-14 00:00:00+00:00
[2024-10-14T02:28:27.279+0000] {processor.py:208} INFO - Processing /home/airflow/.local/lib/python3.12/site-packages/airflow/example_dags/example_latest_only.py took 0.086 seconds
[2024-10-14T02:29:00.971+0000] {processor.py:186} INFO - Started process (PID=334) to work on /home/airflow/.local/lib/python3.12/site-packages/airflow/example_dags/example_latest_only.py
[2024-10-14T02:29:00.972+0000] {processor.py:914} INFO - Processing file /home/airflow/.local/lib/python3.12/site-packages/airflow/example_dags/example_latest_only.py for tasks to queue
[2024-10-14T02:29:00.975+0000] {logging_mixin.py:190} INFO - [2024-10-14T02:29:00.975+0000] {dagbag.py:588} INFO - Filling up the DagBag from /home/airflow/.local/lib/python3.12/site-packages/airflow/example_dags/example_latest_only.py
[2024-10-14T02:29:00.984+0000] {processor.py:925} INFO - DAG(s) 'latest_only' retrieved from /home/airflow/.local/lib/python3.12/site-packages/airflow/example_dags/example_latest_only.py
[2024-10-14T02:29:01.006+0000] {logging_mixin.py:190} INFO - [2024-10-14T02:29:01.005+0000] {dag.py:3239} INFO - Sync 1 DAGs
[2024-10-14T02:29:01.052+0000] {logging_mixin.py:190} INFO - [2024-10-14T02:29:01.051+0000] {dag.py:4180} INFO - Setting next_dagrun for latest_only to 2024-10-13 20:00:00+00:00, run_after=2024-10-14 00:00:00+00:00
[2024-10-14T02:29:01.082+0000] {processor.py:208} INFO - Processing /home/airflow/.local/lib/python3.12/site-packages/airflow/example_dags/example_latest_only.py took 0.118 seconds
[2024-10-14T02:29:33.677+0000] {processor.py:186} INFO - Started process (PID=397) to work on /home/airflow/.local/lib/python3.12/site-packages/airflow/example_dags/example_latest_only.py
[2024-10-14T02:29:33.678+0000] {processor.py:914} INFO - Processing file /home/airflow/.local/lib/python3.12/site-packages/airflow/example_dags/example_latest_only.py for tasks to queue
[2024-10-14T02:29:33.681+0000] {logging_mixin.py:190} INFO - [2024-10-14T02:29:33.680+0000] {dagbag.py:588} INFO - Filling up the DagBag from /home/airflow/.local/lib/python3.12/site-packages/airflow/example_dags/example_latest_only.py
[2024-10-14T02:29:33.687+0000] {processor.py:925} INFO - DAG(s) 'latest_only' retrieved from /home/airflow/.local/lib/python3.12/site-packages/airflow/example_dags/example_latest_only.py
[2024-10-14T02:29:33.706+0000] {logging_mixin.py:190} INFO - [2024-10-14T02:29:33.705+0000] {dag.py:3239} INFO - Sync 1 DAGs
[2024-10-14T02:29:33.741+0000] {logging_mixin.py:190} INFO - [2024-10-14T02:29:33.740+0000] {dag.py:4180} INFO - Setting next_dagrun for latest_only to 2024-10-13 20:00:00+00:00, run_after=2024-10-14 00:00:00+00:00
[2024-10-14T02:29:33.764+0000] {processor.py:208} INFO - Processing /home/airflow/.local/lib/python3.12/site-packages/airflow/example_dags/example_latest_only.py took 0.094 seconds
[2024-10-14T02:30:06.307+0000] {processor.py:186} INFO - Started process (PID=460) to work on /home/airflow/.local/lib/python3.12/site-packages/airflow/example_dags/example_latest_only.py
[2024-10-14T02:30:06.309+0000] {processor.py:914} INFO - Processing file /home/airflow/.local/lib/python3.12/site-packages/airflow/example_dags/example_latest_only.py for tasks to queue
[2024-10-14T02:30:06.311+0000] {logging_mixin.py:190} INFO - [2024-10-14T02:30:06.311+0000] {dagbag.py:588} INFO - Filling up the DagBag from /home/airflow/.local/lib/python3.12/site-packages/airflow/example_dags/example_latest_only.py
[2024-10-14T02:30:06.321+0000] {processor.py:925} INFO - DAG(s) 'latest_only' retrieved from /home/airflow/.local/lib/python3.12/site-packages/airflow/example_dags/example_latest_only.py
[2024-10-14T02:30:06.344+0000] {logging_mixin.py:190} INFO - [2024-10-14T02:30:06.344+0000] {dag.py:3239} INFO - Sync 1 DAGs
[2024-10-14T02:30:06.372+0000] {logging_mixin.py:190} INFO - [2024-10-14T02:30:06.372+0000] {dag.py:4180} INFO - Setting next_dagrun for latest_only to 2024-10-13 20:00:00+00:00, run_after=2024-10-14 00:00:00+00:00
[2024-10-14T02:30:06.399+0000] {processor.py:208} INFO - Processing /home/airflow/.local/lib/python3.12/site-packages/airflow/example_dags/example_latest_only.py took 0.099 seconds
[2024-10-14T02:30:39.292+0000] {processor.py:186} INFO - Started process (PID=523) to work on /home/airflow/.local/lib/python3.12/site-packages/airflow/example_dags/example_latest_only.py
[2024-10-14T02:30:39.293+0000] {processor.py:914} INFO - Processing file /home/airflow/.local/lib/python3.12/site-packages/airflow/example_dags/example_latest_only.py for tasks to queue
[2024-10-14T02:30:39.296+0000] {logging_mixin.py:190} INFO - [2024-10-14T02:30:39.295+0000] {dagbag.py:588} INFO - Filling up the DagBag from /home/airflow/.local/lib/python3.12/site-packages/airflow/example_dags/example_latest_only.py
[2024-10-14T02:30:39.303+0000] {processor.py:925} INFO - DAG(s) 'latest_only' retrieved from /home/airflow/.local/lib/python3.12/site-packages/airflow/example_dags/example_latest_only.py
[2024-10-14T02:30:39.327+0000] {logging_mixin.py:190} INFO - [2024-10-14T02:30:39.326+0000] {dag.py:3239} INFO - Sync 1 DAGs
[2024-10-14T02:30:39.350+0000] {logging_mixin.py:190} INFO - [2024-10-14T02:30:39.350+0000] {dag.py:4180} INFO - Setting next_dagrun for latest_only to 2024-10-13 20:00:00+00:00, run_after=2024-10-14 00:00:00+00:00
[2024-10-14T02:30:39.369+0000] {processor.py:208} INFO - Processing /home/airflow/.local/lib/python3.12/site-packages/airflow/example_dags/example_latest_only.py took 0.082 seconds
[2024-10-14T02:31:12.419+0000] {processor.py:186} INFO - Started process (PID=587) to work on /home/airflow/.local/lib/python3.12/site-packages/airflow/example_dags/example_latest_only.py
[2024-10-14T02:31:12.422+0000] {processor.py:914} INFO - Processing file /home/airflow/.local/lib/python3.12/site-packages/airflow/example_dags/example_latest_only.py for tasks to queue
[2024-10-14T02:31:12.425+0000] {logging_mixin.py:190} INFO - [2024-10-14T02:31:12.425+0000] {dagbag.py:588} INFO - Filling up the DagBag from /home/airflow/.local/lib/python3.12/site-packages/airflow/example_dags/example_latest_only.py
[2024-10-14T02:31:12.441+0000] {processor.py:925} INFO - DAG(s) 'latest_only' retrieved from /home/airflow/.local/lib/python3.12/site-packages/airflow/example_dags/example_latest_only.py
[2024-10-14T02:31:12.475+0000] {logging_mixin.py:190} INFO - [2024-10-14T02:31:12.474+0000] {dag.py:3239} INFO - Sync 1 DAGs
[2024-10-14T02:31:12.502+0000] {logging_mixin.py:190} INFO - [2024-10-14T02:31:12.501+0000] {dag.py:4180} INFO - Setting next_dagrun for latest_only to 2024-10-13 20:00:00+00:00, run_after=2024-10-14 00:00:00+00:00
[2024-10-14T02:31:12.522+0000] {processor.py:208} INFO - Processing /home/airflow/.local/lib/python3.12/site-packages/airflow/example_dags/example_latest_only.py took 0.111 seconds
[2024-10-14T02:31:45.689+0000] {processor.py:186} INFO - Started process (PID=650) to work on /home/airflow/.local/lib/python3.12/site-packages/airflow/example_dags/example_latest_only.py
[2024-10-14T02:31:45.690+0000] {processor.py:914} INFO - Processing file /home/airflow/.local/lib/python3.12/site-packages/airflow/example_dags/example_latest_only.py for tasks to queue
[2024-10-14T02:31:45.693+0000] {logging_mixin.py:190} INFO - [2024-10-14T02:31:45.692+0000] {dagbag.py:588} INFO - Filling up the DagBag from /home/airflow/.local/lib/python3.12/site-packages/airflow/example_dags/example_latest_only.py
[2024-10-14T02:31:45.699+0000] {processor.py:925} INFO - DAG(s) 'latest_only' retrieved from /home/airflow/.local/lib/python3.12/site-packages/airflow/example_dags/example_latest_only.py
[2024-10-14T02:31:45.717+0000] {logging_mixin.py:190} INFO - [2024-10-14T02:31:45.717+0000] {dag.py:3239} INFO - Sync 1 DAGs
[2024-10-14T02:31:45.742+0000] {logging_mixin.py:190} INFO - [2024-10-14T02:31:45.742+0000] {dag.py:4180} INFO - Setting next_dagrun for latest_only to 2024-10-13 20:00:00+00:00, run_after=2024-10-14 00:00:00+00:00
[2024-10-14T02:31:45.759+0000] {processor.py:208} INFO - Processing /home/airflow/.local/lib/python3.12/site-packages/airflow/example_dags/example_latest_only.py took 0.075 seconds
[2024-10-14T02:32:17.908+0000] {processor.py:186} INFO - Started process (PID=713) to work on /home/airflow/.local/lib/python3.12/site-packages/airflow/example_dags/example_latest_only.py
[2024-10-14T02:32:17.909+0000] {processor.py:914} INFO - Processing file /home/airflow/.local/lib/python3.12/site-packages/airflow/example_dags/example_latest_only.py for tasks to queue
[2024-10-14T02:32:17.912+0000] {logging_mixin.py:190} INFO - [2024-10-14T02:32:17.911+0000] {dagbag.py:588} INFO - Filling up the DagBag from /home/airflow/.local/lib/python3.12/site-packages/airflow/example_dags/example_latest_only.py
[2024-10-14T02:32:17.918+0000] {processor.py:925} INFO - DAG(s) 'latest_only' retrieved from /home/airflow/.local/lib/python3.12/site-packages/airflow/example_dags/example_latest_only.py
[2024-10-14T02:32:17.939+0000] {logging_mixin.py:190} INFO - [2024-10-14T02:32:17.939+0000] {dag.py:3239} INFO - Sync 1 DAGs
[2024-10-14T02:32:17.960+0000] {logging_mixin.py:190} INFO - [2024-10-14T02:32:17.960+0000] {dag.py:4180} INFO - Setting next_dagrun for latest_only to 2024-10-13 20:00:00+00:00, run_after=2024-10-14 00:00:00+00:00
[2024-10-14T02:32:17.979+0000] {processor.py:208} INFO - Processing /home/airflow/.local/lib/python3.12/site-packages/airflow/example_dags/example_latest_only.py took 0.075 seconds
[2024-10-14T02:32:51.460+0000] {processor.py:186} INFO - Started process (PID=776) to work on /home/airflow/.local/lib/python3.12/site-packages/airflow/example_dags/example_latest_only.py
[2024-10-14T02:32:51.461+0000] {processor.py:914} INFO - Processing file /home/airflow/.local/lib/python3.12/site-packages/airflow/example_dags/example_latest_only.py for tasks to queue
[2024-10-14T02:32:51.464+0000] {logging_mixin.py:190} INFO - [2024-10-14T02:32:51.464+0000] {dagbag.py:588} INFO - Filling up the DagBag from /home/airflow/.local/lib/python3.12/site-packages/airflow/example_dags/example_latest_only.py
[2024-10-14T02:32:51.474+0000] {processor.py:925} INFO - DAG(s) 'latest_only' retrieved from /home/airflow/.local/lib/python3.12/site-packages/airflow/example_dags/example_latest_only.py
[2024-10-14T02:32:51.501+0000] {logging_mixin.py:190} INFO - [2024-10-14T02:32:51.500+0000] {dag.py:3239} INFO - Sync 1 DAGs
[2024-10-14T02:32:51.531+0000] {logging_mixin.py:190} INFO - [2024-10-14T02:32:51.531+0000] {dag.py:4180} INFO - Setting next_dagrun for latest_only to 2024-10-13 20:00:00+00:00, run_after=2024-10-14 00:00:00+00:00
[2024-10-14T02:32:51.554+0000] {processor.py:208} INFO - Processing /home/airflow/.local/lib/python3.12/site-packages/airflow/example_dags/example_latest_only.py took 0.102 seconds
[2024-10-14T02:33:23.972+0000] {processor.py:186} INFO - Started process (PID=839) to work on /home/airflow/.local/lib/python3.12/site-packages/airflow/example_dags/example_latest_only.py
[2024-10-14T02:33:23.973+0000] {processor.py:914} INFO - Processing file /home/airflow/.local/lib/python3.12/site-packages/airflow/example_dags/example_latest_only.py for tasks to queue
[2024-10-14T02:33:23.975+0000] {logging_mixin.py:190} INFO - [2024-10-14T02:33:23.974+0000] {dagbag.py:588} INFO - Filling up the DagBag from /home/airflow/.local/lib/python3.12/site-packages/airflow/example_dags/example_latest_only.py
[2024-10-14T02:33:23.981+0000] {processor.py:925} INFO - DAG(s) 'latest_only' retrieved from /home/airflow/.local/lib/python3.12/site-packages/airflow/example_dags/example_latest_only.py
[2024-10-14T02:33:24.002+0000] {logging_mixin.py:190} INFO - [2024-10-14T02:33:24.002+0000] {dag.py:3239} INFO - Sync 1 DAGs
[2024-10-14T02:33:24.026+0000] {logging_mixin.py:190} INFO - [2024-10-14T02:33:24.025+0000] {dag.py:4180} INFO - Setting next_dagrun for latest_only to 2024-10-13 20:00:00+00:00, run_after=2024-10-14 00:00:00+00:00
[2024-10-14T02:33:24.047+0000] {processor.py:208} INFO - Processing /home/airflow/.local/lib/python3.12/site-packages/airflow/example_dags/example_latest_only.py took 0.082 seconds
[2024-10-14T02:33:57.624+0000] {processor.py:186} INFO - Started process (PID=904) to work on /home/airflow/.local/lib/python3.12/site-packages/airflow/example_dags/example_latest_only.py
[2024-10-14T02:33:57.625+0000] {processor.py:914} INFO - Processing file /home/airflow/.local/lib/python3.12/site-packages/airflow/example_dags/example_latest_only.py for tasks to queue
[2024-10-14T02:33:57.628+0000] {logging_mixin.py:190} INFO - [2024-10-14T02:33:57.628+0000] {dagbag.py:588} INFO - Filling up the DagBag from /home/airflow/.local/lib/python3.12/site-packages/airflow/example_dags/example_latest_only.py
[2024-10-14T02:33:57.638+0000] {processor.py:925} INFO - DAG(s) 'latest_only' retrieved from /home/airflow/.local/lib/python3.12/site-packages/airflow/example_dags/example_latest_only.py
[2024-10-14T02:33:57.661+0000] {logging_mixin.py:190} INFO - [2024-10-14T02:33:57.661+0000] {dag.py:3239} INFO - Sync 1 DAGs
[2024-10-14T02:33:57.693+0000] {logging_mixin.py:190} INFO - [2024-10-14T02:33:57.692+0000] {dag.py:4180} INFO - Setting next_dagrun for latest_only to 2024-10-13 20:00:00+00:00, run_after=2024-10-14 00:00:00+00:00
[2024-10-14T02:33:57.719+0000] {processor.py:208} INFO - Processing /home/airflow/.local/lib/python3.12/site-packages/airflow/example_dags/example_latest_only.py took 0.102 seconds
[2024-10-14T02:34:30.573+0000] {processor.py:186} INFO - Started process (PID=967) to work on /home/airflow/.local/lib/python3.12/site-packages/airflow/example_dags/example_latest_only.py
[2024-10-14T02:34:30.574+0000] {processor.py:914} INFO - Processing file /home/airflow/.local/lib/python3.12/site-packages/airflow/example_dags/example_latest_only.py for tasks to queue
[2024-10-14T02:34:30.577+0000] {logging_mixin.py:190} INFO - [2024-10-14T02:34:30.577+0000] {dagbag.py:588} INFO - Filling up the DagBag from /home/airflow/.local/lib/python3.12/site-packages/airflow/example_dags/example_latest_only.py
[2024-10-14T02:34:30.585+0000] {processor.py:925} INFO - DAG(s) 'latest_only' retrieved from /home/airflow/.local/lib/python3.12/site-packages/airflow/example_dags/example_latest_only.py
[2024-10-14T02:34:30.611+0000] {logging_mixin.py:190} INFO - [2024-10-14T02:34:30.610+0000] {dag.py:3239} INFO - Sync 1 DAGs
[2024-10-14T02:34:30.641+0000] {logging_mixin.py:190} INFO - [2024-10-14T02:34:30.640+0000] {dag.py:4180} INFO - Setting next_dagrun for latest_only to 2024-10-13 20:00:00+00:00, run_after=2024-10-14 00:00:00+00:00
[2024-10-14T02:34:30.668+0000] {processor.py:208} INFO - Processing /home/airflow/.local/lib/python3.12/site-packages/airflow/example_dags/example_latest_only.py took 0.105 seconds
[2024-10-14T02:35:03.844+0000] {processor.py:186} INFO - Started process (PID=1030) to work on /home/airflow/.local/lib/python3.12/site-packages/airflow/example_dags/example_latest_only.py
[2024-10-14T02:35:03.845+0000] {processor.py:914} INFO - Processing file /home/airflow/.local/lib/python3.12/site-packages/airflow/example_dags/example_latest_only.py for tasks to queue
[2024-10-14T02:35:03.849+0000] {logging_mixin.py:190} INFO - [2024-10-14T02:35:03.848+0000] {dagbag.py:588} INFO - Filling up the DagBag from /home/airflow/.local/lib/python3.12/site-packages/airflow/example_dags/example_latest_only.py
[2024-10-14T02:35:03.859+0000] {processor.py:925} INFO - DAG(s) 'latest_only' retrieved from /home/airflow/.local/lib/python3.12/site-packages/airflow/example_dags/example_latest_only.py
[2024-10-14T02:35:03.886+0000] {logging_mixin.py:190} INFO - [2024-10-14T02:35:03.883+0000] {dag.py:3239} INFO - Sync 1 DAGs
[2024-10-14T02:35:03.920+0000] {logging_mixin.py:190} INFO - [2024-10-14T02:35:03.919+0000] {dag.py:4180} INFO - Setting next_dagrun for latest_only to 2024-10-13 20:00:00+00:00, run_after=2024-10-14 00:00:00+00:00
[2024-10-14T02:35:03.944+0000] {processor.py:208} INFO - Processing /home/airflow/.local/lib/python3.12/site-packages/airflow/example_dags/example_latest_only.py took 0.108 seconds
[2024-10-14T02:35:36.593+0000] {processor.py:186} INFO - Started process (PID=1093) to work on /home/airflow/.local/lib/python3.12/site-packages/airflow/example_dags/example_latest_only.py
[2024-10-14T02:35:36.594+0000] {processor.py:914} INFO - Processing file /home/airflow/.local/lib/python3.12/site-packages/airflow/example_dags/example_latest_only.py for tasks to queue
[2024-10-14T02:35:36.597+0000] {logging_mixin.py:190} INFO - [2024-10-14T02:35:36.597+0000] {dagbag.py:588} INFO - Filling up the DagBag from /home/airflow/.local/lib/python3.12/site-packages/airflow/example_dags/example_latest_only.py
[2024-10-14T02:35:36.607+0000] {processor.py:925} INFO - DAG(s) 'latest_only' retrieved from /home/airflow/.local/lib/python3.12/site-packages/airflow/example_dags/example_latest_only.py
[2024-10-14T02:35:36.640+0000] {logging_mixin.py:190} INFO - [2024-10-14T02:35:36.639+0000] {dag.py:3239} INFO - Sync 1 DAGs
[2024-10-14T02:35:36.677+0000] {logging_mixin.py:190} INFO - [2024-10-14T02:35:36.677+0000] {dag.py:4180} INFO - Setting next_dagrun for latest_only to 2024-10-13 20:00:00+00:00, run_after=2024-10-14 00:00:00+00:00
[2024-10-14T02:35:36.723+0000] {processor.py:208} INFO - Processing /home/airflow/.local/lib/python3.12/site-packages/airflow/example_dags/example_latest_only.py took 0.137 seconds
[2024-10-14T02:36:10.455+0000] {processor.py:186} INFO - Started process (PID=1156) to work on /home/airflow/.local/lib/python3.12/site-packages/airflow/example_dags/example_latest_only.py
[2024-10-14T02:36:10.466+0000] {processor.py:914} INFO - Processing file /home/airflow/.local/lib/python3.12/site-packages/airflow/example_dags/example_latest_only.py for tasks to queue
[2024-10-14T02:36:10.470+0000] {logging_mixin.py:190} INFO - [2024-10-14T02:36:10.469+0000] {dagbag.py:588} INFO - Filling up the DagBag from /home/airflow/.local/lib/python3.12/site-packages/airflow/example_dags/example_latest_only.py
[2024-10-14T02:36:10.486+0000] {processor.py:925} INFO - DAG(s) 'latest_only' retrieved from /home/airflow/.local/lib/python3.12/site-packages/airflow/example_dags/example_latest_only.py
[2024-10-14T02:36:10.524+0000] {logging_mixin.py:190} INFO - [2024-10-14T02:36:10.524+0000] {dag.py:3239} INFO - Sync 1 DAGs
[2024-10-14T02:36:10.569+0000] {logging_mixin.py:190} INFO - [2024-10-14T02:36:10.567+0000] {dag.py:4180} INFO - Setting next_dagrun for latest_only to 2024-10-13 20:00:00+00:00, run_after=2024-10-14 00:00:00+00:00
[2024-10-14T02:36:10.617+0000] {processor.py:208} INFO - Processing /home/airflow/.local/lib/python3.12/site-packages/airflow/example_dags/example_latest_only.py took 0.171 seconds
[2024-10-14T02:37:48.422+0000] {processor.py:186} INFO - Started process (PID=83) to work on /home/airflow/.local/lib/python3.12/site-packages/airflow/example_dags/example_latest_only.py
[2024-10-14T02:37:48.423+0000] {processor.py:914} INFO - Processing file /home/airflow/.local/lib/python3.12/site-packages/airflow/example_dags/example_latest_only.py for tasks to queue
[2024-10-14T02:37:48.426+0000] {logging_mixin.py:190} INFO - [2024-10-14T02:37:48.425+0000] {dagbag.py:588} INFO - Filling up the DagBag from /home/airflow/.local/lib/python3.12/site-packages/airflow/example_dags/example_latest_only.py
[2024-10-14T02:37:48.433+0000] {processor.py:925} INFO - DAG(s) 'latest_only' retrieved from /home/airflow/.local/lib/python3.12/site-packages/airflow/example_dags/example_latest_only.py
[2024-10-14T02:37:48.455+0000] {logging_mixin.py:190} INFO - [2024-10-14T02:37:48.455+0000] {dag.py:3239} INFO - Sync 1 DAGs
[2024-10-14T02:37:48.482+0000] {logging_mixin.py:190} INFO - [2024-10-14T02:37:48.481+0000] {dag.py:4180} INFO - Setting next_dagrun for latest_only to 2024-10-13 20:00:00+00:00, run_after=2024-10-14 00:00:00+00:00
[2024-10-14T02:37:48.509+0000] {processor.py:208} INFO - Processing /home/airflow/.local/lib/python3.12/site-packages/airflow/example_dags/example_latest_only.py took 0.094 seconds
[2024-10-14T02:38:21.318+0000] {processor.py:186} INFO - Started process (PID=147) to work on /home/airflow/.local/lib/python3.12/site-packages/airflow/example_dags/example_latest_only.py
[2024-10-14T02:38:21.320+0000] {processor.py:914} INFO - Processing file /home/airflow/.local/lib/python3.12/site-packages/airflow/example_dags/example_latest_only.py for tasks to queue
[2024-10-14T02:38:21.322+0000] {logging_mixin.py:190} INFO - [2024-10-14T02:38:21.322+0000] {dagbag.py:588} INFO - Filling up the DagBag from /home/airflow/.local/lib/python3.12/site-packages/airflow/example_dags/example_latest_only.py
[2024-10-14T02:38:21.329+0000] {processor.py:925} INFO - DAG(s) 'latest_only' retrieved from /home/airflow/.local/lib/python3.12/site-packages/airflow/example_dags/example_latest_only.py
[2024-10-14T02:38:21.348+0000] {logging_mixin.py:190} INFO - [2024-10-14T02:38:21.348+0000] {dag.py:3239} INFO - Sync 1 DAGs
[2024-10-14T02:38:21.371+0000] {logging_mixin.py:190} INFO - [2024-10-14T02:38:21.371+0000] {dag.py:4180} INFO - Setting next_dagrun for latest_only to 2024-10-13 20:00:00+00:00, run_after=2024-10-14 00:00:00+00:00
[2024-10-14T02:38:21.391+0000] {processor.py:208} INFO - Processing /home/airflow/.local/lib/python3.12/site-packages/airflow/example_dags/example_latest_only.py took 0.077 seconds
[2024-10-14T02:38:56.234+0000] {processor.py:186} INFO - Started process (PID=218) to work on /home/airflow/.local/lib/python3.12/site-packages/airflow/example_dags/example_latest_only.py
[2024-10-14T02:38:56.235+0000] {processor.py:914} INFO - Processing file /home/airflow/.local/lib/python3.12/site-packages/airflow/example_dags/example_latest_only.py for tasks to queue
[2024-10-14T02:38:56.238+0000] {logging_mixin.py:190} INFO - [2024-10-14T02:38:56.238+0000] {dagbag.py:588} INFO - Filling up the DagBag from /home/airflow/.local/lib/python3.12/site-packages/airflow/example_dags/example_latest_only.py
[2024-10-14T02:38:56.251+0000] {processor.py:925} INFO - DAG(s) 'latest_only' retrieved from /home/airflow/.local/lib/python3.12/site-packages/airflow/example_dags/example_latest_only.py
[2024-10-14T02:38:56.279+0000] {logging_mixin.py:190} INFO - [2024-10-14T02:38:56.278+0000] {dag.py:3239} INFO - Sync 1 DAGs
[2024-10-14T02:38:56.321+0000] {logging_mixin.py:190} INFO - [2024-10-14T02:38:56.321+0000] {dag.py:4180} INFO - Setting next_dagrun for latest_only to 2024-10-13 20:00:00+00:00, run_after=2024-10-14 00:00:00+00:00
[2024-10-14T02:38:56.379+0000] {processor.py:208} INFO - Processing /home/airflow/.local/lib/python3.12/site-packages/airflow/example_dags/example_latest_only.py took 0.153 seconds
[2024-10-14T02:39:28.022+0000] {processor.py:186} INFO - Started process (PID=282) to work on /home/airflow/.local/lib/python3.12/site-packages/airflow/example_dags/example_latest_only.py
[2024-10-14T02:39:28.023+0000] {processor.py:914} INFO - Processing file /home/airflow/.local/lib/python3.12/site-packages/airflow/example_dags/example_latest_only.py for tasks to queue
[2024-10-14T02:39:28.026+0000] {logging_mixin.py:190} INFO - [2024-10-14T02:39:28.025+0000] {dagbag.py:588} INFO - Filling up the DagBag from /home/airflow/.local/lib/python3.12/site-packages/airflow/example_dags/example_latest_only.py
[2024-10-14T02:39:28.032+0000] {processor.py:925} INFO - DAG(s) 'latest_only' retrieved from /home/airflow/.local/lib/python3.12/site-packages/airflow/example_dags/example_latest_only.py
[2024-10-14T02:39:28.063+0000] {logging_mixin.py:190} INFO - [2024-10-14T02:39:28.062+0000] {dag.py:3239} INFO - Sync 1 DAGs
[2024-10-14T02:39:28.110+0000] {logging_mixin.py:190} INFO - [2024-10-14T02:39:28.109+0000] {dag.py:4180} INFO - Setting next_dagrun for latest_only to 2024-10-13 20:00:00+00:00, run_after=2024-10-14 00:00:00+00:00
[2024-10-14T02:39:28.129+0000] {processor.py:208} INFO - Processing /home/airflow/.local/lib/python3.12/site-packages/airflow/example_dags/example_latest_only.py took 0.113 seconds
[2024-10-14T02:40:01.265+0000] {processor.py:186} INFO - Started process (PID=346) to work on /home/airflow/.local/lib/python3.12/site-packages/airflow/example_dags/example_latest_only.py
[2024-10-14T02:40:01.266+0000] {processor.py:914} INFO - Processing file /home/airflow/.local/lib/python3.12/site-packages/airflow/example_dags/example_latest_only.py for tasks to queue
[2024-10-14T02:40:01.269+0000] {logging_mixin.py:190} INFO - [2024-10-14T02:40:01.268+0000] {dagbag.py:588} INFO - Filling up the DagBag from /home/airflow/.local/lib/python3.12/site-packages/airflow/example_dags/example_latest_only.py
[2024-10-14T02:40:01.278+0000] {processor.py:925} INFO - DAG(s) 'latest_only' retrieved from /home/airflow/.local/lib/python3.12/site-packages/airflow/example_dags/example_latest_only.py
[2024-10-14T02:40:01.320+0000] {logging_mixin.py:190} INFO - [2024-10-14T02:40:01.319+0000] {dag.py:3239} INFO - Sync 1 DAGs
[2024-10-14T02:40:01.366+0000] {logging_mixin.py:190} INFO - [2024-10-14T02:40:01.366+0000] {dag.py:4180} INFO - Setting next_dagrun for latest_only to 2024-10-13 20:00:00+00:00, run_after=2024-10-14 00:00:00+00:00
[2024-10-14T02:40:01.396+0000] {processor.py:208} INFO - Processing /home/airflow/.local/lib/python3.12/site-packages/airflow/example_dags/example_latest_only.py took 0.139 seconds
[2024-10-14T02:40:34.275+0000] {processor.py:186} INFO - Started process (PID=410) to work on /home/airflow/.local/lib/python3.12/site-packages/airflow/example_dags/example_latest_only.py
[2024-10-14T02:40:34.276+0000] {processor.py:914} INFO - Processing file /home/airflow/.local/lib/python3.12/site-packages/airflow/example_dags/example_latest_only.py for tasks to queue
[2024-10-14T02:40:34.281+0000] {logging_mixin.py:190} INFO - [2024-10-14T02:40:34.280+0000] {dagbag.py:588} INFO - Filling up the DagBag from /home/airflow/.local/lib/python3.12/site-packages/airflow/example_dags/example_latest_only.py
[2024-10-14T02:40:34.294+0000] {processor.py:925} INFO - DAG(s) 'latest_only' retrieved from /home/airflow/.local/lib/python3.12/site-packages/airflow/example_dags/example_latest_only.py
[2024-10-14T02:40:34.322+0000] {logging_mixin.py:190} INFO - [2024-10-14T02:40:34.321+0000] {dag.py:3239} INFO - Sync 1 DAGs
[2024-10-14T02:40:34.349+0000] {logging_mixin.py:190} INFO - [2024-10-14T02:40:34.348+0000] {dag.py:4180} INFO - Setting next_dagrun for latest_only to 2024-10-13 20:00:00+00:00, run_after=2024-10-14 00:00:00+00:00
[2024-10-14T02:40:34.380+0000] {processor.py:208} INFO - Processing /home/airflow/.local/lib/python3.12/site-packages/airflow/example_dags/example_latest_only.py took 0.114 seconds
[2024-10-14T02:41:06.561+0000] {processor.py:186} INFO - Started process (PID=468) to work on /home/airflow/.local/lib/python3.12/site-packages/airflow/example_dags/example_latest_only.py
[2024-10-14T02:41:06.562+0000] {processor.py:914} INFO - Processing file /home/airflow/.local/lib/python3.12/site-packages/airflow/example_dags/example_latest_only.py for tasks to queue
[2024-10-14T02:41:06.564+0000] {logging_mixin.py:190} INFO - [2024-10-14T02:41:06.564+0000] {dagbag.py:588} INFO - Filling up the DagBag from /home/airflow/.local/lib/python3.12/site-packages/airflow/example_dags/example_latest_only.py
[2024-10-14T02:41:06.571+0000] {processor.py:925} INFO - DAG(s) 'latest_only' retrieved from /home/airflow/.local/lib/python3.12/site-packages/airflow/example_dags/example_latest_only.py
[2024-10-14T02:41:06.592+0000] {logging_mixin.py:190} INFO - [2024-10-14T02:41:06.592+0000] {dag.py:3239} INFO - Sync 1 DAGs
[2024-10-14T02:41:06.617+0000] {logging_mixin.py:190} INFO - [2024-10-14T02:41:06.617+0000] {dag.py:4180} INFO - Setting next_dagrun for latest_only to 2024-10-13 20:00:00+00:00, run_after=2024-10-14 00:00:00+00:00
[2024-10-14T02:41:06.638+0000] {processor.py:208} INFO - Processing /home/airflow/.local/lib/python3.12/site-packages/airflow/example_dags/example_latest_only.py took 0.083 seconds
[2024-10-14T02:41:39.508+0000] {processor.py:186} INFO - Started process (PID=532) to work on /home/airflow/.local/lib/python3.12/site-packages/airflow/example_dags/example_latest_only.py
[2024-10-14T02:41:39.509+0000] {processor.py:914} INFO - Processing file /home/airflow/.local/lib/python3.12/site-packages/airflow/example_dags/example_latest_only.py for tasks to queue
[2024-10-14T02:41:39.512+0000] {logging_mixin.py:190} INFO - [2024-10-14T02:41:39.511+0000] {dagbag.py:588} INFO - Filling up the DagBag from /home/airflow/.local/lib/python3.12/site-packages/airflow/example_dags/example_latest_only.py
[2024-10-14T02:41:39.520+0000] {processor.py:925} INFO - DAG(s) 'latest_only' retrieved from /home/airflow/.local/lib/python3.12/site-packages/airflow/example_dags/example_latest_only.py
[2024-10-14T02:41:39.543+0000] {logging_mixin.py:190} INFO - [2024-10-14T02:41:39.543+0000] {dag.py:3239} INFO - Sync 1 DAGs
[2024-10-14T02:41:39.568+0000] {logging_mixin.py:190} INFO - [2024-10-14T02:41:39.568+0000] {dag.py:4180} INFO - Setting next_dagrun for latest_only to 2024-10-13 20:00:00+00:00, run_after=2024-10-14 00:00:00+00:00
[2024-10-14T02:41:39.596+0000] {processor.py:208} INFO - Processing /home/airflow/.local/lib/python3.12/site-packages/airflow/example_dags/example_latest_only.py took 0.094 seconds
[2024-10-14T02:42:13.104+0000] {processor.py:186} INFO - Started process (PID=596) to work on /home/airflow/.local/lib/python3.12/site-packages/airflow/example_dags/example_latest_only.py
[2024-10-14T02:42:13.105+0000] {processor.py:914} INFO - Processing file /home/airflow/.local/lib/python3.12/site-packages/airflow/example_dags/example_latest_only.py for tasks to queue
[2024-10-14T02:42:13.108+0000] {logging_mixin.py:190} INFO - [2024-10-14T02:42:13.108+0000] {dagbag.py:588} INFO - Filling up the DagBag from /home/airflow/.local/lib/python3.12/site-packages/airflow/example_dags/example_latest_only.py
[2024-10-14T02:42:13.117+0000] {processor.py:925} INFO - DAG(s) 'latest_only' retrieved from /home/airflow/.local/lib/python3.12/site-packages/airflow/example_dags/example_latest_only.py
[2024-10-14T02:42:13.137+0000] {logging_mixin.py:190} INFO - [2024-10-14T02:42:13.137+0000] {dag.py:3239} INFO - Sync 1 DAGs
[2024-10-14T02:42:13.160+0000] {logging_mixin.py:190} INFO - [2024-10-14T02:42:13.160+0000] {dag.py:4180} INFO - Setting next_dagrun for latest_only to 2024-10-13 20:00:00+00:00, run_after=2024-10-14 00:00:00+00:00
[2024-10-14T02:42:13.178+0000] {processor.py:208} INFO - Processing /home/airflow/.local/lib/python3.12/site-packages/airflow/example_dags/example_latest_only.py took 0.080 seconds
[2024-10-14T02:42:46.325+0000] {processor.py:186} INFO - Started process (PID=660) to work on /home/airflow/.local/lib/python3.12/site-packages/airflow/example_dags/example_latest_only.py
[2024-10-14T02:42:46.326+0000] {processor.py:914} INFO - Processing file /home/airflow/.local/lib/python3.12/site-packages/airflow/example_dags/example_latest_only.py for tasks to queue
[2024-10-14T02:42:46.328+0000] {logging_mixin.py:190} INFO - [2024-10-14T02:42:46.328+0000] {dagbag.py:588} INFO - Filling up the DagBag from /home/airflow/.local/lib/python3.12/site-packages/airflow/example_dags/example_latest_only.py
[2024-10-14T02:42:46.334+0000] {processor.py:925} INFO - DAG(s) 'latest_only' retrieved from /home/airflow/.local/lib/python3.12/site-packages/airflow/example_dags/example_latest_only.py
[2024-10-14T02:42:46.353+0000] {logging_mixin.py:190} INFO - [2024-10-14T02:42:46.353+0000] {dag.py:3239} INFO - Sync 1 DAGs
[2024-10-14T02:42:46.379+0000] {logging_mixin.py:190} INFO - [2024-10-14T02:42:46.379+0000] {dag.py:4180} INFO - Setting next_dagrun for latest_only to 2024-10-13 20:00:00+00:00, run_after=2024-10-14 00:00:00+00:00
[2024-10-14T02:42:46.402+0000] {processor.py:208} INFO - Processing /home/airflow/.local/lib/python3.12/site-packages/airflow/example_dags/example_latest_only.py took 0.083 seconds
[2024-10-14T02:43:19.346+0000] {processor.py:186} INFO - Started process (PID=724) to work on /home/airflow/.local/lib/python3.12/site-packages/airflow/example_dags/example_latest_only.py
[2024-10-14T02:43:19.347+0000] {processor.py:914} INFO - Processing file /home/airflow/.local/lib/python3.12/site-packages/airflow/example_dags/example_latest_only.py for tasks to queue
[2024-10-14T02:43:19.351+0000] {logging_mixin.py:190} INFO - [2024-10-14T02:43:19.350+0000] {dagbag.py:588} INFO - Filling up the DagBag from /home/airflow/.local/lib/python3.12/site-packages/airflow/example_dags/example_latest_only.py
[2024-10-14T02:43:19.357+0000] {processor.py:925} INFO - DAG(s) 'latest_only' retrieved from /home/airflow/.local/lib/python3.12/site-packages/airflow/example_dags/example_latest_only.py
[2024-10-14T02:43:19.376+0000] {logging_mixin.py:190} INFO - [2024-10-14T02:43:19.376+0000] {dag.py:3239} INFO - Sync 1 DAGs
[2024-10-14T02:43:19.399+0000] {logging_mixin.py:190} INFO - [2024-10-14T02:43:19.399+0000] {dag.py:4180} INFO - Setting next_dagrun for latest_only to 2024-10-13 20:00:00+00:00, run_after=2024-10-14 00:00:00+00:00
[2024-10-14T02:43:19.418+0000] {processor.py:208} INFO - Processing /home/airflow/.local/lib/python3.12/site-packages/airflow/example_dags/example_latest_only.py took 0.076 seconds
[2024-10-14T02:43:52.133+0000] {processor.py:186} INFO - Started process (PID=790) to work on /home/airflow/.local/lib/python3.12/site-packages/airflow/example_dags/example_latest_only.py
[2024-10-14T02:43:52.135+0000] {processor.py:914} INFO - Processing file /home/airflow/.local/lib/python3.12/site-packages/airflow/example_dags/example_latest_only.py for tasks to queue
[2024-10-14T02:43:52.140+0000] {logging_mixin.py:190} INFO - [2024-10-14T02:43:52.139+0000] {dagbag.py:588} INFO - Filling up the DagBag from /home/airflow/.local/lib/python3.12/site-packages/airflow/example_dags/example_latest_only.py
[2024-10-14T02:43:52.158+0000] {processor.py:925} INFO - DAG(s) 'latest_only' retrieved from /home/airflow/.local/lib/python3.12/site-packages/airflow/example_dags/example_latest_only.py
[2024-10-14T02:43:52.191+0000] {logging_mixin.py:190} INFO - [2024-10-14T02:43:52.191+0000] {dag.py:3239} INFO - Sync 1 DAGs
[2024-10-14T02:43:52.237+0000] {logging_mixin.py:190} INFO - [2024-10-14T02:43:52.236+0000] {dag.py:4180} INFO - Setting next_dagrun for latest_only to 2024-10-13 20:00:00+00:00, run_after=2024-10-14 00:00:00+00:00
[2024-10-14T02:43:52.275+0000] {processor.py:208} INFO - Processing /home/airflow/.local/lib/python3.12/site-packages/airflow/example_dags/example_latest_only.py took 0.153 seconds
[2024-10-14T02:44:26.781+0000] {processor.py:186} INFO - Started process (PID=864) to work on /home/airflow/.local/lib/python3.12/site-packages/airflow/example_dags/example_latest_only.py
[2024-10-14T02:44:26.782+0000] {processor.py:914} INFO - Processing file /home/airflow/.local/lib/python3.12/site-packages/airflow/example_dags/example_latest_only.py for tasks to queue
[2024-10-14T02:44:26.784+0000] {logging_mixin.py:190} INFO - [2024-10-14T02:44:26.784+0000] {dagbag.py:588} INFO - Filling up the DagBag from /home/airflow/.local/lib/python3.12/site-packages/airflow/example_dags/example_latest_only.py
[2024-10-14T02:44:26.791+0000] {processor.py:925} INFO - DAG(s) 'latest_only' retrieved from /home/airflow/.local/lib/python3.12/site-packages/airflow/example_dags/example_latest_only.py
[2024-10-14T02:44:26.810+0000] {logging_mixin.py:190} INFO - [2024-10-14T02:44:26.809+0000] {dag.py:3239} INFO - Sync 1 DAGs
[2024-10-14T02:44:26.837+0000] {logging_mixin.py:190} INFO - [2024-10-14T02:44:26.837+0000] {dag.py:4180} INFO - Setting next_dagrun for latest_only to 2024-10-13 20:00:00+00:00, run_after=2024-10-14 00:00:00+00:00
[2024-10-14T02:44:26.858+0000] {processor.py:208} INFO - Processing /home/airflow/.local/lib/python3.12/site-packages/airflow/example_dags/example_latest_only.py took 0.083 seconds
[2024-10-14T02:44:59.120+0000] {processor.py:186} INFO - Started process (PID=922) to work on /home/airflow/.local/lib/python3.12/site-packages/airflow/example_dags/example_latest_only.py
[2024-10-14T02:44:59.121+0000] {processor.py:914} INFO - Processing file /home/airflow/.local/lib/python3.12/site-packages/airflow/example_dags/example_latest_only.py for tasks to queue
[2024-10-14T02:44:59.126+0000] {logging_mixin.py:190} INFO - [2024-10-14T02:44:59.124+0000] {dagbag.py:588} INFO - Filling up the DagBag from /home/airflow/.local/lib/python3.12/site-packages/airflow/example_dags/example_latest_only.py
[2024-10-14T02:44:59.132+0000] {processor.py:925} INFO - DAG(s) 'latest_only' retrieved from /home/airflow/.local/lib/python3.12/site-packages/airflow/example_dags/example_latest_only.py
[2024-10-14T02:44:59.155+0000] {logging_mixin.py:190} INFO - [2024-10-14T02:44:59.155+0000] {dag.py:3239} INFO - Sync 1 DAGs
[2024-10-14T02:44:59.183+0000] {logging_mixin.py:190} INFO - [2024-10-14T02:44:59.183+0000] {dag.py:4180} INFO - Setting next_dagrun for latest_only to 2024-10-13 20:00:00+00:00, run_after=2024-10-14 00:00:00+00:00
[2024-10-14T02:44:59.208+0000] {processor.py:208} INFO - Processing /home/airflow/.local/lib/python3.12/site-packages/airflow/example_dags/example_latest_only.py took 0.094 seconds
[2024-10-14T02:45:32.132+0000] {processor.py:186} INFO - Started process (PID=989) to work on /home/airflow/.local/lib/python3.12/site-packages/airflow/example_dags/example_latest_only.py
[2024-10-14T02:45:32.133+0000] {processor.py:914} INFO - Processing file /home/airflow/.local/lib/python3.12/site-packages/airflow/example_dags/example_latest_only.py for tasks to queue
[2024-10-14T02:45:32.137+0000] {logging_mixin.py:190} INFO - [2024-10-14T02:45:32.136+0000] {dagbag.py:588} INFO - Filling up the DagBag from /home/airflow/.local/lib/python3.12/site-packages/airflow/example_dags/example_latest_only.py
[2024-10-14T02:45:32.146+0000] {processor.py:925} INFO - DAG(s) 'latest_only' retrieved from /home/airflow/.local/lib/python3.12/site-packages/airflow/example_dags/example_latest_only.py
[2024-10-14T02:45:32.175+0000] {logging_mixin.py:190} INFO - [2024-10-14T02:45:32.174+0000] {dag.py:3239} INFO - Sync 1 DAGs
[2024-10-14T02:45:32.213+0000] {logging_mixin.py:190} INFO - [2024-10-14T02:45:32.213+0000] {dag.py:4180} INFO - Setting next_dagrun for latest_only to 2024-10-13 20:00:00+00:00, run_after=2024-10-14 00:00:00+00:00
[2024-10-14T02:45:32.243+0000] {processor.py:208} INFO - Processing /home/airflow/.local/lib/python3.12/site-packages/airflow/example_dags/example_latest_only.py took 0.120 seconds
[2024-10-14T02:46:05.819+0000] {processor.py:186} INFO - Started process (PID=1059) to work on /home/airflow/.local/lib/python3.12/site-packages/airflow/example_dags/example_latest_only.py
[2024-10-14T02:46:05.820+0000] {processor.py:914} INFO - Processing file /home/airflow/.local/lib/python3.12/site-packages/airflow/example_dags/example_latest_only.py for tasks to queue
[2024-10-14T02:46:05.822+0000] {logging_mixin.py:190} INFO - [2024-10-14T02:46:05.822+0000] {dagbag.py:588} INFO - Filling up the DagBag from /home/airflow/.local/lib/python3.12/site-packages/airflow/example_dags/example_latest_only.py
[2024-10-14T02:46:05.829+0000] {processor.py:925} INFO - DAG(s) 'latest_only' retrieved from /home/airflow/.local/lib/python3.12/site-packages/airflow/example_dags/example_latest_only.py
[2024-10-14T02:46:05.864+0000] {logging_mixin.py:190} INFO - [2024-10-14T02:46:05.864+0000] {dag.py:3239} INFO - Sync 1 DAGs
[2024-10-14T02:46:05.899+0000] {logging_mixin.py:190} INFO - [2024-10-14T02:46:05.899+0000] {dag.py:4180} INFO - Setting next_dagrun for latest_only to 2024-10-13 20:00:00+00:00, run_after=2024-10-14 00:00:00+00:00
[2024-10-14T02:46:05.927+0000] {processor.py:208} INFO - Processing /home/airflow/.local/lib/python3.12/site-packages/airflow/example_dags/example_latest_only.py took 0.115 seconds
[2024-10-14T02:46:38.461+0000] {processor.py:186} INFO - Started process (PID=1117) to work on /home/airflow/.local/lib/python3.12/site-packages/airflow/example_dags/example_latest_only.py
[2024-10-14T02:46:38.462+0000] {processor.py:914} INFO - Processing file /home/airflow/.local/lib/python3.12/site-packages/airflow/example_dags/example_latest_only.py for tasks to queue
[2024-10-14T02:46:38.465+0000] {logging_mixin.py:190} INFO - [2024-10-14T02:46:38.464+0000] {dagbag.py:588} INFO - Filling up the DagBag from /home/airflow/.local/lib/python3.12/site-packages/airflow/example_dags/example_latest_only.py
[2024-10-14T02:46:38.473+0000] {processor.py:925} INFO - DAG(s) 'latest_only' retrieved from /home/airflow/.local/lib/python3.12/site-packages/airflow/example_dags/example_latest_only.py
[2024-10-14T02:46:38.492+0000] {logging_mixin.py:190} INFO - [2024-10-14T02:46:38.491+0000] {dag.py:3239} INFO - Sync 1 DAGs
[2024-10-14T02:46:38.511+0000] {logging_mixin.py:190} INFO - [2024-10-14T02:46:38.511+0000] {dag.py:4180} INFO - Setting next_dagrun for latest_only to 2024-10-13 20:00:00+00:00, run_after=2024-10-14 00:00:00+00:00
[2024-10-14T02:46:38.533+0000] {processor.py:208} INFO - Processing /home/airflow/.local/lib/python3.12/site-packages/airflow/example_dags/example_latest_only.py took 0.077 seconds
[2024-10-14T02:47:11.717+0000] {processor.py:186} INFO - Started process (PID=1181) to work on /home/airflow/.local/lib/python3.12/site-packages/airflow/example_dags/example_latest_only.py
[2024-10-14T02:47:11.718+0000] {processor.py:914} INFO - Processing file /home/airflow/.local/lib/python3.12/site-packages/airflow/example_dags/example_latest_only.py for tasks to queue
[2024-10-14T02:47:11.720+0000] {logging_mixin.py:190} INFO - [2024-10-14T02:47:11.720+0000] {dagbag.py:588} INFO - Filling up the DagBag from /home/airflow/.local/lib/python3.12/site-packages/airflow/example_dags/example_latest_only.py
[2024-10-14T02:47:11.728+0000] {processor.py:925} INFO - DAG(s) 'latest_only' retrieved from /home/airflow/.local/lib/python3.12/site-packages/airflow/example_dags/example_latest_only.py
[2024-10-14T02:47:11.748+0000] {logging_mixin.py:190} INFO - [2024-10-14T02:47:11.748+0000] {dag.py:3239} INFO - Sync 1 DAGs
[2024-10-14T02:47:11.774+0000] {logging_mixin.py:190} INFO - [2024-10-14T02:47:11.774+0000] {dag.py:4180} INFO - Setting next_dagrun for latest_only to 2024-10-13 20:00:00+00:00, run_after=2024-10-14 00:00:00+00:00
[2024-10-14T02:47:11.795+0000] {processor.py:208} INFO - Processing /home/airflow/.local/lib/python3.12/site-packages/airflow/example_dags/example_latest_only.py took 0.084 seconds
[2024-10-14T02:47:44.057+0000] {processor.py:186} INFO - Started process (PID=1245) to work on /home/airflow/.local/lib/python3.12/site-packages/airflow/example_dags/example_latest_only.py
[2024-10-14T02:47:44.058+0000] {processor.py:914} INFO - Processing file /home/airflow/.local/lib/python3.12/site-packages/airflow/example_dags/example_latest_only.py for tasks to queue
[2024-10-14T02:47:44.060+0000] {logging_mixin.py:190} INFO - [2024-10-14T02:47:44.060+0000] {dagbag.py:588} INFO - Filling up the DagBag from /home/airflow/.local/lib/python3.12/site-packages/airflow/example_dags/example_latest_only.py
[2024-10-14T02:47:44.066+0000] {processor.py:925} INFO - DAG(s) 'latest_only' retrieved from /home/airflow/.local/lib/python3.12/site-packages/airflow/example_dags/example_latest_only.py
[2024-10-14T02:47:44.087+0000] {logging_mixin.py:190} INFO - [2024-10-14T02:47:44.086+0000] {dag.py:3239} INFO - Sync 1 DAGs
[2024-10-14T02:47:44.108+0000] {logging_mixin.py:190} INFO - [2024-10-14T02:47:44.108+0000] {dag.py:4180} INFO - Setting next_dagrun for latest_only to 2024-10-13 20:00:00+00:00, run_after=2024-10-14 00:00:00+00:00
[2024-10-14T02:47:44.127+0000] {processor.py:208} INFO - Processing /home/airflow/.local/lib/python3.12/site-packages/airflow/example_dags/example_latest_only.py took 0.076 seconds
