[2024-10-14T02:26:52.443+0000] {processor.py:186} INFO - Started process (PID=94) to work on /home/airflow/.local/lib/python3.12/site-packages/airflow/example_dags/example_branch_operator.py
[2024-10-14T02:26:52.445+0000] {processor.py:914} INFO - Processing file /home/airflow/.local/lib/python3.12/site-packages/airflow/example_dags/example_branch_operator.py for tasks to queue
[2024-10-14T02:26:52.448+0000] {logging_mixin.py:190} INFO - [2024-10-14T02:26:52.448+0000] {dagbag.py:588} INFO - Filling up the DagBag from /home/airflow/.local/lib/python3.12/site-packages/airflow/example_dags/example_branch_operator.py
[2024-10-14T02:26:52.471+0000] {processor.py:925} INFO - DAG(s) 'example_branch_operator' retrieved from /home/airflow/.local/lib/python3.12/site-packages/airflow/example_dags/example_branch_operator.py
[2024-10-14T02:26:52.598+0000] {logging_mixin.py:190} INFO - [2024-10-14T02:26:52.597+0000] {override.py:1900} INFO - Created Permission View: can delete on DAG:example_branch_operator
[2024-10-14T02:26:52.615+0000] {logging_mixin.py:190} INFO - [2024-10-14T02:26:52.614+0000] {override.py:1900} INFO - Created Permission View: can edit on DAG:example_branch_operator
[2024-10-14T02:26:52.624+0000] {logging_mixin.py:190} INFO - [2024-10-14T02:26:52.623+0000] {override.py:1900} INFO - Created Permission View: can read on DAG:example_branch_operator
[2024-10-14T02:26:52.635+0000] {logging_mixin.py:190} INFO - [2024-10-14T02:26:52.634+0000] {override.py:1900} INFO - Created Permission View: can delete on DAG Run:example_branch_operator
[2024-10-14T02:26:52.643+0000] {logging_mixin.py:190} INFO - [2024-10-14T02:26:52.642+0000] {override.py:1900} INFO - Created Permission View: can create on DAG Run:example_branch_operator
[2024-10-14T02:26:52.651+0000] {logging_mixin.py:190} INFO - [2024-10-14T02:26:52.651+0000] {override.py:1900} INFO - Created Permission View: menu access on DAG Run:example_branch_operator
[2024-10-14T02:26:52.659+0000] {logging_mixin.py:190} INFO - [2024-10-14T02:26:52.659+0000] {override.py:1900} INFO - Created Permission View: can read on DAG Run:example_branch_operator
[2024-10-14T02:26:52.660+0000] {logging_mixin.py:190} INFO - [2024-10-14T02:26:52.660+0000] {dag.py:3239} INFO - Sync 1 DAGs
[2024-10-14T02:26:52.674+0000] {logging_mixin.py:190} INFO - [2024-10-14T02:26:52.674+0000] {dag.py:3262} INFO - Creating ORM DAG for example_branch_operator
[2024-10-14T02:26:52.684+0000] {logging_mixin.py:190} INFO - [2024-10-14T02:26:52.684+0000] {dag.py:4180} INFO - Setting next_dagrun for example_branch_operator to 2024-10-13 00:00:00+00:00, run_after=2024-10-14 00:00:00+00:00
[2024-10-14T02:26:52.702+0000] {processor.py:208} INFO - Processing /home/airflow/.local/lib/python3.12/site-packages/airflow/example_dags/example_branch_operator.py took 0.267 seconds
[2024-10-14T02:27:22.816+0000] {processor.py:186} INFO - Started process (PID=156) to work on /home/airflow/.local/lib/python3.12/site-packages/airflow/example_dags/example_branch_operator.py
[2024-10-14T02:27:22.817+0000] {processor.py:914} INFO - Processing file /home/airflow/.local/lib/python3.12/site-packages/airflow/example_dags/example_branch_operator.py for tasks to queue
[2024-10-14T02:27:22.820+0000] {logging_mixin.py:190} INFO - [2024-10-14T02:27:22.819+0000] {dagbag.py:588} INFO - Filling up the DagBag from /home/airflow/.local/lib/python3.12/site-packages/airflow/example_dags/example_branch_operator.py
[2024-10-14T02:27:22.857+0000] {processor.py:925} INFO - DAG(s) 'example_branch_operator' retrieved from /home/airflow/.local/lib/python3.12/site-packages/airflow/example_dags/example_branch_operator.py
[2024-10-14T02:27:22.902+0000] {logging_mixin.py:190} INFO - [2024-10-14T02:27:22.902+0000] {dag.py:3239} INFO - Sync 1 DAGs
[2024-10-14T02:27:22.939+0000] {logging_mixin.py:190} INFO - [2024-10-14T02:27:22.938+0000] {dag.py:4180} INFO - Setting next_dagrun for example_branch_operator to 2024-10-13 00:00:00+00:00, run_after=2024-10-14 00:00:00+00:00
[2024-10-14T02:27:22.972+0000] {processor.py:208} INFO - Processing /home/airflow/.local/lib/python3.12/site-packages/airflow/example_dags/example_branch_operator.py took 0.165 seconds
[2024-10-14T02:27:55.325+0000] {processor.py:186} INFO - Started process (PID=219) to work on /home/airflow/.local/lib/python3.12/site-packages/airflow/example_dags/example_branch_operator.py
[2024-10-14T02:27:55.326+0000] {processor.py:914} INFO - Processing file /home/airflow/.local/lib/python3.12/site-packages/airflow/example_dags/example_branch_operator.py for tasks to queue
[2024-10-14T02:27:55.328+0000] {logging_mixin.py:190} INFO - [2024-10-14T02:27:55.328+0000] {dagbag.py:588} INFO - Filling up the DagBag from /home/airflow/.local/lib/python3.12/site-packages/airflow/example_dags/example_branch_operator.py
[2024-10-14T02:27:55.346+0000] {processor.py:925} INFO - DAG(s) 'example_branch_operator' retrieved from /home/airflow/.local/lib/python3.12/site-packages/airflow/example_dags/example_branch_operator.py
[2024-10-14T02:27:55.369+0000] {logging_mixin.py:190} INFO - [2024-10-14T02:27:55.369+0000] {dag.py:3239} INFO - Sync 1 DAGs
[2024-10-14T02:27:55.390+0000] {logging_mixin.py:190} INFO - [2024-10-14T02:27:55.389+0000] {dag.py:4180} INFO - Setting next_dagrun for example_branch_operator to 2024-10-13 00:00:00+00:00, run_after=2024-10-14 00:00:00+00:00
[2024-10-14T02:27:55.419+0000] {processor.py:208} INFO - Processing /home/airflow/.local/lib/python3.12/site-packages/airflow/example_dags/example_branch_operator.py took 0.100 seconds
[2024-10-14T02:28:27.537+0000] {processor.py:186} INFO - Started process (PID=276) to work on /home/airflow/.local/lib/python3.12/site-packages/airflow/example_dags/example_branch_operator.py
[2024-10-14T02:28:27.539+0000] {processor.py:914} INFO - Processing file /home/airflow/.local/lib/python3.12/site-packages/airflow/example_dags/example_branch_operator.py for tasks to queue
[2024-10-14T02:28:27.545+0000] {logging_mixin.py:190} INFO - [2024-10-14T02:28:27.544+0000] {dagbag.py:588} INFO - Filling up the DagBag from /home/airflow/.local/lib/python3.12/site-packages/airflow/example_dags/example_branch_operator.py
[2024-10-14T02:28:27.566+0000] {processor.py:925} INFO - DAG(s) 'example_branch_operator' retrieved from /home/airflow/.local/lib/python3.12/site-packages/airflow/example_dags/example_branch_operator.py
[2024-10-14T02:28:27.601+0000] {logging_mixin.py:190} INFO - [2024-10-14T02:28:27.600+0000] {dag.py:3239} INFO - Sync 1 DAGs
[2024-10-14T02:28:27.627+0000] {logging_mixin.py:190} INFO - [2024-10-14T02:28:27.627+0000] {dag.py:4180} INFO - Setting next_dagrun for example_branch_operator to 2024-10-13 00:00:00+00:00, run_after=2024-10-14 00:00:00+00:00
[2024-10-14T02:28:27.654+0000] {processor.py:208} INFO - Processing /home/airflow/.local/lib/python3.12/site-packages/airflow/example_dags/example_branch_operator.py took 0.122 seconds
[2024-10-14T02:29:01.433+0000] {processor.py:186} INFO - Started process (PID=345) to work on /home/airflow/.local/lib/python3.12/site-packages/airflow/example_dags/example_branch_operator.py
[2024-10-14T02:29:01.434+0000] {processor.py:914} INFO - Processing file /home/airflow/.local/lib/python3.12/site-packages/airflow/example_dags/example_branch_operator.py for tasks to queue
[2024-10-14T02:29:01.437+0000] {logging_mixin.py:190} INFO - [2024-10-14T02:29:01.436+0000] {dagbag.py:588} INFO - Filling up the DagBag from /home/airflow/.local/lib/python3.12/site-packages/airflow/example_dags/example_branch_operator.py
[2024-10-14T02:29:01.461+0000] {processor.py:925} INFO - DAG(s) 'example_branch_operator' retrieved from /home/airflow/.local/lib/python3.12/site-packages/airflow/example_dags/example_branch_operator.py
[2024-10-14T02:29:01.498+0000] {logging_mixin.py:190} INFO - [2024-10-14T02:29:01.498+0000] {dag.py:3239} INFO - Sync 1 DAGs
[2024-10-14T02:29:01.531+0000] {logging_mixin.py:190} INFO - [2024-10-14T02:29:01.530+0000] {dag.py:4180} INFO - Setting next_dagrun for example_branch_operator to 2024-10-13 00:00:00+00:00, run_after=2024-10-14 00:00:00+00:00
[2024-10-14T02:29:01.557+0000] {processor.py:208} INFO - Processing /home/airflow/.local/lib/python3.12/site-packages/airflow/example_dags/example_branch_operator.py took 0.130 seconds
[2024-10-14T02:29:34.003+0000] {processor.py:186} INFO - Started process (PID=402) to work on /home/airflow/.local/lib/python3.12/site-packages/airflow/example_dags/example_branch_operator.py
[2024-10-14T02:29:34.004+0000] {processor.py:914} INFO - Processing file /home/airflow/.local/lib/python3.12/site-packages/airflow/example_dags/example_branch_operator.py for tasks to queue
[2024-10-14T02:29:34.006+0000] {logging_mixin.py:190} INFO - [2024-10-14T02:29:34.006+0000] {dagbag.py:588} INFO - Filling up the DagBag from /home/airflow/.local/lib/python3.12/site-packages/airflow/example_dags/example_branch_operator.py
[2024-10-14T02:29:34.026+0000] {processor.py:925} INFO - DAG(s) 'example_branch_operator' retrieved from /home/airflow/.local/lib/python3.12/site-packages/airflow/example_dags/example_branch_operator.py
[2024-10-14T02:29:34.050+0000] {logging_mixin.py:190} INFO - [2024-10-14T02:29:34.050+0000] {dag.py:3239} INFO - Sync 1 DAGs
[2024-10-14T02:29:34.073+0000] {logging_mixin.py:190} INFO - [2024-10-14T02:29:34.073+0000] {dag.py:4180} INFO - Setting next_dagrun for example_branch_operator to 2024-10-13 00:00:00+00:00, run_after=2024-10-14 00:00:00+00:00
[2024-10-14T02:29:34.092+0000] {processor.py:208} INFO - Processing /home/airflow/.local/lib/python3.12/site-packages/airflow/example_dags/example_branch_operator.py took 0.097 seconds
[2024-10-14T02:30:06.634+0000] {processor.py:186} INFO - Started process (PID=465) to work on /home/airflow/.local/lib/python3.12/site-packages/airflow/example_dags/example_branch_operator.py
[2024-10-14T02:30:06.635+0000] {processor.py:914} INFO - Processing file /home/airflow/.local/lib/python3.12/site-packages/airflow/example_dags/example_branch_operator.py for tasks to queue
[2024-10-14T02:30:06.639+0000] {logging_mixin.py:190} INFO - [2024-10-14T02:30:06.638+0000] {dagbag.py:588} INFO - Filling up the DagBag from /home/airflow/.local/lib/python3.12/site-packages/airflow/example_dags/example_branch_operator.py
[2024-10-14T02:30:06.668+0000] {processor.py:925} INFO - DAG(s) 'example_branch_operator' retrieved from /home/airflow/.local/lib/python3.12/site-packages/airflow/example_dags/example_branch_operator.py
[2024-10-14T02:30:06.699+0000] {logging_mixin.py:190} INFO - [2024-10-14T02:30:06.699+0000] {dag.py:3239} INFO - Sync 1 DAGs
[2024-10-14T02:30:06.724+0000] {logging_mixin.py:190} INFO - [2024-10-14T02:30:06.723+0000] {dag.py:4180} INFO - Setting next_dagrun for example_branch_operator to 2024-10-13 00:00:00+00:00, run_after=2024-10-14 00:00:00+00:00
[2024-10-14T02:30:06.746+0000] {processor.py:208} INFO - Processing /home/airflow/.local/lib/python3.12/site-packages/airflow/example_dags/example_branch_operator.py took 0.119 seconds
[2024-10-14T02:30:39.566+0000] {processor.py:186} INFO - Started process (PID=528) to work on /home/airflow/.local/lib/python3.12/site-packages/airflow/example_dags/example_branch_operator.py
[2024-10-14T02:30:39.567+0000] {processor.py:914} INFO - Processing file /home/airflow/.local/lib/python3.12/site-packages/airflow/example_dags/example_branch_operator.py for tasks to queue
[2024-10-14T02:30:39.570+0000] {logging_mixin.py:190} INFO - [2024-10-14T02:30:39.569+0000] {dagbag.py:588} INFO - Filling up the DagBag from /home/airflow/.local/lib/python3.12/site-packages/airflow/example_dags/example_branch_operator.py
[2024-10-14T02:30:39.588+0000] {processor.py:925} INFO - DAG(s) 'example_branch_operator' retrieved from /home/airflow/.local/lib/python3.12/site-packages/airflow/example_dags/example_branch_operator.py
[2024-10-14T02:30:39.619+0000] {logging_mixin.py:190} INFO - [2024-10-14T02:30:39.619+0000] {dag.py:3239} INFO - Sync 1 DAGs
[2024-10-14T02:30:39.642+0000] {logging_mixin.py:190} INFO - [2024-10-14T02:30:39.641+0000] {dag.py:4180} INFO - Setting next_dagrun for example_branch_operator to 2024-10-13 00:00:00+00:00, run_after=2024-10-14 00:00:00+00:00
[2024-10-14T02:30:39.660+0000] {processor.py:208} INFO - Processing /home/airflow/.local/lib/python3.12/site-packages/airflow/example_dags/example_branch_operator.py took 0.101 seconds
[2024-10-14T02:31:12.734+0000] {processor.py:186} INFO - Started process (PID=592) to work on /home/airflow/.local/lib/python3.12/site-packages/airflow/example_dags/example_branch_operator.py
[2024-10-14T02:31:12.735+0000] {processor.py:914} INFO - Processing file /home/airflow/.local/lib/python3.12/site-packages/airflow/example_dags/example_branch_operator.py for tasks to queue
[2024-10-14T02:31:12.738+0000] {logging_mixin.py:190} INFO - [2024-10-14T02:31:12.737+0000] {dagbag.py:588} INFO - Filling up the DagBag from /home/airflow/.local/lib/python3.12/site-packages/airflow/example_dags/example_branch_operator.py
[2024-10-14T02:31:12.754+0000] {processor.py:925} INFO - DAG(s) 'example_branch_operator' retrieved from /home/airflow/.local/lib/python3.12/site-packages/airflow/example_dags/example_branch_operator.py
[2024-10-14T02:31:12.781+0000] {logging_mixin.py:190} INFO - [2024-10-14T02:31:12.781+0000] {dag.py:3239} INFO - Sync 1 DAGs
[2024-10-14T02:31:12.805+0000] {logging_mixin.py:190} INFO - [2024-10-14T02:31:12.805+0000] {dag.py:4180} INFO - Setting next_dagrun for example_branch_operator to 2024-10-13 00:00:00+00:00, run_after=2024-10-14 00:00:00+00:00
[2024-10-14T02:31:12.825+0000] {processor.py:208} INFO - Processing /home/airflow/.local/lib/python3.12/site-packages/airflow/example_dags/example_branch_operator.py took 0.096 seconds
[2024-10-14T02:31:46.060+0000] {processor.py:186} INFO - Started process (PID=655) to work on /home/airflow/.local/lib/python3.12/site-packages/airflow/example_dags/example_branch_operator.py
[2024-10-14T02:31:46.061+0000] {processor.py:914} INFO - Processing file /home/airflow/.local/lib/python3.12/site-packages/airflow/example_dags/example_branch_operator.py for tasks to queue
[2024-10-14T02:31:46.063+0000] {logging_mixin.py:190} INFO - [2024-10-14T02:31:46.063+0000] {dagbag.py:588} INFO - Filling up the DagBag from /home/airflow/.local/lib/python3.12/site-packages/airflow/example_dags/example_branch_operator.py
[2024-10-14T02:31:46.080+0000] {processor.py:925} INFO - DAG(s) 'example_branch_operator' retrieved from /home/airflow/.local/lib/python3.12/site-packages/airflow/example_dags/example_branch_operator.py
[2024-10-14T02:31:46.109+0000] {logging_mixin.py:190} INFO - [2024-10-14T02:31:46.109+0000] {dag.py:3239} INFO - Sync 1 DAGs
[2024-10-14T02:31:46.132+0000] {logging_mixin.py:190} INFO - [2024-10-14T02:31:46.132+0000] {dag.py:4180} INFO - Setting next_dagrun for example_branch_operator to 2024-10-13 00:00:00+00:00, run_after=2024-10-14 00:00:00+00:00
[2024-10-14T02:31:46.153+0000] {processor.py:208} INFO - Processing /home/airflow/.local/lib/python3.12/site-packages/airflow/example_dags/example_branch_operator.py took 0.100 seconds
[2024-10-14T02:32:18.186+0000] {processor.py:186} INFO - Started process (PID=718) to work on /home/airflow/.local/lib/python3.12/site-packages/airflow/example_dags/example_branch_operator.py
[2024-10-14T02:32:18.188+0000] {processor.py:914} INFO - Processing file /home/airflow/.local/lib/python3.12/site-packages/airflow/example_dags/example_branch_operator.py for tasks to queue
[2024-10-14T02:32:18.191+0000] {logging_mixin.py:190} INFO - [2024-10-14T02:32:18.190+0000] {dagbag.py:588} INFO - Filling up the DagBag from /home/airflow/.local/lib/python3.12/site-packages/airflow/example_dags/example_branch_operator.py
[2024-10-14T02:32:18.213+0000] {processor.py:925} INFO - DAG(s) 'example_branch_operator' retrieved from /home/airflow/.local/lib/python3.12/site-packages/airflow/example_dags/example_branch_operator.py
[2024-10-14T02:32:18.246+0000] {logging_mixin.py:190} INFO - [2024-10-14T02:32:18.245+0000] {dag.py:3239} INFO - Sync 1 DAGs
[2024-10-14T02:32:18.271+0000] {logging_mixin.py:190} INFO - [2024-10-14T02:32:18.271+0000] {dag.py:4180} INFO - Setting next_dagrun for example_branch_operator to 2024-10-13 00:00:00+00:00, run_after=2024-10-14 00:00:00+00:00
[2024-10-14T02:32:18.293+0000] {processor.py:208} INFO - Processing /home/airflow/.local/lib/python3.12/site-packages/airflow/example_dags/example_branch_operator.py took 0.113 seconds
[2024-10-14T02:32:51.791+0000] {processor.py:186} INFO - Started process (PID=781) to work on /home/airflow/.local/lib/python3.12/site-packages/airflow/example_dags/example_branch_operator.py
[2024-10-14T02:32:51.793+0000] {processor.py:914} INFO - Processing file /home/airflow/.local/lib/python3.12/site-packages/airflow/example_dags/example_branch_operator.py for tasks to queue
[2024-10-14T02:32:51.795+0000] {logging_mixin.py:190} INFO - [2024-10-14T02:32:51.795+0000] {dagbag.py:588} INFO - Filling up the DagBag from /home/airflow/.local/lib/python3.12/site-packages/airflow/example_dags/example_branch_operator.py
[2024-10-14T02:32:51.818+0000] {processor.py:925} INFO - DAG(s) 'example_branch_operator' retrieved from /home/airflow/.local/lib/python3.12/site-packages/airflow/example_dags/example_branch_operator.py
[2024-10-14T02:32:51.858+0000] {logging_mixin.py:190} INFO - [2024-10-14T02:32:51.858+0000] {dag.py:3239} INFO - Sync 1 DAGs
[2024-10-14T02:32:51.890+0000] {logging_mixin.py:190} INFO - [2024-10-14T02:32:51.890+0000] {dag.py:4180} INFO - Setting next_dagrun for example_branch_operator to 2024-10-13 00:00:00+00:00, run_after=2024-10-14 00:00:00+00:00
[2024-10-14T02:32:51.914+0000] {processor.py:208} INFO - Processing /home/airflow/.local/lib/python3.12/site-packages/airflow/example_dags/example_branch_operator.py took 0.128 seconds
[2024-10-14T02:33:24.268+0000] {processor.py:186} INFO - Started process (PID=844) to work on /home/airflow/.local/lib/python3.12/site-packages/airflow/example_dags/example_branch_operator.py
[2024-10-14T02:33:24.270+0000] {processor.py:914} INFO - Processing file /home/airflow/.local/lib/python3.12/site-packages/airflow/example_dags/example_branch_operator.py for tasks to queue
[2024-10-14T02:33:24.272+0000] {logging_mixin.py:190} INFO - [2024-10-14T02:33:24.272+0000] {dagbag.py:588} INFO - Filling up the DagBag from /home/airflow/.local/lib/python3.12/site-packages/airflow/example_dags/example_branch_operator.py
[2024-10-14T02:33:24.292+0000] {processor.py:925} INFO - DAG(s) 'example_branch_operator' retrieved from /home/airflow/.local/lib/python3.12/site-packages/airflow/example_dags/example_branch_operator.py
[2024-10-14T02:33:24.320+0000] {logging_mixin.py:190} INFO - [2024-10-14T02:33:24.320+0000] {dag.py:3239} INFO - Sync 1 DAGs
[2024-10-14T02:33:24.344+0000] {logging_mixin.py:190} INFO - [2024-10-14T02:33:24.343+0000] {dag.py:4180} INFO - Setting next_dagrun for example_branch_operator to 2024-10-13 00:00:00+00:00, run_after=2024-10-14 00:00:00+00:00
[2024-10-14T02:33:24.366+0000] {processor.py:208} INFO - Processing /home/airflow/.local/lib/python3.12/site-packages/airflow/example_dags/example_branch_operator.py took 0.103 seconds
[2024-10-14T02:33:58.024+0000] {processor.py:186} INFO - Started process (PID=909) to work on /home/airflow/.local/lib/python3.12/site-packages/airflow/example_dags/example_branch_operator.py
[2024-10-14T02:33:58.025+0000] {processor.py:914} INFO - Processing file /home/airflow/.local/lib/python3.12/site-packages/airflow/example_dags/example_branch_operator.py for tasks to queue
[2024-10-14T02:33:58.027+0000] {logging_mixin.py:190} INFO - [2024-10-14T02:33:58.027+0000] {dagbag.py:588} INFO - Filling up the DagBag from /home/airflow/.local/lib/python3.12/site-packages/airflow/example_dags/example_branch_operator.py
[2024-10-14T02:33:58.064+0000] {processor.py:925} INFO - DAG(s) 'example_branch_operator' retrieved from /home/airflow/.local/lib/python3.12/site-packages/airflow/example_dags/example_branch_operator.py
[2024-10-14T02:33:58.115+0000] {logging_mixin.py:190} INFO - [2024-10-14T02:33:58.114+0000] {dag.py:3239} INFO - Sync 1 DAGs
[2024-10-14T02:33:58.148+0000] {logging_mixin.py:190} INFO - [2024-10-14T02:33:58.148+0000] {dag.py:4180} INFO - Setting next_dagrun for example_branch_operator to 2024-10-13 00:00:00+00:00, run_after=2024-10-14 00:00:00+00:00
[2024-10-14T02:33:58.176+0000] {processor.py:208} INFO - Processing /home/airflow/.local/lib/python3.12/site-packages/airflow/example_dags/example_branch_operator.py took 0.161 seconds
[2024-10-14T02:34:31.008+0000] {processor.py:186} INFO - Started process (PID=972) to work on /home/airflow/.local/lib/python3.12/site-packages/airflow/example_dags/example_branch_operator.py
[2024-10-14T02:34:31.010+0000] {processor.py:914} INFO - Processing file /home/airflow/.local/lib/python3.12/site-packages/airflow/example_dags/example_branch_operator.py for tasks to queue
[2024-10-14T02:34:31.013+0000] {logging_mixin.py:190} INFO - [2024-10-14T02:34:31.012+0000] {dagbag.py:588} INFO - Filling up the DagBag from /home/airflow/.local/lib/python3.12/site-packages/airflow/example_dags/example_branch_operator.py
[2024-10-14T02:34:31.037+0000] {processor.py:925} INFO - DAG(s) 'example_branch_operator' retrieved from /home/airflow/.local/lib/python3.12/site-packages/airflow/example_dags/example_branch_operator.py
[2024-10-14T02:34:31.074+0000] {logging_mixin.py:190} INFO - [2024-10-14T02:34:31.074+0000] {dag.py:3239} INFO - Sync 1 DAGs
[2024-10-14T02:34:31.120+0000] {logging_mixin.py:190} INFO - [2024-10-14T02:34:31.119+0000] {dag.py:4180} INFO - Setting next_dagrun for example_branch_operator to 2024-10-13 00:00:00+00:00, run_after=2024-10-14 00:00:00+00:00
[2024-10-14T02:34:31.145+0000] {processor.py:208} INFO - Processing /home/airflow/.local/lib/python3.12/site-packages/airflow/example_dags/example_branch_operator.py took 0.147 seconds
[2024-10-14T02:35:04.232+0000] {processor.py:186} INFO - Started process (PID=1035) to work on /home/airflow/.local/lib/python3.12/site-packages/airflow/example_dags/example_branch_operator.py
[2024-10-14T02:35:04.234+0000] {processor.py:914} INFO - Processing file /home/airflow/.local/lib/python3.12/site-packages/airflow/example_dags/example_branch_operator.py for tasks to queue
[2024-10-14T02:35:04.236+0000] {logging_mixin.py:190} INFO - [2024-10-14T02:35:04.236+0000] {dagbag.py:588} INFO - Filling up the DagBag from /home/airflow/.local/lib/python3.12/site-packages/airflow/example_dags/example_branch_operator.py
[2024-10-14T02:35:04.256+0000] {processor.py:925} INFO - DAG(s) 'example_branch_operator' retrieved from /home/airflow/.local/lib/python3.12/site-packages/airflow/example_dags/example_branch_operator.py
[2024-10-14T02:35:04.288+0000] {logging_mixin.py:190} INFO - [2024-10-14T02:35:04.288+0000] {dag.py:3239} INFO - Sync 1 DAGs
[2024-10-14T02:35:04.321+0000] {logging_mixin.py:190} INFO - [2024-10-14T02:35:04.320+0000] {dag.py:4180} INFO - Setting next_dagrun for example_branch_operator to 2024-10-13 00:00:00+00:00, run_after=2024-10-14 00:00:00+00:00
[2024-10-14T02:35:04.349+0000] {processor.py:208} INFO - Processing /home/airflow/.local/lib/python3.12/site-packages/airflow/example_dags/example_branch_operator.py took 0.126 seconds
[2024-10-14T02:35:37.025+0000] {processor.py:186} INFO - Started process (PID=1098) to work on /home/airflow/.local/lib/python3.12/site-packages/airflow/example_dags/example_branch_operator.py
[2024-10-14T02:35:37.026+0000] {processor.py:914} INFO - Processing file /home/airflow/.local/lib/python3.12/site-packages/airflow/example_dags/example_branch_operator.py for tasks to queue
[2024-10-14T02:35:37.028+0000] {logging_mixin.py:190} INFO - [2024-10-14T02:35:37.028+0000] {dagbag.py:588} INFO - Filling up the DagBag from /home/airflow/.local/lib/python3.12/site-packages/airflow/example_dags/example_branch_operator.py
[2024-10-14T02:35:37.050+0000] {processor.py:925} INFO - DAG(s) 'example_branch_operator' retrieved from /home/airflow/.local/lib/python3.12/site-packages/airflow/example_dags/example_branch_operator.py
[2024-10-14T02:35:37.102+0000] {logging_mixin.py:190} INFO - [2024-10-14T02:35:37.102+0000] {dag.py:3239} INFO - Sync 1 DAGs
[2024-10-14T02:35:37.143+0000] {logging_mixin.py:190} INFO - [2024-10-14T02:35:37.143+0000] {dag.py:4180} INFO - Setting next_dagrun for example_branch_operator to 2024-10-13 00:00:00+00:00, run_after=2024-10-14 00:00:00+00:00
[2024-10-14T02:35:37.170+0000] {processor.py:208} INFO - Processing /home/airflow/.local/lib/python3.12/site-packages/airflow/example_dags/example_branch_operator.py took 0.152 seconds
[2024-10-14T02:36:10.933+0000] {processor.py:186} INFO - Started process (PID=1161) to work on /home/airflow/.local/lib/python3.12/site-packages/airflow/example_dags/example_branch_operator.py
[2024-10-14T02:36:10.934+0000] {processor.py:914} INFO - Processing file /home/airflow/.local/lib/python3.12/site-packages/airflow/example_dags/example_branch_operator.py for tasks to queue
[2024-10-14T02:36:10.938+0000] {logging_mixin.py:190} INFO - [2024-10-14T02:36:10.938+0000] {dagbag.py:588} INFO - Filling up the DagBag from /home/airflow/.local/lib/python3.12/site-packages/airflow/example_dags/example_branch_operator.py
[2024-10-14T02:36:10.978+0000] {processor.py:925} INFO - DAG(s) 'example_branch_operator' retrieved from /home/airflow/.local/lib/python3.12/site-packages/airflow/example_dags/example_branch_operator.py
[2024-10-14T02:36:11.030+0000] {logging_mixin.py:190} INFO - [2024-10-14T02:36:11.029+0000] {dag.py:3239} INFO - Sync 1 DAGs
[2024-10-14T02:36:11.085+0000] {logging_mixin.py:190} INFO - [2024-10-14T02:36:11.085+0000] {dag.py:4180} INFO - Setting next_dagrun for example_branch_operator to 2024-10-13 00:00:00+00:00, run_after=2024-10-14 00:00:00+00:00
[2024-10-14T02:36:11.125+0000] {processor.py:208} INFO - Processing /home/airflow/.local/lib/python3.12/site-packages/airflow/example_dags/example_branch_operator.py took 0.198 seconds
[2024-10-14T02:37:48.883+0000] {processor.py:186} INFO - Started process (PID=94) to work on /home/airflow/.local/lib/python3.12/site-packages/airflow/example_dags/example_branch_operator.py
[2024-10-14T02:37:48.885+0000] {processor.py:914} INFO - Processing file /home/airflow/.local/lib/python3.12/site-packages/airflow/example_dags/example_branch_operator.py for tasks to queue
[2024-10-14T02:37:48.888+0000] {logging_mixin.py:190} INFO - [2024-10-14T02:37:48.887+0000] {dagbag.py:588} INFO - Filling up the DagBag from /home/airflow/.local/lib/python3.12/site-packages/airflow/example_dags/example_branch_operator.py
[2024-10-14T02:37:48.914+0000] {processor.py:925} INFO - DAG(s) 'example_branch_operator' retrieved from /home/airflow/.local/lib/python3.12/site-packages/airflow/example_dags/example_branch_operator.py
[2024-10-14T02:37:49.045+0000] {logging_mixin.py:190} INFO - [2024-10-14T02:37:49.045+0000] {dag.py:3239} INFO - Sync 1 DAGs
[2024-10-14T02:37:49.071+0000] {logging_mixin.py:190} INFO - [2024-10-14T02:37:49.071+0000] {dag.py:4180} INFO - Setting next_dagrun for example_branch_operator to 2024-10-13 00:00:00+00:00, run_after=2024-10-14 00:00:00+00:00
[2024-10-14T02:37:49.092+0000] {processor.py:208} INFO - Processing /home/airflow/.local/lib/python3.12/site-packages/airflow/example_dags/example_branch_operator.py took 0.216 seconds
[2024-10-14T02:38:21.631+0000] {processor.py:186} INFO - Started process (PID=152) to work on /home/airflow/.local/lib/python3.12/site-packages/airflow/example_dags/example_branch_operator.py
[2024-10-14T02:38:21.632+0000] {processor.py:914} INFO - Processing file /home/airflow/.local/lib/python3.12/site-packages/airflow/example_dags/example_branch_operator.py for tasks to queue
[2024-10-14T02:38:21.635+0000] {logging_mixin.py:190} INFO - [2024-10-14T02:38:21.634+0000] {dagbag.py:588} INFO - Filling up the DagBag from /home/airflow/.local/lib/python3.12/site-packages/airflow/example_dags/example_branch_operator.py
[2024-10-14T02:38:21.659+0000] {processor.py:925} INFO - DAG(s) 'example_branch_operator' retrieved from /home/airflow/.local/lib/python3.12/site-packages/airflow/example_dags/example_branch_operator.py
[2024-10-14T02:38:21.697+0000] {logging_mixin.py:190} INFO - [2024-10-14T02:38:21.696+0000] {dag.py:3239} INFO - Sync 1 DAGs
[2024-10-14T02:38:21.747+0000] {logging_mixin.py:190} INFO - [2024-10-14T02:38:21.746+0000] {dag.py:4180} INFO - Setting next_dagrun for example_branch_operator to 2024-10-13 00:00:00+00:00, run_after=2024-10-14 00:00:00+00:00
[2024-10-14T02:38:21.787+0000] {processor.py:208} INFO - Processing /home/airflow/.local/lib/python3.12/site-packages/airflow/example_dags/example_branch_operator.py took 0.162 seconds
[2024-10-14T02:38:56.736+0000] {processor.py:186} INFO - Started process (PID=223) to work on /home/airflow/.local/lib/python3.12/site-packages/airflow/example_dags/example_branch_operator.py
[2024-10-14T02:38:56.737+0000] {processor.py:914} INFO - Processing file /home/airflow/.local/lib/python3.12/site-packages/airflow/example_dags/example_branch_operator.py for tasks to queue
[2024-10-14T02:38:56.742+0000] {logging_mixin.py:190} INFO - [2024-10-14T02:38:56.741+0000] {dagbag.py:588} INFO - Filling up the DagBag from /home/airflow/.local/lib/python3.12/site-packages/airflow/example_dags/example_branch_operator.py
[2024-10-14T02:38:56.791+0000] {processor.py:925} INFO - DAG(s) 'example_branch_operator' retrieved from /home/airflow/.local/lib/python3.12/site-packages/airflow/example_dags/example_branch_operator.py
[2024-10-14T02:38:56.837+0000] {logging_mixin.py:190} INFO - [2024-10-14T02:38:56.837+0000] {dag.py:3239} INFO - Sync 1 DAGs
[2024-10-14T02:38:56.868+0000] {logging_mixin.py:190} INFO - [2024-10-14T02:38:56.867+0000] {dag.py:4180} INFO - Setting next_dagrun for example_branch_operator to 2024-10-13 00:00:00+00:00, run_after=2024-10-14 00:00:00+00:00
[2024-10-14T02:38:56.895+0000] {processor.py:208} INFO - Processing /home/airflow/.local/lib/python3.12/site-packages/airflow/example_dags/example_branch_operator.py took 0.168 seconds
[2024-10-14T02:39:28.440+0000] {processor.py:186} INFO - Started process (PID=287) to work on /home/airflow/.local/lib/python3.12/site-packages/airflow/example_dags/example_branch_operator.py
[2024-10-14T02:39:28.441+0000] {processor.py:914} INFO - Processing file /home/airflow/.local/lib/python3.12/site-packages/airflow/example_dags/example_branch_operator.py for tasks to queue
[2024-10-14T02:39:28.444+0000] {logging_mixin.py:190} INFO - [2024-10-14T02:39:28.444+0000] {dagbag.py:588} INFO - Filling up the DagBag from /home/airflow/.local/lib/python3.12/site-packages/airflow/example_dags/example_branch_operator.py
[2024-10-14T02:39:28.483+0000] {processor.py:925} INFO - DAG(s) 'example_branch_operator' retrieved from /home/airflow/.local/lib/python3.12/site-packages/airflow/example_dags/example_branch_operator.py
[2024-10-14T02:39:28.513+0000] {logging_mixin.py:190} INFO - [2024-10-14T02:39:28.513+0000] {dag.py:3239} INFO - Sync 1 DAGs
[2024-10-14T02:39:28.538+0000] {logging_mixin.py:190} INFO - [2024-10-14T02:39:28.538+0000] {dag.py:4180} INFO - Setting next_dagrun for example_branch_operator to 2024-10-13 00:00:00+00:00, run_after=2024-10-14 00:00:00+00:00
[2024-10-14T02:39:28.564+0000] {processor.py:208} INFO - Processing /home/airflow/.local/lib/python3.12/site-packages/airflow/example_dags/example_branch_operator.py took 0.155 seconds
[2024-10-14T02:40:02.076+0000] {processor.py:186} INFO - Started process (PID=351) to work on /home/airflow/.local/lib/python3.12/site-packages/airflow/example_dags/example_branch_operator.py
[2024-10-14T02:40:02.077+0000] {processor.py:914} INFO - Processing file /home/airflow/.local/lib/python3.12/site-packages/airflow/example_dags/example_branch_operator.py for tasks to queue
[2024-10-14T02:40:02.080+0000] {logging_mixin.py:190} INFO - [2024-10-14T02:40:02.080+0000] {dagbag.py:588} INFO - Filling up the DagBag from /home/airflow/.local/lib/python3.12/site-packages/airflow/example_dags/example_branch_operator.py
[2024-10-14T02:40:02.103+0000] {processor.py:925} INFO - DAG(s) 'example_branch_operator' retrieved from /home/airflow/.local/lib/python3.12/site-packages/airflow/example_dags/example_branch_operator.py
[2024-10-14T02:40:02.141+0000] {logging_mixin.py:190} INFO - [2024-10-14T02:40:02.140+0000] {dag.py:3239} INFO - Sync 1 DAGs
[2024-10-14T02:40:02.172+0000] {logging_mixin.py:190} INFO - [2024-10-14T02:40:02.171+0000] {dag.py:4180} INFO - Setting next_dagrun for example_branch_operator to 2024-10-13 00:00:00+00:00, run_after=2024-10-14 00:00:00+00:00
[2024-10-14T02:40:02.191+0000] {processor.py:208} INFO - Processing /home/airflow/.local/lib/python3.12/site-packages/airflow/example_dags/example_branch_operator.py took 0.122 seconds
[2024-10-14T02:40:34.598+0000] {processor.py:186} INFO - Started process (PID=415) to work on /home/airflow/.local/lib/python3.12/site-packages/airflow/example_dags/example_branch_operator.py
[2024-10-14T02:40:34.599+0000] {processor.py:914} INFO - Processing file /home/airflow/.local/lib/python3.12/site-packages/airflow/example_dags/example_branch_operator.py for tasks to queue
[2024-10-14T02:40:34.602+0000] {logging_mixin.py:190} INFO - [2024-10-14T02:40:34.601+0000] {dagbag.py:588} INFO - Filling up the DagBag from /home/airflow/.local/lib/python3.12/site-packages/airflow/example_dags/example_branch_operator.py
[2024-10-14T02:40:34.622+0000] {processor.py:925} INFO - DAG(s) 'example_branch_operator' retrieved from /home/airflow/.local/lib/python3.12/site-packages/airflow/example_dags/example_branch_operator.py
[2024-10-14T02:40:34.651+0000] {logging_mixin.py:190} INFO - [2024-10-14T02:40:34.651+0000] {dag.py:3239} INFO - Sync 1 DAGs
[2024-10-14T02:40:34.674+0000] {logging_mixin.py:190} INFO - [2024-10-14T02:40:34.674+0000] {dag.py:4180} INFO - Setting next_dagrun for example_branch_operator to 2024-10-13 00:00:00+00:00, run_after=2024-10-14 00:00:00+00:00
[2024-10-14T02:40:34.693+0000] {processor.py:208} INFO - Processing /home/airflow/.local/lib/python3.12/site-packages/airflow/example_dags/example_branch_operator.py took 0.102 seconds
[2024-10-14T02:41:06.871+0000] {processor.py:186} INFO - Started process (PID=473) to work on /home/airflow/.local/lib/python3.12/site-packages/airflow/example_dags/example_branch_operator.py
[2024-10-14T02:41:06.872+0000] {processor.py:914} INFO - Processing file /home/airflow/.local/lib/python3.12/site-packages/airflow/example_dags/example_branch_operator.py for tasks to queue
[2024-10-14T02:41:06.873+0000] {logging_mixin.py:190} INFO - [2024-10-14T02:41:06.873+0000] {dagbag.py:588} INFO - Filling up the DagBag from /home/airflow/.local/lib/python3.12/site-packages/airflow/example_dags/example_branch_operator.py
[2024-10-14T02:41:06.889+0000] {processor.py:925} INFO - DAG(s) 'example_branch_operator' retrieved from /home/airflow/.local/lib/python3.12/site-packages/airflow/example_dags/example_branch_operator.py
[2024-10-14T02:41:06.913+0000] {logging_mixin.py:190} INFO - [2024-10-14T02:41:06.913+0000] {dag.py:3239} INFO - Sync 1 DAGs
[2024-10-14T02:41:06.935+0000] {logging_mixin.py:190} INFO - [2024-10-14T02:41:06.934+0000] {dag.py:4180} INFO - Setting next_dagrun for example_branch_operator to 2024-10-13 00:00:00+00:00, run_after=2024-10-14 00:00:00+00:00
[2024-10-14T02:41:06.956+0000] {processor.py:208} INFO - Processing /home/airflow/.local/lib/python3.12/site-packages/airflow/example_dags/example_branch_operator.py took 0.091 seconds
[2024-10-14T02:41:40.027+0000] {processor.py:186} INFO - Started process (PID=537) to work on /home/airflow/.local/lib/python3.12/site-packages/airflow/example_dags/example_branch_operator.py
[2024-10-14T02:41:40.028+0000] {processor.py:914} INFO - Processing file /home/airflow/.local/lib/python3.12/site-packages/airflow/example_dags/example_branch_operator.py for tasks to queue
[2024-10-14T02:41:40.030+0000] {logging_mixin.py:190} INFO - [2024-10-14T02:41:40.030+0000] {dagbag.py:588} INFO - Filling up the DagBag from /home/airflow/.local/lib/python3.12/site-packages/airflow/example_dags/example_branch_operator.py
[2024-10-14T02:41:40.047+0000] {processor.py:925} INFO - DAG(s) 'example_branch_operator' retrieved from /home/airflow/.local/lib/python3.12/site-packages/airflow/example_dags/example_branch_operator.py
[2024-10-14T02:41:40.074+0000] {logging_mixin.py:190} INFO - [2024-10-14T02:41:40.074+0000] {dag.py:3239} INFO - Sync 1 DAGs
[2024-10-14T02:41:40.100+0000] {logging_mixin.py:190} INFO - [2024-10-14T02:41:40.100+0000] {dag.py:4180} INFO - Setting next_dagrun for example_branch_operator to 2024-10-13 00:00:00+00:00, run_after=2024-10-14 00:00:00+00:00
[2024-10-14T02:41:40.125+0000] {processor.py:208} INFO - Processing /home/airflow/.local/lib/python3.12/site-packages/airflow/example_dags/example_branch_operator.py took 0.104 seconds
[2024-10-14T02:42:13.399+0000] {processor.py:186} INFO - Started process (PID=601) to work on /home/airflow/.local/lib/python3.12/site-packages/airflow/example_dags/example_branch_operator.py
[2024-10-14T02:42:13.401+0000] {processor.py:914} INFO - Processing file /home/airflow/.local/lib/python3.12/site-packages/airflow/example_dags/example_branch_operator.py for tasks to queue
[2024-10-14T02:42:13.404+0000] {logging_mixin.py:190} INFO - [2024-10-14T02:42:13.404+0000] {dagbag.py:588} INFO - Filling up the DagBag from /home/airflow/.local/lib/python3.12/site-packages/airflow/example_dags/example_branch_operator.py
[2024-10-14T02:42:13.422+0000] {processor.py:925} INFO - DAG(s) 'example_branch_operator' retrieved from /home/airflow/.local/lib/python3.12/site-packages/airflow/example_dags/example_branch_operator.py
[2024-10-14T02:42:13.446+0000] {logging_mixin.py:190} INFO - [2024-10-14T02:42:13.446+0000] {dag.py:3239} INFO - Sync 1 DAGs
[2024-10-14T02:42:13.470+0000] {logging_mixin.py:190} INFO - [2024-10-14T02:42:13.470+0000] {dag.py:4180} INFO - Setting next_dagrun for example_branch_operator to 2024-10-13 00:00:00+00:00, run_after=2024-10-14 00:00:00+00:00
[2024-10-14T02:42:13.490+0000] {processor.py:208} INFO - Processing /home/airflow/.local/lib/python3.12/site-packages/airflow/example_dags/example_branch_operator.py took 0.097 seconds
[2024-10-14T02:42:46.632+0000] {processor.py:186} INFO - Started process (PID=665) to work on /home/airflow/.local/lib/python3.12/site-packages/airflow/example_dags/example_branch_operator.py
[2024-10-14T02:42:46.633+0000] {processor.py:914} INFO - Processing file /home/airflow/.local/lib/python3.12/site-packages/airflow/example_dags/example_branch_operator.py for tasks to queue
[2024-10-14T02:42:46.635+0000] {logging_mixin.py:190} INFO - [2024-10-14T02:42:46.634+0000] {dagbag.py:588} INFO - Filling up the DagBag from /home/airflow/.local/lib/python3.12/site-packages/airflow/example_dags/example_branch_operator.py
[2024-10-14T02:42:46.659+0000] {processor.py:925} INFO - DAG(s) 'example_branch_operator' retrieved from /home/airflow/.local/lib/python3.12/site-packages/airflow/example_dags/example_branch_operator.py
[2024-10-14T02:42:46.698+0000] {logging_mixin.py:190} INFO - [2024-10-14T02:42:46.698+0000] {dag.py:3239} INFO - Sync 1 DAGs
[2024-10-14T02:42:46.723+0000] {logging_mixin.py:190} INFO - [2024-10-14T02:42:46.723+0000] {dag.py:4180} INFO - Setting next_dagrun for example_branch_operator to 2024-10-13 00:00:00+00:00, run_after=2024-10-14 00:00:00+00:00
[2024-10-14T02:42:46.744+0000] {processor.py:208} INFO - Processing /home/airflow/.local/lib/python3.12/site-packages/airflow/example_dags/example_branch_operator.py took 0.118 seconds
[2024-10-14T02:43:19.696+0000] {processor.py:186} INFO - Started process (PID=729) to work on /home/airflow/.local/lib/python3.12/site-packages/airflow/example_dags/example_branch_operator.py
[2024-10-14T02:43:19.697+0000] {processor.py:914} INFO - Processing file /home/airflow/.local/lib/python3.12/site-packages/airflow/example_dags/example_branch_operator.py for tasks to queue
[2024-10-14T02:43:19.699+0000] {logging_mixin.py:190} INFO - [2024-10-14T02:43:19.699+0000] {dagbag.py:588} INFO - Filling up the DagBag from /home/airflow/.local/lib/python3.12/site-packages/airflow/example_dags/example_branch_operator.py
[2024-10-14T02:43:19.721+0000] {processor.py:925} INFO - DAG(s) 'example_branch_operator' retrieved from /home/airflow/.local/lib/python3.12/site-packages/airflow/example_dags/example_branch_operator.py
[2024-10-14T02:43:19.759+0000] {logging_mixin.py:190} INFO - [2024-10-14T02:43:19.759+0000] {dag.py:3239} INFO - Sync 1 DAGs
[2024-10-14T02:43:19.788+0000] {logging_mixin.py:190} INFO - [2024-10-14T02:43:19.787+0000] {dag.py:4180} INFO - Setting next_dagrun for example_branch_operator to 2024-10-13 00:00:00+00:00, run_after=2024-10-14 00:00:00+00:00
[2024-10-14T02:43:19.807+0000] {processor.py:208} INFO - Processing /home/airflow/.local/lib/python3.12/site-packages/airflow/example_dags/example_branch_operator.py took 0.117 seconds
[2024-10-14T02:43:52.555+0000] {processor.py:186} INFO - Started process (PID=795) to work on /home/airflow/.local/lib/python3.12/site-packages/airflow/example_dags/example_branch_operator.py
[2024-10-14T02:43:52.556+0000] {processor.py:914} INFO - Processing file /home/airflow/.local/lib/python3.12/site-packages/airflow/example_dags/example_branch_operator.py for tasks to queue
[2024-10-14T02:43:52.559+0000] {logging_mixin.py:190} INFO - [2024-10-14T02:43:52.558+0000] {dagbag.py:588} INFO - Filling up the DagBag from /home/airflow/.local/lib/python3.12/site-packages/airflow/example_dags/example_branch_operator.py
[2024-10-14T02:43:52.583+0000] {processor.py:925} INFO - DAG(s) 'example_branch_operator' retrieved from /home/airflow/.local/lib/python3.12/site-packages/airflow/example_dags/example_branch_operator.py
[2024-10-14T02:43:52.617+0000] {logging_mixin.py:190} INFO - [2024-10-14T02:43:52.616+0000] {dag.py:3239} INFO - Sync 1 DAGs
[2024-10-14T02:43:52.645+0000] {logging_mixin.py:190} INFO - [2024-10-14T02:43:52.645+0000] {dag.py:4180} INFO - Setting next_dagrun for example_branch_operator to 2024-10-13 00:00:00+00:00, run_after=2024-10-14 00:00:00+00:00
[2024-10-14T02:43:52.666+0000] {processor.py:208} INFO - Processing /home/airflow/.local/lib/python3.12/site-packages/airflow/example_dags/example_branch_operator.py took 0.118 seconds
[2024-10-14T02:44:27.116+0000] {processor.py:186} INFO - Started process (PID=869) to work on /home/airflow/.local/lib/python3.12/site-packages/airflow/example_dags/example_branch_operator.py
[2024-10-14T02:44:27.117+0000] {processor.py:914} INFO - Processing file /home/airflow/.local/lib/python3.12/site-packages/airflow/example_dags/example_branch_operator.py for tasks to queue
[2024-10-14T02:44:27.121+0000] {logging_mixin.py:190} INFO - [2024-10-14T02:44:27.120+0000] {dagbag.py:588} INFO - Filling up the DagBag from /home/airflow/.local/lib/python3.12/site-packages/airflow/example_dags/example_branch_operator.py
[2024-10-14T02:44:27.141+0000] {processor.py:925} INFO - DAG(s) 'example_branch_operator' retrieved from /home/airflow/.local/lib/python3.12/site-packages/airflow/example_dags/example_branch_operator.py
[2024-10-14T02:44:27.184+0000] {logging_mixin.py:190} INFO - [2024-10-14T02:44:27.184+0000] {dag.py:3239} INFO - Sync 1 DAGs
[2024-10-14T02:44:27.215+0000] {logging_mixin.py:190} INFO - [2024-10-14T02:44:27.215+0000] {dag.py:4180} INFO - Setting next_dagrun for example_branch_operator to 2024-10-13 00:00:00+00:00, run_after=2024-10-14 00:00:00+00:00
[2024-10-14T02:44:27.241+0000] {processor.py:208} INFO - Processing /home/airflow/.local/lib/python3.12/site-packages/airflow/example_dags/example_branch_operator.py took 0.133 seconds
[2024-10-14T02:44:59.476+0000] {processor.py:186} INFO - Started process (PID=933) to work on /home/airflow/.local/lib/python3.12/site-packages/airflow/example_dags/example_branch_operator.py
[2024-10-14T02:44:59.477+0000] {processor.py:914} INFO - Processing file /home/airflow/.local/lib/python3.12/site-packages/airflow/example_dags/example_branch_operator.py for tasks to queue
[2024-10-14T02:44:59.481+0000] {logging_mixin.py:190} INFO - [2024-10-14T02:44:59.480+0000] {dagbag.py:588} INFO - Filling up the DagBag from /home/airflow/.local/lib/python3.12/site-packages/airflow/example_dags/example_branch_operator.py
[2024-10-14T02:44:59.501+0000] {processor.py:925} INFO - DAG(s) 'example_branch_operator' retrieved from /home/airflow/.local/lib/python3.12/site-packages/airflow/example_dags/example_branch_operator.py
[2024-10-14T02:44:59.544+0000] {logging_mixin.py:190} INFO - [2024-10-14T02:44:59.544+0000] {dag.py:3239} INFO - Sync 1 DAGs
[2024-10-14T02:44:59.571+0000] {logging_mixin.py:190} INFO - [2024-10-14T02:44:59.571+0000] {dag.py:4180} INFO - Setting next_dagrun for example_branch_operator to 2024-10-13 00:00:00+00:00, run_after=2024-10-14 00:00:00+00:00
[2024-10-14T02:44:59.599+0000] {processor.py:208} INFO - Processing /home/airflow/.local/lib/python3.12/site-packages/airflow/example_dags/example_branch_operator.py took 0.129 seconds
[2024-10-14T02:45:32.539+0000] {processor.py:186} INFO - Started process (PID=1000) to work on /home/airflow/.local/lib/python3.12/site-packages/airflow/example_dags/example_branch_operator.py
[2024-10-14T02:45:32.540+0000] {processor.py:914} INFO - Processing file /home/airflow/.local/lib/python3.12/site-packages/airflow/example_dags/example_branch_operator.py for tasks to queue
[2024-10-14T02:45:32.542+0000] {logging_mixin.py:190} INFO - [2024-10-14T02:45:32.542+0000] {dagbag.py:588} INFO - Filling up the DagBag from /home/airflow/.local/lib/python3.12/site-packages/airflow/example_dags/example_branch_operator.py
[2024-10-14T02:45:32.562+0000] {processor.py:925} INFO - DAG(s) 'example_branch_operator' retrieved from /home/airflow/.local/lib/python3.12/site-packages/airflow/example_dags/example_branch_operator.py
[2024-10-14T02:45:32.586+0000] {logging_mixin.py:190} INFO - [2024-10-14T02:45:32.586+0000] {dag.py:3239} INFO - Sync 1 DAGs
[2024-10-14T02:45:32.609+0000] {logging_mixin.py:190} INFO - [2024-10-14T02:45:32.609+0000] {dag.py:4180} INFO - Setting next_dagrun for example_branch_operator to 2024-10-13 00:00:00+00:00, run_after=2024-10-14 00:00:00+00:00
[2024-10-14T02:45:32.629+0000] {processor.py:208} INFO - Processing /home/airflow/.local/lib/python3.12/site-packages/airflow/example_dags/example_branch_operator.py took 0.097 seconds
[2024-10-14T02:46:06.185+0000] {processor.py:186} INFO - Started process (PID=1064) to work on /home/airflow/.local/lib/python3.12/site-packages/airflow/example_dags/example_branch_operator.py
[2024-10-14T02:46:06.186+0000] {processor.py:914} INFO - Processing file /home/airflow/.local/lib/python3.12/site-packages/airflow/example_dags/example_branch_operator.py for tasks to queue
[2024-10-14T02:46:06.189+0000] {logging_mixin.py:190} INFO - [2024-10-14T02:46:06.188+0000] {dagbag.py:588} INFO - Filling up the DagBag from /home/airflow/.local/lib/python3.12/site-packages/airflow/example_dags/example_branch_operator.py
[2024-10-14T02:46:06.207+0000] {processor.py:925} INFO - DAG(s) 'example_branch_operator' retrieved from /home/airflow/.local/lib/python3.12/site-packages/airflow/example_dags/example_branch_operator.py
[2024-10-14T02:46:06.242+0000] {logging_mixin.py:190} INFO - [2024-10-14T02:46:06.242+0000] {dag.py:3239} INFO - Sync 1 DAGs
[2024-10-14T02:46:06.270+0000] {logging_mixin.py:190} INFO - [2024-10-14T02:46:06.269+0000] {dag.py:4180} INFO - Setting next_dagrun for example_branch_operator to 2024-10-13 00:00:00+00:00, run_after=2024-10-14 00:00:00+00:00
[2024-10-14T02:46:06.293+0000] {processor.py:208} INFO - Processing /home/airflow/.local/lib/python3.12/site-packages/airflow/example_dags/example_branch_operator.py took 0.115 seconds
[2024-10-14T02:46:38.736+0000] {processor.py:186} INFO - Started process (PID=1128) to work on /home/airflow/.local/lib/python3.12/site-packages/airflow/example_dags/example_branch_operator.py
[2024-10-14T02:46:38.737+0000] {processor.py:914} INFO - Processing file /home/airflow/.local/lib/python3.12/site-packages/airflow/example_dags/example_branch_operator.py for tasks to queue
[2024-10-14T02:46:38.739+0000] {logging_mixin.py:190} INFO - [2024-10-14T02:46:38.739+0000] {dagbag.py:588} INFO - Filling up the DagBag from /home/airflow/.local/lib/python3.12/site-packages/airflow/example_dags/example_branch_operator.py
[2024-10-14T02:46:38.758+0000] {processor.py:925} INFO - DAG(s) 'example_branch_operator' retrieved from /home/airflow/.local/lib/python3.12/site-packages/airflow/example_dags/example_branch_operator.py
[2024-10-14T02:46:38.798+0000] {logging_mixin.py:190} INFO - [2024-10-14T02:46:38.797+0000] {dag.py:3239} INFO - Sync 1 DAGs
[2024-10-14T02:46:38.823+0000] {logging_mixin.py:190} INFO - [2024-10-14T02:46:38.822+0000] {dag.py:4180} INFO - Setting next_dagrun for example_branch_operator to 2024-10-13 00:00:00+00:00, run_after=2024-10-14 00:00:00+00:00
[2024-10-14T02:46:38.844+0000] {processor.py:208} INFO - Processing /home/airflow/.local/lib/python3.12/site-packages/airflow/example_dags/example_branch_operator.py took 0.114 seconds
[2024-10-14T02:47:12.058+0000] {processor.py:186} INFO - Started process (PID=1192) to work on /home/airflow/.local/lib/python3.12/site-packages/airflow/example_dags/example_branch_operator.py
[2024-10-14T02:47:12.059+0000] {processor.py:914} INFO - Processing file /home/airflow/.local/lib/python3.12/site-packages/airflow/example_dags/example_branch_operator.py for tasks to queue
[2024-10-14T02:47:12.062+0000] {logging_mixin.py:190} INFO - [2024-10-14T02:47:12.061+0000] {dagbag.py:588} INFO - Filling up the DagBag from /home/airflow/.local/lib/python3.12/site-packages/airflow/example_dags/example_branch_operator.py
[2024-10-14T02:47:12.078+0000] {processor.py:925} INFO - DAG(s) 'example_branch_operator' retrieved from /home/airflow/.local/lib/python3.12/site-packages/airflow/example_dags/example_branch_operator.py
[2024-10-14T02:47:12.104+0000] {logging_mixin.py:190} INFO - [2024-10-14T02:47:12.104+0000] {dag.py:3239} INFO - Sync 1 DAGs
[2024-10-14T02:47:12.126+0000] {logging_mixin.py:190} INFO - [2024-10-14T02:47:12.126+0000] {dag.py:4180} INFO - Setting next_dagrun for example_branch_operator to 2024-10-13 00:00:00+00:00, run_after=2024-10-14 00:00:00+00:00
[2024-10-14T02:47:12.151+0000] {processor.py:208} INFO - Processing /home/airflow/.local/lib/python3.12/site-packages/airflow/example_dags/example_branch_operator.py took 0.099 seconds
[2024-10-14T02:47:44.366+0000] {processor.py:186} INFO - Started process (PID=1250) to work on /home/airflow/.local/lib/python3.12/site-packages/airflow/example_dags/example_branch_operator.py
[2024-10-14T02:47:44.367+0000] {processor.py:914} INFO - Processing file /home/airflow/.local/lib/python3.12/site-packages/airflow/example_dags/example_branch_operator.py for tasks to queue
[2024-10-14T02:47:44.369+0000] {logging_mixin.py:190} INFO - [2024-10-14T02:47:44.368+0000] {dagbag.py:588} INFO - Filling up the DagBag from /home/airflow/.local/lib/python3.12/site-packages/airflow/example_dags/example_branch_operator.py
[2024-10-14T02:47:44.384+0000] {processor.py:925} INFO - DAG(s) 'example_branch_operator' retrieved from /home/airflow/.local/lib/python3.12/site-packages/airflow/example_dags/example_branch_operator.py
[2024-10-14T02:47:44.410+0000] {logging_mixin.py:190} INFO - [2024-10-14T02:47:44.410+0000] {dag.py:3239} INFO - Sync 1 DAGs
[2024-10-14T02:47:44.433+0000] {logging_mixin.py:190} INFO - [2024-10-14T02:47:44.433+0000] {dag.py:4180} INFO - Setting next_dagrun for example_branch_operator to 2024-10-13 00:00:00+00:00, run_after=2024-10-14 00:00:00+00:00
[2024-10-14T02:47:44.456+0000] {processor.py:208} INFO - Processing /home/airflow/.local/lib/python3.12/site-packages/airflow/example_dags/example_branch_operator.py took 0.095 seconds
