[2024-10-14T02:26:47.504+0000] {processor.py:186} INFO - Started process (PID=65) to work on /home/airflow/.local/lib/python3.12/site-packages/airflow/example_dags/example_trigger_target_dag.py
[2024-10-14T02:26:47.505+0000] {processor.py:914} INFO - Processing file /home/airflow/.local/lib/python3.12/site-packages/airflow/example_dags/example_trigger_target_dag.py for tasks to queue
[2024-10-14T02:26:47.508+0000] {logging_mixin.py:190} INFO - [2024-10-14T02:26:47.508+0000] {dagbag.py:588} INFO - Filling up the DagBag from /home/airflow/.local/lib/python3.12/site-packages/airflow/example_dags/example_trigger_target_dag.py
[2024-10-14T02:26:47.525+0000] {processor.py:925} INFO - DAG(s) 'example_trigger_target_dag' retrieved from /home/airflow/.local/lib/python3.12/site-packages/airflow/example_dags/example_trigger_target_dag.py
[2024-10-14T02:26:47.634+0000] {logging_mixin.py:190} INFO - [2024-10-14T02:26:47.633+0000] {override.py:1900} INFO - Created Permission View: can delete on DAG:example_trigger_target_dag
[2024-10-14T02:26:47.650+0000] {logging_mixin.py:190} INFO - [2024-10-14T02:26:47.650+0000] {override.py:1900} INFO - Created Permission View: can edit on DAG:example_trigger_target_dag
[2024-10-14T02:26:47.667+0000] {logging_mixin.py:190} INFO - [2024-10-14T02:26:47.667+0000] {override.py:1900} INFO - Created Permission View: can read on DAG:example_trigger_target_dag
[2024-10-14T02:26:47.680+0000] {logging_mixin.py:190} INFO - [2024-10-14T02:26:47.679+0000] {override.py:1900} INFO - Created Permission View: can delete on DAG Run:example_trigger_target_dag
[2024-10-14T02:26:47.692+0000] {logging_mixin.py:190} INFO - [2024-10-14T02:26:47.691+0000] {override.py:1900} INFO - Created Permission View: can create on DAG Run:example_trigger_target_dag
[2024-10-14T02:26:47.701+0000] {logging_mixin.py:190} INFO - [2024-10-14T02:26:47.701+0000] {override.py:1900} INFO - Created Permission View: menu access on DAG Run:example_trigger_target_dag
[2024-10-14T02:26:47.713+0000] {logging_mixin.py:190} INFO - [2024-10-14T02:26:47.713+0000] {override.py:1900} INFO - Created Permission View: can read on DAG Run:example_trigger_target_dag
[2024-10-14T02:26:47.714+0000] {logging_mixin.py:190} INFO - [2024-10-14T02:26:47.714+0000] {dag.py:3239} INFO - Sync 1 DAGs
[2024-10-14T02:26:47.730+0000] {logging_mixin.py:190} INFO - [2024-10-14T02:26:47.730+0000] {dag.py:3262} INFO - Creating ORM DAG for example_trigger_target_dag
[2024-10-14T02:26:47.731+0000] {logging_mixin.py:190} INFO - [2024-10-14T02:26:47.731+0000] {dag.py:4180} INFO - Setting next_dagrun for example_trigger_target_dag to None, run_after=None
[2024-10-14T02:26:47.757+0000] {processor.py:208} INFO - Processing /home/airflow/.local/lib/python3.12/site-packages/airflow/example_dags/example_trigger_target_dag.py took 0.259 seconds
[2024-10-14T02:27:19.627+0000] {processor.py:186} INFO - Started process (PID=128) to work on /home/airflow/.local/lib/python3.12/site-packages/airflow/example_dags/example_trigger_target_dag.py
[2024-10-14T02:27:19.628+0000] {processor.py:914} INFO - Processing file /home/airflow/.local/lib/python3.12/site-packages/airflow/example_dags/example_trigger_target_dag.py for tasks to queue
[2024-10-14T02:27:19.630+0000] {logging_mixin.py:190} INFO - [2024-10-14T02:27:19.630+0000] {dagbag.py:588} INFO - Filling up the DagBag from /home/airflow/.local/lib/python3.12/site-packages/airflow/example_dags/example_trigger_target_dag.py
[2024-10-14T02:27:19.636+0000] {processor.py:925} INFO - DAG(s) 'example_trigger_target_dag' retrieved from /home/airflow/.local/lib/python3.12/site-packages/airflow/example_dags/example_trigger_target_dag.py
[2024-10-14T02:27:19.653+0000] {logging_mixin.py:190} INFO - [2024-10-14T02:27:19.653+0000] {dag.py:3239} INFO - Sync 1 DAGs
[2024-10-14T02:27:19.666+0000] {logging_mixin.py:190} INFO - [2024-10-14T02:27:19.666+0000] {dag.py:4180} INFO - Setting next_dagrun for example_trigger_target_dag to None, run_after=None
[2024-10-14T02:27:19.686+0000] {processor.py:208} INFO - Processing /home/airflow/.local/lib/python3.12/site-packages/airflow/example_dags/example_trigger_target_dag.py took 0.064 seconds
[2024-10-14T02:27:53.122+0000] {processor.py:186} INFO - Started process (PID=190) to work on /home/airflow/.local/lib/python3.12/site-packages/airflow/example_dags/example_trigger_target_dag.py
[2024-10-14T02:27:53.123+0000] {processor.py:914} INFO - Processing file /home/airflow/.local/lib/python3.12/site-packages/airflow/example_dags/example_trigger_target_dag.py for tasks to queue
[2024-10-14T02:27:53.126+0000] {logging_mixin.py:190} INFO - [2024-10-14T02:27:53.126+0000] {dagbag.py:588} INFO - Filling up the DagBag from /home/airflow/.local/lib/python3.12/site-packages/airflow/example_dags/example_trigger_target_dag.py
[2024-10-14T02:27:53.133+0000] {processor.py:925} INFO - DAG(s) 'example_trigger_target_dag' retrieved from /home/airflow/.local/lib/python3.12/site-packages/airflow/example_dags/example_trigger_target_dag.py
[2024-10-14T02:27:53.155+0000] {logging_mixin.py:190} INFO - [2024-10-14T02:27:53.155+0000] {dag.py:3239} INFO - Sync 1 DAGs
[2024-10-14T02:27:53.168+0000] {logging_mixin.py:190} INFO - [2024-10-14T02:27:53.168+0000] {dag.py:4180} INFO - Setting next_dagrun for example_trigger_target_dag to None, run_after=None
[2024-10-14T02:27:53.197+0000] {processor.py:208} INFO - Processing /home/airflow/.local/lib/python3.12/site-packages/airflow/example_dags/example_trigger_target_dag.py took 0.084 seconds
[2024-10-14T02:28:25.843+0000] {processor.py:186} INFO - Started process (PID=253) to work on /home/airflow/.local/lib/python3.12/site-packages/airflow/example_dags/example_trigger_target_dag.py
[2024-10-14T02:28:25.844+0000] {processor.py:914} INFO - Processing file /home/airflow/.local/lib/python3.12/site-packages/airflow/example_dags/example_trigger_target_dag.py for tasks to queue
[2024-10-14T02:28:25.846+0000] {logging_mixin.py:190} INFO - [2024-10-14T02:28:25.846+0000] {dagbag.py:588} INFO - Filling up the DagBag from /home/airflow/.local/lib/python3.12/site-packages/airflow/example_dags/example_trigger_target_dag.py
[2024-10-14T02:28:25.854+0000] {processor.py:925} INFO - DAG(s) 'example_trigger_target_dag' retrieved from /home/airflow/.local/lib/python3.12/site-packages/airflow/example_dags/example_trigger_target_dag.py
[2024-10-14T02:28:25.877+0000] {logging_mixin.py:190} INFO - [2024-10-14T02:28:25.876+0000] {dag.py:3239} INFO - Sync 1 DAGs
[2024-10-14T02:28:25.892+0000] {logging_mixin.py:190} INFO - [2024-10-14T02:28:25.892+0000] {dag.py:4180} INFO - Setting next_dagrun for example_trigger_target_dag to None, run_after=None
[2024-10-14T02:28:25.913+0000] {processor.py:208} INFO - Processing /home/airflow/.local/lib/python3.12/site-packages/airflow/example_dags/example_trigger_target_dag.py took 0.074 seconds
[2024-10-14T02:28:59.433+0000] {processor.py:186} INFO - Started process (PID=316) to work on /home/airflow/.local/lib/python3.12/site-packages/airflow/example_dags/example_trigger_target_dag.py
[2024-10-14T02:28:59.434+0000] {processor.py:914} INFO - Processing file /home/airflow/.local/lib/python3.12/site-packages/airflow/example_dags/example_trigger_target_dag.py for tasks to queue
[2024-10-14T02:28:59.436+0000] {logging_mixin.py:190} INFO - [2024-10-14T02:28:59.436+0000] {dagbag.py:588} INFO - Filling up the DagBag from /home/airflow/.local/lib/python3.12/site-packages/airflow/example_dags/example_trigger_target_dag.py
[2024-10-14T02:28:59.446+0000] {processor.py:925} INFO - DAG(s) 'example_trigger_target_dag' retrieved from /home/airflow/.local/lib/python3.12/site-packages/airflow/example_dags/example_trigger_target_dag.py
[2024-10-14T02:28:59.469+0000] {logging_mixin.py:190} INFO - [2024-10-14T02:28:59.469+0000] {dag.py:3239} INFO - Sync 1 DAGs
[2024-10-14T02:28:59.491+0000] {logging_mixin.py:190} INFO - [2024-10-14T02:28:59.491+0000] {dag.py:4180} INFO - Setting next_dagrun for example_trigger_target_dag to None, run_after=None
[2024-10-14T02:28:59.516+0000] {processor.py:208} INFO - Processing /home/airflow/.local/lib/python3.12/site-packages/airflow/example_dags/example_trigger_target_dag.py took 0.088 seconds
[2024-10-14T02:29:32.257+0000] {processor.py:186} INFO - Started process (PID=379) to work on /home/airflow/.local/lib/python3.12/site-packages/airflow/example_dags/example_trigger_target_dag.py
[2024-10-14T02:29:32.258+0000] {processor.py:914} INFO - Processing file /home/airflow/.local/lib/python3.12/site-packages/airflow/example_dags/example_trigger_target_dag.py for tasks to queue
[2024-10-14T02:29:32.261+0000] {logging_mixin.py:190} INFO - [2024-10-14T02:29:32.261+0000] {dagbag.py:588} INFO - Filling up the DagBag from /home/airflow/.local/lib/python3.12/site-packages/airflow/example_dags/example_trigger_target_dag.py
[2024-10-14T02:29:32.268+0000] {processor.py:925} INFO - DAG(s) 'example_trigger_target_dag' retrieved from /home/airflow/.local/lib/python3.12/site-packages/airflow/example_dags/example_trigger_target_dag.py
[2024-10-14T02:29:32.286+0000] {logging_mixin.py:190} INFO - [2024-10-14T02:29:32.286+0000] {dag.py:3239} INFO - Sync 1 DAGs
[2024-10-14T02:29:32.302+0000] {logging_mixin.py:190} INFO - [2024-10-14T02:29:32.302+0000] {dag.py:4180} INFO - Setting next_dagrun for example_trigger_target_dag to None, run_after=None
[2024-10-14T02:29:32.319+0000] {processor.py:208} INFO - Processing /home/airflow/.local/lib/python3.12/site-packages/airflow/example_dags/example_trigger_target_dag.py took 0.068 seconds
[2024-10-14T02:30:04.968+0000] {processor.py:186} INFO - Started process (PID=442) to work on /home/airflow/.local/lib/python3.12/site-packages/airflow/example_dags/example_trigger_target_dag.py
[2024-10-14T02:30:04.969+0000] {processor.py:914} INFO - Processing file /home/airflow/.local/lib/python3.12/site-packages/airflow/example_dags/example_trigger_target_dag.py for tasks to queue
[2024-10-14T02:30:04.973+0000] {logging_mixin.py:190} INFO - [2024-10-14T02:30:04.972+0000] {dagbag.py:588} INFO - Filling up the DagBag from /home/airflow/.local/lib/python3.12/site-packages/airflow/example_dags/example_trigger_target_dag.py
[2024-10-14T02:30:04.985+0000] {processor.py:925} INFO - DAG(s) 'example_trigger_target_dag' retrieved from /home/airflow/.local/lib/python3.12/site-packages/airflow/example_dags/example_trigger_target_dag.py
[2024-10-14T02:30:05.012+0000] {logging_mixin.py:190} INFO - [2024-10-14T02:30:05.012+0000] {dag.py:3239} INFO - Sync 1 DAGs
[2024-10-14T02:30:05.028+0000] {logging_mixin.py:190} INFO - [2024-10-14T02:30:05.027+0000] {dag.py:4180} INFO - Setting next_dagrun for example_trigger_target_dag to None, run_after=None
[2024-10-14T02:30:05.050+0000] {processor.py:208} INFO - Processing /home/airflow/.local/lib/python3.12/site-packages/airflow/example_dags/example_trigger_target_dag.py took 0.091 seconds
[2024-10-14T02:30:37.970+0000] {processor.py:186} INFO - Started process (PID=505) to work on /home/airflow/.local/lib/python3.12/site-packages/airflow/example_dags/example_trigger_target_dag.py
[2024-10-14T02:30:37.971+0000] {processor.py:914} INFO - Processing file /home/airflow/.local/lib/python3.12/site-packages/airflow/example_dags/example_trigger_target_dag.py for tasks to queue
[2024-10-14T02:30:37.973+0000] {logging_mixin.py:190} INFO - [2024-10-14T02:30:37.972+0000] {dagbag.py:588} INFO - Filling up the DagBag from /home/airflow/.local/lib/python3.12/site-packages/airflow/example_dags/example_trigger_target_dag.py
[2024-10-14T02:30:37.980+0000] {processor.py:925} INFO - DAG(s) 'example_trigger_target_dag' retrieved from /home/airflow/.local/lib/python3.12/site-packages/airflow/example_dags/example_trigger_target_dag.py
[2024-10-14T02:30:37.998+0000] {logging_mixin.py:190} INFO - [2024-10-14T02:30:37.997+0000] {dag.py:3239} INFO - Sync 1 DAGs
[2024-10-14T02:30:38.009+0000] {logging_mixin.py:190} INFO - [2024-10-14T02:30:38.009+0000] {dag.py:4180} INFO - Setting next_dagrun for example_trigger_target_dag to None, run_after=None
[2024-10-14T02:30:38.030+0000] {processor.py:208} INFO - Processing /home/airflow/.local/lib/python3.12/site-packages/airflow/example_dags/example_trigger_target_dag.py took 0.064 seconds
[2024-10-14T02:31:11.159+0000] {processor.py:186} INFO - Started process (PID=569) to work on /home/airflow/.local/lib/python3.12/site-packages/airflow/example_dags/example_trigger_target_dag.py
[2024-10-14T02:31:11.160+0000] {processor.py:914} INFO - Processing file /home/airflow/.local/lib/python3.12/site-packages/airflow/example_dags/example_trigger_target_dag.py for tasks to queue
[2024-10-14T02:31:11.162+0000] {logging_mixin.py:190} INFO - [2024-10-14T02:31:11.162+0000] {dagbag.py:588} INFO - Filling up the DagBag from /home/airflow/.local/lib/python3.12/site-packages/airflow/example_dags/example_trigger_target_dag.py
[2024-10-14T02:31:11.169+0000] {processor.py:925} INFO - DAG(s) 'example_trigger_target_dag' retrieved from /home/airflow/.local/lib/python3.12/site-packages/airflow/example_dags/example_trigger_target_dag.py
[2024-10-14T02:31:11.186+0000] {logging_mixin.py:190} INFO - [2024-10-14T02:31:11.186+0000] {dag.py:3239} INFO - Sync 1 DAGs
[2024-10-14T02:31:11.198+0000] {logging_mixin.py:190} INFO - [2024-10-14T02:31:11.198+0000] {dag.py:4180} INFO - Setting next_dagrun for example_trigger_target_dag to None, run_after=None
[2024-10-14T02:31:11.218+0000] {processor.py:208} INFO - Processing /home/airflow/.local/lib/python3.12/site-packages/airflow/example_dags/example_trigger_target_dag.py took 0.064 seconds
[2024-10-14T02:31:44.245+0000] {processor.py:186} INFO - Started process (PID=632) to work on /home/airflow/.local/lib/python3.12/site-packages/airflow/example_dags/example_trigger_target_dag.py
[2024-10-14T02:31:44.246+0000] {processor.py:914} INFO - Processing file /home/airflow/.local/lib/python3.12/site-packages/airflow/example_dags/example_trigger_target_dag.py for tasks to queue
[2024-10-14T02:31:44.249+0000] {logging_mixin.py:190} INFO - [2024-10-14T02:31:44.248+0000] {dagbag.py:588} INFO - Filling up the DagBag from /home/airflow/.local/lib/python3.12/site-packages/airflow/example_dags/example_trigger_target_dag.py
[2024-10-14T02:31:44.258+0000] {processor.py:925} INFO - DAG(s) 'example_trigger_target_dag' retrieved from /home/airflow/.local/lib/python3.12/site-packages/airflow/example_dags/example_trigger_target_dag.py
[2024-10-14T02:31:44.281+0000] {logging_mixin.py:190} INFO - [2024-10-14T02:31:44.281+0000] {dag.py:3239} INFO - Sync 1 DAGs
[2024-10-14T02:31:44.300+0000] {logging_mixin.py:190} INFO - [2024-10-14T02:31:44.300+0000] {dag.py:4180} INFO - Setting next_dagrun for example_trigger_target_dag to None, run_after=None
[2024-10-14T02:31:44.351+0000] {processor.py:208} INFO - Processing /home/airflow/.local/lib/python3.12/site-packages/airflow/example_dags/example_trigger_target_dag.py took 0.116 seconds
[2024-10-14T02:32:14.715+0000] {processor.py:186} INFO - Started process (PID=695) to work on /home/airflow/.local/lib/python3.12/site-packages/airflow/example_dags/example_trigger_target_dag.py
[2024-10-14T02:32:14.716+0000] {processor.py:914} INFO - Processing file /home/airflow/.local/lib/python3.12/site-packages/airflow/example_dags/example_trigger_target_dag.py for tasks to queue
[2024-10-14T02:32:14.719+0000] {logging_mixin.py:190} INFO - [2024-10-14T02:32:14.718+0000] {dagbag.py:588} INFO - Filling up the DagBag from /home/airflow/.local/lib/python3.12/site-packages/airflow/example_dags/example_trigger_target_dag.py
[2024-10-14T02:32:14.725+0000] {processor.py:925} INFO - DAG(s) 'example_trigger_target_dag' retrieved from /home/airflow/.local/lib/python3.12/site-packages/airflow/example_dags/example_trigger_target_dag.py
[2024-10-14T02:32:14.746+0000] {logging_mixin.py:190} INFO - [2024-10-14T02:32:14.745+0000] {dag.py:3239} INFO - Sync 1 DAGs
[2024-10-14T02:32:14.763+0000] {logging_mixin.py:190} INFO - [2024-10-14T02:32:14.763+0000] {dag.py:4180} INFO - Setting next_dagrun for example_trigger_target_dag to None, run_after=None
[2024-10-14T02:32:14.786+0000] {processor.py:208} INFO - Processing /home/airflow/.local/lib/python3.12/site-packages/airflow/example_dags/example_trigger_target_dag.py took 0.076 seconds
[2024-10-14T02:32:44.925+0000] {processor.py:186} INFO - Started process (PID=758) to work on /home/airflow/.local/lib/python3.12/site-packages/airflow/example_dags/example_trigger_target_dag.py
[2024-10-14T02:32:44.926+0000] {processor.py:914} INFO - Processing file /home/airflow/.local/lib/python3.12/site-packages/airflow/example_dags/example_trigger_target_dag.py for tasks to queue
[2024-10-14T02:32:44.931+0000] {logging_mixin.py:190} INFO - [2024-10-14T02:32:44.930+0000] {dagbag.py:588} INFO - Filling up the DagBag from /home/airflow/.local/lib/python3.12/site-packages/airflow/example_dags/example_trigger_target_dag.py
[2024-10-14T02:32:44.944+0000] {processor.py:925} INFO - DAG(s) 'example_trigger_target_dag' retrieved from /home/airflow/.local/lib/python3.12/site-packages/airflow/example_dags/example_trigger_target_dag.py
[2024-10-14T02:32:44.972+0000] {logging_mixin.py:190} INFO - [2024-10-14T02:32:44.971+0000] {dag.py:3239} INFO - Sync 1 DAGs
[2024-10-14T02:32:44.998+0000] {logging_mixin.py:190} INFO - [2024-10-14T02:32:44.997+0000] {dag.py:4180} INFO - Setting next_dagrun for example_trigger_target_dag to None, run_after=None
[2024-10-14T02:32:45.061+0000] {processor.py:208} INFO - Processing /home/airflow/.local/lib/python3.12/site-packages/airflow/example_dags/example_trigger_target_dag.py took 0.143 seconds
[2024-10-14T02:33:15.687+0000] {processor.py:186} INFO - Started process (PID=821) to work on /home/airflow/.local/lib/python3.12/site-packages/airflow/example_dags/example_trigger_target_dag.py
[2024-10-14T02:33:15.689+0000] {processor.py:914} INFO - Processing file /home/airflow/.local/lib/python3.12/site-packages/airflow/example_dags/example_trigger_target_dag.py for tasks to queue
[2024-10-14T02:33:15.694+0000] {logging_mixin.py:190} INFO - [2024-10-14T02:33:15.694+0000] {dagbag.py:588} INFO - Filling up the DagBag from /home/airflow/.local/lib/python3.12/site-packages/airflow/example_dags/example_trigger_target_dag.py
[2024-10-14T02:33:15.710+0000] {processor.py:925} INFO - DAG(s) 'example_trigger_target_dag' retrieved from /home/airflow/.local/lib/python3.12/site-packages/airflow/example_dags/example_trigger_target_dag.py
[2024-10-14T02:33:15.741+0000] {logging_mixin.py:190} INFO - [2024-10-14T02:33:15.741+0000] {dag.py:3239} INFO - Sync 1 DAGs
[2024-10-14T02:33:15.763+0000] {logging_mixin.py:190} INFO - [2024-10-14T02:33:15.763+0000] {dag.py:4180} INFO - Setting next_dagrun for example_trigger_target_dag to None, run_after=None
[2024-10-14T02:33:15.796+0000] {processor.py:208} INFO - Processing /home/airflow/.local/lib/python3.12/site-packages/airflow/example_dags/example_trigger_target_dag.py took 0.115 seconds
[2024-10-14T02:33:46.757+0000] {processor.py:186} INFO - Started process (PID=884) to work on /home/airflow/.local/lib/python3.12/site-packages/airflow/example_dags/example_trigger_target_dag.py
[2024-10-14T02:33:46.758+0000] {processor.py:914} INFO - Processing file /home/airflow/.local/lib/python3.12/site-packages/airflow/example_dags/example_trigger_target_dag.py for tasks to queue
[2024-10-14T02:33:46.762+0000] {logging_mixin.py:190} INFO - [2024-10-14T02:33:46.761+0000] {dagbag.py:588} INFO - Filling up the DagBag from /home/airflow/.local/lib/python3.12/site-packages/airflow/example_dags/example_trigger_target_dag.py
[2024-10-14T02:33:46.778+0000] {processor.py:925} INFO - DAG(s) 'example_trigger_target_dag' retrieved from /home/airflow/.local/lib/python3.12/site-packages/airflow/example_dags/example_trigger_target_dag.py
[2024-10-14T02:33:46.808+0000] {logging_mixin.py:190} INFO - [2024-10-14T02:33:46.807+0000] {dag.py:3239} INFO - Sync 1 DAGs
[2024-10-14T02:33:46.823+0000] {logging_mixin.py:190} INFO - [2024-10-14T02:33:46.823+0000] {dag.py:4180} INFO - Setting next_dagrun for example_trigger_target_dag to None, run_after=None
[2024-10-14T02:33:46.851+0000] {processor.py:208} INFO - Processing /home/airflow/.local/lib/python3.12/site-packages/airflow/example_dags/example_trigger_target_dag.py took 0.115 seconds
[2024-10-14T02:34:17.696+0000] {processor.py:186} INFO - Started process (PID=947) to work on /home/airflow/.local/lib/python3.12/site-packages/airflow/example_dags/example_trigger_target_dag.py
[2024-10-14T02:34:17.708+0000] {processor.py:914} INFO - Processing file /home/airflow/.local/lib/python3.12/site-packages/airflow/example_dags/example_trigger_target_dag.py for tasks to queue
[2024-10-14T02:34:17.710+0000] {logging_mixin.py:190} INFO - [2024-10-14T02:34:17.710+0000] {dagbag.py:588} INFO - Filling up the DagBag from /home/airflow/.local/lib/python3.12/site-packages/airflow/example_dags/example_trigger_target_dag.py
[2024-10-14T02:34:17.717+0000] {processor.py:925} INFO - DAG(s) 'example_trigger_target_dag' retrieved from /home/airflow/.local/lib/python3.12/site-packages/airflow/example_dags/example_trigger_target_dag.py
[2024-10-14T02:34:17.737+0000] {logging_mixin.py:190} INFO - [2024-10-14T02:34:17.737+0000] {dag.py:3239} INFO - Sync 1 DAGs
[2024-10-14T02:34:17.757+0000] {logging_mixin.py:190} INFO - [2024-10-14T02:34:17.757+0000] {dag.py:4180} INFO - Setting next_dagrun for example_trigger_target_dag to None, run_after=None
[2024-10-14T02:34:17.778+0000] {processor.py:208} INFO - Processing /home/airflow/.local/lib/python3.12/site-packages/airflow/example_dags/example_trigger_target_dag.py took 0.088 seconds
[2024-10-14T02:34:47.824+0000] {processor.py:186} INFO - Started process (PID=1010) to work on /home/airflow/.local/lib/python3.12/site-packages/airflow/example_dags/example_trigger_target_dag.py
[2024-10-14T02:34:47.826+0000] {processor.py:914} INFO - Processing file /home/airflow/.local/lib/python3.12/site-packages/airflow/example_dags/example_trigger_target_dag.py for tasks to queue
[2024-10-14T02:34:47.828+0000] {logging_mixin.py:190} INFO - [2024-10-14T02:34:47.828+0000] {dagbag.py:588} INFO - Filling up the DagBag from /home/airflow/.local/lib/python3.12/site-packages/airflow/example_dags/example_trigger_target_dag.py
[2024-10-14T02:34:47.837+0000] {processor.py:925} INFO - DAG(s) 'example_trigger_target_dag' retrieved from /home/airflow/.local/lib/python3.12/site-packages/airflow/example_dags/example_trigger_target_dag.py
[2024-10-14T02:34:47.868+0000] {logging_mixin.py:190} INFO - [2024-10-14T02:34:47.868+0000] {dag.py:3239} INFO - Sync 1 DAGs
[2024-10-14T02:34:47.886+0000] {logging_mixin.py:190} INFO - [2024-10-14T02:34:47.885+0000] {dag.py:4180} INFO - Setting next_dagrun for example_trigger_target_dag to None, run_after=None
[2024-10-14T02:34:47.910+0000] {processor.py:208} INFO - Processing /home/airflow/.local/lib/python3.12/site-packages/airflow/example_dags/example_trigger_target_dag.py took 0.091 seconds
[2024-10-14T02:35:18.786+0000] {processor.py:186} INFO - Started process (PID=1073) to work on /home/airflow/.local/lib/python3.12/site-packages/airflow/example_dags/example_trigger_target_dag.py
[2024-10-14T02:35:18.787+0000] {processor.py:914} INFO - Processing file /home/airflow/.local/lib/python3.12/site-packages/airflow/example_dags/example_trigger_target_dag.py for tasks to queue
[2024-10-14T02:35:18.790+0000] {logging_mixin.py:190} INFO - [2024-10-14T02:35:18.790+0000] {dagbag.py:588} INFO - Filling up the DagBag from /home/airflow/.local/lib/python3.12/site-packages/airflow/example_dags/example_trigger_target_dag.py
[2024-10-14T02:35:18.802+0000] {processor.py:925} INFO - DAG(s) 'example_trigger_target_dag' retrieved from /home/airflow/.local/lib/python3.12/site-packages/airflow/example_dags/example_trigger_target_dag.py
[2024-10-14T02:35:18.838+0000] {logging_mixin.py:190} INFO - [2024-10-14T02:35:18.837+0000] {dag.py:3239} INFO - Sync 1 DAGs
[2024-10-14T02:35:18.881+0000] {logging_mixin.py:190} INFO - [2024-10-14T02:35:18.881+0000] {dag.py:4180} INFO - Setting next_dagrun for example_trigger_target_dag to None, run_after=None
[2024-10-14T02:35:18.927+0000] {processor.py:208} INFO - Processing /home/airflow/.local/lib/python3.12/site-packages/airflow/example_dags/example_trigger_target_dag.py took 0.150 seconds
[2024-10-14T02:35:49.299+0000] {processor.py:186} INFO - Started process (PID=1135) to work on /home/airflow/.local/lib/python3.12/site-packages/airflow/example_dags/example_trigger_target_dag.py
[2024-10-14T02:35:49.300+0000] {processor.py:914} INFO - Processing file /home/airflow/.local/lib/python3.12/site-packages/airflow/example_dags/example_trigger_target_dag.py for tasks to queue
[2024-10-14T02:35:49.303+0000] {logging_mixin.py:190} INFO - [2024-10-14T02:35:49.303+0000] {dagbag.py:588} INFO - Filling up the DagBag from /home/airflow/.local/lib/python3.12/site-packages/airflow/example_dags/example_trigger_target_dag.py
[2024-10-14T02:35:49.310+0000] {processor.py:925} INFO - DAG(s) 'example_trigger_target_dag' retrieved from /home/airflow/.local/lib/python3.12/site-packages/airflow/example_dags/example_trigger_target_dag.py
[2024-10-14T02:35:49.329+0000] {logging_mixin.py:190} INFO - [2024-10-14T02:35:49.328+0000] {dag.py:3239} INFO - Sync 1 DAGs
[2024-10-14T02:35:49.342+0000] {logging_mixin.py:190} INFO - [2024-10-14T02:35:49.342+0000] {dag.py:4180} INFO - Setting next_dagrun for example_trigger_target_dag to None, run_after=None
[2024-10-14T02:35:49.363+0000] {processor.py:208} INFO - Processing /home/airflow/.local/lib/python3.12/site-packages/airflow/example_dags/example_trigger_target_dag.py took 0.070 seconds
[2024-10-14T02:36:19.588+0000] {processor.py:186} INFO - Started process (PID=1199) to work on /home/airflow/.local/lib/python3.12/site-packages/airflow/example_dags/example_trigger_target_dag.py
[2024-10-14T02:36:19.589+0000] {processor.py:914} INFO - Processing file /home/airflow/.local/lib/python3.12/site-packages/airflow/example_dags/example_trigger_target_dag.py for tasks to queue
[2024-10-14T02:36:19.591+0000] {logging_mixin.py:190} INFO - [2024-10-14T02:36:19.591+0000] {dagbag.py:588} INFO - Filling up the DagBag from /home/airflow/.local/lib/python3.12/site-packages/airflow/example_dags/example_trigger_target_dag.py
[2024-10-14T02:36:19.599+0000] {processor.py:925} INFO - DAG(s) 'example_trigger_target_dag' retrieved from /home/airflow/.local/lib/python3.12/site-packages/airflow/example_dags/example_trigger_target_dag.py
[2024-10-14T02:36:19.616+0000] {logging_mixin.py:190} INFO - [2024-10-14T02:36:19.616+0000] {dag.py:3239} INFO - Sync 1 DAGs
[2024-10-14T02:36:19.635+0000] {logging_mixin.py:190} INFO - [2024-10-14T02:36:19.634+0000] {dag.py:4180} INFO - Setting next_dagrun for example_trigger_target_dag to None, run_after=None
[2024-10-14T02:36:19.660+0000] {processor.py:208} INFO - Processing /home/airflow/.local/lib/python3.12/site-packages/airflow/example_dags/example_trigger_target_dag.py took 0.077 seconds
[2024-10-14T02:37:43.162+0000] {processor.py:186} INFO - Started process (PID=65) to work on /home/airflow/.local/lib/python3.12/site-packages/airflow/example_dags/example_trigger_target_dag.py
[2024-10-14T02:37:43.163+0000] {processor.py:914} INFO - Processing file /home/airflow/.local/lib/python3.12/site-packages/airflow/example_dags/example_trigger_target_dag.py for tasks to queue
[2024-10-14T02:37:43.168+0000] {logging_mixin.py:190} INFO - [2024-10-14T02:37:43.167+0000] {dagbag.py:588} INFO - Filling up the DagBag from /home/airflow/.local/lib/python3.12/site-packages/airflow/example_dags/example_trigger_target_dag.py
[2024-10-14T02:37:43.178+0000] {processor.py:925} INFO - DAG(s) 'example_trigger_target_dag' retrieved from /home/airflow/.local/lib/python3.12/site-packages/airflow/example_dags/example_trigger_target_dag.py
[2024-10-14T02:37:43.214+0000] {logging_mixin.py:190} INFO - [2024-10-14T02:37:43.214+0000] {dag.py:3239} INFO - Sync 1 DAGs
[2024-10-14T02:37:43.235+0000] {logging_mixin.py:190} INFO - [2024-10-14T02:37:43.234+0000] {dag.py:4180} INFO - Setting next_dagrun for example_trigger_target_dag to None, run_after=None
[2024-10-14T02:37:43.264+0000] {processor.py:208} INFO - Processing /home/airflow/.local/lib/python3.12/site-packages/airflow/example_dags/example_trigger_target_dag.py took 0.109 seconds
[2024-10-14T02:38:13.797+0000] {processor.py:186} INFO - Started process (PID=129) to work on /home/airflow/.local/lib/python3.12/site-packages/airflow/example_dags/example_trigger_target_dag.py
[2024-10-14T02:38:13.798+0000] {processor.py:914} INFO - Processing file /home/airflow/.local/lib/python3.12/site-packages/airflow/example_dags/example_trigger_target_dag.py for tasks to queue
[2024-10-14T02:38:13.800+0000] {logging_mixin.py:190} INFO - [2024-10-14T02:38:13.800+0000] {dagbag.py:588} INFO - Filling up the DagBag from /home/airflow/.local/lib/python3.12/site-packages/airflow/example_dags/example_trigger_target_dag.py
[2024-10-14T02:38:13.808+0000] {processor.py:925} INFO - DAG(s) 'example_trigger_target_dag' retrieved from /home/airflow/.local/lib/python3.12/site-packages/airflow/example_dags/example_trigger_target_dag.py
[2024-10-14T02:38:13.824+0000] {logging_mixin.py:190} INFO - [2024-10-14T02:38:13.824+0000] {dag.py:3239} INFO - Sync 1 DAGs
[2024-10-14T02:38:13.836+0000] {logging_mixin.py:190} INFO - [2024-10-14T02:38:13.836+0000] {dag.py:4180} INFO - Setting next_dagrun for example_trigger_target_dag to None, run_after=None
[2024-10-14T02:38:13.856+0000] {processor.py:208} INFO - Processing /home/airflow/.local/lib/python3.12/site-packages/airflow/example_dags/example_trigger_target_dag.py took 0.063 seconds
[2024-10-14T02:38:44.445+0000] {processor.py:186} INFO - Started process (PID=193) to work on /home/airflow/.local/lib/python3.12/site-packages/airflow/example_dags/example_trigger_target_dag.py
[2024-10-14T02:38:44.446+0000] {processor.py:914} INFO - Processing file /home/airflow/.local/lib/python3.12/site-packages/airflow/example_dags/example_trigger_target_dag.py for tasks to queue
[2024-10-14T02:38:44.450+0000] {logging_mixin.py:190} INFO - [2024-10-14T02:38:44.449+0000] {dagbag.py:588} INFO - Filling up the DagBag from /home/airflow/.local/lib/python3.12/site-packages/airflow/example_dags/example_trigger_target_dag.py
[2024-10-14T02:38:44.461+0000] {processor.py:925} INFO - DAG(s) 'example_trigger_target_dag' retrieved from /home/airflow/.local/lib/python3.12/site-packages/airflow/example_dags/example_trigger_target_dag.py
[2024-10-14T02:38:44.494+0000] {logging_mixin.py:190} INFO - [2024-10-14T02:38:44.494+0000] {dag.py:3239} INFO - Sync 1 DAGs
[2024-10-14T02:38:44.529+0000] {logging_mixin.py:190} INFO - [2024-10-14T02:38:44.528+0000] {dag.py:4180} INFO - Setting next_dagrun for example_trigger_target_dag to None, run_after=None
[2024-10-14T02:38:44.558+0000] {processor.py:208} INFO - Processing /home/airflow/.local/lib/python3.12/site-packages/airflow/example_dags/example_trigger_target_dag.py took 0.124 seconds
[2024-10-14T02:39:15.275+0000] {processor.py:186} INFO - Started process (PID=258) to work on /home/airflow/.local/lib/python3.12/site-packages/airflow/example_dags/example_trigger_target_dag.py
[2024-10-14T02:39:15.276+0000] {processor.py:914} INFO - Processing file /home/airflow/.local/lib/python3.12/site-packages/airflow/example_dags/example_trigger_target_dag.py for tasks to queue
[2024-10-14T02:39:15.278+0000] {logging_mixin.py:190} INFO - [2024-10-14T02:39:15.278+0000] {dagbag.py:588} INFO - Filling up the DagBag from /home/airflow/.local/lib/python3.12/site-packages/airflow/example_dags/example_trigger_target_dag.py
[2024-10-14T02:39:15.287+0000] {processor.py:925} INFO - DAG(s) 'example_trigger_target_dag' retrieved from /home/airflow/.local/lib/python3.12/site-packages/airflow/example_dags/example_trigger_target_dag.py
[2024-10-14T02:39:15.308+0000] {logging_mixin.py:190} INFO - [2024-10-14T02:39:15.308+0000] {dag.py:3239} INFO - Sync 1 DAGs
[2024-10-14T02:39:15.326+0000] {logging_mixin.py:190} INFO - [2024-10-14T02:39:15.326+0000] {dag.py:4180} INFO - Setting next_dagrun for example_trigger_target_dag to None, run_after=None
[2024-10-14T02:39:15.352+0000] {processor.py:208} INFO - Processing /home/airflow/.local/lib/python3.12/site-packages/airflow/example_dags/example_trigger_target_dag.py took 0.086 seconds
[2024-10-14T02:39:45.446+0000] {processor.py:186} INFO - Started process (PID=322) to work on /home/airflow/.local/lib/python3.12/site-packages/airflow/example_dags/example_trigger_target_dag.py
[2024-10-14T02:39:45.447+0000] {processor.py:914} INFO - Processing file /home/airflow/.local/lib/python3.12/site-packages/airflow/example_dags/example_trigger_target_dag.py for tasks to queue
[2024-10-14T02:39:45.449+0000] {logging_mixin.py:190} INFO - [2024-10-14T02:39:45.449+0000] {dagbag.py:588} INFO - Filling up the DagBag from /home/airflow/.local/lib/python3.12/site-packages/airflow/example_dags/example_trigger_target_dag.py
[2024-10-14T02:39:45.456+0000] {processor.py:925} INFO - DAG(s) 'example_trigger_target_dag' retrieved from /home/airflow/.local/lib/python3.12/site-packages/airflow/example_dags/example_trigger_target_dag.py
[2024-10-14T02:39:45.477+0000] {logging_mixin.py:190} INFO - [2024-10-14T02:39:45.477+0000] {dag.py:3239} INFO - Sync 1 DAGs
[2024-10-14T02:39:45.490+0000] {logging_mixin.py:190} INFO - [2024-10-14T02:39:45.490+0000] {dag.py:4180} INFO - Setting next_dagrun for example_trigger_target_dag to None, run_after=None
[2024-10-14T02:39:45.513+0000] {processor.py:208} INFO - Processing /home/airflow/.local/lib/python3.12/site-packages/airflow/example_dags/example_trigger_target_dag.py took 0.074 seconds
[2024-10-14T02:40:15.625+0000] {processor.py:186} INFO - Started process (PID=386) to work on /home/airflow/.local/lib/python3.12/site-packages/airflow/example_dags/example_trigger_target_dag.py
[2024-10-14T02:40:15.626+0000] {processor.py:914} INFO - Processing file /home/airflow/.local/lib/python3.12/site-packages/airflow/example_dags/example_trigger_target_dag.py for tasks to queue
[2024-10-14T02:40:15.628+0000] {logging_mixin.py:190} INFO - [2024-10-14T02:40:15.628+0000] {dagbag.py:588} INFO - Filling up the DagBag from /home/airflow/.local/lib/python3.12/site-packages/airflow/example_dags/example_trigger_target_dag.py
[2024-10-14T02:40:15.635+0000] {processor.py:925} INFO - DAG(s) 'example_trigger_target_dag' retrieved from /home/airflow/.local/lib/python3.12/site-packages/airflow/example_dags/example_trigger_target_dag.py
[2024-10-14T02:40:15.655+0000] {logging_mixin.py:190} INFO - [2024-10-14T02:40:15.655+0000] {dag.py:3239} INFO - Sync 1 DAGs
[2024-10-14T02:40:15.669+0000] {logging_mixin.py:190} INFO - [2024-10-14T02:40:15.668+0000] {dag.py:4180} INFO - Setting next_dagrun for example_trigger_target_dag to None, run_after=None
[2024-10-14T02:40:15.690+0000] {processor.py:208} INFO - Processing /home/airflow/.local/lib/python3.12/site-packages/airflow/example_dags/example_trigger_target_dag.py took 0.071 seconds
[2024-10-14T02:40:46.224+0000] {processor.py:186} INFO - Started process (PID=450) to work on /home/airflow/.local/lib/python3.12/site-packages/airflow/example_dags/example_trigger_target_dag.py
[2024-10-14T02:40:46.225+0000] {processor.py:914} INFO - Processing file /home/airflow/.local/lib/python3.12/site-packages/airflow/example_dags/example_trigger_target_dag.py for tasks to queue
[2024-10-14T02:40:46.227+0000] {logging_mixin.py:190} INFO - [2024-10-14T02:40:46.227+0000] {dagbag.py:588} INFO - Filling up the DagBag from /home/airflow/.local/lib/python3.12/site-packages/airflow/example_dags/example_trigger_target_dag.py
[2024-10-14T02:40:46.236+0000] {processor.py:925} INFO - DAG(s) 'example_trigger_target_dag' retrieved from /home/airflow/.local/lib/python3.12/site-packages/airflow/example_dags/example_trigger_target_dag.py
[2024-10-14T02:40:46.254+0000] {logging_mixin.py:190} INFO - [2024-10-14T02:40:46.254+0000] {dag.py:3239} INFO - Sync 1 DAGs
[2024-10-14T02:40:46.269+0000] {logging_mixin.py:190} INFO - [2024-10-14T02:40:46.269+0000] {dag.py:4180} INFO - Setting next_dagrun for example_trigger_target_dag to None, run_after=None
[2024-10-14T02:40:46.316+0000] {processor.py:208} INFO - Processing /home/airflow/.local/lib/python3.12/site-packages/airflow/example_dags/example_trigger_target_dag.py took 0.097 seconds
[2024-10-14T02:41:17.117+0000] {processor.py:186} INFO - Started process (PID=514) to work on /home/airflow/.local/lib/python3.12/site-packages/airflow/example_dags/example_trigger_target_dag.py
[2024-10-14T02:41:17.118+0000] {processor.py:914} INFO - Processing file /home/airflow/.local/lib/python3.12/site-packages/airflow/example_dags/example_trigger_target_dag.py for tasks to queue
[2024-10-14T02:41:17.121+0000] {logging_mixin.py:190} INFO - [2024-10-14T02:41:17.120+0000] {dagbag.py:588} INFO - Filling up the DagBag from /home/airflow/.local/lib/python3.12/site-packages/airflow/example_dags/example_trigger_target_dag.py
[2024-10-14T02:41:17.129+0000] {processor.py:925} INFO - DAG(s) 'example_trigger_target_dag' retrieved from /home/airflow/.local/lib/python3.12/site-packages/airflow/example_dags/example_trigger_target_dag.py
[2024-10-14T02:41:17.152+0000] {logging_mixin.py:190} INFO - [2024-10-14T02:41:17.151+0000] {dag.py:3239} INFO - Sync 1 DAGs
[2024-10-14T02:41:17.173+0000] {logging_mixin.py:190} INFO - [2024-10-14T02:41:17.173+0000] {dag.py:4180} INFO - Setting next_dagrun for example_trigger_target_dag to None, run_after=None
[2024-10-14T02:41:17.203+0000] {processor.py:208} INFO - Processing /home/airflow/.local/lib/python3.12/site-packages/airflow/example_dags/example_trigger_target_dag.py took 0.090 seconds
[2024-10-14T02:41:47.600+0000] {processor.py:186} INFO - Started process (PID=578) to work on /home/airflow/.local/lib/python3.12/site-packages/airflow/example_dags/example_trigger_target_dag.py
[2024-10-14T02:41:47.601+0000] {processor.py:914} INFO - Processing file /home/airflow/.local/lib/python3.12/site-packages/airflow/example_dags/example_trigger_target_dag.py for tasks to queue
[2024-10-14T02:41:47.604+0000] {logging_mixin.py:190} INFO - [2024-10-14T02:41:47.603+0000] {dagbag.py:588} INFO - Filling up the DagBag from /home/airflow/.local/lib/python3.12/site-packages/airflow/example_dags/example_trigger_target_dag.py
[2024-10-14T02:41:47.614+0000] {processor.py:925} INFO - DAG(s) 'example_trigger_target_dag' retrieved from /home/airflow/.local/lib/python3.12/site-packages/airflow/example_dags/example_trigger_target_dag.py
[2024-10-14T02:41:47.635+0000] {logging_mixin.py:190} INFO - [2024-10-14T02:41:47.635+0000] {dag.py:3239} INFO - Sync 1 DAGs
[2024-10-14T02:41:47.650+0000] {logging_mixin.py:190} INFO - [2024-10-14T02:41:47.649+0000] {dag.py:4180} INFO - Setting next_dagrun for example_trigger_target_dag to None, run_after=None
[2024-10-14T02:41:47.674+0000] {processor.py:208} INFO - Processing /home/airflow/.local/lib/python3.12/site-packages/airflow/example_dags/example_trigger_target_dag.py took 0.078 seconds
[2024-10-14T02:42:17.931+0000] {processor.py:186} INFO - Started process (PID=642) to work on /home/airflow/.local/lib/python3.12/site-packages/airflow/example_dags/example_trigger_target_dag.py
[2024-10-14T02:42:17.932+0000] {processor.py:914} INFO - Processing file /home/airflow/.local/lib/python3.12/site-packages/airflow/example_dags/example_trigger_target_dag.py for tasks to queue
[2024-10-14T02:42:17.935+0000] {logging_mixin.py:190} INFO - [2024-10-14T02:42:17.935+0000] {dagbag.py:588} INFO - Filling up the DagBag from /home/airflow/.local/lib/python3.12/site-packages/airflow/example_dags/example_trigger_target_dag.py
[2024-10-14T02:42:17.943+0000] {processor.py:925} INFO - DAG(s) 'example_trigger_target_dag' retrieved from /home/airflow/.local/lib/python3.12/site-packages/airflow/example_dags/example_trigger_target_dag.py
[2024-10-14T02:42:17.965+0000] {logging_mixin.py:190} INFO - [2024-10-14T02:42:17.965+0000] {dag.py:3239} INFO - Sync 1 DAGs
[2024-10-14T02:42:17.978+0000] {logging_mixin.py:190} INFO - [2024-10-14T02:42:17.978+0000] {dag.py:4180} INFO - Setting next_dagrun for example_trigger_target_dag to None, run_after=None
[2024-10-14T02:42:17.996+0000] {processor.py:208} INFO - Processing /home/airflow/.local/lib/python3.12/site-packages/airflow/example_dags/example_trigger_target_dag.py took 0.070 seconds
[2024-10-14T02:42:48.617+0000] {processor.py:186} INFO - Started process (PID=700) to work on /home/airflow/.local/lib/python3.12/site-packages/airflow/example_dags/example_trigger_target_dag.py
[2024-10-14T02:42:48.618+0000] {processor.py:914} INFO - Processing file /home/airflow/.local/lib/python3.12/site-packages/airflow/example_dags/example_trigger_target_dag.py for tasks to queue
[2024-10-14T02:42:48.622+0000] {logging_mixin.py:190} INFO - [2024-10-14T02:42:48.621+0000] {dagbag.py:588} INFO - Filling up the DagBag from /home/airflow/.local/lib/python3.12/site-packages/airflow/example_dags/example_trigger_target_dag.py
[2024-10-14T02:42:48.631+0000] {processor.py:925} INFO - DAG(s) 'example_trigger_target_dag' retrieved from /home/airflow/.local/lib/python3.12/site-packages/airflow/example_dags/example_trigger_target_dag.py
[2024-10-14T02:42:48.649+0000] {logging_mixin.py:190} INFO - [2024-10-14T02:42:48.649+0000] {dag.py:3239} INFO - Sync 1 DAGs
[2024-10-14T02:42:48.663+0000] {logging_mixin.py:190} INFO - [2024-10-14T02:42:48.663+0000] {dag.py:4180} INFO - Setting next_dagrun for example_trigger_target_dag to None, run_after=None
[2024-10-14T02:42:48.684+0000] {processor.py:208} INFO - Processing /home/airflow/.local/lib/python3.12/site-packages/airflow/example_dags/example_trigger_target_dag.py took 0.073 seconds
[2024-10-14T02:43:21.553+0000] {processor.py:186} INFO - Started process (PID=762) to work on /home/airflow/.local/lib/python3.12/site-packages/airflow/example_dags/example_trigger_target_dag.py
[2024-10-14T02:43:21.554+0000] {processor.py:914} INFO - Processing file /home/airflow/.local/lib/python3.12/site-packages/airflow/example_dags/example_trigger_target_dag.py for tasks to queue
[2024-10-14T02:43:21.556+0000] {logging_mixin.py:190} INFO - [2024-10-14T02:43:21.556+0000] {dagbag.py:588} INFO - Filling up the DagBag from /home/airflow/.local/lib/python3.12/site-packages/airflow/example_dags/example_trigger_target_dag.py
[2024-10-14T02:43:21.613+0000] {processor.py:925} INFO - DAG(s) 'example_trigger_target_dag' retrieved from /home/airflow/.local/lib/python3.12/site-packages/airflow/example_dags/example_trigger_target_dag.py
[2024-10-14T02:43:21.640+0000] {logging_mixin.py:190} INFO - [2024-10-14T02:43:21.639+0000] {dag.py:3239} INFO - Sync 1 DAGs
[2024-10-14T02:43:21.671+0000] {logging_mixin.py:190} INFO - [2024-10-14T02:43:21.671+0000] {dag.py:4180} INFO - Setting next_dagrun for example_trigger_target_dag to None, run_after=None
[2024-10-14T02:43:21.690+0000] {processor.py:208} INFO - Processing /home/airflow/.local/lib/python3.12/site-packages/airflow/example_dags/example_trigger_target_dag.py took 0.143 seconds
[2024-10-14T02:43:54.785+0000] {processor.py:186} INFO - Started process (PID=826) to work on /home/airflow/.local/lib/python3.12/site-packages/airflow/example_dags/example_trigger_target_dag.py
[2024-10-14T02:43:54.787+0000] {processor.py:914} INFO - Processing file /home/airflow/.local/lib/python3.12/site-packages/airflow/example_dags/example_trigger_target_dag.py for tasks to queue
[2024-10-14T02:43:54.790+0000] {logging_mixin.py:190} INFO - [2024-10-14T02:43:54.789+0000] {dagbag.py:588} INFO - Filling up the DagBag from /home/airflow/.local/lib/python3.12/site-packages/airflow/example_dags/example_trigger_target_dag.py
[2024-10-14T02:43:54.797+0000] {processor.py:925} INFO - DAG(s) 'example_trigger_target_dag' retrieved from /home/airflow/.local/lib/python3.12/site-packages/airflow/example_dags/example_trigger_target_dag.py
[2024-10-14T02:43:54.814+0000] {logging_mixin.py:190} INFO - [2024-10-14T02:43:54.814+0000] {dag.py:3239} INFO - Sync 1 DAGs
[2024-10-14T02:43:54.827+0000] {logging_mixin.py:190} INFO - [2024-10-14T02:43:54.827+0000] {dag.py:4180} INFO - Setting next_dagrun for example_trigger_target_dag to None, run_after=None
[2024-10-14T02:43:54.847+0000] {processor.py:208} INFO - Processing /home/airflow/.local/lib/python3.12/site-packages/airflow/example_dags/example_trigger_target_dag.py took 0.069 seconds
[2024-10-14T02:44:25.311+0000] {processor.py:186} INFO - Started process (PID=843) to work on /home/airflow/.local/lib/python3.12/site-packages/airflow/example_dags/example_trigger_target_dag.py
[2024-10-14T02:44:25.312+0000] {processor.py:914} INFO - Processing file /home/airflow/.local/lib/python3.12/site-packages/airflow/example_dags/example_trigger_target_dag.py for tasks to queue
[2024-10-14T02:44:25.316+0000] {logging_mixin.py:190} INFO - [2024-10-14T02:44:25.315+0000] {dagbag.py:588} INFO - Filling up the DagBag from /home/airflow/.local/lib/python3.12/site-packages/airflow/example_dags/example_trigger_target_dag.py
[2024-10-14T02:44:25.326+0000] {processor.py:925} INFO - DAG(s) 'example_trigger_target_dag' retrieved from /home/airflow/.local/lib/python3.12/site-packages/airflow/example_dags/example_trigger_target_dag.py
[2024-10-14T02:44:25.356+0000] {logging_mixin.py:190} INFO - [2024-10-14T02:44:25.356+0000] {dag.py:3239} INFO - Sync 1 DAGs
[2024-10-14T02:44:25.379+0000] {logging_mixin.py:190} INFO - [2024-10-14T02:44:25.378+0000] {dag.py:4180} INFO - Setting next_dagrun for example_trigger_target_dag to None, run_after=None
[2024-10-14T02:44:25.415+0000] {processor.py:208} INFO - Processing /home/airflow/.local/lib/python3.12/site-packages/airflow/example_dags/example_trigger_target_dag.py took 0.112 seconds
[2024-10-14T02:44:58.038+0000] {processor.py:186} INFO - Started process (PID=907) to work on /home/airflow/.local/lib/python3.12/site-packages/airflow/example_dags/example_trigger_target_dag.py
[2024-10-14T02:44:58.040+0000] {processor.py:914} INFO - Processing file /home/airflow/.local/lib/python3.12/site-packages/airflow/example_dags/example_trigger_target_dag.py for tasks to queue
[2024-10-14T02:44:58.043+0000] {logging_mixin.py:190} INFO - [2024-10-14T02:44:58.042+0000] {dagbag.py:588} INFO - Filling up the DagBag from /home/airflow/.local/lib/python3.12/site-packages/airflow/example_dags/example_trigger_target_dag.py
[2024-10-14T02:44:58.050+0000] {processor.py:925} INFO - DAG(s) 'example_trigger_target_dag' retrieved from /home/airflow/.local/lib/python3.12/site-packages/airflow/example_dags/example_trigger_target_dag.py
[2024-10-14T02:44:58.071+0000] {logging_mixin.py:190} INFO - [2024-10-14T02:44:58.071+0000] {dag.py:3239} INFO - Sync 1 DAGs
[2024-10-14T02:44:58.084+0000] {logging_mixin.py:190} INFO - [2024-10-14T02:44:58.084+0000] {dag.py:4180} INFO - Setting next_dagrun for example_trigger_target_dag to None, run_after=None
[2024-10-14T02:44:58.103+0000] {processor.py:208} INFO - Processing /home/airflow/.local/lib/python3.12/site-packages/airflow/example_dags/example_trigger_target_dag.py took 0.071 seconds
[2024-10-14T02:45:30.905+0000] {processor.py:186} INFO - Started process (PID=971) to work on /home/airflow/.local/lib/python3.12/site-packages/airflow/example_dags/example_trigger_target_dag.py
[2024-10-14T02:45:30.906+0000] {processor.py:914} INFO - Processing file /home/airflow/.local/lib/python3.12/site-packages/airflow/example_dags/example_trigger_target_dag.py for tasks to queue
[2024-10-14T02:45:30.908+0000] {logging_mixin.py:190} INFO - [2024-10-14T02:45:30.907+0000] {dagbag.py:588} INFO - Filling up the DagBag from /home/airflow/.local/lib/python3.12/site-packages/airflow/example_dags/example_trigger_target_dag.py
[2024-10-14T02:45:30.914+0000] {processor.py:925} INFO - DAG(s) 'example_trigger_target_dag' retrieved from /home/airflow/.local/lib/python3.12/site-packages/airflow/example_dags/example_trigger_target_dag.py
[2024-10-14T02:45:30.934+0000] {logging_mixin.py:190} INFO - [2024-10-14T02:45:30.934+0000] {dag.py:3239} INFO - Sync 1 DAGs
[2024-10-14T02:45:30.946+0000] {logging_mixin.py:190} INFO - [2024-10-14T02:45:30.946+0000] {dag.py:4180} INFO - Setting next_dagrun for example_trigger_target_dag to None, run_after=None
[2024-10-14T02:45:30.966+0000] {processor.py:208} INFO - Processing /home/airflow/.local/lib/python3.12/site-packages/airflow/example_dags/example_trigger_target_dag.py took 0.067 seconds
[2024-10-14T02:46:04.251+0000] {processor.py:186} INFO - Started process (PID=1035) to work on /home/airflow/.local/lib/python3.12/site-packages/airflow/example_dags/example_trigger_target_dag.py
[2024-10-14T02:46:04.252+0000] {processor.py:914} INFO - Processing file /home/airflow/.local/lib/python3.12/site-packages/airflow/example_dags/example_trigger_target_dag.py for tasks to queue
[2024-10-14T02:46:04.255+0000] {logging_mixin.py:190} INFO - [2024-10-14T02:46:04.254+0000] {dagbag.py:588} INFO - Filling up the DagBag from /home/airflow/.local/lib/python3.12/site-packages/airflow/example_dags/example_trigger_target_dag.py
[2024-10-14T02:46:04.265+0000] {processor.py:925} INFO - DAG(s) 'example_trigger_target_dag' retrieved from /home/airflow/.local/lib/python3.12/site-packages/airflow/example_dags/example_trigger_target_dag.py
[2024-10-14T02:46:04.291+0000] {logging_mixin.py:190} INFO - [2024-10-14T02:46:04.291+0000] {dag.py:3239} INFO - Sync 1 DAGs
[2024-10-14T02:46:04.308+0000] {logging_mixin.py:190} INFO - [2024-10-14T02:46:04.308+0000] {dag.py:4180} INFO - Setting next_dagrun for example_trigger_target_dag to None, run_after=None
[2024-10-14T02:46:04.331+0000] {processor.py:208} INFO - Processing /home/airflow/.local/lib/python3.12/site-packages/airflow/example_dags/example_trigger_target_dag.py took 0.086 seconds
[2024-10-14T02:46:37.286+0000] {processor.py:186} INFO - Started process (PID=1099) to work on /home/airflow/.local/lib/python3.12/site-packages/airflow/example_dags/example_trigger_target_dag.py
[2024-10-14T02:46:37.287+0000] {processor.py:914} INFO - Processing file /home/airflow/.local/lib/python3.12/site-packages/airflow/example_dags/example_trigger_target_dag.py for tasks to queue
[2024-10-14T02:46:37.289+0000] {logging_mixin.py:190} INFO - [2024-10-14T02:46:37.289+0000] {dagbag.py:588} INFO - Filling up the DagBag from /home/airflow/.local/lib/python3.12/site-packages/airflow/example_dags/example_trigger_target_dag.py
[2024-10-14T02:46:37.297+0000] {processor.py:925} INFO - DAG(s) 'example_trigger_target_dag' retrieved from /home/airflow/.local/lib/python3.12/site-packages/airflow/example_dags/example_trigger_target_dag.py
[2024-10-14T02:46:37.316+0000] {logging_mixin.py:190} INFO - [2024-10-14T02:46:37.315+0000] {dag.py:3239} INFO - Sync 1 DAGs
[2024-10-14T02:46:37.330+0000] {logging_mixin.py:190} INFO - [2024-10-14T02:46:37.330+0000] {dag.py:4180} INFO - Setting next_dagrun for example_trigger_target_dag to None, run_after=None
[2024-10-14T02:46:37.355+0000] {processor.py:208} INFO - Processing /home/airflow/.local/lib/python3.12/site-packages/airflow/example_dags/example_trigger_target_dag.py took 0.073 seconds
[2024-10-14T02:47:10.438+0000] {processor.py:186} INFO - Started process (PID=1163) to work on /home/airflow/.local/lib/python3.12/site-packages/airflow/example_dags/example_trigger_target_dag.py
[2024-10-14T02:47:10.439+0000] {processor.py:914} INFO - Processing file /home/airflow/.local/lib/python3.12/site-packages/airflow/example_dags/example_trigger_target_dag.py for tasks to queue
[2024-10-14T02:47:10.442+0000] {logging_mixin.py:190} INFO - [2024-10-14T02:47:10.441+0000] {dagbag.py:588} INFO - Filling up the DagBag from /home/airflow/.local/lib/python3.12/site-packages/airflow/example_dags/example_trigger_target_dag.py
[2024-10-14T02:47:10.449+0000] {processor.py:925} INFO - DAG(s) 'example_trigger_target_dag' retrieved from /home/airflow/.local/lib/python3.12/site-packages/airflow/example_dags/example_trigger_target_dag.py
[2024-10-14T02:47:10.469+0000] {logging_mixin.py:190} INFO - [2024-10-14T02:47:10.469+0000] {dag.py:3239} INFO - Sync 1 DAGs
[2024-10-14T02:47:10.482+0000] {logging_mixin.py:190} INFO - [2024-10-14T02:47:10.482+0000] {dag.py:4180} INFO - Setting next_dagrun for example_trigger_target_dag to None, run_after=None
[2024-10-14T02:47:10.501+0000] {processor.py:208} INFO - Processing /home/airflow/.local/lib/python3.12/site-packages/airflow/example_dags/example_trigger_target_dag.py took 0.069 seconds
[2024-10-14T02:47:42.857+0000] {processor.py:186} INFO - Started process (PID=1227) to work on /home/airflow/.local/lib/python3.12/site-packages/airflow/example_dags/example_trigger_target_dag.py
[2024-10-14T02:47:42.858+0000] {processor.py:914} INFO - Processing file /home/airflow/.local/lib/python3.12/site-packages/airflow/example_dags/example_trigger_target_dag.py for tasks to queue
[2024-10-14T02:47:42.860+0000] {logging_mixin.py:190} INFO - [2024-10-14T02:47:42.860+0000] {dagbag.py:588} INFO - Filling up the DagBag from /home/airflow/.local/lib/python3.12/site-packages/airflow/example_dags/example_trigger_target_dag.py
[2024-10-14T02:47:42.868+0000] {processor.py:925} INFO - DAG(s) 'example_trigger_target_dag' retrieved from /home/airflow/.local/lib/python3.12/site-packages/airflow/example_dags/example_trigger_target_dag.py
[2024-10-14T02:47:42.890+0000] {logging_mixin.py:190} INFO - [2024-10-14T02:47:42.890+0000] {dag.py:3239} INFO - Sync 1 DAGs
[2024-10-14T02:47:42.906+0000] {logging_mixin.py:190} INFO - [2024-10-14T02:47:42.906+0000] {dag.py:4180} INFO - Setting next_dagrun for example_trigger_target_dag to None, run_after=None
[2024-10-14T02:47:42.927+0000] {processor.py:208} INFO - Processing /home/airflow/.local/lib/python3.12/site-packages/airflow/example_dags/example_trigger_target_dag.py took 0.075 seconds
