[2024-10-14T02:26:53.720+0000] {processor.py:186} INFO - Started process (PID=101) to work on /home/airflow/.local/lib/python3.12/site-packages/airflow/example_dags/example_external_task_marker_dag.py
[2024-10-14T02:26:53.721+0000] {processor.py:914} INFO - Processing file /home/airflow/.local/lib/python3.12/site-packages/airflow/example_dags/example_external_task_marker_dag.py for tasks to queue
[2024-10-14T02:26:53.724+0000] {logging_mixin.py:190} INFO - [2024-10-14T02:26:53.723+0000] {dagbag.py:588} INFO - Filling up the DagBag from /home/airflow/.local/lib/python3.12/site-packages/airflow/example_dags/example_external_task_marker_dag.py
[2024-10-14T02:26:53.734+0000] {processor.py:925} INFO - DAG(s) 'example_external_task_marker_child', 'example_external_task_marker_parent' retrieved from /home/airflow/.local/lib/python3.12/site-packages/airflow/example_dags/example_external_task_marker_dag.py
[2024-10-14T02:26:53.871+0000] {logging_mixin.py:190} INFO - [2024-10-14T02:26:53.871+0000] {override.py:1900} INFO - Created Permission View: can delete on DAG:example_external_task_marker_child
[2024-10-14T02:26:53.881+0000] {logging_mixin.py:190} INFO - [2024-10-14T02:26:53.880+0000] {override.py:1900} INFO - Created Permission View: can edit on DAG:example_external_task_marker_child
[2024-10-14T02:26:53.888+0000] {logging_mixin.py:190} INFO - [2024-10-14T02:26:53.888+0000] {override.py:1900} INFO - Created Permission View: can read on DAG:example_external_task_marker_child
[2024-10-14T02:26:53.897+0000] {logging_mixin.py:190} INFO - [2024-10-14T02:26:53.896+0000] {override.py:1900} INFO - Created Permission View: can delete on DAG Run:example_external_task_marker_child
[2024-10-14T02:26:53.902+0000] {logging_mixin.py:190} INFO - [2024-10-14T02:26:53.902+0000] {override.py:1900} INFO - Created Permission View: can create on DAG Run:example_external_task_marker_child
[2024-10-14T02:26:53.909+0000] {logging_mixin.py:190} INFO - [2024-10-14T02:26:53.908+0000] {override.py:1900} INFO - Created Permission View: menu access on DAG Run:example_external_task_marker_child
[2024-10-14T02:26:53.915+0000] {logging_mixin.py:190} INFO - [2024-10-14T02:26:53.915+0000] {override.py:1900} INFO - Created Permission View: can read on DAG Run:example_external_task_marker_child
[2024-10-14T02:26:53.926+0000] {logging_mixin.py:190} INFO - [2024-10-14T02:26:53.926+0000] {override.py:1900} INFO - Created Permission View: can delete on DAG:example_external_task_marker_parent
[2024-10-14T02:26:53.934+0000] {logging_mixin.py:190} INFO - [2024-10-14T02:26:53.934+0000] {override.py:1900} INFO - Created Permission View: can edit on DAG:example_external_task_marker_parent
[2024-10-14T02:26:53.941+0000] {logging_mixin.py:190} INFO - [2024-10-14T02:26:53.941+0000] {override.py:1900} INFO - Created Permission View: can read on DAG:example_external_task_marker_parent
[2024-10-14T02:26:53.949+0000] {logging_mixin.py:190} INFO - [2024-10-14T02:26:53.949+0000] {override.py:1900} INFO - Created Permission View: can delete on DAG Run:example_external_task_marker_parent
[2024-10-14T02:26:53.956+0000] {logging_mixin.py:190} INFO - [2024-10-14T02:26:53.956+0000] {override.py:1900} INFO - Created Permission View: can create on DAG Run:example_external_task_marker_parent
[2024-10-14T02:26:53.962+0000] {logging_mixin.py:190} INFO - [2024-10-14T02:26:53.962+0000] {override.py:1900} INFO - Created Permission View: menu access on DAG Run:example_external_task_marker_parent
[2024-10-14T02:26:53.969+0000] {logging_mixin.py:190} INFO - [2024-10-14T02:26:53.969+0000] {override.py:1900} INFO - Created Permission View: can read on DAG Run:example_external_task_marker_parent
[2024-10-14T02:26:53.970+0000] {logging_mixin.py:190} INFO - [2024-10-14T02:26:53.969+0000] {dag.py:3239} INFO - Sync 2 DAGs
[2024-10-14T02:26:53.982+0000] {logging_mixin.py:190} INFO - [2024-10-14T02:26:53.981+0000] {dag.py:3262} INFO - Creating ORM DAG for example_external_task_marker_child
[2024-10-14T02:26:53.983+0000] {logging_mixin.py:190} INFO - [2024-10-14T02:26:53.982+0000] {dag.py:3262} INFO - Creating ORM DAG for example_external_task_marker_parent
[2024-10-14T02:26:53.983+0000] {logging_mixin.py:190} INFO - [2024-10-14T02:26:53.983+0000] {dag.py:4180} INFO - Setting next_dagrun for example_external_task_marker_child to None, run_after=None
[2024-10-14T02:26:53.984+0000] {logging_mixin.py:190} INFO - [2024-10-14T02:26:53.984+0000] {dag.py:4180} INFO - Setting next_dagrun for example_external_task_marker_parent to None, run_after=None
[2024-10-14T02:26:54.001+0000] {processor.py:208} INFO - Processing /home/airflow/.local/lib/python3.12/site-packages/airflow/example_dags/example_external_task_marker_dag.py took 0.288 seconds
[2024-10-14T02:27:24.475+0000] {processor.py:186} INFO - Started process (PID=163) to work on /home/airflow/.local/lib/python3.12/site-packages/airflow/example_dags/example_external_task_marker_dag.py
[2024-10-14T02:27:24.476+0000] {processor.py:914} INFO - Processing file /home/airflow/.local/lib/python3.12/site-packages/airflow/example_dags/example_external_task_marker_dag.py for tasks to queue
[2024-10-14T02:27:24.479+0000] {logging_mixin.py:190} INFO - [2024-10-14T02:27:24.478+0000] {dagbag.py:588} INFO - Filling up the DagBag from /home/airflow/.local/lib/python3.12/site-packages/airflow/example_dags/example_external_task_marker_dag.py
[2024-10-14T02:27:24.488+0000] {processor.py:925} INFO - DAG(s) 'example_external_task_marker_child', 'example_external_task_marker_parent' retrieved from /home/airflow/.local/lib/python3.12/site-packages/airflow/example_dags/example_external_task_marker_dag.py
[2024-10-14T02:27:24.508+0000] {logging_mixin.py:190} INFO - [2024-10-14T02:27:24.508+0000] {dag.py:3239} INFO - Sync 2 DAGs
[2024-10-14T02:27:24.520+0000] {logging_mixin.py:190} INFO - [2024-10-14T02:27:24.520+0000] {dag.py:4180} INFO - Setting next_dagrun for example_external_task_marker_child to None, run_after=None
[2024-10-14T02:27:24.525+0000] {logging_mixin.py:190} INFO - [2024-10-14T02:27:24.525+0000] {dag.py:4180} INFO - Setting next_dagrun for example_external_task_marker_parent to None, run_after=None
[2024-10-14T02:27:24.539+0000] {processor.py:208} INFO - Processing /home/airflow/.local/lib/python3.12/site-packages/airflow/example_dags/example_external_task_marker_dag.py took 0.069 seconds
[2024-10-14T02:27:55.854+0000] {processor.py:186} INFO - Started process (PID=226) to work on /home/airflow/.local/lib/python3.12/site-packages/airflow/example_dags/example_external_task_marker_dag.py
[2024-10-14T02:27:55.854+0000] {processor.py:914} INFO - Processing file /home/airflow/.local/lib/python3.12/site-packages/airflow/example_dags/example_external_task_marker_dag.py for tasks to queue
[2024-10-14T02:27:55.858+0000] {logging_mixin.py:190} INFO - [2024-10-14T02:27:55.858+0000] {dagbag.py:588} INFO - Filling up the DagBag from /home/airflow/.local/lib/python3.12/site-packages/airflow/example_dags/example_external_task_marker_dag.py
[2024-10-14T02:27:55.865+0000] {processor.py:925} INFO - DAG(s) 'example_external_task_marker_parent', 'example_external_task_marker_child' retrieved from /home/airflow/.local/lib/python3.12/site-packages/airflow/example_dags/example_external_task_marker_dag.py
[2024-10-14T02:27:55.885+0000] {logging_mixin.py:190} INFO - [2024-10-14T02:27:55.885+0000] {dag.py:3239} INFO - Sync 2 DAGs
[2024-10-14T02:27:55.900+0000] {logging_mixin.py:190} INFO - [2024-10-14T02:27:55.900+0000] {dag.py:4180} INFO - Setting next_dagrun for example_external_task_marker_child to None, run_after=None
[2024-10-14T02:27:55.909+0000] {logging_mixin.py:190} INFO - [2024-10-14T02:27:55.908+0000] {dag.py:4180} INFO - Setting next_dagrun for example_external_task_marker_parent to None, run_after=None
[2024-10-14T02:27:55.934+0000] {processor.py:208} INFO - Processing /home/airflow/.local/lib/python3.12/site-packages/airflow/example_dags/example_external_task_marker_dag.py took 0.085 seconds
[2024-10-14T02:28:28.331+0000] {processor.py:186} INFO - Started process (PID=289) to work on /home/airflow/.local/lib/python3.12/site-packages/airflow/example_dags/example_external_task_marker_dag.py
[2024-10-14T02:28:28.333+0000] {processor.py:914} INFO - Processing file /home/airflow/.local/lib/python3.12/site-packages/airflow/example_dags/example_external_task_marker_dag.py for tasks to queue
[2024-10-14T02:28:28.336+0000] {logging_mixin.py:190} INFO - [2024-10-14T02:28:28.335+0000] {dagbag.py:588} INFO - Filling up the DagBag from /home/airflow/.local/lib/python3.12/site-packages/airflow/example_dags/example_external_task_marker_dag.py
[2024-10-14T02:28:28.346+0000] {processor.py:925} INFO - DAG(s) 'example_external_task_marker_child', 'example_external_task_marker_parent' retrieved from /home/airflow/.local/lib/python3.12/site-packages/airflow/example_dags/example_external_task_marker_dag.py
[2024-10-14T02:28:28.377+0000] {logging_mixin.py:190} INFO - [2024-10-14T02:28:28.377+0000] {dag.py:3239} INFO - Sync 2 DAGs
[2024-10-14T02:28:28.401+0000] {logging_mixin.py:190} INFO - [2024-10-14T02:28:28.401+0000] {dag.py:4180} INFO - Setting next_dagrun for example_external_task_marker_child to None, run_after=None
[2024-10-14T02:28:28.408+0000] {logging_mixin.py:190} INFO - [2024-10-14T02:28:28.407+0000] {dag.py:4180} INFO - Setting next_dagrun for example_external_task_marker_parent to None, run_after=None
[2024-10-14T02:28:28.436+0000] {processor.py:208} INFO - Processing /home/airflow/.local/lib/python3.12/site-packages/airflow/example_dags/example_external_task_marker_dag.py took 0.113 seconds
[2024-10-14T02:29:02.090+0000] {processor.py:186} INFO - Started process (PID=352) to work on /home/airflow/.local/lib/python3.12/site-packages/airflow/example_dags/example_external_task_marker_dag.py
[2024-10-14T02:29:02.091+0000] {processor.py:914} INFO - Processing file /home/airflow/.local/lib/python3.12/site-packages/airflow/example_dags/example_external_task_marker_dag.py for tasks to queue
[2024-10-14T02:29:02.093+0000] {logging_mixin.py:190} INFO - [2024-10-14T02:29:02.093+0000] {dagbag.py:588} INFO - Filling up the DagBag from /home/airflow/.local/lib/python3.12/site-packages/airflow/example_dags/example_external_task_marker_dag.py
[2024-10-14T02:29:02.103+0000] {processor.py:925} INFO - DAG(s) 'example_external_task_marker_parent', 'example_external_task_marker_child' retrieved from /home/airflow/.local/lib/python3.12/site-packages/airflow/example_dags/example_external_task_marker_dag.py
[2024-10-14T02:29:02.137+0000] {logging_mixin.py:190} INFO - [2024-10-14T02:29:02.136+0000] {dag.py:3239} INFO - Sync 2 DAGs
[2024-10-14T02:29:02.163+0000] {logging_mixin.py:190} INFO - [2024-10-14T02:29:02.162+0000] {dag.py:4180} INFO - Setting next_dagrun for example_external_task_marker_child to None, run_after=None
[2024-10-14T02:29:02.170+0000] {logging_mixin.py:190} INFO - [2024-10-14T02:29:02.170+0000] {dag.py:4180} INFO - Setting next_dagrun for example_external_task_marker_parent to None, run_after=None
[2024-10-14T02:29:02.196+0000] {processor.py:208} INFO - Processing /home/airflow/.local/lib/python3.12/site-packages/airflow/example_dags/example_external_task_marker_dag.py took 0.111 seconds
[2024-10-14T02:29:34.642+0000] {processor.py:186} INFO - Started process (PID=415) to work on /home/airflow/.local/lib/python3.12/site-packages/airflow/example_dags/example_external_task_marker_dag.py
[2024-10-14T02:29:34.643+0000] {processor.py:914} INFO - Processing file /home/airflow/.local/lib/python3.12/site-packages/airflow/example_dags/example_external_task_marker_dag.py for tasks to queue
[2024-10-14T02:29:34.646+0000] {logging_mixin.py:190} INFO - [2024-10-14T02:29:34.646+0000] {dagbag.py:588} INFO - Filling up the DagBag from /home/airflow/.local/lib/python3.12/site-packages/airflow/example_dags/example_external_task_marker_dag.py
[2024-10-14T02:29:34.654+0000] {processor.py:925} INFO - DAG(s) 'example_external_task_marker_child', 'example_external_task_marker_parent' retrieved from /home/airflow/.local/lib/python3.12/site-packages/airflow/example_dags/example_external_task_marker_dag.py
[2024-10-14T02:29:34.675+0000] {logging_mixin.py:190} INFO - [2024-10-14T02:29:34.675+0000] {dag.py:3239} INFO - Sync 2 DAGs
[2024-10-14T02:29:34.689+0000] {logging_mixin.py:190} INFO - [2024-10-14T02:29:34.689+0000] {dag.py:4180} INFO - Setting next_dagrun for example_external_task_marker_child to None, run_after=None
[2024-10-14T02:29:34.693+0000] {logging_mixin.py:190} INFO - [2024-10-14T02:29:34.693+0000] {dag.py:4180} INFO - Setting next_dagrun for example_external_task_marker_parent to None, run_after=None
[2024-10-14T02:29:34.716+0000] {processor.py:208} INFO - Processing /home/airflow/.local/lib/python3.12/site-packages/airflow/example_dags/example_external_task_marker_dag.py took 0.079 seconds
[2024-10-14T02:30:07.315+0000] {processor.py:186} INFO - Started process (PID=472) to work on /home/airflow/.local/lib/python3.12/site-packages/airflow/example_dags/example_external_task_marker_dag.py
[2024-10-14T02:30:07.317+0000] {processor.py:914} INFO - Processing file /home/airflow/.local/lib/python3.12/site-packages/airflow/example_dags/example_external_task_marker_dag.py for tasks to queue
[2024-10-14T02:30:07.320+0000] {logging_mixin.py:190} INFO - [2024-10-14T02:30:07.319+0000] {dagbag.py:588} INFO - Filling up the DagBag from /home/airflow/.local/lib/python3.12/site-packages/airflow/example_dags/example_external_task_marker_dag.py
[2024-10-14T02:30:07.328+0000] {processor.py:925} INFO - DAG(s) 'example_external_task_marker_parent', 'example_external_task_marker_child' retrieved from /home/airflow/.local/lib/python3.12/site-packages/airflow/example_dags/example_external_task_marker_dag.py
[2024-10-14T02:30:07.361+0000] {logging_mixin.py:190} INFO - [2024-10-14T02:30:07.360+0000] {dag.py:3239} INFO - Sync 2 DAGs
[2024-10-14T02:30:07.381+0000] {logging_mixin.py:190} INFO - [2024-10-14T02:30:07.381+0000] {dag.py:4180} INFO - Setting next_dagrun for example_external_task_marker_child to None, run_after=None
[2024-10-14T02:30:07.388+0000] {logging_mixin.py:190} INFO - [2024-10-14T02:30:07.388+0000] {dag.py:4180} INFO - Setting next_dagrun for example_external_task_marker_parent to None, run_after=None
[2024-10-14T02:30:07.418+0000] {processor.py:208} INFO - Processing /home/airflow/.local/lib/python3.12/site-packages/airflow/example_dags/example_external_task_marker_dag.py took 0.110 seconds
[2024-10-14T02:30:40.126+0000] {processor.py:186} INFO - Started process (PID=535) to work on /home/airflow/.local/lib/python3.12/site-packages/airflow/example_dags/example_external_task_marker_dag.py
[2024-10-14T02:30:40.127+0000] {processor.py:914} INFO - Processing file /home/airflow/.local/lib/python3.12/site-packages/airflow/example_dags/example_external_task_marker_dag.py for tasks to queue
[2024-10-14T02:30:40.129+0000] {logging_mixin.py:190} INFO - [2024-10-14T02:30:40.129+0000] {dagbag.py:588} INFO - Filling up the DagBag from /home/airflow/.local/lib/python3.12/site-packages/airflow/example_dags/example_external_task_marker_dag.py
[2024-10-14T02:30:40.138+0000] {processor.py:925} INFO - DAG(s) 'example_external_task_marker_parent', 'example_external_task_marker_child' retrieved from /home/airflow/.local/lib/python3.12/site-packages/airflow/example_dags/example_external_task_marker_dag.py
[2024-10-14T02:30:40.162+0000] {logging_mixin.py:190} INFO - [2024-10-14T02:30:40.162+0000] {dag.py:3239} INFO - Sync 2 DAGs
[2024-10-14T02:30:40.176+0000] {logging_mixin.py:190} INFO - [2024-10-14T02:30:40.176+0000] {dag.py:4180} INFO - Setting next_dagrun for example_external_task_marker_child to None, run_after=None
[2024-10-14T02:30:40.182+0000] {logging_mixin.py:190} INFO - [2024-10-14T02:30:40.182+0000] {dag.py:4180} INFO - Setting next_dagrun for example_external_task_marker_parent to None, run_after=None
[2024-10-14T02:30:40.206+0000] {processor.py:208} INFO - Processing /home/airflow/.local/lib/python3.12/site-packages/airflow/example_dags/example_external_task_marker_dag.py took 0.088 seconds
[2024-10-14T02:31:13.310+0000] {processor.py:186} INFO - Started process (PID=605) to work on /home/airflow/.local/lib/python3.12/site-packages/airflow/example_dags/example_external_task_marker_dag.py
[2024-10-14T02:31:13.311+0000] {processor.py:914} INFO - Processing file /home/airflow/.local/lib/python3.12/site-packages/airflow/example_dags/example_external_task_marker_dag.py for tasks to queue
[2024-10-14T02:31:13.315+0000] {logging_mixin.py:190} INFO - [2024-10-14T02:31:13.314+0000] {dagbag.py:588} INFO - Filling up the DagBag from /home/airflow/.local/lib/python3.12/site-packages/airflow/example_dags/example_external_task_marker_dag.py
[2024-10-14T02:31:13.327+0000] {processor.py:925} INFO - DAG(s) 'example_external_task_marker_parent', 'example_external_task_marker_child' retrieved from /home/airflow/.local/lib/python3.12/site-packages/airflow/example_dags/example_external_task_marker_dag.py
[2024-10-14T02:31:13.355+0000] {logging_mixin.py:190} INFO - [2024-10-14T02:31:13.354+0000] {dag.py:3239} INFO - Sync 2 DAGs
[2024-10-14T02:31:13.370+0000] {logging_mixin.py:190} INFO - [2024-10-14T02:31:13.370+0000] {dag.py:4180} INFO - Setting next_dagrun for example_external_task_marker_child to None, run_after=None
[2024-10-14T02:31:13.374+0000] {logging_mixin.py:190} INFO - [2024-10-14T02:31:13.373+0000] {dag.py:4180} INFO - Setting next_dagrun for example_external_task_marker_parent to None, run_after=None
[2024-10-14T02:31:13.395+0000] {processor.py:208} INFO - Processing /home/airflow/.local/lib/python3.12/site-packages/airflow/example_dags/example_external_task_marker_dag.py took 0.091 seconds
[2024-10-14T02:31:46.596+0000] {processor.py:186} INFO - Started process (PID=668) to work on /home/airflow/.local/lib/python3.12/site-packages/airflow/example_dags/example_external_task_marker_dag.py
[2024-10-14T02:31:46.598+0000] {processor.py:914} INFO - Processing file /home/airflow/.local/lib/python3.12/site-packages/airflow/example_dags/example_external_task_marker_dag.py for tasks to queue
[2024-10-14T02:31:46.601+0000] {logging_mixin.py:190} INFO - [2024-10-14T02:31:46.601+0000] {dagbag.py:588} INFO - Filling up the DagBag from /home/airflow/.local/lib/python3.12/site-packages/airflow/example_dags/example_external_task_marker_dag.py
[2024-10-14T02:31:46.609+0000] {processor.py:925} INFO - DAG(s) 'example_external_task_marker_parent', 'example_external_task_marker_child' retrieved from /home/airflow/.local/lib/python3.12/site-packages/airflow/example_dags/example_external_task_marker_dag.py
[2024-10-14T02:31:46.632+0000] {logging_mixin.py:190} INFO - [2024-10-14T02:31:46.632+0000] {dag.py:3239} INFO - Sync 2 DAGs
[2024-10-14T02:31:46.649+0000] {logging_mixin.py:190} INFO - [2024-10-14T02:31:46.649+0000] {dag.py:4180} INFO - Setting next_dagrun for example_external_task_marker_child to None, run_after=None
[2024-10-14T02:31:46.653+0000] {logging_mixin.py:190} INFO - [2024-10-14T02:31:46.653+0000] {dag.py:4180} INFO - Setting next_dagrun for example_external_task_marker_parent to None, run_after=None
[2024-10-14T02:31:46.668+0000] {processor.py:208} INFO - Processing /home/airflow/.local/lib/python3.12/site-packages/airflow/example_dags/example_external_task_marker_dag.py took 0.078 seconds
[2024-10-14T02:32:18.912+0000] {processor.py:186} INFO - Started process (PID=725) to work on /home/airflow/.local/lib/python3.12/site-packages/airflow/example_dags/example_external_task_marker_dag.py
[2024-10-14T02:32:18.913+0000] {processor.py:914} INFO - Processing file /home/airflow/.local/lib/python3.12/site-packages/airflow/example_dags/example_external_task_marker_dag.py for tasks to queue
[2024-10-14T02:32:18.915+0000] {logging_mixin.py:190} INFO - [2024-10-14T02:32:18.915+0000] {dagbag.py:588} INFO - Filling up the DagBag from /home/airflow/.local/lib/python3.12/site-packages/airflow/example_dags/example_external_task_marker_dag.py
[2024-10-14T02:32:18.923+0000] {processor.py:925} INFO - DAG(s) 'example_external_task_marker_child', 'example_external_task_marker_parent' retrieved from /home/airflow/.local/lib/python3.12/site-packages/airflow/example_dags/example_external_task_marker_dag.py
[2024-10-14T02:32:18.945+0000] {logging_mixin.py:190} INFO - [2024-10-14T02:32:18.945+0000] {dag.py:3239} INFO - Sync 2 DAGs
[2024-10-14T02:32:18.961+0000] {logging_mixin.py:190} INFO - [2024-10-14T02:32:18.961+0000] {dag.py:4180} INFO - Setting next_dagrun for example_external_task_marker_child to None, run_after=None
[2024-10-14T02:32:18.966+0000] {logging_mixin.py:190} INFO - [2024-10-14T02:32:18.966+0000] {dag.py:4180} INFO - Setting next_dagrun for example_external_task_marker_parent to None, run_after=None
[2024-10-14T02:32:18.987+0000] {processor.py:208} INFO - Processing /home/airflow/.local/lib/python3.12/site-packages/airflow/example_dags/example_external_task_marker_dag.py took 0.080 seconds
[2024-10-14T02:32:52.488+0000] {processor.py:186} INFO - Started process (PID=788) to work on /home/airflow/.local/lib/python3.12/site-packages/airflow/example_dags/example_external_task_marker_dag.py
[2024-10-14T02:32:52.490+0000] {processor.py:914} INFO - Processing file /home/airflow/.local/lib/python3.12/site-packages/airflow/example_dags/example_external_task_marker_dag.py for tasks to queue
[2024-10-14T02:32:52.494+0000] {logging_mixin.py:190} INFO - [2024-10-14T02:32:52.493+0000] {dagbag.py:588} INFO - Filling up the DagBag from /home/airflow/.local/lib/python3.12/site-packages/airflow/example_dags/example_external_task_marker_dag.py
[2024-10-14T02:32:52.503+0000] {processor.py:925} INFO - DAG(s) 'example_external_task_marker_child', 'example_external_task_marker_parent' retrieved from /home/airflow/.local/lib/python3.12/site-packages/airflow/example_dags/example_external_task_marker_dag.py
[2024-10-14T02:32:52.542+0000] {logging_mixin.py:190} INFO - [2024-10-14T02:32:52.542+0000] {dag.py:3239} INFO - Sync 2 DAGs
[2024-10-14T02:32:52.558+0000] {logging_mixin.py:190} INFO - [2024-10-14T02:32:52.557+0000] {dag.py:4180} INFO - Setting next_dagrun for example_external_task_marker_child to None, run_after=None
[2024-10-14T02:32:52.562+0000] {logging_mixin.py:190} INFO - [2024-10-14T02:32:52.561+0000] {dag.py:4180} INFO - Setting next_dagrun for example_external_task_marker_parent to None, run_after=None
[2024-10-14T02:32:52.579+0000] {processor.py:208} INFO - Processing /home/airflow/.local/lib/python3.12/site-packages/airflow/example_dags/example_external_task_marker_dag.py took 0.098 seconds
[2024-10-14T02:33:24.919+0000] {processor.py:186} INFO - Started process (PID=851) to work on /home/airflow/.local/lib/python3.12/site-packages/airflow/example_dags/example_external_task_marker_dag.py
[2024-10-14T02:33:24.920+0000] {processor.py:914} INFO - Processing file /home/airflow/.local/lib/python3.12/site-packages/airflow/example_dags/example_external_task_marker_dag.py for tasks to queue
[2024-10-14T02:33:24.923+0000] {logging_mixin.py:190} INFO - [2024-10-14T02:33:24.923+0000] {dagbag.py:588} INFO - Filling up the DagBag from /home/airflow/.local/lib/python3.12/site-packages/airflow/example_dags/example_external_task_marker_dag.py
[2024-10-14T02:33:24.936+0000] {processor.py:925} INFO - DAG(s) 'example_external_task_marker_parent', 'example_external_task_marker_child' retrieved from /home/airflow/.local/lib/python3.12/site-packages/airflow/example_dags/example_external_task_marker_dag.py
[2024-10-14T02:33:24.964+0000] {logging_mixin.py:190} INFO - [2024-10-14T02:33:24.963+0000] {dag.py:3239} INFO - Sync 2 DAGs
[2024-10-14T02:33:24.978+0000] {logging_mixin.py:190} INFO - [2024-10-14T02:33:24.978+0000] {dag.py:4180} INFO - Setting next_dagrun for example_external_task_marker_child to None, run_after=None
[2024-10-14T02:33:24.982+0000] {logging_mixin.py:190} INFO - [2024-10-14T02:33:24.982+0000] {dag.py:4180} INFO - Setting next_dagrun for example_external_task_marker_parent to None, run_after=None
[2024-10-14T02:33:25.002+0000] {processor.py:208} INFO - Processing /home/airflow/.local/lib/python3.12/site-packages/airflow/example_dags/example_external_task_marker_dag.py took 0.088 seconds
[2024-10-14T02:33:58.618+0000] {processor.py:186} INFO - Started process (PID=916) to work on /home/airflow/.local/lib/python3.12/site-packages/airflow/example_dags/example_external_task_marker_dag.py
[2024-10-14T02:33:58.622+0000] {processor.py:914} INFO - Processing file /home/airflow/.local/lib/python3.12/site-packages/airflow/example_dags/example_external_task_marker_dag.py for tasks to queue
[2024-10-14T02:33:58.626+0000] {logging_mixin.py:190} INFO - [2024-10-14T02:33:58.625+0000] {dagbag.py:588} INFO - Filling up the DagBag from /home/airflow/.local/lib/python3.12/site-packages/airflow/example_dags/example_external_task_marker_dag.py
[2024-10-14T02:33:58.639+0000] {processor.py:925} INFO - DAG(s) 'example_external_task_marker_child', 'example_external_task_marker_parent' retrieved from /home/airflow/.local/lib/python3.12/site-packages/airflow/example_dags/example_external_task_marker_dag.py
[2024-10-14T02:33:58.684+0000] {logging_mixin.py:190} INFO - [2024-10-14T02:33:58.684+0000] {dag.py:3239} INFO - Sync 2 DAGs
[2024-10-14T02:33:58.706+0000] {logging_mixin.py:190} INFO - [2024-10-14T02:33:58.705+0000] {dag.py:4180} INFO - Setting next_dagrun for example_external_task_marker_child to None, run_after=None
[2024-10-14T02:33:58.712+0000] {logging_mixin.py:190} INFO - [2024-10-14T02:33:58.712+0000] {dag.py:4180} INFO - Setting next_dagrun for example_external_task_marker_parent to None, run_after=None
[2024-10-14T02:33:58.736+0000] {processor.py:208} INFO - Processing /home/airflow/.local/lib/python3.12/site-packages/airflow/example_dags/example_external_task_marker_dag.py took 0.127 seconds
[2024-10-14T02:34:31.682+0000] {processor.py:186} INFO - Started process (PID=985) to work on /home/airflow/.local/lib/python3.12/site-packages/airflow/example_dags/example_external_task_marker_dag.py
[2024-10-14T02:34:31.683+0000] {processor.py:914} INFO - Processing file /home/airflow/.local/lib/python3.12/site-packages/airflow/example_dags/example_external_task_marker_dag.py for tasks to queue
[2024-10-14T02:34:31.686+0000] {logging_mixin.py:190} INFO - [2024-10-14T02:34:31.686+0000] {dagbag.py:588} INFO - Filling up the DagBag from /home/airflow/.local/lib/python3.12/site-packages/airflow/example_dags/example_external_task_marker_dag.py
[2024-10-14T02:34:31.695+0000] {processor.py:925} INFO - DAG(s) 'example_external_task_marker_child', 'example_external_task_marker_parent' retrieved from /home/airflow/.local/lib/python3.12/site-packages/airflow/example_dags/example_external_task_marker_dag.py
[2024-10-14T02:34:31.722+0000] {logging_mixin.py:190} INFO - [2024-10-14T02:34:31.722+0000] {dag.py:3239} INFO - Sync 2 DAGs
[2024-10-14T02:34:31.745+0000] {logging_mixin.py:190} INFO - [2024-10-14T02:34:31.744+0000] {dag.py:4180} INFO - Setting next_dagrun for example_external_task_marker_child to None, run_after=None
[2024-10-14T02:34:31.751+0000] {logging_mixin.py:190} INFO - [2024-10-14T02:34:31.750+0000] {dag.py:4180} INFO - Setting next_dagrun for example_external_task_marker_parent to None, run_after=None
[2024-10-14T02:34:31.769+0000] {processor.py:208} INFO - Processing /home/airflow/.local/lib/python3.12/site-packages/airflow/example_dags/example_external_task_marker_dag.py took 0.096 seconds
[2024-10-14T02:35:04.989+0000] {processor.py:186} INFO - Started process (PID=1048) to work on /home/airflow/.local/lib/python3.12/site-packages/airflow/example_dags/example_external_task_marker_dag.py
[2024-10-14T02:35:04.991+0000] {processor.py:914} INFO - Processing file /home/airflow/.local/lib/python3.12/site-packages/airflow/example_dags/example_external_task_marker_dag.py for tasks to queue
[2024-10-14T02:35:04.994+0000] {logging_mixin.py:190} INFO - [2024-10-14T02:35:04.994+0000] {dagbag.py:588} INFO - Filling up the DagBag from /home/airflow/.local/lib/python3.12/site-packages/airflow/example_dags/example_external_task_marker_dag.py
[2024-10-14T02:35:05.003+0000] {processor.py:925} INFO - DAG(s) 'example_external_task_marker_child', 'example_external_task_marker_parent' retrieved from /home/airflow/.local/lib/python3.12/site-packages/airflow/example_dags/example_external_task_marker_dag.py
[2024-10-14T02:35:05.034+0000] {logging_mixin.py:190} INFO - [2024-10-14T02:35:05.033+0000] {dag.py:3239} INFO - Sync 2 DAGs
[2024-10-14T02:35:05.051+0000] {logging_mixin.py:190} INFO - [2024-10-14T02:35:05.050+0000] {dag.py:4180} INFO - Setting next_dagrun for example_external_task_marker_child to None, run_after=None
[2024-10-14T02:35:05.056+0000] {logging_mixin.py:190} INFO - [2024-10-14T02:35:05.056+0000] {dag.py:4180} INFO - Setting next_dagrun for example_external_task_marker_parent to None, run_after=None
[2024-10-14T02:35:05.077+0000] {processor.py:208} INFO - Processing /home/airflow/.local/lib/python3.12/site-packages/airflow/example_dags/example_external_task_marker_dag.py took 0.097 seconds
[2024-10-14T02:35:37.764+0000] {processor.py:186} INFO - Started process (PID=1105) to work on /home/airflow/.local/lib/python3.12/site-packages/airflow/example_dags/example_external_task_marker_dag.py
[2024-10-14T02:35:37.765+0000] {processor.py:914} INFO - Processing file /home/airflow/.local/lib/python3.12/site-packages/airflow/example_dags/example_external_task_marker_dag.py for tasks to queue
[2024-10-14T02:35:37.768+0000] {logging_mixin.py:190} INFO - [2024-10-14T02:35:37.768+0000] {dagbag.py:588} INFO - Filling up the DagBag from /home/airflow/.local/lib/python3.12/site-packages/airflow/example_dags/example_external_task_marker_dag.py
[2024-10-14T02:35:37.790+0000] {processor.py:925} INFO - DAG(s) 'example_external_task_marker_parent', 'example_external_task_marker_child' retrieved from /home/airflow/.local/lib/python3.12/site-packages/airflow/example_dags/example_external_task_marker_dag.py
[2024-10-14T02:35:37.871+0000] {logging_mixin.py:190} INFO - [2024-10-14T02:35:37.870+0000] {dag.py:3239} INFO - Sync 2 DAGs
[2024-10-14T02:35:37.900+0000] {logging_mixin.py:190} INFO - [2024-10-14T02:35:37.900+0000] {dag.py:4180} INFO - Setting next_dagrun for example_external_task_marker_child to None, run_after=None
[2024-10-14T02:35:37.907+0000] {logging_mixin.py:190} INFO - [2024-10-14T02:35:37.907+0000] {dag.py:4180} INFO - Setting next_dagrun for example_external_task_marker_parent to None, run_after=None
[2024-10-14T02:35:37.932+0000] {processor.py:208} INFO - Processing /home/airflow/.local/lib/python3.12/site-packages/airflow/example_dags/example_external_task_marker_dag.py took 0.175 seconds
[2024-10-14T02:36:11.721+0000] {processor.py:186} INFO - Started process (PID=1174) to work on /home/airflow/.local/lib/python3.12/site-packages/airflow/example_dags/example_external_task_marker_dag.py
[2024-10-14T02:36:11.722+0000] {processor.py:914} INFO - Processing file /home/airflow/.local/lib/python3.12/site-packages/airflow/example_dags/example_external_task_marker_dag.py for tasks to queue
[2024-10-14T02:36:11.726+0000] {logging_mixin.py:190} INFO - [2024-10-14T02:36:11.726+0000] {dagbag.py:588} INFO - Filling up the DagBag from /home/airflow/.local/lib/python3.12/site-packages/airflow/example_dags/example_external_task_marker_dag.py
[2024-10-14T02:36:11.735+0000] {processor.py:925} INFO - DAG(s) 'example_external_task_marker_child', 'example_external_task_marker_parent' retrieved from /home/airflow/.local/lib/python3.12/site-packages/airflow/example_dags/example_external_task_marker_dag.py
[2024-10-14T02:36:11.767+0000] {logging_mixin.py:190} INFO - [2024-10-14T02:36:11.766+0000] {dag.py:3239} INFO - Sync 2 DAGs
[2024-10-14T02:36:11.787+0000] {logging_mixin.py:190} INFO - [2024-10-14T02:36:11.787+0000] {dag.py:4180} INFO - Setting next_dagrun for example_external_task_marker_child to None, run_after=None
[2024-10-14T02:36:11.792+0000] {logging_mixin.py:190} INFO - [2024-10-14T02:36:11.792+0000] {dag.py:4180} INFO - Setting next_dagrun for example_external_task_marker_parent to None, run_after=None
[2024-10-14T02:36:11.814+0000] {processor.py:208} INFO - Processing /home/airflow/.local/lib/python3.12/site-packages/airflow/example_dags/example_external_task_marker_dag.py took 0.101 seconds
[2024-10-14T02:37:49.657+0000] {processor.py:186} INFO - Started process (PID=101) to work on /home/airflow/.local/lib/python3.12/site-packages/airflow/example_dags/example_external_task_marker_dag.py
[2024-10-14T02:37:49.658+0000] {processor.py:914} INFO - Processing file /home/airflow/.local/lib/python3.12/site-packages/airflow/example_dags/example_external_task_marker_dag.py for tasks to queue
[2024-10-14T02:37:49.661+0000] {logging_mixin.py:190} INFO - [2024-10-14T02:37:49.660+0000] {dagbag.py:588} INFO - Filling up the DagBag from /home/airflow/.local/lib/python3.12/site-packages/airflow/example_dags/example_external_task_marker_dag.py
[2024-10-14T02:37:49.669+0000] {processor.py:925} INFO - DAG(s) 'example_external_task_marker_child', 'example_external_task_marker_parent' retrieved from /home/airflow/.local/lib/python3.12/site-packages/airflow/example_dags/example_external_task_marker_dag.py
[2024-10-14T02:37:49.696+0000] {logging_mixin.py:190} INFO - [2024-10-14T02:37:49.696+0000] {dag.py:3239} INFO - Sync 2 DAGs
[2024-10-14T02:37:49.714+0000] {logging_mixin.py:190} INFO - [2024-10-14T02:37:49.714+0000] {dag.py:4180} INFO - Setting next_dagrun for example_external_task_marker_child to None, run_after=None
[2024-10-14T02:37:49.719+0000] {logging_mixin.py:190} INFO - [2024-10-14T02:37:49.718+0000] {dag.py:4180} INFO - Setting next_dagrun for example_external_task_marker_parent to None, run_after=None
[2024-10-14T02:37:49.738+0000] {processor.py:208} INFO - Processing /home/airflow/.local/lib/python3.12/site-packages/airflow/example_dags/example_external_task_marker_dag.py took 0.086 seconds
[2024-10-14T02:38:22.446+0000] {processor.py:186} INFO - Started process (PID=165) to work on /home/airflow/.local/lib/python3.12/site-packages/airflow/example_dags/example_external_task_marker_dag.py
[2024-10-14T02:38:22.447+0000] {processor.py:914} INFO - Processing file /home/airflow/.local/lib/python3.12/site-packages/airflow/example_dags/example_external_task_marker_dag.py for tasks to queue
[2024-10-14T02:38:22.449+0000] {logging_mixin.py:190} INFO - [2024-10-14T02:38:22.449+0000] {dagbag.py:588} INFO - Filling up the DagBag from /home/airflow/.local/lib/python3.12/site-packages/airflow/example_dags/example_external_task_marker_dag.py
[2024-10-14T02:38:22.456+0000] {processor.py:925} INFO - DAG(s) 'example_external_task_marker_parent', 'example_external_task_marker_child' retrieved from /home/airflow/.local/lib/python3.12/site-packages/airflow/example_dags/example_external_task_marker_dag.py
[2024-10-14T02:38:22.478+0000] {logging_mixin.py:190} INFO - [2024-10-14T02:38:22.478+0000] {dag.py:3239} INFO - Sync 2 DAGs
[2024-10-14T02:38:22.493+0000] {logging_mixin.py:190} INFO - [2024-10-14T02:38:22.492+0000] {dag.py:4180} INFO - Setting next_dagrun for example_external_task_marker_child to None, run_after=None
[2024-10-14T02:38:22.497+0000] {logging_mixin.py:190} INFO - [2024-10-14T02:38:22.497+0000] {dag.py:4180} INFO - Setting next_dagrun for example_external_task_marker_parent to None, run_after=None
[2024-10-14T02:38:22.514+0000] {processor.py:208} INFO - Processing /home/airflow/.local/lib/python3.12/site-packages/airflow/example_dags/example_external_task_marker_dag.py took 0.073 seconds
[2024-10-14T02:38:57.540+0000] {processor.py:186} INFO - Started process (PID=230) to work on /home/airflow/.local/lib/python3.12/site-packages/airflow/example_dags/example_external_task_marker_dag.py
[2024-10-14T02:38:57.541+0000] {processor.py:914} INFO - Processing file /home/airflow/.local/lib/python3.12/site-packages/airflow/example_dags/example_external_task_marker_dag.py for tasks to queue
[2024-10-14T02:38:57.545+0000] {logging_mixin.py:190} INFO - [2024-10-14T02:38:57.544+0000] {dagbag.py:588} INFO - Filling up the DagBag from /home/airflow/.local/lib/python3.12/site-packages/airflow/example_dags/example_external_task_marker_dag.py
[2024-10-14T02:38:57.558+0000] {processor.py:925} INFO - DAG(s) 'example_external_task_marker_child', 'example_external_task_marker_parent' retrieved from /home/airflow/.local/lib/python3.12/site-packages/airflow/example_dags/example_external_task_marker_dag.py
[2024-10-14T02:38:57.590+0000] {logging_mixin.py:190} INFO - [2024-10-14T02:38:57.590+0000] {dag.py:3239} INFO - Sync 2 DAGs
[2024-10-14T02:38:57.627+0000] {logging_mixin.py:190} INFO - [2024-10-14T02:38:57.626+0000] {dag.py:4180} INFO - Setting next_dagrun for example_external_task_marker_child to None, run_after=None
[2024-10-14T02:38:57.643+0000] {logging_mixin.py:190} INFO - [2024-10-14T02:38:57.643+0000] {dag.py:4180} INFO - Setting next_dagrun for example_external_task_marker_parent to None, run_after=None
[2024-10-14T02:38:57.665+0000] {processor.py:208} INFO - Processing /home/airflow/.local/lib/python3.12/site-packages/airflow/example_dags/example_external_task_marker_dag.py took 0.140 seconds
[2024-10-14T02:39:29.108+0000] {processor.py:186} INFO - Started process (PID=294) to work on /home/airflow/.local/lib/python3.12/site-packages/airflow/example_dags/example_external_task_marker_dag.py
[2024-10-14T02:39:29.109+0000] {processor.py:914} INFO - Processing file /home/airflow/.local/lib/python3.12/site-packages/airflow/example_dags/example_external_task_marker_dag.py for tasks to queue
[2024-10-14T02:39:29.111+0000] {logging_mixin.py:190} INFO - [2024-10-14T02:39:29.111+0000] {dagbag.py:588} INFO - Filling up the DagBag from /home/airflow/.local/lib/python3.12/site-packages/airflow/example_dags/example_external_task_marker_dag.py
[2024-10-14T02:39:29.120+0000] {processor.py:925} INFO - DAG(s) 'example_external_task_marker_child', 'example_external_task_marker_parent' retrieved from /home/airflow/.local/lib/python3.12/site-packages/airflow/example_dags/example_external_task_marker_dag.py
[2024-10-14T02:39:29.147+0000] {logging_mixin.py:190} INFO - [2024-10-14T02:39:29.147+0000] {dag.py:3239} INFO - Sync 2 DAGs
[2024-10-14T02:39:29.164+0000] {logging_mixin.py:190} INFO - [2024-10-14T02:39:29.164+0000] {dag.py:4180} INFO - Setting next_dagrun for example_external_task_marker_child to None, run_after=None
[2024-10-14T02:39:29.168+0000] {logging_mixin.py:190} INFO - [2024-10-14T02:39:29.168+0000] {dag.py:4180} INFO - Setting next_dagrun for example_external_task_marker_parent to None, run_after=None
[2024-10-14T02:39:29.188+0000] {processor.py:208} INFO - Processing /home/airflow/.local/lib/python3.12/site-packages/airflow/example_dags/example_external_task_marker_dag.py took 0.085 seconds
[2024-10-14T02:40:02.589+0000] {processor.py:186} INFO - Started process (PID=358) to work on /home/airflow/.local/lib/python3.12/site-packages/airflow/example_dags/example_external_task_marker_dag.py
[2024-10-14T02:40:02.590+0000] {processor.py:914} INFO - Processing file /home/airflow/.local/lib/python3.12/site-packages/airflow/example_dags/example_external_task_marker_dag.py for tasks to queue
[2024-10-14T02:40:02.592+0000] {logging_mixin.py:190} INFO - [2024-10-14T02:40:02.592+0000] {dagbag.py:588} INFO - Filling up the DagBag from /home/airflow/.local/lib/python3.12/site-packages/airflow/example_dags/example_external_task_marker_dag.py
[2024-10-14T02:40:02.605+0000] {processor.py:925} INFO - DAG(s) 'example_external_task_marker_child', 'example_external_task_marker_parent' retrieved from /home/airflow/.local/lib/python3.12/site-packages/airflow/example_dags/example_external_task_marker_dag.py
[2024-10-14T02:40:02.631+0000] {logging_mixin.py:190} INFO - [2024-10-14T02:40:02.631+0000] {dag.py:3239} INFO - Sync 2 DAGs
[2024-10-14T02:40:02.645+0000] {logging_mixin.py:190} INFO - [2024-10-14T02:40:02.645+0000] {dag.py:4180} INFO - Setting next_dagrun for example_external_task_marker_child to None, run_after=None
[2024-10-14T02:40:02.650+0000] {logging_mixin.py:190} INFO - [2024-10-14T02:40:02.649+0000] {dag.py:4180} INFO - Setting next_dagrun for example_external_task_marker_parent to None, run_after=None
[2024-10-14T02:40:02.670+0000] {processor.py:208} INFO - Processing /home/airflow/.local/lib/python3.12/site-packages/airflow/example_dags/example_external_task_marker_dag.py took 0.087 seconds
[2024-10-14T02:40:35.171+0000] {processor.py:186} INFO - Started process (PID=422) to work on /home/airflow/.local/lib/python3.12/site-packages/airflow/example_dags/example_external_task_marker_dag.py
[2024-10-14T02:40:35.172+0000] {processor.py:914} INFO - Processing file /home/airflow/.local/lib/python3.12/site-packages/airflow/example_dags/example_external_task_marker_dag.py for tasks to queue
[2024-10-14T02:40:35.174+0000] {logging_mixin.py:190} INFO - [2024-10-14T02:40:35.174+0000] {dagbag.py:588} INFO - Filling up the DagBag from /home/airflow/.local/lib/python3.12/site-packages/airflow/example_dags/example_external_task_marker_dag.py
[2024-10-14T02:40:35.182+0000] {processor.py:925} INFO - DAG(s) 'example_external_task_marker_parent', 'example_external_task_marker_child' retrieved from /home/airflow/.local/lib/python3.12/site-packages/airflow/example_dags/example_external_task_marker_dag.py
[2024-10-14T02:40:35.201+0000] {logging_mixin.py:190} INFO - [2024-10-14T02:40:35.201+0000] {dag.py:3239} INFO - Sync 2 DAGs
[2024-10-14T02:40:35.215+0000] {logging_mixin.py:190} INFO - [2024-10-14T02:40:35.214+0000] {dag.py:4180} INFO - Setting next_dagrun for example_external_task_marker_child to None, run_after=None
[2024-10-14T02:40:35.218+0000] {logging_mixin.py:190} INFO - [2024-10-14T02:40:35.218+0000] {dag.py:4180} INFO - Setting next_dagrun for example_external_task_marker_parent to None, run_after=None
[2024-10-14T02:40:35.233+0000] {processor.py:208} INFO - Processing /home/airflow/.local/lib/python3.12/site-packages/airflow/example_dags/example_external_task_marker_dag.py took 0.068 seconds
[2024-10-14T02:41:07.367+0000] {processor.py:186} INFO - Started process (PID=486) to work on /home/airflow/.local/lib/python3.12/site-packages/airflow/example_dags/example_external_task_marker_dag.py
[2024-10-14T02:41:07.369+0000] {processor.py:914} INFO - Processing file /home/airflow/.local/lib/python3.12/site-packages/airflow/example_dags/example_external_task_marker_dag.py for tasks to queue
[2024-10-14T02:41:07.371+0000] {logging_mixin.py:190} INFO - [2024-10-14T02:41:07.371+0000] {dagbag.py:588} INFO - Filling up the DagBag from /home/airflow/.local/lib/python3.12/site-packages/airflow/example_dags/example_external_task_marker_dag.py
[2024-10-14T02:41:07.379+0000] {processor.py:925} INFO - DAG(s) 'example_external_task_marker_child', 'example_external_task_marker_parent' retrieved from /home/airflow/.local/lib/python3.12/site-packages/airflow/example_dags/example_external_task_marker_dag.py
[2024-10-14T02:41:07.408+0000] {logging_mixin.py:190} INFO - [2024-10-14T02:41:07.408+0000] {dag.py:3239} INFO - Sync 2 DAGs
[2024-10-14T02:41:07.425+0000] {logging_mixin.py:190} INFO - [2024-10-14T02:41:07.424+0000] {dag.py:4180} INFO - Setting next_dagrun for example_external_task_marker_child to None, run_after=None
[2024-10-14T02:41:07.431+0000] {logging_mixin.py:190} INFO - [2024-10-14T02:41:07.430+0000] {dag.py:4180} INFO - Setting next_dagrun for example_external_task_marker_parent to None, run_after=None
[2024-10-14T02:41:07.449+0000] {processor.py:208} INFO - Processing /home/airflow/.local/lib/python3.12/site-packages/airflow/example_dags/example_external_task_marker_dag.py took 0.090 seconds
[2024-10-14T02:41:40.534+0000] {processor.py:186} INFO - Started process (PID=550) to work on /home/airflow/.local/lib/python3.12/site-packages/airflow/example_dags/example_external_task_marker_dag.py
[2024-10-14T02:41:40.535+0000] {processor.py:914} INFO - Processing file /home/airflow/.local/lib/python3.12/site-packages/airflow/example_dags/example_external_task_marker_dag.py for tasks to queue
[2024-10-14T02:41:40.538+0000] {logging_mixin.py:190} INFO - [2024-10-14T02:41:40.537+0000] {dagbag.py:588} INFO - Filling up the DagBag from /home/airflow/.local/lib/python3.12/site-packages/airflow/example_dags/example_external_task_marker_dag.py
[2024-10-14T02:41:40.546+0000] {processor.py:925} INFO - DAG(s) 'example_external_task_marker_parent', 'example_external_task_marker_child' retrieved from /home/airflow/.local/lib/python3.12/site-packages/airflow/example_dags/example_external_task_marker_dag.py
[2024-10-14T02:41:40.569+0000] {logging_mixin.py:190} INFO - [2024-10-14T02:41:40.568+0000] {dag.py:3239} INFO - Sync 2 DAGs
[2024-10-14T02:41:40.588+0000] {logging_mixin.py:190} INFO - [2024-10-14T02:41:40.587+0000] {dag.py:4180} INFO - Setting next_dagrun for example_external_task_marker_child to None, run_after=None
[2024-10-14T02:41:40.597+0000] {logging_mixin.py:190} INFO - [2024-10-14T02:41:40.596+0000] {dag.py:4180} INFO - Setting next_dagrun for example_external_task_marker_parent to None, run_after=None
[2024-10-14T02:41:40.618+0000] {processor.py:208} INFO - Processing /home/airflow/.local/lib/python3.12/site-packages/airflow/example_dags/example_external_task_marker_dag.py took 0.091 seconds
[2024-10-14T02:42:14.055+0000] {processor.py:186} INFO - Started process (PID=614) to work on /home/airflow/.local/lib/python3.12/site-packages/airflow/example_dags/example_external_task_marker_dag.py
[2024-10-14T02:42:14.056+0000] {processor.py:914} INFO - Processing file /home/airflow/.local/lib/python3.12/site-packages/airflow/example_dags/example_external_task_marker_dag.py for tasks to queue
[2024-10-14T02:42:14.059+0000] {logging_mixin.py:190} INFO - [2024-10-14T02:42:14.058+0000] {dagbag.py:588} INFO - Filling up the DagBag from /home/airflow/.local/lib/python3.12/site-packages/airflow/example_dags/example_external_task_marker_dag.py
[2024-10-14T02:42:14.068+0000] {processor.py:925} INFO - DAG(s) 'example_external_task_marker_child', 'example_external_task_marker_parent' retrieved from /home/airflow/.local/lib/python3.12/site-packages/airflow/example_dags/example_external_task_marker_dag.py
[2024-10-14T02:42:14.089+0000] {logging_mixin.py:190} INFO - [2024-10-14T02:42:14.089+0000] {dag.py:3239} INFO - Sync 2 DAGs
[2024-10-14T02:42:14.107+0000] {logging_mixin.py:190} INFO - [2024-10-14T02:42:14.106+0000] {dag.py:4180} INFO - Setting next_dagrun for example_external_task_marker_child to None, run_after=None
[2024-10-14T02:42:14.113+0000] {logging_mixin.py:190} INFO - [2024-10-14T02:42:14.113+0000] {dag.py:4180} INFO - Setting next_dagrun for example_external_task_marker_parent to None, run_after=None
[2024-10-14T02:42:14.131+0000] {processor.py:208} INFO - Processing /home/airflow/.local/lib/python3.12/site-packages/airflow/example_dags/example_external_task_marker_dag.py took 0.081 seconds
[2024-10-14T02:42:47.146+0000] {processor.py:186} INFO - Started process (PID=678) to work on /home/airflow/.local/lib/python3.12/site-packages/airflow/example_dags/example_external_task_marker_dag.py
[2024-10-14T02:42:47.147+0000] {processor.py:914} INFO - Processing file /home/airflow/.local/lib/python3.12/site-packages/airflow/example_dags/example_external_task_marker_dag.py for tasks to queue
[2024-10-14T02:42:47.150+0000] {logging_mixin.py:190} INFO - [2024-10-14T02:42:47.149+0000] {dagbag.py:588} INFO - Filling up the DagBag from /home/airflow/.local/lib/python3.12/site-packages/airflow/example_dags/example_external_task_marker_dag.py
[2024-10-14T02:42:47.157+0000] {processor.py:925} INFO - DAG(s) 'example_external_task_marker_child', 'example_external_task_marker_parent' retrieved from /home/airflow/.local/lib/python3.12/site-packages/airflow/example_dags/example_external_task_marker_dag.py
[2024-10-14T02:42:47.181+0000] {logging_mixin.py:190} INFO - [2024-10-14T02:42:47.180+0000] {dag.py:3239} INFO - Sync 2 DAGs
[2024-10-14T02:42:47.196+0000] {logging_mixin.py:190} INFO - [2024-10-14T02:42:47.196+0000] {dag.py:4180} INFO - Setting next_dagrun for example_external_task_marker_child to None, run_after=None
[2024-10-14T02:42:47.201+0000] {logging_mixin.py:190} INFO - [2024-10-14T02:42:47.201+0000] {dag.py:4180} INFO - Setting next_dagrun for example_external_task_marker_parent to None, run_after=None
[2024-10-14T02:42:47.218+0000] {processor.py:208} INFO - Processing /home/airflow/.local/lib/python3.12/site-packages/airflow/example_dags/example_external_task_marker_dag.py took 0.077 seconds
[2024-10-14T02:43:20.307+0000] {processor.py:186} INFO - Started process (PID=742) to work on /home/airflow/.local/lib/python3.12/site-packages/airflow/example_dags/example_external_task_marker_dag.py
[2024-10-14T02:43:20.308+0000] {processor.py:914} INFO - Processing file /home/airflow/.local/lib/python3.12/site-packages/airflow/example_dags/example_external_task_marker_dag.py for tasks to queue
[2024-10-14T02:43:20.310+0000] {logging_mixin.py:190} INFO - [2024-10-14T02:43:20.310+0000] {dagbag.py:588} INFO - Filling up the DagBag from /home/airflow/.local/lib/python3.12/site-packages/airflow/example_dags/example_external_task_marker_dag.py
[2024-10-14T02:43:20.319+0000] {processor.py:925} INFO - DAG(s) 'example_external_task_marker_child', 'example_external_task_marker_parent' retrieved from /home/airflow/.local/lib/python3.12/site-packages/airflow/example_dags/example_external_task_marker_dag.py
[2024-10-14T02:43:20.346+0000] {logging_mixin.py:190} INFO - [2024-10-14T02:43:20.345+0000] {dag.py:3239} INFO - Sync 2 DAGs
[2024-10-14T02:43:20.364+0000] {logging_mixin.py:190} INFO - [2024-10-14T02:43:20.364+0000] {dag.py:4180} INFO - Setting next_dagrun for example_external_task_marker_child to None, run_after=None
[2024-10-14T02:43:20.368+0000] {logging_mixin.py:190} INFO - [2024-10-14T02:43:20.368+0000] {dag.py:4180} INFO - Setting next_dagrun for example_external_task_marker_parent to None, run_after=None
[2024-10-14T02:43:20.387+0000] {processor.py:208} INFO - Processing /home/airflow/.local/lib/python3.12/site-packages/airflow/example_dags/example_external_task_marker_dag.py took 0.086 seconds
[2024-10-14T02:43:53.120+0000] {processor.py:186} INFO - Started process (PID=808) to work on /home/airflow/.local/lib/python3.12/site-packages/airflow/example_dags/example_external_task_marker_dag.py
[2024-10-14T02:43:53.121+0000] {processor.py:914} INFO - Processing file /home/airflow/.local/lib/python3.12/site-packages/airflow/example_dags/example_external_task_marker_dag.py for tasks to queue
[2024-10-14T02:43:53.125+0000] {logging_mixin.py:190} INFO - [2024-10-14T02:43:53.124+0000] {dagbag.py:588} INFO - Filling up the DagBag from /home/airflow/.local/lib/python3.12/site-packages/airflow/example_dags/example_external_task_marker_dag.py
[2024-10-14T02:43:53.134+0000] {processor.py:925} INFO - DAG(s) 'example_external_task_marker_parent', 'example_external_task_marker_child' retrieved from /home/airflow/.local/lib/python3.12/site-packages/airflow/example_dags/example_external_task_marker_dag.py
[2024-10-14T02:43:53.189+0000] {logging_mixin.py:190} INFO - [2024-10-14T02:43:53.188+0000] {dag.py:3239} INFO - Sync 2 DAGs
[2024-10-14T02:43:53.232+0000] {logging_mixin.py:190} INFO - [2024-10-14T02:43:53.231+0000] {dag.py:4180} INFO - Setting next_dagrun for example_external_task_marker_child to None, run_after=None
[2024-10-14T02:43:53.245+0000] {logging_mixin.py:190} INFO - [2024-10-14T02:43:53.245+0000] {dag.py:4180} INFO - Setting next_dagrun for example_external_task_marker_parent to None, run_after=None
[2024-10-14T02:43:53.296+0000] {processor.py:208} INFO - Processing /home/airflow/.local/lib/python3.12/site-packages/airflow/example_dags/example_external_task_marker_dag.py took 0.183 seconds
[2024-10-14T02:44:27.800+0000] {processor.py:186} INFO - Started process (PID=876) to work on /home/airflow/.local/lib/python3.12/site-packages/airflow/example_dags/example_external_task_marker_dag.py
[2024-10-14T02:44:27.802+0000] {processor.py:914} INFO - Processing file /home/airflow/.local/lib/python3.12/site-packages/airflow/example_dags/example_external_task_marker_dag.py for tasks to queue
[2024-10-14T02:44:27.806+0000] {logging_mixin.py:190} INFO - [2024-10-14T02:44:27.806+0000] {dagbag.py:588} INFO - Filling up the DagBag from /home/airflow/.local/lib/python3.12/site-packages/airflow/example_dags/example_external_task_marker_dag.py
[2024-10-14T02:44:27.814+0000] {processor.py:925} INFO - DAG(s) 'example_external_task_marker_parent', 'example_external_task_marker_child' retrieved from /home/airflow/.local/lib/python3.12/site-packages/airflow/example_dags/example_external_task_marker_dag.py
[2024-10-14T02:44:27.843+0000] {logging_mixin.py:190} INFO - [2024-10-14T02:44:27.843+0000] {dag.py:3239} INFO - Sync 2 DAGs
[2024-10-14T02:44:27.860+0000] {logging_mixin.py:190} INFO - [2024-10-14T02:44:27.860+0000] {dag.py:4180} INFO - Setting next_dagrun for example_external_task_marker_child to None, run_after=None
[2024-10-14T02:44:27.867+0000] {logging_mixin.py:190} INFO - [2024-10-14T02:44:27.867+0000] {dag.py:4180} INFO - Setting next_dagrun for example_external_task_marker_parent to None, run_after=None
[2024-10-14T02:44:27.887+0000] {processor.py:208} INFO - Processing /home/airflow/.local/lib/python3.12/site-packages/airflow/example_dags/example_external_task_marker_dag.py took 0.093 seconds
[2024-10-14T02:45:00.595+0000] {processor.py:186} INFO - Started process (PID=943) to work on /home/airflow/.local/lib/python3.12/site-packages/airflow/example_dags/example_external_task_marker_dag.py
[2024-10-14T02:45:00.596+0000] {processor.py:914} INFO - Processing file /home/airflow/.local/lib/python3.12/site-packages/airflow/example_dags/example_external_task_marker_dag.py for tasks to queue
[2024-10-14T02:45:00.598+0000] {logging_mixin.py:190} INFO - [2024-10-14T02:45:00.598+0000] {dagbag.py:588} INFO - Filling up the DagBag from /home/airflow/.local/lib/python3.12/site-packages/airflow/example_dags/example_external_task_marker_dag.py
[2024-10-14T02:45:00.605+0000] {processor.py:925} INFO - DAG(s) 'example_external_task_marker_parent', 'example_external_task_marker_child' retrieved from /home/airflow/.local/lib/python3.12/site-packages/airflow/example_dags/example_external_task_marker_dag.py
[2024-10-14T02:45:00.629+0000] {logging_mixin.py:190} INFO - [2024-10-14T02:45:00.628+0000] {dag.py:3239} INFO - Sync 2 DAGs
[2024-10-14T02:45:00.643+0000] {logging_mixin.py:190} INFO - [2024-10-14T02:45:00.643+0000] {dag.py:4180} INFO - Setting next_dagrun for example_external_task_marker_child to None, run_after=None
[2024-10-14T02:45:00.647+0000] {logging_mixin.py:190} INFO - [2024-10-14T02:45:00.647+0000] {dag.py:4180} INFO - Setting next_dagrun for example_external_task_marker_parent to None, run_after=None
[2024-10-14T02:45:00.668+0000] {processor.py:208} INFO - Processing /home/airflow/.local/lib/python3.12/site-packages/airflow/example_dags/example_external_task_marker_dag.py took 0.078 seconds
[2024-10-14T02:45:32.933+0000] {processor.py:186} INFO - Started process (PID=1006) to work on /home/airflow/.local/lib/python3.12/site-packages/airflow/example_dags/example_external_task_marker_dag.py
[2024-10-14T02:45:32.936+0000] {processor.py:914} INFO - Processing file /home/airflow/.local/lib/python3.12/site-packages/airflow/example_dags/example_external_task_marker_dag.py for tasks to queue
[2024-10-14T02:45:32.938+0000] {logging_mixin.py:190} INFO - [2024-10-14T02:45:32.938+0000] {dagbag.py:588} INFO - Filling up the DagBag from /home/airflow/.local/lib/python3.12/site-packages/airflow/example_dags/example_external_task_marker_dag.py
[2024-10-14T02:45:32.946+0000] {processor.py:925} INFO - DAG(s) 'example_external_task_marker_child', 'example_external_task_marker_parent' retrieved from /home/airflow/.local/lib/python3.12/site-packages/airflow/example_dags/example_external_task_marker_dag.py
[2024-10-14T02:45:32.972+0000] {logging_mixin.py:190} INFO - [2024-10-14T02:45:32.972+0000] {dag.py:3239} INFO - Sync 2 DAGs
[2024-10-14T02:45:32.987+0000] {logging_mixin.py:190} INFO - [2024-10-14T02:45:32.987+0000] {dag.py:4180} INFO - Setting next_dagrun for example_external_task_marker_child to None, run_after=None
[2024-10-14T02:45:32.991+0000] {logging_mixin.py:190} INFO - [2024-10-14T02:45:32.991+0000] {dag.py:4180} INFO - Setting next_dagrun for example_external_task_marker_parent to None, run_after=None
[2024-10-14T02:45:33.010+0000] {processor.py:208} INFO - Processing /home/airflow/.local/lib/python3.12/site-packages/airflow/example_dags/example_external_task_marker_dag.py took 0.083 seconds
[2024-10-14T02:46:06.756+0000] {processor.py:186} INFO - Started process (PID=1071) to work on /home/airflow/.local/lib/python3.12/site-packages/airflow/example_dags/example_external_task_marker_dag.py
[2024-10-14T02:46:06.757+0000] {processor.py:914} INFO - Processing file /home/airflow/.local/lib/python3.12/site-packages/airflow/example_dags/example_external_task_marker_dag.py for tasks to queue
[2024-10-14T02:46:06.760+0000] {logging_mixin.py:190} INFO - [2024-10-14T02:46:06.760+0000] {dagbag.py:588} INFO - Filling up the DagBag from /home/airflow/.local/lib/python3.12/site-packages/airflow/example_dags/example_external_task_marker_dag.py
[2024-10-14T02:46:06.775+0000] {processor.py:925} INFO - DAG(s) 'example_external_task_marker_child', 'example_external_task_marker_parent' retrieved from /home/airflow/.local/lib/python3.12/site-packages/airflow/example_dags/example_external_task_marker_dag.py
[2024-10-14T02:46:06.822+0000] {logging_mixin.py:190} INFO - [2024-10-14T02:46:06.822+0000] {dag.py:3239} INFO - Sync 2 DAGs
[2024-10-14T02:46:06.834+0000] {logging_mixin.py:190} INFO - [2024-10-14T02:46:06.834+0000] {dag.py:4180} INFO - Setting next_dagrun for example_external_task_marker_child to None, run_after=None
[2024-10-14T02:46:06.838+0000] {logging_mixin.py:190} INFO - [2024-10-14T02:46:06.838+0000] {dag.py:4180} INFO - Setting next_dagrun for example_external_task_marker_parent to None, run_after=None
[2024-10-14T02:46:06.855+0000] {processor.py:208} INFO - Processing /home/airflow/.local/lib/python3.12/site-packages/airflow/example_dags/example_external_task_marker_dag.py took 0.106 seconds
[2024-10-14T02:46:39.279+0000] {processor.py:186} INFO - Started process (PID=1135) to work on /home/airflow/.local/lib/python3.12/site-packages/airflow/example_dags/example_external_task_marker_dag.py
[2024-10-14T02:46:39.280+0000] {processor.py:914} INFO - Processing file /home/airflow/.local/lib/python3.12/site-packages/airflow/example_dags/example_external_task_marker_dag.py for tasks to queue
[2024-10-14T02:46:39.283+0000] {logging_mixin.py:190} INFO - [2024-10-14T02:46:39.282+0000] {dagbag.py:588} INFO - Filling up the DagBag from /home/airflow/.local/lib/python3.12/site-packages/airflow/example_dags/example_external_task_marker_dag.py
[2024-10-14T02:46:39.291+0000] {processor.py:925} INFO - DAG(s) 'example_external_task_marker_parent', 'example_external_task_marker_child' retrieved from /home/airflow/.local/lib/python3.12/site-packages/airflow/example_dags/example_external_task_marker_dag.py
[2024-10-14T02:46:39.314+0000] {logging_mixin.py:190} INFO - [2024-10-14T02:46:39.314+0000] {dag.py:3239} INFO - Sync 2 DAGs
[2024-10-14T02:46:39.332+0000] {logging_mixin.py:190} INFO - [2024-10-14T02:46:39.331+0000] {dag.py:4180} INFO - Setting next_dagrun for example_external_task_marker_child to None, run_after=None
[2024-10-14T02:46:39.338+0000] {logging_mixin.py:190} INFO - [2024-10-14T02:46:39.337+0000] {dag.py:4180} INFO - Setting next_dagrun for example_external_task_marker_parent to None, run_after=None
[2024-10-14T02:46:39.364+0000] {processor.py:208} INFO - Processing /home/airflow/.local/lib/python3.12/site-packages/airflow/example_dags/example_external_task_marker_dag.py took 0.092 seconds
[2024-10-14T02:47:12.736+0000] {processor.py:186} INFO - Started process (PID=1199) to work on /home/airflow/.local/lib/python3.12/site-packages/airflow/example_dags/example_external_task_marker_dag.py
[2024-10-14T02:47:12.738+0000] {processor.py:914} INFO - Processing file /home/airflow/.local/lib/python3.12/site-packages/airflow/example_dags/example_external_task_marker_dag.py for tasks to queue
[2024-10-14T02:47:12.740+0000] {logging_mixin.py:190} INFO - [2024-10-14T02:47:12.740+0000] {dagbag.py:588} INFO - Filling up the DagBag from /home/airflow/.local/lib/python3.12/site-packages/airflow/example_dags/example_external_task_marker_dag.py
[2024-10-14T02:47:12.747+0000] {processor.py:925} INFO - DAG(s) 'example_external_task_marker_parent', 'example_external_task_marker_child' retrieved from /home/airflow/.local/lib/python3.12/site-packages/airflow/example_dags/example_external_task_marker_dag.py
[2024-10-14T02:47:12.774+0000] {logging_mixin.py:190} INFO - [2024-10-14T02:47:12.774+0000] {dag.py:3239} INFO - Sync 2 DAGs
[2024-10-14T02:47:12.790+0000] {logging_mixin.py:190} INFO - [2024-10-14T02:47:12.789+0000] {dag.py:4180} INFO - Setting next_dagrun for example_external_task_marker_child to None, run_after=None
[2024-10-14T02:47:12.794+0000] {logging_mixin.py:190} INFO - [2024-10-14T02:47:12.793+0000] {dag.py:4180} INFO - Setting next_dagrun for example_external_task_marker_parent to None, run_after=None
[2024-10-14T02:47:12.812+0000] {processor.py:208} INFO - Processing /home/airflow/.local/lib/python3.12/site-packages/airflow/example_dags/example_external_task_marker_dag.py took 0.083 seconds
[2024-10-14T02:47:44.861+0000] {processor.py:186} INFO - Started process (PID=1257) to work on /home/airflow/.local/lib/python3.12/site-packages/airflow/example_dags/example_external_task_marker_dag.py
[2024-10-14T02:47:44.862+0000] {processor.py:914} INFO - Processing file /home/airflow/.local/lib/python3.12/site-packages/airflow/example_dags/example_external_task_marker_dag.py for tasks to queue
[2024-10-14T02:47:44.864+0000] {logging_mixin.py:190} INFO - [2024-10-14T02:47:44.864+0000] {dagbag.py:588} INFO - Filling up the DagBag from /home/airflow/.local/lib/python3.12/site-packages/airflow/example_dags/example_external_task_marker_dag.py
[2024-10-14T02:47:44.871+0000] {processor.py:925} INFO - DAG(s) 'example_external_task_marker_child', 'example_external_task_marker_parent' retrieved from /home/airflow/.local/lib/python3.12/site-packages/airflow/example_dags/example_external_task_marker_dag.py
[2024-10-14T02:47:44.894+0000] {logging_mixin.py:190} INFO - [2024-10-14T02:47:44.894+0000] {dag.py:3239} INFO - Sync 2 DAGs
[2024-10-14T02:47:44.909+0000] {logging_mixin.py:190} INFO - [2024-10-14T02:47:44.909+0000] {dag.py:4180} INFO - Setting next_dagrun for example_external_task_marker_child to None, run_after=None
[2024-10-14T02:47:44.913+0000] {logging_mixin.py:190} INFO - [2024-10-14T02:47:44.913+0000] {dag.py:4180} INFO - Setting next_dagrun for example_external_task_marker_parent to None, run_after=None
[2024-10-14T02:47:44.931+0000] {processor.py:208} INFO - Processing /home/airflow/.local/lib/python3.12/site-packages/airflow/example_dags/example_external_task_marker_dag.py took 0.076 seconds
