[2024-10-14T02:26:54.347+0000] {processor.py:186} INFO - Started process (PID=106) to work on /home/airflow/.local/lib/python3.12/site-packages/airflow/example_dags/example_setup_teardown.py
[2024-10-14T02:26:54.348+0000] {processor.py:914} INFO - Processing file /home/airflow/.local/lib/python3.12/site-packages/airflow/example_dags/example_setup_teardown.py for tasks to queue
[2024-10-14T02:26:54.351+0000] {logging_mixin.py:190} INFO - [2024-10-14T02:26:54.350+0000] {dagbag.py:588} INFO - Filling up the DagBag from /home/airflow/.local/lib/python3.12/site-packages/airflow/example_dags/example_setup_teardown.py
[2024-10-14T02:26:54.359+0000] {processor.py:925} INFO - DAG(s) 'example_setup_teardown' retrieved from /home/airflow/.local/lib/python3.12/site-packages/airflow/example_dags/example_setup_teardown.py
[2024-10-14T02:26:54.453+0000] {logging_mixin.py:190} INFO - [2024-10-14T02:26:54.452+0000] {override.py:1900} INFO - Created Permission View: can delete on DAG:example_setup_teardown
[2024-10-14T02:26:54.464+0000] {logging_mixin.py:190} INFO - [2024-10-14T02:26:54.463+0000] {override.py:1900} INFO - Created Permission View: can edit on DAG:example_setup_teardown
[2024-10-14T02:26:54.470+0000] {logging_mixin.py:190} INFO - [2024-10-14T02:26:54.470+0000] {override.py:1900} INFO - Created Permission View: can read on DAG:example_setup_teardown
[2024-10-14T02:26:54.479+0000] {logging_mixin.py:190} INFO - [2024-10-14T02:26:54.478+0000] {override.py:1900} INFO - Created Permission View: can delete on DAG Run:example_setup_teardown
[2024-10-14T02:26:54.486+0000] {logging_mixin.py:190} INFO - [2024-10-14T02:26:54.485+0000] {override.py:1900} INFO - Created Permission View: can create on DAG Run:example_setup_teardown
[2024-10-14T02:26:54.492+0000] {logging_mixin.py:190} INFO - [2024-10-14T02:26:54.492+0000] {override.py:1900} INFO - Created Permission View: menu access on DAG Run:example_setup_teardown
[2024-10-14T02:26:54.500+0000] {logging_mixin.py:190} INFO - [2024-10-14T02:26:54.499+0000] {override.py:1900} INFO - Created Permission View: can read on DAG Run:example_setup_teardown
[2024-10-14T02:26:54.501+0000] {logging_mixin.py:190} INFO - [2024-10-14T02:26:54.501+0000] {dag.py:3239} INFO - Sync 1 DAGs
[2024-10-14T02:26:54.515+0000] {logging_mixin.py:190} INFO - [2024-10-14T02:26:54.514+0000] {dag.py:3262} INFO - Creating ORM DAG for example_setup_teardown
[2024-10-14T02:26:54.517+0000] {logging_mixin.py:190} INFO - [2024-10-14T02:26:54.516+0000] {dag.py:4180} INFO - Setting next_dagrun for example_setup_teardown to None, run_after=None
[2024-10-14T02:26:54.535+0000] {processor.py:208} INFO - Processing /home/airflow/.local/lib/python3.12/site-packages/airflow/example_dags/example_setup_teardown.py took 0.194 seconds
[2024-10-14T02:27:24.706+0000] {processor.py:186} INFO - Started process (PID=168) to work on /home/airflow/.local/lib/python3.12/site-packages/airflow/example_dags/example_setup_teardown.py
[2024-10-14T02:27:24.707+0000] {processor.py:914} INFO - Processing file /home/airflow/.local/lib/python3.12/site-packages/airflow/example_dags/example_setup_teardown.py for tasks to queue
[2024-10-14T02:27:24.709+0000] {logging_mixin.py:190} INFO - [2024-10-14T02:27:24.709+0000] {dagbag.py:588} INFO - Filling up the DagBag from /home/airflow/.local/lib/python3.12/site-packages/airflow/example_dags/example_setup_teardown.py
[2024-10-14T02:27:24.716+0000] {processor.py:925} INFO - DAG(s) 'example_setup_teardown' retrieved from /home/airflow/.local/lib/python3.12/site-packages/airflow/example_dags/example_setup_teardown.py
[2024-10-14T02:27:24.736+0000] {logging_mixin.py:190} INFO - [2024-10-14T02:27:24.735+0000] {dag.py:3239} INFO - Sync 1 DAGs
[2024-10-14T02:27:24.750+0000] {logging_mixin.py:190} INFO - [2024-10-14T02:27:24.750+0000] {dag.py:4180} INFO - Setting next_dagrun for example_setup_teardown to None, run_after=None
[2024-10-14T02:27:24.768+0000] {processor.py:208} INFO - Processing /home/airflow/.local/lib/python3.12/site-packages/airflow/example_dags/example_setup_teardown.py took 0.067 seconds
[2024-10-14T02:27:56.228+0000] {processor.py:186} INFO - Started process (PID=231) to work on /home/airflow/.local/lib/python3.12/site-packages/airflow/example_dags/example_setup_teardown.py
[2024-10-14T02:27:56.229+0000] {processor.py:914} INFO - Processing file /home/airflow/.local/lib/python3.12/site-packages/airflow/example_dags/example_setup_teardown.py for tasks to queue
[2024-10-14T02:27:56.231+0000] {logging_mixin.py:190} INFO - [2024-10-14T02:27:56.231+0000] {dagbag.py:588} INFO - Filling up the DagBag from /home/airflow/.local/lib/python3.12/site-packages/airflow/example_dags/example_setup_teardown.py
[2024-10-14T02:27:56.244+0000] {processor.py:925} INFO - DAG(s) 'example_setup_teardown' retrieved from /home/airflow/.local/lib/python3.12/site-packages/airflow/example_dags/example_setup_teardown.py
[2024-10-14T02:27:56.265+0000] {logging_mixin.py:190} INFO - [2024-10-14T02:27:56.265+0000] {dag.py:3239} INFO - Sync 1 DAGs
[2024-10-14T02:27:56.278+0000] {logging_mixin.py:190} INFO - [2024-10-14T02:27:56.277+0000] {dag.py:4180} INFO - Setting next_dagrun for example_setup_teardown to None, run_after=None
[2024-10-14T02:27:56.296+0000] {processor.py:208} INFO - Processing /home/airflow/.local/lib/python3.12/site-packages/airflow/example_dags/example_setup_teardown.py took 0.073 seconds
[2024-10-14T02:28:28.717+0000] {processor.py:186} INFO - Started process (PID=294) to work on /home/airflow/.local/lib/python3.12/site-packages/airflow/example_dags/example_setup_teardown.py
[2024-10-14T02:28:28.719+0000] {processor.py:914} INFO - Processing file /home/airflow/.local/lib/python3.12/site-packages/airflow/example_dags/example_setup_teardown.py for tasks to queue
[2024-10-14T02:28:28.721+0000] {logging_mixin.py:190} INFO - [2024-10-14T02:28:28.721+0000] {dagbag.py:588} INFO - Filling up the DagBag from /home/airflow/.local/lib/python3.12/site-packages/airflow/example_dags/example_setup_teardown.py
[2024-10-14T02:28:28.730+0000] {processor.py:925} INFO - DAG(s) 'example_setup_teardown' retrieved from /home/airflow/.local/lib/python3.12/site-packages/airflow/example_dags/example_setup_teardown.py
[2024-10-14T02:28:28.753+0000] {logging_mixin.py:190} INFO - [2024-10-14T02:28:28.752+0000] {dag.py:3239} INFO - Sync 1 DAGs
[2024-10-14T02:28:28.768+0000] {logging_mixin.py:190} INFO - [2024-10-14T02:28:28.768+0000] {dag.py:4180} INFO - Setting next_dagrun for example_setup_teardown to None, run_after=None
[2024-10-14T02:28:28.786+0000] {processor.py:208} INFO - Processing /home/airflow/.local/lib/python3.12/site-packages/airflow/example_dags/example_setup_teardown.py took 0.079 seconds
[2024-10-14T02:29:02.424+0000] {processor.py:186} INFO - Started process (PID=357) to work on /home/airflow/.local/lib/python3.12/site-packages/airflow/example_dags/example_setup_teardown.py
[2024-10-14T02:29:02.425+0000] {processor.py:914} INFO - Processing file /home/airflow/.local/lib/python3.12/site-packages/airflow/example_dags/example_setup_teardown.py for tasks to queue
[2024-10-14T02:29:02.427+0000] {logging_mixin.py:190} INFO - [2024-10-14T02:29:02.427+0000] {dagbag.py:588} INFO - Filling up the DagBag from /home/airflow/.local/lib/python3.12/site-packages/airflow/example_dags/example_setup_teardown.py
[2024-10-14T02:29:02.437+0000] {processor.py:925} INFO - DAG(s) 'example_setup_teardown' retrieved from /home/airflow/.local/lib/python3.12/site-packages/airflow/example_dags/example_setup_teardown.py
[2024-10-14T02:29:02.458+0000] {logging_mixin.py:190} INFO - [2024-10-14T02:29:02.457+0000] {dag.py:3239} INFO - Sync 1 DAGs
[2024-10-14T02:29:02.474+0000] {logging_mixin.py:190} INFO - [2024-10-14T02:29:02.474+0000] {dag.py:4180} INFO - Setting next_dagrun for example_setup_teardown to None, run_after=None
[2024-10-14T02:29:02.492+0000] {processor.py:208} INFO - Processing /home/airflow/.local/lib/python3.12/site-packages/airflow/example_dags/example_setup_teardown.py took 0.074 seconds
[2024-10-14T02:29:34.906+0000] {processor.py:186} INFO - Started process (PID=420) to work on /home/airflow/.local/lib/python3.12/site-packages/airflow/example_dags/example_setup_teardown.py
[2024-10-14T02:29:34.907+0000] {processor.py:914} INFO - Processing file /home/airflow/.local/lib/python3.12/site-packages/airflow/example_dags/example_setup_teardown.py for tasks to queue
[2024-10-14T02:29:34.909+0000] {logging_mixin.py:190} INFO - [2024-10-14T02:29:34.909+0000] {dagbag.py:588} INFO - Filling up the DagBag from /home/airflow/.local/lib/python3.12/site-packages/airflow/example_dags/example_setup_teardown.py
[2024-10-14T02:29:34.918+0000] {processor.py:925} INFO - DAG(s) 'example_setup_teardown' retrieved from /home/airflow/.local/lib/python3.12/site-packages/airflow/example_dags/example_setup_teardown.py
[2024-10-14T02:29:34.939+0000] {logging_mixin.py:190} INFO - [2024-10-14T02:29:34.939+0000] {dag.py:3239} INFO - Sync 1 DAGs
[2024-10-14T02:29:34.955+0000] {logging_mixin.py:190} INFO - [2024-10-14T02:29:34.954+0000] {dag.py:4180} INFO - Setting next_dagrun for example_setup_teardown to None, run_after=None
[2024-10-14T02:29:34.982+0000] {processor.py:208} INFO - Processing /home/airflow/.local/lib/python3.12/site-packages/airflow/example_dags/example_setup_teardown.py took 0.083 seconds
[2024-10-14T02:30:07.642+0000] {processor.py:186} INFO - Started process (PID=483) to work on /home/airflow/.local/lib/python3.12/site-packages/airflow/example_dags/example_setup_teardown.py
[2024-10-14T02:30:07.645+0000] {processor.py:914} INFO - Processing file /home/airflow/.local/lib/python3.12/site-packages/airflow/example_dags/example_setup_teardown.py for tasks to queue
[2024-10-14T02:30:07.648+0000] {logging_mixin.py:190} INFO - [2024-10-14T02:30:07.647+0000] {dagbag.py:588} INFO - Filling up the DagBag from /home/airflow/.local/lib/python3.12/site-packages/airflow/example_dags/example_setup_teardown.py
[2024-10-14T02:30:07.657+0000] {processor.py:925} INFO - DAG(s) 'example_setup_teardown' retrieved from /home/airflow/.local/lib/python3.12/site-packages/airflow/example_dags/example_setup_teardown.py
[2024-10-14T02:30:07.683+0000] {logging_mixin.py:190} INFO - [2024-10-14T02:30:07.683+0000] {dag.py:3239} INFO - Sync 1 DAGs
[2024-10-14T02:30:07.708+0000] {logging_mixin.py:190} INFO - [2024-10-14T02:30:07.708+0000] {dag.py:4180} INFO - Setting next_dagrun for example_setup_teardown to None, run_after=None
[2024-10-14T02:30:07.731+0000] {processor.py:208} INFO - Processing /home/airflow/.local/lib/python3.12/site-packages/airflow/example_dags/example_setup_teardown.py took 0.095 seconds
[2024-10-14T02:30:40.605+0000] {processor.py:186} INFO - Started process (PID=547) to work on /home/airflow/.local/lib/python3.12/site-packages/airflow/example_dags/example_setup_teardown.py
[2024-10-14T02:30:40.606+0000] {processor.py:914} INFO - Processing file /home/airflow/.local/lib/python3.12/site-packages/airflow/example_dags/example_setup_teardown.py for tasks to queue
[2024-10-14T02:30:40.608+0000] {logging_mixin.py:190} INFO - [2024-10-14T02:30:40.608+0000] {dagbag.py:588} INFO - Filling up the DagBag from /home/airflow/.local/lib/python3.12/site-packages/airflow/example_dags/example_setup_teardown.py
[2024-10-14T02:30:40.615+0000] {processor.py:925} INFO - DAG(s) 'example_setup_teardown' retrieved from /home/airflow/.local/lib/python3.12/site-packages/airflow/example_dags/example_setup_teardown.py
[2024-10-14T02:30:40.635+0000] {logging_mixin.py:190} INFO - [2024-10-14T02:30:40.635+0000] {dag.py:3239} INFO - Sync 1 DAGs
[2024-10-14T02:30:40.647+0000] {logging_mixin.py:190} INFO - [2024-10-14T02:30:40.647+0000] {dag.py:4180} INFO - Setting next_dagrun for example_setup_teardown to None, run_after=None
[2024-10-14T02:30:40.668+0000] {processor.py:208} INFO - Processing /home/airflow/.local/lib/python3.12/site-packages/airflow/example_dags/example_setup_teardown.py took 0.067 seconds
[2024-10-14T02:31:13.802+0000] {processor.py:186} INFO - Started process (PID=610) to work on /home/airflow/.local/lib/python3.12/site-packages/airflow/example_dags/example_setup_teardown.py
[2024-10-14T02:31:13.803+0000] {processor.py:914} INFO - Processing file /home/airflow/.local/lib/python3.12/site-packages/airflow/example_dags/example_setup_teardown.py for tasks to queue
[2024-10-14T02:31:13.806+0000] {logging_mixin.py:190} INFO - [2024-10-14T02:31:13.806+0000] {dagbag.py:588} INFO - Filling up the DagBag from /home/airflow/.local/lib/python3.12/site-packages/airflow/example_dags/example_setup_teardown.py
[2024-10-14T02:31:13.814+0000] {processor.py:925} INFO - DAG(s) 'example_setup_teardown' retrieved from /home/airflow/.local/lib/python3.12/site-packages/airflow/example_dags/example_setup_teardown.py
[2024-10-14T02:31:13.834+0000] {logging_mixin.py:190} INFO - [2024-10-14T02:31:13.833+0000] {dag.py:3239} INFO - Sync 1 DAGs
[2024-10-14T02:31:13.845+0000] {logging_mixin.py:190} INFO - [2024-10-14T02:31:13.845+0000] {dag.py:4180} INFO - Setting next_dagrun for example_setup_teardown to None, run_after=None
[2024-10-14T02:31:13.866+0000] {processor.py:208} INFO - Processing /home/airflow/.local/lib/python3.12/site-packages/airflow/example_dags/example_setup_teardown.py took 0.069 seconds
[2024-10-14T02:31:46.987+0000] {processor.py:186} INFO - Started process (PID=673) to work on /home/airflow/.local/lib/python3.12/site-packages/airflow/example_dags/example_setup_teardown.py
[2024-10-14T02:31:46.988+0000] {processor.py:914} INFO - Processing file /home/airflow/.local/lib/python3.12/site-packages/airflow/example_dags/example_setup_teardown.py for tasks to queue
[2024-10-14T02:31:46.991+0000] {logging_mixin.py:190} INFO - [2024-10-14T02:31:46.990+0000] {dagbag.py:588} INFO - Filling up the DagBag from /home/airflow/.local/lib/python3.12/site-packages/airflow/example_dags/example_setup_teardown.py
[2024-10-14T02:31:47.001+0000] {processor.py:925} INFO - DAG(s) 'example_setup_teardown' retrieved from /home/airflow/.local/lib/python3.12/site-packages/airflow/example_dags/example_setup_teardown.py
[2024-10-14T02:31:47.022+0000] {logging_mixin.py:190} INFO - [2024-10-14T02:31:47.021+0000] {dag.py:3239} INFO - Sync 1 DAGs
[2024-10-14T02:31:47.038+0000] {logging_mixin.py:190} INFO - [2024-10-14T02:31:47.038+0000] {dag.py:4180} INFO - Setting next_dagrun for example_setup_teardown to None, run_after=None
[2024-10-14T02:31:47.060+0000] {processor.py:208} INFO - Processing /home/airflow/.local/lib/python3.12/site-packages/airflow/example_dags/example_setup_teardown.py took 0.079 seconds
[2024-10-14T02:32:19.193+0000] {processor.py:186} INFO - Started process (PID=730) to work on /home/airflow/.local/lib/python3.12/site-packages/airflow/example_dags/example_setup_teardown.py
[2024-10-14T02:32:19.195+0000] {processor.py:914} INFO - Processing file /home/airflow/.local/lib/python3.12/site-packages/airflow/example_dags/example_setup_teardown.py for tasks to queue
[2024-10-14T02:32:19.199+0000] {logging_mixin.py:190} INFO - [2024-10-14T02:32:19.198+0000] {dagbag.py:588} INFO - Filling up the DagBag from /home/airflow/.local/lib/python3.12/site-packages/airflow/example_dags/example_setup_teardown.py
[2024-10-14T02:32:19.213+0000] {processor.py:925} INFO - DAG(s) 'example_setup_teardown' retrieved from /home/airflow/.local/lib/python3.12/site-packages/airflow/example_dags/example_setup_teardown.py
[2024-10-14T02:32:19.248+0000] {logging_mixin.py:190} INFO - [2024-10-14T02:32:19.247+0000] {dag.py:3239} INFO - Sync 1 DAGs
[2024-10-14T02:32:19.269+0000] {logging_mixin.py:190} INFO - [2024-10-14T02:32:19.268+0000] {dag.py:4180} INFO - Setting next_dagrun for example_setup_teardown to None, run_after=None
[2024-10-14T02:32:19.298+0000] {processor.py:208} INFO - Processing /home/airflow/.local/lib/python3.12/site-packages/airflow/example_dags/example_setup_teardown.py took 0.112 seconds
[2024-10-14T02:32:52.833+0000] {processor.py:186} INFO - Started process (PID=799) to work on /home/airflow/.local/lib/python3.12/site-packages/airflow/example_dags/example_setup_teardown.py
[2024-10-14T02:32:52.835+0000] {processor.py:914} INFO - Processing file /home/airflow/.local/lib/python3.12/site-packages/airflow/example_dags/example_setup_teardown.py for tasks to queue
[2024-10-14T02:32:52.838+0000] {logging_mixin.py:190} INFO - [2024-10-14T02:32:52.838+0000] {dagbag.py:588} INFO - Filling up the DagBag from /home/airflow/.local/lib/python3.12/site-packages/airflow/example_dags/example_setup_teardown.py
[2024-10-14T02:32:52.858+0000] {processor.py:925} INFO - DAG(s) 'example_setup_teardown' retrieved from /home/airflow/.local/lib/python3.12/site-packages/airflow/example_dags/example_setup_teardown.py
[2024-10-14T02:32:52.893+0000] {logging_mixin.py:190} INFO - [2024-10-14T02:32:52.892+0000] {dag.py:3239} INFO - Sync 1 DAGs
[2024-10-14T02:32:52.917+0000] {logging_mixin.py:190} INFO - [2024-10-14T02:32:52.917+0000] {dag.py:4180} INFO - Setting next_dagrun for example_setup_teardown to None, run_after=None
[2024-10-14T02:32:52.951+0000] {processor.py:208} INFO - Processing /home/airflow/.local/lib/python3.12/site-packages/airflow/example_dags/example_setup_teardown.py took 0.128 seconds
[2024-10-14T02:33:25.291+0000] {processor.py:186} INFO - Started process (PID=858) to work on /home/airflow/.local/lib/python3.12/site-packages/airflow/example_dags/example_setup_teardown.py
[2024-10-14T02:33:25.292+0000] {processor.py:914} INFO - Processing file /home/airflow/.local/lib/python3.12/site-packages/airflow/example_dags/example_setup_teardown.py for tasks to queue
[2024-10-14T02:33:25.294+0000] {logging_mixin.py:190} INFO - [2024-10-14T02:33:25.293+0000] {dagbag.py:588} INFO - Filling up the DagBag from /home/airflow/.local/lib/python3.12/site-packages/airflow/example_dags/example_setup_teardown.py
[2024-10-14T02:33:25.301+0000] {processor.py:925} INFO - DAG(s) 'example_setup_teardown' retrieved from /home/airflow/.local/lib/python3.12/site-packages/airflow/example_dags/example_setup_teardown.py
[2024-10-14T02:33:25.322+0000] {logging_mixin.py:190} INFO - [2024-10-14T02:33:25.322+0000] {dag.py:3239} INFO - Sync 1 DAGs
[2024-10-14T02:33:25.336+0000] {logging_mixin.py:190} INFO - [2024-10-14T02:33:25.336+0000] {dag.py:4180} INFO - Setting next_dagrun for example_setup_teardown to None, run_after=None
[2024-10-14T02:33:25.355+0000] {processor.py:208} INFO - Processing /home/airflow/.local/lib/python3.12/site-packages/airflow/example_dags/example_setup_teardown.py took 0.072 seconds
[2024-10-14T02:33:59.225+0000] {processor.py:186} INFO - Started process (PID=927) to work on /home/airflow/.local/lib/python3.12/site-packages/airflow/example_dags/example_setup_teardown.py
[2024-10-14T02:33:59.226+0000] {processor.py:914} INFO - Processing file /home/airflow/.local/lib/python3.12/site-packages/airflow/example_dags/example_setup_teardown.py for tasks to queue
[2024-10-14T02:33:59.228+0000] {logging_mixin.py:190} INFO - [2024-10-14T02:33:59.228+0000] {dagbag.py:588} INFO - Filling up the DagBag from /home/airflow/.local/lib/python3.12/site-packages/airflow/example_dags/example_setup_teardown.py
[2024-10-14T02:33:59.236+0000] {processor.py:925} INFO - DAG(s) 'example_setup_teardown' retrieved from /home/airflow/.local/lib/python3.12/site-packages/airflow/example_dags/example_setup_teardown.py
[2024-10-14T02:33:59.258+0000] {logging_mixin.py:190} INFO - [2024-10-14T02:33:59.258+0000] {dag.py:3239} INFO - Sync 1 DAGs
[2024-10-14T02:33:59.276+0000] {logging_mixin.py:190} INFO - [2024-10-14T02:33:59.275+0000] {dag.py:4180} INFO - Setting next_dagrun for example_setup_teardown to None, run_after=None
[2024-10-14T02:33:59.293+0000] {processor.py:208} INFO - Processing /home/airflow/.local/lib/python3.12/site-packages/airflow/example_dags/example_setup_teardown.py took 0.076 seconds
[2024-10-14T02:34:32.106+0000] {processor.py:186} INFO - Started process (PID=990) to work on /home/airflow/.local/lib/python3.12/site-packages/airflow/example_dags/example_setup_teardown.py
[2024-10-14T02:34:32.108+0000] {processor.py:914} INFO - Processing file /home/airflow/.local/lib/python3.12/site-packages/airflow/example_dags/example_setup_teardown.py for tasks to queue
[2024-10-14T02:34:32.112+0000] {logging_mixin.py:190} INFO - [2024-10-14T02:34:32.111+0000] {dagbag.py:588} INFO - Filling up the DagBag from /home/airflow/.local/lib/python3.12/site-packages/airflow/example_dags/example_setup_teardown.py
[2024-10-14T02:34:32.130+0000] {processor.py:925} INFO - DAG(s) 'example_setup_teardown' retrieved from /home/airflow/.local/lib/python3.12/site-packages/airflow/example_dags/example_setup_teardown.py
[2024-10-14T02:34:32.155+0000] {logging_mixin.py:190} INFO - [2024-10-14T02:34:32.155+0000] {dag.py:3239} INFO - Sync 1 DAGs
[2024-10-14T02:34:32.170+0000] {logging_mixin.py:190} INFO - [2024-10-14T02:34:32.170+0000] {dag.py:4180} INFO - Setting next_dagrun for example_setup_teardown to None, run_after=None
[2024-10-14T02:34:32.193+0000] {processor.py:208} INFO - Processing /home/airflow/.local/lib/python3.12/site-packages/airflow/example_dags/example_setup_teardown.py took 0.104 seconds
[2024-10-14T02:35:05.330+0000] {processor.py:186} INFO - Started process (PID=1053) to work on /home/airflow/.local/lib/python3.12/site-packages/airflow/example_dags/example_setup_teardown.py
[2024-10-14T02:35:05.331+0000] {processor.py:914} INFO - Processing file /home/airflow/.local/lib/python3.12/site-packages/airflow/example_dags/example_setup_teardown.py for tasks to queue
[2024-10-14T02:35:05.335+0000] {logging_mixin.py:190} INFO - [2024-10-14T02:35:05.334+0000] {dagbag.py:588} INFO - Filling up the DagBag from /home/airflow/.local/lib/python3.12/site-packages/airflow/example_dags/example_setup_teardown.py
[2024-10-14T02:35:05.344+0000] {processor.py:925} INFO - DAG(s) 'example_setup_teardown' retrieved from /home/airflow/.local/lib/python3.12/site-packages/airflow/example_dags/example_setup_teardown.py
[2024-10-14T02:35:05.372+0000] {logging_mixin.py:190} INFO - [2024-10-14T02:35:05.371+0000] {dag.py:3239} INFO - Sync 1 DAGs
[2024-10-14T02:35:05.390+0000] {logging_mixin.py:190} INFO - [2024-10-14T02:35:05.390+0000] {dag.py:4180} INFO - Setting next_dagrun for example_setup_teardown to None, run_after=None
[2024-10-14T02:35:05.418+0000] {processor.py:208} INFO - Processing /home/airflow/.local/lib/python3.12/site-packages/airflow/example_dags/example_setup_teardown.py took 0.096 seconds
[2024-10-14T02:35:38.308+0000] {processor.py:186} INFO - Started process (PID=1115) to work on /home/airflow/.local/lib/python3.12/site-packages/airflow/example_dags/example_setup_teardown.py
[2024-10-14T02:35:38.310+0000] {processor.py:914} INFO - Processing file /home/airflow/.local/lib/python3.12/site-packages/airflow/example_dags/example_setup_teardown.py for tasks to queue
[2024-10-14T02:35:38.314+0000] {logging_mixin.py:190} INFO - [2024-10-14T02:35:38.313+0000] {dagbag.py:588} INFO - Filling up the DagBag from /home/airflow/.local/lib/python3.12/site-packages/airflow/example_dags/example_setup_teardown.py
[2024-10-14T02:35:38.327+0000] {processor.py:925} INFO - DAG(s) 'example_setup_teardown' retrieved from /home/airflow/.local/lib/python3.12/site-packages/airflow/example_dags/example_setup_teardown.py
[2024-10-14T02:35:38.364+0000] {logging_mixin.py:190} INFO - [2024-10-14T02:35:38.363+0000] {dag.py:3239} INFO - Sync 1 DAGs
[2024-10-14T02:35:38.392+0000] {logging_mixin.py:190} INFO - [2024-10-14T02:35:38.392+0000] {dag.py:4180} INFO - Setting next_dagrun for example_setup_teardown to None, run_after=None
[2024-10-14T02:35:38.429+0000] {processor.py:208} INFO - Processing /home/airflow/.local/lib/python3.12/site-packages/airflow/example_dags/example_setup_teardown.py took 0.131 seconds
[2024-10-14T02:36:12.178+0000] {processor.py:186} INFO - Started process (PID=1179) to work on /home/airflow/.local/lib/python3.12/site-packages/airflow/example_dags/example_setup_teardown.py
[2024-10-14T02:36:12.179+0000] {processor.py:914} INFO - Processing file /home/airflow/.local/lib/python3.12/site-packages/airflow/example_dags/example_setup_teardown.py for tasks to queue
[2024-10-14T02:36:12.182+0000] {logging_mixin.py:190} INFO - [2024-10-14T02:36:12.182+0000] {dagbag.py:588} INFO - Filling up the DagBag from /home/airflow/.local/lib/python3.12/site-packages/airflow/example_dags/example_setup_teardown.py
[2024-10-14T02:36:12.196+0000] {processor.py:925} INFO - DAG(s) 'example_setup_teardown' retrieved from /home/airflow/.local/lib/python3.12/site-packages/airflow/example_dags/example_setup_teardown.py
[2024-10-14T02:36:12.224+0000] {logging_mixin.py:190} INFO - [2024-10-14T02:36:12.223+0000] {dag.py:3239} INFO - Sync 1 DAGs
[2024-10-14T02:36:12.241+0000] {logging_mixin.py:190} INFO - [2024-10-14T02:36:12.241+0000] {dag.py:4180} INFO - Setting next_dagrun for example_setup_teardown to None, run_after=None
[2024-10-14T02:36:12.266+0000] {processor.py:208} INFO - Processing /home/airflow/.local/lib/python3.12/site-packages/airflow/example_dags/example_setup_teardown.py took 0.098 seconds
[2024-10-14T02:37:50.010+0000] {processor.py:186} INFO - Started process (PID=106) to work on /home/airflow/.local/lib/python3.12/site-packages/airflow/example_dags/example_setup_teardown.py
[2024-10-14T02:37:50.012+0000] {processor.py:914} INFO - Processing file /home/airflow/.local/lib/python3.12/site-packages/airflow/example_dags/example_setup_teardown.py for tasks to queue
[2024-10-14T02:37:50.015+0000] {logging_mixin.py:190} INFO - [2024-10-14T02:37:50.015+0000] {dagbag.py:588} INFO - Filling up the DagBag from /home/airflow/.local/lib/python3.12/site-packages/airflow/example_dags/example_setup_teardown.py
[2024-10-14T02:37:50.026+0000] {processor.py:925} INFO - DAG(s) 'example_setup_teardown' retrieved from /home/airflow/.local/lib/python3.12/site-packages/airflow/example_dags/example_setup_teardown.py
[2024-10-14T02:37:50.049+0000] {logging_mixin.py:190} INFO - [2024-10-14T02:37:50.049+0000] {dag.py:3239} INFO - Sync 1 DAGs
[2024-10-14T02:37:50.064+0000] {logging_mixin.py:190} INFO - [2024-10-14T02:37:50.064+0000] {dag.py:4180} INFO - Setting next_dagrun for example_setup_teardown to None, run_after=None
[2024-10-14T02:37:50.085+0000] {processor.py:208} INFO - Processing /home/airflow/.local/lib/python3.12/site-packages/airflow/example_dags/example_setup_teardown.py took 0.083 seconds
[2024-10-14T02:38:22.788+0000] {processor.py:186} INFO - Started process (PID=170) to work on /home/airflow/.local/lib/python3.12/site-packages/airflow/example_dags/example_setup_teardown.py
[2024-10-14T02:38:22.789+0000] {processor.py:914} INFO - Processing file /home/airflow/.local/lib/python3.12/site-packages/airflow/example_dags/example_setup_teardown.py for tasks to queue
[2024-10-14T02:38:22.791+0000] {logging_mixin.py:190} INFO - [2024-10-14T02:38:22.791+0000] {dagbag.py:588} INFO - Filling up the DagBag from /home/airflow/.local/lib/python3.12/site-packages/airflow/example_dags/example_setup_teardown.py
[2024-10-14T02:38:22.799+0000] {processor.py:925} INFO - DAG(s) 'example_setup_teardown' retrieved from /home/airflow/.local/lib/python3.12/site-packages/airflow/example_dags/example_setup_teardown.py
[2024-10-14T02:38:22.823+0000] {logging_mixin.py:190} INFO - [2024-10-14T02:38:22.823+0000] {dag.py:3239} INFO - Sync 1 DAGs
[2024-10-14T02:38:22.839+0000] {logging_mixin.py:190} INFO - [2024-10-14T02:38:22.839+0000] {dag.py:4180} INFO - Setting next_dagrun for example_setup_teardown to None, run_after=None
[2024-10-14T02:38:22.862+0000] {processor.py:208} INFO - Processing /home/airflow/.local/lib/python3.12/site-packages/airflow/example_dags/example_setup_teardown.py took 0.079 seconds
[2024-10-14T02:38:57.986+0000] {processor.py:186} INFO - Started process (PID=235) to work on /home/airflow/.local/lib/python3.12/site-packages/airflow/example_dags/example_setup_teardown.py
[2024-10-14T02:38:57.988+0000] {processor.py:914} INFO - Processing file /home/airflow/.local/lib/python3.12/site-packages/airflow/example_dags/example_setup_teardown.py for tasks to queue
[2024-10-14T02:38:57.991+0000] {logging_mixin.py:190} INFO - [2024-10-14T02:38:57.991+0000] {dagbag.py:588} INFO - Filling up the DagBag from /home/airflow/.local/lib/python3.12/site-packages/airflow/example_dags/example_setup_teardown.py
[2024-10-14T02:38:58.006+0000] {processor.py:925} INFO - DAG(s) 'example_setup_teardown' retrieved from /home/airflow/.local/lib/python3.12/site-packages/airflow/example_dags/example_setup_teardown.py
[2024-10-14T02:38:58.049+0000] {logging_mixin.py:190} INFO - [2024-10-14T02:38:58.049+0000] {dag.py:3239} INFO - Sync 1 DAGs
[2024-10-14T02:38:58.100+0000] {logging_mixin.py:190} INFO - [2024-10-14T02:38:58.100+0000] {dag.py:4180} INFO - Setting next_dagrun for example_setup_teardown to None, run_after=None
[2024-10-14T02:38:58.141+0000] {processor.py:208} INFO - Processing /home/airflow/.local/lib/python3.12/site-packages/airflow/example_dags/example_setup_teardown.py took 0.164 seconds
[2024-10-14T02:39:29.675+0000] {processor.py:186} INFO - Started process (PID=299) to work on /home/airflow/.local/lib/python3.12/site-packages/airflow/example_dags/example_setup_teardown.py
[2024-10-14T02:39:29.677+0000] {processor.py:914} INFO - Processing file /home/airflow/.local/lib/python3.12/site-packages/airflow/example_dags/example_setup_teardown.py for tasks to queue
[2024-10-14T02:39:29.681+0000] {logging_mixin.py:190} INFO - [2024-10-14T02:39:29.680+0000] {dagbag.py:588} INFO - Filling up the DagBag from /home/airflow/.local/lib/python3.12/site-packages/airflow/example_dags/example_setup_teardown.py
[2024-10-14T02:39:29.698+0000] {processor.py:925} INFO - DAG(s) 'example_setup_teardown' retrieved from /home/airflow/.local/lib/python3.12/site-packages/airflow/example_dags/example_setup_teardown.py
[2024-10-14T02:39:29.725+0000] {logging_mixin.py:190} INFO - [2024-10-14T02:39:29.724+0000] {dag.py:3239} INFO - Sync 1 DAGs
[2024-10-14T02:39:29.759+0000] {logging_mixin.py:190} INFO - [2024-10-14T02:39:29.752+0000] {dag.py:4180} INFO - Setting next_dagrun for example_setup_teardown to None, run_after=None
[2024-10-14T02:39:29.806+0000] {processor.py:208} INFO - Processing /home/airflow/.local/lib/python3.12/site-packages/airflow/example_dags/example_setup_teardown.py took 0.143 seconds
[2024-10-14T02:40:02.945+0000] {processor.py:186} INFO - Started process (PID=363) to work on /home/airflow/.local/lib/python3.12/site-packages/airflow/example_dags/example_setup_teardown.py
[2024-10-14T02:40:02.946+0000] {processor.py:914} INFO - Processing file /home/airflow/.local/lib/python3.12/site-packages/airflow/example_dags/example_setup_teardown.py for tasks to queue
[2024-10-14T02:40:02.948+0000] {logging_mixin.py:190} INFO - [2024-10-14T02:40:02.948+0000] {dagbag.py:588} INFO - Filling up the DagBag from /home/airflow/.local/lib/python3.12/site-packages/airflow/example_dags/example_setup_teardown.py
[2024-10-14T02:40:02.955+0000] {processor.py:925} INFO - DAG(s) 'example_setup_teardown' retrieved from /home/airflow/.local/lib/python3.12/site-packages/airflow/example_dags/example_setup_teardown.py
[2024-10-14T02:40:02.974+0000] {logging_mixin.py:190} INFO - [2024-10-14T02:40:02.974+0000] {dag.py:3239} INFO - Sync 1 DAGs
[2024-10-14T02:40:02.986+0000] {logging_mixin.py:190} INFO - [2024-10-14T02:40:02.985+0000] {dag.py:4180} INFO - Setting next_dagrun for example_setup_teardown to None, run_after=None
[2024-10-14T02:40:03.007+0000] {processor.py:208} INFO - Processing /home/airflow/.local/lib/python3.12/site-packages/airflow/example_dags/example_setup_teardown.py took 0.067 seconds
[2024-10-14T02:40:35.596+0000] {processor.py:186} INFO - Started process (PID=427) to work on /home/airflow/.local/lib/python3.12/site-packages/airflow/example_dags/example_setup_teardown.py
[2024-10-14T02:40:35.598+0000] {processor.py:914} INFO - Processing file /home/airflow/.local/lib/python3.12/site-packages/airflow/example_dags/example_setup_teardown.py for tasks to queue
[2024-10-14T02:40:35.600+0000] {logging_mixin.py:190} INFO - [2024-10-14T02:40:35.599+0000] {dagbag.py:588} INFO - Filling up the DagBag from /home/airflow/.local/lib/python3.12/site-packages/airflow/example_dags/example_setup_teardown.py
[2024-10-14T02:40:35.607+0000] {processor.py:925} INFO - DAG(s) 'example_setup_teardown' retrieved from /home/airflow/.local/lib/python3.12/site-packages/airflow/example_dags/example_setup_teardown.py
[2024-10-14T02:40:35.626+0000] {logging_mixin.py:190} INFO - [2024-10-14T02:40:35.625+0000] {dag.py:3239} INFO - Sync 1 DAGs
[2024-10-14T02:40:35.640+0000] {logging_mixin.py:190} INFO - [2024-10-14T02:40:35.640+0000] {dag.py:4180} INFO - Setting next_dagrun for example_setup_teardown to None, run_after=None
[2024-10-14T02:40:35.666+0000] {processor.py:208} INFO - Processing /home/airflow/.local/lib/python3.12/site-packages/airflow/example_dags/example_setup_teardown.py took 0.075 seconds
[2024-10-14T02:41:07.681+0000] {processor.py:186} INFO - Started process (PID=491) to work on /home/airflow/.local/lib/python3.12/site-packages/airflow/example_dags/example_setup_teardown.py
[2024-10-14T02:41:07.683+0000] {processor.py:914} INFO - Processing file /home/airflow/.local/lib/python3.12/site-packages/airflow/example_dags/example_setup_teardown.py for tasks to queue
[2024-10-14T02:41:07.686+0000] {logging_mixin.py:190} INFO - [2024-10-14T02:41:07.685+0000] {dagbag.py:588} INFO - Filling up the DagBag from /home/airflow/.local/lib/python3.12/site-packages/airflow/example_dags/example_setup_teardown.py
[2024-10-14T02:41:07.696+0000] {processor.py:925} INFO - DAG(s) 'example_setup_teardown' retrieved from /home/airflow/.local/lib/python3.12/site-packages/airflow/example_dags/example_setup_teardown.py
[2024-10-14T02:41:07.715+0000] {logging_mixin.py:190} INFO - [2024-10-14T02:41:07.715+0000] {dag.py:3239} INFO - Sync 1 DAGs
[2024-10-14T02:41:07.729+0000] {logging_mixin.py:190} INFO - [2024-10-14T02:41:07.729+0000] {dag.py:4180} INFO - Setting next_dagrun for example_setup_teardown to None, run_after=None
[2024-10-14T02:41:07.747+0000] {processor.py:208} INFO - Processing /home/airflow/.local/lib/python3.12/site-packages/airflow/example_dags/example_setup_teardown.py took 0.072 seconds
[2024-10-14T02:41:40.849+0000] {processor.py:186} INFO - Started process (PID=555) to work on /home/airflow/.local/lib/python3.12/site-packages/airflow/example_dags/example_setup_teardown.py
[2024-10-14T02:41:40.850+0000] {processor.py:914} INFO - Processing file /home/airflow/.local/lib/python3.12/site-packages/airflow/example_dags/example_setup_teardown.py for tasks to queue
[2024-10-14T02:41:40.852+0000] {logging_mixin.py:190} INFO - [2024-10-14T02:41:40.851+0000] {dagbag.py:588} INFO - Filling up the DagBag from /home/airflow/.local/lib/python3.12/site-packages/airflow/example_dags/example_setup_teardown.py
[2024-10-14T02:41:40.860+0000] {processor.py:925} INFO - DAG(s) 'example_setup_teardown' retrieved from /home/airflow/.local/lib/python3.12/site-packages/airflow/example_dags/example_setup_teardown.py
[2024-10-14T02:41:40.879+0000] {logging_mixin.py:190} INFO - [2024-10-14T02:41:40.879+0000] {dag.py:3239} INFO - Sync 1 DAGs
[2024-10-14T02:41:40.894+0000] {logging_mixin.py:190} INFO - [2024-10-14T02:41:40.894+0000] {dag.py:4180} INFO - Setting next_dagrun for example_setup_teardown to None, run_after=None
[2024-10-14T02:41:40.915+0000] {processor.py:208} INFO - Processing /home/airflow/.local/lib/python3.12/site-packages/airflow/example_dags/example_setup_teardown.py took 0.071 seconds
[2024-10-14T02:42:14.310+0000] {processor.py:186} INFO - Started process (PID=619) to work on /home/airflow/.local/lib/python3.12/site-packages/airflow/example_dags/example_setup_teardown.py
[2024-10-14T02:42:14.312+0000] {processor.py:914} INFO - Processing file /home/airflow/.local/lib/python3.12/site-packages/airflow/example_dags/example_setup_teardown.py for tasks to queue
[2024-10-14T02:42:14.315+0000] {logging_mixin.py:190} INFO - [2024-10-14T02:42:14.315+0000] {dagbag.py:588} INFO - Filling up the DagBag from /home/airflow/.local/lib/python3.12/site-packages/airflow/example_dags/example_setup_teardown.py
[2024-10-14T02:42:14.325+0000] {processor.py:925} INFO - DAG(s) 'example_setup_teardown' retrieved from /home/airflow/.local/lib/python3.12/site-packages/airflow/example_dags/example_setup_teardown.py
[2024-10-14T02:42:14.346+0000] {logging_mixin.py:190} INFO - [2024-10-14T02:42:14.345+0000] {dag.py:3239} INFO - Sync 1 DAGs
[2024-10-14T02:42:14.360+0000] {logging_mixin.py:190} INFO - [2024-10-14T02:42:14.360+0000] {dag.py:4180} INFO - Setting next_dagrun for example_setup_teardown to None, run_after=None
[2024-10-14T02:42:14.386+0000] {processor.py:208} INFO - Processing /home/airflow/.local/lib/python3.12/site-packages/airflow/example_dags/example_setup_teardown.py took 0.082 seconds
[2024-10-14T02:42:47.448+0000] {processor.py:186} INFO - Started process (PID=683) to work on /home/airflow/.local/lib/python3.12/site-packages/airflow/example_dags/example_setup_teardown.py
[2024-10-14T02:42:47.450+0000] {processor.py:914} INFO - Processing file /home/airflow/.local/lib/python3.12/site-packages/airflow/example_dags/example_setup_teardown.py for tasks to queue
[2024-10-14T02:42:47.453+0000] {logging_mixin.py:190} INFO - [2024-10-14T02:42:47.453+0000] {dagbag.py:588} INFO - Filling up the DagBag from /home/airflow/.local/lib/python3.12/site-packages/airflow/example_dags/example_setup_teardown.py
[2024-10-14T02:42:47.462+0000] {processor.py:925} INFO - DAG(s) 'example_setup_teardown' retrieved from /home/airflow/.local/lib/python3.12/site-packages/airflow/example_dags/example_setup_teardown.py
[2024-10-14T02:42:47.484+0000] {logging_mixin.py:190} INFO - [2024-10-14T02:42:47.484+0000] {dag.py:3239} INFO - Sync 1 DAGs
[2024-10-14T02:42:47.498+0000] {logging_mixin.py:190} INFO - [2024-10-14T02:42:47.498+0000] {dag.py:4180} INFO - Setting next_dagrun for example_setup_teardown to None, run_after=None
[2024-10-14T02:42:47.518+0000] {processor.py:208} INFO - Processing /home/airflow/.local/lib/python3.12/site-packages/airflow/example_dags/example_setup_teardown.py took 0.075 seconds
[2024-10-14T02:43:20.633+0000] {processor.py:186} INFO - Started process (PID=747) to work on /home/airflow/.local/lib/python3.12/site-packages/airflow/example_dags/example_setup_teardown.py
[2024-10-14T02:43:20.634+0000] {processor.py:914} INFO - Processing file /home/airflow/.local/lib/python3.12/site-packages/airflow/example_dags/example_setup_teardown.py for tasks to queue
[2024-10-14T02:43:20.637+0000] {logging_mixin.py:190} INFO - [2024-10-14T02:43:20.636+0000] {dagbag.py:588} INFO - Filling up the DagBag from /home/airflow/.local/lib/python3.12/site-packages/airflow/example_dags/example_setup_teardown.py
[2024-10-14T02:43:20.645+0000] {processor.py:925} INFO - DAG(s) 'example_setup_teardown' retrieved from /home/airflow/.local/lib/python3.12/site-packages/airflow/example_dags/example_setup_teardown.py
[2024-10-14T02:43:20.671+0000] {logging_mixin.py:190} INFO - [2024-10-14T02:43:20.671+0000] {dag.py:3239} INFO - Sync 1 DAGs
[2024-10-14T02:43:20.686+0000] {logging_mixin.py:190} INFO - [2024-10-14T02:43:20.686+0000] {dag.py:4180} INFO - Setting next_dagrun for example_setup_teardown to None, run_after=None
[2024-10-14T02:43:20.706+0000] {processor.py:208} INFO - Processing /home/airflow/.local/lib/python3.12/site-packages/airflow/example_dags/example_setup_teardown.py took 0.078 seconds
[2024-10-14T02:43:53.636+0000] {processor.py:186} INFO - Started process (PID=813) to work on /home/airflow/.local/lib/python3.12/site-packages/airflow/example_dags/example_setup_teardown.py
[2024-10-14T02:43:53.637+0000] {processor.py:914} INFO - Processing file /home/airflow/.local/lib/python3.12/site-packages/airflow/example_dags/example_setup_teardown.py for tasks to queue
[2024-10-14T02:43:53.639+0000] {logging_mixin.py:190} INFO - [2024-10-14T02:43:53.639+0000] {dagbag.py:588} INFO - Filling up the DagBag from /home/airflow/.local/lib/python3.12/site-packages/airflow/example_dags/example_setup_teardown.py
[2024-10-14T02:43:53.647+0000] {processor.py:925} INFO - DAG(s) 'example_setup_teardown' retrieved from /home/airflow/.local/lib/python3.12/site-packages/airflow/example_dags/example_setup_teardown.py
[2024-10-14T02:43:53.667+0000] {logging_mixin.py:190} INFO - [2024-10-14T02:43:53.667+0000] {dag.py:3239} INFO - Sync 1 DAGs
[2024-10-14T02:43:53.680+0000] {logging_mixin.py:190} INFO - [2024-10-14T02:43:53.680+0000] {dag.py:4180} INFO - Setting next_dagrun for example_setup_teardown to None, run_after=None
[2024-10-14T02:43:53.697+0000] {processor.py:208} INFO - Processing /home/airflow/.local/lib/python3.12/site-packages/airflow/example_dags/example_setup_teardown.py took 0.067 seconds
[2024-10-14T02:44:28.138+0000] {processor.py:186} INFO - Started process (PID=881) to work on /home/airflow/.local/lib/python3.12/site-packages/airflow/example_dags/example_setup_teardown.py
[2024-10-14T02:44:28.139+0000] {processor.py:914} INFO - Processing file /home/airflow/.local/lib/python3.12/site-packages/airflow/example_dags/example_setup_teardown.py for tasks to queue
[2024-10-14T02:44:28.142+0000] {logging_mixin.py:190} INFO - [2024-10-14T02:44:28.142+0000] {dagbag.py:588} INFO - Filling up the DagBag from /home/airflow/.local/lib/python3.12/site-packages/airflow/example_dags/example_setup_teardown.py
[2024-10-14T02:44:28.151+0000] {processor.py:925} INFO - DAG(s) 'example_setup_teardown' retrieved from /home/airflow/.local/lib/python3.12/site-packages/airflow/example_dags/example_setup_teardown.py
[2024-10-14T02:44:28.174+0000] {logging_mixin.py:190} INFO - [2024-10-14T02:44:28.174+0000] {dag.py:3239} INFO - Sync 1 DAGs
[2024-10-14T02:44:28.190+0000] {logging_mixin.py:190} INFO - [2024-10-14T02:44:28.190+0000] {dag.py:4180} INFO - Setting next_dagrun for example_setup_teardown to None, run_after=None
[2024-10-14T02:44:28.209+0000] {processor.py:208} INFO - Processing /home/airflow/.local/lib/python3.12/site-packages/airflow/example_dags/example_setup_teardown.py took 0.077 seconds
[2024-10-14T02:45:01.044+0000] {processor.py:186} INFO - Started process (PID=948) to work on /home/airflow/.local/lib/python3.12/site-packages/airflow/example_dags/example_setup_teardown.py
[2024-10-14T02:45:01.045+0000] {processor.py:914} INFO - Processing file /home/airflow/.local/lib/python3.12/site-packages/airflow/example_dags/example_setup_teardown.py for tasks to queue
[2024-10-14T02:45:01.048+0000] {logging_mixin.py:190} INFO - [2024-10-14T02:45:01.048+0000] {dagbag.py:588} INFO - Filling up the DagBag from /home/airflow/.local/lib/python3.12/site-packages/airflow/example_dags/example_setup_teardown.py
[2024-10-14T02:45:01.056+0000] {processor.py:925} INFO - DAG(s) 'example_setup_teardown' retrieved from /home/airflow/.local/lib/python3.12/site-packages/airflow/example_dags/example_setup_teardown.py
[2024-10-14T02:45:01.077+0000] {logging_mixin.py:190} INFO - [2024-10-14T02:45:01.077+0000] {dag.py:3239} INFO - Sync 1 DAGs
[2024-10-14T02:45:01.092+0000] {logging_mixin.py:190} INFO - [2024-10-14T02:45:01.091+0000] {dag.py:4180} INFO - Setting next_dagrun for example_setup_teardown to None, run_after=None
[2024-10-14T02:45:01.117+0000] {processor.py:208} INFO - Processing /home/airflow/.local/lib/python3.12/site-packages/airflow/example_dags/example_setup_teardown.py took 0.078 seconds
[2024-10-14T02:45:33.416+0000] {processor.py:186} INFO - Started process (PID=1012) to work on /home/airflow/.local/lib/python3.12/site-packages/airflow/example_dags/example_setup_teardown.py
[2024-10-14T02:45:33.418+0000] {processor.py:914} INFO - Processing file /home/airflow/.local/lib/python3.12/site-packages/airflow/example_dags/example_setup_teardown.py for tasks to queue
[2024-10-14T02:45:33.420+0000] {logging_mixin.py:190} INFO - [2024-10-14T02:45:33.420+0000] {dagbag.py:588} INFO - Filling up the DagBag from /home/airflow/.local/lib/python3.12/site-packages/airflow/example_dags/example_setup_teardown.py
[2024-10-14T02:45:33.428+0000] {processor.py:925} INFO - DAG(s) 'example_setup_teardown' retrieved from /home/airflow/.local/lib/python3.12/site-packages/airflow/example_dags/example_setup_teardown.py
[2024-10-14T02:45:33.452+0000] {logging_mixin.py:190} INFO - [2024-10-14T02:45:33.452+0000] {dag.py:3239} INFO - Sync 1 DAGs
[2024-10-14T02:45:33.470+0000] {logging_mixin.py:190} INFO - [2024-10-14T02:45:33.469+0000] {dag.py:4180} INFO - Setting next_dagrun for example_setup_teardown to None, run_after=None
[2024-10-14T02:45:33.489+0000] {processor.py:208} INFO - Processing /home/airflow/.local/lib/python3.12/site-packages/airflow/example_dags/example_setup_teardown.py took 0.078 seconds
[2024-10-14T02:46:07.273+0000] {processor.py:186} INFO - Started process (PID=1076) to work on /home/airflow/.local/lib/python3.12/site-packages/airflow/example_dags/example_setup_teardown.py
[2024-10-14T02:46:07.274+0000] {processor.py:914} INFO - Processing file /home/airflow/.local/lib/python3.12/site-packages/airflow/example_dags/example_setup_teardown.py for tasks to queue
[2024-10-14T02:46:07.277+0000] {logging_mixin.py:190} INFO - [2024-10-14T02:46:07.276+0000] {dagbag.py:588} INFO - Filling up the DagBag from /home/airflow/.local/lib/python3.12/site-packages/airflow/example_dags/example_setup_teardown.py
[2024-10-14T02:46:07.288+0000] {processor.py:925} INFO - DAG(s) 'example_setup_teardown' retrieved from /home/airflow/.local/lib/python3.12/site-packages/airflow/example_dags/example_setup_teardown.py
[2024-10-14T02:46:07.307+0000] {logging_mixin.py:190} INFO - [2024-10-14T02:46:07.306+0000] {dag.py:3239} INFO - Sync 1 DAGs
[2024-10-14T02:46:07.323+0000] {logging_mixin.py:190} INFO - [2024-10-14T02:46:07.323+0000] {dag.py:4180} INFO - Setting next_dagrun for example_setup_teardown to None, run_after=None
[2024-10-14T02:46:07.348+0000] {processor.py:208} INFO - Processing /home/airflow/.local/lib/python3.12/site-packages/airflow/example_dags/example_setup_teardown.py took 0.081 seconds
[2024-10-14T02:46:39.545+0000] {processor.py:186} INFO - Started process (PID=1140) to work on /home/airflow/.local/lib/python3.12/site-packages/airflow/example_dags/example_setup_teardown.py
[2024-10-14T02:46:39.547+0000] {processor.py:914} INFO - Processing file /home/airflow/.local/lib/python3.12/site-packages/airflow/example_dags/example_setup_teardown.py for tasks to queue
[2024-10-14T02:46:39.549+0000] {logging_mixin.py:190} INFO - [2024-10-14T02:46:39.549+0000] {dagbag.py:588} INFO - Filling up the DagBag from /home/airflow/.local/lib/python3.12/site-packages/airflow/example_dags/example_setup_teardown.py
[2024-10-14T02:46:39.558+0000] {processor.py:925} INFO - DAG(s) 'example_setup_teardown' retrieved from /home/airflow/.local/lib/python3.12/site-packages/airflow/example_dags/example_setup_teardown.py
[2024-10-14T02:46:39.579+0000] {logging_mixin.py:190} INFO - [2024-10-14T02:46:39.579+0000] {dag.py:3239} INFO - Sync 1 DAGs
[2024-10-14T02:46:39.596+0000] {logging_mixin.py:190} INFO - [2024-10-14T02:46:39.596+0000] {dag.py:4180} INFO - Setting next_dagrun for example_setup_teardown to None, run_after=None
[2024-10-14T02:46:39.620+0000] {processor.py:208} INFO - Processing /home/airflow/.local/lib/python3.12/site-packages/airflow/example_dags/example_setup_teardown.py took 0.081 seconds
[2024-10-14T02:47:13.011+0000] {processor.py:186} INFO - Started process (PID=1204) to work on /home/airflow/.local/lib/python3.12/site-packages/airflow/example_dags/example_setup_teardown.py
[2024-10-14T02:47:13.012+0000] {processor.py:914} INFO - Processing file /home/airflow/.local/lib/python3.12/site-packages/airflow/example_dags/example_setup_teardown.py for tasks to queue
[2024-10-14T02:47:13.015+0000] {logging_mixin.py:190} INFO - [2024-10-14T02:47:13.014+0000] {dagbag.py:588} INFO - Filling up the DagBag from /home/airflow/.local/lib/python3.12/site-packages/airflow/example_dags/example_setup_teardown.py
[2024-10-14T02:47:13.023+0000] {processor.py:925} INFO - DAG(s) 'example_setup_teardown' retrieved from /home/airflow/.local/lib/python3.12/site-packages/airflow/example_dags/example_setup_teardown.py
[2024-10-14T02:47:13.042+0000] {logging_mixin.py:190} INFO - [2024-10-14T02:47:13.042+0000] {dag.py:3239} INFO - Sync 1 DAGs
[2024-10-14T02:47:13.056+0000] {logging_mixin.py:190} INFO - [2024-10-14T02:47:13.055+0000] {dag.py:4180} INFO - Setting next_dagrun for example_setup_teardown to None, run_after=None
[2024-10-14T02:47:13.074+0000] {processor.py:208} INFO - Processing /home/airflow/.local/lib/python3.12/site-packages/airflow/example_dags/example_setup_teardown.py took 0.069 seconds
[2024-10-14T02:47:45.181+0000] {processor.py:186} INFO - Started process (PID=1268) to work on /home/airflow/.local/lib/python3.12/site-packages/airflow/example_dags/example_setup_teardown.py
[2024-10-14T02:47:45.182+0000] {processor.py:914} INFO - Processing file /home/airflow/.local/lib/python3.12/site-packages/airflow/example_dags/example_setup_teardown.py for tasks to queue
[2024-10-14T02:47:45.185+0000] {logging_mixin.py:190} INFO - [2024-10-14T02:47:45.184+0000] {dagbag.py:588} INFO - Filling up the DagBag from /home/airflow/.local/lib/python3.12/site-packages/airflow/example_dags/example_setup_teardown.py
[2024-10-14T02:47:45.195+0000] {processor.py:925} INFO - DAG(s) 'example_setup_teardown' retrieved from /home/airflow/.local/lib/python3.12/site-packages/airflow/example_dags/example_setup_teardown.py
[2024-10-14T02:47:45.214+0000] {logging_mixin.py:190} INFO - [2024-10-14T02:47:45.213+0000] {dag.py:3239} INFO - Sync 1 DAGs
[2024-10-14T02:47:45.230+0000] {logging_mixin.py:190} INFO - [2024-10-14T02:47:45.230+0000] {dag.py:4180} INFO - Setting next_dagrun for example_setup_teardown to None, run_after=None
[2024-10-14T02:47:45.250+0000] {processor.py:208} INFO - Processing /home/airflow/.local/lib/python3.12/site-packages/airflow/example_dags/example_setup_teardown.py took 0.077 seconds
