[2024-10-14T02:26:54.572+0000] {processor.py:186} INFO - Started process (PID=108) to work on /home/airflow/.local/lib/python3.12/site-packages/airflow/example_dags/example_latest_only_with_trigger.py
[2024-10-14T02:26:54.573+0000] {processor.py:914} INFO - Processing file /home/airflow/.local/lib/python3.12/site-packages/airflow/example_dags/example_latest_only_with_trigger.py for tasks to queue
[2024-10-14T02:26:54.576+0000] {logging_mixin.py:190} INFO - [2024-10-14T02:26:54.576+0000] {dagbag.py:588} INFO - Filling up the DagBag from /home/airflow/.local/lib/python3.12/site-packages/airflow/example_dags/example_latest_only_with_trigger.py
[2024-10-14T02:26:54.585+0000] {processor.py:925} INFO - DAG(s) 'latest_only_with_trigger' retrieved from /home/airflow/.local/lib/python3.12/site-packages/airflow/example_dags/example_latest_only_with_trigger.py
[2024-10-14T02:26:54.745+0000] {logging_mixin.py:190} INFO - [2024-10-14T02:26:54.743+0000] {override.py:1900} INFO - Created Permission View: can delete on DAG:latest_only_with_trigger
[2024-10-14T02:26:54.763+0000] {logging_mixin.py:190} INFO - [2024-10-14T02:26:54.763+0000] {override.py:1900} INFO - Created Permission View: can edit on DAG:latest_only_with_trigger
[2024-10-14T02:26:54.781+0000] {logging_mixin.py:190} INFO - [2024-10-14T02:26:54.780+0000] {override.py:1900} INFO - Created Permission View: can read on DAG:latest_only_with_trigger
[2024-10-14T02:26:54.822+0000] {logging_mixin.py:190} INFO - [2024-10-14T02:26:54.822+0000] {override.py:1900} INFO - Created Permission View: can delete on DAG Run:latest_only_with_trigger
[2024-10-14T02:26:54.836+0000] {logging_mixin.py:190} INFO - [2024-10-14T02:26:54.836+0000] {override.py:1900} INFO - Created Permission View: can create on DAG Run:latest_only_with_trigger
[2024-10-14T02:26:54.847+0000] {logging_mixin.py:190} INFO - [2024-10-14T02:26:54.847+0000] {override.py:1900} INFO - Created Permission View: menu access on DAG Run:latest_only_with_trigger
[2024-10-14T02:26:54.862+0000] {logging_mixin.py:190} INFO - [2024-10-14T02:26:54.862+0000] {override.py:1900} INFO - Created Permission View: can read on DAG Run:latest_only_with_trigger
[2024-10-14T02:26:54.863+0000] {logging_mixin.py:190} INFO - [2024-10-14T02:26:54.863+0000] {dag.py:3239} INFO - Sync 1 DAGs
[2024-10-14T02:26:54.877+0000] {logging_mixin.py:190} INFO - [2024-10-14T02:26:54.877+0000] {dag.py:3262} INFO - Creating ORM DAG for latest_only_with_trigger
[2024-10-14T02:26:54.888+0000] {logging_mixin.py:190} INFO - [2024-10-14T02:26:54.888+0000] {dag.py:4180} INFO - Setting next_dagrun for latest_only_with_trigger to 2024-10-13 20:00:00+00:00, run_after=2024-10-14 00:00:00+00:00
[2024-10-14T02:26:54.918+0000] {processor.py:208} INFO - Processing /home/airflow/.local/lib/python3.12/site-packages/airflow/example_dags/example_latest_only_with_trigger.py took 0.352 seconds
[2024-10-14T02:27:25.780+0000] {processor.py:186} INFO - Started process (PID=170) to work on /home/airflow/.local/lib/python3.12/site-packages/airflow/example_dags/example_latest_only_with_trigger.py
[2024-10-14T02:27:25.781+0000] {processor.py:914} INFO - Processing file /home/airflow/.local/lib/python3.12/site-packages/airflow/example_dags/example_latest_only_with_trigger.py for tasks to queue
[2024-10-14T02:27:25.783+0000] {logging_mixin.py:190} INFO - [2024-10-14T02:27:25.783+0000] {dagbag.py:588} INFO - Filling up the DagBag from /home/airflow/.local/lib/python3.12/site-packages/airflow/example_dags/example_latest_only_with_trigger.py
[2024-10-14T02:27:25.789+0000] {processor.py:925} INFO - DAG(s) 'latest_only_with_trigger' retrieved from /home/airflow/.local/lib/python3.12/site-packages/airflow/example_dags/example_latest_only_with_trigger.py
[2024-10-14T02:27:25.808+0000] {logging_mixin.py:190} INFO - [2024-10-14T02:27:25.807+0000] {dag.py:3239} INFO - Sync 1 DAGs
[2024-10-14T02:27:25.827+0000] {logging_mixin.py:190} INFO - [2024-10-14T02:27:25.827+0000] {dag.py:4180} INFO - Setting next_dagrun for latest_only_with_trigger to 2024-10-13 20:00:00+00:00, run_after=2024-10-14 00:00:00+00:00
[2024-10-14T02:27:25.854+0000] {processor.py:208} INFO - Processing /home/airflow/.local/lib/python3.12/site-packages/airflow/example_dags/example_latest_only_with_trigger.py took 0.079 seconds
[2024-10-14T02:27:56.327+0000] {processor.py:186} INFO - Started process (PID=233) to work on /home/airflow/.local/lib/python3.12/site-packages/airflow/example_dags/example_latest_only_with_trigger.py
[2024-10-14T02:27:56.328+0000] {processor.py:914} INFO - Processing file /home/airflow/.local/lib/python3.12/site-packages/airflow/example_dags/example_latest_only_with_trigger.py for tasks to queue
[2024-10-14T02:27:56.330+0000] {logging_mixin.py:190} INFO - [2024-10-14T02:27:56.330+0000] {dagbag.py:588} INFO - Filling up the DagBag from /home/airflow/.local/lib/python3.12/site-packages/airflow/example_dags/example_latest_only_with_trigger.py
[2024-10-14T02:27:56.338+0000] {processor.py:925} INFO - DAG(s) 'latest_only_with_trigger' retrieved from /home/airflow/.local/lib/python3.12/site-packages/airflow/example_dags/example_latest_only_with_trigger.py
[2024-10-14T02:27:56.361+0000] {logging_mixin.py:190} INFO - [2024-10-14T02:27:56.361+0000] {dag.py:3239} INFO - Sync 1 DAGs
[2024-10-14T02:27:56.386+0000] {logging_mixin.py:190} INFO - [2024-10-14T02:27:56.386+0000] {dag.py:4180} INFO - Setting next_dagrun for latest_only_with_trigger to 2024-10-13 20:00:00+00:00, run_after=2024-10-14 00:00:00+00:00
[2024-10-14T02:27:56.409+0000] {processor.py:208} INFO - Processing /home/airflow/.local/lib/python3.12/site-packages/airflow/example_dags/example_latest_only_with_trigger.py took 0.088 seconds
[2024-10-14T02:28:28.821+0000] {processor.py:186} INFO - Started process (PID=296) to work on /home/airflow/.local/lib/python3.12/site-packages/airflow/example_dags/example_latest_only_with_trigger.py
[2024-10-14T02:28:28.822+0000] {processor.py:914} INFO - Processing file /home/airflow/.local/lib/python3.12/site-packages/airflow/example_dags/example_latest_only_with_trigger.py for tasks to queue
[2024-10-14T02:28:28.826+0000] {logging_mixin.py:190} INFO - [2024-10-14T02:28:28.826+0000] {dagbag.py:588} INFO - Filling up the DagBag from /home/airflow/.local/lib/python3.12/site-packages/airflow/example_dags/example_latest_only_with_trigger.py
[2024-10-14T02:28:28.832+0000] {processor.py:925} INFO - DAG(s) 'latest_only_with_trigger' retrieved from /home/airflow/.local/lib/python3.12/site-packages/airflow/example_dags/example_latest_only_with_trigger.py
[2024-10-14T02:28:28.859+0000] {logging_mixin.py:190} INFO - [2024-10-14T02:28:28.859+0000] {dag.py:3239} INFO - Sync 1 DAGs
[2024-10-14T02:28:28.886+0000] {logging_mixin.py:190} INFO - [2024-10-14T02:28:28.884+0000] {dag.py:4180} INFO - Setting next_dagrun for latest_only_with_trigger to 2024-10-13 20:00:00+00:00, run_after=2024-10-14 00:00:00+00:00
[2024-10-14T02:28:28.910+0000] {processor.py:208} INFO - Processing /home/airflow/.local/lib/python3.12/site-packages/airflow/example_dags/example_latest_only_with_trigger.py took 0.095 seconds
[2024-10-14T02:29:02.524+0000] {processor.py:186} INFO - Started process (PID=359) to work on /home/airflow/.local/lib/python3.12/site-packages/airflow/example_dags/example_latest_only_with_trigger.py
[2024-10-14T02:29:02.525+0000] {processor.py:914} INFO - Processing file /home/airflow/.local/lib/python3.12/site-packages/airflow/example_dags/example_latest_only_with_trigger.py for tasks to queue
[2024-10-14T02:29:02.528+0000] {logging_mixin.py:190} INFO - [2024-10-14T02:29:02.527+0000] {dagbag.py:588} INFO - Filling up the DagBag from /home/airflow/.local/lib/python3.12/site-packages/airflow/example_dags/example_latest_only_with_trigger.py
[2024-10-14T02:29:02.535+0000] {processor.py:925} INFO - DAG(s) 'latest_only_with_trigger' retrieved from /home/airflow/.local/lib/python3.12/site-packages/airflow/example_dags/example_latest_only_with_trigger.py
[2024-10-14T02:29:02.556+0000] {logging_mixin.py:190} INFO - [2024-10-14T02:29:02.556+0000] {dag.py:3239} INFO - Sync 1 DAGs
[2024-10-14T02:29:02.579+0000] {logging_mixin.py:190} INFO - [2024-10-14T02:29:02.579+0000] {dag.py:4180} INFO - Setting next_dagrun for latest_only_with_trigger to 2024-10-13 20:00:00+00:00, run_after=2024-10-14 00:00:00+00:00
[2024-10-14T02:29:02.601+0000] {processor.py:208} INFO - Processing /home/airflow/.local/lib/python3.12/site-packages/airflow/example_dags/example_latest_only_with_trigger.py took 0.084 seconds
[2024-10-14T02:29:35.158+0000] {processor.py:186} INFO - Started process (PID=422) to work on /home/airflow/.local/lib/python3.12/site-packages/airflow/example_dags/example_latest_only_with_trigger.py
[2024-10-14T02:29:35.159+0000] {processor.py:914} INFO - Processing file /home/airflow/.local/lib/python3.12/site-packages/airflow/example_dags/example_latest_only_with_trigger.py for tasks to queue
[2024-10-14T02:29:35.167+0000] {logging_mixin.py:190} INFO - [2024-10-14T02:29:35.166+0000] {dagbag.py:588} INFO - Filling up the DagBag from /home/airflow/.local/lib/python3.12/site-packages/airflow/example_dags/example_latest_only_with_trigger.py
[2024-10-14T02:29:35.184+0000] {processor.py:925} INFO - DAG(s) 'latest_only_with_trigger' retrieved from /home/airflow/.local/lib/python3.12/site-packages/airflow/example_dags/example_latest_only_with_trigger.py
[2024-10-14T02:29:35.227+0000] {logging_mixin.py:190} INFO - [2024-10-14T02:29:35.225+0000] {dag.py:3239} INFO - Sync 1 DAGs
[2024-10-14T02:29:35.263+0000] {logging_mixin.py:190} INFO - [2024-10-14T02:29:35.262+0000] {dag.py:4180} INFO - Setting next_dagrun for latest_only_with_trigger to 2024-10-13 20:00:00+00:00, run_after=2024-10-14 00:00:00+00:00
[2024-10-14T02:29:35.293+0000] {processor.py:208} INFO - Processing /home/airflow/.local/lib/python3.12/site-packages/airflow/example_dags/example_latest_only_with_trigger.py took 0.144 seconds
[2024-10-14T02:30:07.765+0000] {processor.py:186} INFO - Started process (PID=485) to work on /home/airflow/.local/lib/python3.12/site-packages/airflow/example_dags/example_latest_only_with_trigger.py
[2024-10-14T02:30:07.767+0000] {processor.py:914} INFO - Processing file /home/airflow/.local/lib/python3.12/site-packages/airflow/example_dags/example_latest_only_with_trigger.py for tasks to queue
[2024-10-14T02:30:07.771+0000] {logging_mixin.py:190} INFO - [2024-10-14T02:30:07.771+0000] {dagbag.py:588} INFO - Filling up the DagBag from /home/airflow/.local/lib/python3.12/site-packages/airflow/example_dags/example_latest_only_with_trigger.py
[2024-10-14T02:30:07.777+0000] {processor.py:925} INFO - DAG(s) 'latest_only_with_trigger' retrieved from /home/airflow/.local/lib/python3.12/site-packages/airflow/example_dags/example_latest_only_with_trigger.py
[2024-10-14T02:30:07.801+0000] {logging_mixin.py:190} INFO - [2024-10-14T02:30:07.800+0000] {dag.py:3239} INFO - Sync 1 DAGs
[2024-10-14T02:30:07.823+0000] {logging_mixin.py:190} INFO - [2024-10-14T02:30:07.823+0000] {dag.py:4180} INFO - Setting next_dagrun for latest_only_with_trigger to 2024-10-13 20:00:00+00:00, run_after=2024-10-14 00:00:00+00:00
[2024-10-14T02:30:07.850+0000] {processor.py:208} INFO - Processing /home/airflow/.local/lib/python3.12/site-packages/airflow/example_dags/example_latest_only_with_trigger.py took 0.091 seconds
[2024-10-14T02:30:40.705+0000] {processor.py:186} INFO - Started process (PID=549) to work on /home/airflow/.local/lib/python3.12/site-packages/airflow/example_dags/example_latest_only_with_trigger.py
[2024-10-14T02:30:40.706+0000] {processor.py:914} INFO - Processing file /home/airflow/.local/lib/python3.12/site-packages/airflow/example_dags/example_latest_only_with_trigger.py for tasks to queue
[2024-10-14T02:30:40.709+0000] {logging_mixin.py:190} INFO - [2024-10-14T02:30:40.709+0000] {dagbag.py:588} INFO - Filling up the DagBag from /home/airflow/.local/lib/python3.12/site-packages/airflow/example_dags/example_latest_only_with_trigger.py
[2024-10-14T02:30:40.717+0000] {processor.py:925} INFO - DAG(s) 'latest_only_with_trigger' retrieved from /home/airflow/.local/lib/python3.12/site-packages/airflow/example_dags/example_latest_only_with_trigger.py
[2024-10-14T02:30:40.736+0000] {logging_mixin.py:190} INFO - [2024-10-14T02:30:40.735+0000] {dag.py:3239} INFO - Sync 1 DAGs
[2024-10-14T02:30:40.756+0000] {logging_mixin.py:190} INFO - [2024-10-14T02:30:40.756+0000] {dag.py:4180} INFO - Setting next_dagrun for latest_only_with_trigger to 2024-10-13 20:00:00+00:00, run_after=2024-10-14 00:00:00+00:00
[2024-10-14T02:30:40.776+0000] {processor.py:208} INFO - Processing /home/airflow/.local/lib/python3.12/site-packages/airflow/example_dags/example_latest_only_with_trigger.py took 0.076 seconds
[2024-10-14T02:31:13.901+0000] {processor.py:186} INFO - Started process (PID=612) to work on /home/airflow/.local/lib/python3.12/site-packages/airflow/example_dags/example_latest_only_with_trigger.py
[2024-10-14T02:31:13.902+0000] {processor.py:914} INFO - Processing file /home/airflow/.local/lib/python3.12/site-packages/airflow/example_dags/example_latest_only_with_trigger.py for tasks to queue
[2024-10-14T02:31:13.905+0000] {logging_mixin.py:190} INFO - [2024-10-14T02:31:13.904+0000] {dagbag.py:588} INFO - Filling up the DagBag from /home/airflow/.local/lib/python3.12/site-packages/airflow/example_dags/example_latest_only_with_trigger.py
[2024-10-14T02:31:13.911+0000] {processor.py:925} INFO - DAG(s) 'latest_only_with_trigger' retrieved from /home/airflow/.local/lib/python3.12/site-packages/airflow/example_dags/example_latest_only_with_trigger.py
[2024-10-14T02:31:13.930+0000] {logging_mixin.py:190} INFO - [2024-10-14T02:31:13.930+0000] {dag.py:3239} INFO - Sync 1 DAGs
[2024-10-14T02:31:13.951+0000] {logging_mixin.py:190} INFO - [2024-10-14T02:31:13.951+0000] {dag.py:4180} INFO - Setting next_dagrun for latest_only_with_trigger to 2024-10-13 20:00:00+00:00, run_after=2024-10-14 00:00:00+00:00
[2024-10-14T02:31:13.970+0000] {processor.py:208} INFO - Processing /home/airflow/.local/lib/python3.12/site-packages/airflow/example_dags/example_latest_only_with_trigger.py took 0.075 seconds
[2024-10-14T02:31:47.212+0000] {processor.py:186} INFO - Started process (PID=675) to work on /home/airflow/.local/lib/python3.12/site-packages/airflow/example_dags/example_latest_only_with_trigger.py
[2024-10-14T02:31:47.213+0000] {processor.py:914} INFO - Processing file /home/airflow/.local/lib/python3.12/site-packages/airflow/example_dags/example_latest_only_with_trigger.py for tasks to queue
[2024-10-14T02:31:47.215+0000] {logging_mixin.py:190} INFO - [2024-10-14T02:31:47.215+0000] {dagbag.py:588} INFO - Filling up the DagBag from /home/airflow/.local/lib/python3.12/site-packages/airflow/example_dags/example_latest_only_with_trigger.py
[2024-10-14T02:31:47.221+0000] {processor.py:925} INFO - DAG(s) 'latest_only_with_trigger' retrieved from /home/airflow/.local/lib/python3.12/site-packages/airflow/example_dags/example_latest_only_with_trigger.py
[2024-10-14T02:31:47.240+0000] {logging_mixin.py:190} INFO - [2024-10-14T02:31:47.240+0000] {dag.py:3239} INFO - Sync 1 DAGs
[2024-10-14T02:31:47.260+0000] {logging_mixin.py:190} INFO - [2024-10-14T02:31:47.259+0000] {dag.py:4180} INFO - Setting next_dagrun for latest_only_with_trigger to 2024-10-13 20:00:00+00:00, run_after=2024-10-14 00:00:00+00:00
[2024-10-14T02:31:47.282+0000] {processor.py:208} INFO - Processing /home/airflow/.local/lib/python3.12/site-packages/airflow/example_dags/example_latest_only_with_trigger.py took 0.075 seconds
[2024-10-14T02:32:19.345+0000] {processor.py:186} INFO - Started process (PID=732) to work on /home/airflow/.local/lib/python3.12/site-packages/airflow/example_dags/example_latest_only_with_trigger.py
[2024-10-14T02:32:19.347+0000] {processor.py:914} INFO - Processing file /home/airflow/.local/lib/python3.12/site-packages/airflow/example_dags/example_latest_only_with_trigger.py for tasks to queue
[2024-10-14T02:32:19.350+0000] {logging_mixin.py:190} INFO - [2024-10-14T02:32:19.350+0000] {dagbag.py:588} INFO - Filling up the DagBag from /home/airflow/.local/lib/python3.12/site-packages/airflow/example_dags/example_latest_only_with_trigger.py
[2024-10-14T02:32:19.358+0000] {processor.py:925} INFO - DAG(s) 'latest_only_with_trigger' retrieved from /home/airflow/.local/lib/python3.12/site-packages/airflow/example_dags/example_latest_only_with_trigger.py
[2024-10-14T02:32:19.393+0000] {logging_mixin.py:190} INFO - [2024-10-14T02:32:19.392+0000] {dag.py:3239} INFO - Sync 1 DAGs
[2024-10-14T02:32:19.433+0000] {logging_mixin.py:190} INFO - [2024-10-14T02:32:19.433+0000] {dag.py:4180} INFO - Setting next_dagrun for latest_only_with_trigger to 2024-10-13 20:00:00+00:00, run_after=2024-10-14 00:00:00+00:00
[2024-10-14T02:32:19.457+0000] {processor.py:208} INFO - Processing /home/airflow/.local/lib/python3.12/site-packages/airflow/example_dags/example_latest_only_with_trigger.py took 0.118 seconds
[2024-10-14T02:32:53.002+0000] {processor.py:186} INFO - Started process (PID=801) to work on /home/airflow/.local/lib/python3.12/site-packages/airflow/example_dags/example_latest_only_with_trigger.py
[2024-10-14T02:32:53.004+0000] {processor.py:914} INFO - Processing file /home/airflow/.local/lib/python3.12/site-packages/airflow/example_dags/example_latest_only_with_trigger.py for tasks to queue
[2024-10-14T02:32:53.008+0000] {logging_mixin.py:190} INFO - [2024-10-14T02:32:53.008+0000] {dagbag.py:588} INFO - Filling up the DagBag from /home/airflow/.local/lib/python3.12/site-packages/airflow/example_dags/example_latest_only_with_trigger.py
[2024-10-14T02:32:53.021+0000] {processor.py:925} INFO - DAG(s) 'latest_only_with_trigger' retrieved from /home/airflow/.local/lib/python3.12/site-packages/airflow/example_dags/example_latest_only_with_trigger.py
[2024-10-14T02:32:53.054+0000] {logging_mixin.py:190} INFO - [2024-10-14T02:32:53.053+0000] {dag.py:3239} INFO - Sync 1 DAGs
[2024-10-14T02:32:53.089+0000] {logging_mixin.py:190} INFO - [2024-10-14T02:32:53.088+0000] {dag.py:4180} INFO - Setting next_dagrun for latest_only_with_trigger to 2024-10-13 20:00:00+00:00, run_after=2024-10-14 00:00:00+00:00
[2024-10-14T02:32:53.122+0000] {processor.py:208} INFO - Processing /home/airflow/.local/lib/python3.12/site-packages/airflow/example_dags/example_latest_only_with_trigger.py took 0.128 seconds
[2024-10-14T02:33:25.385+0000] {processor.py:186} INFO - Started process (PID=860) to work on /home/airflow/.local/lib/python3.12/site-packages/airflow/example_dags/example_latest_only_with_trigger.py
[2024-10-14T02:33:25.386+0000] {processor.py:914} INFO - Processing file /home/airflow/.local/lib/python3.12/site-packages/airflow/example_dags/example_latest_only_with_trigger.py for tasks to queue
[2024-10-14T02:33:25.388+0000] {logging_mixin.py:190} INFO - [2024-10-14T02:33:25.388+0000] {dagbag.py:588} INFO - Filling up the DagBag from /home/airflow/.local/lib/python3.12/site-packages/airflow/example_dags/example_latest_only_with_trigger.py
[2024-10-14T02:33:25.396+0000] {processor.py:925} INFO - DAG(s) 'latest_only_with_trigger' retrieved from /home/airflow/.local/lib/python3.12/site-packages/airflow/example_dags/example_latest_only_with_trigger.py
[2024-10-14T02:33:25.415+0000] {logging_mixin.py:190} INFO - [2024-10-14T02:33:25.415+0000] {dag.py:3239} INFO - Sync 1 DAGs
[2024-10-14T02:33:25.439+0000] {logging_mixin.py:190} INFO - [2024-10-14T02:33:25.438+0000] {dag.py:4180} INFO - Setting next_dagrun for latest_only_with_trigger to 2024-10-13 20:00:00+00:00, run_after=2024-10-14 00:00:00+00:00
[2024-10-14T02:33:25.459+0000] {processor.py:208} INFO - Processing /home/airflow/.local/lib/python3.12/site-packages/airflow/example_dags/example_latest_only_with_trigger.py took 0.080 seconds
[2024-10-14T02:33:59.322+0000] {processor.py:186} INFO - Started process (PID=929) to work on /home/airflow/.local/lib/python3.12/site-packages/airflow/example_dags/example_latest_only_with_trigger.py
[2024-10-14T02:33:59.324+0000] {processor.py:914} INFO - Processing file /home/airflow/.local/lib/python3.12/site-packages/airflow/example_dags/example_latest_only_with_trigger.py for tasks to queue
[2024-10-14T02:33:59.326+0000] {logging_mixin.py:190} INFO - [2024-10-14T02:33:59.326+0000] {dagbag.py:588} INFO - Filling up the DagBag from /home/airflow/.local/lib/python3.12/site-packages/airflow/example_dags/example_latest_only_with_trigger.py
[2024-10-14T02:33:59.334+0000] {processor.py:925} INFO - DAG(s) 'latest_only_with_trigger' retrieved from /home/airflow/.local/lib/python3.12/site-packages/airflow/example_dags/example_latest_only_with_trigger.py
[2024-10-14T02:33:59.352+0000] {logging_mixin.py:190} INFO - [2024-10-14T02:33:59.352+0000] {dag.py:3239} INFO - Sync 1 DAGs
[2024-10-14T02:33:59.372+0000] {logging_mixin.py:190} INFO - [2024-10-14T02:33:59.372+0000] {dag.py:4180} INFO - Setting next_dagrun for latest_only_with_trigger to 2024-10-13 20:00:00+00:00, run_after=2024-10-14 00:00:00+00:00
[2024-10-14T02:33:59.391+0000] {processor.py:208} INFO - Processing /home/airflow/.local/lib/python3.12/site-packages/airflow/example_dags/example_latest_only_with_trigger.py took 0.074 seconds
[2024-10-14T02:34:32.230+0000] {processor.py:186} INFO - Started process (PID=992) to work on /home/airflow/.local/lib/python3.12/site-packages/airflow/example_dags/example_latest_only_with_trigger.py
[2024-10-14T02:34:32.231+0000] {processor.py:914} INFO - Processing file /home/airflow/.local/lib/python3.12/site-packages/airflow/example_dags/example_latest_only_with_trigger.py for tasks to queue
[2024-10-14T02:34:32.234+0000] {logging_mixin.py:190} INFO - [2024-10-14T02:34:32.234+0000] {dagbag.py:588} INFO - Filling up the DagBag from /home/airflow/.local/lib/python3.12/site-packages/airflow/example_dags/example_latest_only_with_trigger.py
[2024-10-14T02:34:32.243+0000] {processor.py:925} INFO - DAG(s) 'latest_only_with_trigger' retrieved from /home/airflow/.local/lib/python3.12/site-packages/airflow/example_dags/example_latest_only_with_trigger.py
[2024-10-14T02:34:32.276+0000] {logging_mixin.py:190} INFO - [2024-10-14T02:34:32.276+0000] {dag.py:3239} INFO - Sync 1 DAGs
[2024-10-14T02:34:32.310+0000] {logging_mixin.py:190} INFO - [2024-10-14T02:34:32.310+0000] {dag.py:4180} INFO - Setting next_dagrun for latest_only_with_trigger to 2024-10-13 20:00:00+00:00, run_after=2024-10-14 00:00:00+00:00
[2024-10-14T02:34:32.342+0000] {processor.py:208} INFO - Processing /home/airflow/.local/lib/python3.12/site-packages/airflow/example_dags/example_latest_only_with_trigger.py took 0.120 seconds
[2024-10-14T02:35:05.467+0000] {processor.py:186} INFO - Started process (PID=1055) to work on /home/airflow/.local/lib/python3.12/site-packages/airflow/example_dags/example_latest_only_with_trigger.py
[2024-10-14T02:35:05.468+0000] {processor.py:914} INFO - Processing file /home/airflow/.local/lib/python3.12/site-packages/airflow/example_dags/example_latest_only_with_trigger.py for tasks to queue
[2024-10-14T02:35:05.471+0000] {logging_mixin.py:190} INFO - [2024-10-14T02:35:05.471+0000] {dagbag.py:588} INFO - Filling up the DagBag from /home/airflow/.local/lib/python3.12/site-packages/airflow/example_dags/example_latest_only_with_trigger.py
[2024-10-14T02:35:05.482+0000] {processor.py:925} INFO - DAG(s) 'latest_only_with_trigger' retrieved from /home/airflow/.local/lib/python3.12/site-packages/airflow/example_dags/example_latest_only_with_trigger.py
[2024-10-14T02:35:05.517+0000] {logging_mixin.py:190} INFO - [2024-10-14T02:35:05.516+0000] {dag.py:3239} INFO - Sync 1 DAGs
[2024-10-14T02:35:05.548+0000] {logging_mixin.py:190} INFO - [2024-10-14T02:35:05.548+0000] {dag.py:4180} INFO - Setting next_dagrun for latest_only_with_trigger to 2024-10-13 20:00:00+00:00, run_after=2024-10-14 00:00:00+00:00
[2024-10-14T02:35:05.577+0000] {processor.py:208} INFO - Processing /home/airflow/.local/lib/python3.12/site-packages/airflow/example_dags/example_latest_only_with_trigger.py took 0.121 seconds
[2024-10-14T02:35:38.475+0000] {processor.py:186} INFO - Started process (PID=1117) to work on /home/airflow/.local/lib/python3.12/site-packages/airflow/example_dags/example_latest_only_with_trigger.py
[2024-10-14T02:35:38.477+0000] {processor.py:914} INFO - Processing file /home/airflow/.local/lib/python3.12/site-packages/airflow/example_dags/example_latest_only_with_trigger.py for tasks to queue
[2024-10-14T02:35:38.481+0000] {logging_mixin.py:190} INFO - [2024-10-14T02:35:38.480+0000] {dagbag.py:588} INFO - Filling up the DagBag from /home/airflow/.local/lib/python3.12/site-packages/airflow/example_dags/example_latest_only_with_trigger.py
[2024-10-14T02:35:38.492+0000] {processor.py:925} INFO - DAG(s) 'latest_only_with_trigger' retrieved from /home/airflow/.local/lib/python3.12/site-packages/airflow/example_dags/example_latest_only_with_trigger.py
[2024-10-14T02:35:38.526+0000] {logging_mixin.py:190} INFO - [2024-10-14T02:35:38.525+0000] {dag.py:3239} INFO - Sync 1 DAGs
[2024-10-14T02:35:38.584+0000] {logging_mixin.py:190} INFO - [2024-10-14T02:35:38.583+0000] {dag.py:4180} INFO - Setting next_dagrun for latest_only_with_trigger to 2024-10-13 20:00:00+00:00, run_after=2024-10-14 00:00:00+00:00
[2024-10-14T02:35:38.617+0000] {processor.py:208} INFO - Processing /home/airflow/.local/lib/python3.12/site-packages/airflow/example_dags/example_latest_only_with_trigger.py took 0.152 seconds
[2024-10-14T02:36:12.301+0000] {processor.py:186} INFO - Started process (PID=1181) to work on /home/airflow/.local/lib/python3.12/site-packages/airflow/example_dags/example_latest_only_with_trigger.py
[2024-10-14T02:36:12.302+0000] {processor.py:914} INFO - Processing file /home/airflow/.local/lib/python3.12/site-packages/airflow/example_dags/example_latest_only_with_trigger.py for tasks to queue
[2024-10-14T02:36:12.305+0000] {logging_mixin.py:190} INFO - [2024-10-14T02:36:12.305+0000] {dagbag.py:588} INFO - Filling up the DagBag from /home/airflow/.local/lib/python3.12/site-packages/airflow/example_dags/example_latest_only_with_trigger.py
[2024-10-14T02:36:12.314+0000] {processor.py:925} INFO - DAG(s) 'latest_only_with_trigger' retrieved from /home/airflow/.local/lib/python3.12/site-packages/airflow/example_dags/example_latest_only_with_trigger.py
[2024-10-14T02:36:12.334+0000] {logging_mixin.py:190} INFO - [2024-10-14T02:36:12.333+0000] {dag.py:3239} INFO - Sync 1 DAGs
[2024-10-14T02:36:12.358+0000] {logging_mixin.py:190} INFO - [2024-10-14T02:36:12.358+0000] {dag.py:4180} INFO - Setting next_dagrun for latest_only_with_trigger to 2024-10-13 20:00:00+00:00, run_after=2024-10-14 00:00:00+00:00
[2024-10-14T02:36:12.378+0000] {processor.py:208} INFO - Processing /home/airflow/.local/lib/python3.12/site-packages/airflow/example_dags/example_latest_only_with_trigger.py took 0.083 seconds
[2024-10-14T02:37:50.123+0000] {processor.py:186} INFO - Started process (PID=108) to work on /home/airflow/.local/lib/python3.12/site-packages/airflow/example_dags/example_latest_only_with_trigger.py
[2024-10-14T02:37:50.125+0000] {processor.py:914} INFO - Processing file /home/airflow/.local/lib/python3.12/site-packages/airflow/example_dags/example_latest_only_with_trigger.py for tasks to queue
[2024-10-14T02:37:50.127+0000] {logging_mixin.py:190} INFO - [2024-10-14T02:37:50.127+0000] {dagbag.py:588} INFO - Filling up the DagBag from /home/airflow/.local/lib/python3.12/site-packages/airflow/example_dags/example_latest_only_with_trigger.py
[2024-10-14T02:37:50.135+0000] {processor.py:925} INFO - DAG(s) 'latest_only_with_trigger' retrieved from /home/airflow/.local/lib/python3.12/site-packages/airflow/example_dags/example_latest_only_with_trigger.py
[2024-10-14T02:37:50.158+0000] {logging_mixin.py:190} INFO - [2024-10-14T02:37:50.157+0000] {dag.py:3239} INFO - Sync 1 DAGs
[2024-10-14T02:37:50.183+0000] {logging_mixin.py:190} INFO - [2024-10-14T02:37:50.183+0000] {dag.py:4180} INFO - Setting next_dagrun for latest_only_with_trigger to 2024-10-13 20:00:00+00:00, run_after=2024-10-14 00:00:00+00:00
[2024-10-14T02:37:50.203+0000] {processor.py:208} INFO - Processing /home/airflow/.local/lib/python3.12/site-packages/airflow/example_dags/example_latest_only_with_trigger.py took 0.086 seconds
[2024-10-14T02:38:23.021+0000] {processor.py:186} INFO - Started process (PID=172) to work on /home/airflow/.local/lib/python3.12/site-packages/airflow/example_dags/example_latest_only_with_trigger.py
[2024-10-14T02:38:23.022+0000] {processor.py:914} INFO - Processing file /home/airflow/.local/lib/python3.12/site-packages/airflow/example_dags/example_latest_only_with_trigger.py for tasks to queue
[2024-10-14T02:38:23.024+0000] {logging_mixin.py:190} INFO - [2024-10-14T02:38:23.024+0000] {dagbag.py:588} INFO - Filling up the DagBag from /home/airflow/.local/lib/python3.12/site-packages/airflow/example_dags/example_latest_only_with_trigger.py
[2024-10-14T02:38:23.031+0000] {processor.py:925} INFO - DAG(s) 'latest_only_with_trigger' retrieved from /home/airflow/.local/lib/python3.12/site-packages/airflow/example_dags/example_latest_only_with_trigger.py
[2024-10-14T02:38:23.050+0000] {logging_mixin.py:190} INFO - [2024-10-14T02:38:23.050+0000] {dag.py:3239} INFO - Sync 1 DAGs
[2024-10-14T02:38:23.071+0000] {logging_mixin.py:190} INFO - [2024-10-14T02:38:23.071+0000] {dag.py:4180} INFO - Setting next_dagrun for latest_only_with_trigger to 2024-10-13 20:00:00+00:00, run_after=2024-10-14 00:00:00+00:00
[2024-10-14T02:38:23.092+0000] {processor.py:208} INFO - Processing /home/airflow/.local/lib/python3.12/site-packages/airflow/example_dags/example_latest_only_with_trigger.py took 0.076 seconds
[2024-10-14T02:38:58.186+0000] {processor.py:186} INFO - Started process (PID=237) to work on /home/airflow/.local/lib/python3.12/site-packages/airflow/example_dags/example_latest_only_with_trigger.py
[2024-10-14T02:38:58.187+0000] {processor.py:914} INFO - Processing file /home/airflow/.local/lib/python3.12/site-packages/airflow/example_dags/example_latest_only_with_trigger.py for tasks to queue
[2024-10-14T02:38:58.189+0000] {logging_mixin.py:190} INFO - [2024-10-14T02:38:58.189+0000] {dagbag.py:588} INFO - Filling up the DagBag from /home/airflow/.local/lib/python3.12/site-packages/airflow/example_dags/example_latest_only_with_trigger.py
[2024-10-14T02:38:58.197+0000] {processor.py:925} INFO - DAG(s) 'latest_only_with_trigger' retrieved from /home/airflow/.local/lib/python3.12/site-packages/airflow/example_dags/example_latest_only_with_trigger.py
[2024-10-14T02:38:58.225+0000] {logging_mixin.py:190} INFO - [2024-10-14T02:38:58.225+0000] {dag.py:3239} INFO - Sync 1 DAGs
[2024-10-14T02:38:58.281+0000] {logging_mixin.py:190} INFO - [2024-10-14T02:38:58.281+0000] {dag.py:4180} INFO - Setting next_dagrun for latest_only_with_trigger to 2024-10-13 20:00:00+00:00, run_after=2024-10-14 00:00:00+00:00
[2024-10-14T02:38:58.319+0000] {processor.py:208} INFO - Processing /home/airflow/.local/lib/python3.12/site-packages/airflow/example_dags/example_latest_only_with_trigger.py took 0.138 seconds
[2024-10-14T02:39:29.858+0000] {processor.py:186} INFO - Started process (PID=301) to work on /home/airflow/.local/lib/python3.12/site-packages/airflow/example_dags/example_latest_only_with_trigger.py
[2024-10-14T02:39:29.860+0000] {processor.py:914} INFO - Processing file /home/airflow/.local/lib/python3.12/site-packages/airflow/example_dags/example_latest_only_with_trigger.py for tasks to queue
[2024-10-14T02:39:29.864+0000] {logging_mixin.py:190} INFO - [2024-10-14T02:39:29.863+0000] {dagbag.py:588} INFO - Filling up the DagBag from /home/airflow/.local/lib/python3.12/site-packages/airflow/example_dags/example_latest_only_with_trigger.py
[2024-10-14T02:39:29.882+0000] {processor.py:925} INFO - DAG(s) 'latest_only_with_trigger' retrieved from /home/airflow/.local/lib/python3.12/site-packages/airflow/example_dags/example_latest_only_with_trigger.py
[2024-10-14T02:39:29.926+0000] {logging_mixin.py:190} INFO - [2024-10-14T02:39:29.925+0000] {dag.py:3239} INFO - Sync 1 DAGs
[2024-10-14T02:39:29.958+0000] {logging_mixin.py:190} INFO - [2024-10-14T02:39:29.958+0000] {dag.py:4180} INFO - Setting next_dagrun for latest_only_with_trigger to 2024-10-13 20:00:00+00:00, run_after=2024-10-14 00:00:00+00:00
[2024-10-14T02:39:29.976+0000] {processor.py:208} INFO - Processing /home/airflow/.local/lib/python3.12/site-packages/airflow/example_dags/example_latest_only_with_trigger.py took 0.125 seconds
[2024-10-14T02:40:03.165+0000] {processor.py:186} INFO - Started process (PID=365) to work on /home/airflow/.local/lib/python3.12/site-packages/airflow/example_dags/example_latest_only_with_trigger.py
[2024-10-14T02:40:03.166+0000] {processor.py:914} INFO - Processing file /home/airflow/.local/lib/python3.12/site-packages/airflow/example_dags/example_latest_only_with_trigger.py for tasks to queue
[2024-10-14T02:40:03.168+0000] {logging_mixin.py:190} INFO - [2024-10-14T02:40:03.167+0000] {dagbag.py:588} INFO - Filling up the DagBag from /home/airflow/.local/lib/python3.12/site-packages/airflow/example_dags/example_latest_only_with_trigger.py
[2024-10-14T02:40:03.174+0000] {processor.py:925} INFO - DAG(s) 'latest_only_with_trigger' retrieved from /home/airflow/.local/lib/python3.12/site-packages/airflow/example_dags/example_latest_only_with_trigger.py
[2024-10-14T02:40:03.193+0000] {logging_mixin.py:190} INFO - [2024-10-14T02:40:03.193+0000] {dag.py:3239} INFO - Sync 1 DAGs
[2024-10-14T02:40:03.213+0000] {logging_mixin.py:190} INFO - [2024-10-14T02:40:03.213+0000] {dag.py:4180} INFO - Setting next_dagrun for latest_only_with_trigger to 2024-10-13 20:00:00+00:00, run_after=2024-10-14 00:00:00+00:00
[2024-10-14T02:40:03.233+0000] {processor.py:208} INFO - Processing /home/airflow/.local/lib/python3.12/site-packages/airflow/example_dags/example_latest_only_with_trigger.py took 0.074 seconds
[2024-10-14T02:40:35.709+0000] {processor.py:186} INFO - Started process (PID=429) to work on /home/airflow/.local/lib/python3.12/site-packages/airflow/example_dags/example_latest_only_with_trigger.py
[2024-10-14T02:40:35.710+0000] {processor.py:914} INFO - Processing file /home/airflow/.local/lib/python3.12/site-packages/airflow/example_dags/example_latest_only_with_trigger.py for tasks to queue
[2024-10-14T02:40:35.712+0000] {logging_mixin.py:190} INFO - [2024-10-14T02:40:35.712+0000] {dagbag.py:588} INFO - Filling up the DagBag from /home/airflow/.local/lib/python3.12/site-packages/airflow/example_dags/example_latest_only_with_trigger.py
[2024-10-14T02:40:35.719+0000] {processor.py:925} INFO - DAG(s) 'latest_only_with_trigger' retrieved from /home/airflow/.local/lib/python3.12/site-packages/airflow/example_dags/example_latest_only_with_trigger.py
[2024-10-14T02:40:35.737+0000] {logging_mixin.py:190} INFO - [2024-10-14T02:40:35.737+0000] {dag.py:3239} INFO - Sync 1 DAGs
[2024-10-14T02:40:35.758+0000] {logging_mixin.py:190} INFO - [2024-10-14T02:40:35.758+0000] {dag.py:4180} INFO - Setting next_dagrun for latest_only_with_trigger to 2024-10-13 20:00:00+00:00, run_after=2024-10-14 00:00:00+00:00
[2024-10-14T02:40:35.783+0000] {processor.py:208} INFO - Processing /home/airflow/.local/lib/python3.12/site-packages/airflow/example_dags/example_latest_only_with_trigger.py took 0.079 seconds
[2024-10-14T02:41:07.776+0000] {processor.py:186} INFO - Started process (PID=493) to work on /home/airflow/.local/lib/python3.12/site-packages/airflow/example_dags/example_latest_only_with_trigger.py
[2024-10-14T02:41:07.777+0000] {processor.py:914} INFO - Processing file /home/airflow/.local/lib/python3.12/site-packages/airflow/example_dags/example_latest_only_with_trigger.py for tasks to queue
[2024-10-14T02:41:07.780+0000] {logging_mixin.py:190} INFO - [2024-10-14T02:41:07.780+0000] {dagbag.py:588} INFO - Filling up the DagBag from /home/airflow/.local/lib/python3.12/site-packages/airflow/example_dags/example_latest_only_with_trigger.py
[2024-10-14T02:41:07.787+0000] {processor.py:925} INFO - DAG(s) 'latest_only_with_trigger' retrieved from /home/airflow/.local/lib/python3.12/site-packages/airflow/example_dags/example_latest_only_with_trigger.py
[2024-10-14T02:41:07.812+0000] {logging_mixin.py:190} INFO - [2024-10-14T02:41:07.811+0000] {dag.py:3239} INFO - Sync 1 DAGs
[2024-10-14T02:41:07.834+0000] {logging_mixin.py:190} INFO - [2024-10-14T02:41:07.834+0000] {dag.py:4180} INFO - Setting next_dagrun for latest_only_with_trigger to 2024-10-13 20:00:00+00:00, run_after=2024-10-14 00:00:00+00:00
[2024-10-14T02:41:07.855+0000] {processor.py:208} INFO - Processing /home/airflow/.local/lib/python3.12/site-packages/airflow/example_dags/example_latest_only_with_trigger.py took 0.084 seconds
[2024-10-14T02:41:40.946+0000] {processor.py:186} INFO - Started process (PID=557) to work on /home/airflow/.local/lib/python3.12/site-packages/airflow/example_dags/example_latest_only_with_trigger.py
[2024-10-14T02:41:40.947+0000] {processor.py:914} INFO - Processing file /home/airflow/.local/lib/python3.12/site-packages/airflow/example_dags/example_latest_only_with_trigger.py for tasks to queue
[2024-10-14T02:41:40.950+0000] {logging_mixin.py:190} INFO - [2024-10-14T02:41:40.949+0000] {dagbag.py:588} INFO - Filling up the DagBag from /home/airflow/.local/lib/python3.12/site-packages/airflow/example_dags/example_latest_only_with_trigger.py
[2024-10-14T02:41:40.956+0000] {processor.py:925} INFO - DAG(s) 'latest_only_with_trigger' retrieved from /home/airflow/.local/lib/python3.12/site-packages/airflow/example_dags/example_latest_only_with_trigger.py
[2024-10-14T02:41:40.974+0000] {logging_mixin.py:190} INFO - [2024-10-14T02:41:40.974+0000] {dag.py:3239} INFO - Sync 1 DAGs
[2024-10-14T02:41:40.996+0000] {logging_mixin.py:190} INFO - [2024-10-14T02:41:40.995+0000] {dag.py:4180} INFO - Setting next_dagrun for latest_only_with_trigger to 2024-10-13 20:00:00+00:00, run_after=2024-10-14 00:00:00+00:00
[2024-10-14T02:41:41.017+0000] {processor.py:208} INFO - Processing /home/airflow/.local/lib/python3.12/site-packages/airflow/example_dags/example_latest_only_with_trigger.py took 0.076 seconds
[2024-10-14T02:42:14.422+0000] {processor.py:186} INFO - Started process (PID=621) to work on /home/airflow/.local/lib/python3.12/site-packages/airflow/example_dags/example_latest_only_with_trigger.py
[2024-10-14T02:42:14.423+0000] {processor.py:914} INFO - Processing file /home/airflow/.local/lib/python3.12/site-packages/airflow/example_dags/example_latest_only_with_trigger.py for tasks to queue
[2024-10-14T02:42:14.426+0000] {logging_mixin.py:190} INFO - [2024-10-14T02:42:14.426+0000] {dagbag.py:588} INFO - Filling up the DagBag from /home/airflow/.local/lib/python3.12/site-packages/airflow/example_dags/example_latest_only_with_trigger.py
[2024-10-14T02:42:14.434+0000] {processor.py:925} INFO - DAG(s) 'latest_only_with_trigger' retrieved from /home/airflow/.local/lib/python3.12/site-packages/airflow/example_dags/example_latest_only_with_trigger.py
[2024-10-14T02:42:14.455+0000] {logging_mixin.py:190} INFO - [2024-10-14T02:42:14.455+0000] {dag.py:3239} INFO - Sync 1 DAGs
[2024-10-14T02:42:14.478+0000] {logging_mixin.py:190} INFO - [2024-10-14T02:42:14.478+0000] {dag.py:4180} INFO - Setting next_dagrun for latest_only_with_trigger to 2024-10-13 20:00:00+00:00, run_after=2024-10-14 00:00:00+00:00
[2024-10-14T02:42:14.502+0000] {processor.py:208} INFO - Processing /home/airflow/.local/lib/python3.12/site-packages/airflow/example_dags/example_latest_only_with_trigger.py took 0.085 seconds
[2024-10-14T02:42:47.553+0000] {processor.py:186} INFO - Started process (PID=685) to work on /home/airflow/.local/lib/python3.12/site-packages/airflow/example_dags/example_latest_only_with_trigger.py
[2024-10-14T02:42:47.554+0000] {processor.py:914} INFO - Processing file /home/airflow/.local/lib/python3.12/site-packages/airflow/example_dags/example_latest_only_with_trigger.py for tasks to queue
[2024-10-14T02:42:47.556+0000] {logging_mixin.py:190} INFO - [2024-10-14T02:42:47.556+0000] {dagbag.py:588} INFO - Filling up the DagBag from /home/airflow/.local/lib/python3.12/site-packages/airflow/example_dags/example_latest_only_with_trigger.py
[2024-10-14T02:42:47.563+0000] {processor.py:925} INFO - DAG(s) 'latest_only_with_trigger' retrieved from /home/airflow/.local/lib/python3.12/site-packages/airflow/example_dags/example_latest_only_with_trigger.py
[2024-10-14T02:42:47.587+0000] {logging_mixin.py:190} INFO - [2024-10-14T02:42:47.587+0000] {dag.py:3239} INFO - Sync 1 DAGs
[2024-10-14T02:42:47.611+0000] {logging_mixin.py:190} INFO - [2024-10-14T02:42:47.611+0000] {dag.py:4180} INFO - Setting next_dagrun for latest_only_with_trigger to 2024-10-13 20:00:00+00:00, run_after=2024-10-14 00:00:00+00:00
[2024-10-14T02:42:47.636+0000] {processor.py:208} INFO - Processing /home/airflow/.local/lib/python3.12/site-packages/airflow/example_dags/example_latest_only_with_trigger.py took 0.088 seconds
[2024-10-14T02:43:20.739+0000] {processor.py:186} INFO - Started process (PID=749) to work on /home/airflow/.local/lib/python3.12/site-packages/airflow/example_dags/example_latest_only_with_trigger.py
[2024-10-14T02:43:20.740+0000] {processor.py:914} INFO - Processing file /home/airflow/.local/lib/python3.12/site-packages/airflow/example_dags/example_latest_only_with_trigger.py for tasks to queue
[2024-10-14T02:43:20.742+0000] {logging_mixin.py:190} INFO - [2024-10-14T02:43:20.742+0000] {dagbag.py:588} INFO - Filling up the DagBag from /home/airflow/.local/lib/python3.12/site-packages/airflow/example_dags/example_latest_only_with_trigger.py
[2024-10-14T02:43:20.751+0000] {processor.py:925} INFO - DAG(s) 'latest_only_with_trigger' retrieved from /home/airflow/.local/lib/python3.12/site-packages/airflow/example_dags/example_latest_only_with_trigger.py
[2024-10-14T02:43:20.772+0000] {logging_mixin.py:190} INFO - [2024-10-14T02:43:20.772+0000] {dag.py:3239} INFO - Sync 1 DAGs
[2024-10-14T02:43:20.799+0000] {logging_mixin.py:190} INFO - [2024-10-14T02:43:20.798+0000] {dag.py:4180} INFO - Setting next_dagrun for latest_only_with_trigger to 2024-10-13 20:00:00+00:00, run_after=2024-10-14 00:00:00+00:00
[2024-10-14T02:43:20.816+0000] {processor.py:208} INFO - Processing /home/airflow/.local/lib/python3.12/site-packages/airflow/example_dags/example_latest_only_with_trigger.py took 0.084 seconds
[2024-10-14T02:43:53.741+0000] {processor.py:186} INFO - Started process (PID=815) to work on /home/airflow/.local/lib/python3.12/site-packages/airflow/example_dags/example_latest_only_with_trigger.py
[2024-10-14T02:43:53.742+0000] {processor.py:914} INFO - Processing file /home/airflow/.local/lib/python3.12/site-packages/airflow/example_dags/example_latest_only_with_trigger.py for tasks to queue
[2024-10-14T02:43:53.744+0000] {logging_mixin.py:190} INFO - [2024-10-14T02:43:53.744+0000] {dagbag.py:588} INFO - Filling up the DagBag from /home/airflow/.local/lib/python3.12/site-packages/airflow/example_dags/example_latest_only_with_trigger.py
[2024-10-14T02:43:53.751+0000] {processor.py:925} INFO - DAG(s) 'latest_only_with_trigger' retrieved from /home/airflow/.local/lib/python3.12/site-packages/airflow/example_dags/example_latest_only_with_trigger.py
[2024-10-14T02:43:53.772+0000] {logging_mixin.py:190} INFO - [2024-10-14T02:43:53.772+0000] {dag.py:3239} INFO - Sync 1 DAGs
[2024-10-14T02:43:53.795+0000] {logging_mixin.py:190} INFO - [2024-10-14T02:43:53.795+0000] {dag.py:4180} INFO - Setting next_dagrun for latest_only_with_trigger to 2024-10-13 20:00:00+00:00, run_after=2024-10-14 00:00:00+00:00
[2024-10-14T02:43:53.818+0000] {processor.py:208} INFO - Processing /home/airflow/.local/lib/python3.12/site-packages/airflow/example_dags/example_latest_only_with_trigger.py took 0.082 seconds
[2024-10-14T02:44:28.244+0000] {processor.py:186} INFO - Started process (PID=883) to work on /home/airflow/.local/lib/python3.12/site-packages/airflow/example_dags/example_latest_only_with_trigger.py
[2024-10-14T02:44:28.245+0000] {processor.py:914} INFO - Processing file /home/airflow/.local/lib/python3.12/site-packages/airflow/example_dags/example_latest_only_with_trigger.py for tasks to queue
[2024-10-14T02:44:28.248+0000] {logging_mixin.py:190} INFO - [2024-10-14T02:44:28.247+0000] {dagbag.py:588} INFO - Filling up the DagBag from /home/airflow/.local/lib/python3.12/site-packages/airflow/example_dags/example_latest_only_with_trigger.py
[2024-10-14T02:44:28.255+0000] {processor.py:925} INFO - DAG(s) 'latest_only_with_trigger' retrieved from /home/airflow/.local/lib/python3.12/site-packages/airflow/example_dags/example_latest_only_with_trigger.py
[2024-10-14T02:44:28.277+0000] {logging_mixin.py:190} INFO - [2024-10-14T02:44:28.276+0000] {dag.py:3239} INFO - Sync 1 DAGs
[2024-10-14T02:44:28.303+0000] {logging_mixin.py:190} INFO - [2024-10-14T02:44:28.303+0000] {dag.py:4180} INFO - Setting next_dagrun for latest_only_with_trigger to 2024-10-13 20:00:00+00:00, run_after=2024-10-14 00:00:00+00:00
[2024-10-14T02:44:28.323+0000] {processor.py:208} INFO - Processing /home/airflow/.local/lib/python3.12/site-packages/airflow/example_dags/example_latest_only_with_trigger.py took 0.086 seconds
[2024-10-14T02:45:01.152+0000] {processor.py:186} INFO - Started process (PID=950) to work on /home/airflow/.local/lib/python3.12/site-packages/airflow/example_dags/example_latest_only_with_trigger.py
[2024-10-14T02:45:01.153+0000] {processor.py:914} INFO - Processing file /home/airflow/.local/lib/python3.12/site-packages/airflow/example_dags/example_latest_only_with_trigger.py for tasks to queue
[2024-10-14T02:45:01.156+0000] {logging_mixin.py:190} INFO - [2024-10-14T02:45:01.155+0000] {dagbag.py:588} INFO - Filling up the DagBag from /home/airflow/.local/lib/python3.12/site-packages/airflow/example_dags/example_latest_only_with_trigger.py
[2024-10-14T02:45:01.163+0000] {processor.py:925} INFO - DAG(s) 'latest_only_with_trigger' retrieved from /home/airflow/.local/lib/python3.12/site-packages/airflow/example_dags/example_latest_only_with_trigger.py
[2024-10-14T02:45:01.182+0000] {logging_mixin.py:190} INFO - [2024-10-14T02:45:01.182+0000] {dag.py:3239} INFO - Sync 1 DAGs
[2024-10-14T02:45:01.207+0000] {logging_mixin.py:190} INFO - [2024-10-14T02:45:01.207+0000] {dag.py:4180} INFO - Setting next_dagrun for latest_only_with_trigger to 2024-10-13 20:00:00+00:00, run_after=2024-10-14 00:00:00+00:00
[2024-10-14T02:45:01.230+0000] {processor.py:208} INFO - Processing /home/airflow/.local/lib/python3.12/site-packages/airflow/example_dags/example_latest_only_with_trigger.py took 0.085 seconds
[2024-10-14T02:45:33.657+0000] {processor.py:186} INFO - Started process (PID=1014) to work on /home/airflow/.local/lib/python3.12/site-packages/airflow/example_dags/example_latest_only_with_trigger.py
[2024-10-14T02:45:33.659+0000] {processor.py:914} INFO - Processing file /home/airflow/.local/lib/python3.12/site-packages/airflow/example_dags/example_latest_only_with_trigger.py for tasks to queue
[2024-10-14T02:45:33.661+0000] {logging_mixin.py:190} INFO - [2024-10-14T02:45:33.661+0000] {dagbag.py:588} INFO - Filling up the DagBag from /home/airflow/.local/lib/python3.12/site-packages/airflow/example_dags/example_latest_only_with_trigger.py
[2024-10-14T02:45:33.668+0000] {processor.py:925} INFO - DAG(s) 'latest_only_with_trigger' retrieved from /home/airflow/.local/lib/python3.12/site-packages/airflow/example_dags/example_latest_only_with_trigger.py
[2024-10-14T02:45:33.690+0000] {logging_mixin.py:190} INFO - [2024-10-14T02:45:33.689+0000] {dag.py:3239} INFO - Sync 1 DAGs
[2024-10-14T02:45:33.711+0000] {logging_mixin.py:190} INFO - [2024-10-14T02:45:33.711+0000] {dag.py:4180} INFO - Setting next_dagrun for latest_only_with_trigger to 2024-10-13 20:00:00+00:00, run_after=2024-10-14 00:00:00+00:00
[2024-10-14T02:45:33.734+0000] {processor.py:208} INFO - Processing /home/airflow/.local/lib/python3.12/site-packages/airflow/example_dags/example_latest_only_with_trigger.py took 0.082 seconds
[2024-10-14T02:46:07.389+0000] {processor.py:186} INFO - Started process (PID=1078) to work on /home/airflow/.local/lib/python3.12/site-packages/airflow/example_dags/example_latest_only_with_trigger.py
[2024-10-14T02:46:07.390+0000] {processor.py:914} INFO - Processing file /home/airflow/.local/lib/python3.12/site-packages/airflow/example_dags/example_latest_only_with_trigger.py for tasks to queue
[2024-10-14T02:46:07.394+0000] {logging_mixin.py:190} INFO - [2024-10-14T02:46:07.393+0000] {dagbag.py:588} INFO - Filling up the DagBag from /home/airflow/.local/lib/python3.12/site-packages/airflow/example_dags/example_latest_only_with_trigger.py
[2024-10-14T02:46:07.400+0000] {processor.py:925} INFO - DAG(s) 'latest_only_with_trigger' retrieved from /home/airflow/.local/lib/python3.12/site-packages/airflow/example_dags/example_latest_only_with_trigger.py
[2024-10-14T02:46:07.421+0000] {logging_mixin.py:190} INFO - [2024-10-14T02:46:07.421+0000] {dag.py:3239} INFO - Sync 1 DAGs
[2024-10-14T02:46:07.443+0000] {logging_mixin.py:190} INFO - [2024-10-14T02:46:07.443+0000] {dag.py:4180} INFO - Setting next_dagrun for latest_only_with_trigger to 2024-10-13 20:00:00+00:00, run_after=2024-10-14 00:00:00+00:00
[2024-10-14T02:46:07.470+0000] {processor.py:208} INFO - Processing /home/airflow/.local/lib/python3.12/site-packages/airflow/example_dags/example_latest_only_with_trigger.py took 0.087 seconds
[2024-10-14T02:46:39.662+0000] {processor.py:186} INFO - Started process (PID=1142) to work on /home/airflow/.local/lib/python3.12/site-packages/airflow/example_dags/example_latest_only_with_trigger.py
[2024-10-14T02:46:39.663+0000] {processor.py:914} INFO - Processing file /home/airflow/.local/lib/python3.12/site-packages/airflow/example_dags/example_latest_only_with_trigger.py for tasks to queue
[2024-10-14T02:46:39.665+0000] {logging_mixin.py:190} INFO - [2024-10-14T02:46:39.665+0000] {dagbag.py:588} INFO - Filling up the DagBag from /home/airflow/.local/lib/python3.12/site-packages/airflow/example_dags/example_latest_only_with_trigger.py
[2024-10-14T02:46:39.672+0000] {processor.py:925} INFO - DAG(s) 'latest_only_with_trigger' retrieved from /home/airflow/.local/lib/python3.12/site-packages/airflow/example_dags/example_latest_only_with_trigger.py
[2024-10-14T02:46:39.696+0000] {logging_mixin.py:190} INFO - [2024-10-14T02:46:39.696+0000] {dag.py:3239} INFO - Sync 1 DAGs
[2024-10-14T02:46:39.720+0000] {logging_mixin.py:190} INFO - [2024-10-14T02:46:39.720+0000] {dag.py:4180} INFO - Setting next_dagrun for latest_only_with_trigger to 2024-10-13 20:00:00+00:00, run_after=2024-10-14 00:00:00+00:00
[2024-10-14T02:46:39.746+0000] {processor.py:208} INFO - Processing /home/airflow/.local/lib/python3.12/site-packages/airflow/example_dags/example_latest_only_with_trigger.py took 0.092 seconds
[2024-10-14T02:47:13.105+0000] {processor.py:186} INFO - Started process (PID=1206) to work on /home/airflow/.local/lib/python3.12/site-packages/airflow/example_dags/example_latest_only_with_trigger.py
[2024-10-14T02:47:13.106+0000] {processor.py:914} INFO - Processing file /home/airflow/.local/lib/python3.12/site-packages/airflow/example_dags/example_latest_only_with_trigger.py for tasks to queue
[2024-10-14T02:47:13.108+0000] {logging_mixin.py:190} INFO - [2024-10-14T02:47:13.108+0000] {dagbag.py:588} INFO - Filling up the DagBag from /home/airflow/.local/lib/python3.12/site-packages/airflow/example_dags/example_latest_only_with_trigger.py
[2024-10-14T02:47:13.115+0000] {processor.py:925} INFO - DAG(s) 'latest_only_with_trigger' retrieved from /home/airflow/.local/lib/python3.12/site-packages/airflow/example_dags/example_latest_only_with_trigger.py
[2024-10-14T02:47:13.135+0000] {logging_mixin.py:190} INFO - [2024-10-14T02:47:13.135+0000] {dag.py:3239} INFO - Sync 1 DAGs
[2024-10-14T02:47:13.157+0000] {logging_mixin.py:190} INFO - [2024-10-14T02:47:13.157+0000] {dag.py:4180} INFO - Setting next_dagrun for latest_only_with_trigger to 2024-10-13 20:00:00+00:00, run_after=2024-10-14 00:00:00+00:00
[2024-10-14T02:47:13.173+0000] {processor.py:208} INFO - Processing /home/airflow/.local/lib/python3.12/site-packages/airflow/example_dags/example_latest_only_with_trigger.py took 0.074 seconds
[2024-10-14T02:47:45.287+0000] {processor.py:186} INFO - Started process (PID=1270) to work on /home/airflow/.local/lib/python3.12/site-packages/airflow/example_dags/example_latest_only_with_trigger.py
[2024-10-14T02:47:45.288+0000] {processor.py:914} INFO - Processing file /home/airflow/.local/lib/python3.12/site-packages/airflow/example_dags/example_latest_only_with_trigger.py for tasks to queue
[2024-10-14T02:47:45.290+0000] {logging_mixin.py:190} INFO - [2024-10-14T02:47:45.290+0000] {dagbag.py:588} INFO - Filling up the DagBag from /home/airflow/.local/lib/python3.12/site-packages/airflow/example_dags/example_latest_only_with_trigger.py
[2024-10-14T02:47:45.319+0000] {processor.py:925} INFO - DAG(s) 'latest_only_with_trigger' retrieved from /home/airflow/.local/lib/python3.12/site-packages/airflow/example_dags/example_latest_only_with_trigger.py
[2024-10-14T02:47:45.364+0000] {logging_mixin.py:190} INFO - [2024-10-14T02:47:45.364+0000] {dag.py:3239} INFO - Sync 1 DAGs
[2024-10-14T02:47:45.402+0000] {logging_mixin.py:190} INFO - [2024-10-14T02:47:45.402+0000] {dag.py:4180} INFO - Setting next_dagrun for latest_only_with_trigger to 2024-10-13 20:00:00+00:00, run_after=2024-10-14 00:00:00+00:00
[2024-10-14T02:47:45.431+0000] {processor.py:208} INFO - Processing /home/airflow/.local/lib/python3.12/site-packages/airflow/example_dags/example_latest_only_with_trigger.py took 0.150 seconds
