[2024-10-14T02:26:48.233+0000] {processor.py:186} INFO - Started process (PID=68) to work on /home/airflow/.local/lib/python3.12/site-packages/airflow/example_dags/example_nested_branch_dag.py
[2024-10-14T02:26:48.235+0000] {processor.py:914} INFO - Processing file /home/airflow/.local/lib/python3.12/site-packages/airflow/example_dags/example_nested_branch_dag.py for tasks to queue
[2024-10-14T02:26:48.239+0000] {logging_mixin.py:190} INFO - [2024-10-14T02:26:48.239+0000] {dagbag.py:588} INFO - Filling up the DagBag from /home/airflow/.local/lib/python3.12/site-packages/airflow/example_dags/example_nested_branch_dag.py
[2024-10-14T02:26:48.255+0000] {processor.py:925} INFO - DAG(s) 'example_nested_branch_dag' retrieved from /home/airflow/.local/lib/python3.12/site-packages/airflow/example_dags/example_nested_branch_dag.py
[2024-10-14T02:26:48.388+0000] {logging_mixin.py:190} INFO - [2024-10-14T02:26:48.388+0000] {override.py:1900} INFO - Created Permission View: can delete on DAG:example_nested_branch_dag
[2024-10-14T02:26:48.406+0000] {logging_mixin.py:190} INFO - [2024-10-14T02:26:48.405+0000] {override.py:1900} INFO - Created Permission View: can edit on DAG:example_nested_branch_dag
[2024-10-14T02:26:48.414+0000] {logging_mixin.py:190} INFO - [2024-10-14T02:26:48.414+0000] {override.py:1900} INFO - Created Permission View: can read on DAG:example_nested_branch_dag
[2024-10-14T02:26:48.455+0000] {logging_mixin.py:190} INFO - [2024-10-14T02:26:48.453+0000] {override.py:1900} INFO - Created Permission View: can delete on DAG Run:example_nested_branch_dag
[2024-10-14T02:26:48.494+0000] {logging_mixin.py:190} INFO - [2024-10-14T02:26:48.494+0000] {override.py:1900} INFO - Created Permission View: can create on DAG Run:example_nested_branch_dag
[2024-10-14T02:26:48.513+0000] {logging_mixin.py:190} INFO - [2024-10-14T02:26:48.512+0000] {override.py:1900} INFO - Created Permission View: menu access on DAG Run:example_nested_branch_dag
[2024-10-14T02:26:48.530+0000] {logging_mixin.py:190} INFO - [2024-10-14T02:26:48.529+0000] {override.py:1900} INFO - Created Permission View: can read on DAG Run:example_nested_branch_dag
[2024-10-14T02:26:48.533+0000] {logging_mixin.py:190} INFO - [2024-10-14T02:26:48.531+0000] {dag.py:3239} INFO - Sync 1 DAGs
[2024-10-14T02:26:48.557+0000] {logging_mixin.py:190} INFO - [2024-10-14T02:26:48.557+0000] {dag.py:3262} INFO - Creating ORM DAG for example_nested_branch_dag
[2024-10-14T02:26:48.575+0000] {logging_mixin.py:190} INFO - [2024-10-14T02:26:48.575+0000] {dag.py:4180} INFO - Setting next_dagrun for example_nested_branch_dag to 2024-10-13 00:00:00+00:00, run_after=2024-10-14 00:00:00+00:00
[2024-10-14T02:26:48.612+0000] {processor.py:208} INFO - Processing /home/airflow/.local/lib/python3.12/site-packages/airflow/example_dags/example_nested_branch_dag.py took 0.386 seconds
[2024-10-14T02:27:19.987+0000] {processor.py:186} INFO - Started process (PID=131) to work on /home/airflow/.local/lib/python3.12/site-packages/airflow/example_dags/example_nested_branch_dag.py
[2024-10-14T02:27:19.989+0000] {processor.py:914} INFO - Processing file /home/airflow/.local/lib/python3.12/site-packages/airflow/example_dags/example_nested_branch_dag.py for tasks to queue
[2024-10-14T02:27:19.992+0000] {logging_mixin.py:190} INFO - [2024-10-14T02:27:19.991+0000] {dagbag.py:588} INFO - Filling up the DagBag from /home/airflow/.local/lib/python3.12/site-packages/airflow/example_dags/example_nested_branch_dag.py
[2024-10-14T02:27:20.006+0000] {processor.py:925} INFO - DAG(s) 'example_nested_branch_dag' retrieved from /home/airflow/.local/lib/python3.12/site-packages/airflow/example_dags/example_nested_branch_dag.py
[2024-10-14T02:27:20.031+0000] {logging_mixin.py:190} INFO - [2024-10-14T02:27:20.031+0000] {dag.py:3239} INFO - Sync 1 DAGs
[2024-10-14T02:27:20.058+0000] {logging_mixin.py:190} INFO - [2024-10-14T02:27:20.058+0000] {dag.py:4180} INFO - Setting next_dagrun for example_nested_branch_dag to 2024-10-13 00:00:00+00:00, run_after=2024-10-14 00:00:00+00:00
[2024-10-14T02:27:20.091+0000] {processor.py:208} INFO - Processing /home/airflow/.local/lib/python3.12/site-packages/airflow/example_dags/example_nested_branch_dag.py took 0.110 seconds
[2024-10-14T02:27:53.338+0000] {processor.py:186} INFO - Started process (PID=193) to work on /home/airflow/.local/lib/python3.12/site-packages/airflow/example_dags/example_nested_branch_dag.py
[2024-10-14T02:27:53.339+0000] {processor.py:914} INFO - Processing file /home/airflow/.local/lib/python3.12/site-packages/airflow/example_dags/example_nested_branch_dag.py for tasks to queue
[2024-10-14T02:27:53.341+0000] {logging_mixin.py:190} INFO - [2024-10-14T02:27:53.341+0000] {dagbag.py:588} INFO - Filling up the DagBag from /home/airflow/.local/lib/python3.12/site-packages/airflow/example_dags/example_nested_branch_dag.py
[2024-10-14T02:27:53.352+0000] {processor.py:925} INFO - DAG(s) 'example_nested_branch_dag' retrieved from /home/airflow/.local/lib/python3.12/site-packages/airflow/example_dags/example_nested_branch_dag.py
[2024-10-14T02:27:53.372+0000] {logging_mixin.py:190} INFO - [2024-10-14T02:27:53.372+0000] {dag.py:3239} INFO - Sync 1 DAGs
[2024-10-14T02:27:53.395+0000] {logging_mixin.py:190} INFO - [2024-10-14T02:27:53.394+0000] {dag.py:4180} INFO - Setting next_dagrun for example_nested_branch_dag to 2024-10-13 00:00:00+00:00, run_after=2024-10-14 00:00:00+00:00
[2024-10-14T02:27:53.414+0000] {processor.py:208} INFO - Processing /home/airflow/.local/lib/python3.12/site-packages/airflow/example_dags/example_nested_branch_dag.py took 0.081 seconds
[2024-10-14T02:28:26.063+0000] {processor.py:186} INFO - Started process (PID=256) to work on /home/airflow/.local/lib/python3.12/site-packages/airflow/example_dags/example_nested_branch_dag.py
[2024-10-14T02:28:26.064+0000] {processor.py:914} INFO - Processing file /home/airflow/.local/lib/python3.12/site-packages/airflow/example_dags/example_nested_branch_dag.py for tasks to queue
[2024-10-14T02:28:26.066+0000] {logging_mixin.py:190} INFO - [2024-10-14T02:28:26.066+0000] {dagbag.py:588} INFO - Filling up the DagBag from /home/airflow/.local/lib/python3.12/site-packages/airflow/example_dags/example_nested_branch_dag.py
[2024-10-14T02:28:26.075+0000] {processor.py:925} INFO - DAG(s) 'example_nested_branch_dag' retrieved from /home/airflow/.local/lib/python3.12/site-packages/airflow/example_dags/example_nested_branch_dag.py
[2024-10-14T02:28:26.099+0000] {logging_mixin.py:190} INFO - [2024-10-14T02:28:26.099+0000] {dag.py:3239} INFO - Sync 1 DAGs
[2024-10-14T02:28:26.122+0000] {logging_mixin.py:190} INFO - [2024-10-14T02:28:26.121+0000] {dag.py:4180} INFO - Setting next_dagrun for example_nested_branch_dag to 2024-10-13 00:00:00+00:00, run_after=2024-10-14 00:00:00+00:00
[2024-10-14T02:28:26.146+0000] {processor.py:208} INFO - Processing /home/airflow/.local/lib/python3.12/site-packages/airflow/example_dags/example_nested_branch_dag.py took 0.087 seconds
[2024-10-14T02:28:59.699+0000] {processor.py:186} INFO - Started process (PID=319) to work on /home/airflow/.local/lib/python3.12/site-packages/airflow/example_dags/example_nested_branch_dag.py
[2024-10-14T02:28:59.700+0000] {processor.py:914} INFO - Processing file /home/airflow/.local/lib/python3.12/site-packages/airflow/example_dags/example_nested_branch_dag.py for tasks to queue
[2024-10-14T02:28:59.704+0000] {logging_mixin.py:190} INFO - [2024-10-14T02:28:59.704+0000] {dagbag.py:588} INFO - Filling up the DagBag from /home/airflow/.local/lib/python3.12/site-packages/airflow/example_dags/example_nested_branch_dag.py
[2024-10-14T02:28:59.722+0000] {processor.py:925} INFO - DAG(s) 'example_nested_branch_dag' retrieved from /home/airflow/.local/lib/python3.12/site-packages/airflow/example_dags/example_nested_branch_dag.py
[2024-10-14T02:28:59.750+0000] {logging_mixin.py:190} INFO - [2024-10-14T02:28:59.749+0000] {dag.py:3239} INFO - Sync 1 DAGs
[2024-10-14T02:28:59.781+0000] {logging_mixin.py:190} INFO - [2024-10-14T02:28:59.781+0000] {dag.py:4180} INFO - Setting next_dagrun for example_nested_branch_dag to 2024-10-13 00:00:00+00:00, run_after=2024-10-14 00:00:00+00:00
[2024-10-14T02:28:59.801+0000] {processor.py:208} INFO - Processing /home/airflow/.local/lib/python3.12/site-packages/airflow/example_dags/example_nested_branch_dag.py took 0.115 seconds
[2024-10-14T02:29:32.459+0000] {processor.py:186} INFO - Started process (PID=382) to work on /home/airflow/.local/lib/python3.12/site-packages/airflow/example_dags/example_nested_branch_dag.py
[2024-10-14T02:29:32.460+0000] {processor.py:914} INFO - Processing file /home/airflow/.local/lib/python3.12/site-packages/airflow/example_dags/example_nested_branch_dag.py for tasks to queue
[2024-10-14T02:29:32.463+0000] {logging_mixin.py:190} INFO - [2024-10-14T02:29:32.462+0000] {dagbag.py:588} INFO - Filling up the DagBag from /home/airflow/.local/lib/python3.12/site-packages/airflow/example_dags/example_nested_branch_dag.py
[2024-10-14T02:29:32.475+0000] {processor.py:925} INFO - DAG(s) 'example_nested_branch_dag' retrieved from /home/airflow/.local/lib/python3.12/site-packages/airflow/example_dags/example_nested_branch_dag.py
[2024-10-14T02:29:32.498+0000] {logging_mixin.py:190} INFO - [2024-10-14T02:29:32.498+0000] {dag.py:3239} INFO - Sync 1 DAGs
[2024-10-14T02:29:32.523+0000] {logging_mixin.py:190} INFO - [2024-10-14T02:29:32.522+0000] {dag.py:4180} INFO - Setting next_dagrun for example_nested_branch_dag to 2024-10-13 00:00:00+00:00, run_after=2024-10-14 00:00:00+00:00
[2024-10-14T02:29:32.540+0000] {processor.py:208} INFO - Processing /home/airflow/.local/lib/python3.12/site-packages/airflow/example_dags/example_nested_branch_dag.py took 0.088 seconds
[2024-10-14T02:30:05.204+0000] {processor.py:186} INFO - Started process (PID=445) to work on /home/airflow/.local/lib/python3.12/site-packages/airflow/example_dags/example_nested_branch_dag.py
[2024-10-14T02:30:05.205+0000] {processor.py:914} INFO - Processing file /home/airflow/.local/lib/python3.12/site-packages/airflow/example_dags/example_nested_branch_dag.py for tasks to queue
[2024-10-14T02:30:05.208+0000] {logging_mixin.py:190} INFO - [2024-10-14T02:30:05.207+0000] {dagbag.py:588} INFO - Filling up the DagBag from /home/airflow/.local/lib/python3.12/site-packages/airflow/example_dags/example_nested_branch_dag.py
[2024-10-14T02:30:05.218+0000] {processor.py:925} INFO - DAG(s) 'example_nested_branch_dag' retrieved from /home/airflow/.local/lib/python3.12/site-packages/airflow/example_dags/example_nested_branch_dag.py
[2024-10-14T02:30:05.240+0000] {logging_mixin.py:190} INFO - [2024-10-14T02:30:05.240+0000] {dag.py:3239} INFO - Sync 1 DAGs
[2024-10-14T02:30:05.262+0000] {logging_mixin.py:190} INFO - [2024-10-14T02:30:05.262+0000] {dag.py:4180} INFO - Setting next_dagrun for example_nested_branch_dag to 2024-10-13 00:00:00+00:00, run_after=2024-10-14 00:00:00+00:00
[2024-10-14T02:30:05.283+0000] {processor.py:208} INFO - Processing /home/airflow/.local/lib/python3.12/site-packages/airflow/example_dags/example_nested_branch_dag.py took 0.085 seconds
[2024-10-14T02:30:38.190+0000] {processor.py:186} INFO - Started process (PID=508) to work on /home/airflow/.local/lib/python3.12/site-packages/airflow/example_dags/example_nested_branch_dag.py
[2024-10-14T02:30:38.192+0000] {processor.py:914} INFO - Processing file /home/airflow/.local/lib/python3.12/site-packages/airflow/example_dags/example_nested_branch_dag.py for tasks to queue
[2024-10-14T02:30:38.195+0000] {logging_mixin.py:190} INFO - [2024-10-14T02:30:38.194+0000] {dagbag.py:588} INFO - Filling up the DagBag from /home/airflow/.local/lib/python3.12/site-packages/airflow/example_dags/example_nested_branch_dag.py
[2024-10-14T02:30:38.204+0000] {processor.py:925} INFO - DAG(s) 'example_nested_branch_dag' retrieved from /home/airflow/.local/lib/python3.12/site-packages/airflow/example_dags/example_nested_branch_dag.py
[2024-10-14T02:30:38.225+0000] {logging_mixin.py:190} INFO - [2024-10-14T02:30:38.224+0000] {dag.py:3239} INFO - Sync 1 DAGs
[2024-10-14T02:30:38.244+0000] {logging_mixin.py:190} INFO - [2024-10-14T02:30:38.244+0000] {dag.py:4180} INFO - Setting next_dagrun for example_nested_branch_dag to 2024-10-13 00:00:00+00:00, run_after=2024-10-14 00:00:00+00:00
[2024-10-14T02:30:38.265+0000] {processor.py:208} INFO - Processing /home/airflow/.local/lib/python3.12/site-packages/airflow/example_dags/example_nested_branch_dag.py took 0.080 seconds
[2024-10-14T02:31:11.358+0000] {processor.py:186} INFO - Started process (PID=572) to work on /home/airflow/.local/lib/python3.12/site-packages/airflow/example_dags/example_nested_branch_dag.py
[2024-10-14T02:31:11.359+0000] {processor.py:914} INFO - Processing file /home/airflow/.local/lib/python3.12/site-packages/airflow/example_dags/example_nested_branch_dag.py for tasks to queue
[2024-10-14T02:31:11.361+0000] {logging_mixin.py:190} INFO - [2024-10-14T02:31:11.361+0000] {dagbag.py:588} INFO - Filling up the DagBag from /home/airflow/.local/lib/python3.12/site-packages/airflow/example_dags/example_nested_branch_dag.py
[2024-10-14T02:31:11.376+0000] {processor.py:925} INFO - DAG(s) 'example_nested_branch_dag' retrieved from /home/airflow/.local/lib/python3.12/site-packages/airflow/example_dags/example_nested_branch_dag.py
[2024-10-14T02:31:11.394+0000] {logging_mixin.py:190} INFO - [2024-10-14T02:31:11.394+0000] {dag.py:3239} INFO - Sync 1 DAGs
[2024-10-14T02:31:11.415+0000] {logging_mixin.py:190} INFO - [2024-10-14T02:31:11.414+0000] {dag.py:4180} INFO - Setting next_dagrun for example_nested_branch_dag to 2024-10-13 00:00:00+00:00, run_after=2024-10-14 00:00:00+00:00
[2024-10-14T02:31:11.435+0000] {processor.py:208} INFO - Processing /home/airflow/.local/lib/python3.12/site-packages/airflow/example_dags/example_nested_branch_dag.py took 0.082 seconds
[2024-10-14T02:31:44.515+0000] {processor.py:186} INFO - Started process (PID=635) to work on /home/airflow/.local/lib/python3.12/site-packages/airflow/example_dags/example_nested_branch_dag.py
[2024-10-14T02:31:44.516+0000] {processor.py:914} INFO - Processing file /home/airflow/.local/lib/python3.12/site-packages/airflow/example_dags/example_nested_branch_dag.py for tasks to queue
[2024-10-14T02:31:44.519+0000] {logging_mixin.py:190} INFO - [2024-10-14T02:31:44.519+0000] {dagbag.py:588} INFO - Filling up the DagBag from /home/airflow/.local/lib/python3.12/site-packages/airflow/example_dags/example_nested_branch_dag.py
[2024-10-14T02:31:44.531+0000] {processor.py:925} INFO - DAG(s) 'example_nested_branch_dag' retrieved from /home/airflow/.local/lib/python3.12/site-packages/airflow/example_dags/example_nested_branch_dag.py
[2024-10-14T02:31:44.552+0000] {logging_mixin.py:190} INFO - [2024-10-14T02:31:44.551+0000] {dag.py:3239} INFO - Sync 1 DAGs
[2024-10-14T02:31:44.579+0000] {logging_mixin.py:190} INFO - [2024-10-14T02:31:44.579+0000] {dag.py:4180} INFO - Setting next_dagrun for example_nested_branch_dag to 2024-10-13 00:00:00+00:00, run_after=2024-10-14 00:00:00+00:00
[2024-10-14T02:31:44.600+0000] {processor.py:208} INFO - Processing /home/airflow/.local/lib/python3.12/site-packages/airflow/example_dags/example_nested_branch_dag.py took 0.092 seconds
[2024-10-14T02:32:16.894+0000] {processor.py:186} INFO - Started process (PID=698) to work on /home/airflow/.local/lib/python3.12/site-packages/airflow/example_dags/example_nested_branch_dag.py
[2024-10-14T02:32:16.895+0000] {processor.py:914} INFO - Processing file /home/airflow/.local/lib/python3.12/site-packages/airflow/example_dags/example_nested_branch_dag.py for tasks to queue
[2024-10-14T02:32:16.898+0000] {logging_mixin.py:190} INFO - [2024-10-14T02:32:16.898+0000] {dagbag.py:588} INFO - Filling up the DagBag from /home/airflow/.local/lib/python3.12/site-packages/airflow/example_dags/example_nested_branch_dag.py
[2024-10-14T02:32:16.908+0000] {processor.py:925} INFO - DAG(s) 'example_nested_branch_dag' retrieved from /home/airflow/.local/lib/python3.12/site-packages/airflow/example_dags/example_nested_branch_dag.py
[2024-10-14T02:32:16.927+0000] {logging_mixin.py:190} INFO - [2024-10-14T02:32:16.927+0000] {dag.py:3239} INFO - Sync 1 DAGs
[2024-10-14T02:32:16.949+0000] {logging_mixin.py:190} INFO - [2024-10-14T02:32:16.949+0000] {dag.py:4180} INFO - Setting next_dagrun for example_nested_branch_dag to 2024-10-13 00:00:00+00:00, run_after=2024-10-14 00:00:00+00:00
[2024-10-14T02:32:16.969+0000] {processor.py:208} INFO - Processing /home/airflow/.local/lib/python3.12/site-packages/airflow/example_dags/example_nested_branch_dag.py took 0.080 seconds
[2024-10-14T02:32:50.311+0000] {processor.py:186} INFO - Started process (PID=761) to work on /home/airflow/.local/lib/python3.12/site-packages/airflow/example_dags/example_nested_branch_dag.py
[2024-10-14T02:32:50.312+0000] {processor.py:914} INFO - Processing file /home/airflow/.local/lib/python3.12/site-packages/airflow/example_dags/example_nested_branch_dag.py for tasks to queue
[2024-10-14T02:32:50.320+0000] {logging_mixin.py:190} INFO - [2024-10-14T02:32:50.319+0000] {dagbag.py:588} INFO - Filling up the DagBag from /home/airflow/.local/lib/python3.12/site-packages/airflow/example_dags/example_nested_branch_dag.py
[2024-10-14T02:32:50.338+0000] {processor.py:925} INFO - DAG(s) 'example_nested_branch_dag' retrieved from /home/airflow/.local/lib/python3.12/site-packages/airflow/example_dags/example_nested_branch_dag.py
[2024-10-14T02:32:50.368+0000] {logging_mixin.py:190} INFO - [2024-10-14T02:32:50.368+0000] {dag.py:3239} INFO - Sync 1 DAGs
[2024-10-14T02:32:50.409+0000] {logging_mixin.py:190} INFO - [2024-10-14T02:32:50.408+0000] {dag.py:4180} INFO - Setting next_dagrun for example_nested_branch_dag to 2024-10-13 00:00:00+00:00, run_after=2024-10-14 00:00:00+00:00
[2024-10-14T02:32:50.436+0000] {processor.py:208} INFO - Processing /home/airflow/.local/lib/python3.12/site-packages/airflow/example_dags/example_nested_branch_dag.py took 0.132 seconds
[2024-10-14T02:33:22.968+0000] {processor.py:186} INFO - Started process (PID=824) to work on /home/airflow/.local/lib/python3.12/site-packages/airflow/example_dags/example_nested_branch_dag.py
[2024-10-14T02:33:22.969+0000] {processor.py:914} INFO - Processing file /home/airflow/.local/lib/python3.12/site-packages/airflow/example_dags/example_nested_branch_dag.py for tasks to queue
[2024-10-14T02:33:22.972+0000] {logging_mixin.py:190} INFO - [2024-10-14T02:33:22.971+0000] {dagbag.py:588} INFO - Filling up the DagBag from /home/airflow/.local/lib/python3.12/site-packages/airflow/example_dags/example_nested_branch_dag.py
[2024-10-14T02:33:22.981+0000] {processor.py:925} INFO - DAG(s) 'example_nested_branch_dag' retrieved from /home/airflow/.local/lib/python3.12/site-packages/airflow/example_dags/example_nested_branch_dag.py
[2024-10-14T02:33:23.005+0000] {logging_mixin.py:190} INFO - [2024-10-14T02:33:23.005+0000] {dag.py:3239} INFO - Sync 1 DAGs
[2024-10-14T02:33:23.026+0000] {logging_mixin.py:190} INFO - [2024-10-14T02:33:23.026+0000] {dag.py:4180} INFO - Setting next_dagrun for example_nested_branch_dag to 2024-10-13 00:00:00+00:00, run_after=2024-10-14 00:00:00+00:00
[2024-10-14T02:33:23.046+0000] {processor.py:208} INFO - Processing /home/airflow/.local/lib/python3.12/site-packages/airflow/example_dags/example_nested_branch_dag.py took 0.084 seconds
[2024-10-14T02:33:56.169+0000] {processor.py:186} INFO - Started process (PID=889) to work on /home/airflow/.local/lib/python3.12/site-packages/airflow/example_dags/example_nested_branch_dag.py
[2024-10-14T02:33:56.170+0000] {processor.py:914} INFO - Processing file /home/airflow/.local/lib/python3.12/site-packages/airflow/example_dags/example_nested_branch_dag.py for tasks to queue
[2024-10-14T02:33:56.173+0000] {logging_mixin.py:190} INFO - [2024-10-14T02:33:56.172+0000] {dagbag.py:588} INFO - Filling up the DagBag from /home/airflow/.local/lib/python3.12/site-packages/airflow/example_dags/example_nested_branch_dag.py
[2024-10-14T02:33:56.189+0000] {processor.py:925} INFO - DAG(s) 'example_nested_branch_dag' retrieved from /home/airflow/.local/lib/python3.12/site-packages/airflow/example_dags/example_nested_branch_dag.py
[2024-10-14T02:33:56.217+0000] {logging_mixin.py:190} INFO - [2024-10-14T02:33:56.217+0000] {dag.py:3239} INFO - Sync 1 DAGs
[2024-10-14T02:33:56.334+0000] {logging_mixin.py:190} INFO - [2024-10-14T02:33:56.333+0000] {dag.py:4180} INFO - Setting next_dagrun for example_nested_branch_dag to 2024-10-13 00:00:00+00:00, run_after=2024-10-14 00:00:00+00:00
[2024-10-14T02:33:56.394+0000] {processor.py:208} INFO - Processing /home/airflow/.local/lib/python3.12/site-packages/airflow/example_dags/example_nested_branch_dag.py took 0.231 seconds
[2024-10-14T02:34:29.159+0000] {processor.py:186} INFO - Started process (PID=952) to work on /home/airflow/.local/lib/python3.12/site-packages/airflow/example_dags/example_nested_branch_dag.py
[2024-10-14T02:34:29.161+0000] {processor.py:914} INFO - Processing file /home/airflow/.local/lib/python3.12/site-packages/airflow/example_dags/example_nested_branch_dag.py for tasks to queue
[2024-10-14T02:34:29.164+0000] {logging_mixin.py:190} INFO - [2024-10-14T02:34:29.163+0000] {dagbag.py:588} INFO - Filling up the DagBag from /home/airflow/.local/lib/python3.12/site-packages/airflow/example_dags/example_nested_branch_dag.py
[2024-10-14T02:34:29.179+0000] {processor.py:925} INFO - DAG(s) 'example_nested_branch_dag' retrieved from /home/airflow/.local/lib/python3.12/site-packages/airflow/example_dags/example_nested_branch_dag.py
[2024-10-14T02:34:29.202+0000] {logging_mixin.py:190} INFO - [2024-10-14T02:34:29.201+0000] {dag.py:3239} INFO - Sync 1 DAGs
[2024-10-14T02:34:29.233+0000] {logging_mixin.py:190} INFO - [2024-10-14T02:34:29.232+0000] {dag.py:4180} INFO - Setting next_dagrun for example_nested_branch_dag to 2024-10-13 00:00:00+00:00, run_after=2024-10-14 00:00:00+00:00
[2024-10-14T02:34:29.262+0000] {processor.py:208} INFO - Processing /home/airflow/.local/lib/python3.12/site-packages/airflow/example_dags/example_nested_branch_dag.py took 0.108 seconds
[2024-10-14T02:35:02.257+0000] {processor.py:186} INFO - Started process (PID=1015) to work on /home/airflow/.local/lib/python3.12/site-packages/airflow/example_dags/example_nested_branch_dag.py
[2024-10-14T02:35:02.258+0000] {processor.py:914} INFO - Processing file /home/airflow/.local/lib/python3.12/site-packages/airflow/example_dags/example_nested_branch_dag.py for tasks to queue
[2024-10-14T02:35:02.261+0000] {logging_mixin.py:190} INFO - [2024-10-14T02:35:02.260+0000] {dagbag.py:588} INFO - Filling up the DagBag from /home/airflow/.local/lib/python3.12/site-packages/airflow/example_dags/example_nested_branch_dag.py
[2024-10-14T02:35:02.271+0000] {processor.py:925} INFO - DAG(s) 'example_nested_branch_dag' retrieved from /home/airflow/.local/lib/python3.12/site-packages/airflow/example_dags/example_nested_branch_dag.py
[2024-10-14T02:35:02.299+0000] {logging_mixin.py:190} INFO - [2024-10-14T02:35:02.299+0000] {dag.py:3239} INFO - Sync 1 DAGs
[2024-10-14T02:35:02.331+0000] {logging_mixin.py:190} INFO - [2024-10-14T02:35:02.331+0000] {dag.py:4180} INFO - Setting next_dagrun for example_nested_branch_dag to 2024-10-13 00:00:00+00:00, run_after=2024-10-14 00:00:00+00:00
[2024-10-14T02:35:02.360+0000] {processor.py:208} INFO - Processing /home/airflow/.local/lib/python3.12/site-packages/airflow/example_dags/example_nested_branch_dag.py took 0.110 seconds
[2024-10-14T02:35:35.348+0000] {processor.py:186} INFO - Started process (PID=1078) to work on /home/airflow/.local/lib/python3.12/site-packages/airflow/example_dags/example_nested_branch_dag.py
[2024-10-14T02:35:35.349+0000] {processor.py:914} INFO - Processing file /home/airflow/.local/lib/python3.12/site-packages/airflow/example_dags/example_nested_branch_dag.py for tasks to queue
[2024-10-14T02:35:35.352+0000] {logging_mixin.py:190} INFO - [2024-10-14T02:35:35.352+0000] {dagbag.py:588} INFO - Filling up the DagBag from /home/airflow/.local/lib/python3.12/site-packages/airflow/example_dags/example_nested_branch_dag.py
[2024-10-14T02:35:35.364+0000] {processor.py:925} INFO - DAG(s) 'example_nested_branch_dag' retrieved from /home/airflow/.local/lib/python3.12/site-packages/airflow/example_dags/example_nested_branch_dag.py
[2024-10-14T02:35:35.386+0000] {logging_mixin.py:190} INFO - [2024-10-14T02:35:35.386+0000] {dag.py:3239} INFO - Sync 1 DAGs
[2024-10-14T02:35:35.412+0000] {logging_mixin.py:190} INFO - [2024-10-14T02:35:35.412+0000] {dag.py:4180} INFO - Setting next_dagrun for example_nested_branch_dag to 2024-10-13 00:00:00+00:00, run_after=2024-10-14 00:00:00+00:00
[2024-10-14T02:35:35.433+0000] {processor.py:208} INFO - Processing /home/airflow/.local/lib/python3.12/site-packages/airflow/example_dags/example_nested_branch_dag.py took 0.091 seconds
[2024-10-14T02:36:09.093+0000] {processor.py:186} INFO - Started process (PID=1141) to work on /home/airflow/.local/lib/python3.12/site-packages/airflow/example_dags/example_nested_branch_dag.py
[2024-10-14T02:36:09.094+0000] {processor.py:914} INFO - Processing file /home/airflow/.local/lib/python3.12/site-packages/airflow/example_dags/example_nested_branch_dag.py for tasks to queue
[2024-10-14T02:36:09.097+0000] {logging_mixin.py:190} INFO - [2024-10-14T02:36:09.097+0000] {dagbag.py:588} INFO - Filling up the DagBag from /home/airflow/.local/lib/python3.12/site-packages/airflow/example_dags/example_nested_branch_dag.py
[2024-10-14T02:36:09.108+0000] {processor.py:925} INFO - DAG(s) 'example_nested_branch_dag' retrieved from /home/airflow/.local/lib/python3.12/site-packages/airflow/example_dags/example_nested_branch_dag.py
[2024-10-14T02:36:09.130+0000] {logging_mixin.py:190} INFO - [2024-10-14T02:36:09.130+0000] {dag.py:3239} INFO - Sync 1 DAGs
[2024-10-14T02:36:09.152+0000] {logging_mixin.py:190} INFO - [2024-10-14T02:36:09.152+0000] {dag.py:4180} INFO - Setting next_dagrun for example_nested_branch_dag to 2024-10-13 00:00:00+00:00, run_after=2024-10-14 00:00:00+00:00
[2024-10-14T02:36:09.171+0000] {processor.py:208} INFO - Processing /home/airflow/.local/lib/python3.12/site-packages/airflow/example_dags/example_nested_branch_dag.py took 0.083 seconds
[2024-10-14T02:37:43.491+0000] {processor.py:186} INFO - Started process (PID=68) to work on /home/airflow/.local/lib/python3.12/site-packages/airflow/example_dags/example_nested_branch_dag.py
[2024-10-14T02:37:43.492+0000] {processor.py:914} INFO - Processing file /home/airflow/.local/lib/python3.12/site-packages/airflow/example_dags/example_nested_branch_dag.py for tasks to queue
[2024-10-14T02:37:43.497+0000] {logging_mixin.py:190} INFO - [2024-10-14T02:37:43.495+0000] {dagbag.py:588} INFO - Filling up the DagBag from /home/airflow/.local/lib/python3.12/site-packages/airflow/example_dags/example_nested_branch_dag.py
[2024-10-14T02:37:43.518+0000] {processor.py:925} INFO - DAG(s) 'example_nested_branch_dag' retrieved from /home/airflow/.local/lib/python3.12/site-packages/airflow/example_dags/example_nested_branch_dag.py
[2024-10-14T02:37:43.560+0000] {logging_mixin.py:190} INFO - [2024-10-14T02:37:43.560+0000] {dag.py:3239} INFO - Sync 1 DAGs
[2024-10-14T02:37:43.604+0000] {logging_mixin.py:190} INFO - [2024-10-14T02:37:43.604+0000] {dag.py:4180} INFO - Setting next_dagrun for example_nested_branch_dag to 2024-10-13 00:00:00+00:00, run_after=2024-10-14 00:00:00+00:00
[2024-10-14T02:37:43.637+0000] {processor.py:208} INFO - Processing /home/airflow/.local/lib/python3.12/site-packages/airflow/example_dags/example_nested_branch_dag.py took 0.155 seconds
[2024-10-14T02:38:13.894+0000] {processor.py:186} INFO - Started process (PID=131) to work on /home/airflow/.local/lib/python3.12/site-packages/airflow/example_dags/example_nested_branch_dag.py
[2024-10-14T02:38:13.895+0000] {processor.py:914} INFO - Processing file /home/airflow/.local/lib/python3.12/site-packages/airflow/example_dags/example_nested_branch_dag.py for tasks to queue
[2024-10-14T02:38:13.897+0000] {logging_mixin.py:190} INFO - [2024-10-14T02:38:13.897+0000] {dagbag.py:588} INFO - Filling up the DagBag from /home/airflow/.local/lib/python3.12/site-packages/airflow/example_dags/example_nested_branch_dag.py
[2024-10-14T02:38:13.906+0000] {processor.py:925} INFO - DAG(s) 'example_nested_branch_dag' retrieved from /home/airflow/.local/lib/python3.12/site-packages/airflow/example_dags/example_nested_branch_dag.py
[2024-10-14T02:38:13.926+0000] {logging_mixin.py:190} INFO - [2024-10-14T02:38:13.926+0000] {dag.py:3239} INFO - Sync 1 DAGs
[2024-10-14T02:38:13.945+0000] {logging_mixin.py:190} INFO - [2024-10-14T02:38:13.945+0000] {dag.py:4180} INFO - Setting next_dagrun for example_nested_branch_dag to 2024-10-13 00:00:00+00:00, run_after=2024-10-14 00:00:00+00:00
[2024-10-14T02:38:13.965+0000] {processor.py:208} INFO - Processing /home/airflow/.local/lib/python3.12/site-packages/airflow/example_dags/example_nested_branch_dag.py took 0.076 seconds
[2024-10-14T02:38:44.614+0000] {processor.py:186} INFO - Started process (PID=195) to work on /home/airflow/.local/lib/python3.12/site-packages/airflow/example_dags/example_nested_branch_dag.py
[2024-10-14T02:38:44.616+0000] {processor.py:914} INFO - Processing file /home/airflow/.local/lib/python3.12/site-packages/airflow/example_dags/example_nested_branch_dag.py for tasks to queue
[2024-10-14T02:38:44.619+0000] {logging_mixin.py:190} INFO - [2024-10-14T02:38:44.618+0000] {dagbag.py:588} INFO - Filling up the DagBag from /home/airflow/.local/lib/python3.12/site-packages/airflow/example_dags/example_nested_branch_dag.py
[2024-10-14T02:38:44.633+0000] {processor.py:925} INFO - DAG(s) 'example_nested_branch_dag' retrieved from /home/airflow/.local/lib/python3.12/site-packages/airflow/example_dags/example_nested_branch_dag.py
[2024-10-14T02:38:44.658+0000] {logging_mixin.py:190} INFO - [2024-10-14T02:38:44.656+0000] {dag.py:3239} INFO - Sync 1 DAGs
[2024-10-14T02:38:44.689+0000] {logging_mixin.py:190} INFO - [2024-10-14T02:38:44.689+0000] {dag.py:4180} INFO - Setting next_dagrun for example_nested_branch_dag to 2024-10-13 00:00:00+00:00, run_after=2024-10-14 00:00:00+00:00
[2024-10-14T02:38:44.720+0000] {processor.py:208} INFO - Processing /home/airflow/.local/lib/python3.12/site-packages/airflow/example_dags/example_nested_branch_dag.py took 0.113 seconds
[2024-10-14T02:39:15.452+0000] {processor.py:186} INFO - Started process (PID=260) to work on /home/airflow/.local/lib/python3.12/site-packages/airflow/example_dags/example_nested_branch_dag.py
[2024-10-14T02:39:15.454+0000] {processor.py:914} INFO - Processing file /home/airflow/.local/lib/python3.12/site-packages/airflow/example_dags/example_nested_branch_dag.py for tasks to queue
[2024-10-14T02:39:15.456+0000] {logging_mixin.py:190} INFO - [2024-10-14T02:39:15.456+0000] {dagbag.py:588} INFO - Filling up the DagBag from /home/airflow/.local/lib/python3.12/site-packages/airflow/example_dags/example_nested_branch_dag.py
[2024-10-14T02:39:15.478+0000] {processor.py:925} INFO - DAG(s) 'example_nested_branch_dag' retrieved from /home/airflow/.local/lib/python3.12/site-packages/airflow/example_dags/example_nested_branch_dag.py
[2024-10-14T02:39:15.509+0000] {logging_mixin.py:190} INFO - [2024-10-14T02:39:15.509+0000] {dag.py:3239} INFO - Sync 1 DAGs
[2024-10-14T02:39:15.543+0000] {logging_mixin.py:190} INFO - [2024-10-14T02:39:15.543+0000] {dag.py:4180} INFO - Setting next_dagrun for example_nested_branch_dag to 2024-10-13 00:00:00+00:00, run_after=2024-10-14 00:00:00+00:00
[2024-10-14T02:39:15.577+0000] {processor.py:208} INFO - Processing /home/airflow/.local/lib/python3.12/site-packages/airflow/example_dags/example_nested_branch_dag.py took 0.136 seconds
[2024-10-14T02:39:46.565+0000] {processor.py:186} INFO - Started process (PID=324) to work on /home/airflow/.local/lib/python3.12/site-packages/airflow/example_dags/example_nested_branch_dag.py
[2024-10-14T02:39:46.566+0000] {processor.py:914} INFO - Processing file /home/airflow/.local/lib/python3.12/site-packages/airflow/example_dags/example_nested_branch_dag.py for tasks to queue
[2024-10-14T02:39:46.570+0000] {logging_mixin.py:190} INFO - [2024-10-14T02:39:46.570+0000] {dagbag.py:588} INFO - Filling up the DagBag from /home/airflow/.local/lib/python3.12/site-packages/airflow/example_dags/example_nested_branch_dag.py
[2024-10-14T02:39:46.582+0000] {processor.py:925} INFO - DAG(s) 'example_nested_branch_dag' retrieved from /home/airflow/.local/lib/python3.12/site-packages/airflow/example_dags/example_nested_branch_dag.py
[2024-10-14T02:39:46.604+0000] {logging_mixin.py:190} INFO - [2024-10-14T02:39:46.603+0000] {dag.py:3239} INFO - Sync 1 DAGs
[2024-10-14T02:39:46.630+0000] {logging_mixin.py:190} INFO - [2024-10-14T02:39:46.630+0000] {dag.py:4180} INFO - Setting next_dagrun for example_nested_branch_dag to 2024-10-13 00:00:00+00:00, run_after=2024-10-14 00:00:00+00:00
[2024-10-14T02:39:46.652+0000] {processor.py:208} INFO - Processing /home/airflow/.local/lib/python3.12/site-packages/airflow/example_dags/example_nested_branch_dag.py took 0.091 seconds
[2024-10-14T02:40:16.752+0000] {processor.py:186} INFO - Started process (PID=388) to work on /home/airflow/.local/lib/python3.12/site-packages/airflow/example_dags/example_nested_branch_dag.py
[2024-10-14T02:40:16.754+0000] {processor.py:914} INFO - Processing file /home/airflow/.local/lib/python3.12/site-packages/airflow/example_dags/example_nested_branch_dag.py for tasks to queue
[2024-10-14T02:40:16.757+0000] {logging_mixin.py:190} INFO - [2024-10-14T02:40:16.756+0000] {dagbag.py:588} INFO - Filling up the DagBag from /home/airflow/.local/lib/python3.12/site-packages/airflow/example_dags/example_nested_branch_dag.py
[2024-10-14T02:40:16.773+0000] {processor.py:925} INFO - DAG(s) 'example_nested_branch_dag' retrieved from /home/airflow/.local/lib/python3.12/site-packages/airflow/example_dags/example_nested_branch_dag.py
[2024-10-14T02:40:16.802+0000] {logging_mixin.py:190} INFO - [2024-10-14T02:40:16.801+0000] {dag.py:3239} INFO - Sync 1 DAGs
[2024-10-14T02:40:16.840+0000] {logging_mixin.py:190} INFO - [2024-10-14T02:40:16.839+0000] {dag.py:4180} INFO - Setting next_dagrun for example_nested_branch_dag to 2024-10-13 00:00:00+00:00, run_after=2024-10-14 00:00:00+00:00
[2024-10-14T02:40:16.888+0000] {processor.py:208} INFO - Processing /home/airflow/.local/lib/python3.12/site-packages/airflow/example_dags/example_nested_branch_dag.py took 0.143 seconds
[2024-10-14T02:40:47.250+0000] {processor.py:186} INFO - Started process (PID=452) to work on /home/airflow/.local/lib/python3.12/site-packages/airflow/example_dags/example_nested_branch_dag.py
[2024-10-14T02:40:47.251+0000] {processor.py:914} INFO - Processing file /home/airflow/.local/lib/python3.12/site-packages/airflow/example_dags/example_nested_branch_dag.py for tasks to queue
[2024-10-14T02:40:47.253+0000] {logging_mixin.py:190} INFO - [2024-10-14T02:40:47.253+0000] {dagbag.py:588} INFO - Filling up the DagBag from /home/airflow/.local/lib/python3.12/site-packages/airflow/example_dags/example_nested_branch_dag.py
[2024-10-14T02:40:47.263+0000] {processor.py:925} INFO - DAG(s) 'example_nested_branch_dag' retrieved from /home/airflow/.local/lib/python3.12/site-packages/airflow/example_dags/example_nested_branch_dag.py
[2024-10-14T02:40:47.283+0000] {logging_mixin.py:190} INFO - [2024-10-14T02:40:47.283+0000] {dag.py:3239} INFO - Sync 1 DAGs
[2024-10-14T02:40:47.309+0000] {logging_mixin.py:190} INFO - [2024-10-14T02:40:47.309+0000] {dag.py:4180} INFO - Setting next_dagrun for example_nested_branch_dag to 2024-10-13 00:00:00+00:00, run_after=2024-10-14 00:00:00+00:00
[2024-10-14T02:40:47.359+0000] {processor.py:208} INFO - Processing /home/airflow/.local/lib/python3.12/site-packages/airflow/example_dags/example_nested_branch_dag.py took 0.116 seconds
[2024-10-14T02:41:18.148+0000] {processor.py:186} INFO - Started process (PID=516) to work on /home/airflow/.local/lib/python3.12/site-packages/airflow/example_dags/example_nested_branch_dag.py
[2024-10-14T02:41:18.149+0000] {processor.py:914} INFO - Processing file /home/airflow/.local/lib/python3.12/site-packages/airflow/example_dags/example_nested_branch_dag.py for tasks to queue
[2024-10-14T02:41:18.152+0000] {logging_mixin.py:190} INFO - [2024-10-14T02:41:18.151+0000] {dagbag.py:588} INFO - Filling up the DagBag from /home/airflow/.local/lib/python3.12/site-packages/airflow/example_dags/example_nested_branch_dag.py
[2024-10-14T02:41:18.174+0000] {processor.py:925} INFO - DAG(s) 'example_nested_branch_dag' retrieved from /home/airflow/.local/lib/python3.12/site-packages/airflow/example_dags/example_nested_branch_dag.py
[2024-10-14T02:41:18.200+0000] {logging_mixin.py:190} INFO - [2024-10-14T02:41:18.200+0000] {dag.py:3239} INFO - Sync 1 DAGs
[2024-10-14T02:41:18.227+0000] {logging_mixin.py:190} INFO - [2024-10-14T02:41:18.226+0000] {dag.py:4180} INFO - Setting next_dagrun for example_nested_branch_dag to 2024-10-13 00:00:00+00:00, run_after=2024-10-14 00:00:00+00:00
[2024-10-14T02:41:18.247+0000] {processor.py:208} INFO - Processing /home/airflow/.local/lib/python3.12/site-packages/airflow/example_dags/example_nested_branch_dag.py took 0.107 seconds
[2024-10-14T02:41:48.615+0000] {processor.py:186} INFO - Started process (PID=580) to work on /home/airflow/.local/lib/python3.12/site-packages/airflow/example_dags/example_nested_branch_dag.py
[2024-10-14T02:41:48.617+0000] {processor.py:914} INFO - Processing file /home/airflow/.local/lib/python3.12/site-packages/airflow/example_dags/example_nested_branch_dag.py for tasks to queue
[2024-10-14T02:41:48.619+0000] {logging_mixin.py:190} INFO - [2024-10-14T02:41:48.619+0000] {dagbag.py:588} INFO - Filling up the DagBag from /home/airflow/.local/lib/python3.12/site-packages/airflow/example_dags/example_nested_branch_dag.py
[2024-10-14T02:41:48.635+0000] {processor.py:925} INFO - DAG(s) 'example_nested_branch_dag' retrieved from /home/airflow/.local/lib/python3.12/site-packages/airflow/example_dags/example_nested_branch_dag.py
[2024-10-14T02:41:48.662+0000] {logging_mixin.py:190} INFO - [2024-10-14T02:41:48.661+0000] {dag.py:3239} INFO - Sync 1 DAGs
[2024-10-14T02:41:48.691+0000] {logging_mixin.py:190} INFO - [2024-10-14T02:41:48.690+0000] {dag.py:4180} INFO - Setting next_dagrun for example_nested_branch_dag to 2024-10-13 00:00:00+00:00, run_after=2024-10-14 00:00:00+00:00
[2024-10-14T02:41:48.720+0000] {processor.py:208} INFO - Processing /home/airflow/.local/lib/python3.12/site-packages/airflow/example_dags/example_nested_branch_dag.py took 0.111 seconds
[2024-10-14T02:42:18.952+0000] {processor.py:186} INFO - Started process (PID=644) to work on /home/airflow/.local/lib/python3.12/site-packages/airflow/example_dags/example_nested_branch_dag.py
[2024-10-14T02:42:18.953+0000] {processor.py:914} INFO - Processing file /home/airflow/.local/lib/python3.12/site-packages/airflow/example_dags/example_nested_branch_dag.py for tasks to queue
[2024-10-14T02:42:18.955+0000] {logging_mixin.py:190} INFO - [2024-10-14T02:42:18.955+0000] {dagbag.py:588} INFO - Filling up the DagBag from /home/airflow/.local/lib/python3.12/site-packages/airflow/example_dags/example_nested_branch_dag.py
[2024-10-14T02:42:18.966+0000] {processor.py:925} INFO - DAG(s) 'example_nested_branch_dag' retrieved from /home/airflow/.local/lib/python3.12/site-packages/airflow/example_dags/example_nested_branch_dag.py
[2024-10-14T02:42:18.986+0000] {logging_mixin.py:190} INFO - [2024-10-14T02:42:18.986+0000] {dag.py:3239} INFO - Sync 1 DAGs
[2024-10-14T02:42:19.008+0000] {logging_mixin.py:190} INFO - [2024-10-14T02:42:19.008+0000] {dag.py:4180} INFO - Setting next_dagrun for example_nested_branch_dag to 2024-10-13 00:00:00+00:00, run_after=2024-10-14 00:00:00+00:00
[2024-10-14T02:42:19.032+0000] {processor.py:208} INFO - Processing /home/airflow/.local/lib/python3.12/site-packages/airflow/example_dags/example_nested_branch_dag.py took 0.086 seconds
[2024-10-14T02:42:49.901+0000] {processor.py:186} INFO - Started process (PID=708) to work on /home/airflow/.local/lib/python3.12/site-packages/airflow/example_dags/example_nested_branch_dag.py
[2024-10-14T02:42:49.903+0000] {processor.py:914} INFO - Processing file /home/airflow/.local/lib/python3.12/site-packages/airflow/example_dags/example_nested_branch_dag.py for tasks to queue
[2024-10-14T02:42:49.905+0000] {logging_mixin.py:190} INFO - [2024-10-14T02:42:49.905+0000] {dagbag.py:588} INFO - Filling up the DagBag from /home/airflow/.local/lib/python3.12/site-packages/airflow/example_dags/example_nested_branch_dag.py
[2024-10-14T02:42:49.919+0000] {processor.py:925} INFO - DAG(s) 'example_nested_branch_dag' retrieved from /home/airflow/.local/lib/python3.12/site-packages/airflow/example_dags/example_nested_branch_dag.py
[2024-10-14T02:42:49.941+0000] {logging_mixin.py:190} INFO - [2024-10-14T02:42:49.941+0000] {dag.py:3239} INFO - Sync 1 DAGs
[2024-10-14T02:42:49.969+0000] {logging_mixin.py:190} INFO - [2024-10-14T02:42:49.968+0000] {dag.py:4180} INFO - Setting next_dagrun for example_nested_branch_dag to 2024-10-13 00:00:00+00:00, run_after=2024-10-14 00:00:00+00:00
[2024-10-14T02:42:49.994+0000] {processor.py:208} INFO - Processing /home/airflow/.local/lib/python3.12/site-packages/airflow/example_dags/example_nested_branch_dag.py took 0.100 seconds
[2024-10-14T02:43:21.721+0000] {processor.py:186} INFO - Started process (PID=764) to work on /home/airflow/.local/lib/python3.12/site-packages/airflow/example_dags/example_nested_branch_dag.py
[2024-10-14T02:43:21.722+0000] {processor.py:914} INFO - Processing file /home/airflow/.local/lib/python3.12/site-packages/airflow/example_dags/example_nested_branch_dag.py for tasks to queue
[2024-10-14T02:43:21.724+0000] {logging_mixin.py:190} INFO - [2024-10-14T02:43:21.724+0000] {dagbag.py:588} INFO - Filling up the DagBag from /home/airflow/.local/lib/python3.12/site-packages/airflow/example_dags/example_nested_branch_dag.py
[2024-10-14T02:43:21.736+0000] {processor.py:925} INFO - DAG(s) 'example_nested_branch_dag' retrieved from /home/airflow/.local/lib/python3.12/site-packages/airflow/example_dags/example_nested_branch_dag.py
[2024-10-14T02:43:21.759+0000] {logging_mixin.py:190} INFO - [2024-10-14T02:43:21.759+0000] {dag.py:3239} INFO - Sync 1 DAGs
[2024-10-14T02:43:21.791+0000] {logging_mixin.py:190} INFO - [2024-10-14T02:43:21.791+0000] {dag.py:4180} INFO - Setting next_dagrun for example_nested_branch_dag to 2024-10-13 00:00:00+00:00, run_after=2024-10-14 00:00:00+00:00
[2024-10-14T02:43:21.836+0000] {processor.py:208} INFO - Processing /home/airflow/.local/lib/python3.12/site-packages/airflow/example_dags/example_nested_branch_dag.py took 0.120 seconds
[2024-10-14T02:43:54.887+0000] {processor.py:186} INFO - Started process (PID=828) to work on /home/airflow/.local/lib/python3.12/site-packages/airflow/example_dags/example_nested_branch_dag.py
[2024-10-14T02:43:54.889+0000] {processor.py:914} INFO - Processing file /home/airflow/.local/lib/python3.12/site-packages/airflow/example_dags/example_nested_branch_dag.py for tasks to queue
[2024-10-14T02:43:54.891+0000] {logging_mixin.py:190} INFO - [2024-10-14T02:43:54.891+0000] {dagbag.py:588} INFO - Filling up the DagBag from /home/airflow/.local/lib/python3.12/site-packages/airflow/example_dags/example_nested_branch_dag.py
[2024-10-14T02:43:54.904+0000] {processor.py:925} INFO - DAG(s) 'example_nested_branch_dag' retrieved from /home/airflow/.local/lib/python3.12/site-packages/airflow/example_dags/example_nested_branch_dag.py
[2024-10-14T02:43:54.935+0000] {logging_mixin.py:190} INFO - [2024-10-14T02:43:54.935+0000] {dag.py:3239} INFO - Sync 1 DAGs
[2024-10-14T02:43:54.962+0000] {logging_mixin.py:190} INFO - [2024-10-14T02:43:54.961+0000] {dag.py:4180} INFO - Setting next_dagrun for example_nested_branch_dag to 2024-10-13 00:00:00+00:00, run_after=2024-10-14 00:00:00+00:00
[2024-10-14T02:43:54.984+0000] {processor.py:208} INFO - Processing /home/airflow/.local/lib/python3.12/site-packages/airflow/example_dags/example_nested_branch_dag.py took 0.105 seconds
[2024-10-14T02:44:28.845+0000] {processor.py:186} INFO - Started process (PID=892) to work on /home/airflow/.local/lib/python3.12/site-packages/airflow/example_dags/example_nested_branch_dag.py
[2024-10-14T02:44:28.846+0000] {processor.py:914} INFO - Processing file /home/airflow/.local/lib/python3.12/site-packages/airflow/example_dags/example_nested_branch_dag.py for tasks to queue
[2024-10-14T02:44:28.849+0000] {logging_mixin.py:190} INFO - [2024-10-14T02:44:28.848+0000] {dagbag.py:588} INFO - Filling up the DagBag from /home/airflow/.local/lib/python3.12/site-packages/airflow/example_dags/example_nested_branch_dag.py
[2024-10-14T02:44:28.863+0000] {processor.py:925} INFO - DAG(s) 'example_nested_branch_dag' retrieved from /home/airflow/.local/lib/python3.12/site-packages/airflow/example_dags/example_nested_branch_dag.py
[2024-10-14T02:44:28.895+0000] {logging_mixin.py:190} INFO - [2024-10-14T02:44:28.895+0000] {dag.py:3239} INFO - Sync 1 DAGs
[2024-10-14T02:44:28.928+0000] {logging_mixin.py:190} INFO - [2024-10-14T02:44:28.928+0000] {dag.py:4180} INFO - Setting next_dagrun for example_nested_branch_dag to 2024-10-13 00:00:00+00:00, run_after=2024-10-14 00:00:00+00:00
[2024-10-14T02:44:28.946+0000] {processor.py:208} INFO - Processing /home/airflow/.local/lib/python3.12/site-packages/airflow/example_dags/example_nested_branch_dag.py took 0.106 seconds
[2024-10-14T02:45:00.346+0000] {processor.py:186} INFO - Started process (PID=939) to work on /home/airflow/.local/lib/python3.12/site-packages/airflow/example_dags/example_nested_branch_dag.py
[2024-10-14T02:45:00.348+0000] {processor.py:914} INFO - Processing file /home/airflow/.local/lib/python3.12/site-packages/airflow/example_dags/example_nested_branch_dag.py for tasks to queue
[2024-10-14T02:45:00.352+0000] {logging_mixin.py:190} INFO - [2024-10-14T02:45:00.351+0000] {dagbag.py:588} INFO - Filling up the DagBag from /home/airflow/.local/lib/python3.12/site-packages/airflow/example_dags/example_nested_branch_dag.py
[2024-10-14T02:45:00.368+0000] {processor.py:925} INFO - DAG(s) 'example_nested_branch_dag' retrieved from /home/airflow/.local/lib/python3.12/site-packages/airflow/example_dags/example_nested_branch_dag.py
[2024-10-14T02:45:00.391+0000] {logging_mixin.py:190} INFO - [2024-10-14T02:45:00.391+0000] {dag.py:3239} INFO - Sync 1 DAGs
[2024-10-14T02:45:00.422+0000] {logging_mixin.py:190} INFO - [2024-10-14T02:45:00.422+0000] {dag.py:4180} INFO - Setting next_dagrun for example_nested_branch_dag to 2024-10-13 00:00:00+00:00, run_after=2024-10-14 00:00:00+00:00
[2024-10-14T02:45:00.447+0000] {processor.py:208} INFO - Processing /home/airflow/.local/lib/python3.12/site-packages/airflow/example_dags/example_nested_branch_dag.py took 0.106 seconds
[2024-10-14T02:45:31.107+0000] {processor.py:186} INFO - Started process (PID=974) to work on /home/airflow/.local/lib/python3.12/site-packages/airflow/example_dags/example_nested_branch_dag.py
[2024-10-14T02:45:31.108+0000] {processor.py:914} INFO - Processing file /home/airflow/.local/lib/python3.12/site-packages/airflow/example_dags/example_nested_branch_dag.py for tasks to queue
[2024-10-14T02:45:31.110+0000] {logging_mixin.py:190} INFO - [2024-10-14T02:45:31.110+0000] {dagbag.py:588} INFO - Filling up the DagBag from /home/airflow/.local/lib/python3.12/site-packages/airflow/example_dags/example_nested_branch_dag.py
[2024-10-14T02:45:31.122+0000] {processor.py:925} INFO - DAG(s) 'example_nested_branch_dag' retrieved from /home/airflow/.local/lib/python3.12/site-packages/airflow/example_dags/example_nested_branch_dag.py
[2024-10-14T02:45:31.148+0000] {logging_mixin.py:190} INFO - [2024-10-14T02:45:31.148+0000] {dag.py:3239} INFO - Sync 1 DAGs
[2024-10-14T02:45:31.172+0000] {logging_mixin.py:190} INFO - [2024-10-14T02:45:31.172+0000] {dag.py:4180} INFO - Setting next_dagrun for example_nested_branch_dag to 2024-10-13 00:00:00+00:00, run_after=2024-10-14 00:00:00+00:00
[2024-10-14T02:45:31.193+0000] {processor.py:208} INFO - Processing /home/airflow/.local/lib/python3.12/site-packages/airflow/example_dags/example_nested_branch_dag.py took 0.092 seconds
[2024-10-14T02:46:04.493+0000] {processor.py:186} INFO - Started process (PID=1038) to work on /home/airflow/.local/lib/python3.12/site-packages/airflow/example_dags/example_nested_branch_dag.py
[2024-10-14T02:46:04.494+0000] {processor.py:914} INFO - Processing file /home/airflow/.local/lib/python3.12/site-packages/airflow/example_dags/example_nested_branch_dag.py for tasks to queue
[2024-10-14T02:46:04.497+0000] {logging_mixin.py:190} INFO - [2024-10-14T02:46:04.496+0000] {dagbag.py:588} INFO - Filling up the DagBag from /home/airflow/.local/lib/python3.12/site-packages/airflow/example_dags/example_nested_branch_dag.py
[2024-10-14T02:46:04.514+0000] {processor.py:925} INFO - DAG(s) 'example_nested_branch_dag' retrieved from /home/airflow/.local/lib/python3.12/site-packages/airflow/example_dags/example_nested_branch_dag.py
[2024-10-14T02:46:04.544+0000] {logging_mixin.py:190} INFO - [2024-10-14T02:46:04.543+0000] {dag.py:3239} INFO - Sync 1 DAGs
[2024-10-14T02:46:04.574+0000] {logging_mixin.py:190} INFO - [2024-10-14T02:46:04.574+0000] {dag.py:4180} INFO - Setting next_dagrun for example_nested_branch_dag to 2024-10-13 00:00:00+00:00, run_after=2024-10-14 00:00:00+00:00
[2024-10-14T02:46:04.610+0000] {processor.py:208} INFO - Processing /home/airflow/.local/lib/python3.12/site-packages/airflow/example_dags/example_nested_branch_dag.py took 0.124 seconds
[2024-10-14T02:46:37.407+0000] {processor.py:186} INFO - Started process (PID=1102) to work on /home/airflow/.local/lib/python3.12/site-packages/airflow/example_dags/example_nested_branch_dag.py
[2024-10-14T02:46:37.408+0000] {processor.py:914} INFO - Processing file /home/airflow/.local/lib/python3.12/site-packages/airflow/example_dags/example_nested_branch_dag.py for tasks to queue
[2024-10-14T02:46:37.411+0000] {logging_mixin.py:190} INFO - [2024-10-14T02:46:37.411+0000] {dagbag.py:588} INFO - Filling up the DagBag from /home/airflow/.local/lib/python3.12/site-packages/airflow/example_dags/example_nested_branch_dag.py
[2024-10-14T02:46:37.425+0000] {processor.py:925} INFO - DAG(s) 'example_nested_branch_dag' retrieved from /home/airflow/.local/lib/python3.12/site-packages/airflow/example_dags/example_nested_branch_dag.py
[2024-10-14T02:46:37.452+0000] {logging_mixin.py:190} INFO - [2024-10-14T02:46:37.452+0000] {dag.py:3239} INFO - Sync 1 DAGs
[2024-10-14T02:46:37.477+0000] {logging_mixin.py:190} INFO - [2024-10-14T02:46:37.477+0000] {dag.py:4180} INFO - Setting next_dagrun for example_nested_branch_dag to 2024-10-13 00:00:00+00:00, run_after=2024-10-14 00:00:00+00:00
[2024-10-14T02:46:37.498+0000] {processor.py:208} INFO - Processing /home/airflow/.local/lib/python3.12/site-packages/airflow/example_dags/example_nested_branch_dag.py took 0.099 seconds
[2024-10-14T02:47:10.555+0000] {processor.py:186} INFO - Started process (PID=1166) to work on /home/airflow/.local/lib/python3.12/site-packages/airflow/example_dags/example_nested_branch_dag.py
[2024-10-14T02:47:10.556+0000] {processor.py:914} INFO - Processing file /home/airflow/.local/lib/python3.12/site-packages/airflow/example_dags/example_nested_branch_dag.py for tasks to queue
[2024-10-14T02:47:10.559+0000] {logging_mixin.py:190} INFO - [2024-10-14T02:47:10.559+0000] {dagbag.py:588} INFO - Filling up the DagBag from /home/airflow/.local/lib/python3.12/site-packages/airflow/example_dags/example_nested_branch_dag.py
[2024-10-14T02:47:10.574+0000] {processor.py:925} INFO - DAG(s) 'example_nested_branch_dag' retrieved from /home/airflow/.local/lib/python3.12/site-packages/airflow/example_dags/example_nested_branch_dag.py
[2024-10-14T02:47:10.596+0000] {logging_mixin.py:190} INFO - [2024-10-14T02:47:10.596+0000] {dag.py:3239} INFO - Sync 1 DAGs
[2024-10-14T02:47:10.621+0000] {logging_mixin.py:190} INFO - [2024-10-14T02:47:10.621+0000] {dag.py:4180} INFO - Setting next_dagrun for example_nested_branch_dag to 2024-10-13 00:00:00+00:00, run_after=2024-10-14 00:00:00+00:00
[2024-10-14T02:47:10.641+0000] {processor.py:208} INFO - Processing /home/airflow/.local/lib/python3.12/site-packages/airflow/example_dags/example_nested_branch_dag.py took 0.093 seconds
[2024-10-14T02:47:43.092+0000] {processor.py:186} INFO - Started process (PID=1230) to work on /home/airflow/.local/lib/python3.12/site-packages/airflow/example_dags/example_nested_branch_dag.py
[2024-10-14T02:47:43.093+0000] {processor.py:914} INFO - Processing file /home/airflow/.local/lib/python3.12/site-packages/airflow/example_dags/example_nested_branch_dag.py for tasks to queue
[2024-10-14T02:47:43.096+0000] {logging_mixin.py:190} INFO - [2024-10-14T02:47:43.096+0000] {dagbag.py:588} INFO - Filling up the DagBag from /home/airflow/.local/lib/python3.12/site-packages/airflow/example_dags/example_nested_branch_dag.py
[2024-10-14T02:47:43.108+0000] {processor.py:925} INFO - DAG(s) 'example_nested_branch_dag' retrieved from /home/airflow/.local/lib/python3.12/site-packages/airflow/example_dags/example_nested_branch_dag.py
[2024-10-14T02:47:43.134+0000] {logging_mixin.py:190} INFO - [2024-10-14T02:47:43.134+0000] {dag.py:3239} INFO - Sync 1 DAGs
[2024-10-14T02:47:43.161+0000] {logging_mixin.py:190} INFO - [2024-10-14T02:47:43.161+0000] {dag.py:4180} INFO - Setting next_dagrun for example_nested_branch_dag to 2024-10-13 00:00:00+00:00, run_after=2024-10-14 00:00:00+00:00
[2024-10-14T02:47:43.183+0000] {processor.py:208} INFO - Processing /home/airflow/.local/lib/python3.12/site-packages/airflow/example_dags/example_nested_branch_dag.py took 0.096 seconds
