[2024-10-14T02:26:50.220+0000] {processor.py:186} INFO - Started process (PID=81) to work on /home/airflow/.local/lib/python3.12/site-packages/airflow/example_dags/example_short_circuit_operator.py
[2024-10-14T02:26:50.223+0000] {processor.py:914} INFO - Processing file /home/airflow/.local/lib/python3.12/site-packages/airflow/example_dags/example_short_circuit_operator.py for tasks to queue
[2024-10-14T02:26:50.225+0000] {logging_mixin.py:190} INFO - [2024-10-14T02:26:50.225+0000] {dagbag.py:588} INFO - Filling up the DagBag from /home/airflow/.local/lib/python3.12/site-packages/airflow/example_dags/example_short_circuit_operator.py
[2024-10-14T02:26:50.235+0000] {processor.py:925} INFO - DAG(s) 'example_short_circuit_operator' retrieved from /home/airflow/.local/lib/python3.12/site-packages/airflow/example_dags/example_short_circuit_operator.py
[2024-10-14T02:26:50.373+0000] {logging_mixin.py:190} INFO - [2024-10-14T02:26:50.372+0000] {override.py:1900} INFO - Created Permission View: can delete on DAG:example_short_circuit_operator
[2024-10-14T02:26:50.384+0000] {logging_mixin.py:190} INFO - [2024-10-14T02:26:50.383+0000] {override.py:1900} INFO - Created Permission View: can edit on DAG:example_short_circuit_operator
[2024-10-14T02:26:50.394+0000] {logging_mixin.py:190} INFO - [2024-10-14T02:26:50.394+0000] {override.py:1900} INFO - Created Permission View: can read on DAG:example_short_circuit_operator
[2024-10-14T02:26:50.403+0000] {logging_mixin.py:190} INFO - [2024-10-14T02:26:50.403+0000] {override.py:1900} INFO - Created Permission View: can delete on DAG Run:example_short_circuit_operator
[2024-10-14T02:26:50.410+0000] {logging_mixin.py:190} INFO - [2024-10-14T02:26:50.410+0000] {override.py:1900} INFO - Created Permission View: can create on DAG Run:example_short_circuit_operator
[2024-10-14T02:26:50.418+0000] {logging_mixin.py:190} INFO - [2024-10-14T02:26:50.418+0000] {override.py:1900} INFO - Created Permission View: menu access on DAG Run:example_short_circuit_operator
[2024-10-14T02:26:50.426+0000] {logging_mixin.py:190} INFO - [2024-10-14T02:26:50.425+0000] {override.py:1900} INFO - Created Permission View: can read on DAG Run:example_short_circuit_operator
[2024-10-14T02:26:50.427+0000] {logging_mixin.py:190} INFO - [2024-10-14T02:26:50.426+0000] {dag.py:3239} INFO - Sync 1 DAGs
[2024-10-14T02:26:50.444+0000] {logging_mixin.py:190} INFO - [2024-10-14T02:26:50.443+0000] {dag.py:3262} INFO - Creating ORM DAG for example_short_circuit_operator
[2024-10-14T02:26:50.445+0000] {logging_mixin.py:190} INFO - [2024-10-14T02:26:50.445+0000] {dag.py:4180} INFO - Setting next_dagrun for example_short_circuit_operator to None, run_after=None
[2024-10-14T02:26:50.464+0000] {processor.py:208} INFO - Processing /home/airflow/.local/lib/python3.12/site-packages/airflow/example_dags/example_short_circuit_operator.py took 0.251 seconds
[2024-10-14T02:27:20.567+0000] {processor.py:186} INFO - Started process (PID=138) to work on /home/airflow/.local/lib/python3.12/site-packages/airflow/example_dags/example_short_circuit_operator.py
[2024-10-14T02:27:20.568+0000] {processor.py:914} INFO - Processing file /home/airflow/.local/lib/python3.12/site-packages/airflow/example_dags/example_short_circuit_operator.py for tasks to queue
[2024-10-14T02:27:20.570+0000] {logging_mixin.py:190} INFO - [2024-10-14T02:27:20.570+0000] {dagbag.py:588} INFO - Filling up the DagBag from /home/airflow/.local/lib/python3.12/site-packages/airflow/example_dags/example_short_circuit_operator.py
[2024-10-14T02:27:20.578+0000] {processor.py:925} INFO - DAG(s) 'example_short_circuit_operator' retrieved from /home/airflow/.local/lib/python3.12/site-packages/airflow/example_dags/example_short_circuit_operator.py
[2024-10-14T02:27:20.601+0000] {logging_mixin.py:190} INFO - [2024-10-14T02:27:20.600+0000] {dag.py:3239} INFO - Sync 1 DAGs
[2024-10-14T02:27:20.612+0000] {logging_mixin.py:190} INFO - [2024-10-14T02:27:20.612+0000] {dag.py:4180} INFO - Setting next_dagrun for example_short_circuit_operator to None, run_after=None
[2024-10-14T02:27:20.633+0000] {processor.py:208} INFO - Processing /home/airflow/.local/lib/python3.12/site-packages/airflow/example_dags/example_short_circuit_operator.py took 0.071 seconds
[2024-10-14T02:27:54.476+0000] {processor.py:186} INFO - Started process (PID=200) to work on /home/airflow/.local/lib/python3.12/site-packages/airflow/example_dags/example_short_circuit_operator.py
[2024-10-14T02:27:54.478+0000] {processor.py:914} INFO - Processing file /home/airflow/.local/lib/python3.12/site-packages/airflow/example_dags/example_short_circuit_operator.py for tasks to queue
[2024-10-14T02:27:54.480+0000] {logging_mixin.py:190} INFO - [2024-10-14T02:27:54.480+0000] {dagbag.py:588} INFO - Filling up the DagBag from /home/airflow/.local/lib/python3.12/site-packages/airflow/example_dags/example_short_circuit_operator.py
[2024-10-14T02:27:54.488+0000] {processor.py:925} INFO - DAG(s) 'example_short_circuit_operator' retrieved from /home/airflow/.local/lib/python3.12/site-packages/airflow/example_dags/example_short_circuit_operator.py
[2024-10-14T02:27:54.508+0000] {logging_mixin.py:190} INFO - [2024-10-14T02:27:54.508+0000] {dag.py:3239} INFO - Sync 1 DAGs
[2024-10-14T02:27:54.521+0000] {logging_mixin.py:190} INFO - [2024-10-14T02:27:54.521+0000] {dag.py:4180} INFO - Setting next_dagrun for example_short_circuit_operator to None, run_after=None
[2024-10-14T02:27:54.549+0000] {processor.py:208} INFO - Processing /home/airflow/.local/lib/python3.12/site-packages/airflow/example_dags/example_short_circuit_operator.py took 0.078 seconds
[2024-10-14T02:28:26.714+0000] {processor.py:186} INFO - Started process (PID=263) to work on /home/airflow/.local/lib/python3.12/site-packages/airflow/example_dags/example_short_circuit_operator.py
[2024-10-14T02:28:26.717+0000] {processor.py:914} INFO - Processing file /home/airflow/.local/lib/python3.12/site-packages/airflow/example_dags/example_short_circuit_operator.py for tasks to queue
[2024-10-14T02:28:26.719+0000] {logging_mixin.py:190} INFO - [2024-10-14T02:28:26.719+0000] {dagbag.py:588} INFO - Filling up the DagBag from /home/airflow/.local/lib/python3.12/site-packages/airflow/example_dags/example_short_circuit_operator.py
[2024-10-14T02:28:26.727+0000] {processor.py:925} INFO - DAG(s) 'example_short_circuit_operator' retrieved from /home/airflow/.local/lib/python3.12/site-packages/airflow/example_dags/example_short_circuit_operator.py
[2024-10-14T02:28:26.752+0000] {logging_mixin.py:190} INFO - [2024-10-14T02:28:26.752+0000] {dag.py:3239} INFO - Sync 1 DAGs
[2024-10-14T02:28:26.768+0000] {logging_mixin.py:190} INFO - [2024-10-14T02:28:26.768+0000] {dag.py:4180} INFO - Setting next_dagrun for example_short_circuit_operator to None, run_after=None
[2024-10-14T02:28:26.793+0000] {processor.py:208} INFO - Processing /home/airflow/.local/lib/python3.12/site-packages/airflow/example_dags/example_short_circuit_operator.py took 0.084 seconds
[2024-10-14T02:29:00.414+0000] {processor.py:186} INFO - Started process (PID=326) to work on /home/airflow/.local/lib/python3.12/site-packages/airflow/example_dags/example_short_circuit_operator.py
[2024-10-14T02:29:00.415+0000] {processor.py:914} INFO - Processing file /home/airflow/.local/lib/python3.12/site-packages/airflow/example_dags/example_short_circuit_operator.py for tasks to queue
[2024-10-14T02:29:00.418+0000] {logging_mixin.py:190} INFO - [2024-10-14T02:29:00.417+0000] {dagbag.py:588} INFO - Filling up the DagBag from /home/airflow/.local/lib/python3.12/site-packages/airflow/example_dags/example_short_circuit_operator.py
[2024-10-14T02:29:00.426+0000] {processor.py:925} INFO - DAG(s) 'example_short_circuit_operator' retrieved from /home/airflow/.local/lib/python3.12/site-packages/airflow/example_dags/example_short_circuit_operator.py
[2024-10-14T02:29:00.450+0000] {logging_mixin.py:190} INFO - [2024-10-14T02:29:00.449+0000] {dag.py:3239} INFO - Sync 1 DAGs
[2024-10-14T02:29:00.464+0000] {logging_mixin.py:190} INFO - [2024-10-14T02:29:00.464+0000] {dag.py:4180} INFO - Setting next_dagrun for example_short_circuit_operator to None, run_after=None
[2024-10-14T02:29:00.484+0000] {processor.py:208} INFO - Processing /home/airflow/.local/lib/python3.12/site-packages/airflow/example_dags/example_short_circuit_operator.py took 0.078 seconds
[2024-10-14T02:29:33.042+0000] {processor.py:186} INFO - Started process (PID=389) to work on /home/airflow/.local/lib/python3.12/site-packages/airflow/example_dags/example_short_circuit_operator.py
[2024-10-14T02:29:33.044+0000] {processor.py:914} INFO - Processing file /home/airflow/.local/lib/python3.12/site-packages/airflow/example_dags/example_short_circuit_operator.py for tasks to queue
[2024-10-14T02:29:33.046+0000] {logging_mixin.py:190} INFO - [2024-10-14T02:29:33.046+0000] {dagbag.py:588} INFO - Filling up the DagBag from /home/airflow/.local/lib/python3.12/site-packages/airflow/example_dags/example_short_circuit_operator.py
[2024-10-14T02:29:33.056+0000] {processor.py:925} INFO - DAG(s) 'example_short_circuit_operator' retrieved from /home/airflow/.local/lib/python3.12/site-packages/airflow/example_dags/example_short_circuit_operator.py
[2024-10-14T02:29:33.084+0000] {logging_mixin.py:190} INFO - [2024-10-14T02:29:33.084+0000] {dag.py:3239} INFO - Sync 1 DAGs
[2024-10-14T02:29:33.108+0000] {logging_mixin.py:190} INFO - [2024-10-14T02:29:33.108+0000] {dag.py:4180} INFO - Setting next_dagrun for example_short_circuit_operator to None, run_after=None
[2024-10-14T02:29:33.139+0000] {processor.py:208} INFO - Processing /home/airflow/.local/lib/python3.12/site-packages/airflow/example_dags/example_short_circuit_operator.py took 0.102 seconds
[2024-10-14T02:30:05.823+0000] {processor.py:186} INFO - Started process (PID=452) to work on /home/airflow/.local/lib/python3.12/site-packages/airflow/example_dags/example_short_circuit_operator.py
[2024-10-14T02:30:05.824+0000] {processor.py:914} INFO - Processing file /home/airflow/.local/lib/python3.12/site-packages/airflow/example_dags/example_short_circuit_operator.py for tasks to queue
[2024-10-14T02:30:05.827+0000] {logging_mixin.py:190} INFO - [2024-10-14T02:30:05.826+0000] {dagbag.py:588} INFO - Filling up the DagBag from /home/airflow/.local/lib/python3.12/site-packages/airflow/example_dags/example_short_circuit_operator.py
[2024-10-14T02:30:05.837+0000] {processor.py:925} INFO - DAG(s) 'example_short_circuit_operator' retrieved from /home/airflow/.local/lib/python3.12/site-packages/airflow/example_dags/example_short_circuit_operator.py
[2024-10-14T02:30:05.857+0000] {logging_mixin.py:190} INFO - [2024-10-14T02:30:05.857+0000] {dag.py:3239} INFO - Sync 1 DAGs
[2024-10-14T02:30:05.873+0000] {logging_mixin.py:190} INFO - [2024-10-14T02:30:05.873+0000] {dag.py:4180} INFO - Setting next_dagrun for example_short_circuit_operator to None, run_after=None
[2024-10-14T02:30:05.900+0000] {processor.py:208} INFO - Processing /home/airflow/.local/lib/python3.12/site-packages/airflow/example_dags/example_short_circuit_operator.py took 0.084 seconds
[2024-10-14T02:30:38.836+0000] {processor.py:186} INFO - Started process (PID=515) to work on /home/airflow/.local/lib/python3.12/site-packages/airflow/example_dags/example_short_circuit_operator.py
[2024-10-14T02:30:38.837+0000] {processor.py:914} INFO - Processing file /home/airflow/.local/lib/python3.12/site-packages/airflow/example_dags/example_short_circuit_operator.py for tasks to queue
[2024-10-14T02:30:38.840+0000] {logging_mixin.py:190} INFO - [2024-10-14T02:30:38.839+0000] {dagbag.py:588} INFO - Filling up the DagBag from /home/airflow/.local/lib/python3.12/site-packages/airflow/example_dags/example_short_circuit_operator.py
[2024-10-14T02:30:38.850+0000] {processor.py:925} INFO - DAG(s) 'example_short_circuit_operator' retrieved from /home/airflow/.local/lib/python3.12/site-packages/airflow/example_dags/example_short_circuit_operator.py
[2024-10-14T02:30:38.876+0000] {logging_mixin.py:190} INFO - [2024-10-14T02:30:38.876+0000] {dag.py:3239} INFO - Sync 1 DAGs
[2024-10-14T02:30:38.896+0000] {logging_mixin.py:190} INFO - [2024-10-14T02:30:38.896+0000] {dag.py:4180} INFO - Setting next_dagrun for example_short_circuit_operator to None, run_after=None
[2024-10-14T02:30:38.922+0000] {processor.py:208} INFO - Processing /home/airflow/.local/lib/python3.12/site-packages/airflow/example_dags/example_short_circuit_operator.py took 0.090 seconds
[2024-10-14T02:31:11.898+0000] {processor.py:186} INFO - Started process (PID=579) to work on /home/airflow/.local/lib/python3.12/site-packages/airflow/example_dags/example_short_circuit_operator.py
[2024-10-14T02:31:11.900+0000] {processor.py:914} INFO - Processing file /home/airflow/.local/lib/python3.12/site-packages/airflow/example_dags/example_short_circuit_operator.py for tasks to queue
[2024-10-14T02:31:11.903+0000] {logging_mixin.py:190} INFO - [2024-10-14T02:31:11.903+0000] {dagbag.py:588} INFO - Filling up the DagBag from /home/airflow/.local/lib/python3.12/site-packages/airflow/example_dags/example_short_circuit_operator.py
[2024-10-14T02:31:11.912+0000] {processor.py:925} INFO - DAG(s) 'example_short_circuit_operator' retrieved from /home/airflow/.local/lib/python3.12/site-packages/airflow/example_dags/example_short_circuit_operator.py
[2024-10-14T02:31:11.939+0000] {logging_mixin.py:190} INFO - [2024-10-14T02:31:11.938+0000] {dag.py:3239} INFO - Sync 1 DAGs
[2024-10-14T02:31:11.955+0000] {logging_mixin.py:190} INFO - [2024-10-14T02:31:11.954+0000] {dag.py:4180} INFO - Setting next_dagrun for example_short_circuit_operator to None, run_after=None
[2024-10-14T02:31:11.980+0000] {processor.py:208} INFO - Processing /home/airflow/.local/lib/python3.12/site-packages/airflow/example_dags/example_short_circuit_operator.py took 0.088 seconds
[2024-10-14T02:31:45.158+0000] {processor.py:186} INFO - Started process (PID=642) to work on /home/airflow/.local/lib/python3.12/site-packages/airflow/example_dags/example_short_circuit_operator.py
[2024-10-14T02:31:45.160+0000] {processor.py:914} INFO - Processing file /home/airflow/.local/lib/python3.12/site-packages/airflow/example_dags/example_short_circuit_operator.py for tasks to queue
[2024-10-14T02:31:45.168+0000] {logging_mixin.py:190} INFO - [2024-10-14T02:31:45.168+0000] {dagbag.py:588} INFO - Filling up the DagBag from /home/airflow/.local/lib/python3.12/site-packages/airflow/example_dags/example_short_circuit_operator.py
[2024-10-14T02:31:45.187+0000] {processor.py:925} INFO - DAG(s) 'example_short_circuit_operator' retrieved from /home/airflow/.local/lib/python3.12/site-packages/airflow/example_dags/example_short_circuit_operator.py
[2024-10-14T02:31:45.228+0000] {logging_mixin.py:190} INFO - [2024-10-14T02:31:45.227+0000] {dag.py:3239} INFO - Sync 1 DAGs
[2024-10-14T02:31:45.249+0000] {logging_mixin.py:190} INFO - [2024-10-14T02:31:45.248+0000] {dag.py:4180} INFO - Setting next_dagrun for example_short_circuit_operator to None, run_after=None
[2024-10-14T02:31:45.283+0000] {processor.py:208} INFO - Processing /home/airflow/.local/lib/python3.12/site-packages/airflow/example_dags/example_short_circuit_operator.py took 0.134 seconds
[2024-10-14T02:32:17.451+0000] {processor.py:186} INFO - Started process (PID=705) to work on /home/airflow/.local/lib/python3.12/site-packages/airflow/example_dags/example_short_circuit_operator.py
[2024-10-14T02:32:17.452+0000] {processor.py:914} INFO - Processing file /home/airflow/.local/lib/python3.12/site-packages/airflow/example_dags/example_short_circuit_operator.py for tasks to queue
[2024-10-14T02:32:17.454+0000] {logging_mixin.py:190} INFO - [2024-10-14T02:32:17.454+0000] {dagbag.py:588} INFO - Filling up the DagBag from /home/airflow/.local/lib/python3.12/site-packages/airflow/example_dags/example_short_circuit_operator.py
[2024-10-14T02:32:17.462+0000] {processor.py:925} INFO - DAG(s) 'example_short_circuit_operator' retrieved from /home/airflow/.local/lib/python3.12/site-packages/airflow/example_dags/example_short_circuit_operator.py
[2024-10-14T02:32:17.484+0000] {logging_mixin.py:190} INFO - [2024-10-14T02:32:17.484+0000] {dag.py:3239} INFO - Sync 1 DAGs
[2024-10-14T02:32:17.508+0000] {logging_mixin.py:190} INFO - [2024-10-14T02:32:17.508+0000] {dag.py:4180} INFO - Setting next_dagrun for example_short_circuit_operator to None, run_after=None
[2024-10-14T02:32:17.533+0000] {processor.py:208} INFO - Processing /home/airflow/.local/lib/python3.12/site-packages/airflow/example_dags/example_short_circuit_operator.py took 0.087 seconds
[2024-10-14T02:32:50.958+0000] {processor.py:186} INFO - Started process (PID=768) to work on /home/airflow/.local/lib/python3.12/site-packages/airflow/example_dags/example_short_circuit_operator.py
[2024-10-14T02:32:50.959+0000] {processor.py:914} INFO - Processing file /home/airflow/.local/lib/python3.12/site-packages/airflow/example_dags/example_short_circuit_operator.py for tasks to queue
[2024-10-14T02:32:50.963+0000] {logging_mixin.py:190} INFO - [2024-10-14T02:32:50.962+0000] {dagbag.py:588} INFO - Filling up the DagBag from /home/airflow/.local/lib/python3.12/site-packages/airflow/example_dags/example_short_circuit_operator.py
[2024-10-14T02:32:50.972+0000] {processor.py:925} INFO - DAG(s) 'example_short_circuit_operator' retrieved from /home/airflow/.local/lib/python3.12/site-packages/airflow/example_dags/example_short_circuit_operator.py
[2024-10-14T02:32:50.994+0000] {logging_mixin.py:190} INFO - [2024-10-14T02:32:50.994+0000] {dag.py:3239} INFO - Sync 1 DAGs
[2024-10-14T02:32:51.011+0000] {logging_mixin.py:190} INFO - [2024-10-14T02:32:51.010+0000] {dag.py:4180} INFO - Setting next_dagrun for example_short_circuit_operator to None, run_after=None
[2024-10-14T02:32:51.032+0000] {processor.py:208} INFO - Processing /home/airflow/.local/lib/python3.12/site-packages/airflow/example_dags/example_short_circuit_operator.py took 0.088 seconds
[2024-10-14T02:33:23.547+0000] {processor.py:186} INFO - Started process (PID=831) to work on /home/airflow/.local/lib/python3.12/site-packages/airflow/example_dags/example_short_circuit_operator.py
[2024-10-14T02:33:23.548+0000] {processor.py:914} INFO - Processing file /home/airflow/.local/lib/python3.12/site-packages/airflow/example_dags/example_short_circuit_operator.py for tasks to queue
[2024-10-14T02:33:23.550+0000] {logging_mixin.py:190} INFO - [2024-10-14T02:33:23.550+0000] {dagbag.py:588} INFO - Filling up the DagBag from /home/airflow/.local/lib/python3.12/site-packages/airflow/example_dags/example_short_circuit_operator.py
[2024-10-14T02:33:23.558+0000] {processor.py:925} INFO - DAG(s) 'example_short_circuit_operator' retrieved from /home/airflow/.local/lib/python3.12/site-packages/airflow/example_dags/example_short_circuit_operator.py
[2024-10-14T02:33:23.576+0000] {logging_mixin.py:190} INFO - [2024-10-14T02:33:23.576+0000] {dag.py:3239} INFO - Sync 1 DAGs
[2024-10-14T02:33:23.591+0000] {logging_mixin.py:190} INFO - [2024-10-14T02:33:23.590+0000] {dag.py:4180} INFO - Setting next_dagrun for example_short_circuit_operator to None, run_after=None
[2024-10-14T02:33:23.608+0000] {processor.py:208} INFO - Processing /home/airflow/.local/lib/python3.12/site-packages/airflow/example_dags/example_short_circuit_operator.py took 0.065 seconds
[2024-10-14T02:33:57.078+0000] {processor.py:186} INFO - Started process (PID=896) to work on /home/airflow/.local/lib/python3.12/site-packages/airflow/example_dags/example_short_circuit_operator.py
[2024-10-14T02:33:57.079+0000] {processor.py:914} INFO - Processing file /home/airflow/.local/lib/python3.12/site-packages/airflow/example_dags/example_short_circuit_operator.py for tasks to queue
[2024-10-14T02:33:57.082+0000] {logging_mixin.py:190} INFO - [2024-10-14T02:33:57.081+0000] {dagbag.py:588} INFO - Filling up the DagBag from /home/airflow/.local/lib/python3.12/site-packages/airflow/example_dags/example_short_circuit_operator.py
[2024-10-14T02:33:57.093+0000] {processor.py:925} INFO - DAG(s) 'example_short_circuit_operator' retrieved from /home/airflow/.local/lib/python3.12/site-packages/airflow/example_dags/example_short_circuit_operator.py
[2024-10-14T02:33:57.122+0000] {logging_mixin.py:190} INFO - [2024-10-14T02:33:57.122+0000] {dag.py:3239} INFO - Sync 1 DAGs
[2024-10-14T02:33:57.140+0000] {logging_mixin.py:190} INFO - [2024-10-14T02:33:57.140+0000] {dag.py:4180} INFO - Setting next_dagrun for example_short_circuit_operator to None, run_after=None
[2024-10-14T02:33:57.171+0000] {processor.py:208} INFO - Processing /home/airflow/.local/lib/python3.12/site-packages/airflow/example_dags/example_short_circuit_operator.py took 0.100 seconds
[2024-10-14T02:34:29.801+0000] {processor.py:186} INFO - Started process (PID=959) to work on /home/airflow/.local/lib/python3.12/site-packages/airflow/example_dags/example_short_circuit_operator.py
[2024-10-14T02:34:29.803+0000] {processor.py:914} INFO - Processing file /home/airflow/.local/lib/python3.12/site-packages/airflow/example_dags/example_short_circuit_operator.py for tasks to queue
[2024-10-14T02:34:29.805+0000] {logging_mixin.py:190} INFO - [2024-10-14T02:34:29.805+0000] {dagbag.py:588} INFO - Filling up the DagBag from /home/airflow/.local/lib/python3.12/site-packages/airflow/example_dags/example_short_circuit_operator.py
[2024-10-14T02:34:29.821+0000] {processor.py:925} INFO - DAG(s) 'example_short_circuit_operator' retrieved from /home/airflow/.local/lib/python3.12/site-packages/airflow/example_dags/example_short_circuit_operator.py
[2024-10-14T02:34:29.853+0000] {logging_mixin.py:190} INFO - [2024-10-14T02:34:29.853+0000] {dag.py:3239} INFO - Sync 1 DAGs
[2024-10-14T02:34:29.873+0000] {logging_mixin.py:190} INFO - [2024-10-14T02:34:29.872+0000] {dag.py:4180} INFO - Setting next_dagrun for example_short_circuit_operator to None, run_after=None
[2024-10-14T02:34:29.894+0000] {processor.py:208} INFO - Processing /home/airflow/.local/lib/python3.12/site-packages/airflow/example_dags/example_short_circuit_operator.py took 0.099 seconds
[2024-10-14T02:35:03.072+0000] {processor.py:186} INFO - Started process (PID=1022) to work on /home/airflow/.local/lib/python3.12/site-packages/airflow/example_dags/example_short_circuit_operator.py
[2024-10-14T02:35:03.073+0000] {processor.py:914} INFO - Processing file /home/airflow/.local/lib/python3.12/site-packages/airflow/example_dags/example_short_circuit_operator.py for tasks to queue
[2024-10-14T02:35:03.076+0000] {logging_mixin.py:190} INFO - [2024-10-14T02:35:03.075+0000] {dagbag.py:588} INFO - Filling up the DagBag from /home/airflow/.local/lib/python3.12/site-packages/airflow/example_dags/example_short_circuit_operator.py
[2024-10-14T02:35:03.083+0000] {processor.py:925} INFO - DAG(s) 'example_short_circuit_operator' retrieved from /home/airflow/.local/lib/python3.12/site-packages/airflow/example_dags/example_short_circuit_operator.py
[2024-10-14T02:35:03.109+0000] {logging_mixin.py:190} INFO - [2024-10-14T02:35:03.109+0000] {dag.py:3239} INFO - Sync 1 DAGs
[2024-10-14T02:35:03.127+0000] {logging_mixin.py:190} INFO - [2024-10-14T02:35:03.127+0000] {dag.py:4180} INFO - Setting next_dagrun for example_short_circuit_operator to None, run_after=None
[2024-10-14T02:35:03.153+0000] {processor.py:208} INFO - Processing /home/airflow/.local/lib/python3.12/site-packages/airflow/example_dags/example_short_circuit_operator.py took 0.088 seconds
[2024-10-14T02:35:36.009+0000] {processor.py:186} INFO - Started process (PID=1085) to work on /home/airflow/.local/lib/python3.12/site-packages/airflow/example_dags/example_short_circuit_operator.py
[2024-10-14T02:35:36.010+0000] {processor.py:914} INFO - Processing file /home/airflow/.local/lib/python3.12/site-packages/airflow/example_dags/example_short_circuit_operator.py for tasks to queue
[2024-10-14T02:35:36.013+0000] {logging_mixin.py:190} INFO - [2024-10-14T02:35:36.012+0000] {dagbag.py:588} INFO - Filling up the DagBag from /home/airflow/.local/lib/python3.12/site-packages/airflow/example_dags/example_short_circuit_operator.py
[2024-10-14T02:35:36.024+0000] {processor.py:925} INFO - DAG(s) 'example_short_circuit_operator' retrieved from /home/airflow/.local/lib/python3.12/site-packages/airflow/example_dags/example_short_circuit_operator.py
[2024-10-14T02:35:36.050+0000] {logging_mixin.py:190} INFO - [2024-10-14T02:35:36.050+0000] {dag.py:3239} INFO - Sync 1 DAGs
[2024-10-14T02:35:36.065+0000] {logging_mixin.py:190} INFO - [2024-10-14T02:35:36.065+0000] {dag.py:4180} INFO - Setting next_dagrun for example_short_circuit_operator to None, run_after=None
[2024-10-14T02:35:36.084+0000] {processor.py:208} INFO - Processing /home/airflow/.local/lib/python3.12/site-packages/airflow/example_dags/example_short_circuit_operator.py took 0.081 seconds
[2024-10-14T02:36:09.622+0000] {processor.py:186} INFO - Started process (PID=1148) to work on /home/airflow/.local/lib/python3.12/site-packages/airflow/example_dags/example_short_circuit_operator.py
[2024-10-14T02:36:09.623+0000] {processor.py:914} INFO - Processing file /home/airflow/.local/lib/python3.12/site-packages/airflow/example_dags/example_short_circuit_operator.py for tasks to queue
[2024-10-14T02:36:09.625+0000] {logging_mixin.py:190} INFO - [2024-10-14T02:36:09.625+0000] {dagbag.py:588} INFO - Filling up the DagBag from /home/airflow/.local/lib/python3.12/site-packages/airflow/example_dags/example_short_circuit_operator.py
[2024-10-14T02:36:09.633+0000] {processor.py:925} INFO - DAG(s) 'example_short_circuit_operator' retrieved from /home/airflow/.local/lib/python3.12/site-packages/airflow/example_dags/example_short_circuit_operator.py
[2024-10-14T02:36:09.655+0000] {logging_mixin.py:190} INFO - [2024-10-14T02:36:09.654+0000] {dag.py:3239} INFO - Sync 1 DAGs
[2024-10-14T02:36:09.668+0000] {logging_mixin.py:190} INFO - [2024-10-14T02:36:09.668+0000] {dag.py:4180} INFO - Setting next_dagrun for example_short_circuit_operator to None, run_after=None
[2024-10-14T02:36:09.687+0000] {processor.py:208} INFO - Processing /home/airflow/.local/lib/python3.12/site-packages/airflow/example_dags/example_short_circuit_operator.py took 0.071 seconds
[2024-10-14T02:37:47.831+0000] {processor.py:186} INFO - Started process (PID=75) to work on /home/airflow/.local/lib/python3.12/site-packages/airflow/example_dags/example_short_circuit_operator.py
[2024-10-14T02:37:47.832+0000] {processor.py:914} INFO - Processing file /home/airflow/.local/lib/python3.12/site-packages/airflow/example_dags/example_short_circuit_operator.py for tasks to queue
[2024-10-14T02:37:47.836+0000] {logging_mixin.py:190} INFO - [2024-10-14T02:37:47.835+0000] {dagbag.py:588} INFO - Filling up the DagBag from /home/airflow/.local/lib/python3.12/site-packages/airflow/example_dags/example_short_circuit_operator.py
[2024-10-14T02:37:47.845+0000] {processor.py:925} INFO - DAG(s) 'example_short_circuit_operator' retrieved from /home/airflow/.local/lib/python3.12/site-packages/airflow/example_dags/example_short_circuit_operator.py
[2024-10-14T02:37:47.873+0000] {logging_mixin.py:190} INFO - [2024-10-14T02:37:47.873+0000] {dag.py:3239} INFO - Sync 1 DAGs
[2024-10-14T02:37:47.888+0000] {logging_mixin.py:190} INFO - [2024-10-14T02:37:47.887+0000] {dag.py:4180} INFO - Setting next_dagrun for example_short_circuit_operator to None, run_after=None
[2024-10-14T02:37:47.910+0000] {processor.py:208} INFO - Processing /home/airflow/.local/lib/python3.12/site-packages/airflow/example_dags/example_short_circuit_operator.py took 0.086 seconds
[2024-10-14T02:38:20.753+0000] {processor.py:186} INFO - Started process (PID=139) to work on /home/airflow/.local/lib/python3.12/site-packages/airflow/example_dags/example_short_circuit_operator.py
[2024-10-14T02:38:20.754+0000] {processor.py:914} INFO - Processing file /home/airflow/.local/lib/python3.12/site-packages/airflow/example_dags/example_short_circuit_operator.py for tasks to queue
[2024-10-14T02:38:20.756+0000] {logging_mixin.py:190} INFO - [2024-10-14T02:38:20.756+0000] {dagbag.py:588} INFO - Filling up the DagBag from /home/airflow/.local/lib/python3.12/site-packages/airflow/example_dags/example_short_circuit_operator.py
[2024-10-14T02:38:20.764+0000] {processor.py:925} INFO - DAG(s) 'example_short_circuit_operator' retrieved from /home/airflow/.local/lib/python3.12/site-packages/airflow/example_dags/example_short_circuit_operator.py
[2024-10-14T02:38:20.787+0000] {logging_mixin.py:190} INFO - [2024-10-14T02:38:20.787+0000] {dag.py:3239} INFO - Sync 1 DAGs
[2024-10-14T02:38:20.800+0000] {logging_mixin.py:190} INFO - [2024-10-14T02:38:20.800+0000] {dag.py:4180} INFO - Setting next_dagrun for example_short_circuit_operator to None, run_after=None
[2024-10-14T02:38:20.821+0000] {processor.py:208} INFO - Processing /home/airflow/.local/lib/python3.12/site-packages/airflow/example_dags/example_short_circuit_operator.py took 0.074 seconds
[2024-10-14T02:38:55.050+0000] {processor.py:186} INFO - Started process (PID=210) to work on /home/airflow/.local/lib/python3.12/site-packages/airflow/example_dags/example_short_circuit_operator.py
[2024-10-14T02:38:55.052+0000] {processor.py:914} INFO - Processing file /home/airflow/.local/lib/python3.12/site-packages/airflow/example_dags/example_short_circuit_operator.py for tasks to queue
[2024-10-14T02:38:55.055+0000] {logging_mixin.py:190} INFO - [2024-10-14T02:38:55.054+0000] {dagbag.py:588} INFO - Filling up the DagBag from /home/airflow/.local/lib/python3.12/site-packages/airflow/example_dags/example_short_circuit_operator.py
[2024-10-14T02:38:55.069+0000] {processor.py:925} INFO - DAG(s) 'example_short_circuit_operator' retrieved from /home/airflow/.local/lib/python3.12/site-packages/airflow/example_dags/example_short_circuit_operator.py
[2024-10-14T02:38:55.156+0000] {logging_mixin.py:190} INFO - [2024-10-14T02:38:55.156+0000] {dag.py:3239} INFO - Sync 1 DAGs
[2024-10-14T02:38:55.200+0000] {logging_mixin.py:190} INFO - [2024-10-14T02:38:55.199+0000] {dag.py:4180} INFO - Setting next_dagrun for example_short_circuit_operator to None, run_after=None
[2024-10-14T02:38:55.280+0000] {processor.py:208} INFO - Processing /home/airflow/.local/lib/python3.12/site-packages/airflow/example_dags/example_short_circuit_operator.py took 0.241 seconds
[2024-10-14T02:39:27.338+0000] {processor.py:186} INFO - Started process (PID=268) to work on /home/airflow/.local/lib/python3.12/site-packages/airflow/example_dags/example_short_circuit_operator.py
[2024-10-14T02:39:27.339+0000] {processor.py:914} INFO - Processing file /home/airflow/.local/lib/python3.12/site-packages/airflow/example_dags/example_short_circuit_operator.py for tasks to queue
[2024-10-14T02:39:27.341+0000] {logging_mixin.py:190} INFO - [2024-10-14T02:39:27.341+0000] {dagbag.py:588} INFO - Filling up the DagBag from /home/airflow/.local/lib/python3.12/site-packages/airflow/example_dags/example_short_circuit_operator.py
[2024-10-14T02:39:27.350+0000] {processor.py:925} INFO - DAG(s) 'example_short_circuit_operator' retrieved from /home/airflow/.local/lib/python3.12/site-packages/airflow/example_dags/example_short_circuit_operator.py
[2024-10-14T02:39:27.374+0000] {logging_mixin.py:190} INFO - [2024-10-14T02:39:27.374+0000] {dag.py:3239} INFO - Sync 1 DAGs
[2024-10-14T02:39:27.388+0000] {logging_mixin.py:190} INFO - [2024-10-14T02:39:27.388+0000] {dag.py:4180} INFO - Setting next_dagrun for example_short_circuit_operator to None, run_after=None
[2024-10-14T02:39:27.412+0000] {processor.py:208} INFO - Processing /home/airflow/.local/lib/python3.12/site-packages/airflow/example_dags/example_short_circuit_operator.py took 0.081 seconds
[2024-10-14T02:40:00.659+0000] {processor.py:186} INFO - Started process (PID=332) to work on /home/airflow/.local/lib/python3.12/site-packages/airflow/example_dags/example_short_circuit_operator.py
[2024-10-14T02:40:00.660+0000] {processor.py:914} INFO - Processing file /home/airflow/.local/lib/python3.12/site-packages/airflow/example_dags/example_short_circuit_operator.py for tasks to queue
[2024-10-14T02:40:00.662+0000] {logging_mixin.py:190} INFO - [2024-10-14T02:40:00.661+0000] {dagbag.py:588} INFO - Filling up the DagBag from /home/airflow/.local/lib/python3.12/site-packages/airflow/example_dags/example_short_circuit_operator.py
[2024-10-14T02:40:00.670+0000] {processor.py:925} INFO - DAG(s) 'example_short_circuit_operator' retrieved from /home/airflow/.local/lib/python3.12/site-packages/airflow/example_dags/example_short_circuit_operator.py
[2024-10-14T02:40:00.693+0000] {logging_mixin.py:190} INFO - [2024-10-14T02:40:00.693+0000] {dag.py:3239} INFO - Sync 1 DAGs
[2024-10-14T02:40:00.706+0000] {logging_mixin.py:190} INFO - [2024-10-14T02:40:00.706+0000] {dag.py:4180} INFO - Setting next_dagrun for example_short_circuit_operator to None, run_after=None
[2024-10-14T02:40:00.727+0000] {processor.py:208} INFO - Processing /home/airflow/.local/lib/python3.12/site-packages/airflow/example_dags/example_short_circuit_operator.py took 0.077 seconds
[2024-10-14T02:40:33.670+0000] {processor.py:186} INFO - Started process (PID=396) to work on /home/airflow/.local/lib/python3.12/site-packages/airflow/example_dags/example_short_circuit_operator.py
[2024-10-14T02:40:33.671+0000] {processor.py:914} INFO - Processing file /home/airflow/.local/lib/python3.12/site-packages/airflow/example_dags/example_short_circuit_operator.py for tasks to queue
[2024-10-14T02:40:33.673+0000] {logging_mixin.py:190} INFO - [2024-10-14T02:40:33.673+0000] {dagbag.py:588} INFO - Filling up the DagBag from /home/airflow/.local/lib/python3.12/site-packages/airflow/example_dags/example_short_circuit_operator.py
[2024-10-14T02:40:33.681+0000] {processor.py:925} INFO - DAG(s) 'example_short_circuit_operator' retrieved from /home/airflow/.local/lib/python3.12/site-packages/airflow/example_dags/example_short_circuit_operator.py
[2024-10-14T02:40:33.704+0000] {logging_mixin.py:190} INFO - [2024-10-14T02:40:33.703+0000] {dag.py:3239} INFO - Sync 1 DAGs
[2024-10-14T02:40:33.717+0000] {logging_mixin.py:190} INFO - [2024-10-14T02:40:33.716+0000] {dag.py:4180} INFO - Setting next_dagrun for example_short_circuit_operator to None, run_after=None
[2024-10-14T02:40:33.739+0000] {processor.py:208} INFO - Processing /home/airflow/.local/lib/python3.12/site-packages/airflow/example_dags/example_short_circuit_operator.py took 0.074 seconds
[2024-10-14T02:41:06.075+0000] {processor.py:186} INFO - Started process (PID=460) to work on /home/airflow/.local/lib/python3.12/site-packages/airflow/example_dags/example_short_circuit_operator.py
[2024-10-14T02:41:06.076+0000] {processor.py:914} INFO - Processing file /home/airflow/.local/lib/python3.12/site-packages/airflow/example_dags/example_short_circuit_operator.py for tasks to queue
[2024-10-14T02:41:06.079+0000] {logging_mixin.py:190} INFO - [2024-10-14T02:41:06.078+0000] {dagbag.py:588} INFO - Filling up the DagBag from /home/airflow/.local/lib/python3.12/site-packages/airflow/example_dags/example_short_circuit_operator.py
[2024-10-14T02:41:06.086+0000] {processor.py:925} INFO - DAG(s) 'example_short_circuit_operator' retrieved from /home/airflow/.local/lib/python3.12/site-packages/airflow/example_dags/example_short_circuit_operator.py
[2024-10-14T02:41:06.108+0000] {logging_mixin.py:190} INFO - [2024-10-14T02:41:06.107+0000] {dag.py:3239} INFO - Sync 1 DAGs
[2024-10-14T02:41:06.124+0000] {logging_mixin.py:190} INFO - [2024-10-14T02:41:06.123+0000] {dag.py:4180} INFO - Setting next_dagrun for example_short_circuit_operator to None, run_after=None
[2024-10-14T02:41:06.148+0000] {processor.py:208} INFO - Processing /home/airflow/.local/lib/python3.12/site-packages/airflow/example_dags/example_short_circuit_operator.py took 0.078 seconds
[2024-10-14T02:41:38.955+0000] {processor.py:186} INFO - Started process (PID=524) to work on /home/airflow/.local/lib/python3.12/site-packages/airflow/example_dags/example_short_circuit_operator.py
[2024-10-14T02:41:38.957+0000] {processor.py:914} INFO - Processing file /home/airflow/.local/lib/python3.12/site-packages/airflow/example_dags/example_short_circuit_operator.py for tasks to queue
[2024-10-14T02:41:38.960+0000] {logging_mixin.py:190} INFO - [2024-10-14T02:41:38.960+0000] {dagbag.py:588} INFO - Filling up the DagBag from /home/airflow/.local/lib/python3.12/site-packages/airflow/example_dags/example_short_circuit_operator.py
[2024-10-14T02:41:38.967+0000] {processor.py:925} INFO - DAG(s) 'example_short_circuit_operator' retrieved from /home/airflow/.local/lib/python3.12/site-packages/airflow/example_dags/example_short_circuit_operator.py
[2024-10-14T02:41:38.990+0000] {logging_mixin.py:190} INFO - [2024-10-14T02:41:38.989+0000] {dag.py:3239} INFO - Sync 1 DAGs
[2024-10-14T02:41:39.004+0000] {logging_mixin.py:190} INFO - [2024-10-14T02:41:39.004+0000] {dag.py:4180} INFO - Setting next_dagrun for example_short_circuit_operator to None, run_after=None
[2024-10-14T02:41:39.026+0000] {processor.py:208} INFO - Processing /home/airflow/.local/lib/python3.12/site-packages/airflow/example_dags/example_short_circuit_operator.py took 0.077 seconds
[2024-10-14T02:42:12.633+0000] {processor.py:186} INFO - Started process (PID=588) to work on /home/airflow/.local/lib/python3.12/site-packages/airflow/example_dags/example_short_circuit_operator.py
[2024-10-14T02:42:12.634+0000] {processor.py:914} INFO - Processing file /home/airflow/.local/lib/python3.12/site-packages/airflow/example_dags/example_short_circuit_operator.py for tasks to queue
[2024-10-14T02:42:12.636+0000] {logging_mixin.py:190} INFO - [2024-10-14T02:42:12.636+0000] {dagbag.py:588} INFO - Filling up the DagBag from /home/airflow/.local/lib/python3.12/site-packages/airflow/example_dags/example_short_circuit_operator.py
[2024-10-14T02:42:12.644+0000] {processor.py:925} INFO - DAG(s) 'example_short_circuit_operator' retrieved from /home/airflow/.local/lib/python3.12/site-packages/airflow/example_dags/example_short_circuit_operator.py
[2024-10-14T02:42:12.665+0000] {logging_mixin.py:190} INFO - [2024-10-14T02:42:12.664+0000] {dag.py:3239} INFO - Sync 1 DAGs
[2024-10-14T02:42:12.681+0000] {logging_mixin.py:190} INFO - [2024-10-14T02:42:12.680+0000] {dag.py:4180} INFO - Setting next_dagrun for example_short_circuit_operator to None, run_after=None
[2024-10-14T02:42:12.701+0000] {processor.py:208} INFO - Processing /home/airflow/.local/lib/python3.12/site-packages/airflow/example_dags/example_short_circuit_operator.py took 0.074 seconds
[2024-10-14T02:42:45.872+0000] {processor.py:186} INFO - Started process (PID=652) to work on /home/airflow/.local/lib/python3.12/site-packages/airflow/example_dags/example_short_circuit_operator.py
[2024-10-14T02:42:45.873+0000] {processor.py:914} INFO - Processing file /home/airflow/.local/lib/python3.12/site-packages/airflow/example_dags/example_short_circuit_operator.py for tasks to queue
[2024-10-14T02:42:45.875+0000] {logging_mixin.py:190} INFO - [2024-10-14T02:42:45.875+0000] {dagbag.py:588} INFO - Filling up the DagBag from /home/airflow/.local/lib/python3.12/site-packages/airflow/example_dags/example_short_circuit_operator.py
[2024-10-14T02:42:45.883+0000] {processor.py:925} INFO - DAG(s) 'example_short_circuit_operator' retrieved from /home/airflow/.local/lib/python3.12/site-packages/airflow/example_dags/example_short_circuit_operator.py
[2024-10-14T02:42:45.908+0000] {logging_mixin.py:190} INFO - [2024-10-14T02:42:45.907+0000] {dag.py:3239} INFO - Sync 1 DAGs
[2024-10-14T02:42:45.922+0000] {logging_mixin.py:190} INFO - [2024-10-14T02:42:45.922+0000] {dag.py:4180} INFO - Setting next_dagrun for example_short_circuit_operator to None, run_after=None
[2024-10-14T02:42:45.944+0000] {processor.py:208} INFO - Processing /home/airflow/.local/lib/python3.12/site-packages/airflow/example_dags/example_short_circuit_operator.py took 0.076 seconds
[2024-10-14T02:43:18.776+0000] {processor.py:186} INFO - Started process (PID=716) to work on /home/airflow/.local/lib/python3.12/site-packages/airflow/example_dags/example_short_circuit_operator.py
[2024-10-14T02:43:18.777+0000] {processor.py:914} INFO - Processing file /home/airflow/.local/lib/python3.12/site-packages/airflow/example_dags/example_short_circuit_operator.py for tasks to queue
[2024-10-14T02:43:18.779+0000] {logging_mixin.py:190} INFO - [2024-10-14T02:43:18.779+0000] {dagbag.py:588} INFO - Filling up the DagBag from /home/airflow/.local/lib/python3.12/site-packages/airflow/example_dags/example_short_circuit_operator.py
[2024-10-14T02:43:18.788+0000] {processor.py:925} INFO - DAG(s) 'example_short_circuit_operator' retrieved from /home/airflow/.local/lib/python3.12/site-packages/airflow/example_dags/example_short_circuit_operator.py
[2024-10-14T02:43:18.812+0000] {logging_mixin.py:190} INFO - [2024-10-14T02:43:18.812+0000] {dag.py:3239} INFO - Sync 1 DAGs
[2024-10-14T02:43:18.826+0000] {logging_mixin.py:190} INFO - [2024-10-14T02:43:18.826+0000] {dag.py:4180} INFO - Setting next_dagrun for example_short_circuit_operator to None, run_after=None
[2024-10-14T02:43:18.848+0000] {processor.py:208} INFO - Processing /home/airflow/.local/lib/python3.12/site-packages/airflow/example_dags/example_short_circuit_operator.py took 0.078 seconds
[2024-10-14T02:43:51.376+0000] {processor.py:186} INFO - Started process (PID=780) to work on /home/airflow/.local/lib/python3.12/site-packages/airflow/example_dags/example_short_circuit_operator.py
[2024-10-14T02:43:51.377+0000] {processor.py:914} INFO - Processing file /home/airflow/.local/lib/python3.12/site-packages/airflow/example_dags/example_short_circuit_operator.py for tasks to queue
[2024-10-14T02:43:51.381+0000] {logging_mixin.py:190} INFO - [2024-10-14T02:43:51.380+0000] {dagbag.py:588} INFO - Filling up the DagBag from /home/airflow/.local/lib/python3.12/site-packages/airflow/example_dags/example_short_circuit_operator.py
[2024-10-14T02:43:51.391+0000] {processor.py:925} INFO - DAG(s) 'example_short_circuit_operator' retrieved from /home/airflow/.local/lib/python3.12/site-packages/airflow/example_dags/example_short_circuit_operator.py
[2024-10-14T02:43:51.417+0000] {logging_mixin.py:190} INFO - [2024-10-14T02:43:51.416+0000] {dag.py:3239} INFO - Sync 1 DAGs
[2024-10-14T02:43:51.431+0000] {logging_mixin.py:190} INFO - [2024-10-14T02:43:51.431+0000] {dag.py:4180} INFO - Setting next_dagrun for example_short_circuit_operator to None, run_after=None
[2024-10-14T02:43:51.455+0000] {processor.py:208} INFO - Processing /home/airflow/.local/lib/python3.12/site-packages/airflow/example_dags/example_short_circuit_operator.py took 0.084 seconds
[2024-10-14T02:44:26.125+0000] {processor.py:186} INFO - Started process (PID=850) to work on /home/airflow/.local/lib/python3.12/site-packages/airflow/example_dags/example_short_circuit_operator.py
[2024-10-14T02:44:26.142+0000] {processor.py:914} INFO - Processing file /home/airflow/.local/lib/python3.12/site-packages/airflow/example_dags/example_short_circuit_operator.py for tasks to queue
[2024-10-14T02:44:26.158+0000] {logging_mixin.py:190} INFO - [2024-10-14T02:44:26.158+0000] {dagbag.py:588} INFO - Filling up the DagBag from /home/airflow/.local/lib/python3.12/site-packages/airflow/example_dags/example_short_circuit_operator.py
[2024-10-14T02:44:26.176+0000] {processor.py:925} INFO - DAG(s) 'example_short_circuit_operator' retrieved from /home/airflow/.local/lib/python3.12/site-packages/airflow/example_dags/example_short_circuit_operator.py
[2024-10-14T02:44:26.212+0000] {logging_mixin.py:190} INFO - [2024-10-14T02:44:26.212+0000] {dag.py:3239} INFO - Sync 1 DAGs
[2024-10-14T02:44:26.227+0000] {logging_mixin.py:190} INFO - [2024-10-14T02:44:26.227+0000] {dag.py:4180} INFO - Setting next_dagrun for example_short_circuit_operator to None, run_after=None
[2024-10-14T02:44:26.256+0000] {processor.py:208} INFO - Processing /home/airflow/.local/lib/python3.12/site-packages/airflow/example_dags/example_short_circuit_operator.py took 0.156 seconds
[2024-10-14T02:44:58.629+0000] {processor.py:186} INFO - Started process (PID=914) to work on /home/airflow/.local/lib/python3.12/site-packages/airflow/example_dags/example_short_circuit_operator.py
[2024-10-14T02:44:58.630+0000] {processor.py:914} INFO - Processing file /home/airflow/.local/lib/python3.12/site-packages/airflow/example_dags/example_short_circuit_operator.py for tasks to queue
[2024-10-14T02:44:58.633+0000] {logging_mixin.py:190} INFO - [2024-10-14T02:44:58.632+0000] {dagbag.py:588} INFO - Filling up the DagBag from /home/airflow/.local/lib/python3.12/site-packages/airflow/example_dags/example_short_circuit_operator.py
[2024-10-14T02:44:58.645+0000] {processor.py:925} INFO - DAG(s) 'example_short_circuit_operator' retrieved from /home/airflow/.local/lib/python3.12/site-packages/airflow/example_dags/example_short_circuit_operator.py
[2024-10-14T02:44:58.668+0000] {logging_mixin.py:190} INFO - [2024-10-14T02:44:58.668+0000] {dag.py:3239} INFO - Sync 1 DAGs
[2024-10-14T02:44:58.685+0000] {logging_mixin.py:190} INFO - [2024-10-14T02:44:58.685+0000] {dag.py:4180} INFO - Setting next_dagrun for example_short_circuit_operator to None, run_after=None
[2024-10-14T02:44:58.707+0000] {processor.py:208} INFO - Processing /home/airflow/.local/lib/python3.12/site-packages/airflow/example_dags/example_short_circuit_operator.py took 0.085 seconds
[2024-10-14T02:45:31.691+0000] {processor.py:186} INFO - Started process (PID=981) to work on /home/airflow/.local/lib/python3.12/site-packages/airflow/example_dags/example_short_circuit_operator.py
[2024-10-14T02:45:31.692+0000] {processor.py:914} INFO - Processing file /home/airflow/.local/lib/python3.12/site-packages/airflow/example_dags/example_short_circuit_operator.py for tasks to queue
[2024-10-14T02:45:31.694+0000] {logging_mixin.py:190} INFO - [2024-10-14T02:45:31.694+0000] {dagbag.py:588} INFO - Filling up the DagBag from /home/airflow/.local/lib/python3.12/site-packages/airflow/example_dags/example_short_circuit_operator.py
[2024-10-14T02:45:31.702+0000] {processor.py:925} INFO - DAG(s) 'example_short_circuit_operator' retrieved from /home/airflow/.local/lib/python3.12/site-packages/airflow/example_dags/example_short_circuit_operator.py
[2024-10-14T02:45:31.726+0000] {logging_mixin.py:190} INFO - [2024-10-14T02:45:31.726+0000] {dag.py:3239} INFO - Sync 1 DAGs
[2024-10-14T02:45:31.743+0000] {logging_mixin.py:190} INFO - [2024-10-14T02:45:31.742+0000] {dag.py:4180} INFO - Setting next_dagrun for example_short_circuit_operator to None, run_after=None
[2024-10-14T02:45:31.762+0000] {processor.py:208} INFO - Processing /home/airflow/.local/lib/python3.12/site-packages/airflow/example_dags/example_short_circuit_operator.py took 0.076 seconds
[2024-10-14T02:46:05.200+0000] {processor.py:186} INFO - Started process (PID=1045) to work on /home/airflow/.local/lib/python3.12/site-packages/airflow/example_dags/example_short_circuit_operator.py
[2024-10-14T02:46:05.202+0000] {processor.py:914} INFO - Processing file /home/airflow/.local/lib/python3.12/site-packages/airflow/example_dags/example_short_circuit_operator.py for tasks to queue
[2024-10-14T02:46:05.204+0000] {logging_mixin.py:190} INFO - [2024-10-14T02:46:05.204+0000] {dagbag.py:588} INFO - Filling up the DagBag from /home/airflow/.local/lib/python3.12/site-packages/airflow/example_dags/example_short_circuit_operator.py
[2024-10-14T02:46:05.214+0000] {processor.py:925} INFO - DAG(s) 'example_short_circuit_operator' retrieved from /home/airflow/.local/lib/python3.12/site-packages/airflow/example_dags/example_short_circuit_operator.py
[2024-10-14T02:46:05.240+0000] {logging_mixin.py:190} INFO - [2024-10-14T02:46:05.239+0000] {dag.py:3239} INFO - Sync 1 DAGs
[2024-10-14T02:46:05.263+0000] {logging_mixin.py:190} INFO - [2024-10-14T02:46:05.263+0000] {dag.py:4180} INFO - Setting next_dagrun for example_short_circuit_operator to None, run_after=None
[2024-10-14T02:46:05.315+0000] {processor.py:208} INFO - Processing /home/airflow/.local/lib/python3.12/site-packages/airflow/example_dags/example_short_circuit_operator.py took 0.122 seconds
[2024-10-14T02:46:38.019+0000] {processor.py:186} INFO - Started process (PID=1109) to work on /home/airflow/.local/lib/python3.12/site-packages/airflow/example_dags/example_short_circuit_operator.py
[2024-10-14T02:46:38.020+0000] {processor.py:914} INFO - Processing file /home/airflow/.local/lib/python3.12/site-packages/airflow/example_dags/example_short_circuit_operator.py for tasks to queue
[2024-10-14T02:46:38.023+0000] {logging_mixin.py:190} INFO - [2024-10-14T02:46:38.022+0000] {dagbag.py:588} INFO - Filling up the DagBag from /home/airflow/.local/lib/python3.12/site-packages/airflow/example_dags/example_short_circuit_operator.py
[2024-10-14T02:46:38.030+0000] {processor.py:925} INFO - DAG(s) 'example_short_circuit_operator' retrieved from /home/airflow/.local/lib/python3.12/site-packages/airflow/example_dags/example_short_circuit_operator.py
[2024-10-14T02:46:38.057+0000] {logging_mixin.py:190} INFO - [2024-10-14T02:46:38.056+0000] {dag.py:3239} INFO - Sync 1 DAGs
[2024-10-14T02:46:38.071+0000] {logging_mixin.py:190} INFO - [2024-10-14T02:46:38.071+0000] {dag.py:4180} INFO - Setting next_dagrun for example_short_circuit_operator to None, run_after=None
[2024-10-14T02:46:38.095+0000] {processor.py:208} INFO - Processing /home/airflow/.local/lib/python3.12/site-packages/airflow/example_dags/example_short_circuit_operator.py took 0.080 seconds
[2024-10-14T02:47:11.159+0000] {processor.py:186} INFO - Started process (PID=1173) to work on /home/airflow/.local/lib/python3.12/site-packages/airflow/example_dags/example_short_circuit_operator.py
[2024-10-14T02:47:11.161+0000] {processor.py:914} INFO - Processing file /home/airflow/.local/lib/python3.12/site-packages/airflow/example_dags/example_short_circuit_operator.py for tasks to queue
[2024-10-14T02:47:11.163+0000] {logging_mixin.py:190} INFO - [2024-10-14T02:47:11.163+0000] {dagbag.py:588} INFO - Filling up the DagBag from /home/airflow/.local/lib/python3.12/site-packages/airflow/example_dags/example_short_circuit_operator.py
[2024-10-14T02:47:11.174+0000] {processor.py:925} INFO - DAG(s) 'example_short_circuit_operator' retrieved from /home/airflow/.local/lib/python3.12/site-packages/airflow/example_dags/example_short_circuit_operator.py
[2024-10-14T02:47:11.198+0000] {logging_mixin.py:190} INFO - [2024-10-14T02:47:11.198+0000] {dag.py:3239} INFO - Sync 1 DAGs
[2024-10-14T02:47:11.213+0000] {logging_mixin.py:190} INFO - [2024-10-14T02:47:11.212+0000] {dag.py:4180} INFO - Setting next_dagrun for example_short_circuit_operator to None, run_after=None
[2024-10-14T02:47:11.235+0000] {processor.py:208} INFO - Processing /home/airflow/.local/lib/python3.12/site-packages/airflow/example_dags/example_short_circuit_operator.py took 0.082 seconds
[2024-10-14T02:47:43.616+0000] {processor.py:186} INFO - Started process (PID=1237) to work on /home/airflow/.local/lib/python3.12/site-packages/airflow/example_dags/example_short_circuit_operator.py
[2024-10-14T02:47:43.618+0000] {processor.py:914} INFO - Processing file /home/airflow/.local/lib/python3.12/site-packages/airflow/example_dags/example_short_circuit_operator.py for tasks to queue
[2024-10-14T02:47:43.620+0000] {logging_mixin.py:190} INFO - [2024-10-14T02:47:43.620+0000] {dagbag.py:588} INFO - Filling up the DagBag from /home/airflow/.local/lib/python3.12/site-packages/airflow/example_dags/example_short_circuit_operator.py
[2024-10-14T02:47:43.628+0000] {processor.py:925} INFO - DAG(s) 'example_short_circuit_operator' retrieved from /home/airflow/.local/lib/python3.12/site-packages/airflow/example_dags/example_short_circuit_operator.py
[2024-10-14T02:47:43.654+0000] {logging_mixin.py:190} INFO - [2024-10-14T02:47:43.653+0000] {dag.py:3239} INFO - Sync 1 DAGs
[2024-10-14T02:47:43.669+0000] {logging_mixin.py:190} INFO - [2024-10-14T02:47:43.669+0000] {dag.py:4180} INFO - Setting next_dagrun for example_short_circuit_operator to None, run_after=None
[2024-10-14T02:47:43.697+0000] {processor.py:208} INFO - Processing /home/airflow/.local/lib/python3.12/site-packages/airflow/example_dags/example_short_circuit_operator.py took 0.086 seconds
