[2024-10-14T02:26:47.846+0000] {processor.py:186} INFO - Started process (PID=66) to work on /home/airflow/.local/lib/python3.12/site-packages/airflow/example_dags/example_trigger_controller_dag.py
[2024-10-14T02:26:47.851+0000] {processor.py:914} INFO - Processing file /home/airflow/.local/lib/python3.12/site-packages/airflow/example_dags/example_trigger_controller_dag.py for tasks to queue
[2024-10-14T02:26:47.855+0000] {logging_mixin.py:190} INFO - [2024-10-14T02:26:47.854+0000] {dagbag.py:588} INFO - Filling up the DagBag from /home/airflow/.local/lib/python3.12/site-packages/airflow/example_dags/example_trigger_controller_dag.py
[2024-10-14T02:26:47.869+0000] {processor.py:925} INFO - DAG(s) 'example_trigger_controller_dag' retrieved from /home/airflow/.local/lib/python3.12/site-packages/airflow/example_dags/example_trigger_controller_dag.py
[2024-10-14T02:26:48.032+0000] {logging_mixin.py:190} INFO - [2024-10-14T02:26:48.031+0000] {override.py:1900} INFO - Created Permission View: can delete on DAG:example_trigger_controller_dag
[2024-10-14T02:26:48.048+0000] {logging_mixin.py:190} INFO - [2024-10-14T02:26:48.047+0000] {override.py:1900} INFO - Created Permission View: can edit on DAG:example_trigger_controller_dag
[2024-10-14T02:26:48.060+0000] {logging_mixin.py:190} INFO - [2024-10-14T02:26:48.060+0000] {override.py:1900} INFO - Created Permission View: can read on DAG:example_trigger_controller_dag
[2024-10-14T02:26:48.072+0000] {logging_mixin.py:190} INFO - [2024-10-14T02:26:48.071+0000] {override.py:1900} INFO - Created Permission View: can delete on DAG Run:example_trigger_controller_dag
[2024-10-14T02:26:48.085+0000] {logging_mixin.py:190} INFO - [2024-10-14T02:26:48.085+0000] {override.py:1900} INFO - Created Permission View: can create on DAG Run:example_trigger_controller_dag
[2024-10-14T02:26:48.094+0000] {logging_mixin.py:190} INFO - [2024-10-14T02:26:48.094+0000] {override.py:1900} INFO - Created Permission View: menu access on DAG Run:example_trigger_controller_dag
[2024-10-14T02:26:48.104+0000] {logging_mixin.py:190} INFO - [2024-10-14T02:26:48.103+0000] {override.py:1900} INFO - Created Permission View: can read on DAG Run:example_trigger_controller_dag
[2024-10-14T02:26:48.105+0000] {logging_mixin.py:190} INFO - [2024-10-14T02:26:48.104+0000] {dag.py:3239} INFO - Sync 1 DAGs
[2024-10-14T02:26:48.124+0000] {logging_mixin.py:190} INFO - [2024-10-14T02:26:48.124+0000] {dag.py:3262} INFO - Creating ORM DAG for example_trigger_controller_dag
[2024-10-14T02:26:48.139+0000] {logging_mixin.py:190} INFO - [2024-10-14T02:26:48.139+0000] {dag.py:4180} INFO - Setting next_dagrun for example_trigger_controller_dag to 2021-01-01 00:00:00+00:00, run_after=2021-01-01 00:00:00+00:00
[2024-10-14T02:26:48.179+0000] {processor.py:208} INFO - Processing /home/airflow/.local/lib/python3.12/site-packages/airflow/example_dags/example_trigger_controller_dag.py took 0.342 seconds
[2024-10-14T02:27:19.627+0000] {processor.py:186} INFO - Started process (PID=129) to work on /home/airflow/.local/lib/python3.12/site-packages/airflow/example_dags/example_trigger_controller_dag.py
[2024-10-14T02:27:19.628+0000] {processor.py:914} INFO - Processing file /home/airflow/.local/lib/python3.12/site-packages/airflow/example_dags/example_trigger_controller_dag.py for tasks to queue
[2024-10-14T02:27:19.630+0000] {logging_mixin.py:190} INFO - [2024-10-14T02:27:19.630+0000] {dagbag.py:588} INFO - Filling up the DagBag from /home/airflow/.local/lib/python3.12/site-packages/airflow/example_dags/example_trigger_controller_dag.py
[2024-10-14T02:27:19.636+0000] {processor.py:925} INFO - DAG(s) 'example_trigger_controller_dag' retrieved from /home/airflow/.local/lib/python3.12/site-packages/airflow/example_dags/example_trigger_controller_dag.py
[2024-10-14T02:27:19.653+0000] {logging_mixin.py:190} INFO - [2024-10-14T02:27:19.653+0000] {dag.py:3239} INFO - Sync 1 DAGs
[2024-10-14T02:27:19.673+0000] {logging_mixin.py:190} INFO - [2024-10-14T02:27:19.673+0000] {dag.py:4180} INFO - Setting next_dagrun for example_trigger_controller_dag to 2021-01-01 00:00:00+00:00, run_after=2021-01-01 00:00:00+00:00
[2024-10-14T02:27:19.696+0000] {processor.py:208} INFO - Processing /home/airflow/.local/lib/python3.12/site-packages/airflow/example_dags/example_trigger_controller_dag.py took 0.073 seconds
[2024-10-14T02:27:53.236+0000] {processor.py:186} INFO - Started process (PID=191) to work on /home/airflow/.local/lib/python3.12/site-packages/airflow/example_dags/example_trigger_controller_dag.py
[2024-10-14T02:27:53.237+0000] {processor.py:914} INFO - Processing file /home/airflow/.local/lib/python3.12/site-packages/airflow/example_dags/example_trigger_controller_dag.py for tasks to queue
[2024-10-14T02:27:53.239+0000] {logging_mixin.py:190} INFO - [2024-10-14T02:27:53.239+0000] {dagbag.py:588} INFO - Filling up the DagBag from /home/airflow/.local/lib/python3.12/site-packages/airflow/example_dags/example_trigger_controller_dag.py
[2024-10-14T02:27:53.245+0000] {processor.py:925} INFO - DAG(s) 'example_trigger_controller_dag' retrieved from /home/airflow/.local/lib/python3.12/site-packages/airflow/example_dags/example_trigger_controller_dag.py
[2024-10-14T02:27:53.264+0000] {logging_mixin.py:190} INFO - [2024-10-14T02:27:53.264+0000] {dag.py:3239} INFO - Sync 1 DAGs
[2024-10-14T02:27:53.284+0000] {logging_mixin.py:190} INFO - [2024-10-14T02:27:53.284+0000] {dag.py:4180} INFO - Setting next_dagrun for example_trigger_controller_dag to 2021-01-01 00:00:00+00:00, run_after=2021-01-01 00:00:00+00:00
[2024-10-14T02:27:53.301+0000] {processor.py:208} INFO - Processing /home/airflow/.local/lib/python3.12/site-packages/airflow/example_dags/example_trigger_controller_dag.py took 0.070 seconds
[2024-10-14T02:28:25.955+0000] {processor.py:186} INFO - Started process (PID=254) to work on /home/airflow/.local/lib/python3.12/site-packages/airflow/example_dags/example_trigger_controller_dag.py
[2024-10-14T02:28:25.957+0000] {processor.py:914} INFO - Processing file /home/airflow/.local/lib/python3.12/site-packages/airflow/example_dags/example_trigger_controller_dag.py for tasks to queue
[2024-10-14T02:28:25.960+0000] {logging_mixin.py:190} INFO - [2024-10-14T02:28:25.959+0000] {dagbag.py:588} INFO - Filling up the DagBag from /home/airflow/.local/lib/python3.12/site-packages/airflow/example_dags/example_trigger_controller_dag.py
[2024-10-14T02:28:25.968+0000] {processor.py:925} INFO - DAG(s) 'example_trigger_controller_dag' retrieved from /home/airflow/.local/lib/python3.12/site-packages/airflow/example_dags/example_trigger_controller_dag.py
[2024-10-14T02:28:25.990+0000] {logging_mixin.py:190} INFO - [2024-10-14T02:28:25.989+0000] {dag.py:3239} INFO - Sync 1 DAGs
[2024-10-14T02:28:26.012+0000] {logging_mixin.py:190} INFO - [2024-10-14T02:28:26.012+0000] {dag.py:4180} INFO - Setting next_dagrun for example_trigger_controller_dag to 2021-01-01 00:00:00+00:00, run_after=2021-01-01 00:00:00+00:00
[2024-10-14T02:28:26.031+0000] {processor.py:208} INFO - Processing /home/airflow/.local/lib/python3.12/site-packages/airflow/example_dags/example_trigger_controller_dag.py took 0.081 seconds
[2024-10-14T02:28:59.553+0000] {processor.py:186} INFO - Started process (PID=317) to work on /home/airflow/.local/lib/python3.12/site-packages/airflow/example_dags/example_trigger_controller_dag.py
[2024-10-14T02:28:59.554+0000] {processor.py:914} INFO - Processing file /home/airflow/.local/lib/python3.12/site-packages/airflow/example_dags/example_trigger_controller_dag.py for tasks to queue
[2024-10-14T02:28:59.558+0000] {logging_mixin.py:190} INFO - [2024-10-14T02:28:59.557+0000] {dagbag.py:588} INFO - Filling up the DagBag from /home/airflow/.local/lib/python3.12/site-packages/airflow/example_dags/example_trigger_controller_dag.py
[2024-10-14T02:28:59.568+0000] {processor.py:925} INFO - DAG(s) 'example_trigger_controller_dag' retrieved from /home/airflow/.local/lib/python3.12/site-packages/airflow/example_dags/example_trigger_controller_dag.py
[2024-10-14T02:28:59.590+0000] {logging_mixin.py:190} INFO - [2024-10-14T02:28:59.590+0000] {dag.py:3239} INFO - Sync 1 DAGs
[2024-10-14T02:28:59.617+0000] {logging_mixin.py:190} INFO - [2024-10-14T02:28:59.616+0000] {dag.py:4180} INFO - Setting next_dagrun for example_trigger_controller_dag to 2021-01-01 00:00:00+00:00, run_after=2021-01-01 00:00:00+00:00
[2024-10-14T02:28:59.649+0000] {processor.py:208} INFO - Processing /home/airflow/.local/lib/python3.12/site-packages/airflow/example_dags/example_trigger_controller_dag.py took 0.105 seconds
[2024-10-14T02:29:32.351+0000] {processor.py:186} INFO - Started process (PID=380) to work on /home/airflow/.local/lib/python3.12/site-packages/airflow/example_dags/example_trigger_controller_dag.py
[2024-10-14T02:29:32.352+0000] {processor.py:914} INFO - Processing file /home/airflow/.local/lib/python3.12/site-packages/airflow/example_dags/example_trigger_controller_dag.py for tasks to queue
[2024-10-14T02:29:32.355+0000] {logging_mixin.py:190} INFO - [2024-10-14T02:29:32.355+0000] {dagbag.py:588} INFO - Filling up the DagBag from /home/airflow/.local/lib/python3.12/site-packages/airflow/example_dags/example_trigger_controller_dag.py
[2024-10-14T02:29:32.361+0000] {processor.py:925} INFO - DAG(s) 'example_trigger_controller_dag' retrieved from /home/airflow/.local/lib/python3.12/site-packages/airflow/example_dags/example_trigger_controller_dag.py
[2024-10-14T02:29:32.378+0000] {logging_mixin.py:190} INFO - [2024-10-14T02:29:32.378+0000] {dag.py:3239} INFO - Sync 1 DAGs
[2024-10-14T02:29:32.405+0000] {logging_mixin.py:190} INFO - [2024-10-14T02:29:32.404+0000] {dag.py:4180} INFO - Setting next_dagrun for example_trigger_controller_dag to 2021-01-01 00:00:00+00:00, run_after=2021-01-01 00:00:00+00:00
[2024-10-14T02:29:32.427+0000] {processor.py:208} INFO - Processing /home/airflow/.local/lib/python3.12/site-packages/airflow/example_dags/example_trigger_controller_dag.py took 0.082 seconds
[2024-10-14T02:30:05.093+0000] {processor.py:186} INFO - Started process (PID=443) to work on /home/airflow/.local/lib/python3.12/site-packages/airflow/example_dags/example_trigger_controller_dag.py
[2024-10-14T02:30:05.094+0000] {processor.py:914} INFO - Processing file /home/airflow/.local/lib/python3.12/site-packages/airflow/example_dags/example_trigger_controller_dag.py for tasks to queue
[2024-10-14T02:30:05.097+0000] {logging_mixin.py:190} INFO - [2024-10-14T02:30:05.097+0000] {dagbag.py:588} INFO - Filling up the DagBag from /home/airflow/.local/lib/python3.12/site-packages/airflow/example_dags/example_trigger_controller_dag.py
[2024-10-14T02:30:05.105+0000] {processor.py:925} INFO - DAG(s) 'example_trigger_controller_dag' retrieved from /home/airflow/.local/lib/python3.12/site-packages/airflow/example_dags/example_trigger_controller_dag.py
[2024-10-14T02:30:05.126+0000] {logging_mixin.py:190} INFO - [2024-10-14T02:30:05.125+0000] {dag.py:3239} INFO - Sync 1 DAGs
[2024-10-14T02:30:05.149+0000] {logging_mixin.py:190} INFO - [2024-10-14T02:30:05.149+0000] {dag.py:4180} INFO - Setting next_dagrun for example_trigger_controller_dag to 2021-01-01 00:00:00+00:00, run_after=2021-01-01 00:00:00+00:00
[2024-10-14T02:30:05.169+0000] {processor.py:208} INFO - Processing /home/airflow/.local/lib/python3.12/site-packages/airflow/example_dags/example_trigger_controller_dag.py took 0.084 seconds
[2024-10-14T02:30:38.072+0000] {processor.py:186} INFO - Started process (PID=506) to work on /home/airflow/.local/lib/python3.12/site-packages/airflow/example_dags/example_trigger_controller_dag.py
[2024-10-14T02:30:38.074+0000] {processor.py:914} INFO - Processing file /home/airflow/.local/lib/python3.12/site-packages/airflow/example_dags/example_trigger_controller_dag.py for tasks to queue
[2024-10-14T02:30:38.076+0000] {logging_mixin.py:190} INFO - [2024-10-14T02:30:38.075+0000] {dagbag.py:588} INFO - Filling up the DagBag from /home/airflow/.local/lib/python3.12/site-packages/airflow/example_dags/example_trigger_controller_dag.py
[2024-10-14T02:30:38.081+0000] {processor.py:925} INFO - DAG(s) 'example_trigger_controller_dag' retrieved from /home/airflow/.local/lib/python3.12/site-packages/airflow/example_dags/example_trigger_controller_dag.py
[2024-10-14T02:30:38.101+0000] {logging_mixin.py:190} INFO - [2024-10-14T02:30:38.100+0000] {dag.py:3239} INFO - Sync 1 DAGs
[2024-10-14T02:30:38.125+0000] {logging_mixin.py:190} INFO - [2024-10-14T02:30:38.124+0000] {dag.py:4180} INFO - Setting next_dagrun for example_trigger_controller_dag to 2021-01-01 00:00:00+00:00, run_after=2021-01-01 00:00:00+00:00
[2024-10-14T02:30:38.149+0000] {processor.py:208} INFO - Processing /home/airflow/.local/lib/python3.12/site-packages/airflow/example_dags/example_trigger_controller_dag.py took 0.084 seconds
[2024-10-14T02:31:11.257+0000] {processor.py:186} INFO - Started process (PID=570) to work on /home/airflow/.local/lib/python3.12/site-packages/airflow/example_dags/example_trigger_controller_dag.py
[2024-10-14T02:31:11.258+0000] {processor.py:914} INFO - Processing file /home/airflow/.local/lib/python3.12/site-packages/airflow/example_dags/example_trigger_controller_dag.py for tasks to queue
[2024-10-14T02:31:11.260+0000] {logging_mixin.py:190} INFO - [2024-10-14T02:31:11.260+0000] {dagbag.py:588} INFO - Filling up the DagBag from /home/airflow/.local/lib/python3.12/site-packages/airflow/example_dags/example_trigger_controller_dag.py
[2024-10-14T02:31:11.266+0000] {processor.py:925} INFO - DAG(s) 'example_trigger_controller_dag' retrieved from /home/airflow/.local/lib/python3.12/site-packages/airflow/example_dags/example_trigger_controller_dag.py
[2024-10-14T02:31:11.285+0000] {logging_mixin.py:190} INFO - [2024-10-14T02:31:11.284+0000] {dag.py:3239} INFO - Sync 1 DAGs
[2024-10-14T02:31:11.305+0000] {logging_mixin.py:190} INFO - [2024-10-14T02:31:11.304+0000] {dag.py:4180} INFO - Setting next_dagrun for example_trigger_controller_dag to 2021-01-01 00:00:00+00:00, run_after=2021-01-01 00:00:00+00:00
[2024-10-14T02:31:11.323+0000] {processor.py:208} INFO - Processing /home/airflow/.local/lib/python3.12/site-packages/airflow/example_dags/example_trigger_controller_dag.py took 0.071 seconds
[2024-10-14T02:31:44.406+0000] {processor.py:186} INFO - Started process (PID=633) to work on /home/airflow/.local/lib/python3.12/site-packages/airflow/example_dags/example_trigger_controller_dag.py
[2024-10-14T02:31:44.407+0000] {processor.py:914} INFO - Processing file /home/airflow/.local/lib/python3.12/site-packages/airflow/example_dags/example_trigger_controller_dag.py for tasks to queue
[2024-10-14T02:31:44.412+0000] {logging_mixin.py:190} INFO - [2024-10-14T02:31:44.411+0000] {dagbag.py:588} INFO - Filling up the DagBag from /home/airflow/.local/lib/python3.12/site-packages/airflow/example_dags/example_trigger_controller_dag.py
[2024-10-14T02:31:44.418+0000] {processor.py:925} INFO - DAG(s) 'example_trigger_controller_dag' retrieved from /home/airflow/.local/lib/python3.12/site-packages/airflow/example_dags/example_trigger_controller_dag.py
[2024-10-14T02:31:44.438+0000] {logging_mixin.py:190} INFO - [2024-10-14T02:31:44.437+0000] {dag.py:3239} INFO - Sync 1 DAGs
[2024-10-14T02:31:44.462+0000] {logging_mixin.py:190} INFO - [2024-10-14T02:31:44.462+0000] {dag.py:4180} INFO - Setting next_dagrun for example_trigger_controller_dag to 2021-01-01 00:00:00+00:00, run_after=2021-01-01 00:00:00+00:00
[2024-10-14T02:31:44.483+0000] {processor.py:208} INFO - Processing /home/airflow/.local/lib/python3.12/site-packages/airflow/example_dags/example_trigger_controller_dag.py took 0.086 seconds
[2024-10-14T02:32:16.791+0000] {processor.py:186} INFO - Started process (PID=696) to work on /home/airflow/.local/lib/python3.12/site-packages/airflow/example_dags/example_trigger_controller_dag.py
[2024-10-14T02:32:16.792+0000] {processor.py:914} INFO - Processing file /home/airflow/.local/lib/python3.12/site-packages/airflow/example_dags/example_trigger_controller_dag.py for tasks to queue
[2024-10-14T02:32:16.796+0000] {logging_mixin.py:190} INFO - [2024-10-14T02:32:16.795+0000] {dagbag.py:588} INFO - Filling up the DagBag from /home/airflow/.local/lib/python3.12/site-packages/airflow/example_dags/example_trigger_controller_dag.py
[2024-10-14T02:32:16.801+0000] {processor.py:925} INFO - DAG(s) 'example_trigger_controller_dag' retrieved from /home/airflow/.local/lib/python3.12/site-packages/airflow/example_dags/example_trigger_controller_dag.py
[2024-10-14T02:32:16.820+0000] {logging_mixin.py:190} INFO - [2024-10-14T02:32:16.819+0000] {dag.py:3239} INFO - Sync 1 DAGs
[2024-10-14T02:32:16.844+0000] {logging_mixin.py:190} INFO - [2024-10-14T02:32:16.844+0000] {dag.py:4180} INFO - Setting next_dagrun for example_trigger_controller_dag to 2021-01-01 00:00:00+00:00, run_after=2021-01-01 00:00:00+00:00
[2024-10-14T02:32:16.864+0000] {processor.py:208} INFO - Processing /home/airflow/.local/lib/python3.12/site-packages/airflow/example_dags/example_trigger_controller_dag.py took 0.081 seconds
[2024-10-14T02:32:50.171+0000] {processor.py:186} INFO - Started process (PID=759) to work on /home/airflow/.local/lib/python3.12/site-packages/airflow/example_dags/example_trigger_controller_dag.py
[2024-10-14T02:32:50.172+0000] {processor.py:914} INFO - Processing file /home/airflow/.local/lib/python3.12/site-packages/airflow/example_dags/example_trigger_controller_dag.py for tasks to queue
[2024-10-14T02:32:50.175+0000] {logging_mixin.py:190} INFO - [2024-10-14T02:32:50.174+0000] {dagbag.py:588} INFO - Filling up the DagBag from /home/airflow/.local/lib/python3.12/site-packages/airflow/example_dags/example_trigger_controller_dag.py
[2024-10-14T02:32:50.182+0000] {processor.py:925} INFO - DAG(s) 'example_trigger_controller_dag' retrieved from /home/airflow/.local/lib/python3.12/site-packages/airflow/example_dags/example_trigger_controller_dag.py
[2024-10-14T02:32:50.201+0000] {logging_mixin.py:190} INFO - [2024-10-14T02:32:50.201+0000] {dag.py:3239} INFO - Sync 1 DAGs
[2024-10-14T02:32:50.230+0000] {logging_mixin.py:190} INFO - [2024-10-14T02:32:50.230+0000] {dag.py:4180} INFO - Setting next_dagrun for example_trigger_controller_dag to 2021-01-01 00:00:00+00:00, run_after=2021-01-01 00:00:00+00:00
[2024-10-14T02:32:50.267+0000] {processor.py:208} INFO - Processing /home/airflow/.local/lib/python3.12/site-packages/airflow/example_dags/example_trigger_controller_dag.py took 0.102 seconds
[2024-10-14T02:33:22.871+0000] {processor.py:186} INFO - Started process (PID=822) to work on /home/airflow/.local/lib/python3.12/site-packages/airflow/example_dags/example_trigger_controller_dag.py
[2024-10-14T02:33:22.872+0000] {processor.py:914} INFO - Processing file /home/airflow/.local/lib/python3.12/site-packages/airflow/example_dags/example_trigger_controller_dag.py for tasks to queue
[2024-10-14T02:33:22.874+0000] {logging_mixin.py:190} INFO - [2024-10-14T02:33:22.874+0000] {dagbag.py:588} INFO - Filling up the DagBag from /home/airflow/.local/lib/python3.12/site-packages/airflow/example_dags/example_trigger_controller_dag.py
[2024-10-14T02:33:22.880+0000] {processor.py:925} INFO - DAG(s) 'example_trigger_controller_dag' retrieved from /home/airflow/.local/lib/python3.12/site-packages/airflow/example_dags/example_trigger_controller_dag.py
[2024-10-14T02:33:22.898+0000] {logging_mixin.py:190} INFO - [2024-10-14T02:33:22.897+0000] {dag.py:3239} INFO - Sync 1 DAGs
[2024-10-14T02:33:22.918+0000] {logging_mixin.py:190} INFO - [2024-10-14T02:33:22.917+0000] {dag.py:4180} INFO - Setting next_dagrun for example_trigger_controller_dag to 2021-01-01 00:00:00+00:00, run_after=2021-01-01 00:00:00+00:00
[2024-10-14T02:33:22.939+0000] {processor.py:208} INFO - Processing /home/airflow/.local/lib/python3.12/site-packages/airflow/example_dags/example_trigger_controller_dag.py took 0.073 seconds
[2024-10-14T02:33:56.047+0000] {processor.py:186} INFO - Started process (PID=887) to work on /home/airflow/.local/lib/python3.12/site-packages/airflow/example_dags/example_trigger_controller_dag.py
[2024-10-14T02:33:56.048+0000] {processor.py:914} INFO - Processing file /home/airflow/.local/lib/python3.12/site-packages/airflow/example_dags/example_trigger_controller_dag.py for tasks to queue
[2024-10-14T02:33:56.051+0000] {logging_mixin.py:190} INFO - [2024-10-14T02:33:56.050+0000] {dagbag.py:588} INFO - Filling up the DagBag from /home/airflow/.local/lib/python3.12/site-packages/airflow/example_dags/example_trigger_controller_dag.py
[2024-10-14T02:33:56.062+0000] {processor.py:925} INFO - DAG(s) 'example_trigger_controller_dag' retrieved from /home/airflow/.local/lib/python3.12/site-packages/airflow/example_dags/example_trigger_controller_dag.py
[2024-10-14T02:33:56.081+0000] {logging_mixin.py:190} INFO - [2024-10-14T02:33:56.081+0000] {dag.py:3239} INFO - Sync 1 DAGs
[2024-10-14T02:33:56.109+0000] {logging_mixin.py:190} INFO - [2024-10-14T02:33:56.108+0000] {dag.py:4180} INFO - Setting next_dagrun for example_trigger_controller_dag to 2021-01-01 00:00:00+00:00, run_after=2021-01-01 00:00:00+00:00
[2024-10-14T02:33:56.132+0000] {processor.py:208} INFO - Processing /home/airflow/.local/lib/python3.12/site-packages/airflow/example_dags/example_trigger_controller_dag.py took 0.090 seconds
[2024-10-14T02:34:28.948+0000] {processor.py:186} INFO - Started process (PID=950) to work on /home/airflow/.local/lib/python3.12/site-packages/airflow/example_dags/example_trigger_controller_dag.py
[2024-10-14T02:34:28.950+0000] {processor.py:914} INFO - Processing file /home/airflow/.local/lib/python3.12/site-packages/airflow/example_dags/example_trigger_controller_dag.py for tasks to queue
[2024-10-14T02:34:28.953+0000] {logging_mixin.py:190} INFO - [2024-10-14T02:34:28.953+0000] {dagbag.py:588} INFO - Filling up the DagBag from /home/airflow/.local/lib/python3.12/site-packages/airflow/example_dags/example_trigger_controller_dag.py
[2024-10-14T02:34:28.961+0000] {processor.py:925} INFO - DAG(s) 'example_trigger_controller_dag' retrieved from /home/airflow/.local/lib/python3.12/site-packages/airflow/example_dags/example_trigger_controller_dag.py
[2024-10-14T02:34:28.989+0000] {logging_mixin.py:190} INFO - [2024-10-14T02:34:28.989+0000] {dag.py:3239} INFO - Sync 1 DAGs
[2024-10-14T02:34:29.066+0000] {logging_mixin.py:190} INFO - [2024-10-14T02:34:29.065+0000] {dag.py:4180} INFO - Setting next_dagrun for example_trigger_controller_dag to 2021-01-01 00:00:00+00:00, run_after=2021-01-01 00:00:00+00:00
[2024-10-14T02:34:29.102+0000] {processor.py:208} INFO - Processing /home/airflow/.local/lib/python3.12/site-packages/airflow/example_dags/example_trigger_controller_dag.py took 0.160 seconds
[2024-10-14T02:35:02.126+0000] {processor.py:186} INFO - Started process (PID=1013) to work on /home/airflow/.local/lib/python3.12/site-packages/airflow/example_dags/example_trigger_controller_dag.py
[2024-10-14T02:35:02.128+0000] {processor.py:914} INFO - Processing file /home/airflow/.local/lib/python3.12/site-packages/airflow/example_dags/example_trigger_controller_dag.py for tasks to queue
[2024-10-14T02:35:02.132+0000] {logging_mixin.py:190} INFO - [2024-10-14T02:35:02.131+0000] {dagbag.py:588} INFO - Filling up the DagBag from /home/airflow/.local/lib/python3.12/site-packages/airflow/example_dags/example_trigger_controller_dag.py
[2024-10-14T02:35:02.142+0000] {processor.py:925} INFO - DAG(s) 'example_trigger_controller_dag' retrieved from /home/airflow/.local/lib/python3.12/site-packages/airflow/example_dags/example_trigger_controller_dag.py
[2024-10-14T02:35:02.173+0000] {logging_mixin.py:190} INFO - [2024-10-14T02:35:02.173+0000] {dag.py:3239} INFO - Sync 1 DAGs
[2024-10-14T02:35:02.198+0000] {logging_mixin.py:190} INFO - [2024-10-14T02:35:02.197+0000] {dag.py:4180} INFO - Setting next_dagrun for example_trigger_controller_dag to 2021-01-01 00:00:00+00:00, run_after=2021-01-01 00:00:00+00:00
[2024-10-14T02:35:02.223+0000] {processor.py:208} INFO - Processing /home/airflow/.local/lib/python3.12/site-packages/airflow/example_dags/example_trigger_controller_dag.py took 0.107 seconds
[2024-10-14T02:35:35.239+0000] {processor.py:186} INFO - Started process (PID=1076) to work on /home/airflow/.local/lib/python3.12/site-packages/airflow/example_dags/example_trigger_controller_dag.py
[2024-10-14T02:35:35.240+0000] {processor.py:914} INFO - Processing file /home/airflow/.local/lib/python3.12/site-packages/airflow/example_dags/example_trigger_controller_dag.py for tasks to queue
[2024-10-14T02:35:35.243+0000] {logging_mixin.py:190} INFO - [2024-10-14T02:35:35.242+0000] {dagbag.py:588} INFO - Filling up the DagBag from /home/airflow/.local/lib/python3.12/site-packages/airflow/example_dags/example_trigger_controller_dag.py
[2024-10-14T02:35:35.252+0000] {processor.py:925} INFO - DAG(s) 'example_trigger_controller_dag' retrieved from /home/airflow/.local/lib/python3.12/site-packages/airflow/example_dags/example_trigger_controller_dag.py
[2024-10-14T02:35:35.269+0000] {logging_mixin.py:190} INFO - [2024-10-14T02:35:35.269+0000] {dag.py:3239} INFO - Sync 1 DAGs
[2024-10-14T02:35:35.293+0000] {logging_mixin.py:190} INFO - [2024-10-14T02:35:35.293+0000] {dag.py:4180} INFO - Setting next_dagrun for example_trigger_controller_dag to 2021-01-01 00:00:00+00:00, run_after=2021-01-01 00:00:00+00:00
[2024-10-14T02:35:35.313+0000] {processor.py:208} INFO - Processing /home/airflow/.local/lib/python3.12/site-packages/airflow/example_dags/example_trigger_controller_dag.py took 0.084 seconds
[2024-10-14T02:36:08.732+0000] {processor.py:186} INFO - Started process (PID=1139) to work on /home/airflow/.local/lib/python3.12/site-packages/airflow/example_dags/example_trigger_controller_dag.py
[2024-10-14T02:36:08.733+0000] {processor.py:914} INFO - Processing file /home/airflow/.local/lib/python3.12/site-packages/airflow/example_dags/example_trigger_controller_dag.py for tasks to queue
[2024-10-14T02:36:08.736+0000] {logging_mixin.py:190} INFO - [2024-10-14T02:36:08.736+0000] {dagbag.py:588} INFO - Filling up the DagBag from /home/airflow/.local/lib/python3.12/site-packages/airflow/example_dags/example_trigger_controller_dag.py
[2024-10-14T02:36:08.742+0000] {processor.py:925} INFO - DAG(s) 'example_trigger_controller_dag' retrieved from /home/airflow/.local/lib/python3.12/site-packages/airflow/example_dags/example_trigger_controller_dag.py
[2024-10-14T02:36:08.761+0000] {logging_mixin.py:190} INFO - [2024-10-14T02:36:08.761+0000] {dag.py:3239} INFO - Sync 1 DAGs
[2024-10-14T02:36:08.786+0000] {logging_mixin.py:190} INFO - [2024-10-14T02:36:08.785+0000] {dag.py:4180} INFO - Setting next_dagrun for example_trigger_controller_dag to 2021-01-01 00:00:00+00:00, run_after=2021-01-01 00:00:00+00:00
[2024-10-14T02:36:08.806+0000] {processor.py:208} INFO - Processing /home/airflow/.local/lib/python3.12/site-packages/airflow/example_dags/example_trigger_controller_dag.py took 0.078 seconds
[2024-10-14T02:37:43.320+0000] {processor.py:186} INFO - Started process (PID=66) to work on /home/airflow/.local/lib/python3.12/site-packages/airflow/example_dags/example_trigger_controller_dag.py
[2024-10-14T02:37:43.321+0000] {processor.py:914} INFO - Processing file /home/airflow/.local/lib/python3.12/site-packages/airflow/example_dags/example_trigger_controller_dag.py for tasks to queue
[2024-10-14T02:37:43.324+0000] {logging_mixin.py:190} INFO - [2024-10-14T02:37:43.324+0000] {dagbag.py:588} INFO - Filling up the DagBag from /home/airflow/.local/lib/python3.12/site-packages/airflow/example_dags/example_trigger_controller_dag.py
[2024-10-14T02:37:43.332+0000] {processor.py:925} INFO - DAG(s) 'example_trigger_controller_dag' retrieved from /home/airflow/.local/lib/python3.12/site-packages/airflow/example_dags/example_trigger_controller_dag.py
[2024-10-14T02:37:43.363+0000] {logging_mixin.py:190} INFO - [2024-10-14T02:37:43.363+0000] {dag.py:3239} INFO - Sync 1 DAGs
[2024-10-14T02:37:43.403+0000] {logging_mixin.py:190} INFO - [2024-10-14T02:37:43.402+0000] {dag.py:4180} INFO - Setting next_dagrun for example_trigger_controller_dag to 2021-01-01 00:00:00+00:00, run_after=2021-01-01 00:00:00+00:00
[2024-10-14T02:37:43.431+0000] {processor.py:208} INFO - Processing /home/airflow/.local/lib/python3.12/site-packages/airflow/example_dags/example_trigger_controller_dag.py took 0.118 seconds
[2024-10-14T02:38:13.803+0000] {processor.py:186} INFO - Started process (PID=130) to work on /home/airflow/.local/lib/python3.12/site-packages/airflow/example_dags/example_trigger_controller_dag.py
[2024-10-14T02:38:13.804+0000] {processor.py:914} INFO - Processing file /home/airflow/.local/lib/python3.12/site-packages/airflow/example_dags/example_trigger_controller_dag.py for tasks to queue
[2024-10-14T02:38:13.806+0000] {logging_mixin.py:190} INFO - [2024-10-14T02:38:13.806+0000] {dagbag.py:588} INFO - Filling up the DagBag from /home/airflow/.local/lib/python3.12/site-packages/airflow/example_dags/example_trigger_controller_dag.py
[2024-10-14T02:38:13.812+0000] {processor.py:925} INFO - DAG(s) 'example_trigger_controller_dag' retrieved from /home/airflow/.local/lib/python3.12/site-packages/airflow/example_dags/example_trigger_controller_dag.py
[2024-10-14T02:38:13.829+0000] {logging_mixin.py:190} INFO - [2024-10-14T02:38:13.828+0000] {dag.py:3239} INFO - Sync 1 DAGs
[2024-10-14T02:38:13.848+0000] {logging_mixin.py:190} INFO - [2024-10-14T02:38:13.848+0000] {dag.py:4180} INFO - Setting next_dagrun for example_trigger_controller_dag to 2021-01-01 00:00:00+00:00, run_after=2021-01-01 00:00:00+00:00
[2024-10-14T02:38:13.868+0000] {processor.py:208} INFO - Processing /home/airflow/.local/lib/python3.12/site-packages/airflow/example_dags/example_trigger_controller_dag.py took 0.070 seconds
[2024-10-14T02:38:44.594+0000] {processor.py:186} INFO - Started process (PID=194) to work on /home/airflow/.local/lib/python3.12/site-packages/airflow/example_dags/example_trigger_controller_dag.py
[2024-10-14T02:38:44.595+0000] {processor.py:914} INFO - Processing file /home/airflow/.local/lib/python3.12/site-packages/airflow/example_dags/example_trigger_controller_dag.py for tasks to queue
[2024-10-14T02:38:44.599+0000] {logging_mixin.py:190} INFO - [2024-10-14T02:38:44.598+0000] {dagbag.py:588} INFO - Filling up the DagBag from /home/airflow/.local/lib/python3.12/site-packages/airflow/example_dags/example_trigger_controller_dag.py
[2024-10-14T02:38:44.605+0000] {processor.py:925} INFO - DAG(s) 'example_trigger_controller_dag' retrieved from /home/airflow/.local/lib/python3.12/site-packages/airflow/example_dags/example_trigger_controller_dag.py
[2024-10-14T02:38:44.629+0000] {logging_mixin.py:190} INFO - [2024-10-14T02:38:44.629+0000] {dag.py:3239} INFO - Sync 1 DAGs
[2024-10-14T02:38:44.658+0000] {logging_mixin.py:190} INFO - [2024-10-14T02:38:44.658+0000] {dag.py:4180} INFO - Setting next_dagrun for example_trigger_controller_dag to 2021-01-01 00:00:00+00:00, run_after=2021-01-01 00:00:00+00:00
[2024-10-14T02:38:44.679+0000] {processor.py:208} INFO - Processing /home/airflow/.local/lib/python3.12/site-packages/airflow/example_dags/example_trigger_controller_dag.py took 0.091 seconds
[2024-10-14T02:39:15.416+0000] {processor.py:186} INFO - Started process (PID=259) to work on /home/airflow/.local/lib/python3.12/site-packages/airflow/example_dags/example_trigger_controller_dag.py
[2024-10-14T02:39:15.419+0000] {processor.py:914} INFO - Processing file /home/airflow/.local/lib/python3.12/site-packages/airflow/example_dags/example_trigger_controller_dag.py for tasks to queue
[2024-10-14T02:39:15.424+0000] {logging_mixin.py:190} INFO - [2024-10-14T02:39:15.423+0000] {dagbag.py:588} INFO - Filling up the DagBag from /home/airflow/.local/lib/python3.12/site-packages/airflow/example_dags/example_trigger_controller_dag.py
[2024-10-14T02:39:15.440+0000] {processor.py:925} INFO - DAG(s) 'example_trigger_controller_dag' retrieved from /home/airflow/.local/lib/python3.12/site-packages/airflow/example_dags/example_trigger_controller_dag.py
[2024-10-14T02:39:15.474+0000] {logging_mixin.py:190} INFO - [2024-10-14T02:39:15.473+0000] {dag.py:3239} INFO - Sync 1 DAGs
[2024-10-14T02:39:15.506+0000] {logging_mixin.py:190} INFO - [2024-10-14T02:39:15.506+0000] {dag.py:4180} INFO - Setting next_dagrun for example_trigger_controller_dag to 2021-01-01 00:00:00+00:00, run_after=2021-01-01 00:00:00+00:00
[2024-10-14T02:39:15.535+0000] {processor.py:208} INFO - Processing /home/airflow/.local/lib/python3.12/site-packages/airflow/example_dags/example_trigger_controller_dag.py took 0.138 seconds
[2024-10-14T02:39:46.564+0000] {processor.py:186} INFO - Started process (PID=323) to work on /home/airflow/.local/lib/python3.12/site-packages/airflow/example_dags/example_trigger_controller_dag.py
[2024-10-14T02:39:46.566+0000] {processor.py:914} INFO - Processing file /home/airflow/.local/lib/python3.12/site-packages/airflow/example_dags/example_trigger_controller_dag.py for tasks to queue
[2024-10-14T02:39:46.570+0000] {logging_mixin.py:190} INFO - [2024-10-14T02:39:46.570+0000] {dagbag.py:588} INFO - Filling up the DagBag from /home/airflow/.local/lib/python3.12/site-packages/airflow/example_dags/example_trigger_controller_dag.py
[2024-10-14T02:39:46.577+0000] {processor.py:925} INFO - DAG(s) 'example_trigger_controller_dag' retrieved from /home/airflow/.local/lib/python3.12/site-packages/airflow/example_dags/example_trigger_controller_dag.py
[2024-10-14T02:39:46.597+0000] {logging_mixin.py:190} INFO - [2024-10-14T02:39:46.597+0000] {dag.py:3239} INFO - Sync 1 DAGs
[2024-10-14T02:39:46.622+0000] {logging_mixin.py:190} INFO - [2024-10-14T02:39:46.622+0000] {dag.py:4180} INFO - Setting next_dagrun for example_trigger_controller_dag to 2021-01-01 00:00:00+00:00, run_after=2021-01-01 00:00:00+00:00
[2024-10-14T02:39:46.643+0000] {processor.py:208} INFO - Processing /home/airflow/.local/lib/python3.12/site-packages/airflow/example_dags/example_trigger_controller_dag.py took 0.084 seconds
[2024-10-14T02:40:16.749+0000] {processor.py:186} INFO - Started process (PID=387) to work on /home/airflow/.local/lib/python3.12/site-packages/airflow/example_dags/example_trigger_controller_dag.py
[2024-10-14T02:40:16.751+0000] {processor.py:914} INFO - Processing file /home/airflow/.local/lib/python3.12/site-packages/airflow/example_dags/example_trigger_controller_dag.py for tasks to queue
[2024-10-14T02:40:16.754+0000] {logging_mixin.py:190} INFO - [2024-10-14T02:40:16.753+0000] {dagbag.py:588} INFO - Filling up the DagBag from /home/airflow/.local/lib/python3.12/site-packages/airflow/example_dags/example_trigger_controller_dag.py
[2024-10-14T02:40:16.764+0000] {processor.py:925} INFO - DAG(s) 'example_trigger_controller_dag' retrieved from /home/airflow/.local/lib/python3.12/site-packages/airflow/example_dags/example_trigger_controller_dag.py
[2024-10-14T02:40:16.790+0000] {logging_mixin.py:190} INFO - [2024-10-14T02:40:16.790+0000] {dag.py:3239} INFO - Sync 1 DAGs
[2024-10-14T02:40:16.823+0000] {logging_mixin.py:190} INFO - [2024-10-14T02:40:16.822+0000] {dag.py:4180} INFO - Setting next_dagrun for example_trigger_controller_dag to 2021-01-01 00:00:00+00:00, run_after=2021-01-01 00:00:00+00:00
[2024-10-14T02:40:16.857+0000] {processor.py:208} INFO - Processing /home/airflow/.local/lib/python3.12/site-packages/airflow/example_dags/example_trigger_controller_dag.py took 0.116 seconds
[2024-10-14T02:40:47.249+0000] {processor.py:186} INFO - Started process (PID=451) to work on /home/airflow/.local/lib/python3.12/site-packages/airflow/example_dags/example_trigger_controller_dag.py
[2024-10-14T02:40:47.250+0000] {processor.py:914} INFO - Processing file /home/airflow/.local/lib/python3.12/site-packages/airflow/example_dags/example_trigger_controller_dag.py for tasks to queue
[2024-10-14T02:40:47.253+0000] {logging_mixin.py:190} INFO - [2024-10-14T02:40:47.252+0000] {dagbag.py:588} INFO - Filling up the DagBag from /home/airflow/.local/lib/python3.12/site-packages/airflow/example_dags/example_trigger_controller_dag.py
[2024-10-14T02:40:47.261+0000] {processor.py:925} INFO - DAG(s) 'example_trigger_controller_dag' retrieved from /home/airflow/.local/lib/python3.12/site-packages/airflow/example_dags/example_trigger_controller_dag.py
[2024-10-14T02:40:47.279+0000] {logging_mixin.py:190} INFO - [2024-10-14T02:40:47.279+0000] {dag.py:3239} INFO - Sync 1 DAGs
[2024-10-14T02:40:47.303+0000] {logging_mixin.py:190} INFO - [2024-10-14T02:40:47.303+0000] {dag.py:4180} INFO - Setting next_dagrun for example_trigger_controller_dag to 2021-01-01 00:00:00+00:00, run_after=2021-01-01 00:00:00+00:00
[2024-10-14T02:40:47.339+0000] {processor.py:208} INFO - Processing /home/airflow/.local/lib/python3.12/site-packages/airflow/example_dags/example_trigger_controller_dag.py took 0.097 seconds
[2024-10-14T02:41:18.146+0000] {processor.py:186} INFO - Started process (PID=515) to work on /home/airflow/.local/lib/python3.12/site-packages/airflow/example_dags/example_trigger_controller_dag.py
[2024-10-14T02:41:18.147+0000] {processor.py:914} INFO - Processing file /home/airflow/.local/lib/python3.12/site-packages/airflow/example_dags/example_trigger_controller_dag.py for tasks to queue
[2024-10-14T02:41:18.149+0000] {logging_mixin.py:190} INFO - [2024-10-14T02:41:18.148+0000] {dagbag.py:588} INFO - Filling up the DagBag from /home/airflow/.local/lib/python3.12/site-packages/airflow/example_dags/example_trigger_controller_dag.py
[2024-10-14T02:41:18.157+0000] {processor.py:925} INFO - DAG(s) 'example_trigger_controller_dag' retrieved from /home/airflow/.local/lib/python3.12/site-packages/airflow/example_dags/example_trigger_controller_dag.py
[2024-10-14T02:41:18.194+0000] {logging_mixin.py:190} INFO - [2024-10-14T02:41:18.193+0000] {dag.py:3239} INFO - Sync 1 DAGs
[2024-10-14T02:41:18.219+0000] {logging_mixin.py:190} INFO - [2024-10-14T02:41:18.219+0000] {dag.py:4180} INFO - Setting next_dagrun for example_trigger_controller_dag to 2021-01-01 00:00:00+00:00, run_after=2021-01-01 00:00:00+00:00
[2024-10-14T02:41:18.240+0000] {processor.py:208} INFO - Processing /home/airflow/.local/lib/python3.12/site-packages/airflow/example_dags/example_trigger_controller_dag.py took 0.102 seconds
[2024-10-14T02:41:48.613+0000] {processor.py:186} INFO - Started process (PID=579) to work on /home/airflow/.local/lib/python3.12/site-packages/airflow/example_dags/example_trigger_controller_dag.py
[2024-10-14T02:41:48.614+0000] {processor.py:914} INFO - Processing file /home/airflow/.local/lib/python3.12/site-packages/airflow/example_dags/example_trigger_controller_dag.py for tasks to queue
[2024-10-14T02:41:48.619+0000] {logging_mixin.py:190} INFO - [2024-10-14T02:41:48.618+0000] {dagbag.py:588} INFO - Filling up the DagBag from /home/airflow/.local/lib/python3.12/site-packages/airflow/example_dags/example_trigger_controller_dag.py
[2024-10-14T02:41:48.627+0000] {processor.py:925} INFO - DAG(s) 'example_trigger_controller_dag' retrieved from /home/airflow/.local/lib/python3.12/site-packages/airflow/example_dags/example_trigger_controller_dag.py
[2024-10-14T02:41:48.653+0000] {logging_mixin.py:190} INFO - [2024-10-14T02:41:48.652+0000] {dag.py:3239} INFO - Sync 1 DAGs
[2024-10-14T02:41:48.682+0000] {logging_mixin.py:190} INFO - [2024-10-14T02:41:48.681+0000] {dag.py:4180} INFO - Setting next_dagrun for example_trigger_controller_dag to 2021-01-01 00:00:00+00:00, run_after=2021-01-01 00:00:00+00:00
[2024-10-14T02:41:48.709+0000] {processor.py:208} INFO - Processing /home/airflow/.local/lib/python3.12/site-packages/airflow/example_dags/example_trigger_controller_dag.py took 0.102 seconds
[2024-10-14T02:42:18.948+0000] {processor.py:186} INFO - Started process (PID=643) to work on /home/airflow/.local/lib/python3.12/site-packages/airflow/example_dags/example_trigger_controller_dag.py
[2024-10-14T02:42:18.949+0000] {processor.py:914} INFO - Processing file /home/airflow/.local/lib/python3.12/site-packages/airflow/example_dags/example_trigger_controller_dag.py for tasks to queue
[2024-10-14T02:42:18.953+0000] {logging_mixin.py:190} INFO - [2024-10-14T02:42:18.952+0000] {dagbag.py:588} INFO - Filling up the DagBag from /home/airflow/.local/lib/python3.12/site-packages/airflow/example_dags/example_trigger_controller_dag.py
[2024-10-14T02:42:18.959+0000] {processor.py:925} INFO - DAG(s) 'example_trigger_controller_dag' retrieved from /home/airflow/.local/lib/python3.12/site-packages/airflow/example_dags/example_trigger_controller_dag.py
[2024-10-14T02:42:18.976+0000] {logging_mixin.py:190} INFO - [2024-10-14T02:42:18.976+0000] {dag.py:3239} INFO - Sync 1 DAGs
[2024-10-14T02:42:18.999+0000] {logging_mixin.py:190} INFO - [2024-10-14T02:42:18.999+0000] {dag.py:4180} INFO - Setting next_dagrun for example_trigger_controller_dag to 2021-01-01 00:00:00+00:00, run_after=2021-01-01 00:00:00+00:00
[2024-10-14T02:42:19.020+0000] {processor.py:208} INFO - Processing /home/airflow/.local/lib/python3.12/site-packages/airflow/example_dags/example_trigger_controller_dag.py took 0.077 seconds
[2024-10-14T02:42:49.900+0000] {processor.py:186} INFO - Started process (PID=707) to work on /home/airflow/.local/lib/python3.12/site-packages/airflow/example_dags/example_trigger_controller_dag.py
[2024-10-14T02:42:49.901+0000] {processor.py:914} INFO - Processing file /home/airflow/.local/lib/python3.12/site-packages/airflow/example_dags/example_trigger_controller_dag.py for tasks to queue
[2024-10-14T02:42:49.904+0000] {logging_mixin.py:190} INFO - [2024-10-14T02:42:49.904+0000] {dagbag.py:588} INFO - Filling up the DagBag from /home/airflow/.local/lib/python3.12/site-packages/airflow/example_dags/example_trigger_controller_dag.py
[2024-10-14T02:42:49.913+0000] {processor.py:925} INFO - DAG(s) 'example_trigger_controller_dag' retrieved from /home/airflow/.local/lib/python3.12/site-packages/airflow/example_dags/example_trigger_controller_dag.py
[2024-10-14T02:42:49.935+0000] {logging_mixin.py:190} INFO - [2024-10-14T02:42:49.935+0000] {dag.py:3239} INFO - Sync 1 DAGs
[2024-10-14T02:42:49.962+0000] {logging_mixin.py:190} INFO - [2024-10-14T02:42:49.962+0000] {dag.py:4180} INFO - Setting next_dagrun for example_trigger_controller_dag to 2021-01-01 00:00:00+00:00, run_after=2021-01-01 00:00:00+00:00
[2024-10-14T02:42:49.990+0000] {processor.py:208} INFO - Processing /home/airflow/.local/lib/python3.12/site-packages/airflow/example_dags/example_trigger_controller_dag.py took 0.097 seconds
[2024-10-14T02:43:21.678+0000] {processor.py:186} INFO - Started process (PID=763) to work on /home/airflow/.local/lib/python3.12/site-packages/airflow/example_dags/example_trigger_controller_dag.py
[2024-10-14T02:43:21.679+0000] {processor.py:914} INFO - Processing file /home/airflow/.local/lib/python3.12/site-packages/airflow/example_dags/example_trigger_controller_dag.py for tasks to queue
[2024-10-14T02:43:21.683+0000] {logging_mixin.py:190} INFO - [2024-10-14T02:43:21.683+0000] {dagbag.py:588} INFO - Filling up the DagBag from /home/airflow/.local/lib/python3.12/site-packages/airflow/example_dags/example_trigger_controller_dag.py
[2024-10-14T02:43:21.690+0000] {processor.py:925} INFO - DAG(s) 'example_trigger_controller_dag' retrieved from /home/airflow/.local/lib/python3.12/site-packages/airflow/example_dags/example_trigger_controller_dag.py
[2024-10-14T02:43:21.710+0000] {logging_mixin.py:190} INFO - [2024-10-14T02:43:21.709+0000] {dag.py:3239} INFO - Sync 1 DAGs
[2024-10-14T02:43:21.732+0000] {logging_mixin.py:190} INFO - [2024-10-14T02:43:21.732+0000] {dag.py:4180} INFO - Setting next_dagrun for example_trigger_controller_dag to 2021-01-01 00:00:00+00:00, run_after=2021-01-01 00:00:00+00:00
[2024-10-14T02:43:21.753+0000] {processor.py:208} INFO - Processing /home/airflow/.local/lib/python3.12/site-packages/airflow/example_dags/example_trigger_controller_dag.py took 0.080 seconds
[2024-10-14T02:43:54.800+0000] {processor.py:186} INFO - Started process (PID=827) to work on /home/airflow/.local/lib/python3.12/site-packages/airflow/example_dags/example_trigger_controller_dag.py
[2024-10-14T02:43:54.801+0000] {processor.py:914} INFO - Processing file /home/airflow/.local/lib/python3.12/site-packages/airflow/example_dags/example_trigger_controller_dag.py for tasks to queue
[2024-10-14T02:43:54.803+0000] {logging_mixin.py:190} INFO - [2024-10-14T02:43:54.803+0000] {dagbag.py:588} INFO - Filling up the DagBag from /home/airflow/.local/lib/python3.12/site-packages/airflow/example_dags/example_trigger_controller_dag.py
[2024-10-14T02:43:54.809+0000] {processor.py:925} INFO - DAG(s) 'example_trigger_controller_dag' retrieved from /home/airflow/.local/lib/python3.12/site-packages/airflow/example_dags/example_trigger_controller_dag.py
[2024-10-14T02:43:54.830+0000] {logging_mixin.py:190} INFO - [2024-10-14T02:43:54.829+0000] {dag.py:3239} INFO - Sync 1 DAGs
[2024-10-14T02:43:54.851+0000] {logging_mixin.py:190} INFO - [2024-10-14T02:43:54.851+0000] {dag.py:4180} INFO - Setting next_dagrun for example_trigger_controller_dag to 2021-01-01 00:00:00+00:00, run_after=2021-01-01 00:00:00+00:00
[2024-10-14T02:43:54.875+0000] {processor.py:208} INFO - Processing /home/airflow/.local/lib/python3.12/site-packages/airflow/example_dags/example_trigger_controller_dag.py took 0.080 seconds
[2024-10-14T02:44:25.480+0000] {processor.py:186} INFO - Started process (PID=844) to work on /home/airflow/.local/lib/python3.12/site-packages/airflow/example_dags/example_trigger_controller_dag.py
[2024-10-14T02:44:25.481+0000] {processor.py:914} INFO - Processing file /home/airflow/.local/lib/python3.12/site-packages/airflow/example_dags/example_trigger_controller_dag.py for tasks to queue
[2024-10-14T02:44:25.484+0000] {logging_mixin.py:190} INFO - [2024-10-14T02:44:25.484+0000] {dagbag.py:588} INFO - Filling up the DagBag from /home/airflow/.local/lib/python3.12/site-packages/airflow/example_dags/example_trigger_controller_dag.py
[2024-10-14T02:44:25.490+0000] {processor.py:925} INFO - DAG(s) 'example_trigger_controller_dag' retrieved from /home/airflow/.local/lib/python3.12/site-packages/airflow/example_dags/example_trigger_controller_dag.py
[2024-10-14T02:44:25.511+0000] {logging_mixin.py:190} INFO - [2024-10-14T02:44:25.510+0000] {dag.py:3239} INFO - Sync 1 DAGs
[2024-10-14T02:44:25.534+0000] {logging_mixin.py:190} INFO - [2024-10-14T02:44:25.534+0000] {dag.py:4180} INFO - Setting next_dagrun for example_trigger_controller_dag to 2021-01-01 00:00:00+00:00, run_after=2021-01-01 00:00:00+00:00
[2024-10-14T02:44:25.555+0000] {processor.py:208} INFO - Processing /home/airflow/.local/lib/python3.12/site-packages/airflow/example_dags/example_trigger_controller_dag.py took 0.081 seconds
[2024-10-14T02:44:58.137+0000] {processor.py:186} INFO - Started process (PID=908) to work on /home/airflow/.local/lib/python3.12/site-packages/airflow/example_dags/example_trigger_controller_dag.py
[2024-10-14T02:44:58.138+0000] {processor.py:914} INFO - Processing file /home/airflow/.local/lib/python3.12/site-packages/airflow/example_dags/example_trigger_controller_dag.py for tasks to queue
[2024-10-14T02:44:58.141+0000] {logging_mixin.py:190} INFO - [2024-10-14T02:44:58.140+0000] {dagbag.py:588} INFO - Filling up the DagBag from /home/airflow/.local/lib/python3.12/site-packages/airflow/example_dags/example_trigger_controller_dag.py
[2024-10-14T02:44:58.147+0000] {processor.py:925} INFO - DAG(s) 'example_trigger_controller_dag' retrieved from /home/airflow/.local/lib/python3.12/site-packages/airflow/example_dags/example_trigger_controller_dag.py
[2024-10-14T02:44:58.164+0000] {logging_mixin.py:190} INFO - [2024-10-14T02:44:58.164+0000] {dag.py:3239} INFO - Sync 1 DAGs
[2024-10-14T02:44:58.186+0000] {logging_mixin.py:190} INFO - [2024-10-14T02:44:58.185+0000] {dag.py:4180} INFO - Setting next_dagrun for example_trigger_controller_dag to 2021-01-01 00:00:00+00:00, run_after=2021-01-01 00:00:00+00:00
[2024-10-14T02:44:58.207+0000] {processor.py:208} INFO - Processing /home/airflow/.local/lib/python3.12/site-packages/airflow/example_dags/example_trigger_controller_dag.py took 0.075 seconds
[2024-10-14T02:45:31.004+0000] {processor.py:186} INFO - Started process (PID=972) to work on /home/airflow/.local/lib/python3.12/site-packages/airflow/example_dags/example_trigger_controller_dag.py
[2024-10-14T02:45:31.005+0000] {processor.py:914} INFO - Processing file /home/airflow/.local/lib/python3.12/site-packages/airflow/example_dags/example_trigger_controller_dag.py for tasks to queue
[2024-10-14T02:45:31.007+0000] {logging_mixin.py:190} INFO - [2024-10-14T02:45:31.007+0000] {dagbag.py:588} INFO - Filling up the DagBag from /home/airflow/.local/lib/python3.12/site-packages/airflow/example_dags/example_trigger_controller_dag.py
[2024-10-14T02:45:31.013+0000] {processor.py:925} INFO - DAG(s) 'example_trigger_controller_dag' retrieved from /home/airflow/.local/lib/python3.12/site-packages/airflow/example_dags/example_trigger_controller_dag.py
[2024-10-14T02:45:31.031+0000] {logging_mixin.py:190} INFO - [2024-10-14T02:45:31.031+0000] {dag.py:3239} INFO - Sync 1 DAGs
[2024-10-14T02:45:31.049+0000] {logging_mixin.py:190} INFO - [2024-10-14T02:45:31.049+0000] {dag.py:4180} INFO - Setting next_dagrun for example_trigger_controller_dag to 2021-01-01 00:00:00+00:00, run_after=2021-01-01 00:00:00+00:00
[2024-10-14T02:45:31.067+0000] {processor.py:208} INFO - Processing /home/airflow/.local/lib/python3.12/site-packages/airflow/example_dags/example_trigger_controller_dag.py took 0.068 seconds
[2024-10-14T02:46:04.374+0000] {processor.py:186} INFO - Started process (PID=1036) to work on /home/airflow/.local/lib/python3.12/site-packages/airflow/example_dags/example_trigger_controller_dag.py
[2024-10-14T02:46:04.375+0000] {processor.py:914} INFO - Processing file /home/airflow/.local/lib/python3.12/site-packages/airflow/example_dags/example_trigger_controller_dag.py for tasks to queue
[2024-10-14T02:46:04.377+0000] {logging_mixin.py:190} INFO - [2024-10-14T02:46:04.377+0000] {dagbag.py:588} INFO - Filling up the DagBag from /home/airflow/.local/lib/python3.12/site-packages/airflow/example_dags/example_trigger_controller_dag.py
[2024-10-14T02:46:04.384+0000] {processor.py:925} INFO - DAG(s) 'example_trigger_controller_dag' retrieved from /home/airflow/.local/lib/python3.12/site-packages/airflow/example_dags/example_trigger_controller_dag.py
[2024-10-14T02:46:04.405+0000] {logging_mixin.py:190} INFO - [2024-10-14T02:46:04.404+0000] {dag.py:3239} INFO - Sync 1 DAGs
[2024-10-14T02:46:04.427+0000] {logging_mixin.py:190} INFO - [2024-10-14T02:46:04.426+0000] {dag.py:4180} INFO - Setting next_dagrun for example_trigger_controller_dag to 2021-01-01 00:00:00+00:00, run_after=2021-01-01 00:00:00+00:00
[2024-10-14T02:46:04.447+0000] {processor.py:208} INFO - Processing /home/airflow/.local/lib/python3.12/site-packages/airflow/example_dags/example_trigger_controller_dag.py took 0.079 seconds
[2024-10-14T02:46:37.293+0000] {processor.py:186} INFO - Started process (PID=1100) to work on /home/airflow/.local/lib/python3.12/site-packages/airflow/example_dags/example_trigger_controller_dag.py
[2024-10-14T02:46:37.294+0000] {processor.py:914} INFO - Processing file /home/airflow/.local/lib/python3.12/site-packages/airflow/example_dags/example_trigger_controller_dag.py for tasks to queue
[2024-10-14T02:46:37.296+0000] {logging_mixin.py:190} INFO - [2024-10-14T02:46:37.296+0000] {dagbag.py:588} INFO - Filling up the DagBag from /home/airflow/.local/lib/python3.12/site-packages/airflow/example_dags/example_trigger_controller_dag.py
[2024-10-14T02:46:37.302+0000] {processor.py:925} INFO - DAG(s) 'example_trigger_controller_dag' retrieved from /home/airflow/.local/lib/python3.12/site-packages/airflow/example_dags/example_trigger_controller_dag.py
[2024-10-14T02:46:37.324+0000] {logging_mixin.py:190} INFO - [2024-10-14T02:46:37.324+0000] {dag.py:3239} INFO - Sync 1 DAGs
[2024-10-14T02:46:37.345+0000] {logging_mixin.py:190} INFO - [2024-10-14T02:46:37.345+0000] {dag.py:4180} INFO - Setting next_dagrun for example_trigger_controller_dag to 2021-01-01 00:00:00+00:00, run_after=2021-01-01 00:00:00+00:00
[2024-10-14T02:46:37.368+0000] {processor.py:208} INFO - Processing /home/airflow/.local/lib/python3.12/site-packages/airflow/example_dags/example_trigger_controller_dag.py took 0.082 seconds
[2024-10-14T02:47:10.446+0000] {processor.py:186} INFO - Started process (PID=1164) to work on /home/airflow/.local/lib/python3.12/site-packages/airflow/example_dags/example_trigger_controller_dag.py
[2024-10-14T02:47:10.447+0000] {processor.py:914} INFO - Processing file /home/airflow/.local/lib/python3.12/site-packages/airflow/example_dags/example_trigger_controller_dag.py for tasks to queue
[2024-10-14T02:47:10.450+0000] {logging_mixin.py:190} INFO - [2024-10-14T02:47:10.449+0000] {dagbag.py:588} INFO - Filling up the DagBag from /home/airflow/.local/lib/python3.12/site-packages/airflow/example_dags/example_trigger_controller_dag.py
[2024-10-14T02:47:10.459+0000] {processor.py:925} INFO - DAG(s) 'example_trigger_controller_dag' retrieved from /home/airflow/.local/lib/python3.12/site-packages/airflow/example_dags/example_trigger_controller_dag.py
[2024-10-14T02:47:10.478+0000] {logging_mixin.py:190} INFO - [2024-10-14T02:47:10.478+0000] {dag.py:3239} INFO - Sync 1 DAGs
[2024-10-14T02:47:10.499+0000] {logging_mixin.py:190} INFO - [2024-10-14T02:47:10.498+0000] {dag.py:4180} INFO - Setting next_dagrun for example_trigger_controller_dag to 2021-01-01 00:00:00+00:00, run_after=2021-01-01 00:00:00+00:00
[2024-10-14T02:47:10.518+0000] {processor.py:208} INFO - Processing /home/airflow/.local/lib/python3.12/site-packages/airflow/example_dags/example_trigger_controller_dag.py took 0.078 seconds
[2024-10-14T02:47:42.968+0000] {processor.py:186} INFO - Started process (PID=1228) to work on /home/airflow/.local/lib/python3.12/site-packages/airflow/example_dags/example_trigger_controller_dag.py
[2024-10-14T02:47:42.969+0000] {processor.py:914} INFO - Processing file /home/airflow/.local/lib/python3.12/site-packages/airflow/example_dags/example_trigger_controller_dag.py for tasks to queue
[2024-10-14T02:47:42.972+0000] {logging_mixin.py:190} INFO - [2024-10-14T02:47:42.972+0000] {dagbag.py:588} INFO - Filling up the DagBag from /home/airflow/.local/lib/python3.12/site-packages/airflow/example_dags/example_trigger_controller_dag.py
[2024-10-14T02:47:42.983+0000] {processor.py:925} INFO - DAG(s) 'example_trigger_controller_dag' retrieved from /home/airflow/.local/lib/python3.12/site-packages/airflow/example_dags/example_trigger_controller_dag.py
[2024-10-14T02:47:43.002+0000] {logging_mixin.py:190} INFO - [2024-10-14T02:47:43.001+0000] {dag.py:3239} INFO - Sync 1 DAGs
[2024-10-14T02:47:43.027+0000] {logging_mixin.py:190} INFO - [2024-10-14T02:47:43.027+0000] {dag.py:4180} INFO - Setting next_dagrun for example_trigger_controller_dag to 2021-01-01 00:00:00+00:00, run_after=2021-01-01 00:00:00+00:00
[2024-10-14T02:47:43.051+0000] {processor.py:208} INFO - Processing /home/airflow/.local/lib/python3.12/site-packages/airflow/example_dags/example_trigger_controller_dag.py took 0.088 seconds
