[2024-10-14T02:26:53.385+0000] {processor.py:186} INFO - Started process (PID=99) to work on /home/airflow/.local/lib/python3.12/site-packages/airflow/example_dags/example_xcom.py
[2024-10-14T02:26:53.386+0000] {processor.py:914} INFO - Processing file /home/airflow/.local/lib/python3.12/site-packages/airflow/example_dags/example_xcom.py for tasks to queue
[2024-10-14T02:26:53.390+0000] {logging_mixin.py:190} INFO - [2024-10-14T02:26:53.389+0000] {dagbag.py:588} INFO - Filling up the DagBag from /home/airflow/.local/lib/python3.12/site-packages/airflow/example_dags/example_xcom.py
[2024-10-14T02:26:53.402+0000] {processor.py:925} INFO - DAG(s) 'example_xcom' retrieved from /home/airflow/.local/lib/python3.12/site-packages/airflow/example_dags/example_xcom.py
[2024-10-14T02:26:53.582+0000] {logging_mixin.py:190} INFO - [2024-10-14T02:26:53.582+0000] {override.py:1900} INFO - Created Permission View: can delete on DAG:example_xcom
[2024-10-14T02:26:53.594+0000] {logging_mixin.py:190} INFO - [2024-10-14T02:26:53.593+0000] {override.py:1900} INFO - Created Permission View: can edit on DAG:example_xcom
[2024-10-14T02:26:53.600+0000] {logging_mixin.py:190} INFO - [2024-10-14T02:26:53.600+0000] {override.py:1900} INFO - Created Permission View: can read on DAG:example_xcom
[2024-10-14T02:26:53.609+0000] {logging_mixin.py:190} INFO - [2024-10-14T02:26:53.609+0000] {override.py:1900} INFO - Created Permission View: can delete on DAG Run:example_xcom
[2024-10-14T02:26:53.617+0000] {logging_mixin.py:190} INFO - [2024-10-14T02:26:53.616+0000] {override.py:1900} INFO - Created Permission View: can create on DAG Run:example_xcom
[2024-10-14T02:26:53.624+0000] {logging_mixin.py:190} INFO - [2024-10-14T02:26:53.624+0000] {override.py:1900} INFO - Created Permission View: menu access on DAG Run:example_xcom
[2024-10-14T02:26:53.632+0000] {logging_mixin.py:190} INFO - [2024-10-14T02:26:53.631+0000] {override.py:1900} INFO - Created Permission View: can read on DAG Run:example_xcom
[2024-10-14T02:26:53.632+0000] {logging_mixin.py:190} INFO - [2024-10-14T02:26:53.632+0000] {dag.py:3239} INFO - Sync 1 DAGs
[2024-10-14T02:26:53.649+0000] {logging_mixin.py:190} INFO - [2024-10-14T02:26:53.648+0000] {dag.py:3262} INFO - Creating ORM DAG for example_xcom
[2024-10-14T02:26:53.659+0000] {logging_mixin.py:190} INFO - [2024-10-14T02:26:53.659+0000] {dag.py:4180} INFO - Setting next_dagrun for example_xcom to 2021-01-01 00:00:00+00:00, run_after=2021-01-01 00:00:00+00:00
[2024-10-14T02:26:53.680+0000] {processor.py:208} INFO - Processing /home/airflow/.local/lib/python3.12/site-packages/airflow/example_dags/example_xcom.py took 0.302 seconds
[2024-10-14T02:27:24.370+0000] {processor.py:186} INFO - Started process (PID=161) to work on /home/airflow/.local/lib/python3.12/site-packages/airflow/example_dags/example_xcom.py
[2024-10-14T02:27:24.371+0000] {processor.py:914} INFO - Processing file /home/airflow/.local/lib/python3.12/site-packages/airflow/example_dags/example_xcom.py for tasks to queue
[2024-10-14T02:27:24.373+0000] {logging_mixin.py:190} INFO - [2024-10-14T02:27:24.373+0000] {dagbag.py:588} INFO - Filling up the DagBag from /home/airflow/.local/lib/python3.12/site-packages/airflow/example_dags/example_xcom.py
[2024-10-14T02:27:24.386+0000] {processor.py:925} INFO - DAG(s) 'example_xcom' retrieved from /home/airflow/.local/lib/python3.12/site-packages/airflow/example_dags/example_xcom.py
[2024-10-14T02:27:24.404+0000] {logging_mixin.py:190} INFO - [2024-10-14T02:27:24.404+0000] {dag.py:3239} INFO - Sync 1 DAGs
[2024-10-14T02:27:24.429+0000] {logging_mixin.py:190} INFO - [2024-10-14T02:27:24.428+0000] {dag.py:4180} INFO - Setting next_dagrun for example_xcom to 2021-01-01 00:00:00+00:00, run_after=2021-01-01 00:00:00+00:00
[2024-10-14T02:27:24.447+0000] {processor.py:208} INFO - Processing /home/airflow/.local/lib/python3.12/site-packages/airflow/example_dags/example_xcom.py took 0.084 seconds
[2024-10-14T02:27:55.741+0000] {processor.py:186} INFO - Started process (PID=224) to work on /home/airflow/.local/lib/python3.12/site-packages/airflow/example_dags/example_xcom.py
[2024-10-14T02:27:55.743+0000] {processor.py:914} INFO - Processing file /home/airflow/.local/lib/python3.12/site-packages/airflow/example_dags/example_xcom.py for tasks to queue
[2024-10-14T02:27:55.745+0000] {logging_mixin.py:190} INFO - [2024-10-14T02:27:55.745+0000] {dagbag.py:588} INFO - Filling up the DagBag from /home/airflow/.local/lib/python3.12/site-packages/airflow/example_dags/example_xcom.py
[2024-10-14T02:27:55.755+0000] {processor.py:925} INFO - DAG(s) 'example_xcom' retrieved from /home/airflow/.local/lib/python3.12/site-packages/airflow/example_dags/example_xcom.py
[2024-10-14T02:27:55.775+0000] {logging_mixin.py:190} INFO - [2024-10-14T02:27:55.775+0000] {dag.py:3239} INFO - Sync 1 DAGs
[2024-10-14T02:27:55.797+0000] {logging_mixin.py:190} INFO - [2024-10-14T02:27:55.797+0000] {dag.py:4180} INFO - Setting next_dagrun for example_xcom to 2021-01-01 00:00:00+00:00, run_after=2021-01-01 00:00:00+00:00
[2024-10-14T02:27:55.817+0000] {processor.py:208} INFO - Processing /home/airflow/.local/lib/python3.12/site-packages/airflow/example_dags/example_xcom.py took 0.081 seconds
[2024-10-14T02:28:28.191+0000] {processor.py:186} INFO - Started process (PID=287) to work on /home/airflow/.local/lib/python3.12/site-packages/airflow/example_dags/example_xcom.py
[2024-10-14T02:28:28.192+0000] {processor.py:914} INFO - Processing file /home/airflow/.local/lib/python3.12/site-packages/airflow/example_dags/example_xcom.py for tasks to queue
[2024-10-14T02:28:28.195+0000] {logging_mixin.py:190} INFO - [2024-10-14T02:28:28.194+0000] {dagbag.py:588} INFO - Filling up the DagBag from /home/airflow/.local/lib/python3.12/site-packages/airflow/example_dags/example_xcom.py
[2024-10-14T02:28:28.206+0000] {processor.py:925} INFO - DAG(s) 'example_xcom' retrieved from /home/airflow/.local/lib/python3.12/site-packages/airflow/example_dags/example_xcom.py
[2024-10-14T02:28:28.233+0000] {logging_mixin.py:190} INFO - [2024-10-14T02:28:28.233+0000] {dag.py:3239} INFO - Sync 1 DAGs
[2024-10-14T02:28:28.266+0000] {logging_mixin.py:190} INFO - [2024-10-14T02:28:28.266+0000] {dag.py:4180} INFO - Setting next_dagrun for example_xcom to 2021-01-01 00:00:00+00:00, run_after=2021-01-01 00:00:00+00:00
[2024-10-14T02:28:28.293+0000] {processor.py:208} INFO - Processing /home/airflow/.local/lib/python3.12/site-packages/airflow/example_dags/example_xcom.py took 0.110 seconds
[2024-10-14T02:29:01.951+0000] {processor.py:186} INFO - Started process (PID=350) to work on /home/airflow/.local/lib/python3.12/site-packages/airflow/example_dags/example_xcom.py
[2024-10-14T02:29:01.952+0000] {processor.py:914} INFO - Processing file /home/airflow/.local/lib/python3.12/site-packages/airflow/example_dags/example_xcom.py for tasks to queue
[2024-10-14T02:29:01.954+0000] {logging_mixin.py:190} INFO - [2024-10-14T02:29:01.954+0000] {dagbag.py:588} INFO - Filling up the DagBag from /home/airflow/.local/lib/python3.12/site-packages/airflow/example_dags/example_xcom.py
[2024-10-14T02:29:01.967+0000] {processor.py:925} INFO - DAG(s) 'example_xcom' retrieved from /home/airflow/.local/lib/python3.12/site-packages/airflow/example_dags/example_xcom.py
[2024-10-14T02:29:01.996+0000] {logging_mixin.py:190} INFO - [2024-10-14T02:29:01.996+0000] {dag.py:3239} INFO - Sync 1 DAGs
[2024-10-14T02:29:02.027+0000] {logging_mixin.py:190} INFO - [2024-10-14T02:29:02.027+0000] {dag.py:4180} INFO - Setting next_dagrun for example_xcom to 2021-01-01 00:00:00+00:00, run_after=2021-01-01 00:00:00+00:00
[2024-10-14T02:29:02.054+0000] {processor.py:208} INFO - Processing /home/airflow/.local/lib/python3.12/site-packages/airflow/example_dags/example_xcom.py took 0.112 seconds
[2024-10-14T02:29:34.539+0000] {processor.py:186} INFO - Started process (PID=413) to work on /home/airflow/.local/lib/python3.12/site-packages/airflow/example_dags/example_xcom.py
[2024-10-14T02:29:34.540+0000] {processor.py:914} INFO - Processing file /home/airflow/.local/lib/python3.12/site-packages/airflow/example_dags/example_xcom.py for tasks to queue
[2024-10-14T02:29:34.542+0000] {logging_mixin.py:190} INFO - [2024-10-14T02:29:34.542+0000] {dagbag.py:588} INFO - Filling up the DagBag from /home/airflow/.local/lib/python3.12/site-packages/airflow/example_dags/example_xcom.py
[2024-10-14T02:29:34.551+0000] {processor.py:925} INFO - DAG(s) 'example_xcom' retrieved from /home/airflow/.local/lib/python3.12/site-packages/airflow/example_dags/example_xcom.py
[2024-10-14T02:29:34.570+0000] {logging_mixin.py:190} INFO - [2024-10-14T02:29:34.570+0000] {dag.py:3239} INFO - Sync 1 DAGs
[2024-10-14T02:29:34.590+0000] {logging_mixin.py:190} INFO - [2024-10-14T02:29:34.589+0000] {dag.py:4180} INFO - Setting next_dagrun for example_xcom to 2021-01-01 00:00:00+00:00, run_after=2021-01-01 00:00:00+00:00
[2024-10-14T02:29:34.609+0000] {processor.py:208} INFO - Processing /home/airflow/.local/lib/python3.12/site-packages/airflow/example_dags/example_xcom.py took 0.076 seconds
[2024-10-14T02:30:07.185+0000] {processor.py:186} INFO - Started process (PID=470) to work on /home/airflow/.local/lib/python3.12/site-packages/airflow/example_dags/example_xcom.py
[2024-10-14T02:30:07.186+0000] {processor.py:914} INFO - Processing file /home/airflow/.local/lib/python3.12/site-packages/airflow/example_dags/example_xcom.py for tasks to queue
[2024-10-14T02:30:07.190+0000] {logging_mixin.py:190} INFO - [2024-10-14T02:30:07.189+0000] {dagbag.py:588} INFO - Filling up the DagBag from /home/airflow/.local/lib/python3.12/site-packages/airflow/example_dags/example_xcom.py
[2024-10-14T02:30:07.203+0000] {processor.py:925} INFO - DAG(s) 'example_xcom' retrieved from /home/airflow/.local/lib/python3.12/site-packages/airflow/example_dags/example_xcom.py
[2024-10-14T02:30:07.227+0000] {logging_mixin.py:190} INFO - [2024-10-14T02:30:07.227+0000] {dag.py:3239} INFO - Sync 1 DAGs
[2024-10-14T02:30:07.249+0000] {logging_mixin.py:190} INFO - [2024-10-14T02:30:07.249+0000] {dag.py:4180} INFO - Setting next_dagrun for example_xcom to 2021-01-01 00:00:00+00:00, run_after=2021-01-01 00:00:00+00:00
[2024-10-14T02:30:07.276+0000] {processor.py:208} INFO - Processing /home/airflow/.local/lib/python3.12/site-packages/airflow/example_dags/example_xcom.py took 0.100 seconds
[2024-10-14T02:30:39.976+0000] {processor.py:186} INFO - Started process (PID=533) to work on /home/airflow/.local/lib/python3.12/site-packages/airflow/example_dags/example_xcom.py
[2024-10-14T02:30:39.977+0000] {processor.py:914} INFO - Processing file /home/airflow/.local/lib/python3.12/site-packages/airflow/example_dags/example_xcom.py for tasks to queue
[2024-10-14T02:30:39.980+0000] {logging_mixin.py:190} INFO - [2024-10-14T02:30:39.980+0000] {dagbag.py:588} INFO - Filling up the DagBag from /home/airflow/.local/lib/python3.12/site-packages/airflow/example_dags/example_xcom.py
[2024-10-14T02:30:39.995+0000] {processor.py:925} INFO - DAG(s) 'example_xcom' retrieved from /home/airflow/.local/lib/python3.12/site-packages/airflow/example_dags/example_xcom.py
[2024-10-14T02:30:40.017+0000] {logging_mixin.py:190} INFO - [2024-10-14T02:30:40.017+0000] {dag.py:3239} INFO - Sync 1 DAGs
[2024-10-14T02:30:40.049+0000] {logging_mixin.py:190} INFO - [2024-10-14T02:30:40.048+0000] {dag.py:4180} INFO - Setting next_dagrun for example_xcom to 2021-01-01 00:00:00+00:00, run_after=2021-01-01 00:00:00+00:00
[2024-10-14T02:30:40.074+0000] {processor.py:208} INFO - Processing /home/airflow/.local/lib/python3.12/site-packages/airflow/example_dags/example_xcom.py took 0.105 seconds
[2024-10-14T02:31:13.178+0000] {processor.py:186} INFO - Started process (PID=597) to work on /home/airflow/.local/lib/python3.12/site-packages/airflow/example_dags/example_xcom.py
[2024-10-14T02:31:13.179+0000] {processor.py:914} INFO - Processing file /home/airflow/.local/lib/python3.12/site-packages/airflow/example_dags/example_xcom.py for tasks to queue
[2024-10-14T02:31:13.182+0000] {logging_mixin.py:190} INFO - [2024-10-14T02:31:13.182+0000] {dagbag.py:588} INFO - Filling up the DagBag from /home/airflow/.local/lib/python3.12/site-packages/airflow/example_dags/example_xcom.py
[2024-10-14T02:31:13.190+0000] {processor.py:925} INFO - DAG(s) 'example_xcom' retrieved from /home/airflow/.local/lib/python3.12/site-packages/airflow/example_dags/example_xcom.py
[2024-10-14T02:31:13.217+0000] {logging_mixin.py:190} INFO - [2024-10-14T02:31:13.217+0000] {dag.py:3239} INFO - Sync 1 DAGs
[2024-10-14T02:31:13.238+0000] {logging_mixin.py:190} INFO - [2024-10-14T02:31:13.237+0000] {dag.py:4180} INFO - Setting next_dagrun for example_xcom to 2021-01-01 00:00:00+00:00, run_after=2021-01-01 00:00:00+00:00
[2024-10-14T02:31:13.261+0000] {processor.py:208} INFO - Processing /home/airflow/.local/lib/python3.12/site-packages/airflow/example_dags/example_xcom.py took 0.088 seconds
[2024-10-14T02:31:46.466+0000] {processor.py:186} INFO - Started process (PID=666) to work on /home/airflow/.local/lib/python3.12/site-packages/airflow/example_dags/example_xcom.py
[2024-10-14T02:31:46.467+0000] {processor.py:914} INFO - Processing file /home/airflow/.local/lib/python3.12/site-packages/airflow/example_dags/example_xcom.py for tasks to queue
[2024-10-14T02:31:46.469+0000] {logging_mixin.py:190} INFO - [2024-10-14T02:31:46.469+0000] {dagbag.py:588} INFO - Filling up the DagBag from /home/airflow/.local/lib/python3.12/site-packages/airflow/example_dags/example_xcom.py
[2024-10-14T02:31:46.478+0000] {processor.py:925} INFO - DAG(s) 'example_xcom' retrieved from /home/airflow/.local/lib/python3.12/site-packages/airflow/example_dags/example_xcom.py
[2024-10-14T02:31:46.496+0000] {logging_mixin.py:190} INFO - [2024-10-14T02:31:46.495+0000] {dag.py:3239} INFO - Sync 1 DAGs
[2024-10-14T02:31:46.530+0000] {logging_mixin.py:190} INFO - [2024-10-14T02:31:46.530+0000] {dag.py:4180} INFO - Setting next_dagrun for example_xcom to 2021-01-01 00:00:00+00:00, run_after=2021-01-01 00:00:00+00:00
[2024-10-14T02:31:46.562+0000] {processor.py:208} INFO - Processing /home/airflow/.local/lib/python3.12/site-packages/airflow/example_dags/example_xcom.py took 0.100 seconds
[2024-10-14T02:32:18.808+0000] {processor.py:186} INFO - Started process (PID=723) to work on /home/airflow/.local/lib/python3.12/site-packages/airflow/example_dags/example_xcom.py
[2024-10-14T02:32:18.809+0000] {processor.py:914} INFO - Processing file /home/airflow/.local/lib/python3.12/site-packages/airflow/example_dags/example_xcom.py for tasks to queue
[2024-10-14T02:32:18.812+0000] {logging_mixin.py:190} INFO - [2024-10-14T02:32:18.811+0000] {dagbag.py:588} INFO - Filling up the DagBag from /home/airflow/.local/lib/python3.12/site-packages/airflow/example_dags/example_xcom.py
[2024-10-14T02:32:18.820+0000] {processor.py:925} INFO - DAG(s) 'example_xcom' retrieved from /home/airflow/.local/lib/python3.12/site-packages/airflow/example_dags/example_xcom.py
[2024-10-14T02:32:18.838+0000] {logging_mixin.py:190} INFO - [2024-10-14T02:32:18.838+0000] {dag.py:3239} INFO - Sync 1 DAGs
[2024-10-14T02:32:18.858+0000] {logging_mixin.py:190} INFO - [2024-10-14T02:32:18.857+0000] {dag.py:4180} INFO - Setting next_dagrun for example_xcom to 2021-01-01 00:00:00+00:00, run_after=2021-01-01 00:00:00+00:00
[2024-10-14T02:32:18.879+0000] {processor.py:208} INFO - Processing /home/airflow/.local/lib/python3.12/site-packages/airflow/example_dags/example_xcom.py took 0.076 seconds
[2024-10-14T02:32:52.363+0000] {processor.py:186} INFO - Started process (PID=786) to work on /home/airflow/.local/lib/python3.12/site-packages/airflow/example_dags/example_xcom.py
[2024-10-14T02:32:52.364+0000] {processor.py:914} INFO - Processing file /home/airflow/.local/lib/python3.12/site-packages/airflow/example_dags/example_xcom.py for tasks to queue
[2024-10-14T02:32:52.367+0000] {logging_mixin.py:190} INFO - [2024-10-14T02:32:52.367+0000] {dagbag.py:588} INFO - Filling up the DagBag from /home/airflow/.local/lib/python3.12/site-packages/airflow/example_dags/example_xcom.py
[2024-10-14T02:32:52.378+0000] {processor.py:925} INFO - DAG(s) 'example_xcom' retrieved from /home/airflow/.local/lib/python3.12/site-packages/airflow/example_dags/example_xcom.py
[2024-10-14T02:32:52.397+0000] {logging_mixin.py:190} INFO - [2024-10-14T02:32:52.397+0000] {dag.py:3239} INFO - Sync 1 DAGs
[2024-10-14T02:32:52.423+0000] {logging_mixin.py:190} INFO - [2024-10-14T02:32:52.423+0000] {dag.py:4180} INFO - Setting next_dagrun for example_xcom to 2021-01-01 00:00:00+00:00, run_after=2021-01-01 00:00:00+00:00
[2024-10-14T02:32:52.442+0000] {processor.py:208} INFO - Processing /home/airflow/.local/lib/python3.12/site-packages/airflow/example_dags/example_xcom.py took 0.087 seconds
[2024-10-14T02:33:24.801+0000] {processor.py:186} INFO - Started process (PID=849) to work on /home/airflow/.local/lib/python3.12/site-packages/airflow/example_dags/example_xcom.py
[2024-10-14T02:33:24.802+0000] {processor.py:914} INFO - Processing file /home/airflow/.local/lib/python3.12/site-packages/airflow/example_dags/example_xcom.py for tasks to queue
[2024-10-14T02:33:24.806+0000] {logging_mixin.py:190} INFO - [2024-10-14T02:33:24.806+0000] {dagbag.py:588} INFO - Filling up the DagBag from /home/airflow/.local/lib/python3.12/site-packages/airflow/example_dags/example_xcom.py
[2024-10-14T02:33:24.815+0000] {processor.py:925} INFO - DAG(s) 'example_xcom' retrieved from /home/airflow/.local/lib/python3.12/site-packages/airflow/example_dags/example_xcom.py
[2024-10-14T02:33:24.838+0000] {logging_mixin.py:190} INFO - [2024-10-14T02:33:24.838+0000] {dag.py:3239} INFO - Sync 1 DAGs
[2024-10-14T02:33:24.860+0000] {logging_mixin.py:190} INFO - [2024-10-14T02:33:24.859+0000] {dag.py:4180} INFO - Setting next_dagrun for example_xcom to 2021-01-01 00:00:00+00:00, run_after=2021-01-01 00:00:00+00:00
[2024-10-14T02:33:24.881+0000] {processor.py:208} INFO - Processing /home/airflow/.local/lib/python3.12/site-packages/airflow/example_dags/example_xcom.py took 0.086 seconds
[2024-10-14T02:33:58.487+0000] {processor.py:186} INFO - Started process (PID=914) to work on /home/airflow/.local/lib/python3.12/site-packages/airflow/example_dags/example_xcom.py
[2024-10-14T02:33:58.488+0000] {processor.py:914} INFO - Processing file /home/airflow/.local/lib/python3.12/site-packages/airflow/example_dags/example_xcom.py for tasks to queue
[2024-10-14T02:33:58.490+0000] {logging_mixin.py:190} INFO - [2024-10-14T02:33:58.490+0000] {dagbag.py:588} INFO - Filling up the DagBag from /home/airflow/.local/lib/python3.12/site-packages/airflow/example_dags/example_xcom.py
[2024-10-14T02:33:58.499+0000] {processor.py:925} INFO - DAG(s) 'example_xcom' retrieved from /home/airflow/.local/lib/python3.12/site-packages/airflow/example_dags/example_xcom.py
[2024-10-14T02:33:58.518+0000] {logging_mixin.py:190} INFO - [2024-10-14T02:33:58.517+0000] {dag.py:3239} INFO - Sync 1 DAGs
[2024-10-14T02:33:58.539+0000] {logging_mixin.py:190} INFO - [2024-10-14T02:33:58.538+0000] {dag.py:4180} INFO - Setting next_dagrun for example_xcom to 2021-01-01 00:00:00+00:00, run_after=2021-01-01 00:00:00+00:00
[2024-10-14T02:33:58.559+0000] {processor.py:208} INFO - Processing /home/airflow/.local/lib/python3.12/site-packages/airflow/example_dags/example_xcom.py took 0.077 seconds
[2024-10-14T02:34:31.524+0000] {processor.py:186} INFO - Started process (PID=977) to work on /home/airflow/.local/lib/python3.12/site-packages/airflow/example_dags/example_xcom.py
[2024-10-14T02:34:31.526+0000] {processor.py:914} INFO - Processing file /home/airflow/.local/lib/python3.12/site-packages/airflow/example_dags/example_xcom.py for tasks to queue
[2024-10-14T02:34:31.528+0000] {logging_mixin.py:190} INFO - [2024-10-14T02:34:31.528+0000] {dagbag.py:588} INFO - Filling up the DagBag from /home/airflow/.local/lib/python3.12/site-packages/airflow/example_dags/example_xcom.py
[2024-10-14T02:34:31.541+0000] {processor.py:925} INFO - DAG(s) 'example_xcom' retrieved from /home/airflow/.local/lib/python3.12/site-packages/airflow/example_dags/example_xcom.py
[2024-10-14T02:34:31.566+0000] {logging_mixin.py:190} INFO - [2024-10-14T02:34:31.565+0000] {dag.py:3239} INFO - Sync 1 DAGs
[2024-10-14T02:34:31.598+0000] {logging_mixin.py:190} INFO - [2024-10-14T02:34:31.598+0000] {dag.py:4180} INFO - Setting next_dagrun for example_xcom to 2021-01-01 00:00:00+00:00, run_after=2021-01-01 00:00:00+00:00
[2024-10-14T02:34:31.630+0000] {processor.py:208} INFO - Processing /home/airflow/.local/lib/python3.12/site-packages/airflow/example_dags/example_xcom.py took 0.112 seconds
[2024-10-14T02:35:04.824+0000] {processor.py:186} INFO - Started process (PID=1046) to work on /home/airflow/.local/lib/python3.12/site-packages/airflow/example_dags/example_xcom.py
[2024-10-14T02:35:04.826+0000] {processor.py:914} INFO - Processing file /home/airflow/.local/lib/python3.12/site-packages/airflow/example_dags/example_xcom.py for tasks to queue
[2024-10-14T02:35:04.829+0000] {logging_mixin.py:190} INFO - [2024-10-14T02:35:04.828+0000] {dagbag.py:588} INFO - Filling up the DagBag from /home/airflow/.local/lib/python3.12/site-packages/airflow/example_dags/example_xcom.py
[2024-10-14T02:35:04.844+0000] {processor.py:925} INFO - DAG(s) 'example_xcom' retrieved from /home/airflow/.local/lib/python3.12/site-packages/airflow/example_dags/example_xcom.py
[2024-10-14T02:35:04.878+0000] {logging_mixin.py:190} INFO - [2024-10-14T02:35:04.877+0000] {dag.py:3239} INFO - Sync 1 DAGs
[2024-10-14T02:35:04.919+0000] {logging_mixin.py:190} INFO - [2024-10-14T02:35:04.919+0000] {dag.py:4180} INFO - Setting next_dagrun for example_xcom to 2021-01-01 00:00:00+00:00, run_after=2021-01-01 00:00:00+00:00
[2024-10-14T02:35:04.945+0000] {processor.py:208} INFO - Processing /home/airflow/.local/lib/python3.12/site-packages/airflow/example_dags/example_xcom.py took 0.127 seconds
[2024-10-14T02:35:37.603+0000] {processor.py:186} INFO - Started process (PID=1103) to work on /home/airflow/.local/lib/python3.12/site-packages/airflow/example_dags/example_xcom.py
[2024-10-14T02:35:37.604+0000] {processor.py:914} INFO - Processing file /home/airflow/.local/lib/python3.12/site-packages/airflow/example_dags/example_xcom.py for tasks to queue
[2024-10-14T02:35:37.608+0000] {logging_mixin.py:190} INFO - [2024-10-14T02:35:37.607+0000] {dagbag.py:588} INFO - Filling up the DagBag from /home/airflow/.local/lib/python3.12/site-packages/airflow/example_dags/example_xcom.py
[2024-10-14T02:35:37.622+0000] {processor.py:925} INFO - DAG(s) 'example_xcom' retrieved from /home/airflow/.local/lib/python3.12/site-packages/airflow/example_dags/example_xcom.py
[2024-10-14T02:35:37.651+0000] {logging_mixin.py:190} INFO - [2024-10-14T02:35:37.650+0000] {dag.py:3239} INFO - Sync 1 DAGs
[2024-10-14T02:35:37.678+0000] {logging_mixin.py:190} INFO - [2024-10-14T02:35:37.677+0000] {dag.py:4180} INFO - Setting next_dagrun for example_xcom to 2021-01-01 00:00:00+00:00, run_after=2021-01-01 00:00:00+00:00
[2024-10-14T02:35:37.702+0000] {processor.py:208} INFO - Processing /home/airflow/.local/lib/python3.12/site-packages/airflow/example_dags/example_xcom.py took 0.108 seconds
[2024-10-14T02:36:11.593+0000] {processor.py:186} INFO - Started process (PID=1172) to work on /home/airflow/.local/lib/python3.12/site-packages/airflow/example_dags/example_xcom.py
[2024-10-14T02:36:11.595+0000] {processor.py:914} INFO - Processing file /home/airflow/.local/lib/python3.12/site-packages/airflow/example_dags/example_xcom.py for tasks to queue
[2024-10-14T02:36:11.598+0000] {logging_mixin.py:190} INFO - [2024-10-14T02:36:11.597+0000] {dagbag.py:588} INFO - Filling up the DagBag from /home/airflow/.local/lib/python3.12/site-packages/airflow/example_dags/example_xcom.py
[2024-10-14T02:36:11.606+0000] {processor.py:925} INFO - DAG(s) 'example_xcom' retrieved from /home/airflow/.local/lib/python3.12/site-packages/airflow/example_dags/example_xcom.py
[2024-10-14T02:36:11.626+0000] {logging_mixin.py:190} INFO - [2024-10-14T02:36:11.626+0000] {dag.py:3239} INFO - Sync 1 DAGs
[2024-10-14T02:36:11.654+0000] {logging_mixin.py:190} INFO - [2024-10-14T02:36:11.654+0000] {dag.py:4180} INFO - Setting next_dagrun for example_xcom to 2021-01-01 00:00:00+00:00, run_after=2021-01-01 00:00:00+00:00
[2024-10-14T02:36:11.681+0000] {processor.py:208} INFO - Processing /home/airflow/.local/lib/python3.12/site-packages/airflow/example_dags/example_xcom.py took 0.093 seconds
[2024-10-14T02:37:49.413+0000] {processor.py:186} INFO - Started process (PID=99) to work on /home/airflow/.local/lib/python3.12/site-packages/airflow/example_dags/example_xcom.py
[2024-10-14T02:37:49.414+0000] {processor.py:914} INFO - Processing file /home/airflow/.local/lib/python3.12/site-packages/airflow/example_dags/example_xcom.py for tasks to queue
[2024-10-14T02:37:49.417+0000] {logging_mixin.py:190} INFO - [2024-10-14T02:37:49.416+0000] {dagbag.py:588} INFO - Filling up the DagBag from /home/airflow/.local/lib/python3.12/site-packages/airflow/example_dags/example_xcom.py
[2024-10-14T02:37:49.427+0000] {processor.py:925} INFO - DAG(s) 'example_xcom' retrieved from /home/airflow/.local/lib/python3.12/site-packages/airflow/example_dags/example_xcom.py
[2024-10-14T02:37:49.450+0000] {logging_mixin.py:190} INFO - [2024-10-14T02:37:49.449+0000] {dag.py:3239} INFO - Sync 1 DAGs
[2024-10-14T02:37:49.475+0000] {logging_mixin.py:190} INFO - [2024-10-14T02:37:49.475+0000] {dag.py:4180} INFO - Setting next_dagrun for example_xcom to 2021-01-01 00:00:00+00:00, run_after=2021-01-01 00:00:00+00:00
[2024-10-14T02:37:49.495+0000] {processor.py:208} INFO - Processing /home/airflow/.local/lib/python3.12/site-packages/airflow/example_dags/example_xcom.py took 0.088 seconds
[2024-10-14T02:38:22.328+0000] {processor.py:186} INFO - Started process (PID=163) to work on /home/airflow/.local/lib/python3.12/site-packages/airflow/example_dags/example_xcom.py
[2024-10-14T02:38:22.329+0000] {processor.py:914} INFO - Processing file /home/airflow/.local/lib/python3.12/site-packages/airflow/example_dags/example_xcom.py for tasks to queue
[2024-10-14T02:38:22.332+0000] {logging_mixin.py:190} INFO - [2024-10-14T02:38:22.332+0000] {dagbag.py:588} INFO - Filling up the DagBag from /home/airflow/.local/lib/python3.12/site-packages/airflow/example_dags/example_xcom.py
[2024-10-14T02:38:22.342+0000] {processor.py:925} INFO - DAG(s) 'example_xcom' retrieved from /home/airflow/.local/lib/python3.12/site-packages/airflow/example_dags/example_xcom.py
[2024-10-14T02:38:22.362+0000] {logging_mixin.py:190} INFO - [2024-10-14T02:38:22.362+0000] {dag.py:3239} INFO - Sync 1 DAGs
[2024-10-14T02:38:22.385+0000] {logging_mixin.py:190} INFO - [2024-10-14T02:38:22.385+0000] {dag.py:4180} INFO - Setting next_dagrun for example_xcom to 2021-01-01 00:00:00+00:00, run_after=2021-01-01 00:00:00+00:00
[2024-10-14T02:38:22.409+0000] {processor.py:208} INFO - Processing /home/airflow/.local/lib/python3.12/site-packages/airflow/example_dags/example_xcom.py took 0.089 seconds
[2024-10-14T02:38:57.347+0000] {processor.py:186} INFO - Started process (PID=228) to work on /home/airflow/.local/lib/python3.12/site-packages/airflow/example_dags/example_xcom.py
[2024-10-14T02:38:57.349+0000] {processor.py:914} INFO - Processing file /home/airflow/.local/lib/python3.12/site-packages/airflow/example_dags/example_xcom.py for tasks to queue
[2024-10-14T02:38:57.352+0000] {logging_mixin.py:190} INFO - [2024-10-14T02:38:57.351+0000] {dagbag.py:588} INFO - Filling up the DagBag from /home/airflow/.local/lib/python3.12/site-packages/airflow/example_dags/example_xcom.py
[2024-10-14T02:38:57.370+0000] {processor.py:925} INFO - DAG(s) 'example_xcom' retrieved from /home/airflow/.local/lib/python3.12/site-packages/airflow/example_dags/example_xcom.py
[2024-10-14T02:38:57.402+0000] {logging_mixin.py:190} INFO - [2024-10-14T02:38:57.402+0000] {dag.py:3239} INFO - Sync 1 DAGs
[2024-10-14T02:38:57.466+0000] {logging_mixin.py:190} INFO - [2024-10-14T02:38:57.466+0000] {dag.py:4180} INFO - Setting next_dagrun for example_xcom to 2021-01-01 00:00:00+00:00, run_after=2021-01-01 00:00:00+00:00
[2024-10-14T02:38:57.496+0000] {processor.py:208} INFO - Processing /home/airflow/.local/lib/python3.12/site-packages/airflow/example_dags/example_xcom.py took 0.158 seconds
[2024-10-14T02:39:28.951+0000] {processor.py:186} INFO - Started process (PID=292) to work on /home/airflow/.local/lib/python3.12/site-packages/airflow/example_dags/example_xcom.py
[2024-10-14T02:39:28.952+0000] {processor.py:914} INFO - Processing file /home/airflow/.local/lib/python3.12/site-packages/airflow/example_dags/example_xcom.py for tasks to queue
[2024-10-14T02:39:28.955+0000] {logging_mixin.py:190} INFO - [2024-10-14T02:39:28.954+0000] {dagbag.py:588} INFO - Filling up the DagBag from /home/airflow/.local/lib/python3.12/site-packages/airflow/example_dags/example_xcom.py
[2024-10-14T02:39:28.963+0000] {processor.py:925} INFO - DAG(s) 'example_xcom' retrieved from /home/airflow/.local/lib/python3.12/site-packages/airflow/example_dags/example_xcom.py
[2024-10-14T02:39:28.986+0000] {logging_mixin.py:190} INFO - [2024-10-14T02:39:28.986+0000] {dag.py:3239} INFO - Sync 1 DAGs
[2024-10-14T02:39:29.008+0000] {logging_mixin.py:190} INFO - [2024-10-14T02:39:29.008+0000] {dag.py:4180} INFO - Setting next_dagrun for example_xcom to 2021-01-01 00:00:00+00:00, run_after=2021-01-01 00:00:00+00:00
[2024-10-14T02:39:29.063+0000] {processor.py:208} INFO - Processing /home/airflow/.local/lib/python3.12/site-packages/airflow/example_dags/example_xcom.py took 0.118 seconds
[2024-10-14T02:40:02.464+0000] {processor.py:186} INFO - Started process (PID=356) to work on /home/airflow/.local/lib/python3.12/site-packages/airflow/example_dags/example_xcom.py
[2024-10-14T02:40:02.465+0000] {processor.py:914} INFO - Processing file /home/airflow/.local/lib/python3.12/site-packages/airflow/example_dags/example_xcom.py for tasks to queue
[2024-10-14T02:40:02.468+0000] {logging_mixin.py:190} INFO - [2024-10-14T02:40:02.467+0000] {dagbag.py:588} INFO - Filling up the DagBag from /home/airflow/.local/lib/python3.12/site-packages/airflow/example_dags/example_xcom.py
[2024-10-14T02:40:02.477+0000] {processor.py:925} INFO - DAG(s) 'example_xcom' retrieved from /home/airflow/.local/lib/python3.12/site-packages/airflow/example_dags/example_xcom.py
[2024-10-14T02:40:02.499+0000] {logging_mixin.py:190} INFO - [2024-10-14T02:40:02.499+0000] {dag.py:3239} INFO - Sync 1 DAGs
[2024-10-14T02:40:02.522+0000] {logging_mixin.py:190} INFO - [2024-10-14T02:40:02.521+0000] {dag.py:4180} INFO - Setting next_dagrun for example_xcom to 2021-01-01 00:00:00+00:00, run_after=2021-01-01 00:00:00+00:00
[2024-10-14T02:40:02.545+0000] {processor.py:208} INFO - Processing /home/airflow/.local/lib/python3.12/site-packages/airflow/example_dags/example_xcom.py took 0.087 seconds
[2024-10-14T02:40:35.039+0000] {processor.py:186} INFO - Started process (PID=420) to work on /home/airflow/.local/lib/python3.12/site-packages/airflow/example_dags/example_xcom.py
[2024-10-14T02:40:35.040+0000] {processor.py:914} INFO - Processing file /home/airflow/.local/lib/python3.12/site-packages/airflow/example_dags/example_xcom.py for tasks to queue
[2024-10-14T02:40:35.042+0000] {logging_mixin.py:190} INFO - [2024-10-14T02:40:35.042+0000] {dagbag.py:588} INFO - Filling up the DagBag from /home/airflow/.local/lib/python3.12/site-packages/airflow/example_dags/example_xcom.py
[2024-10-14T02:40:35.052+0000] {processor.py:925} INFO - DAG(s) 'example_xcom' retrieved from /home/airflow/.local/lib/python3.12/site-packages/airflow/example_dags/example_xcom.py
[2024-10-14T02:40:35.075+0000] {logging_mixin.py:190} INFO - [2024-10-14T02:40:35.075+0000] {dag.py:3239} INFO - Sync 1 DAGs
[2024-10-14T02:40:35.096+0000] {logging_mixin.py:190} INFO - [2024-10-14T02:40:35.096+0000] {dag.py:4180} INFO - Setting next_dagrun for example_xcom to 2021-01-01 00:00:00+00:00, run_after=2021-01-01 00:00:00+00:00
[2024-10-14T02:40:35.127+0000] {processor.py:208} INFO - Processing /home/airflow/.local/lib/python3.12/site-packages/airflow/example_dags/example_xcom.py took 0.096 seconds
[2024-10-14T02:41:07.244+0000] {processor.py:186} INFO - Started process (PID=478) to work on /home/airflow/.local/lib/python3.12/site-packages/airflow/example_dags/example_xcom.py
[2024-10-14T02:41:07.245+0000] {processor.py:914} INFO - Processing file /home/airflow/.local/lib/python3.12/site-packages/airflow/example_dags/example_xcom.py for tasks to queue
[2024-10-14T02:41:07.248+0000] {logging_mixin.py:190} INFO - [2024-10-14T02:41:07.247+0000] {dagbag.py:588} INFO - Filling up the DagBag from /home/airflow/.local/lib/python3.12/site-packages/airflow/example_dags/example_xcom.py
[2024-10-14T02:41:07.256+0000] {processor.py:925} INFO - DAG(s) 'example_xcom' retrieved from /home/airflow/.local/lib/python3.12/site-packages/airflow/example_dags/example_xcom.py
[2024-10-14T02:41:07.277+0000] {logging_mixin.py:190} INFO - [2024-10-14T02:41:07.277+0000] {dag.py:3239} INFO - Sync 1 DAGs
[2024-10-14T02:41:07.300+0000] {logging_mixin.py:190} INFO - [2024-10-14T02:41:07.300+0000] {dag.py:4180} INFO - Setting next_dagrun for example_xcom to 2021-01-01 00:00:00+00:00, run_after=2021-01-01 00:00:00+00:00
[2024-10-14T02:41:07.325+0000] {processor.py:208} INFO - Processing /home/airflow/.local/lib/python3.12/site-packages/airflow/example_dags/example_xcom.py took 0.086 seconds
[2024-10-14T02:41:40.424+0000] {processor.py:186} INFO - Started process (PID=548) to work on /home/airflow/.local/lib/python3.12/site-packages/airflow/example_dags/example_xcom.py
[2024-10-14T02:41:40.425+0000] {processor.py:914} INFO - Processing file /home/airflow/.local/lib/python3.12/site-packages/airflow/example_dags/example_xcom.py for tasks to queue
[2024-10-14T02:41:40.428+0000] {logging_mixin.py:190} INFO - [2024-10-14T02:41:40.427+0000] {dagbag.py:588} INFO - Filling up the DagBag from /home/airflow/.local/lib/python3.12/site-packages/airflow/example_dags/example_xcom.py
[2024-10-14T02:41:40.436+0000] {processor.py:925} INFO - DAG(s) 'example_xcom' retrieved from /home/airflow/.local/lib/python3.12/site-packages/airflow/example_dags/example_xcom.py
[2024-10-14T02:41:40.454+0000] {logging_mixin.py:190} INFO - [2024-10-14T02:41:40.454+0000] {dag.py:3239} INFO - Sync 1 DAGs
[2024-10-14T02:41:40.476+0000] {logging_mixin.py:190} INFO - [2024-10-14T02:41:40.475+0000] {dag.py:4180} INFO - Setting next_dagrun for example_xcom to 2021-01-01 00:00:00+00:00, run_after=2021-01-01 00:00:00+00:00
[2024-10-14T02:41:40.495+0000] {processor.py:208} INFO - Processing /home/airflow/.local/lib/python3.12/site-packages/airflow/example_dags/example_xcom.py took 0.077 seconds
[2024-10-14T02:42:13.928+0000] {processor.py:186} INFO - Started process (PID=612) to work on /home/airflow/.local/lib/python3.12/site-packages/airflow/example_dags/example_xcom.py
[2024-10-14T02:42:13.929+0000] {processor.py:914} INFO - Processing file /home/airflow/.local/lib/python3.12/site-packages/airflow/example_dags/example_xcom.py for tasks to queue
[2024-10-14T02:42:13.931+0000] {logging_mixin.py:190} INFO - [2024-10-14T02:42:13.931+0000] {dagbag.py:588} INFO - Filling up the DagBag from /home/airflow/.local/lib/python3.12/site-packages/airflow/example_dags/example_xcom.py
[2024-10-14T02:42:13.943+0000] {processor.py:925} INFO - DAG(s) 'example_xcom' retrieved from /home/airflow/.local/lib/python3.12/site-packages/airflow/example_dags/example_xcom.py
[2024-10-14T02:42:13.967+0000] {logging_mixin.py:190} INFO - [2024-10-14T02:42:13.967+0000] {dag.py:3239} INFO - Sync 1 DAGs
[2024-10-14T02:42:13.993+0000] {logging_mixin.py:190} INFO - [2024-10-14T02:42:13.993+0000] {dag.py:4180} INFO - Setting next_dagrun for example_xcom to 2021-01-01 00:00:00+00:00, run_after=2021-01-01 00:00:00+00:00
[2024-10-14T02:42:14.014+0000] {processor.py:208} INFO - Processing /home/airflow/.local/lib/python3.12/site-packages/airflow/example_dags/example_xcom.py took 0.093 seconds
[2024-10-14T02:42:47.039+0000] {processor.py:186} INFO - Started process (PID=676) to work on /home/airflow/.local/lib/python3.12/site-packages/airflow/example_dags/example_xcom.py
[2024-10-14T02:42:47.040+0000] {processor.py:914} INFO - Processing file /home/airflow/.local/lib/python3.12/site-packages/airflow/example_dags/example_xcom.py for tasks to queue
[2024-10-14T02:42:47.042+0000] {logging_mixin.py:190} INFO - [2024-10-14T02:42:47.042+0000] {dagbag.py:588} INFO - Filling up the DagBag from /home/airflow/.local/lib/python3.12/site-packages/airflow/example_dags/example_xcom.py
[2024-10-14T02:42:47.051+0000] {processor.py:925} INFO - DAG(s) 'example_xcom' retrieved from /home/airflow/.local/lib/python3.12/site-packages/airflow/example_dags/example_xcom.py
[2024-10-14T02:42:47.070+0000] {logging_mixin.py:190} INFO - [2024-10-14T02:42:47.070+0000] {dag.py:3239} INFO - Sync 1 DAGs
[2024-10-14T02:42:47.094+0000] {logging_mixin.py:190} INFO - [2024-10-14T02:42:47.094+0000] {dag.py:4180} INFO - Setting next_dagrun for example_xcom to 2021-01-01 00:00:00+00:00, run_after=2021-01-01 00:00:00+00:00
[2024-10-14T02:42:47.112+0000] {processor.py:208} INFO - Processing /home/airflow/.local/lib/python3.12/site-packages/airflow/example_dags/example_xcom.py took 0.078 seconds
[2024-10-14T02:43:20.197+0000] {processor.py:186} INFO - Started process (PID=740) to work on /home/airflow/.local/lib/python3.12/site-packages/airflow/example_dags/example_xcom.py
[2024-10-14T02:43:20.198+0000] {processor.py:914} INFO - Processing file /home/airflow/.local/lib/python3.12/site-packages/airflow/example_dags/example_xcom.py for tasks to queue
[2024-10-14T02:43:20.201+0000] {logging_mixin.py:190} INFO - [2024-10-14T02:43:20.200+0000] {dagbag.py:588} INFO - Filling up the DagBag from /home/airflow/.local/lib/python3.12/site-packages/airflow/example_dags/example_xcom.py
[2024-10-14T02:43:20.212+0000] {processor.py:925} INFO - DAG(s) 'example_xcom' retrieved from /home/airflow/.local/lib/python3.12/site-packages/airflow/example_dags/example_xcom.py
[2024-10-14T02:43:20.234+0000] {logging_mixin.py:190} INFO - [2024-10-14T02:43:20.234+0000] {dag.py:3239} INFO - Sync 1 DAGs
[2024-10-14T02:43:20.257+0000] {logging_mixin.py:190} INFO - [2024-10-14T02:43:20.257+0000] {dag.py:4180} INFO - Setting next_dagrun for example_xcom to 2021-01-01 00:00:00+00:00, run_after=2021-01-01 00:00:00+00:00
[2024-10-14T02:43:20.276+0000] {processor.py:208} INFO - Processing /home/airflow/.local/lib/python3.12/site-packages/airflow/example_dags/example_xcom.py took 0.085 seconds
[2024-10-14T02:43:52.994+0000] {processor.py:186} INFO - Started process (PID=806) to work on /home/airflow/.local/lib/python3.12/site-packages/airflow/example_dags/example_xcom.py
[2024-10-14T02:43:52.995+0000] {processor.py:914} INFO - Processing file /home/airflow/.local/lib/python3.12/site-packages/airflow/example_dags/example_xcom.py for tasks to queue
[2024-10-14T02:43:52.997+0000] {logging_mixin.py:190} INFO - [2024-10-14T02:43:52.996+0000] {dagbag.py:588} INFO - Filling up the DagBag from /home/airflow/.local/lib/python3.12/site-packages/airflow/example_dags/example_xcom.py
[2024-10-14T02:43:53.005+0000] {processor.py:925} INFO - DAG(s) 'example_xcom' retrieved from /home/airflow/.local/lib/python3.12/site-packages/airflow/example_dags/example_xcom.py
[2024-10-14T02:43:53.024+0000] {logging_mixin.py:190} INFO - [2024-10-14T02:43:53.023+0000] {dag.py:3239} INFO - Sync 1 DAGs
[2024-10-14T02:43:53.049+0000] {logging_mixin.py:190} INFO - [2024-10-14T02:43:53.049+0000] {dag.py:4180} INFO - Setting next_dagrun for example_xcom to 2021-01-01 00:00:00+00:00, run_after=2021-01-01 00:00:00+00:00
[2024-10-14T02:43:53.073+0000] {processor.py:208} INFO - Processing /home/airflow/.local/lib/python3.12/site-packages/airflow/example_dags/example_xcom.py took 0.084 seconds
[2024-10-14T02:44:27.667+0000] {processor.py:186} INFO - Started process (PID=874) to work on /home/airflow/.local/lib/python3.12/site-packages/airflow/example_dags/example_xcom.py
[2024-10-14T02:44:27.668+0000] {processor.py:914} INFO - Processing file /home/airflow/.local/lib/python3.12/site-packages/airflow/example_dags/example_xcom.py for tasks to queue
[2024-10-14T02:44:27.670+0000] {logging_mixin.py:190} INFO - [2024-10-14T02:44:27.670+0000] {dagbag.py:588} INFO - Filling up the DagBag from /home/airflow/.local/lib/python3.12/site-packages/airflow/example_dags/example_xcom.py
[2024-10-14T02:44:27.681+0000] {processor.py:925} INFO - DAG(s) 'example_xcom' retrieved from /home/airflow/.local/lib/python3.12/site-packages/airflow/example_dags/example_xcom.py
[2024-10-14T02:44:27.706+0000] {logging_mixin.py:190} INFO - [2024-10-14T02:44:27.706+0000] {dag.py:3239} INFO - Sync 1 DAGs
[2024-10-14T02:44:27.736+0000] {logging_mixin.py:190} INFO - [2024-10-14T02:44:27.736+0000] {dag.py:4180} INFO - Setting next_dagrun for example_xcom to 2021-01-01 00:00:00+00:00, run_after=2021-01-01 00:00:00+00:00
[2024-10-14T02:44:27.760+0000] {processor.py:208} INFO - Processing /home/airflow/.local/lib/python3.12/site-packages/airflow/example_dags/example_xcom.py took 0.101 seconds
[2024-10-14T02:45:00.141+0000] {processor.py:186} INFO - Started process (PID=938) to work on /home/airflow/.local/lib/python3.12/site-packages/airflow/example_dags/example_xcom.py
[2024-10-14T02:45:00.142+0000] {processor.py:914} INFO - Processing file /home/airflow/.local/lib/python3.12/site-packages/airflow/example_dags/example_xcom.py for tasks to queue
[2024-10-14T02:45:00.146+0000] {logging_mixin.py:190} INFO - [2024-10-14T02:45:00.145+0000] {dagbag.py:588} INFO - Filling up the DagBag from /home/airflow/.local/lib/python3.12/site-packages/airflow/example_dags/example_xcom.py
[2024-10-14T02:45:00.168+0000] {processor.py:925} INFO - DAG(s) 'example_xcom' retrieved from /home/airflow/.local/lib/python3.12/site-packages/airflow/example_dags/example_xcom.py
[2024-10-14T02:45:00.202+0000] {logging_mixin.py:190} INFO - [2024-10-14T02:45:00.201+0000] {dag.py:3239} INFO - Sync 1 DAGs
[2024-10-14T02:45:00.229+0000] {logging_mixin.py:190} INFO - [2024-10-14T02:45:00.228+0000] {dag.py:4180} INFO - Setting next_dagrun for example_xcom to 2021-01-01 00:00:00+00:00, run_after=2021-01-01 00:00:00+00:00
[2024-10-14T02:45:00.285+0000] {processor.py:208} INFO - Processing /home/airflow/.local/lib/python3.12/site-packages/airflow/example_dags/example_xcom.py took 0.158 seconds
[2024-10-14T02:45:32.926+0000] {processor.py:186} INFO - Started process (PID=1005) to work on /home/airflow/.local/lib/python3.12/site-packages/airflow/example_dags/example_xcom.py
[2024-10-14T02:45:32.927+0000] {processor.py:914} INFO - Processing file /home/airflow/.local/lib/python3.12/site-packages/airflow/example_dags/example_xcom.py for tasks to queue
[2024-10-14T02:45:32.929+0000] {logging_mixin.py:190} INFO - [2024-10-14T02:45:32.929+0000] {dagbag.py:588} INFO - Filling up the DagBag from /home/airflow/.local/lib/python3.12/site-packages/airflow/example_dags/example_xcom.py
[2024-10-14T02:45:32.939+0000] {processor.py:925} INFO - DAG(s) 'example_xcom' retrieved from /home/airflow/.local/lib/python3.12/site-packages/airflow/example_dags/example_xcom.py
[2024-10-14T02:45:32.960+0000] {logging_mixin.py:190} INFO - [2024-10-14T02:45:32.959+0000] {dag.py:3239} INFO - Sync 1 DAGs
[2024-10-14T02:45:32.983+0000] {logging_mixin.py:190} INFO - [2024-10-14T02:45:32.982+0000] {dag.py:4180} INFO - Setting next_dagrun for example_xcom to 2021-01-01 00:00:00+00:00, run_after=2021-01-01 00:00:00+00:00
[2024-10-14T02:45:33.006+0000] {processor.py:208} INFO - Processing /home/airflow/.local/lib/python3.12/site-packages/airflow/example_dags/example_xcom.py took 0.084 seconds
[2024-10-14T02:46:06.639+0000] {processor.py:186} INFO - Started process (PID=1069) to work on /home/airflow/.local/lib/python3.12/site-packages/airflow/example_dags/example_xcom.py
[2024-10-14T02:46:06.640+0000] {processor.py:914} INFO - Processing file /home/airflow/.local/lib/python3.12/site-packages/airflow/example_dags/example_xcom.py for tasks to queue
[2024-10-14T02:46:06.643+0000] {logging_mixin.py:190} INFO - [2024-10-14T02:46:06.642+0000] {dagbag.py:588} INFO - Filling up the DagBag from /home/airflow/.local/lib/python3.12/site-packages/airflow/example_dags/example_xcom.py
[2024-10-14T02:46:06.652+0000] {processor.py:925} INFO - DAG(s) 'example_xcom' retrieved from /home/airflow/.local/lib/python3.12/site-packages/airflow/example_dags/example_xcom.py
[2024-10-14T02:46:06.672+0000] {logging_mixin.py:190} INFO - [2024-10-14T02:46:06.672+0000] {dag.py:3239} INFO - Sync 1 DAGs
[2024-10-14T02:46:06.692+0000] {logging_mixin.py:190} INFO - [2024-10-14T02:46:06.692+0000] {dag.py:4180} INFO - Setting next_dagrun for example_xcom to 2021-01-01 00:00:00+00:00, run_after=2021-01-01 00:00:00+00:00
[2024-10-14T02:46:06.712+0000] {processor.py:208} INFO - Processing /home/airflow/.local/lib/python3.12/site-packages/airflow/example_dags/example_xcom.py took 0.079 seconds
[2024-10-14T02:46:39.175+0000] {processor.py:186} INFO - Started process (PID=1133) to work on /home/airflow/.local/lib/python3.12/site-packages/airflow/example_dags/example_xcom.py
[2024-10-14T02:46:39.176+0000] {processor.py:914} INFO - Processing file /home/airflow/.local/lib/python3.12/site-packages/airflow/example_dags/example_xcom.py for tasks to queue
[2024-10-14T02:46:39.178+0000] {logging_mixin.py:190} INFO - [2024-10-14T02:46:39.178+0000] {dagbag.py:588} INFO - Filling up the DagBag from /home/airflow/.local/lib/python3.12/site-packages/airflow/example_dags/example_xcom.py
[2024-10-14T02:46:39.187+0000] {processor.py:925} INFO - DAG(s) 'example_xcom' retrieved from /home/airflow/.local/lib/python3.12/site-packages/airflow/example_dags/example_xcom.py
[2024-10-14T02:46:39.205+0000] {logging_mixin.py:190} INFO - [2024-10-14T02:46:39.204+0000] {dag.py:3239} INFO - Sync 1 DAGs
[2024-10-14T02:46:39.225+0000] {logging_mixin.py:190} INFO - [2024-10-14T02:46:39.225+0000] {dag.py:4180} INFO - Setting next_dagrun for example_xcom to 2021-01-01 00:00:00+00:00, run_after=2021-01-01 00:00:00+00:00
[2024-10-14T02:46:39.244+0000] {processor.py:208} INFO - Processing /home/airflow/.local/lib/python3.12/site-packages/airflow/example_dags/example_xcom.py took 0.075 seconds
[2024-10-14T02:47:12.580+0000] {processor.py:186} INFO - Started process (PID=1197) to work on /home/airflow/.local/lib/python3.12/site-packages/airflow/example_dags/example_xcom.py
[2024-10-14T02:47:12.582+0000] {processor.py:914} INFO - Processing file /home/airflow/.local/lib/python3.12/site-packages/airflow/example_dags/example_xcom.py for tasks to queue
[2024-10-14T02:47:12.586+0000] {logging_mixin.py:190} INFO - [2024-10-14T02:47:12.586+0000] {dagbag.py:588} INFO - Filling up the DagBag from /home/airflow/.local/lib/python3.12/site-packages/airflow/example_dags/example_xcom.py
[2024-10-14T02:47:12.612+0000] {processor.py:925} INFO - DAG(s) 'example_xcom' retrieved from /home/airflow/.local/lib/python3.12/site-packages/airflow/example_dags/example_xcom.py
[2024-10-14T02:47:12.642+0000] {logging_mixin.py:190} INFO - [2024-10-14T02:47:12.642+0000] {dag.py:3239} INFO - Sync 1 DAGs
[2024-10-14T02:47:12.677+0000] {logging_mixin.py:190} INFO - [2024-10-14T02:47:12.677+0000] {dag.py:4180} INFO - Setting next_dagrun for example_xcom to 2021-01-01 00:00:00+00:00, run_after=2021-01-01 00:00:00+00:00
[2024-10-14T02:47:12.698+0000] {processor.py:208} INFO - Processing /home/airflow/.local/lib/python3.12/site-packages/airflow/example_dags/example_xcom.py took 0.136 seconds
[2024-10-14T02:47:44.747+0000] {processor.py:186} INFO - Started process (PID=1255) to work on /home/airflow/.local/lib/python3.12/site-packages/airflow/example_dags/example_xcom.py
[2024-10-14T02:47:44.748+0000] {processor.py:914} INFO - Processing file /home/airflow/.local/lib/python3.12/site-packages/airflow/example_dags/example_xcom.py for tasks to queue
[2024-10-14T02:47:44.750+0000] {logging_mixin.py:190} INFO - [2024-10-14T02:47:44.750+0000] {dagbag.py:588} INFO - Filling up the DagBag from /home/airflow/.local/lib/python3.12/site-packages/airflow/example_dags/example_xcom.py
[2024-10-14T02:47:44.760+0000] {processor.py:925} INFO - DAG(s) 'example_xcom' retrieved from /home/airflow/.local/lib/python3.12/site-packages/airflow/example_dags/example_xcom.py
[2024-10-14T02:47:44.783+0000] {logging_mixin.py:190} INFO - [2024-10-14T02:47:44.783+0000] {dag.py:3239} INFO - Sync 1 DAGs
[2024-10-14T02:47:44.808+0000] {logging_mixin.py:190} INFO - [2024-10-14T02:47:44.807+0000] {dag.py:4180} INFO - Setting next_dagrun for example_xcom to 2021-01-01 00:00:00+00:00, run_after=2021-01-01 00:00:00+00:00
[2024-10-14T02:47:44.827+0000] {processor.py:208} INFO - Processing /home/airflow/.local/lib/python3.12/site-packages/airflow/example_dags/example_xcom.py took 0.085 seconds
